[1.371s] Invoking command in '/home/robot/robot_ws/build/slam_toolbox': CMAKE_PREFIX_PATH=${CMAKE_PREFIX_PATH}:/home/robot/robot_ws/install/urdf_tutorial:/home/robot/turtlebot3_ws/install/turtlebot3_teleop:/home/robot/turtlebot3_ws/install/turtlebot3_example:/opt/ros/humble /usr/bin/cmake --build /home/robot/robot_ws/build/slam_toolbox -- -j4 -l4
[1.563s] [  9%] Built target slam_toolbox__rosidl_generator_c
[1.591s] [ 10%] Built target slam_toolbox__cpp
[1.630s] [ 10%] Built target ament_cmake_python_symlink_slam_toolbox
[1.695s] [ 12%] Built target kartoSlamToolbox
[1.714s] [ 20%] Built target slam_toolbox__rosidl_typesupport_introspection_c
[1.730s] [ 29%] Built target slam_toolbox__rosidl_typesupport_fastrtps_c
[1.795s] [ 37%] Built target slam_toolbox__rosidl_typesupport_c
[1.845s] [ 54%] Built target slam_toolbox__rosidl_typesupport_fastrtps_cpp
[1.845s] [ 54%] Built target slam_toolbox__rosidl_typesupport_introspection_cpp
[1.880s] [ 62%] Built target slam_toolbox__rosidl_typesupport_cpp
[1.999s] [ 62%] Built target slam_toolbox
[2.125s] [ 64%] Built target SlamToolboxPlugin
[2.126s] [ 66%] Built target ceres_solver_plugin
[2.239s] [ 71%] Built target toolbox_common
[2.251s] [ 71%] Built target slam_toolbox__py
[2.440s] [ 72%] Built target localization_slam_toolbox
[2.448s] [ 74%] Built target async_slam_toolbox
[2.523s] [ 76%] Built target sync_slam_toolbox
[2.680s] [ 77%] Built target lifelong_slam_toolbox
[2.730s] [ 78%] Built target map_and_localization_slam_toolbox
[2.744s] [ 80%] Built target merge_maps_kinematic
[2.911s] [ 88%] Built target slam_toolbox__rosidl_generator_py
[2.912s] [ 89%] Built target sync_slam_toolbox_node
[2.941s] [ 90%] Built target async_slam_toolbox_node
[3.003s] [ 92%] Built target localization_slam_toolbox_node
[3.122s] [ 94%] Built target slam_toolbox__rosidl_typesupport_fastrtps_c__pyext
[3.123s] [ 94%] Built target map_and_localization_slam_toolbox_node
[3.131s] [ 96%] Built target lifelong_slam_toolbox_node
[3.208s] [  2%] Built target slam_toolbox__rosidl_typesupport_introspection_c__pyext
[3.247s] [  4%] Built target slam_toolbox__rosidl_typesupport_c__pyext
[3.276s] running egg_info
[3.277s] writing slam_toolbox.egg-info/PKG-INFO
[3.277s] writing dependency_links to slam_toolbox.egg-info/dependency_links.txt
[3.277s] writing top-level names to slam_toolbox.egg-info/top_level.txt
[3.281s] reading manifest file 'slam_toolbox.egg-info/SOURCES.txt'
[3.282s] writing manifest file 'slam_toolbox.egg-info/SOURCES.txt'
[3.362s] [ 14%] Built target ament_cmake_python_build_slam_toolbox_egg
[3.743s] Invoked command in '/home/robot/robot_ws/build/slam_toolbox' returned '0': CMAKE_PREFIX_PATH=${CMAKE_PREFIX_PATH}:/home/robot/robot_ws/install/urdf_tutorial:/home/robot/turtlebot3_ws/install/turtlebot3_teleop:/home/robot/turtlebot3_ws/install/turtlebot3_example:/opt/ros/humble /usr/bin/cmake --build /home/robot/robot_ws/build/slam_toolbox -- -j4 -l4
[8.142s] Invoking command in '/home/robot/robot_ws/build/slam_toolbox': CMAKE_PREFIX_PATH=${CMAKE_PREFIX_PATH}:/home/robot/robot_ws/install/urdf_tutorial:/home/robot/turtlebot3_ws/install/turtlebot3_teleop:/home/robot/turtlebot3_ws/install/turtlebot3_example:/opt/ros/humble /usr/bin/cmake --install /home/robot/robot_ws/build/slam_toolbox
[8.193s] -- Install configuration: "Release"
[8.199s] -- Execute custom install script
[8.209s] -- Up-to-date symlink: /home/robot/robot_ws/install/slam_toolbox/include//karto_sdk/Karto.h
[8.210s] -- Up-to-date symlink: /home/robot/robot_ws/install/slam_toolbox/include//karto_sdk/Macros.h
[8.211s] -- Up-to-date symlink: /home/robot/robot_ws/install/slam_toolbox/include//karto_sdk/Mapper.h
[8.212s] -- Up-to-date symlink: /home/robot/robot_ws/install/slam_toolbox/include//karto_sdk/Math.h
[8.212s] -- Up-to-date symlink: /home/robot/robot_ws/install/slam_toolbox/include//karto_sdk/Types.h
[8.213s] -- Up-to-date symlink: /home/robot/robot_ws/install/slam_toolbox/include//karto_sdk/nanoflann.hpp
[8.214s] -- Up-to-date symlink: /home/robot/robot_ws/install/slam_toolbox/include//karto_sdk/nanoflann_adaptors.h
[8.223s] -- Up-to-date symlink: /home/robot/robot_ws/install/slam_toolbox/share/ament_index/resource_index/rosidl_interfaces/slam_toolbox
[8.224s] -- Up-to-date symlink: /home/robot/robot_ws/install/slam_toolbox/include/slam_toolbox/slam_toolbox/msg/rosidl_generator_c__visibility_control.h
[8.225s] -- Up-to-date symlink: /home/robot/robot_ws/install/slam_toolbox/include/slam_toolbox/slam_toolbox/srv/add_submap.h
[8.227s] -- Up-to-date symlink: /home/robot/robot_ws/install/slam_toolbox/include/slam_toolbox/slam_toolbox/srv/clear.h
[8.227s] -- Up-to-date symlink: /home/robot/robot_ws/install/slam_toolbox/include/slam_toolbox/slam_toolbox/srv/clear_queue.h
[8.227s] -- Up-to-date symlink: /home/robot/robot_ws/install/slam_toolbox/include/slam_toolbox/slam_toolbox/srv/deserialize_pose_graph.h
[8.235s] -- Up-to-date symlink: /home/robot/robot_ws/install/slam_toolbox/include/slam_toolbox/slam_toolbox/srv/detail/add_submap__functions.h
[8.236s] -- Up-to-date symlink: /home/robot/robot_ws/install/slam_toolbox/include/slam_toolbox/slam_toolbox/srv/detail/add_submap__struct.h
[8.236s] -- Up-to-date symlink: /home/robot/robot_ws/install/slam_toolbox/include/slam_toolbox/slam_toolbox/srv/detail/add_submap__type_support.h
[8.238s] -- Up-to-date symlink: /home/robot/robot_ws/install/slam_toolbox/include/slam_toolbox/slam_toolbox/srv/detail/clear__functions.h
[8.238s] -- Up-to-date symlink: /home/robot/robot_ws/install/slam_toolbox/include/slam_toolbox/slam_toolbox/srv/detail/clear__struct.h
[8.239s] -- Up-to-date symlink: /home/robot/robot_ws/install/slam_toolbox/include/slam_toolbox/slam_toolbox/srv/detail/clear__type_support.h
[8.241s] -- Up-to-date symlink: /home/robot/robot_ws/install/slam_toolbox/include/slam_toolbox/slam_toolbox/srv/detail/clear_queue__functions.h
[8.244s] -- Up-to-date symlink: /home/robot/robot_ws/install/slam_toolbox/include/slam_toolbox/slam_toolbox/srv/detail/clear_queue__struct.h
[8.246s] -- Up-to-date symlink: /home/robot/robot_ws/install/slam_toolbox/include/slam_toolbox/slam_toolbox/srv/detail/clear_queue__type_support.h
[8.247s] -- Up-to-date symlink: /home/robot/robot_ws/install/slam_toolbox/include/slam_toolbox/slam_toolbox/srv/detail/deserialize_pose_graph__functions.h
[8.252s] -- Up-to-date symlink: /home/robot/robot_ws/install/slam_toolbox/include/slam_toolbox/slam_toolbox/srv/detail/deserialize_pose_graph__struct.h
[8.252s] -- Up-to-date symlink: /home/robot/robot_ws/install/slam_toolbox/include/slam_toolbox/slam_toolbox/srv/detail/deserialize_pose_graph__type_support.h
[8.255s] -- Up-to-date symlink: /home/robot/robot_ws/install/slam_toolbox/include/slam_toolbox/slam_toolbox/srv/detail/loop_closure__functions.h
[8.255s] -- Up-to-date symlink: /home/robot/robot_ws/install/slam_toolbox/include/slam_toolbox/slam_toolbox/srv/detail/loop_closure__struct.h
[8.256s] -- Up-to-date symlink: /home/robot/robot_ws/install/slam_toolbox/include/slam_toolbox/slam_toolbox/srv/detail/loop_closure__type_support.h
[8.256s] -- Up-to-date symlink: /home/robot/robot_ws/install/slam_toolbox/include/slam_toolbox/slam_toolbox/srv/detail/merge_maps__functions.h
[8.256s] -- Up-to-date symlink: /home/robot/robot_ws/install/slam_toolbox/include/slam_toolbox/slam_toolbox/srv/detail/merge_maps__struct.h
[8.257s] -- Up-to-date symlink: /home/robot/robot_ws/install/slam_toolbox/include/slam_toolbox/slam_toolbox/srv/detail/merge_maps__type_support.h
[8.266s] -- Up-to-date symlink: /home/robot/robot_ws/install/slam_toolbox/include/slam_toolbox/slam_toolbox/srv/detail/pause__functions.h
[8.267s] -- Up-to-date symlink: /home/robot/robot_ws/install/slam_toolbox/include/slam_toolbox/slam_toolbox/srv/detail/pause__struct.h
[8.267s] -- Up-to-date symlink: /home/robot/robot_ws/install/slam_toolbox/include/slam_toolbox/slam_toolbox/srv/detail/pause__type_support.h
[8.267s] -- Up-to-date symlink: /home/robot/robot_ws/install/slam_toolbox/include/slam_toolbox/slam_toolbox/srv/detail/save_map__functions.h
[8.268s] -- Up-to-date symlink: /home/robot/robot_ws/install/slam_toolbox/include/slam_toolbox/slam_toolbox/srv/detail/save_map__struct.h
[8.275s] -- Up-to-date symlink: /home/robot/robot_ws/install/slam_toolbox/include/slam_toolbox/slam_toolbox/srv/detail/save_map__type_support.h
[8.275s] -- Up-to-date symlink: /home/robot/robot_ws/install/slam_toolbox/include/slam_toolbox/slam_toolbox/srv/detail/serialize_pose_graph__functions.h
[8.276s] -- Up-to-date symlink: /home/robot/robot_ws/install/slam_toolbox/include/slam_toolbox/slam_toolbox/srv/detail/serialize_pose_graph__struct.h
[8.276s] -- Up-to-date symlink: /home/robot/robot_ws/install/slam_toolbox/include/slam_toolbox/slam_toolbox/srv/detail/serialize_pose_graph__type_support.h
[8.277s] -- Up-to-date symlink: /home/robot/robot_ws/install/slam_toolbox/include/slam_toolbox/slam_toolbox/srv/detail/toggle_interactive__functions.h
[8.281s] -- Up-to-date symlink: /home/robot/robot_ws/install/slam_toolbox/include/slam_toolbox/slam_toolbox/srv/detail/toggle_interactive__struct.h
[8.281s] -- Up-to-date symlink: /home/robot/robot_ws/install/slam_toolbox/include/slam_toolbox/slam_toolbox/srv/detail/toggle_interactive__type_support.h
[8.287s] -- Up-to-date symlink: /home/robot/robot_ws/install/slam_toolbox/include/slam_toolbox/slam_toolbox/srv/loop_closure.h
[8.287s] -- Up-to-date symlink: /home/robot/robot_ws/install/slam_toolbox/include/slam_toolbox/slam_toolbox/srv/merge_maps.h
[8.288s] -- Up-to-date symlink: /home/robot/robot_ws/install/slam_toolbox/include/slam_toolbox/slam_toolbox/srv/pause.h
[8.288s] -- Up-to-date symlink: /home/robot/robot_ws/install/slam_toolbox/include/slam_toolbox/slam_toolbox/srv/save_map.h
[8.289s] -- Up-to-date symlink: /home/robot/robot_ws/install/slam_toolbox/include/slam_toolbox/slam_toolbox/srv/serialize_pose_graph.h
[8.289s] -- Up-to-date symlink: /home/robot/robot_ws/install/slam_toolbox/include/slam_toolbox/slam_toolbox/srv/toggle_interactive.h
[8.290s] -- Up-to-date symlink: /home/robot/robot_ws/install/slam_toolbox/share/slam_toolbox/environment/library_path.sh
[8.290s] -- Up-to-date symlink: /home/robot/robot_ws/install/slam_toolbox/share/slam_toolbox/environment/library_path.dsv
[8.300s] -- Up-to-date symlink: /home/robot/robot_ws/install/slam_toolbox/include/slam_toolbox/slam_toolbox/msg/rosidl_typesupport_fastrtps_c__visibility_control.h
[8.301s] -- Up-to-date symlink: /home/robot/robot_ws/install/slam_toolbox/include/slam_toolbox/slam_toolbox/srv/detail/add_submap__rosidl_typesupport_fastrtps_c.h
[8.301s] -- Up-to-date symlink: /home/robot/robot_ws/install/slam_toolbox/include/slam_toolbox/slam_toolbox/srv/detail/clear__rosidl_typesupport_fastrtps_c.h
[8.301s] -- Up-to-date symlink: /home/robot/robot_ws/install/slam_toolbox/include/slam_toolbox/slam_toolbox/srv/detail/clear_queue__rosidl_typesupport_fastrtps_c.h
[8.307s] -- Up-to-date symlink: /home/robot/robot_ws/install/slam_toolbox/include/slam_toolbox/slam_toolbox/srv/detail/deserialize_pose_graph__rosidl_typesupport_fastrtps_c.h
[8.315s] -- Up-to-date symlink: /home/robot/robot_ws/install/slam_toolbox/include/slam_toolbox/slam_toolbox/srv/detail/loop_closure__rosidl_typesupport_fastrtps_c.h
[8.315s] -- Up-to-date symlink: /home/robot/robot_ws/install/slam_toolbox/include/slam_toolbox/slam_toolbox/srv/detail/merge_maps__rosidl_typesupport_fastrtps_c.h
[8.316s] -- Up-to-date symlink: /home/robot/robot_ws/install/slam_toolbox/include/slam_toolbox/slam_toolbox/srv/detail/pause__rosidl_typesupport_fastrtps_c.h
[8.316s] -- Up-to-date symlink: /home/robot/robot_ws/install/slam_toolbox/include/slam_toolbox/slam_toolbox/srv/detail/save_map__rosidl_typesupport_fastrtps_c.h
[8.316s] -- Up-to-date symlink: /home/robot/robot_ws/install/slam_toolbox/include/slam_toolbox/slam_toolbox/srv/detail/serialize_pose_graph__rosidl_typesupport_fastrtps_c.h
[8.317s] -- Up-to-date symlink: /home/robot/robot_ws/install/slam_toolbox/include/slam_toolbox/slam_toolbox/srv/detail/toggle_interactive__rosidl_typesupport_fastrtps_c.h
[8.323s] -- Up-to-date symlink: /home/robot/robot_ws/install/slam_toolbox/include/slam_toolbox/slam_toolbox/srv/add_submap.hpp
[8.324s] -- Up-to-date symlink: /home/robot/robot_ws/install/slam_toolbox/include/slam_toolbox/slam_toolbox/srv/clear.hpp
[8.324s] -- Up-to-date symlink: /home/robot/robot_ws/install/slam_toolbox/include/slam_toolbox/slam_toolbox/srv/clear_queue.hpp
[8.325s] -- Up-to-date symlink: /home/robot/robot_ws/install/slam_toolbox/include/slam_toolbox/slam_toolbox/srv/deserialize_pose_graph.hpp
[8.325s] -- Up-to-date symlink: /home/robot/robot_ws/install/slam_toolbox/include/slam_toolbox/slam_toolbox/srv/detail/add_submap__builder.hpp
[8.325s] -- Up-to-date symlink: /home/robot/robot_ws/install/slam_toolbox/include/slam_toolbox/slam_toolbox/srv/detail/add_submap__struct.hpp
[8.328s] -- Up-to-date symlink: /home/robot/robot_ws/install/slam_toolbox/include/slam_toolbox/slam_toolbox/srv/detail/add_submap__traits.hpp
[8.335s] -- Up-to-date symlink: /home/robot/robot_ws/install/slam_toolbox/include/slam_toolbox/slam_toolbox/srv/detail/clear__builder.hpp
[8.341s] -- Up-to-date symlink: /home/robot/robot_ws/install/slam_toolbox/include/slam_toolbox/slam_toolbox/srv/detail/clear__struct.hpp
[8.342s] -- Up-to-date symlink: /home/robot/robot_ws/install/slam_toolbox/include/slam_toolbox/slam_toolbox/srv/detail/clear__traits.hpp
[8.342s] -- Up-to-date symlink: /home/robot/robot_ws/install/slam_toolbox/include/slam_toolbox/slam_toolbox/srv/detail/clear_queue__builder.hpp
[8.343s] -- Up-to-date symlink: /home/robot/robot_ws/install/slam_toolbox/include/slam_toolbox/slam_toolbox/srv/detail/clear_queue__struct.hpp
[8.343s] -- Up-to-date symlink: /home/robot/robot_ws/install/slam_toolbox/include/slam_toolbox/slam_toolbox/srv/detail/clear_queue__traits.hpp
[8.343s] -- Up-to-date symlink: /home/robot/robot_ws/install/slam_toolbox/include/slam_toolbox/slam_toolbox/srv/detail/deserialize_pose_graph__builder.hpp
[8.344s] -- Up-to-date symlink: /home/robot/robot_ws/install/slam_toolbox/include/slam_toolbox/slam_toolbox/srv/detail/deserialize_pose_graph__struct.hpp
[8.344s] -- Up-to-date symlink: /home/robot/robot_ws/install/slam_toolbox/include/slam_toolbox/slam_toolbox/srv/detail/deserialize_pose_graph__traits.hpp
[8.345s] -- Up-to-date symlink: /home/robot/robot_ws/install/slam_toolbox/include/slam_toolbox/slam_toolbox/srv/detail/loop_closure__builder.hpp
[8.345s] -- Up-to-date symlink: /home/robot/robot_ws/install/slam_toolbox/include/slam_toolbox/slam_toolbox/srv/detail/loop_closure__struct.hpp
[8.345s] -- Up-to-date symlink: /home/robot/robot_ws/install/slam_toolbox/include/slam_toolbox/slam_toolbox/srv/detail/loop_closure__traits.hpp
[8.351s] -- Up-to-date symlink: /home/robot/robot_ws/install/slam_toolbox/include/slam_toolbox/slam_toolbox/srv/detail/merge_maps__builder.hpp
[8.351s] -- Up-to-date symlink: /home/robot/robot_ws/install/slam_toolbox/include/slam_toolbox/slam_toolbox/srv/detail/merge_maps__struct.hpp
[8.352s] -- Up-to-date symlink: /home/robot/robot_ws/install/slam_toolbox/include/slam_toolbox/slam_toolbox/srv/detail/merge_maps__traits.hpp
[8.352s] -- Up-to-date symlink: /home/robot/robot_ws/install/slam_toolbox/include/slam_toolbox/slam_toolbox/srv/detail/pause__builder.hpp
[8.352s] -- Up-to-date symlink: /home/robot/robot_ws/install/slam_toolbox/include/slam_toolbox/slam_toolbox/srv/detail/pause__struct.hpp
[8.358s] -- Up-to-date symlink: /home/robot/robot_ws/install/slam_toolbox/include/slam_toolbox/slam_toolbox/srv/detail/pause__traits.hpp
[8.360s] -- Up-to-date symlink: /home/robot/robot_ws/install/slam_toolbox/include/slam_toolbox/slam_toolbox/srv/detail/save_map__builder.hpp
[8.369s] -- Up-to-date symlink: /home/robot/robot_ws/install/slam_toolbox/include/slam_toolbox/slam_toolbox/srv/detail/save_map__struct.hpp
[8.369s] -- Up-to-date symlink: /home/robot/robot_ws/install/slam_toolbox/include/slam_toolbox/slam_toolbox/srv/detail/save_map__traits.hpp
[8.370s] -- Up-to-date symlink: /home/robot/robot_ws/install/slam_toolbox/include/slam_toolbox/slam_toolbox/srv/detail/serialize_pose_graph__builder.hpp
[8.370s] -- Up-to-date symlink: /home/robot/robot_ws/install/slam_toolbox/include/slam_toolbox/slam_toolbox/srv/detail/serialize_pose_graph__struct.hpp
[8.371s] -- Up-to-date symlink: /home/robot/robot_ws/install/slam_toolbox/include/slam_toolbox/slam_toolbox/srv/detail/serialize_pose_graph__traits.hpp
[8.371s] -- Up-to-date symlink: /home/robot/robot_ws/install/slam_toolbox/include/slam_toolbox/slam_toolbox/srv/detail/toggle_interactive__builder.hpp
[8.371s] -- Up-to-date symlink: /home/robot/robot_ws/install/slam_toolbox/include/slam_toolbox/slam_toolbox/srv/detail/toggle_interactive__struct.hpp
[8.379s] -- Up-to-date symlink: /home/robot/robot_ws/install/slam_toolbox/include/slam_toolbox/slam_toolbox/srv/detail/toggle_interactive__traits.hpp
[8.379s] -- Up-to-date symlink: /home/robot/robot_ws/install/slam_toolbox/include/slam_toolbox/slam_toolbox/srv/loop_closure.hpp
[8.380s] -- Up-to-date symlink: /home/robot/robot_ws/install/slam_toolbox/include/slam_toolbox/slam_toolbox/srv/merge_maps.hpp
[8.380s] -- Up-to-date symlink: /home/robot/robot_ws/install/slam_toolbox/include/slam_toolbox/slam_toolbox/srv/pause.hpp
[8.380s] -- Up-to-date symlink: /home/robot/robot_ws/install/slam_toolbox/include/slam_toolbox/slam_toolbox/srv/save_map.hpp
[8.381s] -- Up-to-date symlink: /home/robot/robot_ws/install/slam_toolbox/include/slam_toolbox/slam_toolbox/srv/serialize_pose_graph.hpp
[8.381s] -- Up-to-date symlink: /home/robot/robot_ws/install/slam_toolbox/include/slam_toolbox/slam_toolbox/srv/toggle_interactive.hpp
[8.391s] -- Up-to-date symlink: /home/robot/robot_ws/install/slam_toolbox/include/slam_toolbox/slam_toolbox/msg/rosidl_typesupport_fastrtps_cpp__visibility_control.h
[8.392s] -- Up-to-date symlink: /home/robot/robot_ws/install/slam_toolbox/include/slam_toolbox/slam_toolbox/srv/detail/add_submap__rosidl_typesupport_fastrtps_cpp.hpp
[8.392s] -- Up-to-date symlink: /home/robot/robot_ws/install/slam_toolbox/include/slam_toolbox/slam_toolbox/srv/detail/clear__rosidl_typesupport_fastrtps_cpp.hpp
[8.393s] -- Up-to-date symlink: /home/robot/robot_ws/install/slam_toolbox/include/slam_toolbox/slam_toolbox/srv/detail/clear_queue__rosidl_typesupport_fastrtps_cpp.hpp
[8.393s] -- Up-to-date symlink: /home/robot/robot_ws/install/slam_toolbox/include/slam_toolbox/slam_toolbox/srv/detail/deserialize_pose_graph__rosidl_typesupport_fastrtps_cpp.hpp
[8.393s] -- Up-to-date symlink: /home/robot/robot_ws/install/slam_toolbox/include/slam_toolbox/slam_toolbox/srv/detail/loop_closure__rosidl_typesupport_fastrtps_cpp.hpp
[8.401s] -- Up-to-date symlink: /home/robot/robot_ws/install/slam_toolbox/include/slam_toolbox/slam_toolbox/srv/detail/merge_maps__rosidl_typesupport_fastrtps_cpp.hpp
[8.403s] -- Up-to-date symlink: /home/robot/robot_ws/install/slam_toolbox/include/slam_toolbox/slam_toolbox/srv/detail/pause__rosidl_typesupport_fastrtps_cpp.hpp
[8.403s] -- Up-to-date symlink: /home/robot/robot_ws/install/slam_toolbox/include/slam_toolbox/slam_toolbox/srv/detail/save_map__rosidl_typesupport_fastrtps_cpp.hpp
[8.403s] -- Up-to-date symlink: /home/robot/robot_ws/install/slam_toolbox/include/slam_toolbox/slam_toolbox/srv/detail/serialize_pose_graph__rosidl_typesupport_fastrtps_cpp.hpp
[8.403s] -- Up-to-date symlink: /home/robot/robot_ws/install/slam_toolbox/include/slam_toolbox/slam_toolbox/srv/detail/toggle_interactive__rosidl_typesupport_fastrtps_cpp.hpp
[8.404s] -- Up-to-date symlink: /home/robot/robot_ws/install/slam_toolbox/include/slam_toolbox/slam_toolbox/msg/rosidl_typesupport_introspection_c__visibility_control.h
[8.404s] -- Up-to-date symlink: /home/robot/robot_ws/install/slam_toolbox/include/slam_toolbox/slam_toolbox/srv/detail/add_submap__rosidl_typesupport_introspection_c.h
[8.404s] -- Up-to-date symlink: /home/robot/robot_ws/install/slam_toolbox/include/slam_toolbox/slam_toolbox/srv/detail/clear__rosidl_typesupport_introspection_c.h
[8.404s] -- Up-to-date symlink: /home/robot/robot_ws/install/slam_toolbox/include/slam_toolbox/slam_toolbox/srv/detail/clear_queue__rosidl_typesupport_introspection_c.h
[8.404s] -- Up-to-date symlink: /home/robot/robot_ws/install/slam_toolbox/include/slam_toolbox/slam_toolbox/srv/detail/deserialize_pose_graph__rosidl_typesupport_introspection_c.h
[8.405s] -- Up-to-date symlink: /home/robot/robot_ws/install/slam_toolbox/include/slam_toolbox/slam_toolbox/srv/detail/loop_closure__rosidl_typesupport_introspection_c.h
[8.405s] -- Up-to-date symlink: /home/robot/robot_ws/install/slam_toolbox/include/slam_toolbox/slam_toolbox/srv/detail/merge_maps__rosidl_typesupport_introspection_c.h
[8.405s] -- Up-to-date symlink: /home/robot/robot_ws/install/slam_toolbox/include/slam_toolbox/slam_toolbox/srv/detail/pause__rosidl_typesupport_introspection_c.h
[8.405s] -- Up-to-date symlink: /home/robot/robot_ws/install/slam_toolbox/include/slam_toolbox/slam_toolbox/srv/detail/save_map__rosidl_typesupport_introspection_c.h
[8.405s] -- Up-to-date symlink: /home/robot/robot_ws/install/slam_toolbox/include/slam_toolbox/slam_toolbox/srv/detail/serialize_pose_graph__rosidl_typesupport_introspection_c.h
[8.405s] -- Up-to-date symlink: /home/robot/robot_ws/install/slam_toolbox/include/slam_toolbox/slam_toolbox/srv/detail/toggle_interactive__rosidl_typesupport_introspection_c.h
[8.411s] -- Up-to-date symlink: /home/robot/robot_ws/install/slam_toolbox/include/slam_toolbox/slam_toolbox/srv/detail/add_submap__rosidl_typesupport_introspection_cpp.hpp
[8.415s] -- Up-to-date symlink: /home/robot/robot_ws/install/slam_toolbox/include/slam_toolbox/slam_toolbox/srv/detail/clear__rosidl_typesupport_introspection_cpp.hpp
[8.415s] -- Up-to-date symlink: /home/robot/robot_ws/install/slam_toolbox/include/slam_toolbox/slam_toolbox/srv/detail/clear_queue__rosidl_typesupport_introspection_cpp.hpp
[8.415s] -- Up-to-date symlink: /home/robot/robot_ws/install/slam_toolbox/include/slam_toolbox/slam_toolbox/srv/detail/deserialize_pose_graph__rosidl_typesupport_introspection_cpp.hpp
[8.415s] -- Up-to-date symlink: /home/robot/robot_ws/install/slam_toolbox/include/slam_toolbox/slam_toolbox/srv/detail/loop_closure__rosidl_typesupport_introspection_cpp.hpp
[8.415s] -- Up-to-date symlink: /home/robot/robot_ws/install/slam_toolbox/include/slam_toolbox/slam_toolbox/srv/detail/merge_maps__rosidl_typesupport_introspection_cpp.hpp
[8.415s] -- Up-to-date symlink: /home/robot/robot_ws/install/slam_toolbox/include/slam_toolbox/slam_toolbox/srv/detail/pause__rosidl_typesupport_introspection_cpp.hpp
[8.416s] -- Up-to-date symlink: /home/robot/robot_ws/install/slam_toolbox/include/slam_toolbox/slam_toolbox/srv/detail/save_map__rosidl_typesupport_introspection_cpp.hpp
[8.416s] -- Up-to-date symlink: /home/robot/robot_ws/install/slam_toolbox/include/slam_toolbox/slam_toolbox/srv/detail/serialize_pose_graph__rosidl_typesupport_introspection_cpp.hpp
[8.416s] -- Up-to-date symlink: /home/robot/robot_ws/install/slam_toolbox/include/slam_toolbox/slam_toolbox/srv/detail/toggle_interactive__rosidl_typesupport_introspection_cpp.hpp
[8.419s] -- Up-to-date symlink: /home/robot/robot_ws/install/slam_toolbox/share/slam_toolbox/environment/pythonpath.sh
[8.419s] -- Up-to-date symlink: /home/robot/robot_ws/install/slam_toolbox/share/slam_toolbox/environment/pythonpath.dsv
[8.419s] -- Up-to-date symlink: /home/robot/robot_ws/install/slam_toolbox/local/lib/python3.10/dist-packages/slam_toolbox-2.7.0-py3.10.egg-info/PKG-INFO
[8.423s] -- Up-to-date symlink: /home/robot/robot_ws/install/slam_toolbox/local/lib/python3.10/dist-packages/slam_toolbox-2.7.0-py3.10.egg-info/SOURCES.txt
[8.423s] -- Up-to-date symlink: /home/robot/robot_ws/install/slam_toolbox/local/lib/python3.10/dist-packages/slam_toolbox-2.7.0-py3.10.egg-info/dependency_links.txt
[8.423s] -- Up-to-date symlink: /home/robot/robot_ws/install/slam_toolbox/local/lib/python3.10/dist-packages/slam_toolbox-2.7.0-py3.10.egg-info/top_level.txt
[8.424s] -- Up-to-date symlink: /home/robot/robot_ws/install/slam_toolbox/local/lib/python3.10/dist-packages/slam_toolbox/__init__.py
[8.424s] -- Up-to-date symlink: /home/robot/robot_ws/install/slam_toolbox/local/lib/python3.10/dist-packages/slam_toolbox/_slam_toolbox_s.ep.rosidl_typesupport_c.c
[8.424s] -- Up-to-date symlink: /home/robot/robot_ws/install/slam_toolbox/local/lib/python3.10/dist-packages/slam_toolbox/_slam_toolbox_s.ep.rosidl_typesupport_fastrtps_c.c
[8.425s] -- Up-to-date symlink: /home/robot/robot_ws/install/slam_toolbox/local/lib/python3.10/dist-packages/slam_toolbox/_slam_toolbox_s.ep.rosidl_typesupport_introspection_c.c
[8.425s] -- Up-to-date symlink: /home/robot/robot_ws/install/slam_toolbox/local/lib/python3.10/dist-packages/slam_toolbox/libslam_toolbox__rosidl_generator_py.so
[8.435s] -- Up-to-date symlink: /home/robot/robot_ws/install/slam_toolbox/local/lib/python3.10/dist-packages/slam_toolbox/slam_toolbox_s__rosidl_typesupport_c.cpython-310-x86_64-linux-gnu.so
[8.435s] -- Up-to-date symlink: /home/robot/robot_ws/install/slam_toolbox/local/lib/python3.10/dist-packages/slam_toolbox/slam_toolbox_s__rosidl_typesupport_fastrtps_c.cpython-310-x86_64-linux-gnu.so
[8.435s] -- Up-to-date symlink: /home/robot/robot_ws/install/slam_toolbox/local/lib/python3.10/dist-packages/slam_toolbox/slam_toolbox_s__rosidl_typesupport_introspection_c.cpython-310-x86_64-linux-gnu.so
[8.435s] -- Up-to-date symlink: /home/robot/robot_ws/install/slam_toolbox/local/lib/python3.10/dist-packages/slam_toolbox/srv/__init__.py
[8.435s] -- Up-to-date symlink: /home/robot/robot_ws/install/slam_toolbox/local/lib/python3.10/dist-packages/slam_toolbox/srv/_add_submap.py
[8.435s] -- Up-to-date symlink: /home/robot/robot_ws/install/slam_toolbox/local/lib/python3.10/dist-packages/slam_toolbox/srv/_add_submap_s.c
[8.435s] -- Up-to-date symlink: /home/robot/robot_ws/install/slam_toolbox/local/lib/python3.10/dist-packages/slam_toolbox/srv/_clear.py
[8.435s] -- Up-to-date symlink: /home/robot/robot_ws/install/slam_toolbox/local/lib/python3.10/dist-packages/slam_toolbox/srv/_clear_queue.py
[8.435s] -- Up-to-date symlink: /home/robot/robot_ws/install/slam_toolbox/local/lib/python3.10/dist-packages/slam_toolbox/srv/_clear_queue_s.c
[8.435s] -- Up-to-date symlink: /home/robot/robot_ws/install/slam_toolbox/local/lib/python3.10/dist-packages/slam_toolbox/srv/_clear_s.c
[8.436s] -- Up-to-date symlink: /home/robot/robot_ws/install/slam_toolbox/local/lib/python3.10/dist-packages/slam_toolbox/srv/_deserialize_pose_graph.py
[8.436s] -- Up-to-date symlink: /home/robot/robot_ws/install/slam_toolbox/local/lib/python3.10/dist-packages/slam_toolbox/srv/_deserialize_pose_graph_s.c
[8.436s] -- Up-to-date symlink: /home/robot/robot_ws/install/slam_toolbox/local/lib/python3.10/dist-packages/slam_toolbox/srv/_loop_closure.py
[8.436s] -- Up-to-date symlink: /home/robot/robot_ws/install/slam_toolbox/local/lib/python3.10/dist-packages/slam_toolbox/srv/_loop_closure_s.c
[8.436s] -- Up-to-date symlink: /home/robot/robot_ws/install/slam_toolbox/local/lib/python3.10/dist-packages/slam_toolbox/srv/_merge_maps.py
[8.436s] -- Up-to-date symlink: /home/robot/robot_ws/install/slam_toolbox/local/lib/python3.10/dist-packages/slam_toolbox/srv/_merge_maps_s.c
[8.436s] -- Up-to-date symlink: /home/robot/robot_ws/install/slam_toolbox/local/lib/python3.10/dist-packages/slam_toolbox/srv/_pause.py
[8.436s] -- Up-to-date symlink: /home/robot/robot_ws/install/slam_toolbox/local/lib/python3.10/dist-packages/slam_toolbox/srv/_pause_s.c
[8.436s] -- Up-to-date symlink: /home/robot/robot_ws/install/slam_toolbox/local/lib/python3.10/dist-packages/slam_toolbox/srv/_save_map.py
[8.436s] -- Up-to-date symlink: /home/robot/robot_ws/install/slam_toolbox/local/lib/python3.10/dist-packages/slam_toolbox/srv/_save_map_s.c
[8.439s] -- Up-to-date symlink: /home/robot/robot_ws/install/slam_toolbox/local/lib/python3.10/dist-packages/slam_toolbox/srv/_serialize_pose_graph.py
[8.439s] -- Up-to-date symlink: /home/robot/robot_ws/install/slam_toolbox/local/lib/python3.10/dist-packages/slam_toolbox/srv/_serialize_pose_graph_s.c
[8.449s] -- Up-to-date symlink: /home/robot/robot_ws/install/slam_toolbox/local/lib/python3.10/dist-packages/slam_toolbox/srv/_toggle_interactive.py
[8.449s] -- Up-to-date symlink: /home/robot/robot_ws/install/slam_toolbox/local/lib/python3.10/dist-packages/slam_toolbox/srv/_toggle_interactive_s.c
[8.449s] -- Up-to-date symlink: /home/robot/robot_ws/install/slam_toolbox/local/lib/python3.10/dist-packages/slam_toolbox/slam_toolbox_s__rosidl_typesupport_fastrtps_c.cpython-310-x86_64-linux-gnu.so
[8.450s] -- Up-to-date symlink: /home/robot/robot_ws/install/slam_toolbox/local/lib/python3.10/dist-packages/slam_toolbox/slam_toolbox_s__rosidl_typesupport_introspection_c.cpython-310-x86_64-linux-gnu.so
[8.450s] -- Up-to-date symlink: /home/robot/robot_ws/install/slam_toolbox/local/lib/python3.10/dist-packages/slam_toolbox/slam_toolbox_s__rosidl_typesupport_c.cpython-310-x86_64-linux-gnu.so
[8.450s] -- Up-to-date symlink: /home/robot/robot_ws/install/slam_toolbox/share/slam_toolbox/srv/Pause.idl
[8.450s] -- Up-to-date symlink: /home/robot/robot_ws/install/slam_toolbox/share/slam_toolbox/srv/ClearQueue.idl
[8.450s] -- Up-to-date symlink: /home/robot/robot_ws/install/slam_toolbox/share/slam_toolbox/srv/ToggleInteractive.idl
[8.450s] -- Up-to-date symlink: /home/robot/robot_ws/install/slam_toolbox/share/slam_toolbox/srv/Clear.idl
[8.450s] -- Up-to-date symlink: /home/robot/robot_ws/install/slam_toolbox/share/slam_toolbox/srv/SaveMap.idl
[8.450s] -- Up-to-date symlink: /home/robot/robot_ws/install/slam_toolbox/share/slam_toolbox/srv/LoopClosure.idl
[8.450s] -- Up-to-date symlink: /home/robot/robot_ws/install/slam_toolbox/share/slam_toolbox/srv/MergeMaps.idl
[8.450s] -- Up-to-date symlink: /home/robot/robot_ws/install/slam_toolbox/share/slam_toolbox/srv/AddSubmap.idl
[8.450s] -- Up-to-date symlink: /home/robot/robot_ws/install/slam_toolbox/share/slam_toolbox/srv/DeserializePoseGraph.idl
[8.450s] -- Up-to-date symlink: /home/robot/robot_ws/install/slam_toolbox/share/slam_toolbox/srv/SerializePoseGraph.idl
[8.451s] -- Up-to-date symlink: /home/robot/robot_ws/install/slam_toolbox/share/slam_toolbox/srvs/Pause.srv
[8.451s] -- Up-to-date symlink: /home/robot/robot_ws/install/slam_toolbox/share/slam_toolbox/srvs/Pause_Request.msg
[8.451s] -- Up-to-date symlink: /home/robot/robot_ws/install/slam_toolbox/share/slam_toolbox/srvs/Pause_Response.msg
[8.454s] -- Up-to-date symlink: /home/robot/robot_ws/install/slam_toolbox/share/slam_toolbox/srvs/ClearQueue.srv
[8.455s] -- Up-to-date symlink: /home/robot/robot_ws/install/slam_toolbox/share/slam_toolbox/srvs/ClearQueue_Request.msg
[8.455s] -- Up-to-date symlink: /home/robot/robot_ws/install/slam_toolbox/share/slam_toolbox/srvs/ClearQueue_Response.msg
[8.455s] -- Up-to-date symlink: /home/robot/robot_ws/install/slam_toolbox/share/slam_toolbox/srvs/ToggleInteractive.srv
[8.455s] -- Up-to-date symlink: /home/robot/robot_ws/install/slam_toolbox/share/slam_toolbox/srvs/ToggleInteractive_Request.msg
[8.458s] -- Up-to-date symlink: /home/robot/robot_ws/install/slam_toolbox/share/slam_toolbox/srvs/ToggleInteractive_Response.msg
[8.459s] -- Up-to-date symlink: /home/robot/robot_ws/install/slam_toolbox/share/slam_toolbox/srvs/Clear.srv
[8.460s] -- Up-to-date symlink: /home/robot/robot_ws/install/slam_toolbox/share/slam_toolbox/srvs/Clear_Request.msg
[8.460s] -- Up-to-date symlink: /home/robot/robot_ws/install/slam_toolbox/share/slam_toolbox/srvs/Clear_Response.msg
[8.467s] -- Up-to-date symlink: /home/robot/robot_ws/install/slam_toolbox/share/slam_toolbox/srvs/SaveMap.srv
[8.475s] -- Up-to-date symlink: /home/robot/robot_ws/install/slam_toolbox/share/slam_toolbox/srvs/SaveMap_Request.msg
[8.476s] -- Up-to-date symlink: /home/robot/robot_ws/install/slam_toolbox/share/slam_toolbox/srvs/SaveMap_Response.msg
[8.476s] -- Up-to-date symlink: /home/robot/robot_ws/install/slam_toolbox/share/slam_toolbox/srvs/LoopClosure.srv
[8.477s] -- Up-to-date symlink: /home/robot/robot_ws/install/slam_toolbox/share/slam_toolbox/srvs/LoopClosure_Request.msg
[8.477s] -- Up-to-date symlink: /home/robot/robot_ws/install/slam_toolbox/share/slam_toolbox/srvs/LoopClosure_Response.msg
[8.478s] -- Up-to-date symlink: /home/robot/robot_ws/install/slam_toolbox/share/slam_toolbox/srvs/MergeMaps.srv
[8.478s] -- Up-to-date symlink: /home/robot/robot_ws/install/slam_toolbox/share/slam_toolbox/srvs/MergeMaps_Request.msg
[8.479s] -- Up-to-date symlink: /home/robot/robot_ws/install/slam_toolbox/share/slam_toolbox/srvs/MergeMaps_Response.msg
[8.479s] -- Up-to-date symlink: /home/robot/robot_ws/install/slam_toolbox/share/slam_toolbox/srvs/AddSubmap.srv
[8.479s] -- Up-to-date symlink: /home/robot/robot_ws/install/slam_toolbox/share/slam_toolbox/srvs/AddSubmap_Request.msg
[8.480s] -- Up-to-date symlink: /home/robot/robot_ws/install/slam_toolbox/share/slam_toolbox/srvs/AddSubmap_Response.msg
[8.480s] -- Up-to-date symlink: /home/robot/robot_ws/install/slam_toolbox/share/slam_toolbox/srvs/DeserializePoseGraph.srv
[8.487s] -- Up-to-date symlink: /home/robot/robot_ws/install/slam_toolbox/share/slam_toolbox/srvs/DeserializePoseGraph_Request.msg
[8.491s] -- Up-to-date symlink: /home/robot/robot_ws/install/slam_toolbox/share/slam_toolbox/srvs/DeserializePoseGraph_Response.msg
[8.491s] -- Up-to-date symlink: /home/robot/robot_ws/install/slam_toolbox/share/slam_toolbox/srvs/SerializePoseGraph.srv
[8.492s] -- Up-to-date symlink: /home/robot/robot_ws/install/slam_toolbox/share/slam_toolbox/srvs/SerializePoseGraph_Request.msg
[8.493s] -- Up-to-date symlink: /home/robot/robot_ws/install/slam_toolbox/share/slam_toolbox/srvs/SerializePoseGraph_Response.msg
[8.493s] -- Up-to-date symlink: /home/robot/robot_ws/install/slam_toolbox/share/slam_toolbox//rviz_plugins.xml
[8.493s] -- Up-to-date symlink: /home/robot/robot_ws/install/slam_toolbox/share/slam_toolbox//solver_plugins.xml
[8.503s] -- Up-to-date symlink: /home/robot/robot_ws/install/slam_toolbox/lib/slam_toolbox/async_slam_toolbox_node
[8.507s] -- Up-to-date symlink: /home/robot/robot_ws/install/slam_toolbox/lib/slam_toolbox/sync_slam_toolbox_node
[8.507s] -- Up-to-date symlink: /home/robot/robot_ws/install/slam_toolbox/lib/slam_toolbox/localization_slam_toolbox_node
[8.508s] -- Up-to-date symlink: /home/robot/robot_ws/install/slam_toolbox/lib/slam_toolbox/map_and_localization_slam_toolbox_node
[8.509s] -- Up-to-date symlink: /home/robot/robot_ws/install/slam_toolbox/lib/slam_toolbox/lifelong_slam_toolbox_node
[8.509s] -- Up-to-date symlink: /home/robot/robot_ws/install/slam_toolbox/lib/slam_toolbox/merge_maps_kinematic
[8.509s] -- Up-to-date symlink: /home/robot/robot_ws/install/slam_toolbox/lib/libtoolbox_common.so
[8.510s] -- Up-to-date symlink: /home/robot/robot_ws/install/slam_toolbox/lib/libSlamToolboxPlugin.so
[8.510s] -- Up-to-date symlink: /home/robot/robot_ws/install/slam_toolbox/lib/libceres_solver_plugin.so
[8.511s] -- Up-to-date symlink: /home/robot/robot_ws/install/slam_toolbox/lib/libasync_slam_toolbox.so
[8.511s] -- Up-to-date symlink: /home/robot/robot_ws/install/slam_toolbox/lib/libsync_slam_toolbox.so
[8.519s] -- Up-to-date symlink: /home/robot/robot_ws/install/slam_toolbox/lib/liblocalization_slam_toolbox.so
[8.522s] -- Up-to-date symlink: /home/robot/robot_ws/install/slam_toolbox/lib/liblifelong_slam_toolbox.so
[8.523s] -- Up-to-date symlink: /home/robot/robot_ws/install/slam_toolbox/lib/libmap_and_localization_slam_toolbox.so
[8.523s] -- Up-to-date symlink: /home/robot/robot_ws/install/slam_toolbox/lib/libkartoSlamToolbox.so
[8.524s] -- Up-to-date symlink: /home/robot/robot_ws/install/slam_toolbox/include/slam_toolbox/experimental/slam_toolbox_lifelong.hpp
[8.524s] -- Up-to-date symlink: /home/robot/robot_ws/install/slam_toolbox/include/slam_toolbox/experimental/slam_toolbox_map_and_localization.hpp
[8.525s] -- Up-to-date symlink: /home/robot/robot_ws/install/slam_toolbox/include/slam_toolbox/get_pose_helper.hpp
[8.525s] -- Up-to-date symlink: /home/robot/robot_ws/install/slam_toolbox/include/slam_toolbox/laser_utils.hpp
[8.531s] -- Up-to-date symlink: /home/robot/robot_ws/install/slam_toolbox/include/slam_toolbox/loop_closure_assistant.hpp
[8.531s] -- Up-to-date symlink: /home/robot/robot_ws/install/slam_toolbox/include/slam_toolbox/map_saver.hpp
[8.539s] -- Up-to-date symlink: /home/robot/robot_ws/install/slam_toolbox/include/slam_toolbox/merge_maps_kinematic.hpp
[8.539s] -- Up-to-date symlink: /home/robot/robot_ws/install/slam_toolbox/include/slam_toolbox/serialization.hpp
[8.540s] -- Up-to-date symlink: /home/robot/robot_ws/install/slam_toolbox/include/slam_toolbox/slam_mapper.hpp
[8.540s] -- Up-to-date symlink: /home/robot/robot_ws/install/slam_toolbox/include/slam_toolbox/slam_toolbox_async.hpp
[8.540s] -- Up-to-date symlink: /home/robot/robot_ws/install/slam_toolbox/include/slam_toolbox/slam_toolbox_common.hpp
[8.541s] -- Up-to-date symlink: /home/robot/robot_ws/install/slam_toolbox/include/slam_toolbox/slam_toolbox_localization.hpp
[8.541s] -- Up-to-date symlink: /home/robot/robot_ws/install/slam_toolbox/include/slam_toolbox/slam_toolbox_sync.hpp
[8.541s] -- Up-to-date symlink: /home/robot/robot_ws/install/slam_toolbox/include/slam_toolbox/snap_utils.hpp
[8.542s] -- Up-to-date symlink: /home/robot/robot_ws/install/slam_toolbox/include/slam_toolbox/toolbox_msgs.hpp
[8.542s] -- Up-to-date symlink: /home/robot/robot_ws/install/slam_toolbox/include/slam_toolbox/toolbox_types.hpp
[8.543s] -- Up-to-date symlink: /home/robot/robot_ws/install/slam_toolbox/include/slam_toolbox/visualization_utils.hpp
[8.550s] -- Up-to-date symlink: /home/robot/robot_ws/install/slam_toolbox/share/slam_toolbox/launch/localization_launch.py
[8.551s] -- Up-to-date symlink: /home/robot/robot_ws/install/slam_toolbox/share/slam_toolbox/launch/merge_maps_kinematic_launch.py
[8.551s] -- Up-to-date symlink: /home/robot/robot_ws/install/slam_toolbox/share/slam_toolbox/launch/offline_launch.py
[8.551s] -- Up-to-date symlink: /home/robot/robot_ws/install/slam_toolbox/share/slam_toolbox/launch/online_async_launch.py
[8.552s] -- Up-to-date symlink: /home/robot/robot_ws/install/slam_toolbox/share/slam_toolbox/launch/online_sync_launch.py
[8.559s] -- Up-to-date symlink: /home/robot/robot_ws/install/slam_toolbox/share/slam_toolbox/config/mapper_params_lifelong.yaml
[8.559s] -- Up-to-date symlink: /home/robot/robot_ws/install/slam_toolbox/share/slam_toolbox/config/mapper_params_localization.yaml
[8.560s] -- Up-to-date symlink: /home/robot/robot_ws/install/slam_toolbox/share/slam_toolbox/config/mapper_params_offline.yaml
[8.560s] -- Up-to-date symlink: /home/robot/robot_ws/install/slam_toolbox/share/slam_toolbox/config/mapper_params_online_async.yaml
[8.560s] -- Up-to-date symlink: /home/robot/robot_ws/install/slam_toolbox/share/slam_toolbox/config/mapper_params_online_sync.yaml
[8.561s] -- Up-to-date symlink: /home/robot/robot_ws/install/slam_toolbox/share/slam_toolbox/config/slam_toolbox_default.rviz
[8.561s] -- Up-to-date symlink: /home/robot/robot_ws/install/slam_toolbox/share/solver_plugins.xml
[8.567s] -- Up-to-date symlink: /home/robot/robot_ws/install/slam_toolbox/share/rviz_plugins.xml
[8.567s] -- Up-to-date symlink: /home/robot/robot_ws/install/slam_toolbox/share/ament_index/resource_index/package_run_dependencies/slam_toolbox
[8.568s] -- Up-to-date symlink: /home/robot/robot_ws/install/slam_toolbox/share/ament_index/resource_index/parent_prefix_path/slam_toolbox
[8.568s] -- Up-to-date symlink: /home/robot/robot_ws/install/slam_toolbox/share/slam_toolbox/environment/ament_prefix_path.sh
[8.569s] -- Up-to-date symlink: /home/robot/robot_ws/install/slam_toolbox/share/slam_toolbox/environment/ament_prefix_path.dsv
[8.569s] -- Up-to-date symlink: /home/robot/robot_ws/install/slam_toolbox/share/slam_toolbox/environment/path.sh
[8.570s] -- Up-to-date symlink: /home/robot/robot_ws/install/slam_toolbox/share/slam_toolbox/environment/path.dsv
[8.575s] -- Up-to-date symlink: /home/robot/robot_ws/install/slam_toolbox/share/slam_toolbox/local_setup.bash
[8.575s] -- Up-to-date symlink: /home/robot/robot_ws/install/slam_toolbox/share/slam_toolbox/local_setup.sh
[8.576s] -- Up-to-date symlink: /home/robot/robot_ws/install/slam_toolbox/share/slam_toolbox/local_setup.zsh
[8.576s] -- Up-to-date symlink: /home/robot/robot_ws/install/slam_toolbox/share/slam_toolbox/local_setup.dsv
[8.577s] -- Symlinking: /home/robot/robot_ws/install/slam_toolbox/share/slam_toolbox/package.dsv
[8.655s] -- Up-to-date symlink: /home/robot/robot_ws/install/slam_toolbox/share/ament_index/resource_index/packages/slam_toolbox
[8.655s] -- Up-to-date symlink: /home/robot/robot_ws/install/slam_toolbox/share/ament_index/resource_index/rviz_common__pluginlib__plugin/slam_toolbox
[8.655s] -- Up-to-date symlink: /home/robot/robot_ws/install/slam_toolbox/share/ament_index/resource_index/slam_toolbox__pluginlib__plugin/slam_toolbox
[8.655s] -- Up-to-date symlink: /home/robot/robot_ws/install/slam_toolbox/share/ament_index/resource_index/rclcpp_components/slam_toolbox
[8.655s] -- Up-to-date symlink: /home/robot/robot_ws/install/slam_toolbox/share/slam_toolbox/cmake/rosidl_cmake-extras.cmake
[8.656s] -- Up-to-date symlink: /home/robot/robot_ws/install/slam_toolbox/share/slam_toolbox/cmake/ament_cmake_export_dependencies-extras.cmake
[8.656s] -- Up-to-date symlink: /home/robot/robot_ws/install/slam_toolbox/share/slam_toolbox/cmake/ament_cmake_export_include_directories-extras.cmake
[8.656s] -- Up-to-date symlink: /home/robot/robot_ws/install/slam_toolbox/share/slam_toolbox/cmake/ament_cmake_export_libraries-extras.cmake
[8.656s] -- Up-to-date symlink: /home/robot/robot_ws/install/slam_toolbox/share/slam_toolbox/cmake/ament_cmake_export_targets-extras.cmake
[8.656s] -- Up-to-date symlink: /home/robot/robot_ws/install/slam_toolbox/share/slam_toolbox/cmake/rosidl_cmake_export_typesupport_targets-extras.cmake
[8.656s] -- Up-to-date symlink: /home/robot/robot_ws/install/slam_toolbox/share/slam_toolbox/cmake/rosidl_cmake_export_typesupport_libraries-extras.cmake
[8.656s] -- Up-to-date symlink: /home/robot/robot_ws/install/slam_toolbox/share/slam_toolbox/cmake/slam_toolboxConfig.cmake
[8.656s] -- Up-to-date symlink: /home/robot/robot_ws/install/slam_toolbox/share/slam_toolbox/cmake/slam_toolboxConfig-version.cmake
[8.656s] -- Up-to-date symlink: /home/robot/robot_ws/install/slam_toolbox/share/slam_toolbox/package.xml
[8.656s] -- Up-to-date: /home/robot/robot_ws/install/slam_toolbox/lib/libslam_toolbox__rosidl_generator_c.so
[8.656s] -- Up-to-date: /home/robot/robot_ws/install/slam_toolbox/lib/libslam_toolbox__rosidl_typesupport_fastrtps_c.so
[8.656s] -- Up-to-date: /home/robot/robot_ws/install/slam_toolbox/lib/libslam_toolbox__rosidl_typesupport_fastrtps_cpp.so
[8.657s] -- Up-to-date: /home/robot/robot_ws/install/slam_toolbox/lib/libslam_toolbox__rosidl_typesupport_introspection_c.so
[8.663s] -- Up-to-date: /home/robot/robot_ws/install/slam_toolbox/lib/libslam_toolbox__rosidl_typesupport_c.so
[8.663s] -- Up-to-date: /home/robot/robot_ws/install/slam_toolbox/lib/libslam_toolbox__rosidl_typesupport_introspection_cpp.so
[8.667s] -- Up-to-date: /home/robot/robot_ws/install/slam_toolbox/lib/libslam_toolbox__rosidl_typesupport_cpp.so
[8.909s] Listing '/home/robot/robot_ws/install/slam_toolbox/local/lib/python3.10/dist-packages/slam_toolbox'...
[8.909s] Listing '/home/robot/robot_ws/install/slam_toolbox/local/lib/python3.10/dist-packages/slam_toolbox/srv'...
[8.957s] -- Up-to-date: /home/robot/robot_ws/install/slam_toolbox/lib/libslam_toolbox__rosidl_generator_py.so
[8.957s] -- Up-to-date: /home/robot/robot_ws/install/slam_toolbox/share/slam_toolbox/cmake/export_slam_toolbox__rosidl_generator_cExport.cmake
[8.957s] -- Up-to-date: /home/robot/robot_ws/install/slam_toolbox/share/slam_toolbox/cmake/export_slam_toolbox__rosidl_generator_cExport-release.cmake
[8.957s] -- Up-to-date: /home/robot/robot_ws/install/slam_toolbox/share/slam_toolbox/cmake/export_slam_toolbox__rosidl_typesupport_fastrtps_cExport.cmake
[8.957s] -- Up-to-date: /home/robot/robot_ws/install/slam_toolbox/share/slam_toolbox/cmake/export_slam_toolbox__rosidl_typesupport_fastrtps_cExport-release.cmake
[8.957s] -- Up-to-date: /home/robot/robot_ws/install/slam_toolbox/share/slam_toolbox/cmake/export_slam_toolbox__rosidl_generator_cppExport.cmake
[8.957s] -- Up-to-date: /home/robot/robot_ws/install/slam_toolbox/share/slam_toolbox/cmake/export_slam_toolbox__rosidl_typesupport_fastrtps_cppExport.cmake
[8.957s] -- Up-to-date: /home/robot/robot_ws/install/slam_toolbox/share/slam_toolbox/cmake/export_slam_toolbox__rosidl_typesupport_fastrtps_cppExport-release.cmake
[8.957s] -- Up-to-date: /home/robot/robot_ws/install/slam_toolbox/share/slam_toolbox/cmake/slam_toolbox__rosidl_typesupport_introspection_cExport.cmake
[8.957s] -- Up-to-date: /home/robot/robot_ws/install/slam_toolbox/share/slam_toolbox/cmake/slam_toolbox__rosidl_typesupport_introspection_cExport-release.cmake
[8.958s] -- Up-to-date: /home/robot/robot_ws/install/slam_toolbox/share/slam_toolbox/cmake/slam_toolbox__rosidl_typesupport_cExport.cmake
[8.958s] -- Up-to-date: /home/robot/robot_ws/install/slam_toolbox/share/slam_toolbox/cmake/slam_toolbox__rosidl_typesupport_cExport-release.cmake
[8.958s] -- Up-to-date: /home/robot/robot_ws/install/slam_toolbox/share/slam_toolbox/cmake/slam_toolbox__rosidl_typesupport_introspection_cppExport.cmake
[8.958s] -- Up-to-date: /home/robot/robot_ws/install/slam_toolbox/share/slam_toolbox/cmake/slam_toolbox__rosidl_typesupport_introspection_cppExport-release.cmake
[8.958s] -- Up-to-date: /home/robot/robot_ws/install/slam_toolbox/share/slam_toolbox/cmake/slam_toolbox__rosidl_typesupport_cppExport.cmake
[8.958s] -- Up-to-date: /home/robot/robot_ws/install/slam_toolbox/share/slam_toolbox/cmake/slam_toolbox__rosidl_typesupport_cppExport-release.cmake
[8.958s] -- Up-to-date: /home/robot/robot_ws/install/slam_toolbox/share/slam_toolbox/cmake/export_slam_toolbox__rosidl_generator_pyExport.cmake
[8.958s] -- Up-to-date: /home/robot/robot_ws/install/slam_toolbox/share/slam_toolbox/cmake/export_slam_toolbox__rosidl_generator_pyExport-release.cmake
[8.958s] -- Up-to-date: /home/robot/robot_ws/install/slam_toolbox/share/slam_toolbox/cmake/SlamToolboxPluginExport.cmake
[8.958s] -- Up-to-date: /home/robot/robot_ws/install/slam_toolbox/share/slam_toolbox/cmake/SlamToolboxPluginExport-release.cmake
[9.366s] Invoked command in '/home/robot/robot_ws/build/slam_toolbox' returned '0': CMAKE_PREFIX_PATH=${CMAKE_PREFIX_PATH}:/home/robot/robot_ws/install/urdf_tutorial:/home/robot/turtlebot3_ws/install/turtlebot3_teleop:/home/robot/turtlebot3_ws/install/turtlebot3_example:/opt/ros/humble /usr/bin/cmake --install /home/robot/robot_ws/build/slam_toolbox
