[0.429s] Invoking command in '/home/robot/robot_ws/build/ld08_driver': CMAKE_PREFIX_PATH=${CMAKE_PREFIX_PATH}:/home/robot/robot_ws/install/urdf_tutorial:/home/robot/turtlebot3_ws/install/turtlebot3_teleop:/home/robot/turtlebot3_ws/install/turtlebot3_example:/opt/ros/humble /usr/bin/cmake --build /home/robot/robot_ws/build/ld08_driver -- -j4 -l4
[0.585s] [100%] Built target ld08_driver
[0.621s] Invoked command in '/home/robot/robot_ws/build/ld08_driver' returned '0': CMAKE_PREFIX_PATH=${CMAKE_PREFIX_PATH}:/home/robot/robot_ws/install/urdf_tutorial:/home/robot/turtlebot3_ws/install/turtlebot3_teleop:/home/robot/turtlebot3_ws/install/turtlebot3_example:/opt/ros/humble /usr/bin/cmake --build /home/robot/robot_ws/build/ld08_driver -- -j4 -l4
[0.797s] Invoking command in '/home/robot/robot_ws/build/ld08_driver': CMAKE_PREFIX_PATH=${CMAKE_PREFIX_PATH}:/home/robot/robot_ws/install/urdf_tutorial:/home/robot/turtlebot3_ws/install/turtlebot3_teleop:/home/robot/turtlebot3_ws/install/turtlebot3_example:/opt/ros/humble /usr/bin/cmake --install /home/robot/robot_ws/build/ld08_driver
[0.810s] -- Install configuration: "Debug"
[0.826s] -- Execute custom install script
[0.828s] -- Up-to-date symlink: /home/robot/robot_ws/install/ld08_driver/share/ld08_driver/launch/__pycache__/ld08.launch.cpython-310.pyc
[0.830s] -- Up-to-date symlink: /home/robot/robot_ws/install/ld08_driver/share/ld08_driver/launch/ld08.launch.py
[0.830s] -- Up-to-date symlink: /home/robot/robot_ws/install/ld08_driver/lib/ld08_driver/ld08_driver
[0.830s] -- Up-to-date symlink: /home/robot/robot_ws/install/ld08_driver/share/ament_index/resource_index/package_run_dependencies/ld08_driver
[0.830s] -- Up-to-date symlink: /home/robot/robot_ws/install/ld08_driver/share/ament_index/resource_index/parent_prefix_path/ld08_driver
[0.830s] -- Up-to-date symlink: /home/robot/robot_ws/install/ld08_driver/share/ld08_driver/environment/ament_prefix_path.sh
[0.830s] -- Up-to-date symlink: /home/robot/robot_ws/install/ld08_driver/share/ld08_driver/environment/ament_prefix_path.dsv
[0.830s] -- Up-to-date symlink: /home/robot/robot_ws/install/ld08_driver/share/ld08_driver/environment/path.sh
[0.831s] -- Up-to-date symlink: /home/robot/robot_ws/install/ld08_driver/share/ld08_driver/environment/path.dsv
[0.831s] -- Up-to-date symlink: /home/robot/robot_ws/install/ld08_driver/share/ld08_driver/local_setup.bash
[0.831s] -- Up-to-date symlink: /home/robot/robot_ws/install/ld08_driver/share/ld08_driver/local_setup.sh
[0.831s] -- Up-to-date symlink: /home/robot/robot_ws/install/ld08_driver/share/ld08_driver/local_setup.zsh
[0.831s] -- Up-to-date symlink: /home/robot/robot_ws/install/ld08_driver/share/ld08_driver/local_setup.dsv
[0.831s] -- Symlinking: /home/robot/robot_ws/install/ld08_driver/share/ld08_driver/package.dsv
[0.831s] -- Up-to-date symlink: /home/robot/robot_ws/install/ld08_driver/share/ament_index/resource_index/packages/ld08_driver
[0.831s] -- Up-to-date symlink: /home/robot/robot_ws/install/ld08_driver/share/ld08_driver/cmake/ament_cmake_export_dependencies-extras.cmake
[0.832s] -- Up-to-date symlink: /home/robot/robot_ws/install/ld08_driver/share/ld08_driver/cmake/ament_cmake_export_include_directories-extras.cmake
[0.833s] -- Up-to-date symlink: /home/robot/robot_ws/install/ld08_driver/share/ld08_driver/cmake/ld08_driverConfig.cmake
[0.833s] -- Up-to-date symlink: /home/robot/robot_ws/install/ld08_driver/share/ld08_driver/cmake/ld08_driverConfig-version.cmake
[0.833s] -- Up-to-date symlink: /home/robot/robot_ws/install/ld08_driver/share/ld08_driver/package.xml
[0.904s] Invoked command in '/home/robot/robot_ws/build/ld08_driver' returned '0': CMAKE_PREFIX_PATH=${CMAKE_PREFIX_PATH}:/home/robot/robot_ws/install/urdf_tutorial:/home/robot/turtlebot3_ws/install/turtlebot3_teleop:/home/robot/turtlebot3_ws/install/turtlebot3_example:/opt/ros/humble /usr/bin/cmake --install /home/robot/robot_ws/build/ld08_driver
