[0.343s] Invoking command in '/home/robot/robot_ws/build/gl_ros2_driver': CMAKE_PREFIX_PATH=${CMAKE_PREFIX_PATH}:/home/robot/robot_ws/install/urdf_tutorial:/opt/ros/humble /usr/bin/cmake --build /home/robot/robot_ws/build/gl_ros2_driver -- -j4 -l4
[0.469s] [ 45%] Built target serial
[0.480s] [ 63%] Built target udp
[0.495s] [ 81%] Built target gl_driver
[0.539s] [35m[1mConsolidate compiler generated dependencies of target gl_ros2_driver_node[0m
[0.600s] [100%] Built target gl_ros2_driver_node
[0.661s] Invoked command in '/home/robot/robot_ws/build/gl_ros2_driver' returned '0': CMAKE_PREFIX_PATH=${CMAKE_PREFIX_PATH}:/home/robot/robot_ws/install/urdf_tutorial:/opt/ros/humble /usr/bin/cmake --build /home/robot/robot_ws/build/gl_ros2_driver -- -j4 -l4
[0.824s] Invoking command in '/home/robot/robot_ws/build/gl_ros2_driver': CMAKE_PREFIX_PATH=${CMAKE_PREFIX_PATH}:/home/robot/robot_ws/install/urdf_tutorial:/opt/ros/humble /usr/bin/cmake --install /home/robot/robot_ws/build/gl_ros2_driver
[0.845s] -- Install configuration: "Debug"
[0.846s] -- Up-to-date: /home/robot/robot_ws/install/gl_ros2_driver/lib/gl_ros2_driver/gl_ros2_driver_node
[0.847s] -- Up-to-date: /home/robot/robot_ws/install/gl_ros2_driver/share/gl_ros2_driver/launch
[0.848s] -- Up-to-date: /home/robot/robot_ws/install/gl_ros2_driver/share/gl_ros2_driver/launch/gl_ros2_driver.py
[0.848s] -- Up-to-date: /home/robot/robot_ws/install/gl_ros2_driver/share/gl_ros2_driver/launch/view_gl_ros2_driver.py
[0.849s] -- Up-to-date: /home/robot/robot_ws/install/gl_ros2_driver/share/gl_ros2_driver/rviz
[0.849s] -- Up-to-date: /home/robot/robot_ws/install/gl_ros2_driver/share/gl_ros2_driver/rviz/config.rviz
[0.851s] -- Up-to-date: /home/robot/robot_ws/install/gl_ros2_driver/share/ament_index/resource_index/package_run_dependencies/gl_ros2_driver
[0.852s] -- Up-to-date: /home/robot/robot_ws/install/gl_ros2_driver/share/ament_index/resource_index/parent_prefix_path/gl_ros2_driver
[0.852s] -- Up-to-date: /home/robot/robot_ws/install/gl_ros2_driver/share/gl_ros2_driver/environment/ament_prefix_path.sh
[0.852s] -- Up-to-date: /home/robot/robot_ws/install/gl_ros2_driver/share/gl_ros2_driver/environment/ament_prefix_path.dsv
[0.852s] -- Up-to-date: /home/robot/robot_ws/install/gl_ros2_driver/share/gl_ros2_driver/environment/path.sh
[0.853s] -- Up-to-date: /home/robot/robot_ws/install/gl_ros2_driver/share/gl_ros2_driver/environment/path.dsv
[0.853s] -- Up-to-date: /home/robot/robot_ws/install/gl_ros2_driver/share/gl_ros2_driver/local_setup.bash
[0.853s] -- Up-to-date: /home/robot/robot_ws/install/gl_ros2_driver/share/gl_ros2_driver/local_setup.sh
[0.853s] -- Up-to-date: /home/robot/robot_ws/install/gl_ros2_driver/share/gl_ros2_driver/local_setup.zsh
[0.853s] -- Up-to-date: /home/robot/robot_ws/install/gl_ros2_driver/share/gl_ros2_driver/local_setup.dsv
[0.854s] -- Installing: /home/robot/robot_ws/install/gl_ros2_driver/share/gl_ros2_driver/package.dsv
[0.854s] -- Up-to-date: /home/robot/robot_ws/install/gl_ros2_driver/share/ament_index/resource_index/packages/gl_ros2_driver
[0.854s] -- Up-to-date: /home/robot/robot_ws/install/gl_ros2_driver/share/gl_ros2_driver/cmake/gl_ros2_driverConfig.cmake
[0.854s] -- Up-to-date: /home/robot/robot_ws/install/gl_ros2_driver/share/gl_ros2_driver/cmake/gl_ros2_driverConfig-version.cmake
[0.855s] -- Up-to-date: /home/robot/robot_ws/install/gl_ros2_driver/share/gl_ros2_driver/package.xml
[0.867s] Invoked command in '/home/robot/robot_ws/build/gl_ros2_driver' returned '0': CMAKE_PREFIX_PATH=${CMAKE_PREFIX_PATH}:/home/robot/robot_ws/install/urdf_tutorial:/opt/ros/humble /usr/bin/cmake --install /home/robot/robot_ws/build/gl_ros2_driver
