[0.603s] Invoking command in '/home/robot/robot_ws/build/message_interface': CMAKE_PREFIX_PATH=${CMAKE_PREFIX_PATH}:/home/robot/robot_ws/install/urdf_tutorial:/home/robot/turtlebot3_ws/install/turtlebot3_teleop:/home/robot/turtlebot3_ws/install/turtlebot3_example:/opt/ros/humble /usr/bin/cmake --build /home/robot/robot_ws/build/message_interface -- -j4 -l4
[0.664s] [  3%] Built target message_interface__cpp
[0.690s] [  3%] Built target ament_cmake_python_copy_message_interface
[0.698s] [ 12%] Built target message_interface__rosidl_generator_c
[0.713s] [ 22%] Built target message_interface__rosidl_typesupport_cpp
[0.733s] [ 32%] Built target message_interface__rosidl_typesupport_fastrtps_cpp
[0.746s] [ 41%] Built target message_interface__rosidl_typesupport_introspection_cpp
[0.787s] [ 51%] Built target message_interface__rosidl_typesupport_fastrtps_c
[0.791s] [ 61%] Built target message_interface__rosidl_typesupport_c
[0.798s] [ 70%] Built target message_interface__rosidl_typesupport_introspection_c
[0.824s] [ 70%] Built target message_interface
[0.856s] [ 74%] Built target message_interface__py
[0.874s] [ 80%] Built target message_interface__rosidl_generator_py
[0.901s] [ 87%] Built target message_interface__rosidl_typesupport_fastrtps_c__pyext
[0.916s] [ 93%] Built target message_interface__rosidl_typesupport_c__pyext
[0.919s] [100%] Built target message_interface__rosidl_typesupport_introspection_c__pyext
[1.106s] running egg_info
[1.107s] writing message_interface.egg-info/PKG-INFO
[1.108s] writing dependency_links to message_interface.egg-info/dependency_links.txt
[1.108s] writing top-level names to message_interface.egg-info/top_level.txt
[1.112s] reading manifest file 'message_interface.egg-info/SOURCES.txt'
[1.113s] writing manifest file 'message_interface.egg-info/SOURCES.txt'
[1.153s] [100%] Built target ament_cmake_python_build_message_interface_egg
[1.637s] Invoked command in '/home/robot/robot_ws/build/message_interface' returned '0': CMAKE_PREFIX_PATH=${CMAKE_PREFIX_PATH}:/home/robot/robot_ws/install/urdf_tutorial:/home/robot/turtlebot3_ws/install/turtlebot3_teleop:/home/robot/turtlebot3_ws/install/turtlebot3_example:/opt/ros/humble /usr/bin/cmake --build /home/robot/robot_ws/build/message_interface -- -j4 -l4
[1.953s] Invoking command in '/home/robot/robot_ws/build/message_interface': CMAKE_PREFIX_PATH=${CMAKE_PREFIX_PATH}:/home/robot/robot_ws/install/urdf_tutorial:/home/robot/turtlebot3_ws/install/turtlebot3_teleop:/home/robot/turtlebot3_ws/install/turtlebot3_example:/opt/ros/humble /usr/bin/cmake --install /home/robot/robot_ws/build/message_interface
[1.968s] -- Install configuration: "Debug"
[1.972s] -- Up-to-date: /home/robot/robot_ws/install/message_interface/share/ament_index/resource_index/rosidl_interfaces/message_interface
[1.972s] -- Up-to-date: /home/robot/robot_ws/install/message_interface/include/message_interface/message_interface
[1.972s] -- Up-to-date: /home/robot/robot_ws/install/message_interface/include/message_interface/message_interface/msg
[1.972s] -- Up-to-date: /home/robot/robot_ws/install/message_interface/include/message_interface/message_interface/msg/mode.h
[1.972s] -- Up-to-date: /home/robot/robot_ws/install/message_interface/include/message_interface/message_interface/msg/rosidl_generator_c__visibility_control.h
[1.972s] -- Up-to-date: /home/robot/robot_ws/install/message_interface/include/message_interface/message_interface/msg/detail
[1.972s] -- Up-to-date: /home/robot/robot_ws/install/message_interface/include/message_interface/message_interface/msg/detail/mode__type_support.h
[1.973s] -- Up-to-date: /home/robot/robot_ws/install/message_interface/include/message_interface/message_interface/msg/detail/mode__functions.c
[1.973s] -- Up-to-date: /home/robot/robot_ws/install/message_interface/include/message_interface/message_interface/msg/detail/mode__functions.h
[1.973s] -- Up-to-date: /home/robot/robot_ws/install/message_interface/include/message_interface/message_interface/msg/detail/mode__struct.h
[1.973s] -- Up-to-date: /home/robot/robot_ws/install/message_interface/share/message_interface/environment/library_path.sh
[1.973s] -- Up-to-date: /home/robot/robot_ws/install/message_interface/share/message_interface/environment/library_path.dsv
[1.973s] -- Up-to-date: /home/robot/robot_ws/install/message_interface/lib/libmessage_interface__rosidl_generator_c.so
[1.973s] -- Up-to-date: /home/robot/robot_ws/install/message_interface/include/message_interface/message_interface
[1.973s] -- Up-to-date: /home/robot/robot_ws/install/message_interface/include/message_interface/message_interface/msg
[1.973s] -- Up-to-date: /home/robot/robot_ws/install/message_interface/include/message_interface/message_interface/msg/rosidl_typesupport_fastrtps_c__visibility_control.h
[1.973s] -- Up-to-date: /home/robot/robot_ws/install/message_interface/include/message_interface/message_interface/msg/detail
[1.973s] -- Up-to-date: /home/robot/robot_ws/install/message_interface/include/message_interface/message_interface/msg/detail/mode__rosidl_typesupport_fastrtps_c.h
[1.974s] -- Up-to-date: /home/robot/robot_ws/install/message_interface/lib/libmessage_interface__rosidl_typesupport_fastrtps_c.so
[1.974s] -- Up-to-date: /home/robot/robot_ws/install/message_interface/include/message_interface/message_interface
[1.974s] -- Up-to-date: /home/robot/robot_ws/install/message_interface/include/message_interface/message_interface/msg
[1.974s] -- Up-to-date: /home/robot/robot_ws/install/message_interface/include/message_interface/message_interface/msg/detail
[1.974s] -- Up-to-date: /home/robot/robot_ws/install/message_interface/include/message_interface/message_interface/msg/detail/mode__type_support.c
[1.974s] -- Up-to-date: /home/robot/robot_ws/install/message_interface/include/message_interface/message_interface/msg/detail/mode__rosidl_typesupport_introspection_c.h
[1.974s] -- Up-to-date: /home/robot/robot_ws/install/message_interface/include/message_interface/message_interface/msg/rosidl_typesupport_introspection_c__visibility_control.h
[1.974s] -- Up-to-date: /home/robot/robot_ws/install/message_interface/lib/libmessage_interface__rosidl_typesupport_introspection_c.so
[1.974s] -- Up-to-date: /home/robot/robot_ws/install/message_interface/lib/libmessage_interface__rosidl_typesupport_c.so
[1.974s] -- Up-to-date: /home/robot/robot_ws/install/message_interface/include/message_interface/message_interface
[1.974s] -- Up-to-date: /home/robot/robot_ws/install/message_interface/include/message_interface/message_interface/msg
[1.974s] -- Up-to-date: /home/robot/robot_ws/install/message_interface/include/message_interface/message_interface/msg/detail
[1.975s] -- Up-to-date: /home/robot/robot_ws/install/message_interface/include/message_interface/message_interface/msg/detail/mode__traits.hpp
[1.975s] -- Up-to-date: /home/robot/robot_ws/install/message_interface/include/message_interface/message_interface/msg/detail/mode__struct.hpp
[1.975s] -- Up-to-date: /home/robot/robot_ws/install/message_interface/include/message_interface/message_interface/msg/detail/mode__builder.hpp
[1.975s] -- Up-to-date: /home/robot/robot_ws/install/message_interface/include/message_interface/message_interface/msg/mode.hpp
[1.975s] -- Up-to-date: /home/robot/robot_ws/install/message_interface/include/message_interface/message_interface
[1.975s] -- Up-to-date: /home/robot/robot_ws/install/message_interface/include/message_interface/message_interface/msg
[1.975s] -- Up-to-date: /home/robot/robot_ws/install/message_interface/include/message_interface/message_interface/msg/rosidl_typesupport_fastrtps_cpp__visibility_control.h
[1.975s] -- Up-to-date: /home/robot/robot_ws/install/message_interface/include/message_interface/message_interface/msg/detail
[1.975s] -- Up-to-date: /home/robot/robot_ws/install/message_interface/include/message_interface/message_interface/msg/detail/dds_fastrtps
[1.983s] -- Up-to-date: /home/robot/robot_ws/install/message_interface/include/message_interface/message_interface/msg/detail/mode__rosidl_typesupport_fastrtps_cpp.hpp
[1.984s] -- Up-to-date: /home/robot/robot_ws/install/message_interface/lib/libmessage_interface__rosidl_typesupport_fastrtps_cpp.so
[1.984s] -- Up-to-date: /home/robot/robot_ws/install/message_interface/include/message_interface/message_interface
[1.984s] -- Up-to-date: /home/robot/robot_ws/install/message_interface/include/message_interface/message_interface/msg
[1.984s] -- Up-to-date: /home/robot/robot_ws/install/message_interface/include/message_interface/message_interface/msg/detail
[1.984s] -- Up-to-date: /home/robot/robot_ws/install/message_interface/include/message_interface/message_interface/msg/detail/mode__type_support.cpp
[1.984s] -- Up-to-date: /home/robot/robot_ws/install/message_interface/include/message_interface/message_interface/msg/detail/mode__rosidl_typesupport_introspection_cpp.hpp
[1.984s] -- Up-to-date: /home/robot/robot_ws/install/message_interface/lib/libmessage_interface__rosidl_typesupport_introspection_cpp.so
[1.984s] -- Up-to-date: /home/robot/robot_ws/install/message_interface/lib/libmessage_interface__rosidl_typesupport_cpp.so
[1.984s] -- Up-to-date: /home/robot/robot_ws/install/message_interface/share/message_interface/environment/pythonpath.sh
[1.984s] -- Up-to-date: /home/robot/robot_ws/install/message_interface/share/message_interface/environment/pythonpath.dsv
[1.985s] -- Up-to-date: /home/robot/robot_ws/install/message_interface/local/lib/python3.10/dist-packages/message_interface-0.0.0-py3.10.egg-info
[1.985s] -- Installing: /home/robot/robot_ws/install/message_interface/local/lib/python3.10/dist-packages/message_interface-0.0.0-py3.10.egg-info/PKG-INFO
[1.985s] -- Installing: /home/robot/robot_ws/install/message_interface/local/lib/python3.10/dist-packages/message_interface-0.0.0-py3.10.egg-info/top_level.txt
[1.985s] -- Installing: /home/robot/robot_ws/install/message_interface/local/lib/python3.10/dist-packages/message_interface-0.0.0-py3.10.egg-info/dependency_links.txt
[1.985s] -- Installing: /home/robot/robot_ws/install/message_interface/local/lib/python3.10/dist-packages/message_interface-0.0.0-py3.10.egg-info/SOURCES.txt
[1.985s] -- Up-to-date: /home/robot/robot_ws/install/message_interface/local/lib/python3.10/dist-packages/message_interface
[1.985s] -- Up-to-date: /home/robot/robot_ws/install/message_interface/local/lib/python3.10/dist-packages/message_interface/_message_interface_s.ep.rosidl_typesupport_c.c
[1.985s] -- Up-to-date: /home/robot/robot_ws/install/message_interface/local/lib/python3.10/dist-packages/message_interface/message_interface_s__rosidl_typesupport_c.cpython-310-x86_64-linux-gnu.so
[1.985s] -- Up-to-date: /home/robot/robot_ws/install/message_interface/local/lib/python3.10/dist-packages/message_interface/_message_interface_s.ep.rosidl_typesupport_introspection_c.c
[1.985s] -- Up-to-date: /home/robot/robot_ws/install/message_interface/local/lib/python3.10/dist-packages/message_interface/msg
[1.985s] -- Up-to-date: /home/robot/robot_ws/install/message_interface/local/lib/python3.10/dist-packages/message_interface/msg/__init__.py
[1.986s] -- Up-to-date: /home/robot/robot_ws/install/message_interface/local/lib/python3.10/dist-packages/message_interface/msg/_mode.py
[1.986s] -- Up-to-date: /home/robot/robot_ws/install/message_interface/local/lib/python3.10/dist-packages/message_interface/msg/_mode_s.c
[1.986s] -- Up-to-date: /home/robot/robot_ws/install/message_interface/local/lib/python3.10/dist-packages/message_interface/message_interface_s__rosidl_typesupport_fastrtps_c.cpython-310-x86_64-linux-gnu.so
[1.986s] -- Up-to-date: /home/robot/robot_ws/install/message_interface/local/lib/python3.10/dist-packages/message_interface/__init__.py
[1.986s] -- Up-to-date: /home/robot/robot_ws/install/message_interface/local/lib/python3.10/dist-packages/message_interface/libmessage_interface__rosidl_generator_py.so
[1.986s] -- Up-to-date: /home/robot/robot_ws/install/message_interface/local/lib/python3.10/dist-packages/message_interface/message_interface_s__rosidl_typesupport_introspection_c.cpython-310-x86_64-linux-gnu.so
[1.986s] -- Up-to-date: /home/robot/robot_ws/install/message_interface/local/lib/python3.10/dist-packages/message_interface/_message_interface_s.ep.rosidl_typesupport_fastrtps_c.c
[2.055s] Listing '/home/robot/robot_ws/install/message_interface/local/lib/python3.10/dist-packages/message_interface'...
[2.055s] Listing '/home/robot/robot_ws/install/message_interface/local/lib/python3.10/dist-packages/message_interface/msg'...
[2.071s] -- Up-to-date: /home/robot/robot_ws/install/message_interface/local/lib/python3.10/dist-packages/message_interface/message_interface_s__rosidl_typesupport_fastrtps_c.cpython-310-x86_64-linux-gnu.so
[2.071s] -- Up-to-date: /home/robot/robot_ws/install/message_interface/local/lib/python3.10/dist-packages/message_interface/message_interface_s__rosidl_typesupport_introspection_c.cpython-310-x86_64-linux-gnu.so
[2.071s] -- Up-to-date: /home/robot/robot_ws/install/message_interface/local/lib/python3.10/dist-packages/message_interface/message_interface_s__rosidl_typesupport_c.cpython-310-x86_64-linux-gnu.so
[2.071s] -- Up-to-date: /home/robot/robot_ws/install/message_interface/lib/libmessage_interface__rosidl_generator_py.so
[2.071s] -- Up-to-date: /home/robot/robot_ws/install/message_interface/share/message_interface/msg/Mode.idl
[2.071s] -- Up-to-date: /home/robot/robot_ws/install/message_interface/share/message_interface/msg/Mode.msg
[2.072s] -- Up-to-date: /home/robot/robot_ws/install/message_interface/share/ament_index/resource_index/package_run_dependencies/message_interface
[2.072s] -- Up-to-date: /home/robot/robot_ws/install/message_interface/share/ament_index/resource_index/parent_prefix_path/message_interface
[2.072s] -- Up-to-date: /home/robot/robot_ws/install/message_interface/share/message_interface/environment/ament_prefix_path.sh
[2.072s] -- Up-to-date: /home/robot/robot_ws/install/message_interface/share/message_interface/environment/ament_prefix_path.dsv
[2.072s] -- Up-to-date: /home/robot/robot_ws/install/message_interface/share/message_interface/environment/path.sh
[2.072s] -- Up-to-date: /home/robot/robot_ws/install/message_interface/share/message_interface/environment/path.dsv
[2.072s] -- Up-to-date: /home/robot/robot_ws/install/message_interface/share/message_interface/local_setup.bash
[2.072s] -- Up-to-date: /home/robot/robot_ws/install/message_interface/share/message_interface/local_setup.sh
[2.072s] -- Up-to-date: /home/robot/robot_ws/install/message_interface/share/message_interface/local_setup.zsh
[2.072s] -- Up-to-date: /home/robot/robot_ws/install/message_interface/share/message_interface/local_setup.dsv
[2.072s] -- Installing: /home/robot/robot_ws/install/message_interface/share/message_interface/package.dsv
[2.072s] -- Up-to-date: /home/robot/robot_ws/install/message_interface/share/ament_index/resource_index/packages/message_interface
[2.073s] -- Up-to-date: /home/robot/robot_ws/install/message_interface/share/message_interface/cmake/export_message_interface__rosidl_generator_cExport.cmake
[2.073s] -- Up-to-date: /home/robot/robot_ws/install/message_interface/share/message_interface/cmake/export_message_interface__rosidl_generator_cExport-debug.cmake
[2.073s] -- Up-to-date: /home/robot/robot_ws/install/message_interface/share/message_interface/cmake/export_message_interface__rosidl_typesupport_fastrtps_cExport.cmake
[2.073s] -- Up-to-date: /home/robot/robot_ws/install/message_interface/share/message_interface/cmake/export_message_interface__rosidl_typesupport_fastrtps_cExport-debug.cmake
[2.073s] -- Up-to-date: /home/robot/robot_ws/install/message_interface/share/message_interface/cmake/message_interface__rosidl_typesupport_introspection_cExport.cmake
[2.073s] -- Up-to-date: /home/robot/robot_ws/install/message_interface/share/message_interface/cmake/message_interface__rosidl_typesupport_introspection_cExport-debug.cmake
[2.073s] -- Up-to-date: /home/robot/robot_ws/install/message_interface/share/message_interface/cmake/message_interface__rosidl_typesupport_cExport.cmake
[2.073s] -- Up-to-date: /home/robot/robot_ws/install/message_interface/share/message_interface/cmake/message_interface__rosidl_typesupport_cExport-debug.cmake
[2.073s] -- Up-to-date: /home/robot/robot_ws/install/message_interface/share/message_interface/cmake/export_message_interface__rosidl_generator_cppExport.cmake
[2.073s] -- Up-to-date: /home/robot/robot_ws/install/message_interface/share/message_interface/cmake/export_message_interface__rosidl_typesupport_fastrtps_cppExport.cmake
[2.073s] -- Up-to-date: /home/robot/robot_ws/install/message_interface/share/message_interface/cmake/export_message_interface__rosidl_typesupport_fastrtps_cppExport-debug.cmake
[2.073s] -- Up-to-date: /home/robot/robot_ws/install/message_interface/share/message_interface/cmake/message_interface__rosidl_typesupport_introspection_cppExport.cmake
[2.074s] -- Up-to-date: /home/robot/robot_ws/install/message_interface/share/message_interface/cmake/message_interface__rosidl_typesupport_introspection_cppExport-debug.cmake
[2.074s] -- Up-to-date: /home/robot/robot_ws/install/message_interface/share/message_interface/cmake/message_interface__rosidl_typesupport_cppExport.cmake
[2.074s] -- Up-to-date: /home/robot/robot_ws/install/message_interface/share/message_interface/cmake/message_interface__rosidl_typesupport_cppExport-debug.cmake
[2.074s] -- Up-to-date: /home/robot/robot_ws/install/message_interface/share/message_interface/cmake/export_message_interface__rosidl_generator_pyExport.cmake
[2.074s] -- Up-to-date: /home/robot/robot_ws/install/message_interface/share/message_interface/cmake/export_message_interface__rosidl_generator_pyExport-debug.cmake
[2.074s] -- Up-to-date: /home/robot/robot_ws/install/message_interface/share/message_interface/cmake/rosidl_cmake-extras.cmake
[2.074s] -- Up-to-date: /home/robot/robot_ws/install/message_interface/share/message_interface/cmake/ament_cmake_export_include_directories-extras.cmake
[2.074s] -- Up-to-date: /home/robot/robot_ws/install/message_interface/share/message_interface/cmake/ament_cmake_export_libraries-extras.cmake
[2.074s] -- Up-to-date: /home/robot/robot_ws/install/message_interface/share/message_interface/cmake/ament_cmake_export_targets-extras.cmake
[2.074s] -- Up-to-date: /home/robot/robot_ws/install/message_interface/share/message_interface/cmake/rosidl_cmake_export_typesupport_targets-extras.cmake
[2.074s] -- Up-to-date: /home/robot/robot_ws/install/message_interface/share/message_interface/cmake/ament_cmake_export_dependencies-extras.cmake
[2.074s] -- Up-to-date: /home/robot/robot_ws/install/message_interface/share/message_interface/cmake/rosidl_cmake_export_typesupport_libraries-extras.cmake
[2.075s] -- Up-to-date: /home/robot/robot_ws/install/message_interface/share/message_interface/cmake/message_interfaceConfig.cmake
[2.075s] -- Up-to-date: /home/robot/robot_ws/install/message_interface/share/message_interface/cmake/message_interfaceConfig-version.cmake
[2.075s] -- Up-to-date: /home/robot/robot_ws/install/message_interface/share/message_interface/package.xml
[2.089s] Invoked command in '/home/robot/robot_ws/build/message_interface' returned '0': CMAKE_PREFIX_PATH=${CMAKE_PREFIX_PATH}:/home/robot/robot_ws/install/urdf_tutorial:/home/robot/turtlebot3_ws/install/turtlebot3_teleop:/home/robot/turtlebot3_ws/install/turtlebot3_example:/opt/ros/humble /usr/bin/cmake --install /home/robot/robot_ws/build/message_interface
