[0.353s] Invoking command in '/home/robot/robot_ws/build/onetouch_launch': CMAKE_PREFIX_PATH=${CMAKE_PREFIX_PATH}:/home/robot/robot_ws/install/urdf_tutorial:/home/robot/turtlebot3_ws/install/turtlebot3_teleop:/home/robot/turtlebot3_ws/install/turtlebot3_example:/opt/ros/humble /usr/bin/cmake --build /home/robot/robot_ws/build/onetouch_launch -- -j4 -l4
[0.424s] Invoked command in '/home/robot/robot_ws/build/onetouch_launch' returned '0': CMAKE_PREFIX_PATH=${CMAKE_PREFIX_PATH}:/home/robot/robot_ws/install/urdf_tutorial:/home/robot/turtlebot3_ws/install/turtlebot3_teleop:/home/robot/turtlebot3_ws/install/turtlebot3_example:/opt/ros/humble /usr/bin/cmake --build /home/robot/robot_ws/build/onetouch_launch -- -j4 -l4
[0.572s] Invoking command in '/home/robot/robot_ws/build/onetouch_launch': CMAKE_PREFIX_PATH=${CMAKE_PREFIX_PATH}:/home/robot/robot_ws/install/urdf_tutorial:/home/robot/turtlebot3_ws/install/turtlebot3_teleop:/home/robot/turtlebot3_ws/install/turtlebot3_example:/opt/ros/humble /usr/bin/cmake --install /home/robot/robot_ws/build/onetouch_launch
[0.587s] -- Install configuration: ""
[0.588s] -- Up-to-date: /home/robot/robot_ws/install/onetouch_launch/share/ament_index/resource_index/package_run_dependencies/onetouch_launch
[0.589s] -- Up-to-date: /home/robot/robot_ws/install/onetouch_launch/share/ament_index/resource_index/parent_prefix_path/onetouch_launch
[0.589s] -- Up-to-date: /home/robot/robot_ws/install/onetouch_launch/share/onetouch_launch/environment/ament_prefix_path.sh
[0.590s] -- Up-to-date: /home/robot/robot_ws/install/onetouch_launch/share/onetouch_launch/environment/ament_prefix_path.dsv
[0.591s] -- Up-to-date: /home/robot/robot_ws/install/onetouch_launch/share/onetouch_launch/environment/path.sh
[0.592s] -- Up-to-date: /home/robot/robot_ws/install/onetouch_launch/share/onetouch_launch/environment/path.dsv
[0.592s] -- Up-to-date: /home/robot/robot_ws/install/onetouch_launch/share/onetouch_launch/local_setup.bash
[0.593s] -- Up-to-date: /home/robot/robot_ws/install/onetouch_launch/share/onetouch_launch/local_setup.sh
[0.594s] -- Up-to-date: /home/robot/robot_ws/install/onetouch_launch/share/onetouch_launch/local_setup.zsh
[0.594s] -- Up-to-date: /home/robot/robot_ws/install/onetouch_launch/share/onetouch_launch/local_setup.dsv
[0.595s] -- Installing: /home/robot/robot_ws/install/onetouch_launch/share/onetouch_launch/package.dsv
[0.596s] -- Up-to-date: /home/robot/robot_ws/install/onetouch_launch/share/ament_index/resource_index/packages/onetouch_launch
[0.597s] -- Up-to-date: /home/robot/robot_ws/install/onetouch_launch/share/onetouch_launch/cmake/onetouch_launchConfig.cmake
[0.600s] -- Up-to-date: /home/robot/robot_ws/install/onetouch_launch/share/onetouch_launch/cmake/onetouch_launchConfig-version.cmake
[0.600s] -- Up-to-date: /home/robot/robot_ws/install/onetouch_launch/share/onetouch_launch/package.xml
[0.600s] Invoked command in '/home/robot/robot_ws/build/onetouch_launch' returned '0': CMAKE_PREFIX_PATH=${CMAKE_PREFIX_PATH}:/home/robot/robot_ws/install/urdf_tutorial:/home/robot/turtlebot3_ws/install/turtlebot3_teleop:/home/robot/turtlebot3_ws/install/turtlebot3_example:/opt/ros/humble /usr/bin/cmake --install /home/robot/robot_ws/build/onetouch_launch
