[0.000000] (-) TimerEvent: {}
[0.000510] (my_first_ros_rclcpp_pkg) JobQueued: {'identifier': 'my_first_ros_rclcpp_pkg', 'dependencies': OrderedDict()}
[0.000553] (safeway_robot_controll_packet_RS485) JobQueued: {'identifier': 'safeway_robot_controll_packet_RS485', 'dependencies': OrderedDict()}
[0.000581] (my_first_ros_rclcpp_pkg) JobStarted: {'identifier': 'my_first_ros_rclcpp_pkg'}
[0.078408] (safeway_robot_controll_packet_RS485) JobStarted: {'identifier': 'safeway_robot_controll_packet_RS485'}
[0.099984] (-) TimerEvent: {}
[0.143183] (my_first_ros_rclcpp_pkg) JobProgress: {'identifier': 'my_first_ros_rclcpp_pkg', 'progress': 'cmake'}
[0.143864] (my_first_ros_rclcpp_pkg) JobProgress: {'identifier': 'my_first_ros_rclcpp_pkg', 'progress': 'build'}
[0.144929] (my_first_ros_rclcpp_pkg) Command: {'cmd': ['/usr/bin/cmake', '--build', '/home/robot/robot_ws/build/my_first_ros_rclcpp_pkg', '--', '-j4', '-l4'], 'cwd': '/home/robot/robot_ws/build/my_first_ros_rclcpp_pkg', 'env': OrderedDict([('GJS_DEBUG_TOPICS', 'JS ERROR;JS LOG'), ('LESSOPEN', '| /usr/bin/lesspipe %s'), ('USER', 'robot'), ('GIO_MODULE_DIR', '/home/robot/snap/code/common/.cache/gio-modules'), ('XDG_SESSION_TYPE', 'x11'), ('GIT_ASKPASS', '/snap/code/148/usr/share/code/resources/app/extensions/git/dist/askpass.sh'), ('GTK_EXE_PREFIX_VSCODE_SNAP_ORIG', ''), ('GDK_BACKEND_VSCODE_SNAP_ORIG', ''), ('SHLVL', '0'), ('LD_LIBRARY_PATH', '/opt/ros/humble/opt/rviz_ogre_vendor/lib:/opt/ros/humble/lib/x86_64-linux-gnu:/opt/ros/humble/lib'), ('HOME', '/home/robot'), ('CHROME_DESKTOP', 'code-url-handler.desktop'), ('LOCPATH_VSCODE_SNAP_ORIG', ''), ('TERM_PROGRAM_VERSION', '1.85.1'), ('DESKTOP_SESSION', 'ubuntu'), ('GTK_PATH', '/snap/code/148/usr/lib/x86_64-linux-gnu/gtk-3.0'), ('GTK_IM_MODULE_FILE', '/home/robot/snap/code/common/.cache/immodules/immodules.cache'), ('GIO_LAUNCHED_DESKTOP_FILE', '/var/lib/snapd/desktop/applications/code_code.desktop'), ('ROS_PYTHON_VERSION', '3'), ('GNOME_SHELL_SESSION_MODE', 'ubuntu'), ('GTK_MODULES', 'gail:atk-bridge'), ('GSETTINGS_SCHEMA_DIR_VSCODE_SNAP_ORIG', ''), ('VSCODE_GIT_ASKPASS_MAIN', '/snap/code/148/usr/share/code/resources/app/extensions/git/dist/askpass-main.js'), ('VSCODE_GIT_ASKPASS_NODE', '/snap/code/148/usr/share/code/code'), ('MANAGERPID', '1446'), ('SYSTEMD_EXEC_PID', '1790'), ('DBUS_SESSION_BUS_ADDRESS', 'unix:path=/run/user/1000/bus'), ('COLORTERM', 'truecolor'), ('GIO_LAUNCHED_DESKTOP_FILE_PID', '25013'), ('IM_CONFIG_PHASE', '1'), ('COLCON_PREFIX_PATH', '/home/robot/robot_ws/install'), ('ROS_DISTRO', 'humble'), ('GTK_IM_MODULE', 'ibus'), ('LOGNAME', 'robot'), ('_', '/usr/bin/colcon'), ('JOURNAL_STREAM', '8:30565'), ('ROS_VERSION', '2'), ('XDG_CONFIG_DIRS_VSCODE_SNAP_ORIG', '/etc/xdg/xdg-ubuntu:/etc/xdg'), ('XDG_SESSION_CLASS', 'user'), ('XDG_DATA_DIRS_VSCODE_SNAP_ORIG', '/usr/share/ubuntu:/usr/share/gnome:/usr/local/share/:/usr/share/:/var/lib/snapd/desktop'), ('USERNAME', 'robot'), ('TERM', 'xterm-256color'), ('GNOME_DESKTOP_SESSION_ID', 'this-is-deprecated'), ('ROS_LOCALHOST_ONLY', '0'), ('WINDOWPATH', '2'), ('PATH', '/home/robot/.local/bin:/opt/ros/humble/bin:/usr/local/sbin:/usr/local/bin:/usr/sbin:/usr/bin:/sbin:/bin:/usr/games:/usr/local/games:/snap/bin:/snap/bin'), ('SESSION_MANAGER', 'local/robot:@/tmp/.ICE-unix/1767,unix/robot:/tmp/.ICE-unix/1767'), ('GTK_EXE_PREFIX', '/snap/code/148/usr'), ('INVOCATION_ID', '73ec0bf21a6e4da289c7a38ecf5b94b1'), ('XDG_MENU_PREFIX', 'gnome-'), ('BAMF_DESKTOP_FILE_HINT', '/var/lib/snapd/desktop/applications/code_code.desktop'), ('XDG_RUNTIME_DIR', '/run/user/1000'), ('GDK_BACKEND', 'x11'), ('DISPLAY', ':1'), ('LOCPATH', '/snap/code/148/usr/lib/locale'), ('LANG', 'ko_KR.UTF-8'), ('XDG_CURRENT_DESKTOP', 'Unity'), ('GIO_MODULE_DIR_VSCODE_SNAP_ORIG', ''), ('XMODIFIERS', '@im=ibus'), ('XDG_SESSION_DESKTOP', 'ubuntu'), ('XAUTHORITY', '/run/user/1000/gdm/Xauthority'), ('LS_COLORS', ''), ('VSCODE_GIT_IPC_HANDLE', '/run/user/1000/vscode-git-ebe1fd4541.sock'), ('TERM_PROGRAM', 'vscode'), ('SSH_AGENT_LAUNCHER', 'gnome-keyring'), ('SSH_AUTH_SOCK', '/run/user/1000/keyring/ssh'), ('GSETTINGS_SCHEMA_DIR', '/home/robot/snap/code/148/.local/share/glib-2.0/schemas'), ('AMENT_PREFIX_PATH', '/opt/ros/humble'), ('ORIGINAL_XDG_CURRENT_DESKTOP', 'ubuntu:GNOME'), ('SHELL', '/bin/bash'), ('QT_ACCESSIBILITY', '1'), ('GDMSESSION', 'ubuntu'), ('LESSCLOSE', '/usr/bin/lesspipe %s %s'), ('GTK_PATH_VSCODE_SNAP_ORIG', ''), ('GTK_IM_MODULE_FILE_VSCODE_SNAP_ORIG', ''), ('GPG_AGENT_INFO', '/run/user/1000/gnupg/S.gpg-agent:0:1'), ('GJS_DEBUG_OUTPUT', 'stderr'), ('VSCODE_GIT_ASKPASS_EXTRA_ARGS', '--ms-enable-electron-run-as-node'), ('QT_IM_MODULE', 'ibus'), ('PWD', '/home/robot/robot_ws/build/my_first_ros_rclcpp_pkg'), ('XDG_CONFIG_DIRS', '/etc/xdg/xdg-ubuntu:/etc/xdg'), ('XDG_DATA_DIRS', '/home/robot/snap/code/148/.local/share:/home/robot/snap/code/148:/snap/code/148/usr/share:/usr/share/ubuntu:/usr/share/gnome:/usr/local/share/:/usr/share/:/var/lib/snapd/desktop'), ('PYTHONPATH', '/opt/ros/humble/lib/python3.10/site-packages:/opt/ros/humble/local/lib/python3.10/dist-packages'), ('COLCON', '1'), ('CMAKE_PREFIX_PATH', '/opt/ros/humble')]), 'shell': False}
[0.149831] (safeway_robot_controll_packet_RS485) JobProgress: {'identifier': 'safeway_robot_controll_packet_RS485', 'progress': 'cmake'}
[0.150919] (safeway_robot_controll_packet_RS485) JobProgress: {'identifier': 'safeway_robot_controll_packet_RS485', 'progress': 'build'}
[0.151324] (safeway_robot_controll_packet_RS485) Command: {'cmd': ['/usr/bin/cmake', '--build', '/home/robot/robot_ws/build/safeway_robot_controll_packet_RS485', '--', '-j4', '-l4'], 'cwd': '/home/robot/robot_ws/build/safeway_robot_controll_packet_RS485', 'env': OrderedDict([('GJS_DEBUG_TOPICS', 'JS ERROR;JS LOG'), ('LESSOPEN', '| /usr/bin/lesspipe %s'), ('USER', 'robot'), ('GIO_MODULE_DIR', '/home/robot/snap/code/common/.cache/gio-modules'), ('XDG_SESSION_TYPE', 'x11'), ('GIT_ASKPASS', '/snap/code/148/usr/share/code/resources/app/extensions/git/dist/askpass.sh'), ('GTK_EXE_PREFIX_VSCODE_SNAP_ORIG', ''), ('GDK_BACKEND_VSCODE_SNAP_ORIG', ''), ('SHLVL', '0'), ('LD_LIBRARY_PATH', '/opt/ros/humble/opt/rviz_ogre_vendor/lib:/opt/ros/humble/lib/x86_64-linux-gnu:/opt/ros/humble/lib'), ('HOME', '/home/robot'), ('CHROME_DESKTOP', 'code-url-handler.desktop'), ('LOCPATH_VSCODE_SNAP_ORIG', ''), ('TERM_PROGRAM_VERSION', '1.85.1'), ('DESKTOP_SESSION', 'ubuntu'), ('GTK_PATH', '/snap/code/148/usr/lib/x86_64-linux-gnu/gtk-3.0'), ('GTK_IM_MODULE_FILE', '/home/robot/snap/code/common/.cache/immodules/immodules.cache'), ('GIO_LAUNCHED_DESKTOP_FILE', '/var/lib/snapd/desktop/applications/code_code.desktop'), ('ROS_PYTHON_VERSION', '3'), ('GNOME_SHELL_SESSION_MODE', 'ubuntu'), ('GTK_MODULES', 'gail:atk-bridge'), ('GSETTINGS_SCHEMA_DIR_VSCODE_SNAP_ORIG', ''), ('VSCODE_GIT_ASKPASS_MAIN', '/snap/code/148/usr/share/code/resources/app/extensions/git/dist/askpass-main.js'), ('VSCODE_GIT_ASKPASS_NODE', '/snap/code/148/usr/share/code/code'), ('MANAGERPID', '1446'), ('SYSTEMD_EXEC_PID', '1790'), ('DBUS_SESSION_BUS_ADDRESS', 'unix:path=/run/user/1000/bus'), ('COLORTERM', 'truecolor'), ('GIO_LAUNCHED_DESKTOP_FILE_PID', '25013'), ('IM_CONFIG_PHASE', '1'), ('COLCON_PREFIX_PATH', '/home/robot/robot_ws/install'), ('ROS_DISTRO', 'humble'), ('GTK_IM_MODULE', 'ibus'), ('LOGNAME', 'robot'), ('_', '/usr/bin/colcon'), ('JOURNAL_STREAM', '8:30565'), ('ROS_VERSION', '2'), ('XDG_CONFIG_DIRS_VSCODE_SNAP_ORIG', '/etc/xdg/xdg-ubuntu:/etc/xdg'), ('XDG_SESSION_CLASS', 'user'), ('XDG_DATA_DIRS_VSCODE_SNAP_ORIG', '/usr/share/ubuntu:/usr/share/gnome:/usr/local/share/:/usr/share/:/var/lib/snapd/desktop'), ('USERNAME', 'robot'), ('TERM', 'xterm-256color'), ('GNOME_DESKTOP_SESSION_ID', 'this-is-deprecated'), ('ROS_LOCALHOST_ONLY', '0'), ('WINDOWPATH', '2'), ('PATH', '/home/robot/.local/bin:/opt/ros/humble/bin:/usr/local/sbin:/usr/local/bin:/usr/sbin:/usr/bin:/sbin:/bin:/usr/games:/usr/local/games:/snap/bin:/snap/bin'), ('SESSION_MANAGER', 'local/robot:@/tmp/.ICE-unix/1767,unix/robot:/tmp/.ICE-unix/1767'), ('GTK_EXE_PREFIX', '/snap/code/148/usr'), ('INVOCATION_ID', '73ec0bf21a6e4da289c7a38ecf5b94b1'), ('XDG_MENU_PREFIX', 'gnome-'), ('BAMF_DESKTOP_FILE_HINT', '/var/lib/snapd/desktop/applications/code_code.desktop'), ('XDG_RUNTIME_DIR', '/run/user/1000'), ('GDK_BACKEND', 'x11'), ('DISPLAY', ':1'), ('LOCPATH', '/snap/code/148/usr/lib/locale'), ('LANG', 'ko_KR.UTF-8'), ('XDG_CURRENT_DESKTOP', 'Unity'), ('GIO_MODULE_DIR_VSCODE_SNAP_ORIG', ''), ('XMODIFIERS', '@im=ibus'), ('XDG_SESSION_DESKTOP', 'ubuntu'), ('XAUTHORITY', '/run/user/1000/gdm/Xauthority'), ('LS_COLORS', ''), ('VSCODE_GIT_IPC_HANDLE', '/run/user/1000/vscode-git-ebe1fd4541.sock'), ('TERM_PROGRAM', 'vscode'), ('SSH_AGENT_LAUNCHER', 'gnome-keyring'), ('SSH_AUTH_SOCK', '/run/user/1000/keyring/ssh'), ('GSETTINGS_SCHEMA_DIR', '/home/robot/snap/code/148/.local/share/glib-2.0/schemas'), ('AMENT_PREFIX_PATH', '/opt/ros/humble'), ('ORIGINAL_XDG_CURRENT_DESKTOP', 'ubuntu:GNOME'), ('SHELL', '/bin/bash'), ('QT_ACCESSIBILITY', '1'), ('GDMSESSION', 'ubuntu'), ('LESSCLOSE', '/usr/bin/lesspipe %s %s'), ('GTK_PATH_VSCODE_SNAP_ORIG', ''), ('GTK_IM_MODULE_FILE_VSCODE_SNAP_ORIG', ''), ('GPG_AGENT_INFO', '/run/user/1000/gnupg/S.gpg-agent:0:1'), ('GJS_DEBUG_OUTPUT', 'stderr'), ('VSCODE_GIT_ASKPASS_EXTRA_ARGS', '--ms-enable-electron-run-as-node'), ('QT_IM_MODULE', 'ibus'), ('PWD', '/home/robot/robot_ws/build/safeway_robot_controll_packet_RS485'), ('XDG_CONFIG_DIRS', '/etc/xdg/xdg-ubuntu:/etc/xdg'), ('XDG_DATA_DIRS', '/home/robot/snap/code/148/.local/share:/home/robot/snap/code/148:/snap/code/148/usr/share:/usr/share/ubuntu:/usr/share/gnome:/usr/local/share/:/usr/share/:/var/lib/snapd/desktop'), ('PYTHONPATH', '/opt/ros/humble/lib/python3.10/site-packages:/opt/ros/humble/local/lib/python3.10/dist-packages'), ('COLCON', '1'), ('CMAKE_PREFIX_PATH', '/opt/ros/humble')]), 'shell': False}
[0.200134] (-) TimerEvent: {}
[0.208770] (safeway_robot_controll_packet_RS485) StdoutLine: {'line': b'\x1b[35m\x1b[1mConsolidate compiler generated dependencies of target packet_RS485_publisher\x1b[0m\n'}
[0.219137] (my_first_ros_rclcpp_pkg) StdoutLine: {'line': b'[ 50%] Built target helloworld_publisher\n'}
[0.223237] (my_first_ros_rclcpp_pkg) StdoutLine: {'line': b'[100%] Built target helloworld_subscriber\n'}
[0.233698] (safeway_robot_controll_packet_RS485) StdoutLine: {'line': b'[ 33%] \x1b[32mBuilding CXX object CMakeFiles/packet_RS485_publisher.dir/src/packet_RS485_publisher.cpp.o\x1b[0m\n'}
[0.235572] (my_first_ros_rclcpp_pkg) CommandEnded: {'returncode': 0}
[0.274730] (my_first_ros_rclcpp_pkg) JobProgress: {'identifier': 'my_first_ros_rclcpp_pkg', 'progress': 'install'}
[0.284211] (my_first_ros_rclcpp_pkg) Command: {'cmd': ['/usr/bin/cmake', '--install', '/home/robot/robot_ws/build/my_first_ros_rclcpp_pkg'], 'cwd': '/home/robot/robot_ws/build/my_first_ros_rclcpp_pkg', 'env': OrderedDict([('GJS_DEBUG_TOPICS', 'JS ERROR;JS LOG'), ('LESSOPEN', '| /usr/bin/lesspipe %s'), ('USER', 'robot'), ('GIO_MODULE_DIR', '/home/robot/snap/code/common/.cache/gio-modules'), ('XDG_SESSION_TYPE', 'x11'), ('GIT_ASKPASS', '/snap/code/148/usr/share/code/resources/app/extensions/git/dist/askpass.sh'), ('GTK_EXE_PREFIX_VSCODE_SNAP_ORIG', ''), ('GDK_BACKEND_VSCODE_SNAP_ORIG', ''), ('SHLVL', '0'), ('LD_LIBRARY_PATH', '/opt/ros/humble/opt/rviz_ogre_vendor/lib:/opt/ros/humble/lib/x86_64-linux-gnu:/opt/ros/humble/lib'), ('HOME', '/home/robot'), ('CHROME_DESKTOP', 'code-url-handler.desktop'), ('LOCPATH_VSCODE_SNAP_ORIG', ''), ('TERM_PROGRAM_VERSION', '1.85.1'), ('DESKTOP_SESSION', 'ubuntu'), ('GTK_PATH', '/snap/code/148/usr/lib/x86_64-linux-gnu/gtk-3.0'), ('GTK_IM_MODULE_FILE', '/home/robot/snap/code/common/.cache/immodules/immodules.cache'), ('GIO_LAUNCHED_DESKTOP_FILE', '/var/lib/snapd/desktop/applications/code_code.desktop'), ('ROS_PYTHON_VERSION', '3'), ('GNOME_SHELL_SESSION_MODE', 'ubuntu'), ('GTK_MODULES', 'gail:atk-bridge'), ('GSETTINGS_SCHEMA_DIR_VSCODE_SNAP_ORIG', ''), ('VSCODE_GIT_ASKPASS_MAIN', '/snap/code/148/usr/share/code/resources/app/extensions/git/dist/askpass-main.js'), ('VSCODE_GIT_ASKPASS_NODE', '/snap/code/148/usr/share/code/code'), ('MANAGERPID', '1446'), ('SYSTEMD_EXEC_PID', '1790'), ('DBUS_SESSION_BUS_ADDRESS', 'unix:path=/run/user/1000/bus'), ('COLORTERM', 'truecolor'), ('GIO_LAUNCHED_DESKTOP_FILE_PID', '25013'), ('IM_CONFIG_PHASE', '1'), ('COLCON_PREFIX_PATH', '/home/robot/robot_ws/install'), ('ROS_DISTRO', 'humble'), ('GTK_IM_MODULE', 'ibus'), ('LOGNAME', 'robot'), ('_', '/usr/bin/colcon'), ('JOURNAL_STREAM', '8:30565'), ('ROS_VERSION', '2'), ('XDG_CONFIG_DIRS_VSCODE_SNAP_ORIG', '/etc/xdg/xdg-ubuntu:/etc/xdg'), ('XDG_SESSION_CLASS', 'user'), ('XDG_DATA_DIRS_VSCODE_SNAP_ORIG', '/usr/share/ubuntu:/usr/share/gnome:/usr/local/share/:/usr/share/:/var/lib/snapd/desktop'), ('USERNAME', 'robot'), ('TERM', 'xterm-256color'), ('GNOME_DESKTOP_SESSION_ID', 'this-is-deprecated'), ('ROS_LOCALHOST_ONLY', '0'), ('WINDOWPATH', '2'), ('PATH', '/home/robot/.local/bin:/opt/ros/humble/bin:/usr/local/sbin:/usr/local/bin:/usr/sbin:/usr/bin:/sbin:/bin:/usr/games:/usr/local/games:/snap/bin:/snap/bin'), ('SESSION_MANAGER', 'local/robot:@/tmp/.ICE-unix/1767,unix/robot:/tmp/.ICE-unix/1767'), ('GTK_EXE_PREFIX', '/snap/code/148/usr'), ('INVOCATION_ID', '73ec0bf21a6e4da289c7a38ecf5b94b1'), ('XDG_MENU_PREFIX', 'gnome-'), ('BAMF_DESKTOP_FILE_HINT', '/var/lib/snapd/desktop/applications/code_code.desktop'), ('XDG_RUNTIME_DIR', '/run/user/1000'), ('GDK_BACKEND', 'x11'), ('DISPLAY', ':1'), ('LOCPATH', '/snap/code/148/usr/lib/locale'), ('LANG', 'ko_KR.UTF-8'), ('XDG_CURRENT_DESKTOP', 'Unity'), ('GIO_MODULE_DIR_VSCODE_SNAP_ORIG', ''), ('XMODIFIERS', '@im=ibus'), ('XDG_SESSION_DESKTOP', 'ubuntu'), ('XAUTHORITY', '/run/user/1000/gdm/Xauthority'), ('LS_COLORS', ''), ('VSCODE_GIT_IPC_HANDLE', '/run/user/1000/vscode-git-ebe1fd4541.sock'), ('TERM_PROGRAM', 'vscode'), ('SSH_AGENT_LAUNCHER', 'gnome-keyring'), ('SSH_AUTH_SOCK', '/run/user/1000/keyring/ssh'), ('GSETTINGS_SCHEMA_DIR', '/home/robot/snap/code/148/.local/share/glib-2.0/schemas'), ('AMENT_PREFIX_PATH', '/opt/ros/humble'), ('ORIGINAL_XDG_CURRENT_DESKTOP', 'ubuntu:GNOME'), ('SHELL', '/bin/bash'), ('QT_ACCESSIBILITY', '1'), ('GDMSESSION', 'ubuntu'), ('LESSCLOSE', '/usr/bin/lesspipe %s %s'), ('GTK_PATH_VSCODE_SNAP_ORIG', ''), ('GTK_IM_MODULE_FILE_VSCODE_SNAP_ORIG', ''), ('GPG_AGENT_INFO', '/run/user/1000/gnupg/S.gpg-agent:0:1'), ('GJS_DEBUG_OUTPUT', 'stderr'), ('VSCODE_GIT_ASKPASS_EXTRA_ARGS', '--ms-enable-electron-run-as-node'), ('QT_IM_MODULE', 'ibus'), ('PWD', '/home/robot/robot_ws/build/my_first_ros_rclcpp_pkg'), ('XDG_CONFIG_DIRS', '/etc/xdg/xdg-ubuntu:/etc/xdg'), ('XDG_DATA_DIRS', '/home/robot/snap/code/148/.local/share:/home/robot/snap/code/148:/snap/code/148/usr/share:/usr/share/ubuntu:/usr/share/gnome:/usr/local/share/:/usr/share/:/var/lib/snapd/desktop'), ('PYTHONPATH', '/opt/ros/humble/lib/python3.10/site-packages:/opt/ros/humble/local/lib/python3.10/dist-packages'), ('COLCON', '1'), ('CMAKE_PREFIX_PATH', '/opt/ros/humble')]), 'shell': False}
[0.291720] (my_first_ros_rclcpp_pkg) StdoutLine: {'line': b'-- Install configuration: "Debug"\n'}
[0.292409] (my_first_ros_rclcpp_pkg) StdoutLine: {'line': b'-- Up-to-date: /home/robot/robot_ws/install/my_first_ros_rclcpp_pkg/lib/my_first_ros_rclcpp_pkg/helloworld_publisher\n'}
[0.294141] (my_first_ros_rclcpp_pkg) StdoutLine: {'line': b'-- Up-to-date: /home/robot/robot_ws/install/my_first_ros_rclcpp_pkg/lib/my_first_ros_rclcpp_pkg/helloworld_subscriber\n'}
[0.294249] (my_first_ros_rclcpp_pkg) StdoutLine: {'line': b'-- Up-to-date: /home/robot/robot_ws/install/my_first_ros_rclcpp_pkg/share/ament_index/resource_index/package_run_dependencies/my_first_ros_rclcpp_pkg\n'}
[0.294335] (my_first_ros_rclcpp_pkg) StdoutLine: {'line': b'-- Up-to-date: /home/robot/robot_ws/install/my_first_ros_rclcpp_pkg/share/ament_index/resource_index/parent_prefix_path/my_first_ros_rclcpp_pkg\n'}
[0.295809] (my_first_ros_rclcpp_pkg) StdoutLine: {'line': b'-- Up-to-date: /home/robot/robot_ws/install/my_first_ros_rclcpp_pkg/share/my_first_ros_rclcpp_pkg/environment/ament_prefix_path.sh\n'}
[0.295910] (my_first_ros_rclcpp_pkg) StdoutLine: {'line': b'-- Up-to-date: /home/robot/robot_ws/install/my_first_ros_rclcpp_pkg/share/my_first_ros_rclcpp_pkg/environment/ament_prefix_path.dsv\n'}
[0.295990] (my_first_ros_rclcpp_pkg) StdoutLine: {'line': b'-- Up-to-date: /home/robot/robot_ws/install/my_first_ros_rclcpp_pkg/share/my_first_ros_rclcpp_pkg/environment/path.sh\n'}
[0.296085] (my_first_ros_rclcpp_pkg) StdoutLine: {'line': b'-- Up-to-date: /home/robot/robot_ws/install/my_first_ros_rclcpp_pkg/share/my_first_ros_rclcpp_pkg/environment/path.dsv\n'}
[0.296164] (my_first_ros_rclcpp_pkg) StdoutLine: {'line': b'-- Up-to-date: /home/robot/robot_ws/install/my_first_ros_rclcpp_pkg/share/my_first_ros_rclcpp_pkg/local_setup.bash\n'}
[0.296243] (my_first_ros_rclcpp_pkg) StdoutLine: {'line': b'-- Up-to-date: /home/robot/robot_ws/install/my_first_ros_rclcpp_pkg/share/my_first_ros_rclcpp_pkg/local_setup.sh\n'}
[0.296322] (my_first_ros_rclcpp_pkg) StdoutLine: {'line': b'-- Up-to-date: /home/robot/robot_ws/install/my_first_ros_rclcpp_pkg/share/my_first_ros_rclcpp_pkg/local_setup.zsh\n'}
[0.296398] (my_first_ros_rclcpp_pkg) StdoutLine: {'line': b'-- Up-to-date: /home/robot/robot_ws/install/my_first_ros_rclcpp_pkg/share/my_first_ros_rclcpp_pkg/local_setup.dsv\n'}
[0.298900] (my_first_ros_rclcpp_pkg) StdoutLine: {'line': b'-- Installing: /home/robot/robot_ws/install/my_first_ros_rclcpp_pkg/share/my_first_ros_rclcpp_pkg/package.dsv\n'}
[0.300209] (-) TimerEvent: {}
[0.300529] (my_first_ros_rclcpp_pkg) StdoutLine: {'line': b'-- Up-to-date: /home/robot/robot_ws/install/my_first_ros_rclcpp_pkg/share/ament_index/resource_index/packages/my_first_ros_rclcpp_pkg\n'}
[0.301068] (my_first_ros_rclcpp_pkg) StdoutLine: {'line': b'-- Up-to-date: /home/robot/robot_ws/install/my_first_ros_rclcpp_pkg/share/my_first_ros_rclcpp_pkg/cmake/my_first_ros_rclcpp_pkgConfig.cmake\n'}
[0.301477] (my_first_ros_rclcpp_pkg) StdoutLine: {'line': b'-- Up-to-date: /home/robot/robot_ws/install/my_first_ros_rclcpp_pkg/share/my_first_ros_rclcpp_pkg/cmake/my_first_ros_rclcpp_pkgConfig-version.cmake\n'}
[0.302140] (my_first_ros_rclcpp_pkg) StdoutLine: {'line': b'-- Up-to-date: /home/robot/robot_ws/install/my_first_ros_rclcpp_pkg/share/my_first_ros_rclcpp_pkg/package.xml\n'}
[0.302527] (my_first_ros_rclcpp_pkg) CommandEnded: {'returncode': 0}
[0.400323] (-) TimerEvent: {}
[0.480956] (my_first_ros_rclcpp_pkg) JobEnded: {'identifier': 'my_first_ros_rclcpp_pkg', 'rc': 0}
[0.500499] (-) TimerEvent: {}
[0.600835] (-) TimerEvent: {}
[0.701137] (-) TimerEvent: {}
[0.801430] (-) TimerEvent: {}
[0.901729] (-) TimerEvent: {}
[1.002088] (-) TimerEvent: {}
[1.102448] (-) TimerEvent: {}
[1.202772] (-) TimerEvent: {}
[1.303114] (-) TimerEvent: {}
[1.403467] (-) TimerEvent: {}
[1.503803] (-) TimerEvent: {}
[1.604116] (-) TimerEvent: {}
[1.704453] (-) TimerEvent: {}
[1.804774] (-) TimerEvent: {}
[1.905108] (-) TimerEvent: {}
[2.005436] (-) TimerEvent: {}
[2.105837] (-) TimerEvent: {}
[2.206140] (-) TimerEvent: {}
[2.306470] (-) TimerEvent: {}
[2.406805] (-) TimerEvent: {}
[2.507128] (-) TimerEvent: {}
[2.607459] (-) TimerEvent: {}
[2.707809] (-) TimerEvent: {}
[2.808122] (-) TimerEvent: {}
[2.908539] (-) TimerEvent: {}
[3.008889] (-) TimerEvent: {}
[3.109194] (-) TimerEvent: {}
[3.209529] (-) TimerEvent: {}
[3.309857] (-) TimerEvent: {}
[3.410167] (-) TimerEvent: {}
[3.510503] (-) TimerEvent: {}
[3.610799] (-) TimerEvent: {}
[3.711150] (-) TimerEvent: {}
[3.811502] (-) TimerEvent: {}
[3.911929] (-) TimerEvent: {}
[4.012306] (-) TimerEvent: {}
[4.112634] (-) TimerEvent: {}
[4.212949] (-) TimerEvent: {}
[4.313260] (-) TimerEvent: {}
[4.413651] (-) TimerEvent: {}
[4.513970] (-) TimerEvent: {}
[4.614291] (-) TimerEvent: {}
[4.714624] (-) TimerEvent: {}
[4.814995] (-) TimerEvent: {}
[4.915308] (-) TimerEvent: {}
[5.015623] (-) TimerEvent: {}
[5.115927] (-) TimerEvent: {}
[5.216236] (-) TimerEvent: {}
[5.316550] (-) TimerEvent: {}
[5.416845] (-) TimerEvent: {}
[5.517130] (-) TimerEvent: {}
[5.617416] (-) TimerEvent: {}
[5.717708] (-) TimerEvent: {}
[5.818023] (-) TimerEvent: {}
[5.856703] (safeway_robot_controll_packet_RS485) StdoutLine: {'line': b'[ 66%] \x1b[32m\x1b[1mLinking CXX executable packet_RS485_publisher\x1b[0m\n'}
[5.918152] (-) TimerEvent: {}
[6.018497] (-) TimerEvent: {}
[6.084073] (safeway_robot_controll_packet_RS485) StdoutLine: {'line': b'[100%] Built target packet_RS485_publisher\n'}
[6.094298] (safeway_robot_controll_packet_RS485) CommandEnded: {'returncode': 0}
[6.118600] (-) TimerEvent: {}
[6.119439] (safeway_robot_controll_packet_RS485) JobProgress: {'identifier': 'safeway_robot_controll_packet_RS485', 'progress': 'install'}
[6.119927] (safeway_robot_controll_packet_RS485) Command: {'cmd': ['/usr/bin/cmake', '--install', '/home/robot/robot_ws/build/safeway_robot_controll_packet_RS485'], 'cwd': '/home/robot/robot_ws/build/safeway_robot_controll_packet_RS485', 'env': OrderedDict([('GJS_DEBUG_TOPICS', 'JS ERROR;JS LOG'), ('LESSOPEN', '| /usr/bin/lesspipe %s'), ('USER', 'robot'), ('GIO_MODULE_DIR', '/home/robot/snap/code/common/.cache/gio-modules'), ('XDG_SESSION_TYPE', 'x11'), ('GIT_ASKPASS', '/snap/code/148/usr/share/code/resources/app/extensions/git/dist/askpass.sh'), ('GTK_EXE_PREFIX_VSCODE_SNAP_ORIG', ''), ('GDK_BACKEND_VSCODE_SNAP_ORIG', ''), ('SHLVL', '0'), ('LD_LIBRARY_PATH', '/opt/ros/humble/opt/rviz_ogre_vendor/lib:/opt/ros/humble/lib/x86_64-linux-gnu:/opt/ros/humble/lib'), ('HOME', '/home/robot'), ('CHROME_DESKTOP', 'code-url-handler.desktop'), ('LOCPATH_VSCODE_SNAP_ORIG', ''), ('TERM_PROGRAM_VERSION', '1.85.1'), ('DESKTOP_SESSION', 'ubuntu'), ('GTK_PATH', '/snap/code/148/usr/lib/x86_64-linux-gnu/gtk-3.0'), ('GTK_IM_MODULE_FILE', '/home/robot/snap/code/common/.cache/immodules/immodules.cache'), ('GIO_LAUNCHED_DESKTOP_FILE', '/var/lib/snapd/desktop/applications/code_code.desktop'), ('ROS_PYTHON_VERSION', '3'), ('GNOME_SHELL_SESSION_MODE', 'ubuntu'), ('GTK_MODULES', 'gail:atk-bridge'), ('GSETTINGS_SCHEMA_DIR_VSCODE_SNAP_ORIG', ''), ('VSCODE_GIT_ASKPASS_MAIN', '/snap/code/148/usr/share/code/resources/app/extensions/git/dist/askpass-main.js'), ('VSCODE_GIT_ASKPASS_NODE', '/snap/code/148/usr/share/code/code'), ('MANAGERPID', '1446'), ('SYSTEMD_EXEC_PID', '1790'), ('DBUS_SESSION_BUS_ADDRESS', 'unix:path=/run/user/1000/bus'), ('COLORTERM', 'truecolor'), ('GIO_LAUNCHED_DESKTOP_FILE_PID', '25013'), ('IM_CONFIG_PHASE', '1'), ('COLCON_PREFIX_PATH', '/home/robot/robot_ws/install'), ('ROS_DISTRO', 'humble'), ('GTK_IM_MODULE', 'ibus'), ('LOGNAME', 'robot'), ('_', '/usr/bin/colcon'), ('JOURNAL_STREAM', '8:30565'), ('ROS_VERSION', '2'), ('XDG_CONFIG_DIRS_VSCODE_SNAP_ORIG', '/etc/xdg/xdg-ubuntu:/etc/xdg'), ('XDG_SESSION_CLASS', 'user'), ('XDG_DATA_DIRS_VSCODE_SNAP_ORIG', '/usr/share/ubuntu:/usr/share/gnome:/usr/local/share/:/usr/share/:/var/lib/snapd/desktop'), ('USERNAME', 'robot'), ('TERM', 'xterm-256color'), ('GNOME_DESKTOP_SESSION_ID', 'this-is-deprecated'), ('ROS_LOCALHOST_ONLY', '0'), ('WINDOWPATH', '2'), ('PATH', '/home/robot/.local/bin:/opt/ros/humble/bin:/usr/local/sbin:/usr/local/bin:/usr/sbin:/usr/bin:/sbin:/bin:/usr/games:/usr/local/games:/snap/bin:/snap/bin'), ('SESSION_MANAGER', 'local/robot:@/tmp/.ICE-unix/1767,unix/robot:/tmp/.ICE-unix/1767'), ('GTK_EXE_PREFIX', '/snap/code/148/usr'), ('INVOCATION_ID', '73ec0bf21a6e4da289c7a38ecf5b94b1'), ('XDG_MENU_PREFIX', 'gnome-'), ('BAMF_DESKTOP_FILE_HINT', '/var/lib/snapd/desktop/applications/code_code.desktop'), ('XDG_RUNTIME_DIR', '/run/user/1000'), ('GDK_BACKEND', 'x11'), ('DISPLAY', ':1'), ('LOCPATH', '/snap/code/148/usr/lib/locale'), ('LANG', 'ko_KR.UTF-8'), ('XDG_CURRENT_DESKTOP', 'Unity'), ('GIO_MODULE_DIR_VSCODE_SNAP_ORIG', ''), ('XMODIFIERS', '@im=ibus'), ('XDG_SESSION_DESKTOP', 'ubuntu'), ('XAUTHORITY', '/run/user/1000/gdm/Xauthority'), ('LS_COLORS', ''), ('VSCODE_GIT_IPC_HANDLE', '/run/user/1000/vscode-git-ebe1fd4541.sock'), ('TERM_PROGRAM', 'vscode'), ('SSH_AGENT_LAUNCHER', 'gnome-keyring'), ('SSH_AUTH_SOCK', '/run/user/1000/keyring/ssh'), ('GSETTINGS_SCHEMA_DIR', '/home/robot/snap/code/148/.local/share/glib-2.0/schemas'), ('AMENT_PREFIX_PATH', '/opt/ros/humble'), ('ORIGINAL_XDG_CURRENT_DESKTOP', 'ubuntu:GNOME'), ('SHELL', '/bin/bash'), ('QT_ACCESSIBILITY', '1'), ('GDMSESSION', 'ubuntu'), ('LESSCLOSE', '/usr/bin/lesspipe %s %s'), ('GTK_PATH_VSCODE_SNAP_ORIG', ''), ('GTK_IM_MODULE_FILE_VSCODE_SNAP_ORIG', ''), ('GPG_AGENT_INFO', '/run/user/1000/gnupg/S.gpg-agent:0:1'), ('GJS_DEBUG_OUTPUT', 'stderr'), ('VSCODE_GIT_ASKPASS_EXTRA_ARGS', '--ms-enable-electron-run-as-node'), ('QT_IM_MODULE', 'ibus'), ('PWD', '/home/robot/robot_ws/build/safeway_robot_controll_packet_RS485'), ('XDG_CONFIG_DIRS', '/etc/xdg/xdg-ubuntu:/etc/xdg'), ('XDG_DATA_DIRS', '/home/robot/snap/code/148/.local/share:/home/robot/snap/code/148:/snap/code/148/usr/share:/usr/share/ubuntu:/usr/share/gnome:/usr/local/share/:/usr/share/:/var/lib/snapd/desktop'), ('PYTHONPATH', '/opt/ros/humble/lib/python3.10/site-packages:/opt/ros/humble/local/lib/python3.10/dist-packages'), ('COLCON', '1'), ('CMAKE_PREFIX_PATH', '/opt/ros/humble')]), 'shell': False}
[6.128992] (safeway_robot_controll_packet_RS485) StdoutLine: {'line': b'-- Install configuration: "Debug"\n'}
[6.129594] (safeway_robot_controll_packet_RS485) StdoutLine: {'line': b'-- Installing: /home/robot/robot_ws/install/safeway_robot_controll_packet_RS485/lib/safeway_robot_controll_packet_RS485/packet_RS485_publisher\n'}
[6.134061] (safeway_robot_controll_packet_RS485) StdoutLine: {'line': b'-- Set runtime path of "/home/robot/robot_ws/install/safeway_robot_controll_packet_RS485/lib/safeway_robot_controll_packet_RS485/packet_RS485_publisher" to ""\n'}
[6.135504] (safeway_robot_controll_packet_RS485) StdoutLine: {'line': b'-- Up-to-date: /home/robot/robot_ws/install/safeway_robot_controll_packet_RS485/share/ament_index/resource_index/package_run_dependencies/safeway_robot_controll_packet_RS485\n'}
[6.136078] (safeway_robot_controll_packet_RS485) StdoutLine: {'line': b'-- Up-to-date: /home/robot/robot_ws/install/safeway_robot_controll_packet_RS485/share/ament_index/resource_index/parent_prefix_path/safeway_robot_controll_packet_RS485\n'}
[6.136210] (safeway_robot_controll_packet_RS485) StdoutLine: {'line': b'-- Up-to-date: /home/robot/robot_ws/install/safeway_robot_controll_packet_RS485/share/safeway_robot_controll_packet_RS485/environment/ament_prefix_path.sh\n'}
[6.136329] (safeway_robot_controll_packet_RS485) StdoutLine: {'line': b'-- Up-to-date: /home/robot/robot_ws/install/safeway_robot_controll_packet_RS485/share/safeway_robot_controll_packet_RS485/environment/ament_prefix_path.dsv\n'}
[6.136446] (safeway_robot_controll_packet_RS485) StdoutLine: {'line': b'-- Up-to-date: /home/robot/robot_ws/install/safeway_robot_controll_packet_RS485/share/safeway_robot_controll_packet_RS485/environment/path.sh\n'}
[6.136595] (safeway_robot_controll_packet_RS485) StdoutLine: {'line': b'-- Up-to-date: /home/robot/robot_ws/install/safeway_robot_controll_packet_RS485/share/safeway_robot_controll_packet_RS485/environment/path.dsv\n'}
[6.136715] (safeway_robot_controll_packet_RS485) StdoutLine: {'line': b'-- Up-to-date: /home/robot/robot_ws/install/safeway_robot_controll_packet_RS485/share/safeway_robot_controll_packet_RS485/local_setup.bash\n'}
[6.136833] (safeway_robot_controll_packet_RS485) StdoutLine: {'line': b'-- Up-to-date: /home/robot/robot_ws/install/safeway_robot_controll_packet_RS485/share/safeway_robot_controll_packet_RS485/local_setup.sh\n'}
[6.136946] (safeway_robot_controll_packet_RS485) StdoutLine: {'line': b'-- Up-to-date: /home/robot/robot_ws/install/safeway_robot_controll_packet_RS485/share/safeway_robot_controll_packet_RS485/local_setup.zsh\n'}
[6.137374] (safeway_robot_controll_packet_RS485) StdoutLine: {'line': b'-- Up-to-date: /home/robot/robot_ws/install/safeway_robot_controll_packet_RS485/share/safeway_robot_controll_packet_RS485/local_setup.dsv\n'}
[6.137876] (safeway_robot_controll_packet_RS485) StdoutLine: {'line': b'-- Installing: /home/robot/robot_ws/install/safeway_robot_controll_packet_RS485/share/safeway_robot_controll_packet_RS485/package.dsv\n'}
[6.138426] (safeway_robot_controll_packet_RS485) StdoutLine: {'line': b'-- Up-to-date: /home/robot/robot_ws/install/safeway_robot_controll_packet_RS485/share/ament_index/resource_index/packages/safeway_robot_controll_packet_RS485\n'}
[6.138630] (safeway_robot_controll_packet_RS485) StdoutLine: {'line': b'-- Up-to-date: /home/robot/robot_ws/install/safeway_robot_controll_packet_RS485/share/safeway_robot_controll_packet_RS485/cmake/safeway_robot_controll_packet_RS485Config.cmake\n'}
[6.138847] (safeway_robot_controll_packet_RS485) StdoutLine: {'line': b'-- Up-to-date: /home/robot/robot_ws/install/safeway_robot_controll_packet_RS485/share/safeway_robot_controll_packet_RS485/cmake/safeway_robot_controll_packet_RS485Config-version.cmake\n'}
[6.138968] (safeway_robot_controll_packet_RS485) StdoutLine: {'line': b'-- Up-to-date: /home/robot/robot_ws/install/safeway_robot_controll_packet_RS485/share/safeway_robot_controll_packet_RS485/package.xml\n'}
[6.139163] (safeway_robot_controll_packet_RS485) CommandEnded: {'returncode': 0}
[6.218689] (-) TimerEvent: {}
[6.277619] (safeway_robot_controll_packet_RS485) JobEnded: {'identifier': 'safeway_robot_controll_packet_RS485', 'rc': 0}
[6.278361] (-) EventReactorShutdown: {}
