[0.260s] Invoking command in '/home/robot/robot_ws/build/pointcloud_to_laserscan': CMAKE_PREFIX_PATH=${CMAKE_PREFIX_PATH}:/home/robot/robot_ws/install/urdf_tutorial:/home/robot/turtlebot3_ws/install/turtlebot3_teleop:/home/robot/turtlebot3_ws/install/turtlebot3_example:/opt/ros/humble /usr/bin/cmake --build /home/robot/robot_ws/build/pointcloud_to_laserscan -- -j4 -l4
[0.547s] [ 20%] Built target pointcloud_to_laserscan_node
[0.548s] [ 40%] Built target laserscan_to_pointcloud
[0.553s] [ 60%] Built target laserscan_to_pointcloud_node
[0.657s] [ 80%] Built target pointcloud_to_laserscan
[0.759s] [100%] Built target dummy_pointcloud_publisher
[1.701s] Invoked command in '/home/robot/robot_ws/build/pointcloud_to_laserscan' returned '0': CMAKE_PREFIX_PATH=${CMAKE_PREFIX_PATH}:/home/robot/robot_ws/install/urdf_tutorial:/home/robot/turtlebot3_ws/install/turtlebot3_teleop:/home/robot/turtlebot3_ws/install/turtlebot3_example:/opt/ros/humble /usr/bin/cmake --build /home/robot/robot_ws/build/pointcloud_to_laserscan -- -j4 -l4
[2.940s] Invoking command in '/home/robot/robot_ws/build/pointcloud_to_laserscan': CMAKE_PREFIX_PATH=${CMAKE_PREFIX_PATH}:/home/robot/robot_ws/install/urdf_tutorial:/home/robot/turtlebot3_ws/install/turtlebot3_teleop:/home/robot/turtlebot3_ws/install/turtlebot3_example:/opt/ros/humble /usr/bin/cmake --install /home/robot/robot_ws/build/pointcloud_to_laserscan
[2.958s] -- Install configuration: "Debug"
[2.959s] -- Execute custom install script
[2.959s] -- Up-to-date symlink: /home/robot/robot_ws/install/pointcloud_to_laserscan/lib/pointcloud_to_laserscan/laserscan_to_pointcloud_node
[2.972s] -- Up-to-date symlink: /home/robot/robot_ws/install/pointcloud_to_laserscan/lib/pointcloud_to_laserscan/pointcloud_to_laserscan_node
[2.972s] -- Up-to-date symlink: /home/robot/robot_ws/install/pointcloud_to_laserscan/include/pointcloud_to_laserscan/laserscan_to_pointcloud_node.hpp
[2.973s] -- Up-to-date symlink: /home/robot/robot_ws/install/pointcloud_to_laserscan/include/pointcloud_to_laserscan/pointcloud_to_laserscan_node.hpp
[2.973s] -- Up-to-date symlink: /home/robot/robot_ws/install/pointcloud_to_laserscan/include/pointcloud_to_laserscan/visibility_control.h
[2.973s] -- Up-to-date symlink: /home/robot/robot_ws/install/pointcloud_to_laserscan/share/pointcloud_to_laserscan/environment/library_path.sh
[2.973s] -- Up-to-date symlink: /home/robot/robot_ws/install/pointcloud_to_laserscan/share/pointcloud_to_laserscan/environment/library_path.dsv
[2.973s] -- Up-to-date symlink: /home/robot/robot_ws/install/pointcloud_to_laserscan/lib/liblaserscan_to_pointcloud.so
[2.973s] -- Up-to-date symlink: /home/robot/robot_ws/install/pointcloud_to_laserscan/lib/libpointcloud_to_laserscan.so
[2.973s] -- Up-to-date symlink: /home/robot/robot_ws/install/pointcloud_to_laserscan/lib/pointcloud_to_laserscan/dummy_pointcloud_publisher
[2.973s] -- Up-to-date symlink: /home/robot/robot_ws/install/pointcloud_to_laserscan/share/pointcloud_to_laserscan/launch/sample_laserscan_to_pointcloud_launch.py
[2.973s] -- Up-to-date symlink: /home/robot/robot_ws/install/pointcloud_to_laserscan/share/pointcloud_to_laserscan/launch/sample_pointcloud_to_laserscan_launch.py
[2.973s] -- Up-to-date symlink: /home/robot/robot_ws/install/pointcloud_to_laserscan/share/ament_index/resource_index/package_run_dependencies/pointcloud_to_laserscan
[2.973s] -- Up-to-date symlink: /home/robot/robot_ws/install/pointcloud_to_laserscan/share/ament_index/resource_index/parent_prefix_path/pointcloud_to_laserscan
[2.974s] -- Up-to-date symlink: /home/robot/robot_ws/install/pointcloud_to_laserscan/share/pointcloud_to_laserscan/environment/ament_prefix_path.sh
[2.974s] -- Up-to-date symlink: /home/robot/robot_ws/install/pointcloud_to_laserscan/share/pointcloud_to_laserscan/environment/ament_prefix_path.dsv
[2.974s] -- Up-to-date symlink: /home/robot/robot_ws/install/pointcloud_to_laserscan/share/pointcloud_to_laserscan/environment/path.sh
[2.974s] -- Up-to-date symlink: /home/robot/robot_ws/install/pointcloud_to_laserscan/share/pointcloud_to_laserscan/environment/path.dsv
[2.974s] -- Up-to-date symlink: /home/robot/robot_ws/install/pointcloud_to_laserscan/share/pointcloud_to_laserscan/local_setup.bash
[2.974s] -- Up-to-date symlink: /home/robot/robot_ws/install/pointcloud_to_laserscan/share/pointcloud_to_laserscan/local_setup.sh
[2.974s] -- Up-to-date symlink: /home/robot/robot_ws/install/pointcloud_to_laserscan/share/pointcloud_to_laserscan/local_setup.zsh
[2.974s] -- Up-to-date symlink: /home/robot/robot_ws/install/pointcloud_to_laserscan/share/pointcloud_to_laserscan/local_setup.dsv
[2.974s] -- Symlinking: /home/robot/robot_ws/install/pointcloud_to_laserscan/share/pointcloud_to_laserscan/package.dsv
[2.978s] -- Up-to-date symlink: /home/robot/robot_ws/install/pointcloud_to_laserscan/share/ament_index/resource_index/packages/pointcloud_to_laserscan
[2.979s] -- Up-to-date symlink: /home/robot/robot_ws/install/pointcloud_to_laserscan/share/ament_index/resource_index/rclcpp_components/pointcloud_to_laserscan
[2.979s] -- Up-to-date symlink: /home/robot/robot_ws/install/pointcloud_to_laserscan/share/pointcloud_to_laserscan/cmake/ament_cmake_export_dependencies-extras.cmake
[2.979s] -- Up-to-date symlink: /home/robot/robot_ws/install/pointcloud_to_laserscan/share/pointcloud_to_laserscan/cmake/ament_cmake_export_include_directories-extras.cmake
[2.979s] -- Up-to-date symlink: /home/robot/robot_ws/install/pointcloud_to_laserscan/share/pointcloud_to_laserscan/cmake/ament_cmake_export_libraries-extras.cmake
[2.979s] -- Up-to-date symlink: /home/robot/robot_ws/install/pointcloud_to_laserscan/share/pointcloud_to_laserscan/cmake/pointcloud_to_laserscanConfig.cmake
[2.979s] -- Up-to-date symlink: /home/robot/robot_ws/install/pointcloud_to_laserscan/share/pointcloud_to_laserscan/cmake/pointcloud_to_laserscanConfig-version.cmake
[2.979s] -- Up-to-date symlink: /home/robot/robot_ws/install/pointcloud_to_laserscan/share/pointcloud_to_laserscan/package.xml
[2.986s] Invoked command in '/home/robot/robot_ws/build/pointcloud_to_laserscan' returned '0': CMAKE_PREFIX_PATH=${CMAKE_PREFIX_PATH}:/home/robot/robot_ws/install/urdf_tutorial:/home/robot/turtlebot3_ws/install/turtlebot3_teleop:/home/robot/turtlebot3_ws/install/turtlebot3_example:/opt/ros/humble /usr/bin/cmake --install /home/robot/robot_ws/build/pointcloud_to_laserscan
