[1.431s] Invoking command in '/home/robot/robot_ws/src/urdf_tutorial': PYTHONPATH=/home/robot/robot_ws/build/urdf_tutorial/prefix_override:/home/robot/robot_ws/install/urdf_tutorial/lib/python3.10/site-packages:${PYTHONPATH} /usr/bin/python3 setup.py egg_info --egg-base ../../build/urdf_tutorial build --build-base /home/robot/robot_ws/build/urdf_tutorial/build install --record /home/robot/robot_ws/build/urdf_tutorial/install.log --single-version-externally-managed
[1.692s] running egg_info
[1.692s] writing ../../build/urdf_tutorial/urdf_tutorial.egg-info/PKG-INFO
[1.693s] writing dependency_links to ../../build/urdf_tutorial/urdf_tutorial.egg-info/dependency_links.txt
[1.693s] writing entry points to ../../build/urdf_tutorial/urdf_tutorial.egg-info/entry_points.txt
[1.693s] writing requirements to ../../build/urdf_tutorial/urdf_tutorial.egg-info/requires.txt
[1.693s] writing top-level names to ../../build/urdf_tutorial/urdf_tutorial.egg-info/top_level.txt
[1.695s] reading manifest file '../../build/urdf_tutorial/urdf_tutorial.egg-info/SOURCES.txt'
[1.696s] writing manifest file '../../build/urdf_tutorial/urdf_tutorial.egg-info/SOURCES.txt'
[1.696s] running build
[1.696s] running build_py
[1.696s] running install
[1.697s] running install_lib
[1.698s] running install_data
[1.699s] copying launch/robot_joint.launch.py -> /home/robot/robot_ws/install/urdf_tutorial/share/urdf_tutorial/launch
[1.699s] running install_egg_info
[1.701s] removing '/home/robot/robot_ws/install/urdf_tutorial/lib/python3.10/site-packages/urdf_tutorial-0.0.0-py3.10.egg-info' (and everything under it)
[1.701s] Copying ../../build/urdf_tutorial/urdf_tutorial.egg-info to /home/robot/robot_ws/install/urdf_tutorial/lib/python3.10/site-packages/urdf_tutorial-0.0.0-py3.10.egg-info
[1.702s] running install_scripts
[1.721s] Installing fake_driver script to /home/robot/robot_ws/install/urdf_tutorial/lib/urdf_tutorial
[1.722s] writing list of installed files to '/home/robot/robot_ws/build/urdf_tutorial/install.log'
[1.750s] Invoked command in '/home/robot/robot_ws/src/urdf_tutorial' returned '0': PYTHONPATH=/home/robot/robot_ws/build/urdf_tutorial/prefix_override:/home/robot/robot_ws/install/urdf_tutorial/lib/python3.10/site-packages:${PYTHONPATH} /usr/bin/python3 setup.py egg_info --egg-base ../../build/urdf_tutorial build --build-base /home/robot/robot_ws/build/urdf_tutorial/build install --record /home/robot/robot_ws/build/urdf_tutorial/install.log --single-version-externally-managed
