[0.606s] Invoking command in '/home/robot/robot_ws/build/message_interface': CMAKE_PREFIX_PATH=${CMAKE_PREFIX_PATH}:/home/robot/robot_ws/install/urdf_tutorial:/home/robot/turtlebot3_ws/install/turtlebot3_teleop:/home/robot/turtlebot3_ws/install/turtlebot3_example:/opt/ros/humble /usr/bin/cmake /home/robot/robot_ws/src/message_interface -DCMAKE_INSTALL_PREFIX=/home/robot/robot_ws/install/message_interface
[0.725s] -- The C compiler identification is GNU 11.4.0
[0.827s] -- The CXX compiler identification is GNU 11.4.0
[0.838s] -- Detecting C compiler ABI info
[0.921s] -- Detecting C compiler ABI info - done
[0.931s] -- Check for working C compiler: /usr/bin/cc - skipped
[0.932s] -- Detecting C compile features
[0.933s] -- Detecting C compile features - done
[0.938s] -- Detecting CXX compiler ABI info
[1.027s] -- Detecting CXX compiler ABI info - done
[1.036s] -- Check for working CXX compiler: /usr/bin/c++ - skipped
[1.036s] -- Detecting CXX compile features
[1.036s] -- Detecting CXX compile features - done
[1.053s] -- Found ament_cmake: 1.3.7 (/opt/ros/humble/share/ament_cmake/cmake)
[1.300s] -- Found Python3: /usr/bin/python3.10 (found version "3.10.12") found components: Interpreter 
[1.484s] -- Found rosidl_default_generators: 1.2.0 (/opt/ros/humble/share/rosidl_default_generators/cmake)
[1.502s] -- Using all available rosidl_typesupport_c: rosidl_typesupport_fastrtps_c;rosidl_typesupport_introspection_c
[1.525s] -- Found rosidl_adapter: 3.1.5 (/opt/ros/humble/share/rosidl_adapter/cmake)
[1.636s] -- Using all available rosidl_typesupport_cpp: rosidl_typesupport_fastrtps_cpp;rosidl_typesupport_introspection_cpp
[2.176s] -- Found ament_cmake_ros: 0.10.0 (/opt/ros/humble/share/ament_cmake_ros/cmake)
[2.479s] -- Using all available rosidl_typesupport_c: rosidl_typesupport_fastrtps_c;rosidl_typesupport_introspection_c
[2.820s] -- Using all available rosidl_typesupport_cpp: rosidl_typesupport_fastrtps_cpp;rosidl_typesupport_introspection_cpp
[2.854s] -- Found PythonInterp: /usr/bin/python3 (found suitable version "3.10.12", minimum required is "3.6") 
[2.860s] -- Found python_cmake_module: 0.10.0 (/opt/ros/humble/share/python_cmake_module/cmake)
[2.901s] -- Found PythonLibs: /usr/lib/x86_64-linux-gnu/libpython3.10.so (found suitable version "3.10.12", minimum required is "3.5") 
[2.901s] -- Using PYTHON_EXECUTABLE: /usr/bin/python3
[2.901s] -- Using PYTHON_INCLUDE_DIRS: /usr/include/python3.10
[2.901s] -- Using PYTHON_LIBRARIES: /usr/lib/x86_64-linux-gnu/libpython3.10.so
[2.931s] -- Found PythonExtra: .so  
[3.020s] -- Found ament_lint_auto: 0.12.10 (/opt/ros/humble/share/ament_lint_auto/cmake)
[3.084s] -- Added test 'lint_cmake' to check CMake code style
[3.084s] -- Added test 'xmllint' to check XML markup files
[3.096s] -- Configuring done
[3.132s] -- Generating done
[3.135s] -- Build files have been written to: /home/robot/robot_ws/build/message_interface
[3.401s] Invoked command in '/home/robot/robot_ws/build/message_interface' returned '0': CMAKE_PREFIX_PATH=${CMAKE_PREFIX_PATH}:/home/robot/robot_ws/install/urdf_tutorial:/home/robot/turtlebot3_ws/install/turtlebot3_teleop:/home/robot/turtlebot3_ws/install/turtlebot3_example:/opt/ros/humble /usr/bin/cmake /home/robot/robot_ws/src/message_interface -DCMAKE_INSTALL_PREFIX=/home/robot/robot_ws/install/message_interface
[3.402s] Invoking command in '/home/robot/robot_ws/build/message_interface': CMAKE_PREFIX_PATH=${CMAKE_PREFIX_PATH}:/home/robot/robot_ws/install/urdf_tutorial:/home/robot/turtlebot3_ws/install/turtlebot3_teleop:/home/robot/turtlebot3_ws/install/turtlebot3_example:/opt/ros/humble /usr/bin/cmake --build /home/robot/robot_ws/build/message_interface -- -j4 -l4
[3.467s] [  3%] [34m[1mGenerating C code for ROS interfaces[0m
[3.491s] [  6%] [34m[1mGenerating C++ code for ROS interfaces[0m
[3.767s] [  6%] Built target ament_cmake_python_copy_message_interface
[4.273s] [  6%] Built target message_interface__cpp
[4.347s] [  9%] [34m[1mGenerating C++ type support dispatch for ROS interfaces[0m
[4.347s] [ 12%] [34m[1mGenerating C++ type support for eProsima Fast-RTPS[0m
[4.727s] running egg_info
[4.727s] creating message_interface.egg-info
[4.727s] writing message_interface.egg-info/PKG-INFO
[4.727s] writing dependency_links to message_interface.egg-info/dependency_links.txt
[4.727s] writing top-level names to message_interface.egg-info/top_level.txt
[4.727s] writing manifest file 'message_interface.egg-info/SOURCES.txt'
[4.727s] reading manifest file 'message_interface.egg-info/SOURCES.txt'
[4.727s] writing manifest file 'message_interface.egg-info/SOURCES.txt'
[4.805s] [ 12%] Built target ament_cmake_python_build_message_interface_egg
[4.861s] [ 16%] [34m[1mGenerating C++ introspection for ROS interfaces[0m
[5.275s] [ 19%] [32mBuilding C object CMakeFiles/message_interface__rosidl_generator_c.dir/rosidl_generator_c/message_interface/msg/detail/mode__functions.c.o[0m
[5.666s] [ 22%] [32mBuilding CXX object CMakeFiles/message_interface__rosidl_typesupport_introspection_cpp.dir/rosidl_typesupport_introspection_cpp/message_interface/msg/detail/mode__type_support.cpp.o[0m
[5.726s] [ 25%] [32m[1mLinking C shared library libmessage_interface__rosidl_generator_c.so[0m
[5.978s] [ 25%] Built target message_interface__rosidl_generator_c
[6.014s] [ 29%] [34m[1mGenerating C type support for eProsima Fast-RTPS[0m
[6.062s] [ 32%] [32mBuilding CXX object CMakeFiles/message_interface__rosidl_typesupport_fastrtps_cpp.dir/rosidl_typesupport_fastrtps_cpp/message_interface/msg/detail/dds_fastrtps/mode__type_support.cpp.o[0m
[6.318s] [ 35%] [32mBuilding CXX object CMakeFiles/message_interface__rosidl_typesupport_cpp.dir/rosidl_typesupport_cpp/message_interface/msg/mode__type_support.cpp.o[0m
[6.676s] [ 38%] [32mBuilding CXX object CMakeFiles/message_interface__rosidl_typesupport_fastrtps_c.dir/rosidl_typesupport_fastrtps_c/message_interface/msg/detail/mode__type_support_c.cpp.o[0m
[7.051s] [ 41%] [32m[1mLinking CXX shared library libmessage_interface__rosidl_typesupport_cpp.so[0m
[7.104s] [ 41%] Built target message_interface__rosidl_typesupport_cpp
[7.119s] [ 45%] [34m[1mGenerating C introspection for ROS interfaces[0m
[7.787s] [ 32%] [32m[1mLinking CXX shared library libmessage_interface__rosidl_typesupport_introspection_cpp.so[0m
[7.895s] [ 38%] [32mBuilding C object CMakeFiles/message_interface__rosidl_typesupport_introspection_c.dir/rosidl_typesupport_introspection_c/message_interface/msg/detail/mode__type_support.c.o[0m
[7.916s] [ 41%] [32m[1mLinking CXX shared library libmessage_interface__rosidl_typesupport_fastrtps_c.so[0m
[7.986s] [ 45%] Built target message_interface__rosidl_typesupport_introspection_cpp
[8.029s] [ 48%] [32m[1mLinking C shared library libmessage_interface__rosidl_typesupport_introspection_c.so[0m
[8.100s] [ 51%] [34m[1mGenerating C type support dispatch for ROS interfaces[0m
[8.124s] [ 54%] [32m[1mLinking CXX shared library libmessage_interface__rosidl_typesupport_fastrtps_cpp.so[0m
[8.143s] [ 58%] Built target message_interface__rosidl_typesupport_introspection_c
[8.372s] [ 61%] Built target message_interface__rosidl_typesupport_fastrtps_c
[8.536s] [ 64%] Built target message_interface__rosidl_typesupport_fastrtps_cpp
[8.983s] [ 67%] [32mBuilding CXX object CMakeFiles/message_interface__rosidl_typesupport_c.dir/rosidl_typesupport_c/message_interface/msg/mode__type_support.cpp.o[0m
[9.128s] [ 70%] [32m[1mLinking CXX shared library libmessage_interface__rosidl_typesupport_c.so[0m
[9.296s] [ 70%] Built target message_interface__rosidl_typesupport_c
[9.359s] [ 70%] Built target message_interface
[9.429s] [ 74%] [34m[1mGenerating Python code for ROS interfaces[0m
[10.121s] [ 74%] Built target message_interface__py
[10.185s] [ 77%] [32mBuilding C object CMakeFiles/message_interface__rosidl_generator_py.dir/rosidl_generator_py/message_interface/msg/_mode_s.c.o[0m
[10.701s] [ 80%] [32m[1mLinking C shared library rosidl_generator_py/message_interface/libmessage_interface__rosidl_generator_py.so[0m
[10.800s] [ 80%] Built target message_interface__rosidl_generator_py
[10.879s] [ 83%] [32mBuilding C object CMakeFiles/message_interface__rosidl_typesupport_introspection_c__pyext.dir/rosidl_generator_py/message_interface/_message_interface_s.ep.rosidl_typesupport_introspection_c.c.o[0m
[10.880s] [ 87%] [32mBuilding C object CMakeFiles/message_interface__rosidl_typesupport_fastrtps_c__pyext.dir/rosidl_generator_py/message_interface/_message_interface_s.ep.rosidl_typesupport_fastrtps_c.c.o[0m
[11.007s] [ 90%] [32mBuilding C object CMakeFiles/message_interface__rosidl_typesupport_c__pyext.dir/rosidl_generator_py/message_interface/_message_interface_s.ep.rosidl_typesupport_c.c.o[0m
[11.114s] [ 93%] [32m[1mLinking C shared library rosidl_generator_py/message_interface/message_interface_s__rosidl_typesupport_fastrtps_c.cpython-310-x86_64-linux-gnu.so[0m
[11.274s] [ 93%] Built target message_interface__rosidl_typesupport_fastrtps_c__pyext
[11.279s] [ 96%] [32m[1mLinking C shared library rosidl_generator_py/message_interface/message_interface_s__rosidl_typesupport_introspection_c.cpython-310-x86_64-linux-gnu.so[0m
[11.309s] [100%] [32m[1mLinking C shared library rosidl_generator_py/message_interface/message_interface_s__rosidl_typesupport_c.cpython-310-x86_64-linux-gnu.so[0m
[11.419s] [100%] Built target message_interface__rosidl_typesupport_c__pyext
[11.459s] [100%] Built target message_interface__rosidl_typesupport_introspection_c__pyext
[11.537s] Invoked command in '/home/robot/robot_ws/build/message_interface' returned '0': CMAKE_PREFIX_PATH=${CMAKE_PREFIX_PATH}:/home/robot/robot_ws/install/urdf_tutorial:/home/robot/turtlebot3_ws/install/turtlebot3_teleop:/home/robot/turtlebot3_ws/install/turtlebot3_example:/opt/ros/humble /usr/bin/cmake --build /home/robot/robot_ws/build/message_interface -- -j4 -l4
[11.712s] Invoking command in '/home/robot/robot_ws/build/message_interface': CMAKE_PREFIX_PATH=${CMAKE_PREFIX_PATH}:/home/robot/robot_ws/install/urdf_tutorial:/home/robot/turtlebot3_ws/install/turtlebot3_teleop:/home/robot/turtlebot3_ws/install/turtlebot3_example:/opt/ros/humble /usr/bin/cmake --install /home/robot/robot_ws/build/message_interface
[11.736s] -- Install configuration: ""
[11.736s] -- Installing: /home/robot/robot_ws/install/message_interface/share/ament_index/resource_index/rosidl_interfaces/message_interface
[11.736s] -- Installing: /home/robot/robot_ws/install/message_interface/include/message_interface/message_interface
[11.736s] -- Installing: /home/robot/robot_ws/install/message_interface/include/message_interface/message_interface/msg
[11.736s] -- Installing: /home/robot/robot_ws/install/message_interface/include/message_interface/message_interface/msg/mode.h
[11.736s] -- Installing: /home/robot/robot_ws/install/message_interface/include/message_interface/message_interface/msg/rosidl_generator_c__visibility_control.h
[11.736s] -- Installing: /home/robot/robot_ws/install/message_interface/include/message_interface/message_interface/msg/detail
[11.737s] -- Installing: /home/robot/robot_ws/install/message_interface/include/message_interface/message_interface/msg/detail/mode__type_support.h
[11.737s] -- Installing: /home/robot/robot_ws/install/message_interface/include/message_interface/message_interface/msg/detail/mode__functions.c
[11.737s] -- Installing: /home/robot/robot_ws/install/message_interface/include/message_interface/message_interface/msg/detail/mode__functions.h
[11.737s] -- Installing: /home/robot/robot_ws/install/message_interface/include/message_interface/message_interface/msg/detail/mode__struct.h
[11.737s] -- Installing: /home/robot/robot_ws/install/message_interface/share/message_interface/environment/library_path.sh
[11.737s] -- Installing: /home/robot/robot_ws/install/message_interface/share/message_interface/environment/library_path.dsv
[11.737s] -- Installing: /home/robot/robot_ws/install/message_interface/lib/libmessage_interface__rosidl_generator_c.so
[11.742s] -- Set runtime path of "/home/robot/robot_ws/install/message_interface/lib/libmessage_interface__rosidl_generator_c.so" to ""
[11.743s] -- Up-to-date: /home/robot/robot_ws/install/message_interface/include/message_interface/message_interface
[11.743s] -- Up-to-date: /home/robot/robot_ws/install/message_interface/include/message_interface/message_interface/msg
[11.743s] -- Installing: /home/robot/robot_ws/install/message_interface/include/message_interface/message_interface/msg/rosidl_typesupport_fastrtps_c__visibility_control.h
[11.744s] -- Up-to-date: /home/robot/robot_ws/install/message_interface/include/message_interface/message_interface/msg/detail
[11.744s] -- Installing: /home/robot/robot_ws/install/message_interface/include/message_interface/message_interface/msg/detail/mode__rosidl_typesupport_fastrtps_c.h
[11.747s] -- Installing: /home/robot/robot_ws/install/message_interface/lib/libmessage_interface__rosidl_typesupport_fastrtps_c.so
[11.747s] -- Set runtime path of "/home/robot/robot_ws/install/message_interface/lib/libmessage_interface__rosidl_typesupport_fastrtps_c.so" to ""
[11.747s] -- Up-to-date: /home/robot/robot_ws/install/message_interface/include/message_interface/message_interface
[11.747s] -- Up-to-date: /home/robot/robot_ws/install/message_interface/include/message_interface/message_interface/msg
[11.747s] -- Up-to-date: /home/robot/robot_ws/install/message_interface/include/message_interface/message_interface/msg/detail
[11.747s] -- Installing: /home/robot/robot_ws/install/message_interface/include/message_interface/message_interface/msg/detail/mode__type_support.c
[11.748s] -- Installing: /home/robot/robot_ws/install/message_interface/include/message_interface/message_interface/msg/detail/mode__rosidl_typesupport_introspection_c.h
[11.748s] -- Installing: /home/robot/robot_ws/install/message_interface/include/message_interface/message_interface/msg/rosidl_typesupport_introspection_c__visibility_control.h
[11.748s] -- Installing: /home/robot/robot_ws/install/message_interface/lib/libmessage_interface__rosidl_typesupport_introspection_c.so
[11.748s] -- Set runtime path of "/home/robot/robot_ws/install/message_interface/lib/libmessage_interface__rosidl_typesupport_introspection_c.so" to ""
[11.748s] -- Installing: /home/robot/robot_ws/install/message_interface/lib/libmessage_interface__rosidl_typesupport_c.so
[11.748s] -- Set runtime path of "/home/robot/robot_ws/install/message_interface/lib/libmessage_interface__rosidl_typesupport_c.so" to ""
[11.748s] -- Up-to-date: /home/robot/robot_ws/install/message_interface/include/message_interface/message_interface
[11.748s] -- Up-to-date: /home/robot/robot_ws/install/message_interface/include/message_interface/message_interface/msg
[11.748s] -- Up-to-date: /home/robot/robot_ws/install/message_interface/include/message_interface/message_interface/msg/detail
[11.748s] -- Installing: /home/robot/robot_ws/install/message_interface/include/message_interface/message_interface/msg/detail/mode__traits.hpp
[11.749s] -- Installing: /home/robot/robot_ws/install/message_interface/include/message_interface/message_interface/msg/detail/mode__struct.hpp
[11.749s] -- Installing: /home/robot/robot_ws/install/message_interface/include/message_interface/message_interface/msg/detail/mode__builder.hpp
[11.749s] -- Installing: /home/robot/robot_ws/install/message_interface/include/message_interface/message_interface/msg/mode.hpp
[11.749s] -- Up-to-date: /home/robot/robot_ws/install/message_interface/include/message_interface/message_interface
[11.749s] -- Up-to-date: /home/robot/robot_ws/install/message_interface/include/message_interface/message_interface/msg
[11.749s] -- Installing: /home/robot/robot_ws/install/message_interface/include/message_interface/message_interface/msg/rosidl_typesupport_fastrtps_cpp__visibility_control.h
[11.749s] -- Up-to-date: /home/robot/robot_ws/install/message_interface/include/message_interface/message_interface/msg/detail
[11.749s] -- Installing: /home/robot/robot_ws/install/message_interface/include/message_interface/message_interface/msg/detail/dds_fastrtps
[11.749s] -- Installing: /home/robot/robot_ws/install/message_interface/include/message_interface/message_interface/msg/detail/mode__rosidl_typesupport_fastrtps_cpp.hpp
[11.749s] -- Installing: /home/robot/robot_ws/install/message_interface/lib/libmessage_interface__rosidl_typesupport_fastrtps_cpp.so
[11.749s] -- Set runtime path of "/home/robot/robot_ws/install/message_interface/lib/libmessage_interface__rosidl_typesupport_fastrtps_cpp.so" to ""
[11.749s] -- Up-to-date: /home/robot/robot_ws/install/message_interface/include/message_interface/message_interface
[11.750s] -- Up-to-date: /home/robot/robot_ws/install/message_interface/include/message_interface/message_interface/msg
[11.750s] -- Up-to-date: /home/robot/robot_ws/install/message_interface/include/message_interface/message_interface/msg/detail
[11.750s] -- Installing: /home/robot/robot_ws/install/message_interface/include/message_interface/message_interface/msg/detail/mode__type_support.cpp
[11.750s] -- Installing: /home/robot/robot_ws/install/message_interface/include/message_interface/message_interface/msg/detail/mode__rosidl_typesupport_introspection_cpp.hpp
[11.750s] -- Installing: /home/robot/robot_ws/install/message_interface/lib/libmessage_interface__rosidl_typesupport_introspection_cpp.so
[11.750s] -- Set runtime path of "/home/robot/robot_ws/install/message_interface/lib/libmessage_interface__rosidl_typesupport_introspection_cpp.so" to ""
[11.750s] -- Installing: /home/robot/robot_ws/install/message_interface/lib/libmessage_interface__rosidl_typesupport_cpp.so
[11.750s] -- Set runtime path of "/home/robot/robot_ws/install/message_interface/lib/libmessage_interface__rosidl_typesupport_cpp.so" to ""
[11.750s] -- Installing: /home/robot/robot_ws/install/message_interface/share/message_interface/environment/pythonpath.sh
[11.750s] -- Installing: /home/robot/robot_ws/install/message_interface/share/message_interface/environment/pythonpath.dsv
[11.750s] -- Installing: /home/robot/robot_ws/install/message_interface/local/lib/python3.10/dist-packages/message_interface-0.0.0-py3.10.egg-info
[11.750s] -- Installing: /home/robot/robot_ws/install/message_interface/local/lib/python3.10/dist-packages/message_interface-0.0.0-py3.10.egg-info/PKG-INFO
[11.750s] -- Installing: /home/robot/robot_ws/install/message_interface/local/lib/python3.10/dist-packages/message_interface-0.0.0-py3.10.egg-info/top_level.txt
[11.751s] -- Installing: /home/robot/robot_ws/install/message_interface/local/lib/python3.10/dist-packages/message_interface-0.0.0-py3.10.egg-info/dependency_links.txt
[11.751s] -- Installing: /home/robot/robot_ws/install/message_interface/local/lib/python3.10/dist-packages/message_interface-0.0.0-py3.10.egg-info/SOURCES.txt
[11.751s] -- Installing: /home/robot/robot_ws/install/message_interface/local/lib/python3.10/dist-packages/message_interface
[11.751s] -- Installing: /home/robot/robot_ws/install/message_interface/local/lib/python3.10/dist-packages/message_interface/_message_interface_s.ep.rosidl_typesupport_c.c
[11.751s] -- Installing: /home/robot/robot_ws/install/message_interface/local/lib/python3.10/dist-packages/message_interface/message_interface_s__rosidl_typesupport_c.cpython-310-x86_64-linux-gnu.so
[11.751s] -- Installing: /home/robot/robot_ws/install/message_interface/local/lib/python3.10/dist-packages/message_interface/_message_interface_s.ep.rosidl_typesupport_introspection_c.c
[11.751s] -- Installing: /home/robot/robot_ws/install/message_interface/local/lib/python3.10/dist-packages/message_interface/msg
[11.751s] -- Installing: /home/robot/robot_ws/install/message_interface/local/lib/python3.10/dist-packages/message_interface/msg/__init__.py
[11.751s] -- Installing: /home/robot/robot_ws/install/message_interface/local/lib/python3.10/dist-packages/message_interface/msg/_mode.py
[11.758s] -- Installing: /home/robot/robot_ws/install/message_interface/local/lib/python3.10/dist-packages/message_interface/msg/_mode_s.c
[11.758s] -- Installing: /home/robot/robot_ws/install/message_interface/local/lib/python3.10/dist-packages/message_interface/message_interface_s__rosidl_typesupport_fastrtps_c.cpython-310-x86_64-linux-gnu.so
[11.758s] -- Installing: /home/robot/robot_ws/install/message_interface/local/lib/python3.10/dist-packages/message_interface/__init__.py
[11.758s] -- Installing: /home/robot/robot_ws/install/message_interface/local/lib/python3.10/dist-packages/message_interface/libmessage_interface__rosidl_generator_py.so
[11.758s] -- Installing: /home/robot/robot_ws/install/message_interface/local/lib/python3.10/dist-packages/message_interface/message_interface_s__rosidl_typesupport_introspection_c.cpython-310-x86_64-linux-gnu.so
[11.758s] -- Installing: /home/robot/robot_ws/install/message_interface/local/lib/python3.10/dist-packages/message_interface/_message_interface_s.ep.rosidl_typesupport_fastrtps_c.c
[11.804s] Listing '/home/robot/robot_ws/install/message_interface/local/lib/python3.10/dist-packages/message_interface'...
[11.804s] Compiling '/home/robot/robot_ws/install/message_interface/local/lib/python3.10/dist-packages/message_interface/__init__.py'...
[11.804s] Listing '/home/robot/robot_ws/install/message_interface/local/lib/python3.10/dist-packages/message_interface/msg'...
[11.804s] Compiling '/home/robot/robot_ws/install/message_interface/local/lib/python3.10/dist-packages/message_interface/msg/__init__.py'...
[11.804s] Compiling '/home/robot/robot_ws/install/message_interface/local/lib/python3.10/dist-packages/message_interface/msg/_mode.py'...
[11.811s] -- Installing: /home/robot/robot_ws/install/message_interface/local/lib/python3.10/dist-packages/message_interface/message_interface_s__rosidl_typesupport_fastrtps_c.cpython-310-x86_64-linux-gnu.so
[11.811s] -- Set runtime path of "/home/robot/robot_ws/install/message_interface/local/lib/python3.10/dist-packages/message_interface/message_interface_s__rosidl_typesupport_fastrtps_c.cpython-310-x86_64-linux-gnu.so" to ""
[11.811s] -- Installing: /home/robot/robot_ws/install/message_interface/local/lib/python3.10/dist-packages/message_interface/message_interface_s__rosidl_typesupport_introspection_c.cpython-310-x86_64-linux-gnu.so
[11.811s] -- Set runtime path of "/home/robot/robot_ws/install/message_interface/local/lib/python3.10/dist-packages/message_interface/message_interface_s__rosidl_typesupport_introspection_c.cpython-310-x86_64-linux-gnu.so" to ""
[11.812s] -- Installing: /home/robot/robot_ws/install/message_interface/local/lib/python3.10/dist-packages/message_interface/message_interface_s__rosidl_typesupport_c.cpython-310-x86_64-linux-gnu.so
[11.812s] -- Set runtime path of "/home/robot/robot_ws/install/message_interface/local/lib/python3.10/dist-packages/message_interface/message_interface_s__rosidl_typesupport_c.cpython-310-x86_64-linux-gnu.so" to ""
[11.812s] -- Installing: /home/robot/robot_ws/install/message_interface/lib/libmessage_interface__rosidl_generator_py.so
[11.813s] -- Set runtime path of "/home/robot/robot_ws/install/message_interface/lib/libmessage_interface__rosidl_generator_py.so" to ""
[11.813s] -- Installing: /home/robot/robot_ws/install/message_interface/share/message_interface/msg/Mode.idl
[11.813s] -- Installing: /home/robot/robot_ws/install/message_interface/share/message_interface/msg/Mode.msg
[11.813s] -- Installing: /home/robot/robot_ws/install/message_interface/share/ament_index/resource_index/package_run_dependencies/message_interface
[11.813s] -- Installing: /home/robot/robot_ws/install/message_interface/share/ament_index/resource_index/parent_prefix_path/message_interface
[11.813s] -- Installing: /home/robot/robot_ws/install/message_interface/share/message_interface/environment/ament_prefix_path.sh
[11.813s] -- Installing: /home/robot/robot_ws/install/message_interface/share/message_interface/environment/ament_prefix_path.dsv
[11.814s] -- Installing: /home/robot/robot_ws/install/message_interface/share/message_interface/environment/path.sh
[11.814s] -- Installing: /home/robot/robot_ws/install/message_interface/share/message_interface/environment/path.dsv
[11.814s] -- Installing: /home/robot/robot_ws/install/message_interface/share/message_interface/local_setup.bash
[11.814s] -- Installing: /home/robot/robot_ws/install/message_interface/share/message_interface/local_setup.sh
[11.814s] -- Installing: /home/robot/robot_ws/install/message_interface/share/message_interface/local_setup.zsh
[11.814s] -- Installing: /home/robot/robot_ws/install/message_interface/share/message_interface/local_setup.dsv
[11.814s] -- Installing: /home/robot/robot_ws/install/message_interface/share/message_interface/package.dsv
[11.814s] -- Installing: /home/robot/robot_ws/install/message_interface/share/ament_index/resource_index/packages/message_interface
[11.815s] -- Installing: /home/robot/robot_ws/install/message_interface/share/message_interface/cmake/export_message_interface__rosidl_generator_cExport.cmake
[11.815s] -- Installing: /home/robot/robot_ws/install/message_interface/share/message_interface/cmake/export_message_interface__rosidl_generator_cExport-noconfig.cmake
[11.815s] -- Installing: /home/robot/robot_ws/install/message_interface/share/message_interface/cmake/export_message_interface__rosidl_typesupport_fastrtps_cExport.cmake
[11.815s] -- Installing: /home/robot/robot_ws/install/message_interface/share/message_interface/cmake/export_message_interface__rosidl_typesupport_fastrtps_cExport-noconfig.cmake
[11.815s] -- Installing: /home/robot/robot_ws/install/message_interface/share/message_interface/cmake/message_interface__rosidl_typesupport_introspection_cExport.cmake
[11.817s] -- Installing: /home/robot/robot_ws/install/message_interface/share/message_interface/cmake/message_interface__rosidl_typesupport_introspection_cExport-noconfig.cmake
[11.818s] -- Installing: /home/robot/robot_ws/install/message_interface/share/message_interface/cmake/message_interface__rosidl_typesupport_cExport.cmake
[11.818s] -- Installing: /home/robot/robot_ws/install/message_interface/share/message_interface/cmake/message_interface__rosidl_typesupport_cExport-noconfig.cmake
[11.818s] -- Installing: /home/robot/robot_ws/install/message_interface/share/message_interface/cmake/export_message_interface__rosidl_generator_cppExport.cmake
[11.818s] -- Installing: /home/robot/robot_ws/install/message_interface/share/message_interface/cmake/export_message_interface__rosidl_typesupport_fastrtps_cppExport.cmake
[11.818s] -- Installing: /home/robot/robot_ws/install/message_interface/share/message_interface/cmake/export_message_interface__rosidl_typesupport_fastrtps_cppExport-noconfig.cmake
[11.818s] -- Installing: /home/robot/robot_ws/install/message_interface/share/message_interface/cmake/message_interface__rosidl_typesupport_introspection_cppExport.cmake
[11.819s] -- Installing: /home/robot/robot_ws/install/message_interface/share/message_interface/cmake/message_interface__rosidl_typesupport_introspection_cppExport-noconfig.cmake
[11.819s] -- Installing: /home/robot/robot_ws/install/message_interface/share/message_interface/cmake/message_interface__rosidl_typesupport_cppExport.cmake
[11.819s] -- Installing: /home/robot/robot_ws/install/message_interface/share/message_interface/cmake/message_interface__rosidl_typesupport_cppExport-noconfig.cmake
[11.819s] -- Installing: /home/robot/robot_ws/install/message_interface/share/message_interface/cmake/export_message_interface__rosidl_generator_pyExport.cmake
[11.821s] -- Installing: /home/robot/robot_ws/install/message_interface/share/message_interface/cmake/export_message_interface__rosidl_generator_pyExport-noconfig.cmake
[11.821s] -- Installing: /home/robot/robot_ws/install/message_interface/share/message_interface/cmake/rosidl_cmake-extras.cmake
[11.821s] -- Installing: /home/robot/robot_ws/install/message_interface/share/message_interface/cmake/ament_cmake_export_include_directories-extras.cmake
[11.821s] -- Installing: /home/robot/robot_ws/install/message_interface/share/message_interface/cmake/ament_cmake_export_libraries-extras.cmake
[11.821s] -- Installing: /home/robot/robot_ws/install/message_interface/share/message_interface/cmake/ament_cmake_export_targets-extras.cmake
[11.822s] -- Installing: /home/robot/robot_ws/install/message_interface/share/message_interface/cmake/rosidl_cmake_export_typesupport_targets-extras.cmake
[11.822s] -- Installing: /home/robot/robot_ws/install/message_interface/share/message_interface/cmake/ament_cmake_export_dependencies-extras.cmake
[11.822s] -- Installing: /home/robot/robot_ws/install/message_interface/share/message_interface/cmake/rosidl_cmake_export_typesupport_libraries-extras.cmake
[11.822s] -- Installing: /home/robot/robot_ws/install/message_interface/share/message_interface/cmake/message_interfaceConfig.cmake
[11.822s] -- Installing: /home/robot/robot_ws/install/message_interface/share/message_interface/cmake/message_interfaceConfig-version.cmake
[11.822s] -- Installing: /home/robot/robot_ws/install/message_interface/share/message_interface/package.xml
[11.846s] Invoked command in '/home/robot/robot_ws/build/message_interface' returned '0': CMAKE_PREFIX_PATH=${CMAKE_PREFIX_PATH}:/home/robot/robot_ws/install/urdf_tutorial:/home/robot/turtlebot3_ws/install/turtlebot3_teleop:/home/robot/turtlebot3_ws/install/turtlebot3_example:/opt/ros/humble /usr/bin/cmake --install /home/robot/robot_ws/build/message_interface
