[0.020s] Invoking command in '/home/robot/robot_ws/build/clustering_cpp': CMAKE_PREFIX_PATH=/home/robot/robot_ws/install/message_interface:/home/robot/robot_ws/install/ydlidar_sdk:/home/robot/robot_ws/install/slam_toolbox:/home/robot/robot_ws/install/safeway_robot_controll_packet_rs485:/home/robot/robot_ws/install/pointcloud_to_laserscan:/home/robot/robot_ws/install/onetouch_launch:/home/robot/robot_ws/install/nav2_test_utils:/home/robot/robot_ws/install/nav2_common:/home/robot/robot_ws/install/my_first_ros_rclcpp_pkg:/home/robot/robot_ws/install/clustering_cpp:/home/robot/robot_ws/install/ldlidar_stl_ros2:/home/robot/robot_ws/install/ld08_driver:/home/robot/robot_ws/install/gl_ros2_driver:/home/robot/robot_ws/install/car_odom:/home/robot/ydlidar_ros2_driver/install/ydlidar_ros2_driver:/home/robot/robot_ws/install/urdf_tutorial:/opt/ros/humble LD_LIBRARY_PATH=/home/robot/robot_ws/install/message_interface/lib:/home/robot/robot_ws/install/slam_toolbox/lib:/home/robot/robot_ws/install/pointcloud_to_laserscan/lib:/opt/ros/humble/opt/rviz_ogre_vendor/lib:/opt/ros/humble/lib/x86_64-linux-gnu:/opt/ros/humble/lib /usr/bin/cmake --build /home/robot/robot_ws/build/clustering_cpp -- -j4 -l4
[0.085s] [35m[1mConsolidate compiler generated dependencies of target clustering_wagon[0m
[0.131s] [ 50%] Built target clustering_wagon
[0.138s] [100%] Built target clustering_robot
[0.158s] Invoked command in '/home/robot/robot_ws/build/clustering_cpp' returned '0': CMAKE_PREFIX_PATH=/home/robot/robot_ws/install/message_interface:/home/robot/robot_ws/install/ydlidar_sdk:/home/robot/robot_ws/install/slam_toolbox:/home/robot/robot_ws/install/safeway_robot_controll_packet_rs485:/home/robot/robot_ws/install/pointcloud_to_laserscan:/home/robot/robot_ws/install/onetouch_launch:/home/robot/robot_ws/install/nav2_test_utils:/home/robot/robot_ws/install/nav2_common:/home/robot/robot_ws/install/my_first_ros_rclcpp_pkg:/home/robot/robot_ws/install/clustering_cpp:/home/robot/robot_ws/install/ldlidar_stl_ros2:/home/robot/robot_ws/install/ld08_driver:/home/robot/robot_ws/install/gl_ros2_driver:/home/robot/robot_ws/install/car_odom:/home/robot/ydlidar_ros2_driver/install/ydlidar_ros2_driver:/home/robot/robot_ws/install/urdf_tutorial:/opt/ros/humble LD_LIBRARY_PATH=/home/robot/robot_ws/install/message_interface/lib:/home/robot/robot_ws/install/slam_toolbox/lib:/home/robot/robot_ws/install/pointcloud_to_laserscan/lib:/opt/ros/humble/opt/rviz_ogre_vendor/lib:/opt/ros/humble/lib/x86_64-linux-gnu:/opt/ros/humble/lib /usr/bin/cmake --build /home/robot/robot_ws/build/clustering_cpp -- -j4 -l4
[0.193s] Invoking command in '/home/robot/robot_ws/build/clustering_cpp': CMAKE_PREFIX_PATH=/home/robot/robot_ws/install/message_interface:/home/robot/robot_ws/install/ydlidar_sdk:/home/robot/robot_ws/install/slam_toolbox:/home/robot/robot_ws/install/safeway_robot_controll_packet_rs485:/home/robot/robot_ws/install/pointcloud_to_laserscan:/home/robot/robot_ws/install/onetouch_launch:/home/robot/robot_ws/install/nav2_test_utils:/home/robot/robot_ws/install/nav2_common:/home/robot/robot_ws/install/my_first_ros_rclcpp_pkg:/home/robot/robot_ws/install/clustering_cpp:/home/robot/robot_ws/install/ldlidar_stl_ros2:/home/robot/robot_ws/install/ld08_driver:/home/robot/robot_ws/install/gl_ros2_driver:/home/robot/robot_ws/install/car_odom:/home/robot/ydlidar_ros2_driver/install/ydlidar_ros2_driver:/home/robot/robot_ws/install/urdf_tutorial:/opt/ros/humble LD_LIBRARY_PATH=/home/robot/robot_ws/install/message_interface/lib:/home/robot/robot_ws/install/slam_toolbox/lib:/home/robot/robot_ws/install/pointcloud_to_laserscan/lib:/opt/ros/humble/opt/rviz_ogre_vendor/lib:/opt/ros/humble/lib/x86_64-linux-gnu:/opt/ros/humble/lib /usr/bin/cmake --install /home/robot/robot_ws/build/clustering_cpp
[0.204s] -- Install configuration: "Debug"
[0.205s] -- Execute custom install script
[0.206s] -- Up-to-date symlink: /home/robot/robot_ws/install/clustering_cpp/lib/clustering_cpp/clustering_wagon
[0.207s] -- Up-to-date symlink: /home/robot/robot_ws/install/clustering_cpp/lib/clustering_cpp/clustering_robot
[0.207s] -- Up-to-date symlink: /home/robot/robot_ws/install/clustering_cpp/share/ament_index/resource_index/package_run_dependencies/clustering_cpp
[0.208s] -- Up-to-date symlink: /home/robot/robot_ws/install/clustering_cpp/share/ament_index/resource_index/parent_prefix_path/clustering_cpp
[0.209s] -- Up-to-date symlink: /home/robot/robot_ws/install/clustering_cpp/share/clustering_cpp/environment/ament_prefix_path.sh
[0.210s] -- Up-to-date symlink: /home/robot/robot_ws/install/clustering_cpp/share/clustering_cpp/environment/ament_prefix_path.dsv
[0.211s] -- Up-to-date symlink: /home/robot/robot_ws/install/clustering_cpp/share/clustering_cpp/environment/path.sh
[0.211s] -- Up-to-date symlink: /home/robot/robot_ws/install/clustering_cpp/share/clustering_cpp/environment/path.dsv
[0.212s] -- Up-to-date symlink: /home/robot/robot_ws/install/clustering_cpp/share/clustering_cpp/local_setup.bash
[0.213s] -- Up-to-date symlink: /home/robot/robot_ws/install/clustering_cpp/share/clustering_cpp/local_setup.sh
[0.213s] -- Up-to-date symlink: /home/robot/robot_ws/install/clustering_cpp/share/clustering_cpp/local_setup.zsh
[0.214s] -- Up-to-date symlink: /home/robot/robot_ws/install/clustering_cpp/share/clustering_cpp/local_setup.dsv
[0.215s] -- Symlinking: /home/robot/robot_ws/install/clustering_cpp/share/clustering_cpp/package.dsv
[0.225s] -- Up-to-date symlink: /home/robot/robot_ws/install/clustering_cpp/share/ament_index/resource_index/packages/clustering_cpp
[0.226s] -- Up-to-date symlink: /home/robot/robot_ws/install/clustering_cpp/share/clustering_cpp/cmake/clustering_cppConfig.cmake
[0.227s] -- Up-to-date symlink: /home/robot/robot_ws/install/clustering_cpp/share/clustering_cpp/cmake/clustering_cppConfig-version.cmake
[0.227s] -- Up-to-date symlink: /home/robot/robot_ws/install/clustering_cpp/share/clustering_cpp/package.xml
[0.238s] Invoked command in '/home/robot/robot_ws/build/clustering_cpp' returned '0': CMAKE_PREFIX_PATH=/home/robot/robot_ws/install/message_interface:/home/robot/robot_ws/install/ydlidar_sdk:/home/robot/robot_ws/install/slam_toolbox:/home/robot/robot_ws/install/safeway_robot_controll_packet_rs485:/home/robot/robot_ws/install/pointcloud_to_laserscan:/home/robot/robot_ws/install/onetouch_launch:/home/robot/robot_ws/install/nav2_test_utils:/home/robot/robot_ws/install/nav2_common:/home/robot/robot_ws/install/my_first_ros_rclcpp_pkg:/home/robot/robot_ws/install/clustering_cpp:/home/robot/robot_ws/install/ldlidar_stl_ros2:/home/robot/robot_ws/install/ld08_driver:/home/robot/robot_ws/install/gl_ros2_driver:/home/robot/robot_ws/install/car_odom:/home/robot/ydlidar_ros2_driver/install/ydlidar_ros2_driver:/home/robot/robot_ws/install/urdf_tutorial:/opt/ros/humble LD_LIBRARY_PATH=/home/robot/robot_ws/install/message_interface/lib:/home/robot/robot_ws/install/slam_toolbox/lib:/home/robot/robot_ws/install/pointcloud_to_laserscan/lib:/opt/ros/humble/opt/rviz_ogre_vendor/lib:/opt/ros/humble/lib/x86_64-linux-gnu:/opt/ros/humble/lib /usr/bin/cmake --install /home/robot/robot_ws/build/clustering_cpp
