[0.337s] Invoking command in '/home/robot/robot_ws/build/gl_ros2_driver': CMAKE_PREFIX_PATH=${CMAKE_PREFIX_PATH}:/home/robot/robot_ws/install/urdf_tutorial:/opt/ros/humble /usr/bin/cmake --build /home/robot/robot_ws/build/gl_ros2_driver -- -j4 -l4
[0.432s] [ 45%] Built target serial
[0.433s] [ 63%] Built target udp
[0.445s] [ 81%] Built target gl_driver
[0.500s] [100%] Built target gl_ros2_driver_node
[0.538s] Invoked command in '/home/robot/robot_ws/build/gl_ros2_driver' returned '0': CMAKE_PREFIX_PATH=${CMAKE_PREFIX_PATH}:/home/robot/robot_ws/install/urdf_tutorial:/opt/ros/humble /usr/bin/cmake --build /home/robot/robot_ws/build/gl_ros2_driver -- -j4 -l4
[0.695s] Invoking command in '/home/robot/robot_ws/build/gl_ros2_driver': CMAKE_PREFIX_PATH=${CMAKE_PREFIX_PATH}:/home/robot/robot_ws/install/urdf_tutorial:/opt/ros/humble /usr/bin/cmake --install /home/robot/robot_ws/build/gl_ros2_driver
[0.715s] -- Install configuration: "Debug"
[0.715s] -- Up-to-date: /home/robot/robot_ws/install/gl_ros2_driver/lib/gl_ros2_driver/gl_ros2_driver_node
[0.715s] -- Up-to-date: /home/robot/robot_ws/install/gl_ros2_driver/share/gl_ros2_driver/launch
[0.715s] -- Up-to-date: /home/robot/robot_ws/install/gl_ros2_driver/share/gl_ros2_driver/launch/gl_ros2_driver.py
[0.716s] -- Up-to-date: /home/robot/robot_ws/install/gl_ros2_driver/share/gl_ros2_driver/launch/view_gl_ros2_driver.py
[0.716s] -- Up-to-date: /home/robot/robot_ws/install/gl_ros2_driver/share/gl_ros2_driver/rviz
[0.716s] -- Up-to-date: /home/robot/robot_ws/install/gl_ros2_driver/share/gl_ros2_driver/rviz/config.rviz
[0.716s] -- Up-to-date: /home/robot/robot_ws/install/gl_ros2_driver/share/ament_index/resource_index/package_run_dependencies/gl_ros2_driver
[0.716s] -- Up-to-date: /home/robot/robot_ws/install/gl_ros2_driver/share/ament_index/resource_index/parent_prefix_path/gl_ros2_driver
[0.716s] -- Up-to-date: /home/robot/robot_ws/install/gl_ros2_driver/share/gl_ros2_driver/environment/ament_prefix_path.sh
[0.716s] -- Up-to-date: /home/robot/robot_ws/install/gl_ros2_driver/share/gl_ros2_driver/environment/ament_prefix_path.dsv
[0.717s] -- Up-to-date: /home/robot/robot_ws/install/gl_ros2_driver/share/gl_ros2_driver/environment/path.sh
[0.718s] -- Up-to-date: /home/robot/robot_ws/install/gl_ros2_driver/share/gl_ros2_driver/environment/path.dsv
[0.719s] -- Up-to-date: /home/robot/robot_ws/install/gl_ros2_driver/share/gl_ros2_driver/local_setup.bash
[0.719s] -- Up-to-date: /home/robot/robot_ws/install/gl_ros2_driver/share/gl_ros2_driver/local_setup.sh
[0.719s] -- Up-to-date: /home/robot/robot_ws/install/gl_ros2_driver/share/gl_ros2_driver/local_setup.zsh
[0.719s] -- Up-to-date: /home/robot/robot_ws/install/gl_ros2_driver/share/gl_ros2_driver/local_setup.dsv
[0.719s] -- Installing: /home/robot/robot_ws/install/gl_ros2_driver/share/gl_ros2_driver/package.dsv
[0.720s] -- Up-to-date: /home/robot/robot_ws/install/gl_ros2_driver/share/ament_index/resource_index/packages/gl_ros2_driver
[0.720s] -- Up-to-date: /home/robot/robot_ws/install/gl_ros2_driver/share/gl_ros2_driver/cmake/gl_ros2_driverConfig.cmake
[0.721s] -- Up-to-date: /home/robot/robot_ws/install/gl_ros2_driver/share/gl_ros2_driver/cmake/gl_ros2_driverConfig-version.cmake
[0.721s] -- Up-to-date: /home/robot/robot_ws/install/gl_ros2_driver/share/gl_ros2_driver/package.xml
[0.963s] Invoked command in '/home/robot/robot_ws/build/gl_ros2_driver' returned '0': CMAKE_PREFIX_PATH=${CMAKE_PREFIX_PATH}:/home/robot/robot_ws/install/urdf_tutorial:/opt/ros/humble /usr/bin/cmake --install /home/robot/robot_ws/build/gl_ros2_driver
