[0.081s] Invoking command in '/home/robot/robot_ws/build/safeway_robot_controll_packet_RS485': CMAKE_PREFIX_PATH=/opt/ros/humble /usr/bin/cmake --build /home/robot/robot_ws/build/safeway_robot_controll_packet_RS485 -- -j4 -l4
[0.111s] -- Found ament_cmake: 1.3.6 (/opt/ros/humble/share/ament_cmake/cmake)
[0.295s] -- Found rclcpp: 16.0.7 (/opt/ros/humble/share/rclcpp/cmake)
[0.331s] -- Found rosidl_generator_c: 3.1.5 (/opt/ros/humble/share/rosidl_generator_c/cmake)
[0.334s] -- Found rosidl_adapter: 3.1.5 (/opt/ros/humble/share/rosidl_adapter/cmake)
[0.348s] -- Found rosidl_generator_cpp: 3.1.5 (/opt/ros/humble/share/rosidl_generator_cpp/cmake)
[0.358s] -- Using all available rosidl_typesupport_c: rosidl_typesupport_fastrtps_c;rosidl_typesupport_introspection_c
[0.380s] -- Using all available rosidl_typesupport_cpp: rosidl_typesupport_fastrtps_cpp;rosidl_typesupport_introspection_cpp
[0.456s] -- Found rmw_implementation_cmake: 6.1.1 (/opt/ros/humble/share/rmw_implementation_cmake/cmake)
[0.457s] -- Found rmw_fastrtps_cpp: 6.2.5 (/opt/ros/humble/share/rmw_fastrtps_cpp/cmake)
[0.577s] -- Using RMW implementation 'rmw_fastrtps_cpp' as default
[0.763s] -- Found geometry_msgs: 4.2.3 (/opt/ros/humble/share/geometry_msgs/cmake)
[0.809s] -- Found ament_lint_auto: 0.12.9 (/opt/ros/humble/share/ament_lint_auto/cmake)
[0.862s] WARNING: Package name "safeway_robot_controll_packet_RS485" does not follow the naming conventions. It should start with a lower case letter and only contain lower case letters, digits, underscores, and dashes.
[0.879s] -- Added test 'copyright' to check source files copyright and LICENSE
[0.880s] -- Added test 'cppcheck' to perform static code analysis on C / C++ code
[0.880s] -- Configured cppcheck include dirs: 
[0.881s] -- Configured cppcheck exclude dirs and/or files: 
[0.881s] -- Added test 'cpplint' to check C / C++ code against the Google style
[0.881s] -- Configured cpplint exclude dirs and/or files: 
[0.882s] -- Added test 'lint_cmake' to check CMake code style
[0.883s] -- Added test 'uncrustify' to check C / C++ code style
[0.883s] -- Configured uncrustify additional arguments: 
[0.883s] -- Added test 'xmllint' to check XML markup files
[0.884s] -- Configuring done
[0.895s] -- Generating done
[0.897s] -- Build files have been written to: /home/robot/robot_ws/build/safeway_robot_controll_packet_RS485
[0.934s] [ 50%] [32mBuilding CXX object CMakeFiles/packet_RS485_publisher.dir/src/packet_RS485_publisher.cpp.o[0m
[1.016s] [01m[K/home/robot/robot_ws/src/safeway_robot_controll_packet_RS485/src/packet_RS485_publisher.cpp:11:10:[m[K [01;31m[Kfatal error: [m[Kgeometry_msgs/msg/twist.hpp: 그런 파일이나 디렉터리가 없습니다
[1.016s]    11 | #include [01;31m[K<geometry_msgs/msg/twist.hpp>[m[K
[1.016s]       |          [01;31m[K^~~~~~~~~~~~~~~~~~~~~~~~~~~~~[m[K
[1.016s] compilation terminated.
[1.020s] gmake[2]: *** [CMakeFiles/packet_RS485_publisher.dir/build.make:76: CMakeFiles/packet_RS485_publisher.dir/src/packet_RS485_publisher.cpp.o] 오류 1
[1.020s] gmake[1]: *** [CMakeFiles/Makefile2:137: CMakeFiles/packet_RS485_publisher.dir/all] 오류 2
[1.020s] gmake: *** [Makefile:146: all] 오류 2
[1.022s] Invoked command in '/home/robot/robot_ws/build/safeway_robot_controll_packet_RS485' returned '2': CMAKE_PREFIX_PATH=/opt/ros/humble /usr/bin/cmake --build /home/robot/robot_ws/build/safeway_robot_controll_packet_RS485 -- -j4 -l4
