[5.804s] Invoking command in '/home/robot/robot_ws/src/urdf_tutorial': PYTHONPATH=/home/robot/robot_ws/build/urdf_tutorial/prefix_override:/home/robot/robot_ws/install/urdf_tutorial/lib/python3.10/site-packages:${PYTHONPATH} /usr/bin/python3 setup.py egg_info --egg-base ../../build/urdf_tutorial build --build-base /home/robot/robot_ws/build/urdf_tutorial/build install --record /home/robot/robot_ws/build/urdf_tutorial/install.log --single-version-externally-managed
[6.513s] running egg_info
[6.513s] writing ../../build/urdf_tutorial/urdf_tutorial.egg-info/PKG-INFO
[6.513s] writing dependency_links to ../../build/urdf_tutorial/urdf_tutorial.egg-info/dependency_links.txt
[6.514s] writing entry points to ../../build/urdf_tutorial/urdf_tutorial.egg-info/entry_points.txt
[6.514s] writing requirements to ../../build/urdf_tutorial/urdf_tutorial.egg-info/requires.txt
[6.514s] writing top-level names to ../../build/urdf_tutorial/urdf_tutorial.egg-info/top_level.txt
[6.525s] reading manifest file '../../build/urdf_tutorial/urdf_tutorial.egg-info/SOURCES.txt'
[6.526s] writing manifest file '../../build/urdf_tutorial/urdf_tutorial.egg-info/SOURCES.txt'
[6.526s] running build
[6.528s] running build_py
[6.528s] running install
[6.528s] running install_lib
[6.528s] running install_data
[6.528s] copying launch/robot_joint.launch.py -> /home/robot/robot_ws/install/urdf_tutorial/share/urdf_tutorial/launch
[6.528s] running install_egg_info
[6.533s] removing '/home/robot/robot_ws/install/urdf_tutorial/lib/python3.10/site-packages/urdf_tutorial-0.0.0-py3.10.egg-info' (and everything under it)
[6.533s] Copying ../../build/urdf_tutorial/urdf_tutorial.egg-info to /home/robot/robot_ws/install/urdf_tutorial/lib/python3.10/site-packages/urdf_tutorial-0.0.0-py3.10.egg-info
[6.536s] running install_scripts
[6.569s] Installing fake_driver script to /home/robot/robot_ws/install/urdf_tutorial/lib/urdf_tutorial
[6.569s] writing list of installed files to '/home/robot/robot_ws/build/urdf_tutorial/install.log'
[6.853s] Invoked command in '/home/robot/robot_ws/src/urdf_tutorial' returned '0': PYTHONPATH=/home/robot/robot_ws/build/urdf_tutorial/prefix_override:/home/robot/robot_ws/install/urdf_tutorial/lib/python3.10/site-packages:${PYTHONPATH} /usr/bin/python3 setup.py egg_info --egg-base ../../build/urdf_tutorial build --build-base /home/robot/robot_ws/build/urdf_tutorial/build install --record /home/robot/robot_ws/build/urdf_tutorial/install.log --single-version-externally-managed
