[0.230s] Invoking command in '/home/robot/robot_ws/build/pointcloud_to_laserscan': CMAKE_PREFIX_PATH=${CMAKE_PREFIX_PATH}:/home/robot/robot_ws/install/urdf_tutorial:/home/robot/turtlebot3_ws/install/turtlebot3_teleop:/home/robot/turtlebot3_ws/install/turtlebot3_example:/opt/ros/humble /usr/bin/cmake --build /home/robot/robot_ws/build/pointcloud_to_laserscan -- -j4 -l4
[0.374s] [ 20%] Built target pointcloud_to_laserscan_node
[0.421s] [ 40%] Built target laserscan_to_pointcloud_node
[0.428s] [ 60%] Built target laserscan_to_pointcloud
[0.575s] [ 80%] Built target pointcloud_to_laserscan
[0.619s] [100%] Built target dummy_pointcloud_publisher
[0.689s] Invoked command in '/home/robot/robot_ws/build/pointcloud_to_laserscan' returned '0': CMAKE_PREFIX_PATH=${CMAKE_PREFIX_PATH}:/home/robot/robot_ws/install/urdf_tutorial:/home/robot/turtlebot3_ws/install/turtlebot3_teleop:/home/robot/turtlebot3_ws/install/turtlebot3_example:/opt/ros/humble /usr/bin/cmake --build /home/robot/robot_ws/build/pointcloud_to_laserscan -- -j4 -l4
[1.109s] Invoking command in '/home/robot/robot_ws/build/pointcloud_to_laserscan': CMAKE_PREFIX_PATH=${CMAKE_PREFIX_PATH}:/home/robot/robot_ws/install/urdf_tutorial:/home/robot/turtlebot3_ws/install/turtlebot3_teleop:/home/robot/turtlebot3_ws/install/turtlebot3_example:/opt/ros/humble /usr/bin/cmake --install /home/robot/robot_ws/build/pointcloud_to_laserscan
[1.417s] -- Install configuration: "Debug"
[1.418s] -- Execute custom install script
[1.418s] -- Up-to-date symlink: /home/robot/robot_ws/install/pointcloud_to_laserscan/lib/pointcloud_to_laserscan/laserscan_to_pointcloud_node
[1.418s] -- Up-to-date symlink: /home/robot/robot_ws/install/pointcloud_to_laserscan/lib/pointcloud_to_laserscan/pointcloud_to_laserscan_node
[1.418s] -- Up-to-date symlink: /home/robot/robot_ws/install/pointcloud_to_laserscan/include/pointcloud_to_laserscan/laserscan_to_pointcloud_node.hpp
[1.418s] -- Up-to-date symlink: /home/robot/robot_ws/install/pointcloud_to_laserscan/include/pointcloud_to_laserscan/pointcloud_to_laserscan_node.hpp
[1.418s] -- Up-to-date symlink: /home/robot/robot_ws/install/pointcloud_to_laserscan/include/pointcloud_to_laserscan/visibility_control.h
[1.418s] -- Up-to-date symlink: /home/robot/robot_ws/install/pointcloud_to_laserscan/share/pointcloud_to_laserscan/environment/library_path.sh
[1.418s] -- Up-to-date symlink: /home/robot/robot_ws/install/pointcloud_to_laserscan/share/pointcloud_to_laserscan/environment/library_path.dsv
[1.418s] -- Up-to-date symlink: /home/robot/robot_ws/install/pointcloud_to_laserscan/lib/liblaserscan_to_pointcloud.so
[1.419s] -- Up-to-date symlink: /home/robot/robot_ws/install/pointcloud_to_laserscan/lib/libpointcloud_to_laserscan.so
[1.419s] -- Up-to-date symlink: /home/robot/robot_ws/install/pointcloud_to_laserscan/lib/pointcloud_to_laserscan/dummy_pointcloud_publisher
[1.419s] -- Up-to-date symlink: /home/robot/robot_ws/install/pointcloud_to_laserscan/share/pointcloud_to_laserscan/launch/sample_laserscan_to_pointcloud_launch.py
[1.419s] -- Up-to-date symlink: /home/robot/robot_ws/install/pointcloud_to_laserscan/share/pointcloud_to_laserscan/launch/sample_pointcloud_to_laserscan_launch.py
[1.420s] -- Up-to-date symlink: /home/robot/robot_ws/install/pointcloud_to_laserscan/share/ament_index/resource_index/package_run_dependencies/pointcloud_to_laserscan
[1.420s] -- Up-to-date symlink: /home/robot/robot_ws/install/pointcloud_to_laserscan/share/ament_index/resource_index/parent_prefix_path/pointcloud_to_laserscan
[1.420s] -- Up-to-date symlink: /home/robot/robot_ws/install/pointcloud_to_laserscan/share/pointcloud_to_laserscan/environment/ament_prefix_path.sh
[1.420s] -- Up-to-date symlink: /home/robot/robot_ws/install/pointcloud_to_laserscan/share/pointcloud_to_laserscan/environment/ament_prefix_path.dsv
[1.420s] -- Up-to-date symlink: /home/robot/robot_ws/install/pointcloud_to_laserscan/share/pointcloud_to_laserscan/environment/path.sh
[1.421s] -- Up-to-date symlink: /home/robot/robot_ws/install/pointcloud_to_laserscan/share/pointcloud_to_laserscan/environment/path.dsv
[1.421s] -- Up-to-date symlink: /home/robot/robot_ws/install/pointcloud_to_laserscan/share/pointcloud_to_laserscan/local_setup.bash
[1.421s] -- Up-to-date symlink: /home/robot/robot_ws/install/pointcloud_to_laserscan/share/pointcloud_to_laserscan/local_setup.sh
[1.421s] -- Up-to-date symlink: /home/robot/robot_ws/install/pointcloud_to_laserscan/share/pointcloud_to_laserscan/local_setup.zsh
[1.422s] -- Up-to-date symlink: /home/robot/robot_ws/install/pointcloud_to_laserscan/share/pointcloud_to_laserscan/local_setup.dsv
[1.424s] -- Symlinking: /home/robot/robot_ws/install/pointcloud_to_laserscan/share/pointcloud_to_laserscan/package.dsv
[1.424s] -- Up-to-date symlink: /home/robot/robot_ws/install/pointcloud_to_laserscan/share/ament_index/resource_index/packages/pointcloud_to_laserscan
[1.424s] -- Up-to-date symlink: /home/robot/robot_ws/install/pointcloud_to_laserscan/share/ament_index/resource_index/rclcpp_components/pointcloud_to_laserscan
[1.425s] -- Up-to-date symlink: /home/robot/robot_ws/install/pointcloud_to_laserscan/share/pointcloud_to_laserscan/cmake/ament_cmake_export_dependencies-extras.cmake
[1.425s] -- Up-to-date symlink: /home/robot/robot_ws/install/pointcloud_to_laserscan/share/pointcloud_to_laserscan/cmake/ament_cmake_export_include_directories-extras.cmake
[1.425s] -- Up-to-date symlink: /home/robot/robot_ws/install/pointcloud_to_laserscan/share/pointcloud_to_laserscan/cmake/ament_cmake_export_libraries-extras.cmake
[1.425s] -- Up-to-date symlink: /home/robot/robot_ws/install/pointcloud_to_laserscan/share/pointcloud_to_laserscan/cmake/pointcloud_to_laserscanConfig.cmake
[1.425s] -- Up-to-date symlink: /home/robot/robot_ws/install/pointcloud_to_laserscan/share/pointcloud_to_laserscan/cmake/pointcloud_to_laserscanConfig-version.cmake
[1.426s] -- Up-to-date symlink: /home/robot/robot_ws/install/pointcloud_to_laserscan/share/pointcloud_to_laserscan/package.xml
[1.941s] Invoked command in '/home/robot/robot_ws/build/pointcloud_to_laserscan' returned '0': CMAKE_PREFIX_PATH=${CMAKE_PREFIX_PATH}:/home/robot/robot_ws/install/urdf_tutorial:/home/robot/turtlebot3_ws/install/turtlebot3_teleop:/home/robot/turtlebot3_ws/install/turtlebot3_example:/opt/ros/humble /usr/bin/cmake --install /home/robot/robot_ws/build/pointcloud_to_laserscan
