[0.684s] Invoking command in '/home/robot/robot_ws/build/message_interface': CMAKE_PREFIX_PATH=${CMAKE_PREFIX_PATH}:/home/robot/robot_ws/install/urdf_tutorial:/home/robot/turtlebot3_ws/install/turtlebot3_teleop:/home/robot/turtlebot3_ws/install/turtlebot3_example:/opt/ros/humble /usr/bin/cmake --build /home/robot/robot_ws/build/message_interface -- -j4 -l4
[0.774s] [ 10%] Built target message_interface__rosidl_generator_c
[0.803s] [ 12%] Built target message_interface__cpp
[0.810s] [ 12%] Built target ament_cmake_python_symlink_message_interface
[0.811s] [ 23%] Built target message_interface__rosidl_typesupport_fastrtps_c
[0.878s] [ 33%] Built target message_interface__rosidl_typesupport_introspection_c
[0.889s] [ 43%] Built target message_interface__rosidl_typesupport_c
[0.917s] [ 53%] Built target message_interface__rosidl_typesupport_fastrtps_cpp
[0.933s] [ 64%] Built target message_interface__rosidl_typesupport_introspection_cpp
[0.965s] [ 74%] Built target message_interface__rosidl_typesupport_cpp
[1.023s] [ 74%] Built target message_interface
[1.121s] [ 76%] Built target message_interface__py
[1.205s] [ 84%] Built target message_interface__rosidl_generator_py
[1.275s] [ 89%] Built target message_interface__rosidl_typesupport_introspection_c__pyext
[1.335s] [ 94%] Built target message_interface__rosidl_typesupport_c__pyext
[1.349s] [100%] Built target message_interface__rosidl_typesupport_fastrtps_c__pyext
[1.444s] running egg_info
[1.444s] writing message_interface.egg-info/PKG-INFO
[1.444s] writing dependency_links to message_interface.egg-info/dependency_links.txt
[1.445s] writing top-level names to message_interface.egg-info/top_level.txt
[1.449s] reading manifest file 'message_interface.egg-info/SOURCES.txt'
[1.453s] writing manifest file 'message_interface.egg-info/SOURCES.txt'
[1.501s] [100%] Built target ament_cmake_python_build_message_interface_egg
[2.225s] Invoked command in '/home/robot/robot_ws/build/message_interface' returned '0': CMAKE_PREFIX_PATH=${CMAKE_PREFIX_PATH}:/home/robot/robot_ws/install/urdf_tutorial:/home/robot/turtlebot3_ws/install/turtlebot3_teleop:/home/robot/turtlebot3_ws/install/turtlebot3_example:/opt/ros/humble /usr/bin/cmake --build /home/robot/robot_ws/build/message_interface -- -j4 -l4
[2.593s] Invoking command in '/home/robot/robot_ws/build/message_interface': CMAKE_PREFIX_PATH=${CMAKE_PREFIX_PATH}:/home/robot/robot_ws/install/urdf_tutorial:/home/robot/turtlebot3_ws/install/turtlebot3_teleop:/home/robot/turtlebot3_ws/install/turtlebot3_example:/opt/ros/humble /usr/bin/cmake --install /home/robot/robot_ws/build/message_interface
[2.606s] -- Install configuration: "Debug"
[2.606s] -- Execute custom install script
[2.607s] -- Up-to-date symlink: /home/robot/robot_ws/install/message_interface/share/ament_index/resource_index/rosidl_interfaces/message_interface
[2.607s] -- Up-to-date symlink: /home/robot/robot_ws/install/message_interface/include/message_interface/message_interface/msg/detail/iscoast__functions.h
[2.609s] -- Up-to-date symlink: /home/robot/robot_ws/install/message_interface/include/message_interface/message_interface/msg/detail/iscoast__struct.h
[2.610s] -- Up-to-date symlink: /home/robot/robot_ws/install/message_interface/include/message_interface/message_interface/msg/detail/iscoast__type_support.h
[2.610s] -- Up-to-date symlink: /home/robot/robot_ws/install/message_interface/include/message_interface/message_interface/msg/detail/mode__functions.h
[2.610s] -- Up-to-date symlink: /home/robot/robot_ws/install/message_interface/include/message_interface/message_interface/msg/detail/mode__struct.h
[2.611s] -- Up-to-date symlink: /home/robot/robot_ws/install/message_interface/include/message_interface/message_interface/msg/detail/mode__type_support.h
[2.611s] -- Up-to-date symlink: /home/robot/robot_ws/install/message_interface/include/message_interface/message_interface/msg/iscoast.h
[2.612s] -- Up-to-date symlink: /home/robot/robot_ws/install/message_interface/include/message_interface/message_interface/msg/mode.h
[2.612s] -- Up-to-date symlink: /home/robot/robot_ws/install/message_interface/include/message_interface/message_interface/msg/rosidl_generator_c__visibility_control.h
[2.613s] -- Up-to-date symlink: /home/robot/robot_ws/install/message_interface/share/message_interface/environment/library_path.sh
[2.613s] -- Up-to-date symlink: /home/robot/robot_ws/install/message_interface/share/message_interface/environment/library_path.dsv
[2.614s] -- Up-to-date symlink: /home/robot/robot_ws/install/message_interface/include/message_interface/message_interface/msg/detail/iscoast__rosidl_typesupport_fastrtps_c.h
[2.615s] -- Up-to-date symlink: /home/robot/robot_ws/install/message_interface/include/message_interface/message_interface/msg/detail/mode__rosidl_typesupport_fastrtps_c.h
[2.615s] -- Up-to-date symlink: /home/robot/robot_ws/install/message_interface/include/message_interface/message_interface/msg/rosidl_typesupport_fastrtps_c__visibility_control.h
[2.616s] -- Up-to-date symlink: /home/robot/robot_ws/install/message_interface/include/message_interface/message_interface/msg/detail/iscoast__rosidl_typesupport_introspection_c.h
[2.617s] -- Up-to-date symlink: /home/robot/robot_ws/install/message_interface/include/message_interface/message_interface/msg/detail/mode__rosidl_typesupport_introspection_c.h
[2.620s] -- Up-to-date symlink: /home/robot/robot_ws/install/message_interface/include/message_interface/message_interface/msg/rosidl_typesupport_introspection_c__visibility_control.h
[2.621s] -- Up-to-date symlink: /home/robot/robot_ws/install/message_interface/include/message_interface/message_interface/msg/detail/iscoast__builder.hpp
[2.621s] -- Up-to-date symlink: /home/robot/robot_ws/install/message_interface/include/message_interface/message_interface/msg/detail/iscoast__struct.hpp
[2.622s] -- Up-to-date symlink: /home/robot/robot_ws/install/message_interface/include/message_interface/message_interface/msg/detail/iscoast__traits.hpp
[2.622s] -- Up-to-date symlink: /home/robot/robot_ws/install/message_interface/include/message_interface/message_interface/msg/detail/mode__builder.hpp
[2.627s] -- Up-to-date symlink: /home/robot/robot_ws/install/message_interface/include/message_interface/message_interface/msg/detail/mode__struct.hpp
[2.629s] -- Up-to-date symlink: /home/robot/robot_ws/install/message_interface/include/message_interface/message_interface/msg/detail/mode__traits.hpp
[2.630s] -- Up-to-date symlink: /home/robot/robot_ws/install/message_interface/include/message_interface/message_interface/msg/iscoast.hpp
[2.630s] -- Up-to-date symlink: /home/robot/robot_ws/install/message_interface/include/message_interface/message_interface/msg/mode.hpp
[2.630s] -- Up-to-date symlink: /home/robot/robot_ws/install/message_interface/include/message_interface/message_interface/msg/detail/iscoast__rosidl_typesupport_fastrtps_cpp.hpp
[2.631s] -- Up-to-date symlink: /home/robot/robot_ws/install/message_interface/include/message_interface/message_interface/msg/detail/mode__rosidl_typesupport_fastrtps_cpp.hpp
[2.631s] -- Up-to-date symlink: /home/robot/robot_ws/install/message_interface/include/message_interface/message_interface/msg/rosidl_typesupport_fastrtps_cpp__visibility_control.h
[2.631s] -- Up-to-date symlink: /home/robot/robot_ws/install/message_interface/include/message_interface/message_interface/msg/detail/iscoast__rosidl_typesupport_introspection_cpp.hpp
[2.631s] -- Up-to-date symlink: /home/robot/robot_ws/install/message_interface/include/message_interface/message_interface/msg/detail/mode__rosidl_typesupport_introspection_cpp.hpp
[2.632s] -- Up-to-date symlink: /home/robot/robot_ws/install/message_interface/share/message_interface/environment/pythonpath.sh
[2.632s] -- Up-to-date symlink: /home/robot/robot_ws/install/message_interface/share/message_interface/environment/pythonpath.dsv
[2.632s] -- Up-to-date symlink: /home/robot/robot_ws/install/message_interface/local/lib/python3.10/dist-packages/message_interface-0.0.0-py3.10.egg-info/PKG-INFO
[2.635s] -- Up-to-date symlink: /home/robot/robot_ws/install/message_interface/local/lib/python3.10/dist-packages/message_interface-0.0.0-py3.10.egg-info/SOURCES.txt
[2.635s] -- Up-to-date symlink: /home/robot/robot_ws/install/message_interface/local/lib/python3.10/dist-packages/message_interface-0.0.0-py3.10.egg-info/dependency_links.txt
[2.636s] -- Up-to-date symlink: /home/robot/robot_ws/install/message_interface/local/lib/python3.10/dist-packages/message_interface-0.0.0-py3.10.egg-info/top_level.txt
[2.637s] -- Up-to-date symlink: /home/robot/robot_ws/install/message_interface/local/lib/python3.10/dist-packages/message_interface/__init__.py
[2.638s] -- Up-to-date symlink: /home/robot/robot_ws/install/message_interface/local/lib/python3.10/dist-packages/message_interface/_message_interface_s.ep.rosidl_typesupport_c.c
[2.638s] -- Up-to-date symlink: /home/robot/robot_ws/install/message_interface/local/lib/python3.10/dist-packages/message_interface/_message_interface_s.ep.rosidl_typesupport_fastrtps_c.c
[2.639s] -- Up-to-date symlink: /home/robot/robot_ws/install/message_interface/local/lib/python3.10/dist-packages/message_interface/_message_interface_s.ep.rosidl_typesupport_introspection_c.c
[2.639s] -- Up-to-date symlink: /home/robot/robot_ws/install/message_interface/local/lib/python3.10/dist-packages/message_interface/libmessage_interface__rosidl_generator_py.so
[2.639s] -- Up-to-date symlink: /home/robot/robot_ws/install/message_interface/local/lib/python3.10/dist-packages/message_interface/message_interface_s__rosidl_typesupport_c.cpython-310-x86_64-linux-gnu.so
[2.640s] -- Up-to-date symlink: /home/robot/robot_ws/install/message_interface/local/lib/python3.10/dist-packages/message_interface/message_interface_s__rosidl_typesupport_fastrtps_c.cpython-310-x86_64-linux-gnu.so
[2.640s] -- Up-to-date symlink: /home/robot/robot_ws/install/message_interface/local/lib/python3.10/dist-packages/message_interface/message_interface_s__rosidl_typesupport_introspection_c.cpython-310-x86_64-linux-gnu.so
[2.640s] -- Up-to-date symlink: /home/robot/robot_ws/install/message_interface/local/lib/python3.10/dist-packages/message_interface/msg/__init__.py
[2.641s] -- Up-to-date symlink: /home/robot/robot_ws/install/message_interface/local/lib/python3.10/dist-packages/message_interface/msg/_iscoast.py
[2.641s] -- Up-to-date symlink: /home/robot/robot_ws/install/message_interface/local/lib/python3.10/dist-packages/message_interface/msg/_iscoast_s.c
[2.642s] -- Up-to-date symlink: /home/robot/robot_ws/install/message_interface/local/lib/python3.10/dist-packages/message_interface/msg/_mode.py
[2.642s] -- Up-to-date symlink: /home/robot/robot_ws/install/message_interface/local/lib/python3.10/dist-packages/message_interface/msg/_mode_s.c
[2.642s] -- Up-to-date symlink: /home/robot/robot_ws/install/message_interface/local/lib/python3.10/dist-packages/message_interface/message_interface_s__rosidl_typesupport_fastrtps_c.cpython-310-x86_64-linux-gnu.so
[2.643s] -- Up-to-date symlink: /home/robot/robot_ws/install/message_interface/local/lib/python3.10/dist-packages/message_interface/message_interface_s__rosidl_typesupport_introspection_c.cpython-310-x86_64-linux-gnu.so
[2.644s] -- Up-to-date symlink: /home/robot/robot_ws/install/message_interface/local/lib/python3.10/dist-packages/message_interface/message_interface_s__rosidl_typesupport_c.cpython-310-x86_64-linux-gnu.so
[2.644s] -- Up-to-date symlink: /home/robot/robot_ws/install/message_interface/share/message_interface/msg/Mode.idl
[2.645s] -- Up-to-date symlink: /home/robot/robot_ws/install/message_interface/share/message_interface/msg/Iscoast.idl
[2.645s] -- Up-to-date symlink: /home/robot/robot_ws/install/message_interface/share/message_interface/msg/Mode.msg
[2.646s] -- Up-to-date symlink: /home/robot/robot_ws/install/message_interface/share/message_interface/msg/Iscoast.msg
[2.646s] -- Up-to-date symlink: /home/robot/robot_ws/install/message_interface/share/ament_index/resource_index/package_run_dependencies/message_interface
[2.647s] -- Up-to-date symlink: /home/robot/robot_ws/install/message_interface/share/ament_index/resource_index/parent_prefix_path/message_interface
[2.651s] -- Up-to-date symlink: /home/robot/robot_ws/install/message_interface/share/message_interface/environment/ament_prefix_path.sh
[2.651s] -- Up-to-date symlink: /home/robot/robot_ws/install/message_interface/share/message_interface/environment/ament_prefix_path.dsv
[2.652s] -- Up-to-date symlink: /home/robot/robot_ws/install/message_interface/share/message_interface/environment/path.sh
[2.652s] -- Up-to-date symlink: /home/robot/robot_ws/install/message_interface/share/message_interface/environment/path.dsv
[2.652s] -- Up-to-date symlink: /home/robot/robot_ws/install/message_interface/share/message_interface/local_setup.bash
[2.652s] -- Up-to-date symlink: /home/robot/robot_ws/install/message_interface/share/message_interface/local_setup.sh
[2.652s] -- Up-to-date symlink: /home/robot/robot_ws/install/message_interface/share/message_interface/local_setup.zsh
[2.652s] -- Up-to-date symlink: /home/robot/robot_ws/install/message_interface/share/message_interface/local_setup.dsv
[2.652s] -- Symlinking: /home/robot/robot_ws/install/message_interface/share/message_interface/package.dsv
[2.668s] -- Up-to-date symlink: /home/robot/robot_ws/install/message_interface/share/ament_index/resource_index/packages/message_interface
[2.668s] -- Up-to-date symlink: /home/robot/robot_ws/install/message_interface/share/message_interface/cmake/rosidl_cmake-extras.cmake
[2.668s] -- Up-to-date symlink: /home/robot/robot_ws/install/message_interface/share/message_interface/cmake/ament_cmake_export_include_directories-extras.cmake
[2.669s] -- Up-to-date symlink: /home/robot/robot_ws/install/message_interface/share/message_interface/cmake/ament_cmake_export_libraries-extras.cmake
[2.669s] -- Up-to-date symlink: /home/robot/robot_ws/install/message_interface/share/message_interface/cmake/ament_cmake_export_targets-extras.cmake
[2.669s] -- Up-to-date symlink: /home/robot/robot_ws/install/message_interface/share/message_interface/cmake/rosidl_cmake_export_typesupport_targets-extras.cmake
[2.670s] -- Up-to-date symlink: /home/robot/robot_ws/install/message_interface/share/message_interface/cmake/ament_cmake_export_dependencies-extras.cmake
[2.670s] -- Up-to-date symlink: /home/robot/robot_ws/install/message_interface/share/message_interface/cmake/rosidl_cmake_export_typesupport_libraries-extras.cmake
[2.671s] -- Up-to-date symlink: /home/robot/robot_ws/install/message_interface/share/message_interface/cmake/message_interfaceConfig.cmake
[2.671s] -- Up-to-date symlink: /home/robot/robot_ws/install/message_interface/share/message_interface/cmake/message_interfaceConfig-version.cmake
[2.671s] -- Up-to-date symlink: /home/robot/robot_ws/install/message_interface/share/message_interface/package.xml
[2.672s] -- Up-to-date: /home/robot/robot_ws/install/message_interface/lib/libmessage_interface__rosidl_generator_c.so
[2.672s] -- Up-to-date: /home/robot/robot_ws/install/message_interface/lib/libmessage_interface__rosidl_typesupport_fastrtps_c.so
[2.672s] -- Up-to-date: /home/robot/robot_ws/install/message_interface/lib/libmessage_interface__rosidl_typesupport_introspection_c.so
[2.672s] -- Up-to-date: /home/robot/robot_ws/install/message_interface/lib/libmessage_interface__rosidl_typesupport_c.so
[2.673s] -- Up-to-date: /home/robot/robot_ws/install/message_interface/lib/libmessage_interface__rosidl_typesupport_fastrtps_cpp.so
[2.673s] -- Up-to-date: /home/robot/robot_ws/install/message_interface/lib/libmessage_interface__rosidl_typesupport_introspection_cpp.so
[2.673s] -- Up-to-date: /home/robot/robot_ws/install/message_interface/lib/libmessage_interface__rosidl_typesupport_cpp.so
[2.803s] Listing '/home/robot/robot_ws/install/message_interface/local/lib/python3.10/dist-packages/message_interface'...
[2.803s] Listing '/home/robot/robot_ws/install/message_interface/local/lib/python3.10/dist-packages/message_interface/msg'...
[2.812s] -- Up-to-date: /home/robot/robot_ws/install/message_interface/lib/libmessage_interface__rosidl_generator_py.so
[2.814s] -- Up-to-date: /home/robot/robot_ws/install/message_interface/share/message_interface/cmake/export_message_interface__rosidl_generator_cExport.cmake
[2.815s] -- Up-to-date: /home/robot/robot_ws/install/message_interface/share/message_interface/cmake/export_message_interface__rosidl_generator_cExport-debug.cmake
[2.815s] -- Up-to-date: /home/robot/robot_ws/install/message_interface/share/message_interface/cmake/export_message_interface__rosidl_typesupport_fastrtps_cExport.cmake
[2.815s] -- Up-to-date: /home/robot/robot_ws/install/message_interface/share/message_interface/cmake/export_message_interface__rosidl_typesupport_fastrtps_cExport-debug.cmake
[2.816s] -- Up-to-date: /home/robot/robot_ws/install/message_interface/share/message_interface/cmake/message_interface__rosidl_typesupport_introspection_cExport.cmake
[2.816s] -- Up-to-date: /home/robot/robot_ws/install/message_interface/share/message_interface/cmake/message_interface__rosidl_typesupport_introspection_cExport-debug.cmake
[2.816s] -- Up-to-date: /home/robot/robot_ws/install/message_interface/share/message_interface/cmake/message_interface__rosidl_typesupport_cExport.cmake
[2.816s] -- Up-to-date: /home/robot/robot_ws/install/message_interface/share/message_interface/cmake/message_interface__rosidl_typesupport_cExport-debug.cmake
[2.816s] -- Up-to-date: /home/robot/robot_ws/install/message_interface/share/message_interface/cmake/export_message_interface__rosidl_generator_cppExport.cmake
[2.818s] -- Up-to-date: /home/robot/robot_ws/install/message_interface/share/message_interface/cmake/export_message_interface__rosidl_typesupport_fastrtps_cppExport.cmake
[2.818s] -- Up-to-date: /home/robot/robot_ws/install/message_interface/share/message_interface/cmake/export_message_interface__rosidl_typesupport_fastrtps_cppExport-debug.cmake
[2.818s] -- Up-to-date: /home/robot/robot_ws/install/message_interface/share/message_interface/cmake/message_interface__rosidl_typesupport_introspection_cppExport.cmake
[2.818s] -- Up-to-date: /home/robot/robot_ws/install/message_interface/share/message_interface/cmake/message_interface__rosidl_typesupport_introspection_cppExport-debug.cmake
[2.819s] -- Up-to-date: /home/robot/robot_ws/install/message_interface/share/message_interface/cmake/message_interface__rosidl_typesupport_cppExport.cmake
[2.819s] -- Up-to-date: /home/robot/robot_ws/install/message_interface/share/message_interface/cmake/message_interface__rosidl_typesupport_cppExport-debug.cmake
[2.819s] -- Up-to-date: /home/robot/robot_ws/install/message_interface/share/message_interface/cmake/export_message_interface__rosidl_generator_pyExport.cmake
[2.819s] -- Up-to-date: /home/robot/robot_ws/install/message_interface/share/message_interface/cmake/export_message_interface__rosidl_generator_pyExport-debug.cmake
[2.832s] Invoked command in '/home/robot/robot_ws/build/message_interface' returned '0': CMAKE_PREFIX_PATH=${CMAKE_PREFIX_PATH}:/home/robot/robot_ws/install/urdf_tutorial:/home/robot/turtlebot3_ws/install/turtlebot3_teleop:/home/robot/turtlebot3_ws/install/turtlebot3_example:/opt/ros/humble /usr/bin/cmake --install /home/robot/robot_ws/build/message_interface
