[0.863s] Invoking command in '/home/robot/robot_ws/build/message_interface': CMAKE_PREFIX_PATH=${CMAKE_PREFIX_PATH}:/home/robot/robot_ws/install/urdf_tutorial:/home/robot/turtlebot3_ws/install/turtlebot3_teleop:/home/robot/turtlebot3_ws/install/turtlebot3_example:/opt/ros/humble /usr/bin/cmake /home/robot/robot_ws/src/message_interface -DCMAKE_BUILD_TYPE=Debug -DCMAKE_INSTALL_PREFIX=/home/robot/robot_ws/install/message_interface
[0.892s] -- Found ament_cmake: 1.3.7 (/opt/ros/humble/share/ament_cmake/cmake)
[1.344s] -- Found rosidl_default_generators: 1.2.0 (/opt/ros/humble/share/rosidl_default_generators/cmake)
[1.369s] -- Using all available rosidl_typesupport_c: rosidl_typesupport_fastrtps_c;rosidl_typesupport_introspection_c
[1.379s] -- Found rosidl_adapter: 3.1.5 (/opt/ros/humble/share/rosidl_adapter/cmake)
[1.545s] -- Using all available rosidl_typesupport_cpp: rosidl_typesupport_fastrtps_cpp;rosidl_typesupport_introspection_cpp
[2.464s] -- Found ament_cmake_ros: 0.10.0 (/opt/ros/humble/share/ament_cmake_ros/cmake)
[3.192s] -- Using all available rosidl_typesupport_c: rosidl_typesupport_fastrtps_c;rosidl_typesupport_introspection_c
[4.092s] -- Using all available rosidl_typesupport_cpp: rosidl_typesupport_fastrtps_cpp;rosidl_typesupport_introspection_cpp
[4.179s] -- Found python_cmake_module: 0.10.0 (/opt/ros/humble/share/python_cmake_module/cmake)
[4.236s] -- Using PYTHON_EXECUTABLE: /usr/bin/python3
[4.236s] -- Using PYTHON_INCLUDE_DIRS: /usr/include/python3.10
[4.236s] -- Using PYTHON_LIBRARIES: /usr/lib/x86_64-linux-gnu/libpython3.10.so
[4.361s] -- Found ament_lint_auto: 0.12.10 (/opt/ros/humble/share/ament_lint_auto/cmake)
[4.377s] -- Added test 'lint_cmake' to check CMake code style
[4.379s] -- Added test 'xmllint' to check XML markup files
[4.386s] -- Configuring done
[4.519s] -- Generating done
[4.537s] -- Build files have been written to: /home/robot/robot_ws/build/message_interface
[4.700s] Invoked command in '/home/robot/robot_ws/build/message_interface' returned '0': CMAKE_PREFIX_PATH=${CMAKE_PREFIX_PATH}:/home/robot/robot_ws/install/urdf_tutorial:/home/robot/turtlebot3_ws/install/turtlebot3_teleop:/home/robot/turtlebot3_ws/install/turtlebot3_example:/opt/ros/humble /usr/bin/cmake /home/robot/robot_ws/src/message_interface -DCMAKE_BUILD_TYPE=Debug -DCMAKE_INSTALL_PREFIX=/home/robot/robot_ws/install/message_interface
[4.701s] Invoking command in '/home/robot/robot_ws/build/message_interface': CMAKE_PREFIX_PATH=${CMAKE_PREFIX_PATH}:/home/robot/robot_ws/install/urdf_tutorial:/home/robot/turtlebot3_ws/install/turtlebot3_teleop:/home/robot/turtlebot3_ws/install/turtlebot3_example:/opt/ros/humble /usr/bin/cmake --build /home/robot/robot_ws/build/message_interface -- -j4 -l4
[4.828s] [  3%] Built target message_interface__cpp
[4.939s] [  3%] Built target ament_cmake_python_copy_message_interface
[4.991s] [35m[1mConsolidate compiler generated dependencies of target message_interface__rosidl_typesupport_fastrtps_cpp[0m
[5.023s] [  6%] [32mBuilding CXX object CMakeFiles/message_interface__rosidl_typesupport_fastrtps_cpp.dir/rosidl_typesupport_fastrtps_cpp/message_interface/msg/detail/dds_fastrtps/mode__type_support.cpp.o[0m
[6.629s] [  9%] [32m[1mLinking CXX shared library libmessage_interface__rosidl_typesupport_fastrtps_cpp.so[0m
[6.991s] [ 12%] Built target message_interface__rosidl_typesupport_fastrtps_cpp
[7.025s] [35m[1mConsolidate compiler generated dependencies of target message_interface__rosidl_typesupport_introspection_cpp[0m
[7.109s] [ 16%] [32mBuilding CXX object CMakeFiles/message_interface__rosidl_typesupport_introspection_cpp.dir/rosidl_typesupport_introspection_cpp/message_interface/msg/detail/mode__type_support.cpp.o[0m
[8.346s] [ 19%] [32m[1mLinking CXX shared library libmessage_interface__rosidl_typesupport_introspection_cpp.so[0m
[8.502s] [ 22%] Built target message_interface__rosidl_typesupport_introspection_cpp
[9.107s] running egg_info
[9.112s] writing message_interface.egg-info/PKG-INFO
[9.113s] writing dependency_links to message_interface.egg-info/dependency_links.txt
[9.113s] writing top-level names to message_interface.egg-info/top_level.txt
[9.113s] reading manifest file 'message_interface.egg-info/SOURCES.txt'
[9.114s] writing manifest file 'message_interface.egg-info/SOURCES.txt'
[9.180s] [ 22%] Built target ament_cmake_python_build_message_interface_egg
[9.211s] [35m[1mConsolidate compiler generated dependencies of target message_interface__rosidl_typesupport_cpp[0m
[9.264s] [ 25%] [32mBuilding CXX object CMakeFiles/message_interface__rosidl_typesupport_cpp.dir/rosidl_typesupport_cpp/message_interface/msg/mode__type_support.cpp.o[0m
[9.952s] [ 29%] [32m[1mLinking CXX shared library libmessage_interface__rosidl_typesupport_cpp.so[0m
[10.013s] [ 32%] Built target message_interface__rosidl_typesupport_cpp
[10.083s] [35m[1mConsolidate compiler generated dependencies of target message_interface__rosidl_generator_c[0m
[10.183s] [ 35%] [32mBuilding C object CMakeFiles/message_interface__rosidl_generator_c.dir/rosidl_generator_c/message_interface/msg/detail/mode__functions.c.o[0m
[10.435s] [ 38%] [32m[1mLinking C shared library libmessage_interface__rosidl_generator_c.so[0m
[10.535s] [ 41%] Built target message_interface__rosidl_generator_c
[10.567s] [35m[1mConsolidate compiler generated dependencies of target message_interface__rosidl_typesupport_fastrtps_c[0m
[10.682s] [ 45%] [32mBuilding CXX object CMakeFiles/message_interface__rosidl_typesupport_fastrtps_c.dir/rosidl_typesupport_fastrtps_c/message_interface/msg/detail/mode__type_support_c.cpp.o[0m
[11.559s] [ 48%] [32m[1mLinking CXX shared library libmessage_interface__rosidl_typesupport_fastrtps_c.so[0m
[11.739s] [ 51%] Built target message_interface__rosidl_typesupport_fastrtps_c
[11.802s] [35m[1mConsolidate compiler generated dependencies of target message_interface__rosidl_typesupport_c[0m
[11.845s] [ 54%] [32mBuilding CXX object CMakeFiles/message_interface__rosidl_typesupport_c.dir/rosidl_typesupport_c/message_interface/msg/mode__type_support.cpp.o[0m
[11.955s] [ 58%] [32m[1mLinking CXX shared library libmessage_interface__rosidl_typesupport_c.so[0m
[12.123s] [ 61%] Built target message_interface__rosidl_typesupport_c
[12.207s] [35m[1mConsolidate compiler generated dependencies of target message_interface__rosidl_typesupport_introspection_c[0m
[12.274s] [ 64%] [32mBuilding C object CMakeFiles/message_interface__rosidl_typesupport_introspection_c.dir/rosidl_typesupport_introspection_c/message_interface/msg/detail/mode__type_support.c.o[0m
[12.389s] [ 67%] [32m[1mLinking C shared library libmessage_interface__rosidl_typesupport_introspection_c.so[0m
[12.563s] [ 70%] Built target message_interface__rosidl_typesupport_introspection_c
[12.688s] [ 70%] Built target message_interface
[12.781s] [ 74%] Built target message_interface__py
[12.859s] [35m[1mConsolidate compiler generated dependencies of target message_interface__rosidl_generator_py[0m
[12.911s] [ 77%] [32mBuilding C object CMakeFiles/message_interface__rosidl_generator_py.dir/rosidl_generator_py/message_interface/msg/_mode_s.c.o[0m
[13.610s] [ 80%] [32m[1mLinking C shared library rosidl_generator_py/message_interface/libmessage_interface__rosidl_generator_py.so[0m
[13.735s] [ 80%] Built target message_interface__rosidl_generator_py
[13.840s] [35m[1mConsolidate compiler generated dependencies of target message_interface__rosidl_typesupport_fastrtps_c__pyext[0m
[13.870s] [ 83%] [32mBuilding C object CMakeFiles/message_interface__rosidl_typesupport_fastrtps_c__pyext.dir/rosidl_generator_py/message_interface/_message_interface_s.ep.rosidl_typesupport_fastrtps_c.c.o[0m
[14.210s] [ 87%] [32m[1mLinking C shared library rosidl_generator_py/message_interface/message_interface_s__rosidl_typesupport_fastrtps_c.cpython-310-x86_64-linux-gnu.so[0m
[14.376s] [ 87%] Built target message_interface__rosidl_typesupport_fastrtps_c__pyext
[14.442s] [35m[1mConsolidate compiler generated dependencies of target message_interface__rosidl_typesupport_c__pyext[0m
[14.521s] [ 90%] [32mBuilding C object CMakeFiles/message_interface__rosidl_typesupport_c__pyext.dir/rosidl_generator_py/message_interface/_message_interface_s.ep.rosidl_typesupport_c.c.o[0m
[15.018s] [ 93%] [32m[1mLinking C shared library rosidl_generator_py/message_interface/message_interface_s__rosidl_typesupport_c.cpython-310-x86_64-linux-gnu.so[0m
[15.233s] [ 93%] Built target message_interface__rosidl_typesupport_c__pyext
[15.274s] [35m[1mConsolidate compiler generated dependencies of target message_interface__rosidl_typesupport_introspection_c__pyext[0m
[15.335s] [ 96%] [32mBuilding C object CMakeFiles/message_interface__rosidl_typesupport_introspection_c__pyext.dir/rosidl_generator_py/message_interface/_message_interface_s.ep.rosidl_typesupport_introspection_c.c.o[0m
[15.626s] [100%] [32m[1mLinking C shared library rosidl_generator_py/message_interface/message_interface_s__rosidl_typesupport_introspection_c.cpython-310-x86_64-linux-gnu.so[0m
[15.733s] [100%] Built target message_interface__rosidl_typesupport_introspection_c__pyext
[15.778s] Invoked command in '/home/robot/robot_ws/build/message_interface' returned '0': CMAKE_PREFIX_PATH=${CMAKE_PREFIX_PATH}:/home/robot/robot_ws/install/urdf_tutorial:/home/robot/turtlebot3_ws/install/turtlebot3_teleop:/home/robot/turtlebot3_ws/install/turtlebot3_example:/opt/ros/humble /usr/bin/cmake --build /home/robot/robot_ws/build/message_interface -- -j4 -l4
[16.396s] Invoking command in '/home/robot/robot_ws/build/message_interface': CMAKE_PREFIX_PATH=${CMAKE_PREFIX_PATH}:/home/robot/robot_ws/install/urdf_tutorial:/home/robot/turtlebot3_ws/install/turtlebot3_teleop:/home/robot/turtlebot3_ws/install/turtlebot3_example:/opt/ros/humble /usr/bin/cmake --install /home/robot/robot_ws/build/message_interface
[16.446s] -- Install configuration: "Debug"
[16.454s] -- Up-to-date: /home/robot/robot_ws/install/message_interface/share/ament_index/resource_index/rosidl_interfaces/message_interface
[16.459s] -- Up-to-date: /home/robot/robot_ws/install/message_interface/include/message_interface/message_interface
[16.459s] -- Up-to-date: /home/robot/robot_ws/install/message_interface/include/message_interface/message_interface/msg
[16.459s] -- Up-to-date: /home/robot/robot_ws/install/message_interface/include/message_interface/message_interface/msg/mode.h
[16.459s] -- Up-to-date: /home/robot/robot_ws/install/message_interface/include/message_interface/message_interface/msg/rosidl_generator_c__visibility_control.h
[16.462s] -- Up-to-date: /home/robot/robot_ws/install/message_interface/include/message_interface/message_interface/msg/detail
[16.463s] -- Up-to-date: /home/robot/robot_ws/install/message_interface/include/message_interface/message_interface/msg/detail/mode__type_support.h
[16.463s] -- Up-to-date: /home/robot/robot_ws/install/message_interface/include/message_interface/message_interface/msg/detail/mode__functions.c
[16.464s] -- Up-to-date: /home/robot/robot_ws/install/message_interface/include/message_interface/message_interface/msg/detail/mode__functions.h
[16.464s] -- Up-to-date: /home/robot/robot_ws/install/message_interface/include/message_interface/message_interface/msg/detail/mode__struct.h
[16.466s] -- Up-to-date: /home/robot/robot_ws/install/message_interface/share/message_interface/environment/library_path.sh
[16.466s] -- Installing: /home/robot/robot_ws/install/message_interface/share/message_interface/environment/library_path.dsv
[16.466s] -- Installing: /home/robot/robot_ws/install/message_interface/lib/libmessage_interface__rosidl_generator_c.so
[16.466s] -- Set runtime path of "/home/robot/robot_ws/install/message_interface/lib/libmessage_interface__rosidl_generator_c.so" to ""
[16.469s] -- Up-to-date: /home/robot/robot_ws/install/message_interface/include/message_interface/message_interface
[16.469s] -- Up-to-date: /home/robot/robot_ws/install/message_interface/include/message_interface/message_interface/msg
[16.469s] -- Up-to-date: /home/robot/robot_ws/install/message_interface/include/message_interface/message_interface/msg/rosidl_typesupport_fastrtps_c__visibility_control.h
[16.469s] -- Up-to-date: /home/robot/robot_ws/install/message_interface/include/message_interface/message_interface/msg/detail
[16.470s] -- Up-to-date: /home/robot/robot_ws/install/message_interface/include/message_interface/message_interface/msg/detail/mode__rosidl_typesupport_fastrtps_c.h
[16.470s] -- Installing: /home/robot/robot_ws/install/message_interface/lib/libmessage_interface__rosidl_typesupport_fastrtps_c.so
[16.470s] -- Set runtime path of "/home/robot/robot_ws/install/message_interface/lib/libmessage_interface__rosidl_typesupport_fastrtps_c.so" to ""
[16.470s] -- Up-to-date: /home/robot/robot_ws/install/message_interface/include/message_interface/message_interface
[16.470s] -- Up-to-date: /home/robot/robot_ws/install/message_interface/include/message_interface/message_interface/msg
[16.472s] -- Up-to-date: /home/robot/robot_ws/install/message_interface/include/message_interface/message_interface/msg/detail
[16.473s] -- Up-to-date: /home/robot/robot_ws/install/message_interface/include/message_interface/message_interface/msg/detail/mode__type_support.c
[16.473s] -- Up-to-date: /home/robot/robot_ws/install/message_interface/include/message_interface/message_interface/msg/detail/mode__rosidl_typesupport_introspection_c.h
[16.473s] -- Up-to-date: /home/robot/robot_ws/install/message_interface/include/message_interface/message_interface/msg/rosidl_typesupport_introspection_c__visibility_control.h
[16.473s] -- Installing: /home/robot/robot_ws/install/message_interface/lib/libmessage_interface__rosidl_typesupport_introspection_c.so
[16.473s] -- Set runtime path of "/home/robot/robot_ws/install/message_interface/lib/libmessage_interface__rosidl_typesupport_introspection_c.so" to ""
[16.473s] -- Installing: /home/robot/robot_ws/install/message_interface/lib/libmessage_interface__rosidl_typesupport_c.so
[16.473s] -- Set runtime path of "/home/robot/robot_ws/install/message_interface/lib/libmessage_interface__rosidl_typesupport_c.so" to ""
[16.473s] -- Up-to-date: /home/robot/robot_ws/install/message_interface/include/message_interface/message_interface
[16.473s] -- Up-to-date: /home/robot/robot_ws/install/message_interface/include/message_interface/message_interface/msg
[16.473s] -- Up-to-date: /home/robot/robot_ws/install/message_interface/include/message_interface/message_interface/msg/detail
[16.474s] -- Up-to-date: /home/robot/robot_ws/install/message_interface/include/message_interface/message_interface/msg/detail/mode__traits.hpp
[16.474s] -- Up-to-date: /home/robot/robot_ws/install/message_interface/include/message_interface/message_interface/msg/detail/mode__struct.hpp
[16.474s] -- Up-to-date: /home/robot/robot_ws/install/message_interface/include/message_interface/message_interface/msg/detail/mode__builder.hpp
[16.474s] -- Up-to-date: /home/robot/robot_ws/install/message_interface/include/message_interface/message_interface/msg/mode.hpp
[16.474s] -- Up-to-date: /home/robot/robot_ws/install/message_interface/include/message_interface/message_interface
[16.474s] -- Up-to-date: /home/robot/robot_ws/install/message_interface/include/message_interface/message_interface/msg
[16.481s] -- Up-to-date: /home/robot/robot_ws/install/message_interface/include/message_interface/message_interface/msg/rosidl_typesupport_fastrtps_cpp__visibility_control.h
[16.481s] -- Up-to-date: /home/robot/robot_ws/install/message_interface/include/message_interface/message_interface/msg/detail
[16.481s] -- Up-to-date: /home/robot/robot_ws/install/message_interface/include/message_interface/message_interface/msg/detail/dds_fastrtps
[16.481s] -- Up-to-date: /home/robot/robot_ws/install/message_interface/include/message_interface/message_interface/msg/detail/mode__rosidl_typesupport_fastrtps_cpp.hpp
[16.481s] -- Installing: /home/robot/robot_ws/install/message_interface/lib/libmessage_interface__rosidl_typesupport_fastrtps_cpp.so
[16.482s] -- Set runtime path of "/home/robot/robot_ws/install/message_interface/lib/libmessage_interface__rosidl_typesupport_fastrtps_cpp.so" to ""
[16.482s] -- Up-to-date: /home/robot/robot_ws/install/message_interface/include/message_interface/message_interface
[16.482s] -- Up-to-date: /home/robot/robot_ws/install/message_interface/include/message_interface/message_interface/msg
[16.482s] -- Up-to-date: /home/robot/robot_ws/install/message_interface/include/message_interface/message_interface/msg/detail
[16.482s] -- Up-to-date: /home/robot/robot_ws/install/message_interface/include/message_interface/message_interface/msg/detail/mode__type_support.cpp
[16.482s] -- Up-to-date: /home/robot/robot_ws/install/message_interface/include/message_interface/message_interface/msg/detail/mode__rosidl_typesupport_introspection_cpp.hpp
[16.482s] -- Installing: /home/robot/robot_ws/install/message_interface/lib/libmessage_interface__rosidl_typesupport_introspection_cpp.so
[16.482s] -- Set runtime path of "/home/robot/robot_ws/install/message_interface/lib/libmessage_interface__rosidl_typesupport_introspection_cpp.so" to ""
[16.482s] -- Installing: /home/robot/robot_ws/install/message_interface/lib/libmessage_interface__rosidl_typesupport_cpp.so
[16.482s] -- Set runtime path of "/home/robot/robot_ws/install/message_interface/lib/libmessage_interface__rosidl_typesupport_cpp.so" to ""
[16.482s] -- Up-to-date: /home/robot/robot_ws/install/message_interface/share/message_interface/environment/pythonpath.sh
[16.482s] -- Installing: /home/robot/robot_ws/install/message_interface/share/message_interface/environment/pythonpath.dsv
[16.486s] -- Up-to-date: /home/robot/robot_ws/install/message_interface/local/lib/python3.10/dist-packages/message_interface-0.0.0-py3.10.egg-info
[16.487s] -- Installing: /home/robot/robot_ws/install/message_interface/local/lib/python3.10/dist-packages/message_interface-0.0.0-py3.10.egg-info/PKG-INFO
[16.487s] -- Installing: /home/robot/robot_ws/install/message_interface/local/lib/python3.10/dist-packages/message_interface-0.0.0-py3.10.egg-info/top_level.txt
[16.487s] -- Installing: /home/robot/robot_ws/install/message_interface/local/lib/python3.10/dist-packages/message_interface-0.0.0-py3.10.egg-info/dependency_links.txt
[16.487s] -- Installing: /home/robot/robot_ws/install/message_interface/local/lib/python3.10/dist-packages/message_interface-0.0.0-py3.10.egg-info/SOURCES.txt
[16.487s] -- Up-to-date: /home/robot/robot_ws/install/message_interface/local/lib/python3.10/dist-packages/message_interface
[16.487s] -- Up-to-date: /home/robot/robot_ws/install/message_interface/local/lib/python3.10/dist-packages/message_interface/_message_interface_s.ep.rosidl_typesupport_c.c
[16.487s] -- Installing: /home/robot/robot_ws/install/message_interface/local/lib/python3.10/dist-packages/message_interface/message_interface_s__rosidl_typesupport_c.cpython-310-x86_64-linux-gnu.so
[16.487s] -- Up-to-date: /home/robot/robot_ws/install/message_interface/local/lib/python3.10/dist-packages/message_interface/_message_interface_s.ep.rosidl_typesupport_introspection_c.c
[16.487s] -- Up-to-date: /home/robot/robot_ws/install/message_interface/local/lib/python3.10/dist-packages/message_interface/msg
[16.487s] -- Up-to-date: /home/robot/robot_ws/install/message_interface/local/lib/python3.10/dist-packages/message_interface/msg/__init__.py
[16.487s] -- Up-to-date: /home/robot/robot_ws/install/message_interface/local/lib/python3.10/dist-packages/message_interface/msg/_mode.py
[16.488s] -- Up-to-date: /home/robot/robot_ws/install/message_interface/local/lib/python3.10/dist-packages/message_interface/msg/_mode_s.c
[16.491s] -- Installing: /home/robot/robot_ws/install/message_interface/local/lib/python3.10/dist-packages/message_interface/message_interface_s__rosidl_typesupport_fastrtps_c.cpython-310-x86_64-linux-gnu.so
[16.491s] -- Installing: /home/robot/robot_ws/install/message_interface/local/lib/python3.10/dist-packages/message_interface/__init__.py
[16.491s] -- Installing: /home/robot/robot_ws/install/message_interface/local/lib/python3.10/dist-packages/message_interface/libmessage_interface__rosidl_generator_py.so
[16.491s] -- Installing: /home/robot/robot_ws/install/message_interface/local/lib/python3.10/dist-packages/message_interface/message_interface_s__rosidl_typesupport_introspection_c.cpython-310-x86_64-linux-gnu.so
[16.491s] -- Up-to-date: /home/robot/robot_ws/install/message_interface/local/lib/python3.10/dist-packages/message_interface/_message_interface_s.ep.rosidl_typesupport_fastrtps_c.c
[16.521s] Listing '/home/robot/robot_ws/install/message_interface/local/lib/python3.10/dist-packages/message_interface'...
[16.521s] Compiling '/home/robot/robot_ws/install/message_interface/local/lib/python3.10/dist-packages/message_interface/__init__.py'...
[16.522s] Listing '/home/robot/robot_ws/install/message_interface/local/lib/python3.10/dist-packages/message_interface/msg'...
[16.537s] -- Installing: /home/robot/robot_ws/install/message_interface/local/lib/python3.10/dist-packages/message_interface/message_interface_s__rosidl_typesupport_fastrtps_c.cpython-310-x86_64-linux-gnu.so
[16.544s] -- Set runtime path of "/home/robot/robot_ws/install/message_interface/local/lib/python3.10/dist-packages/message_interface/message_interface_s__rosidl_typesupport_fastrtps_c.cpython-310-x86_64-linux-gnu.so" to ""
[16.544s] -- Installing: /home/robot/robot_ws/install/message_interface/local/lib/python3.10/dist-packages/message_interface/message_interface_s__rosidl_typesupport_introspection_c.cpython-310-x86_64-linux-gnu.so
[16.544s] -- Set runtime path of "/home/robot/robot_ws/install/message_interface/local/lib/python3.10/dist-packages/message_interface/message_interface_s__rosidl_typesupport_introspection_c.cpython-310-x86_64-linux-gnu.so" to ""
[16.548s] -- Installing: /home/robot/robot_ws/install/message_interface/local/lib/python3.10/dist-packages/message_interface/message_interface_s__rosidl_typesupport_c.cpython-310-x86_64-linux-gnu.so
[16.548s] -- Set runtime path of "/home/robot/robot_ws/install/message_interface/local/lib/python3.10/dist-packages/message_interface/message_interface_s__rosidl_typesupport_c.cpython-310-x86_64-linux-gnu.so" to ""
[16.548s] -- Installing: /home/robot/robot_ws/install/message_interface/lib/libmessage_interface__rosidl_generator_py.so
[16.548s] -- Set runtime path of "/home/robot/robot_ws/install/message_interface/lib/libmessage_interface__rosidl_generator_py.so" to ""
[16.548s] -- Up-to-date: /home/robot/robot_ws/install/message_interface/share/message_interface/msg/Mode.idl
[16.548s] -- Up-to-date: /home/robot/robot_ws/install/message_interface/share/message_interface/msg/Mode.msg
[16.548s] -- Up-to-date: /home/robot/robot_ws/install/message_interface/share/ament_index/resource_index/package_run_dependencies/message_interface
[16.548s] -- Installing: /home/robot/robot_ws/install/message_interface/share/ament_index/resource_index/parent_prefix_path/message_interface
[16.549s] -- Up-to-date: /home/robot/robot_ws/install/message_interface/share/message_interface/environment/ament_prefix_path.sh
[16.549s] -- Installing: /home/robot/robot_ws/install/message_interface/share/message_interface/environment/ament_prefix_path.dsv
[16.549s] -- Up-to-date: /home/robot/robot_ws/install/message_interface/share/message_interface/environment/path.sh
[16.549s] -- Installing: /home/robot/robot_ws/install/message_interface/share/message_interface/environment/path.dsv
[16.549s] -- Up-to-date: /home/robot/robot_ws/install/message_interface/share/message_interface/local_setup.bash
[16.549s] -- Up-to-date: /home/robot/robot_ws/install/message_interface/share/message_interface/local_setup.sh
[16.549s] -- Up-to-date: /home/robot/robot_ws/install/message_interface/share/message_interface/local_setup.zsh
[16.549s] -- Installing: /home/robot/robot_ws/install/message_interface/share/message_interface/local_setup.dsv
[16.549s] -- Installing: /home/robot/robot_ws/install/message_interface/share/message_interface/package.dsv
[16.549s] -- Up-to-date: /home/robot/robot_ws/install/message_interface/share/ament_index/resource_index/packages/message_interface
[16.549s] -- Up-to-date: /home/robot/robot_ws/install/message_interface/share/message_interface/cmake/export_message_interface__rosidl_generator_cExport.cmake
[16.550s] -- Installing: /home/robot/robot_ws/install/message_interface/share/message_interface/cmake/export_message_interface__rosidl_generator_cExport-debug.cmake
[16.550s] -- Up-to-date: /home/robot/robot_ws/install/message_interface/share/message_interface/cmake/export_message_interface__rosidl_typesupport_fastrtps_cExport.cmake
[16.550s] -- Installing: /home/robot/robot_ws/install/message_interface/share/message_interface/cmake/export_message_interface__rosidl_typesupport_fastrtps_cExport-debug.cmake
[16.550s] -- Up-to-date: /home/robot/robot_ws/install/message_interface/share/message_interface/cmake/message_interface__rosidl_typesupport_introspection_cExport.cmake
[16.550s] -- Installing: /home/robot/robot_ws/install/message_interface/share/message_interface/cmake/message_interface__rosidl_typesupport_introspection_cExport-debug.cmake
[16.550s] -- Up-to-date: /home/robot/robot_ws/install/message_interface/share/message_interface/cmake/message_interface__rosidl_typesupport_cExport.cmake
[16.550s] -- Installing: /home/robot/robot_ws/install/message_interface/share/message_interface/cmake/message_interface__rosidl_typesupport_cExport-debug.cmake
[16.550s] -- Up-to-date: /home/robot/robot_ws/install/message_interface/share/message_interface/cmake/export_message_interface__rosidl_generator_cppExport.cmake
[16.550s] -- Up-to-date: /home/robot/robot_ws/install/message_interface/share/message_interface/cmake/export_message_interface__rosidl_typesupport_fastrtps_cppExport.cmake
[16.550s] -- Installing: /home/robot/robot_ws/install/message_interface/share/message_interface/cmake/export_message_interface__rosidl_typesupport_fastrtps_cppExport-debug.cmake
[16.550s] -- Up-to-date: /home/robot/robot_ws/install/message_interface/share/message_interface/cmake/message_interface__rosidl_typesupport_introspection_cppExport.cmake
[16.550s] -- Installing: /home/robot/robot_ws/install/message_interface/share/message_interface/cmake/message_interface__rosidl_typesupport_introspection_cppExport-debug.cmake
[16.558s] -- Up-to-date: /home/robot/robot_ws/install/message_interface/share/message_interface/cmake/message_interface__rosidl_typesupport_cppExport.cmake
[16.558s] -- Installing: /home/robot/robot_ws/install/message_interface/share/message_interface/cmake/message_interface__rosidl_typesupport_cppExport-debug.cmake
[16.558s] -- Up-to-date: /home/robot/robot_ws/install/message_interface/share/message_interface/cmake/export_message_interface__rosidl_generator_pyExport.cmake
[16.558s] -- Installing: /home/robot/robot_ws/install/message_interface/share/message_interface/cmake/export_message_interface__rosidl_generator_pyExport-debug.cmake
[16.558s] -- Up-to-date: /home/robot/robot_ws/install/message_interface/share/message_interface/cmake/rosidl_cmake-extras.cmake
[16.558s] -- Up-to-date: /home/robot/robot_ws/install/message_interface/share/message_interface/cmake/ament_cmake_export_include_directories-extras.cmake
[16.558s] -- Up-to-date: /home/robot/robot_ws/install/message_interface/share/message_interface/cmake/ament_cmake_export_libraries-extras.cmake
[16.558s] -- Up-to-date: /home/robot/robot_ws/install/message_interface/share/message_interface/cmake/ament_cmake_export_targets-extras.cmake
[16.558s] -- Up-to-date: /home/robot/robot_ws/install/message_interface/share/message_interface/cmake/rosidl_cmake_export_typesupport_targets-extras.cmake
[16.581s] -- Up-to-date: /home/robot/robot_ws/install/message_interface/share/message_interface/cmake/ament_cmake_export_dependencies-extras.cmake
[16.581s] -- Up-to-date: /home/robot/robot_ws/install/message_interface/share/message_interface/cmake/rosidl_cmake_export_typesupport_libraries-extras.cmake
[16.582s] -- Up-to-date: /home/robot/robot_ws/install/message_interface/share/message_interface/cmake/message_interfaceConfig.cmake
[16.582s] -- Up-to-date: /home/robot/robot_ws/install/message_interface/share/message_interface/cmake/message_interfaceConfig-version.cmake
[16.582s] -- Up-to-date: /home/robot/robot_ws/install/message_interface/share/message_interface/package.xml
[16.582s] Invoked command in '/home/robot/robot_ws/build/message_interface' returned '0': CMAKE_PREFIX_PATH=${CMAKE_PREFIX_PATH}:/home/robot/robot_ws/install/urdf_tutorial:/home/robot/turtlebot3_ws/install/turtlebot3_teleop:/home/robot/turtlebot3_ws/install/turtlebot3_example:/opt/ros/humble /usr/bin/cmake --install /home/robot/robot_ws/build/message_interface
