[0.244s] Invoking command in '/home/robot/robot_ws/build/safeway_robot_controll_packet_RS485': CMAKE_PREFIX_PATH=${CMAKE_PREFIX_PATH}:/home/robot/robot_ws/install/urdf_tutorial:/home/robot/turtlebot3_ws/install/turtlebot3_teleop:/home/robot/turtlebot3_ws/install/turtlebot3_example:/opt/ros/humble /usr/bin/cmake --build /home/robot/robot_ws/build/safeway_robot_controll_packet_RS485 -- -j4 -l4
[0.355s] [ 37%] Built target packet_RS485_publisher
[0.375s] [100%] Built target packet_RS485_subscriber
[0.437s] Invoked command in '/home/robot/robot_ws/build/safeway_robot_controll_packet_RS485' returned '0': CMAKE_PREFIX_PATH=${CMAKE_PREFIX_PATH}:/home/robot/robot_ws/install/urdf_tutorial:/home/robot/turtlebot3_ws/install/turtlebot3_teleop:/home/robot/turtlebot3_ws/install/turtlebot3_example:/opt/ros/humble /usr/bin/cmake --build /home/robot/robot_ws/build/safeway_robot_controll_packet_RS485 -- -j4 -l4
[0.703s] Invoking command in '/home/robot/robot_ws/build/safeway_robot_controll_packet_RS485': CMAKE_PREFIX_PATH=${CMAKE_PREFIX_PATH}:/home/robot/robot_ws/install/urdf_tutorial:/home/robot/turtlebot3_ws/install/turtlebot3_teleop:/home/robot/turtlebot3_ws/install/turtlebot3_example:/opt/ros/humble /usr/bin/cmake --install /home/robot/robot_ws/build/safeway_robot_controll_packet_RS485
[0.745s] -- Install configuration: "Debug"
[0.745s] -- Up-to-date: /home/robot/robot_ws/install/safeway_robot_controll_packet_RS485/lib/safeway_robot_controll_packet_RS485/packet_RS485_publisher
[0.745s] -- Up-to-date: /home/robot/robot_ws/install/safeway_robot_controll_packet_RS485/lib/safeway_robot_controll_packet_RS485/packet_RS485_subscriber
[0.745s] -- Up-to-date: /home/robot/robot_ws/install/safeway_robot_controll_packet_RS485/share/ament_index/resource_index/package_run_dependencies/safeway_robot_controll_packet_RS485
[0.745s] -- Up-to-date: /home/robot/robot_ws/install/safeway_robot_controll_packet_RS485/share/ament_index/resource_index/parent_prefix_path/safeway_robot_controll_packet_RS485
[0.745s] -- Up-to-date: /home/robot/robot_ws/install/safeway_robot_controll_packet_RS485/share/safeway_robot_controll_packet_RS485/environment/ament_prefix_path.sh
[0.745s] -- Up-to-date: /home/robot/robot_ws/install/safeway_robot_controll_packet_RS485/share/safeway_robot_controll_packet_RS485/environment/ament_prefix_path.dsv
[0.745s] -- Up-to-date: /home/robot/robot_ws/install/safeway_robot_controll_packet_RS485/share/safeway_robot_controll_packet_RS485/environment/path.sh
[0.745s] -- Up-to-date: /home/robot/robot_ws/install/safeway_robot_controll_packet_RS485/share/safeway_robot_controll_packet_RS485/environment/path.dsv
[0.745s] -- Up-to-date: /home/robot/robot_ws/install/safeway_robot_controll_packet_RS485/share/safeway_robot_controll_packet_RS485/local_setup.bash
[0.746s] -- Up-to-date: /home/robot/robot_ws/install/safeway_robot_controll_packet_RS485/share/safeway_robot_controll_packet_RS485/local_setup.sh
[0.746s] -- Up-to-date: /home/robot/robot_ws/install/safeway_robot_controll_packet_RS485/share/safeway_robot_controll_packet_RS485/local_setup.zsh
[0.746s] -- Up-to-date: /home/robot/robot_ws/install/safeway_robot_controll_packet_RS485/share/safeway_robot_controll_packet_RS485/local_setup.dsv
[0.746s] -- Installing: /home/robot/robot_ws/install/safeway_robot_controll_packet_RS485/share/safeway_robot_controll_packet_RS485/package.dsv
[0.746s] -- Up-to-date: /home/robot/robot_ws/install/safeway_robot_controll_packet_RS485/share/ament_index/resource_index/packages/safeway_robot_controll_packet_RS485
[0.746s] -- Up-to-date: /home/robot/robot_ws/install/safeway_robot_controll_packet_RS485/share/safeway_robot_controll_packet_RS485/cmake/safeway_robot_controll_packet_RS485Config.cmake
[0.746s] -- Up-to-date: /home/robot/robot_ws/install/safeway_robot_controll_packet_RS485/share/safeway_robot_controll_packet_RS485/cmake/safeway_robot_controll_packet_RS485Config-version.cmake
[0.746s] -- Up-to-date: /home/robot/robot_ws/install/safeway_robot_controll_packet_RS485/share/safeway_robot_controll_packet_RS485/package.xml
[0.753s] Invoked command in '/home/robot/robot_ws/build/safeway_robot_controll_packet_RS485' returned '0': CMAKE_PREFIX_PATH=${CMAKE_PREFIX_PATH}:/home/robot/robot_ws/install/urdf_tutorial:/home/robot/turtlebot3_ws/install/turtlebot3_teleop:/home/robot/turtlebot3_ws/install/turtlebot3_example:/opt/ros/humble /usr/bin/cmake --install /home/robot/robot_ws/build/safeway_robot_controll_packet_RS485
