[0.490s] Invoking command in '/home/robot/robot_ws/build/ld08_driver': CMAKE_PREFIX_PATH=${CMAKE_PREFIX_PATH}:/home/robot/robot_ws/install/urdf_tutorial:/home/robot/turtlebot3_ws/install/turtlebot3_teleop:/home/robot/turtlebot3_ws/install/turtlebot3_example:/opt/ros/humble /usr/bin/cmake --build /home/robot/robot_ws/build/ld08_driver -- -j4 -l4
[0.642s] [100%] Built target ld08_driver
[0.724s] Invoked command in '/home/robot/robot_ws/build/ld08_driver' returned '0': CMAKE_PREFIX_PATH=${CMAKE_PREFIX_PATH}:/home/robot/robot_ws/install/urdf_tutorial:/home/robot/turtlebot3_ws/install/turtlebot3_teleop:/home/robot/turtlebot3_ws/install/turtlebot3_example:/opt/ros/humble /usr/bin/cmake --build /home/robot/robot_ws/build/ld08_driver -- -j4 -l4
[1.201s] Invoking command in '/home/robot/robot_ws/build/ld08_driver': CMAKE_PREFIX_PATH=${CMAKE_PREFIX_PATH}:/home/robot/robot_ws/install/urdf_tutorial:/home/robot/turtlebot3_ws/install/turtlebot3_teleop:/home/robot/turtlebot3_ws/install/turtlebot3_example:/opt/ros/humble /usr/bin/cmake --install /home/robot/robot_ws/build/ld08_driver
[1.228s] -- Install configuration: "Debug"
[1.229s] -- Execute custom install script
[1.230s] -- Up-to-date symlink: /home/robot/robot_ws/install/ld08_driver/share/ld08_driver/launch/__pycache__/ld08.launch.cpython-310.pyc
[1.234s] -- Up-to-date symlink: /home/robot/robot_ws/install/ld08_driver/share/ld08_driver/launch/ld08.launch.py
[1.238s] -- Up-to-date symlink: /home/robot/robot_ws/install/ld08_driver/lib/ld08_driver/ld08_driver
[1.239s] -- Up-to-date symlink: /home/robot/robot_ws/install/ld08_driver/share/ament_index/resource_index/package_run_dependencies/ld08_driver
[1.240s] -- Up-to-date symlink: /home/robot/robot_ws/install/ld08_driver/share/ament_index/resource_index/parent_prefix_path/ld08_driver
[1.241s] -- Up-to-date symlink: /home/robot/robot_ws/install/ld08_driver/share/ld08_driver/environment/ament_prefix_path.sh
[1.241s] -- Up-to-date symlink: /home/robot/robot_ws/install/ld08_driver/share/ld08_driver/environment/ament_prefix_path.dsv
[1.246s] -- Up-to-date symlink: /home/robot/robot_ws/install/ld08_driver/share/ld08_driver/environment/path.sh
[1.247s] -- Up-to-date symlink: /home/robot/robot_ws/install/ld08_driver/share/ld08_driver/environment/path.dsv
[1.248s] -- Up-to-date symlink: /home/robot/robot_ws/install/ld08_driver/share/ld08_driver/local_setup.bash
[1.250s] -- Up-to-date symlink: /home/robot/robot_ws/install/ld08_driver/share/ld08_driver/local_setup.sh
[1.250s] -- Up-to-date symlink: /home/robot/robot_ws/install/ld08_driver/share/ld08_driver/local_setup.zsh
[1.253s] -- Up-to-date symlink: /home/robot/robot_ws/install/ld08_driver/share/ld08_driver/local_setup.dsv
[1.258s] -- Symlinking: /home/robot/robot_ws/install/ld08_driver/share/ld08_driver/package.dsv
[1.305s] -- Up-to-date symlink: /home/robot/robot_ws/install/ld08_driver/share/ament_index/resource_index/packages/ld08_driver
[1.305s] -- Up-to-date symlink: /home/robot/robot_ws/install/ld08_driver/share/ld08_driver/cmake/ament_cmake_export_dependencies-extras.cmake
[1.306s] -- Up-to-date symlink: /home/robot/robot_ws/install/ld08_driver/share/ld08_driver/cmake/ament_cmake_export_include_directories-extras.cmake
[1.306s] -- Up-to-date symlink: /home/robot/robot_ws/install/ld08_driver/share/ld08_driver/cmake/ld08_driverConfig.cmake
[1.306s] -- Up-to-date symlink: /home/robot/robot_ws/install/ld08_driver/share/ld08_driver/cmake/ld08_driverConfig-version.cmake
[1.306s] -- Up-to-date symlink: /home/robot/robot_ws/install/ld08_driver/share/ld08_driver/package.xml
[1.319s] Invoked command in '/home/robot/robot_ws/build/ld08_driver' returned '0': CMAKE_PREFIX_PATH=${CMAKE_PREFIX_PATH}:/home/robot/robot_ws/install/urdf_tutorial:/home/robot/turtlebot3_ws/install/turtlebot3_teleop:/home/robot/turtlebot3_ws/install/turtlebot3_example:/opt/ros/humble /usr/bin/cmake --install /home/robot/robot_ws/build/ld08_driver
