[0.451s] Invoking command in '/home/robot/robot_ws/build/onetouch_launch': CMAKE_PREFIX_PATH=${CMAKE_PREFIX_PATH}:/home/robot/robot_ws/install/urdf_tutorial:/home/robot/turtlebot3_ws/install/turtlebot3_teleop:/home/robot/turtlebot3_ws/install/turtlebot3_example:/opt/ros/humble /usr/bin/cmake /home/robot/robot_ws/src/onetouch_launch -DCMAKE_INSTALL_PREFIX=/home/robot/robot_ws/install/onetouch_launch
[0.604s] -- The C compiler identification is GNU 11.4.0
[0.712s] -- The CXX compiler identification is GNU 11.4.0
[0.735s] -- Detecting C compiler ABI info
[0.832s] -- Detecting C compiler ABI info - done
[0.844s] -- Check for working C compiler: /usr/bin/cc - skipped
[0.845s] -- Detecting C compile features
[0.846s] -- Detecting C compile features - done
[0.856s] -- Detecting CXX compiler ABI info
[0.969s] -- Detecting CXX compiler ABI info - done
[0.978s] -- Check for working CXX compiler: /usr/bin/c++ - skipped
[0.978s] -- Detecting CXX compile features
[0.979s] -- Detecting CXX compile features - done
[0.992s] -- Found ament_cmake: 1.3.7 (/opt/ros/humble/share/ament_cmake/cmake)
[1.389s] -- Found Python3: /usr/bin/python3.10 (found version "3.10.12") found components: Interpreter 
[1.689s] -- Found ament_lint_auto: 0.12.10 (/opt/ros/humble/share/ament_lint_auto/cmake)
[1.894s] -- Added test 'cppcheck' to perform static code analysis on C / C++ code
[1.895s] -- Configured cppcheck include dirs: 
[1.895s] -- Configured cppcheck exclude dirs and/or files: 
[1.904s] -- Added test 'lint_cmake' to check CMake code style
[1.905s] -- Added test 'uncrustify' to check C / C++ code style
[1.905s] -- Configured uncrustify additional arguments: 
[1.918s] -- Added test 'xmllint' to check XML markup files
[1.924s] -- Configuring done
[1.935s] -- Generating done
[1.936s] -- Build files have been written to: /home/robot/robot_ws/build/onetouch_launch
[2.326s] Invoked command in '/home/robot/robot_ws/build/onetouch_launch' returned '0': CMAKE_PREFIX_PATH=${CMAKE_PREFIX_PATH}:/home/robot/robot_ws/install/urdf_tutorial:/home/robot/turtlebot3_ws/install/turtlebot3_teleop:/home/robot/turtlebot3_ws/install/turtlebot3_example:/opt/ros/humble /usr/bin/cmake /home/robot/robot_ws/src/onetouch_launch -DCMAKE_INSTALL_PREFIX=/home/robot/robot_ws/install/onetouch_launch
[2.330s] Invoking command in '/home/robot/robot_ws/build/onetouch_launch': CMAKE_PREFIX_PATH=${CMAKE_PREFIX_PATH}:/home/robot/robot_ws/install/urdf_tutorial:/home/robot/turtlebot3_ws/install/turtlebot3_teleop:/home/robot/turtlebot3_ws/install/turtlebot3_example:/opt/ros/humble /usr/bin/cmake --build /home/robot/robot_ws/build/onetouch_launch -- -j4 -l4
[3.641s] Invoked command in '/home/robot/robot_ws/build/onetouch_launch' returned '0': CMAKE_PREFIX_PATH=${CMAKE_PREFIX_PATH}:/home/robot/robot_ws/install/urdf_tutorial:/home/robot/turtlebot3_ws/install/turtlebot3_teleop:/home/robot/turtlebot3_ws/install/turtlebot3_example:/opt/ros/humble /usr/bin/cmake --build /home/robot/robot_ws/build/onetouch_launch -- -j4 -l4
[3.779s] Invoking command in '/home/robot/robot_ws/build/onetouch_launch': CMAKE_PREFIX_PATH=${CMAKE_PREFIX_PATH}:/home/robot/robot_ws/install/urdf_tutorial:/home/robot/turtlebot3_ws/install/turtlebot3_teleop:/home/robot/turtlebot3_ws/install/turtlebot3_example:/opt/ros/humble /usr/bin/cmake --install /home/robot/robot_ws/build/onetouch_launch
[3.795s] -- Install configuration: ""
[3.795s] -- Installing: /home/robot/robot_ws/install/onetouch_launch/share/ament_index/resource_index/package_run_dependencies/onetouch_launch
[3.797s] -- Installing: /home/robot/robot_ws/install/onetouch_launch/share/ament_index/resource_index/parent_prefix_path/onetouch_launch
[3.797s] -- Installing: /home/robot/robot_ws/install/onetouch_launch/share/onetouch_launch/environment/ament_prefix_path.sh
[3.797s] -- Installing: /home/robot/robot_ws/install/onetouch_launch/share/onetouch_launch/environment/ament_prefix_path.dsv
[3.797s] -- Installing: /home/robot/robot_ws/install/onetouch_launch/share/onetouch_launch/environment/path.sh
[3.799s] -- Installing: /home/robot/robot_ws/install/onetouch_launch/share/onetouch_launch/environment/path.dsv
[3.799s] -- Installing: /home/robot/robot_ws/install/onetouch_launch/share/onetouch_launch/local_setup.bash
[3.800s] -- Installing: /home/robot/robot_ws/install/onetouch_launch/share/onetouch_launch/local_setup.sh
[3.800s] -- Installing: /home/robot/robot_ws/install/onetouch_launch/share/onetouch_launch/local_setup.zsh
[3.800s] -- Installing: /home/robot/robot_ws/install/onetouch_launch/share/onetouch_launch/local_setup.dsv
[3.809s] -- Installing: /home/robot/robot_ws/install/onetouch_launch/share/onetouch_launch/package.dsv
[3.810s] -- Installing: /home/robot/robot_ws/install/onetouch_launch/share/ament_index/resource_index/packages/onetouch_launch
[3.810s] -- Installing: /home/robot/robot_ws/install/onetouch_launch/share/onetouch_launch/cmake/onetouch_launchConfig.cmake
[3.810s] -- Installing: /home/robot/robot_ws/install/onetouch_launch/share/onetouch_launch/cmake/onetouch_launchConfig-version.cmake
[3.810s] -- Installing: /home/robot/robot_ws/install/onetouch_launch/share/onetouch_launch/package.xml
[3.810s] Invoked command in '/home/robot/robot_ws/build/onetouch_launch' returned '0': CMAKE_PREFIX_PATH=${CMAKE_PREFIX_PATH}:/home/robot/robot_ws/install/urdf_tutorial:/home/robot/turtlebot3_ws/install/turtlebot3_teleop:/home/robot/turtlebot3_ws/install/turtlebot3_example:/opt/ros/humble /usr/bin/cmake --install /home/robot/robot_ws/build/onetouch_launch
