[0.324s] Invoking command in '/home/robot/robot_ws/build/clustering_cpp': CMAKE_PREFIX_PATH=${CMAKE_PREFIX_PATH}:/home/robot/robot_ws/install/urdf_tutorial:/home/robot/turtlebot3_ws/install/turtlebot3_teleop:/home/robot/turtlebot3_ws/install/turtlebot3_example:/opt/ros/humble /usr/bin/cmake /home/robot/robot_ws/src/clustering_cpp -DCMAKE_INSTALL_PREFIX=/home/robot/robot_ws/install/clustering_cpp
[0.339s] -- Found ament_cmake: 1.3.7 (/opt/ros/humble/share/ament_cmake/cmake)
[0.562s] -- Found rclcpp: 16.0.8 (/opt/ros/humble/share/rclcpp/cmake)
[0.601s] -- Found rosidl_generator_c: 3.1.5 (/opt/ros/humble/share/rosidl_generator_c/cmake)
[0.604s] -- Found rosidl_adapter: 3.1.5 (/opt/ros/humble/share/rosidl_adapter/cmake)
[0.612s] -- Found rosidl_generator_cpp: 3.1.5 (/opt/ros/humble/share/rosidl_generator_cpp/cmake)
[0.628s] -- Using all available rosidl_typesupport_c: rosidl_typesupport_fastrtps_c;rosidl_typesupport_introspection_c
[0.648s] -- Using all available rosidl_typesupport_cpp: rosidl_typesupport_fastrtps_cpp;rosidl_typesupport_introspection_cpp
[0.724s] -- Found rmw_implementation_cmake: 6.1.1 (/opt/ros/humble/share/rmw_implementation_cmake/cmake)
[0.726s] -- Found rmw_fastrtps_cpp: 6.2.6 (/opt/ros/humble/share/rmw_fastrtps_cpp/cmake)
[0.884s] -- Using RMW implementation 'rmw_fastrtps_cpp' as default
[1.105s] -- Eigen found (include: /usr/include/eigen3, version: 3.4.0)
[1.141s] -- FLANN found (include: /usr/include, lib: /usr/lib/x86_64-linux-gnu/libflann_cpp.so)
[1.592s] -- OpenNI found (version: 1.5.4.0, include: /usr/include/ni, lib: /usr/lib/libOpenNI.so;libusb::libusb)
[1.602s] -- OpenNI2 found (version: 2.2.0.33, include: /usr/include/openni2, lib: /usr/lib/x86_64-linux-gnu/libOpenNI2.so;libusb::libusb)
[1.603s] [0m** WARNING ** io features related to pcap will be disabled[0m
[1.846s] -- Eigen found (include: /usr/include/eigen3, version: 3.4.0)
[1.853s] -- OpenNI found (version: 1.5.4.0, include: /usr/include/ni, lib: /usr/lib/libOpenNI.so;libusb::libusb)
[1.861s] -- OpenNI2 found (version: 2.2.0.33, include: /usr/include/openni2, lib: /usr/lib/x86_64-linux-gnu/libOpenNI2.so;libusb::libusb)
[2.059s] -- Found Qhull version 8.0.2
[2.274s] -- OpenNI found (version: 1.5.4.0, include: /usr/include/ni, lib: /usr/lib/libOpenNI.so;libusb::libusb)
[2.519s] -- looking for PCL_COMMON
[2.519s] -- looking for PCL_KDTREE
[2.527s] -- looking for PCL_OCTREE
[2.527s] -- looking for PCL_SEARCH
[2.529s] -- looking for PCL_SAMPLE_CONSENSUS
[2.529s] -- looking for PCL_FILTERS
[2.530s] -- looking for PCL_2D
[2.530s] -- looking for PCL_GEOMETRY
[2.530s] -- looking for PCL_IO
[2.531s] -- looking for PCL_FEATURES
[2.531s] -- looking for PCL_ML
[2.532s] -- looking for PCL_SEGMENTATION
[2.533s] -- looking for PCL_VISUALIZATION
[2.533s] -- looking for PCL_SURFACE
[2.534s] -- looking for PCL_REGISTRATION
[2.536s] -- looking for PCL_KEYPOINTS
[2.536s] -- looking for PCL_TRACKING
[2.537s] -- looking for PCL_RECOGNITION
[2.539s] -- looking for PCL_STEREO
[2.540s] -- looking for PCL_APPS
[2.542s] -- looking for PCL_IN_HAND_SCANNER
[2.542s] -- looking for PCL_MODELER
[2.543s] -- looking for PCL_POINT_CLOUD_EDITOR
[2.560s] -- looking for PCL_OUTOFCORE
[2.561s] -- looking for PCL_PEOPLE
[2.561s] -- Found ament_lint_auto: 0.12.10 (/opt/ros/humble/share/ament_lint_auto/cmake)
[2.665s] -- Added test 'cppcheck' to perform static code analysis on C / C++ code
[2.665s] -- Configured cppcheck include dirs: 
[2.665s] -- Configured cppcheck exclude dirs and/or files: 
[2.666s] -- Added test 'lint_cmake' to check CMake code style
[2.667s] -- Added test 'uncrustify' to check C / C++ code style
[2.667s] -- Configured uncrustify additional arguments: 
[2.668s] -- Added test 'xmllint' to check XML markup files
[2.671s] -- Configuring done
[2.677s] [33mCMake Warning (dev) at CMakeLists.txt:23 (add_executable):
[2.677s]   Policy CMP0115 is not set: Source file extensions must be explicit.  Run
[2.677s]   "cmake --help-policy CMP0115" for policy details.  Use the cmake_policy
[2.678s]   command to set the policy and suppress this warning.
[2.678s] 
[2.678s]   File:
[2.678s] 
[2.678s]     /home/robot/robot_ws/src/clustering_cpp/src/clustering.cpp
[2.678s] This warning is for project developers.  Use -Wno-dev to suppress it.
[2.678s] [0m
[2.713s] -- Generating done
[2.716s] -- Build files have been written to: /home/robot/robot_ws/build/clustering_cpp
[2.765s] Invoked command in '/home/robot/robot_ws/build/clustering_cpp' returned '0': CMAKE_PREFIX_PATH=${CMAKE_PREFIX_PATH}:/home/robot/robot_ws/install/urdf_tutorial:/home/robot/turtlebot3_ws/install/turtlebot3_teleop:/home/robot/turtlebot3_ws/install/turtlebot3_example:/opt/ros/humble /usr/bin/cmake /home/robot/robot_ws/src/clustering_cpp -DCMAKE_INSTALL_PREFIX=/home/robot/robot_ws/install/clustering_cpp
[2.766s] Invoking command in '/home/robot/robot_ws/build/clustering_cpp': CMAKE_PREFIX_PATH=${CMAKE_PREFIX_PATH}:/home/robot/robot_ws/install/urdf_tutorial:/home/robot/turtlebot3_ws/install/turtlebot3_teleop:/home/robot/turtlebot3_ws/install/turtlebot3_example:/opt/ros/humble /usr/bin/cmake --build /home/robot/robot_ws/build/clustering_cpp -- -j4 -l4
[3.640s] [ 50%] [32mBuilding CXX object CMakeFiles/clustering.dir/src/clustering.cpp.o[0m
[5.679s] [01m[K/home/robot/robot_ws/src/clustering_cpp/src/clustering.cpp:14:10:[m[K [01;31m[Kfatal error: [m[Ksrc/clustering_cpp/include/clustering_cpp/clustering.h: No such file or directory
[5.679s]    14 | #include [01;31m[K<src/clustering_cpp/include/clustering_cpp/clustering.h>[m[K
[5.680s]       |          [01;31m[K^~~~~~~~~~~~~~~~~~~~~~~~~~~~~~~~~~~~~~~~~~~~~~~~~~~~~~~~[m[K
[5.680s] compilation terminated.
[5.700s] gmake[2]: *** [CMakeFiles/clustering.dir/build.make:76: CMakeFiles/clustering.dir/src/clustering.cpp.o] Error 1
[5.700s] gmake[1]: *** [CMakeFiles/Makefile2:137: CMakeFiles/clustering.dir/all] Error 2
[5.700s] gmake: *** [Makefile:146: all] Error 2
[5.701s] Invoked command in '/home/robot/robot_ws/build/clustering_cpp' returned '2': CMAKE_PREFIX_PATH=${CMAKE_PREFIX_PATH}:/home/robot/robot_ws/install/urdf_tutorial:/home/robot/turtlebot3_ws/install/turtlebot3_teleop:/home/robot/turtlebot3_ws/install/turtlebot3_example:/opt/ros/humble /usr/bin/cmake --build /home/robot/robot_ws/build/clustering_cpp -- -j4 -l4
