[0.000000] (-) TimerEvent: {}
[0.000671] (car_odom) JobQueued: {'identifier': 'car_odom', 'dependencies': OrderedDict()}
[0.000720] (gl_ros2_driver) JobQueued: {'identifier': 'gl_ros2_driver', 'dependencies': OrderedDict()}
[0.000748] (ld08_driver) JobQueued: {'identifier': 'ld08_driver', 'dependencies': OrderedDict()}
[0.000771] (my_first_ros_rclcpp_pkg) JobQueued: {'identifier': 'my_first_ros_rclcpp_pkg', 'dependencies': OrderedDict()}
[0.000795] (nav2_test_utils) JobQueued: {'identifier': 'nav2_test_utils', 'dependencies': OrderedDict()}
[0.000821] (pointcloud_to_laserscan) JobQueued: {'identifier': 'pointcloud_to_laserscan', 'dependencies': OrderedDict()}
[0.000889] (safeway_robot_controll_packet_RS485) JobQueued: {'identifier': 'safeway_robot_controll_packet_RS485', 'dependencies': OrderedDict()}
[0.000913] (slam_toolbox) JobQueued: {'identifier': 'slam_toolbox', 'dependencies': OrderedDict()}
[0.000934] (urdf_tutorial) JobQueued: {'identifier': 'urdf_tutorial', 'dependencies': OrderedDict()}
[0.000955] (car_odom) JobStarted: {'identifier': 'car_odom'}
[0.101890] (-) TimerEvent: {}
[0.124379] (gl_ros2_driver) JobStarted: {'identifier': 'gl_ros2_driver'}
[0.191000] (gl_ros2_driver) JobEnded: {'identifier': 'gl_ros2_driver', 'rc': 0}
[0.191738] (ld08_driver) JobStarted: {'identifier': 'ld08_driver'}
[0.202006] (-) TimerEvent: {}
[0.302366] (-) TimerEvent: {}
[0.320427] (my_first_ros_rclcpp_pkg) JobStarted: {'identifier': 'my_first_ros_rclcpp_pkg'}
[0.402504] (-) TimerEvent: {}
[0.450567] (car_odom) JobEnded: {'identifier': 'car_odom', 'rc': 'SIGINT'}
[0.451433] (ld08_driver) JobEnded: {'identifier': 'ld08_driver', 'rc': 'SIGINT'}
[0.452145] (my_first_ros_rclcpp_pkg) JobEnded: {'identifier': 'my_first_ros_rclcpp_pkg', 'rc': 'SIGINT'}
[0.462787] (nav2_test_utils) JobSkipped: {'identifier': 'nav2_test_utils'}
[0.462856] (pointcloud_to_laserscan) JobSkipped: {'identifier': 'pointcloud_to_laserscan'}
[0.462885] (safeway_robot_controll_packet_RS485) JobSkipped: {'identifier': 'safeway_robot_controll_packet_RS485'}
[0.462908] (slam_toolbox) JobSkipped: {'identifier': 'slam_toolbox'}
[0.462932] (urdf_tutorial) JobSkipped: {'identifier': 'urdf_tutorial'}
[0.462956] (-) EventReactorShutdown: {}
