[0.512s] Invoking command in '/home/robot/robot_ws/build/car_odom': CMAKE_PREFIX_PATH=${CMAKE_PREFIX_PATH}:/home/robot/robot_ws/install/urdf_tutorial:/home/robot/turtlebot3_ws/install/turtlebot3_teleop:/home/robot/turtlebot3_ws/install/turtlebot3_example:/opt/ros/humble /usr/bin/cmake --build /home/robot/robot_ws/build/car_odom -- -j4 -l4
[0.595s] [100%] Built target car_odom
[0.618s] Invoked command in '/home/robot/robot_ws/build/car_odom' returned '0': CMAKE_PREFIX_PATH=${CMAKE_PREFIX_PATH}:/home/robot/robot_ws/install/urdf_tutorial:/home/robot/turtlebot3_ws/install/turtlebot3_teleop:/home/robot/turtlebot3_ws/install/turtlebot3_example:/opt/ros/humble /usr/bin/cmake --build /home/robot/robot_ws/build/car_odom -- -j4 -l4
[0.714s] Invoking command in '/home/robot/robot_ws/build/car_odom': CMAKE_PREFIX_PATH=${CMAKE_PREFIX_PATH}:/home/robot/robot_ws/install/urdf_tutorial:/home/robot/turtlebot3_ws/install/turtlebot3_teleop:/home/robot/turtlebot3_ws/install/turtlebot3_example:/opt/ros/humble /usr/bin/cmake --install /home/robot/robot_ws/build/car_odom
[0.727s] -- Install configuration: "Debug"
[0.727s] -- Up-to-date: /home/robot/robot_ws/install/car_odom/lib/car_odom/car_odom
[0.728s] -- Up-to-date: /home/robot/robot_ws/install/car_odom/share/ament_index/resource_index/package_run_dependencies/car_odom
[0.729s] -- Up-to-date: /home/robot/robot_ws/install/car_odom/share/ament_index/resource_index/parent_prefix_path/car_odom
[0.729s] -- Up-to-date: /home/robot/robot_ws/install/car_odom/share/car_odom/environment/ament_prefix_path.sh
[0.730s] -- Up-to-date: /home/robot/robot_ws/install/car_odom/share/car_odom/environment/ament_prefix_path.dsv
[0.731s] -- Up-to-date: /home/robot/robot_ws/install/car_odom/share/car_odom/environment/path.sh
[0.731s] -- Up-to-date: /home/robot/robot_ws/install/car_odom/share/car_odom/environment/path.dsv
[0.732s] -- Up-to-date: /home/robot/robot_ws/install/car_odom/share/car_odom/local_setup.bash
[0.732s] -- Up-to-date: /home/robot/robot_ws/install/car_odom/share/car_odom/local_setup.sh
[0.733s] -- Up-to-date: /home/robot/robot_ws/install/car_odom/share/car_odom/local_setup.zsh
[0.733s] -- Up-to-date: /home/robot/robot_ws/install/car_odom/share/car_odom/local_setup.dsv
[0.735s] -- Installing: /home/robot/robot_ws/install/car_odom/share/car_odom/package.dsv
[0.762s] -- Up-to-date: /home/robot/robot_ws/install/car_odom/share/ament_index/resource_index/packages/car_odom
[0.762s] -- Up-to-date: /home/robot/robot_ws/install/car_odom/share/car_odom/cmake/car_odomConfig.cmake
[0.763s] -- Up-to-date: /home/robot/robot_ws/install/car_odom/share/car_odom/cmake/car_odomConfig-version.cmake
[0.763s] -- Up-to-date: /home/robot/robot_ws/install/car_odom/share/car_odom/package.xml
[0.870s] Invoked command in '/home/robot/robot_ws/build/car_odom' returned '0': CMAKE_PREFIX_PATH=${CMAKE_PREFIX_PATH}:/home/robot/robot_ws/install/urdf_tutorial:/home/robot/turtlebot3_ws/install/turtlebot3_teleop:/home/robot/turtlebot3_ws/install/turtlebot3_example:/opt/ros/humble /usr/bin/cmake --install /home/robot/robot_ws/build/car_odom
