[0.770s] Invoking command in '/home/robot/robot_ws/build/message_interface': CMAKE_PREFIX_PATH=${CMAKE_PREFIX_PATH}:/home/robot/robot_ws/install/urdf_tutorial:/home/robot/turtlebot3_ws/install/turtlebot3_teleop:/home/robot/turtlebot3_ws/install/turtlebot3_example:/opt/ros/humble /usr/bin/cmake --build /home/robot/robot_ws/build/message_interface -- -j4 -l4
[0.852s] [  3%] Built target message_interface__cpp
[0.862s] [ 12%] Built target message_interface__rosidl_generator_c
[0.939s] [ 12%] Built target ament_cmake_python_copy_message_interface
[0.951s] [ 22%] Built target message_interface__rosidl_typesupport_cpp
[0.959s] [ 32%] Built target message_interface__rosidl_typesupport_introspection_cpp
[0.959s] [ 41%] Built target message_interface__rosidl_typesupport_fastrtps_cpp
[1.037s] [ 51%] Built target message_interface__rosidl_typesupport_c
[1.046s] [ 61%] Built target message_interface__rosidl_typesupport_introspection_c
[1.051s] [ 70%] Built target message_interface__rosidl_typesupport_fastrtps_c
[1.159s] [ 70%] Built target message_interface
[1.217s] [ 74%] Built target message_interface__py
[1.279s] [ 80%] Built target message_interface__rosidl_generator_py
[1.347s] [ 87%] Built target message_interface__rosidl_typesupport_introspection_c__pyext
[1.367s] [ 93%] Built target message_interface__rosidl_typesupport_c__pyext
[1.367s] [100%] Built target message_interface__rosidl_typesupport_fastrtps_c__pyext
[1.630s] running egg_info
[1.631s] writing message_interface.egg-info/PKG-INFO
[1.631s] writing dependency_links to message_interface.egg-info/dependency_links.txt
[1.633s] writing top-level names to message_interface.egg-info/top_level.txt
[1.637s] reading manifest file 'message_interface.egg-info/SOURCES.txt'
[1.638s] writing manifest file 'message_interface.egg-info/SOURCES.txt'
[1.682s] [100%] Built target ament_cmake_python_build_message_interface_egg
[2.277s] Invoked command in '/home/robot/robot_ws/build/message_interface' returned '0': CMAKE_PREFIX_PATH=${CMAKE_PREFIX_PATH}:/home/robot/robot_ws/install/urdf_tutorial:/home/robot/turtlebot3_ws/install/turtlebot3_teleop:/home/robot/turtlebot3_ws/install/turtlebot3_example:/opt/ros/humble /usr/bin/cmake --build /home/robot/robot_ws/build/message_interface -- -j4 -l4
[3.015s] Invoking command in '/home/robot/robot_ws/build/message_interface': CMAKE_PREFIX_PATH=${CMAKE_PREFIX_PATH}:/home/robot/robot_ws/install/urdf_tutorial:/home/robot/turtlebot3_ws/install/turtlebot3_teleop:/home/robot/turtlebot3_ws/install/turtlebot3_example:/opt/ros/humble /usr/bin/cmake --install /home/robot/robot_ws/build/message_interface
[3.037s] -- Install configuration: ""
[3.037s] -- Up-to-date: /home/robot/robot_ws/install/message_interface/share/ament_index/resource_index/rosidl_interfaces/message_interface
[3.037s] -- Up-to-date: /home/robot/robot_ws/install/message_interface/include/message_interface/message_interface
[3.037s] -- Up-to-date: /home/robot/robot_ws/install/message_interface/include/message_interface/message_interface/msg
[3.037s] -- Up-to-date: /home/robot/robot_ws/install/message_interface/include/message_interface/message_interface/msg/mode.h
[3.037s] -- Up-to-date: /home/robot/robot_ws/install/message_interface/include/message_interface/message_interface/msg/rosidl_generator_c__visibility_control.h
[3.037s] -- Up-to-date: /home/robot/robot_ws/install/message_interface/include/message_interface/message_interface/msg/detail
[3.037s] -- Up-to-date: /home/robot/robot_ws/install/message_interface/include/message_interface/message_interface/msg/detail/mode__type_support.h
[3.037s] -- Up-to-date: /home/robot/robot_ws/install/message_interface/include/message_interface/message_interface/msg/detail/mode__functions.c
[3.037s] -- Up-to-date: /home/robot/robot_ws/install/message_interface/include/message_interface/message_interface/msg/detail/mode__functions.h
[3.038s] -- Up-to-date: /home/robot/robot_ws/install/message_interface/include/message_interface/message_interface/msg/detail/mode__struct.h
[3.038s] -- Up-to-date: /home/robot/robot_ws/install/message_interface/share/message_interface/environment/library_path.sh
[3.038s] -- Up-to-date: /home/robot/robot_ws/install/message_interface/share/message_interface/environment/library_path.dsv
[3.038s] -- Up-to-date: /home/robot/robot_ws/install/message_interface/lib/libmessage_interface__rosidl_generator_c.so
[3.038s] -- Up-to-date: /home/robot/robot_ws/install/message_interface/include/message_interface/message_interface
[3.038s] -- Up-to-date: /home/robot/robot_ws/install/message_interface/include/message_interface/message_interface/msg
[3.047s] -- Up-to-date: /home/robot/robot_ws/install/message_interface/include/message_interface/message_interface/msg/rosidl_typesupport_fastrtps_c__visibility_control.h
[3.048s] -- Up-to-date: /home/robot/robot_ws/install/message_interface/include/message_interface/message_interface/msg/detail
[3.048s] -- Up-to-date: /home/robot/robot_ws/install/message_interface/include/message_interface/message_interface/msg/detail/mode__rosidl_typesupport_fastrtps_c.h
[3.048s] -- Up-to-date: /home/robot/robot_ws/install/message_interface/lib/libmessage_interface__rosidl_typesupport_fastrtps_c.so
[3.048s] -- Up-to-date: /home/robot/robot_ws/install/message_interface/include/message_interface/message_interface
[3.048s] -- Up-to-date: /home/robot/robot_ws/install/message_interface/include/message_interface/message_interface/msg
[3.048s] -- Up-to-date: /home/robot/robot_ws/install/message_interface/include/message_interface/message_interface/msg/detail
[3.048s] -- Up-to-date: /home/robot/robot_ws/install/message_interface/include/message_interface/message_interface/msg/detail/mode__type_support.c
[3.048s] -- Up-to-date: /home/robot/robot_ws/install/message_interface/include/message_interface/message_interface/msg/detail/mode__rosidl_typesupport_introspection_c.h
[3.048s] -- Up-to-date: /home/robot/robot_ws/install/message_interface/include/message_interface/message_interface/msg/rosidl_typesupport_introspection_c__visibility_control.h
[3.048s] -- Up-to-date: /home/robot/robot_ws/install/message_interface/lib/libmessage_interface__rosidl_typesupport_introspection_c.so
[3.048s] -- Up-to-date: /home/robot/robot_ws/install/message_interface/lib/libmessage_interface__rosidl_typesupport_c.so
[3.049s] -- Up-to-date: /home/robot/robot_ws/install/message_interface/include/message_interface/message_interface
[3.049s] -- Up-to-date: /home/robot/robot_ws/install/message_interface/include/message_interface/message_interface/msg
[3.049s] -- Up-to-date: /home/robot/robot_ws/install/message_interface/include/message_interface/message_interface/msg/detail
[3.049s] -- Up-to-date: /home/robot/robot_ws/install/message_interface/include/message_interface/message_interface/msg/detail/mode__traits.hpp
[3.049s] -- Up-to-date: /home/robot/robot_ws/install/message_interface/include/message_interface/message_interface/msg/detail/mode__struct.hpp
[3.050s] -- Up-to-date: /home/robot/robot_ws/install/message_interface/include/message_interface/message_interface/msg/detail/mode__builder.hpp
[3.050s] -- Up-to-date: /home/robot/robot_ws/install/message_interface/include/message_interface/message_interface/msg/mode.hpp
[3.050s] -- Up-to-date: /home/robot/robot_ws/install/message_interface/include/message_interface/message_interface
[3.050s] -- Up-to-date: /home/robot/robot_ws/install/message_interface/include/message_interface/message_interface/msg
[3.050s] -- Up-to-date: /home/robot/robot_ws/install/message_interface/include/message_interface/message_interface/msg/rosidl_typesupport_fastrtps_cpp__visibility_control.h
[3.051s] -- Up-to-date: /home/robot/robot_ws/install/message_interface/include/message_interface/message_interface/msg/detail
[3.051s] -- Up-to-date: /home/robot/robot_ws/install/message_interface/include/message_interface/message_interface/msg/detail/dds_fastrtps
[3.055s] -- Up-to-date: /home/robot/robot_ws/install/message_interface/include/message_interface/message_interface/msg/detail/mode__rosidl_typesupport_fastrtps_cpp.hpp
[3.056s] -- Up-to-date: /home/robot/robot_ws/install/message_interface/lib/libmessage_interface__rosidl_typesupport_fastrtps_cpp.so
[3.056s] -- Up-to-date: /home/robot/robot_ws/install/message_interface/include/message_interface/message_interface
[3.056s] -- Up-to-date: /home/robot/robot_ws/install/message_interface/include/message_interface/message_interface/msg
[3.057s] -- Up-to-date: /home/robot/robot_ws/install/message_interface/include/message_interface/message_interface/msg/detail
[3.057s] -- Up-to-date: /home/robot/robot_ws/install/message_interface/include/message_interface/message_interface/msg/detail/mode__type_support.cpp
[3.057s] -- Up-to-date: /home/robot/robot_ws/install/message_interface/include/message_interface/message_interface/msg/detail/mode__rosidl_typesupport_introspection_cpp.hpp
[3.058s] -- Up-to-date: /home/robot/robot_ws/install/message_interface/lib/libmessage_interface__rosidl_typesupport_introspection_cpp.so
[3.058s] -- Up-to-date: /home/robot/robot_ws/install/message_interface/lib/libmessage_interface__rosidl_typesupport_cpp.so
[3.059s] -- Up-to-date: /home/robot/robot_ws/install/message_interface/share/message_interface/environment/pythonpath.sh
[3.059s] -- Up-to-date: /home/robot/robot_ws/install/message_interface/share/message_interface/environment/pythonpath.dsv
[3.060s] -- Up-to-date: /home/robot/robot_ws/install/message_interface/local/lib/python3.10/dist-packages/message_interface-0.0.0-py3.10.egg-info
[3.062s] -- Installing: /home/robot/robot_ws/install/message_interface/local/lib/python3.10/dist-packages/message_interface-0.0.0-py3.10.egg-info/PKG-INFO
[3.067s] -- Installing: /home/robot/robot_ws/install/message_interface/local/lib/python3.10/dist-packages/message_interface-0.0.0-py3.10.egg-info/top_level.txt
[3.067s] -- Installing: /home/robot/robot_ws/install/message_interface/local/lib/python3.10/dist-packages/message_interface-0.0.0-py3.10.egg-info/dependency_links.txt
[3.068s] -- Installing: /home/robot/robot_ws/install/message_interface/local/lib/python3.10/dist-packages/message_interface-0.0.0-py3.10.egg-info/SOURCES.txt
[3.068s] -- Up-to-date: /home/robot/robot_ws/install/message_interface/local/lib/python3.10/dist-packages/message_interface
[3.068s] -- Up-to-date: /home/robot/robot_ws/install/message_interface/local/lib/python3.10/dist-packages/message_interface/_message_interface_s.ep.rosidl_typesupport_c.c
[3.069s] -- Up-to-date: /home/robot/robot_ws/install/message_interface/local/lib/python3.10/dist-packages/message_interface/message_interface_s__rosidl_typesupport_c.cpython-310-x86_64-linux-gnu.so
[3.069s] -- Up-to-date: /home/robot/robot_ws/install/message_interface/local/lib/python3.10/dist-packages/message_interface/_message_interface_s.ep.rosidl_typesupport_introspection_c.c
[3.069s] -- Up-to-date: /home/robot/robot_ws/install/message_interface/local/lib/python3.10/dist-packages/message_interface/msg
[3.069s] -- Up-to-date: /home/robot/robot_ws/install/message_interface/local/lib/python3.10/dist-packages/message_interface/msg/__init__.py
[3.069s] -- Up-to-date: /home/robot/robot_ws/install/message_interface/local/lib/python3.10/dist-packages/message_interface/msg/_mode.py
[3.070s] -- Up-to-date: /home/robot/robot_ws/install/message_interface/local/lib/python3.10/dist-packages/message_interface/msg/_mode_s.c
[3.070s] -- Up-to-date: /home/robot/robot_ws/install/message_interface/local/lib/python3.10/dist-packages/message_interface/message_interface_s__rosidl_typesupport_fastrtps_c.cpython-310-x86_64-linux-gnu.so
[3.070s] -- Up-to-date: /home/robot/robot_ws/install/message_interface/local/lib/python3.10/dist-packages/message_interface/__init__.py
[3.070s] -- Up-to-date: /home/robot/robot_ws/install/message_interface/local/lib/python3.10/dist-packages/message_interface/libmessage_interface__rosidl_generator_py.so
[3.070s] -- Up-to-date: /home/robot/robot_ws/install/message_interface/local/lib/python3.10/dist-packages/message_interface/message_interface_s__rosidl_typesupport_introspection_c.cpython-310-x86_64-linux-gnu.so
[3.071s] -- Up-to-date: /home/robot/robot_ws/install/message_interface/local/lib/python3.10/dist-packages/message_interface/_message_interface_s.ep.rosidl_typesupport_fastrtps_c.c
[3.300s] Listing '/home/robot/robot_ws/install/message_interface/local/lib/python3.10/dist-packages/message_interface'...
[3.300s] Listing '/home/robot/robot_ws/install/message_interface/local/lib/python3.10/dist-packages/message_interface/msg'...
[3.341s] -- Up-to-date: /home/robot/robot_ws/install/message_interface/local/lib/python3.10/dist-packages/message_interface/message_interface_s__rosidl_typesupport_fastrtps_c.cpython-310-x86_64-linux-gnu.so
[3.341s] -- Up-to-date: /home/robot/robot_ws/install/message_interface/local/lib/python3.10/dist-packages/message_interface/message_interface_s__rosidl_typesupport_introspection_c.cpython-310-x86_64-linux-gnu.so
[3.342s] -- Up-to-date: /home/robot/robot_ws/install/message_interface/local/lib/python3.10/dist-packages/message_interface/message_interface_s__rosidl_typesupport_c.cpython-310-x86_64-linux-gnu.so
[3.342s] -- Up-to-date: /home/robot/robot_ws/install/message_interface/lib/libmessage_interface__rosidl_generator_py.so
[3.342s] -- Up-to-date: /home/robot/robot_ws/install/message_interface/share/message_interface/msg/Mode.idl
[3.342s] -- Up-to-date: /home/robot/robot_ws/install/message_interface/share/message_interface/msg/Mode.msg
[3.342s] -- Up-to-date: /home/robot/robot_ws/install/message_interface/share/ament_index/resource_index/package_run_dependencies/message_interface
[3.342s] -- Up-to-date: /home/robot/robot_ws/install/message_interface/share/ament_index/resource_index/parent_prefix_path/message_interface
[3.342s] -- Up-to-date: /home/robot/robot_ws/install/message_interface/share/message_interface/environment/ament_prefix_path.sh
[3.342s] -- Up-to-date: /home/robot/robot_ws/install/message_interface/share/message_interface/environment/ament_prefix_path.dsv
[3.342s] -- Up-to-date: /home/robot/robot_ws/install/message_interface/share/message_interface/environment/path.sh
[3.342s] -- Up-to-date: /home/robot/robot_ws/install/message_interface/share/message_interface/environment/path.dsv
[3.343s] -- Up-to-date: /home/robot/robot_ws/install/message_interface/share/message_interface/local_setup.bash
[3.343s] -- Up-to-date: /home/robot/robot_ws/install/message_interface/share/message_interface/local_setup.sh
[3.343s] -- Up-to-date: /home/robot/robot_ws/install/message_interface/share/message_interface/local_setup.zsh
[3.343s] -- Up-to-date: /home/robot/robot_ws/install/message_interface/share/message_interface/local_setup.dsv
[3.343s] -- Installing: /home/robot/robot_ws/install/message_interface/share/message_interface/package.dsv
[3.343s] -- Up-to-date: /home/robot/robot_ws/install/message_interface/share/ament_index/resource_index/packages/message_interface
[3.343s] -- Up-to-date: /home/robot/robot_ws/install/message_interface/share/message_interface/cmake/export_message_interface__rosidl_generator_cExport.cmake
[3.343s] -- Up-to-date: /home/robot/robot_ws/install/message_interface/share/message_interface/cmake/export_message_interface__rosidl_generator_cExport-noconfig.cmake
[3.343s] -- Up-to-date: /home/robot/robot_ws/install/message_interface/share/message_interface/cmake/export_message_interface__rosidl_typesupport_fastrtps_cExport.cmake
[3.343s] -- Up-to-date: /home/robot/robot_ws/install/message_interface/share/message_interface/cmake/export_message_interface__rosidl_typesupport_fastrtps_cExport-noconfig.cmake
[3.344s] -- Up-to-date: /home/robot/robot_ws/install/message_interface/share/message_interface/cmake/message_interface__rosidl_typesupport_introspection_cExport.cmake
[3.344s] -- Up-to-date: /home/robot/robot_ws/install/message_interface/share/message_interface/cmake/message_interface__rosidl_typesupport_introspection_cExport-noconfig.cmake
[3.344s] -- Up-to-date: /home/robot/robot_ws/install/message_interface/share/message_interface/cmake/message_interface__rosidl_typesupport_cExport.cmake
[3.344s] -- Up-to-date: /home/robot/robot_ws/install/message_interface/share/message_interface/cmake/message_interface__rosidl_typesupport_cExport-noconfig.cmake
[3.344s] -- Up-to-date: /home/robot/robot_ws/install/message_interface/share/message_interface/cmake/export_message_interface__rosidl_generator_cppExport.cmake
[3.344s] -- Up-to-date: /home/robot/robot_ws/install/message_interface/share/message_interface/cmake/export_message_interface__rosidl_typesupport_fastrtps_cppExport.cmake
[3.344s] -- Up-to-date: /home/robot/robot_ws/install/message_interface/share/message_interface/cmake/export_message_interface__rosidl_typesupport_fastrtps_cppExport-noconfig.cmake
[3.344s] -- Up-to-date: /home/robot/robot_ws/install/message_interface/share/message_interface/cmake/message_interface__rosidl_typesupport_introspection_cppExport.cmake
[3.344s] -- Up-to-date: /home/robot/robot_ws/install/message_interface/share/message_interface/cmake/message_interface__rosidl_typesupport_introspection_cppExport-noconfig.cmake
[3.344s] -- Up-to-date: /home/robot/robot_ws/install/message_interface/share/message_interface/cmake/message_interface__rosidl_typesupport_cppExport.cmake
[3.344s] -- Up-to-date: /home/robot/robot_ws/install/message_interface/share/message_interface/cmake/message_interface__rosidl_typesupport_cppExport-noconfig.cmake
[3.344s] -- Up-to-date: /home/robot/robot_ws/install/message_interface/share/message_interface/cmake/export_message_interface__rosidl_generator_pyExport.cmake
[3.344s] -- Up-to-date: /home/robot/robot_ws/install/message_interface/share/message_interface/cmake/export_message_interface__rosidl_generator_pyExport-noconfig.cmake
[3.345s] -- Up-to-date: /home/robot/robot_ws/install/message_interface/share/message_interface/cmake/rosidl_cmake-extras.cmake
[3.345s] -- Up-to-date: /home/robot/robot_ws/install/message_interface/share/message_interface/cmake/ament_cmake_export_include_directories-extras.cmake
[3.345s] -- Up-to-date: /home/robot/robot_ws/install/message_interface/share/message_interface/cmake/ament_cmake_export_libraries-extras.cmake
[3.345s] -- Up-to-date: /home/robot/robot_ws/install/message_interface/share/message_interface/cmake/ament_cmake_export_targets-extras.cmake
[3.345s] -- Up-to-date: /home/robot/robot_ws/install/message_interface/share/message_interface/cmake/rosidl_cmake_export_typesupport_targets-extras.cmake
[3.345s] -- Up-to-date: /home/robot/robot_ws/install/message_interface/share/message_interface/cmake/ament_cmake_export_dependencies-extras.cmake
[3.345s] -- Up-to-date: /home/robot/robot_ws/install/message_interface/share/message_interface/cmake/rosidl_cmake_export_typesupport_libraries-extras.cmake
[3.345s] -- Up-to-date: /home/robot/robot_ws/install/message_interface/share/message_interface/cmake/message_interfaceConfig.cmake
[3.345s] -- Up-to-date: /home/robot/robot_ws/install/message_interface/share/message_interface/cmake/message_interfaceConfig-version.cmake
[3.345s] -- Up-to-date: /home/robot/robot_ws/install/message_interface/share/message_interface/package.xml
[3.800s] Invoked command in '/home/robot/robot_ws/build/message_interface' returned '0': CMAKE_PREFIX_PATH=${CMAKE_PREFIX_PATH}:/home/robot/robot_ws/install/urdf_tutorial:/home/robot/turtlebot3_ws/install/turtlebot3_teleop:/home/robot/turtlebot3_ws/install/turtlebot3_example:/opt/ros/humble /usr/bin/cmake --install /home/robot/robot_ws/build/message_interface
