[0.473s] Invoking command in '/home/robot/robot_ws/build/clustering_cpp': CMAKE_PREFIX_PATH=/home/robot/robot_ws/install/message_interface:/home/robot/robot_ws/install/ydlidar_sdk:/home/robot/robot_ws/install/slam_toolbox:/home/robot/robot_ws/install/safeway_robot_controll_packet_rs485:/home/robot/robot_ws/install/safeway_robot_controll_packet_RS485:/home/robot/robot_ws/install/pointcloud_to_laserscan:/home/robot/robot_ws/install/onetouch_launch:/home/robot/robot_ws/install/nav2_test_utils:/home/robot/robot_ws/install/nav2_common:/home/robot/robot_ws/install/my_first_ros_rclcpp_pkg:/home/robot/robot_ws/install/clustering_cpp:/home/robot/robot_ws/install/ldlidar_stl_ros2:/home/robot/robot_ws/install/ld08_driver:/home/robot/robot_ws/install/gl_ros2_driver:/home/robot/robot_ws/install/car_odom:/home/robot/ydlidar_ros2_driver/install/ydlidar_ros2_driver:/home/robot/ldlidar_ros2_ws/install/ldlidar_stl_ros2:/home/robot/install/safeway_robot_controll_packet_RS485:/home/robot/turtlebot3_ws/install/turtlebot3:/home/robot/turtlebot3_ws/install/turtlebot3_bringup:/home/robot/turtlebot3_ws/install/turtlebot3_node:/home/robot/turtlebot3_ws/install/turtlebot3_navigation2:/home/robot/turtlebot3_ws/install/turtlebot3_msgs:/home/robot/turtlebot3_ws/install/turtlebot3_description:/home/robot/turtlebot3_ws/install/turtlebot3_cartographer:/home/robot/turtlebot3_ws/install/ld08_driver:/home/robot/turtlebot3_ws/install/dynamixel_sdk_examples:/home/robot/turtlebot3_ws/install/dynamixel_sdk_custom_interfaces:/home/robot/turtlebot3_ws/install/dynamixel_sdk:/home/robot/ros2_ws/install/object_detection_ros2:/home/robot/ros2_ws/install/message_interface:/home/robot/ros2_ws/install/gl_ros2_driver_udp:/home/robot/ros2_ws/install/gl_ros2_driver:/home/robot/robot_ws/install/urdf_tutorial:/home/robot/turtlebot3_ws/install/turtlebot3_teleop:/home/robot/turtlebot3_ws/install/turtlebot3_example:/opt/ros/humble LD_LIBRARY_PATH=/home/robot/robot_ws/install/message_interface/lib:/home/robot/robot_ws/install/slam_toolbox/lib:/home/robot/robot_ws/install/pointcloud_to_laserscan/lib:/home/robot/turtlebot3_ws/install/turtlebot3_msgs/lib:/home/robot/turtlebot3_ws/install/dynamixel_sdk_custom_interfaces/lib:/home/robot/turtlebot3_ws/install/dynamixel_sdk/lib:/home/robot/ros2_ws/install/message_interface/lib:/usr/lib/x86_64-linux-gnu/gazebo-11/plugins:/opt/ros/humble/opt/rviz_ogre_vendor/lib:/opt/ros/humble/lib/x86_64-linux-gnu:/opt/ros/humble/lib /usr/bin/cmake --build /home/robot/robot_ws/build/clustering_cpp -- -j4 -l4
[0.553s] -- Found ament_cmake: 1.3.7 (/opt/ros/humble/share/ament_cmake/cmake)
[0.961s] -- Override CMake install command with custom implementation using symlinks instead of copying resources
[0.974s] -- Found rclcpp: 16.0.8 (/opt/ros/humble/share/rclcpp/cmake)
[1.054s] -- Found rosidl_generator_c: 3.1.5 (/opt/ros/humble/share/rosidl_generator_c/cmake)
[1.058s] -- Found rosidl_adapter: 3.1.5 (/opt/ros/humble/share/rosidl_adapter/cmake)
[1.077s] -- Found rosidl_generator_cpp: 3.1.5 (/opt/ros/humble/share/rosidl_generator_cpp/cmake)
[1.107s] -- Using all available rosidl_typesupport_c: rosidl_typesupport_fastrtps_c;rosidl_typesupport_introspection_c
[1.133s] -- Using all available rosidl_typesupport_cpp: rosidl_typesupport_fastrtps_cpp;rosidl_typesupport_introspection_cpp
[1.228s] -- Found rmw_implementation_cmake: 6.1.1 (/opt/ros/humble/share/rmw_implementation_cmake/cmake)
[1.234s] -- Found rmw_fastrtps_cpp: 6.2.6 (/opt/ros/humble/share/rmw_fastrtps_cpp/cmake)
[1.525s] -- Using RMW implementation 'rmw_fastrtps_cpp' as default
[1.909s] -- Found sensor_msgs: 4.2.3 (/opt/ros/humble/share/sensor_msgs/cmake)
[2.182s] -- Found visualization_msgs: 4.2.3 (/opt/ros/humble/share/visualization_msgs/cmake)
[2.376s] -- Found message_interface: 0.0.0 (/home/robot/robot_ws/install/message_interface/share/message_interface/cmake)
[2.418s] -- Eigen found (include: /usr/include/eigen3, version: 3.4.0)
[2.465s] -- FLANN found (include: /usr/include, lib: /usr/lib/x86_64-linux-gnu/libflann_cpp.so)
[3.038s] -- OpenNI found (version: 1.5.4.0, include: /usr/include/ni, lib: /usr/lib/libOpenNI.so;libusb::libusb)
[3.050s] -- OpenNI2 found (version: 2.2.0.33, include: /usr/include/openni2, lib: /usr/lib/x86_64-linux-gnu/libOpenNI2.so;libusb::libusb)
[3.050s] [0m** WARNING ** io features related to pcap will be disabled[0m
[3.288s] -- Eigen found (include: /usr/include/eigen3, version: 3.4.0)
[3.297s] -- OpenNI found (version: 1.5.4.0, include: /usr/include/ni, lib: /usr/lib/libOpenNI.so;libusb::libusb)
[3.305s] -- OpenNI2 found (version: 2.2.0.33, include: /usr/include/openni2, lib: /usr/lib/x86_64-linux-gnu/libOpenNI2.so;libusb::libusb)
[3.534s] -- Found Qhull version 8.0.2
[3.743s] -- OpenNI found (version: 1.5.4.0, include: /usr/include/ni, lib: /usr/lib/libOpenNI.so;libusb::libusb)
[3.937s] -- looking for PCL_COMMON
[3.937s] -- looking for PCL_KDTREE
[3.938s] -- looking for PCL_OCTREE
[3.938s] -- looking for PCL_SEARCH
[3.939s] -- looking for PCL_SAMPLE_CONSENSUS
[3.939s] -- looking for PCL_FILTERS
[3.940s] -- looking for PCL_2D
[3.940s] -- looking for PCL_GEOMETRY
[3.941s] -- looking for PCL_IO
[3.941s] -- looking for PCL_FEATURES
[3.942s] -- looking for PCL_ML
[3.942s] -- looking for PCL_SEGMENTATION
[3.943s] -- looking for PCL_VISUALIZATION
[3.943s] -- looking for PCL_SURFACE
[3.944s] -- looking for PCL_REGISTRATION
[3.945s] -- looking for PCL_KEYPOINTS
[3.945s] -- looking for PCL_TRACKING
[3.946s] -- looking for PCL_RECOGNITION
[3.946s] -- looking for PCL_STEREO
[3.947s] -- looking for PCL_APPS
[3.948s] -- looking for PCL_IN_HAND_SCANNER
[3.948s] -- looking for PCL_MODELER
[3.948s] -- looking for PCL_POINT_CLOUD_EDITOR
[3.949s] -- looking for PCL_OUTOFCORE
[3.949s] -- looking for PCL_PEOPLE
[3.951s] [31mCMake Error at /opt/ros/humble/share/ament_cmake_target_dependencies/cmake/ament_target_dependencies.cmake:42 (message):
[3.951s]   ament_target_dependencies() the first argument must be a valid target name
[3.951s] Call Stack (most recent call first):
[3.951s]   CMakeLists.txt:28 (ament_target_dependencies)
[3.951s] 
[3.952s] [0m
[3.952s] -- Configuring incomplete, errors occurred!
[3.952s] See also "/home/robot/robot_ws/build/clustering_cpp/CMakeFiles/CMakeOutput.log".
[3.968s] gmake: *** [Makefile:267: cmake_check_build_system] Error 1
[3.972s] Invoked command in '/home/robot/robot_ws/build/clustering_cpp' returned '2': CMAKE_PREFIX_PATH=/home/robot/robot_ws/install/message_interface:/home/robot/robot_ws/install/ydlidar_sdk:/home/robot/robot_ws/install/slam_toolbox:/home/robot/robot_ws/install/safeway_robot_controll_packet_rs485:/home/robot/robot_ws/install/safeway_robot_controll_packet_RS485:/home/robot/robot_ws/install/pointcloud_to_laserscan:/home/robot/robot_ws/install/onetouch_launch:/home/robot/robot_ws/install/nav2_test_utils:/home/robot/robot_ws/install/nav2_common:/home/robot/robot_ws/install/my_first_ros_rclcpp_pkg:/home/robot/robot_ws/install/clustering_cpp:/home/robot/robot_ws/install/ldlidar_stl_ros2:/home/robot/robot_ws/install/ld08_driver:/home/robot/robot_ws/install/gl_ros2_driver:/home/robot/robot_ws/install/car_odom:/home/robot/ydlidar_ros2_driver/install/ydlidar_ros2_driver:/home/robot/ldlidar_ros2_ws/install/ldlidar_stl_ros2:/home/robot/install/safeway_robot_controll_packet_RS485:/home/robot/turtlebot3_ws/install/turtlebot3:/home/robot/turtlebot3_ws/install/turtlebot3_bringup:/home/robot/turtlebot3_ws/install/turtlebot3_node:/home/robot/turtlebot3_ws/install/turtlebot3_navigation2:/home/robot/turtlebot3_ws/install/turtlebot3_msgs:/home/robot/turtlebot3_ws/install/turtlebot3_description:/home/robot/turtlebot3_ws/install/turtlebot3_cartographer:/home/robot/turtlebot3_ws/install/ld08_driver:/home/robot/turtlebot3_ws/install/dynamixel_sdk_examples:/home/robot/turtlebot3_ws/install/dynamixel_sdk_custom_interfaces:/home/robot/turtlebot3_ws/install/dynamixel_sdk:/home/robot/ros2_ws/install/object_detection_ros2:/home/robot/ros2_ws/install/message_interface:/home/robot/ros2_ws/install/gl_ros2_driver_udp:/home/robot/ros2_ws/install/gl_ros2_driver:/home/robot/robot_ws/install/urdf_tutorial:/home/robot/turtlebot3_ws/install/turtlebot3_teleop:/home/robot/turtlebot3_ws/install/turtlebot3_example:/opt/ros/humble LD_LIBRARY_PATH=/home/robot/robot_ws/install/message_interface/lib:/home/robot/robot_ws/install/slam_toolbox/lib:/home/robot/robot_ws/install/pointcloud_to_laserscan/lib:/home/robot/turtlebot3_ws/install/turtlebot3_msgs/lib:/home/robot/turtlebot3_ws/install/dynamixel_sdk_custom_interfaces/lib:/home/robot/turtlebot3_ws/install/dynamixel_sdk/lib:/home/robot/ros2_ws/install/message_interface/lib:/usr/lib/x86_64-linux-gnu/gazebo-11/plugins:/opt/ros/humble/opt/rviz_ogre_vendor/lib:/opt/ros/humble/lib/x86_64-linux-gnu:/opt/ros/humble/lib /usr/bin/cmake --build /home/robot/robot_ws/build/clustering_cpp -- -j4 -l4
