[0.279s] Invoking command in '/home/robot/robot_ws/build/ld08_driver': CMAKE_PREFIX_PATH=${CMAKE_PREFIX_PATH}:/home/robot/robot_ws/install/urdf_tutorial:/home/robot/turtlebot3_ws/install/turtlebot3_teleop:/home/robot/turtlebot3_ws/install/turtlebot3_example:/opt/ros/humble /usr/bin/cmake --build /home/robot/robot_ws/build/ld08_driver -- -j4 -l4
[0.436s] [ 16%] [32mBuilding CXX object CMakeFiles/ld08_driver.dir/src/lipkg.cpp.o[0m
[9.157s] [32m[1mLinking CXX executable ld08_driver[0m
[9.432s] Built target ld08_driver
[9.446s] Invoked command in '/home/robot/robot_ws/build/ld08_driver' returned '0': CMAKE_PREFIX_PATH=${CMAKE_PREFIX_PATH}:/home/robot/robot_ws/install/urdf_tutorial:/home/robot/turtlebot3_ws/install/turtlebot3_teleop:/home/robot/turtlebot3_ws/install/turtlebot3_example:/opt/ros/humble /usr/bin/cmake --build /home/robot/robot_ws/build/ld08_driver -- -j4 -l4
[9.486s] Invoking command in '/home/robot/robot_ws/build/ld08_driver': CMAKE_PREFIX_PATH=${CMAKE_PREFIX_PATH}:/home/robot/robot_ws/install/urdf_tutorial:/home/robot/turtlebot3_ws/install/turtlebot3_teleop:/home/robot/turtlebot3_ws/install/turtlebot3_example:/opt/ros/humble /usr/bin/cmake --install /home/robot/robot_ws/build/ld08_driver
[9.496s] -- Install configuration: "Debug"
[9.496s] -- Up-to-date: /home/robot/robot_ws/install/ld08_driver/share/ld08_driver/launch
[9.496s] -- Up-to-date: /home/robot/robot_ws/install/ld08_driver/share/ld08_driver/launch/ld08.launch.py
[9.497s] -- Installing: /home/robot/robot_ws/install/ld08_driver/lib/ld08_driver/ld08_driver
[9.503s] -- Set runtime path of "/home/robot/robot_ws/install/ld08_driver/lib/ld08_driver/ld08_driver" to ""
[9.503s] -- Up-to-date: /home/robot/robot_ws/install/ld08_driver/share/ament_index/resource_index/package_run_dependencies/ld08_driver
[9.505s] -- Up-to-date: /home/robot/robot_ws/install/ld08_driver/share/ament_index/resource_index/parent_prefix_path/ld08_driver
[9.505s] -- Up-to-date: /home/robot/robot_ws/install/ld08_driver/share/ld08_driver/environment/ament_prefix_path.sh
[9.506s] -- Up-to-date: /home/robot/robot_ws/install/ld08_driver/share/ld08_driver/environment/ament_prefix_path.dsv
[9.506s] -- Up-to-date: /home/robot/robot_ws/install/ld08_driver/share/ld08_driver/environment/path.sh
[9.506s] -- Up-to-date: /home/robot/robot_ws/install/ld08_driver/share/ld08_driver/environment/path.dsv
[9.506s] -- Up-to-date: /home/robot/robot_ws/install/ld08_driver/share/ld08_driver/local_setup.bash
[9.507s] -- Up-to-date: /home/robot/robot_ws/install/ld08_driver/share/ld08_driver/local_setup.sh
[9.507s] -- Up-to-date: /home/robot/robot_ws/install/ld08_driver/share/ld08_driver/local_setup.zsh
[9.507s] -- Up-to-date: /home/robot/robot_ws/install/ld08_driver/share/ld08_driver/local_setup.dsv
[9.507s] -- Installing: /home/robot/robot_ws/install/ld08_driver/share/ld08_driver/package.dsv
[9.508s] -- Up-to-date: /home/robot/robot_ws/install/ld08_driver/share/ament_index/resource_index/packages/ld08_driver
[9.508s] -- Up-to-date: /home/robot/robot_ws/install/ld08_driver/share/ld08_driver/cmake/ament_cmake_export_dependencies-extras.cmake
[9.508s] -- Up-to-date: /home/robot/robot_ws/install/ld08_driver/share/ld08_driver/cmake/ament_cmake_export_include_directories-extras.cmake
[9.509s] -- Up-to-date: /home/robot/robot_ws/install/ld08_driver/share/ld08_driver/cmake/ld08_driverConfig.cmake
[9.509s] -- Up-to-date: /home/robot/robot_ws/install/ld08_driver/share/ld08_driver/cmake/ld08_driverConfig-version.cmake
[9.509s] -- Up-to-date: /home/robot/robot_ws/install/ld08_driver/share/ld08_driver/package.xml
[9.521s] Invoked command in '/home/robot/robot_ws/build/ld08_driver' returned '0': CMAKE_PREFIX_PATH=${CMAKE_PREFIX_PATH}:/home/robot/robot_ws/install/urdf_tutorial:/home/robot/turtlebot3_ws/install/turtlebot3_teleop:/home/robot/turtlebot3_ws/install/turtlebot3_example:/opt/ros/humble /usr/bin/cmake --install /home/robot/robot_ws/build/ld08_driver
