[0.571s] Invoking command in '/home/robot/robot_ws/build/car_odom': CMAKE_PREFIX_PATH=${CMAKE_PREFIX_PATH}:/home/robot/robot_ws/install/urdf_tutorial:/home/robot/turtlebot3_ws/install/turtlebot3_teleop:/home/robot/turtlebot3_ws/install/turtlebot3_example:/opt/ros/humble /usr/bin/cmake /home/robot/robot_ws/src/car_odom -DCMAKE_BUILD_TYPE=Debug -DCMAKE_INSTALL_PREFIX=/home/robot/robot_ws/install/car_odom
[0.603s] -- Found ament_cmake: 1.3.7 (/opt/ros/humble/share/ament_cmake/cmake)
[0.824s] -- Override CMake install command with custom implementation using symlinks instead of copying resources
[0.837s] -- Found tf2: 0.25.5 (/opt/ros/humble/share/tf2/cmake)
[0.910s] -- Found rosidl_generator_c: 3.1.5 (/opt/ros/humble/share/rosidl_generator_c/cmake)
[0.916s] -- Found rosidl_adapter: 3.1.5 (/opt/ros/humble/share/rosidl_adapter/cmake)
[0.923s] -- Found rosidl_generator_cpp: 3.1.5 (/opt/ros/humble/share/rosidl_generator_cpp/cmake)
[0.942s] -- Using all available rosidl_typesupport_c: rosidl_typesupport_fastrtps_c;rosidl_typesupport_introspection_c
[0.970s] -- Using all available rosidl_typesupport_cpp: rosidl_typesupport_fastrtps_cpp;rosidl_typesupport_introspection_cpp
[1.178s] -- Found tf2_ros: 0.25.5 (/opt/ros/humble/share/tf2_ros/cmake)
[1.323s] -- Found rmw_implementation_cmake: 6.1.1 (/opt/ros/humble/share/rmw_implementation_cmake/cmake)
[1.323s] -- Found rmw_fastrtps_cpp: 6.2.6 (/opt/ros/humble/share/rmw_fastrtps_cpp/cmake)
[1.594s] -- Using RMW implementation 'rmw_fastrtps_cpp' as default
[2.234s] -- Found nav_msgs: 4.2.3 (/opt/ros/humble/share/nav_msgs/cmake)
[2.473s] -- Found ament_lint_auto: 0.12.10 (/opt/ros/humble/share/ament_lint_auto/cmake)
[2.634s] -- Added test 'cppcheck' to perform static code analysis on C / C++ code
[2.634s] -- Configured cppcheck include dirs: 
[2.634s] -- Configured cppcheck exclude dirs and/or files: 
[2.634s] -- Added test 'lint_cmake' to check CMake code style
[2.634s] -- Added test 'uncrustify' to check C / C++ code style
[2.634s] -- Configured uncrustify additional arguments: 
[2.635s] -- Added test 'xmllint' to check XML markup files
[2.644s] -- Configuring done
[2.678s] -- Generating done
[2.691s] -- Build files have been written to: /home/robot/robot_ws/build/car_odom
[2.714s] Invoked command in '/home/robot/robot_ws/build/car_odom' returned '0': CMAKE_PREFIX_PATH=${CMAKE_PREFIX_PATH}:/home/robot/robot_ws/install/urdf_tutorial:/home/robot/turtlebot3_ws/install/turtlebot3_teleop:/home/robot/turtlebot3_ws/install/turtlebot3_example:/opt/ros/humble /usr/bin/cmake /home/robot/robot_ws/src/car_odom -DCMAKE_BUILD_TYPE=Debug -DCMAKE_INSTALL_PREFIX=/home/robot/robot_ws/install/car_odom
[2.715s] Invoking command in '/home/robot/robot_ws/build/car_odom': CMAKE_PREFIX_PATH=${CMAKE_PREFIX_PATH}:/home/robot/robot_ws/install/urdf_tutorial:/home/robot/turtlebot3_ws/install/turtlebot3_teleop:/home/robot/turtlebot3_ws/install/turtlebot3_example:/opt/ros/humble /usr/bin/cmake --build /home/robot/robot_ws/build/car_odom -- -j4 -l4
[2.849s] [35m[1mConsolidate compiler generated dependencies of target car_odom[0m
[2.897s] [100%] Built target car_odom
[2.928s] Invoked command in '/home/robot/robot_ws/build/car_odom' returned '0': CMAKE_PREFIX_PATH=${CMAKE_PREFIX_PATH}:/home/robot/robot_ws/install/urdf_tutorial:/home/robot/turtlebot3_ws/install/turtlebot3_teleop:/home/robot/turtlebot3_ws/install/turtlebot3_example:/opt/ros/humble /usr/bin/cmake --build /home/robot/robot_ws/build/car_odom -- -j4 -l4
[3.045s] Invoking command in '/home/robot/robot_ws/build/car_odom': CMAKE_PREFIX_PATH=${CMAKE_PREFIX_PATH}:/home/robot/robot_ws/install/urdf_tutorial:/home/robot/turtlebot3_ws/install/turtlebot3_teleop:/home/robot/turtlebot3_ws/install/turtlebot3_example:/opt/ros/humble /usr/bin/cmake --install /home/robot/robot_ws/build/car_odom
[3.056s] -- Install configuration: "Debug"
[3.056s] -- Execute custom install script
[3.057s] -- Up-to-date symlink: /home/robot/robot_ws/install/car_odom/lib/car_odom/car_odom
[3.057s] -- Up-to-date symlink: /home/robot/robot_ws/install/car_odom/share/ament_index/resource_index/package_run_dependencies/car_odom
[3.057s] -- Up-to-date symlink: /home/robot/robot_ws/install/car_odom/share/ament_index/resource_index/parent_prefix_path/car_odom
[3.057s] -- Up-to-date symlink: /home/robot/robot_ws/install/car_odom/share/car_odom/environment/ament_prefix_path.sh
[3.057s] -- Up-to-date symlink: /home/robot/robot_ws/install/car_odom/share/car_odom/environment/ament_prefix_path.dsv
[3.058s] -- Up-to-date symlink: /home/robot/robot_ws/install/car_odom/share/car_odom/environment/path.sh
[3.058s] -- Up-to-date symlink: /home/robot/robot_ws/install/car_odom/share/car_odom/environment/path.dsv
[3.058s] -- Up-to-date symlink: /home/robot/robot_ws/install/car_odom/share/car_odom/local_setup.bash
[3.058s] -- Up-to-date symlink: /home/robot/robot_ws/install/car_odom/share/car_odom/local_setup.sh
[3.058s] -- Up-to-date symlink: /home/robot/robot_ws/install/car_odom/share/car_odom/local_setup.zsh
[3.059s] -- Up-to-date symlink: /home/robot/robot_ws/install/car_odom/share/car_odom/local_setup.dsv
[3.059s] -- Symlinking: /home/robot/robot_ws/install/car_odom/share/car_odom/package.dsv
[3.104s] -- Up-to-date symlink: /home/robot/robot_ws/install/car_odom/share/ament_index/resource_index/packages/car_odom
[3.105s] -- Up-to-date symlink: /home/robot/robot_ws/install/car_odom/share/car_odom/cmake/car_odomConfig.cmake
[3.105s] -- Up-to-date symlink: /home/robot/robot_ws/install/car_odom/share/car_odom/cmake/car_odomConfig-version.cmake
[3.105s] -- Up-to-date symlink: /home/robot/robot_ws/install/car_odom/share/car_odom/package.xml
[3.223s] Invoked command in '/home/robot/robot_ws/build/car_odom' returned '0': CMAKE_PREFIX_PATH=${CMAKE_PREFIX_PATH}:/home/robot/robot_ws/install/urdf_tutorial:/home/robot/turtlebot3_ws/install/turtlebot3_teleop:/home/robot/turtlebot3_ws/install/turtlebot3_example:/opt/ros/humble /usr/bin/cmake --install /home/robot/robot_ws/build/car_odom
