[0.240s] Invoking command in '/home/robot/robot_ws/build/gl_ros2_driver_udp': CMAKE_PREFIX_PATH=${CMAKE_PREFIX_PATH}:/home/robot/robot_ws/install/urdf_tutorial:/home/robot/turtlebot3_ws/install/turtlebot3_teleop:/home/robot/turtlebot3_ws/install/turtlebot3_example:/opt/ros/humble /usr/bin/cmake --build /home/robot/robot_ws/build/gl_ros2_driver_udp -- -j4 -l4
[0.370s] [ 45%] Built target serial
[0.370s] [ 63%] Built target gl_driver
[0.376s] [ 81%] Built target udp
[0.409s] [100%] Built target gl_ros2_driver_udp_node
[0.426s] Invoked command in '/home/robot/robot_ws/build/gl_ros2_driver_udp' returned '0': CMAKE_PREFIX_PATH=${CMAKE_PREFIX_PATH}:/home/robot/robot_ws/install/urdf_tutorial:/home/robot/turtlebot3_ws/install/turtlebot3_teleop:/home/robot/turtlebot3_ws/install/turtlebot3_example:/opt/ros/humble /usr/bin/cmake --build /home/robot/robot_ws/build/gl_ros2_driver_udp -- -j4 -l4
[0.517s] Invoking command in '/home/robot/robot_ws/build/gl_ros2_driver_udp': CMAKE_PREFIX_PATH=${CMAKE_PREFIX_PATH}:/home/robot/robot_ws/install/urdf_tutorial:/home/robot/turtlebot3_ws/install/turtlebot3_teleop:/home/robot/turtlebot3_ws/install/turtlebot3_example:/opt/ros/humble /usr/bin/cmake --install /home/robot/robot_ws/build/gl_ros2_driver_udp
[0.532s] -- Install configuration: "Debug"
[0.532s] -- Installing: /home/robot/robot_ws/install/gl_ros2_driver_udp/lib/gl_ros2_driver_udp/gl_ros2_driver_udp_node
[0.534s] -- Set runtime path of "/home/robot/robot_ws/install/gl_ros2_driver_udp/lib/gl_ros2_driver_udp/gl_ros2_driver_udp_node" to ""
[0.534s] -- Installing: /home/robot/robot_ws/install/gl_ros2_driver_udp/share/gl_ros2_driver_udp/launch
[0.534s] -- Installing: /home/robot/robot_ws/install/gl_ros2_driver_udp/share/gl_ros2_driver_udp/launch/__pycache__
[0.534s] -- Installing: /home/robot/robot_ws/install/gl_ros2_driver_udp/share/gl_ros2_driver_udp/launch/__pycache__/gl_ros2_driver_udp.cpython-310.pyc
[0.534s] -- Installing: /home/robot/robot_ws/install/gl_ros2_driver_udp/share/gl_ros2_driver_udp/launch/gl_ros2_driver_udp.py
[0.534s] -- Installing: /home/robot/robot_ws/install/gl_ros2_driver_udp/share/gl_ros2_driver_udp/launch/view_gl_ros2_driver_udp.py
[0.534s] -- Installing: /home/robot/robot_ws/install/gl_ros2_driver_udp/share/gl_ros2_driver_udp/rviz
[0.535s] -- Installing: /home/robot/robot_ws/install/gl_ros2_driver_udp/share/gl_ros2_driver_udp/rviz/config.rviz
[0.535s] -- Installing: /home/robot/robot_ws/install/gl_ros2_driver_udp/share/ament_index/resource_index/package_run_dependencies/gl_ros2_driver_udp
[0.537s] -- Installing: /home/robot/robot_ws/install/gl_ros2_driver_udp/share/ament_index/resource_index/parent_prefix_path/gl_ros2_driver_udp
[0.537s] -- Installing: /home/robot/robot_ws/install/gl_ros2_driver_udp/share/gl_ros2_driver_udp/environment/ament_prefix_path.sh
[0.537s] -- Installing: /home/robot/robot_ws/install/gl_ros2_driver_udp/share/gl_ros2_driver_udp/environment/ament_prefix_path.dsv
[0.537s] -- Installing: /home/robot/robot_ws/install/gl_ros2_driver_udp/share/gl_ros2_driver_udp/environment/path.sh
[0.537s] -- Installing: /home/robot/robot_ws/install/gl_ros2_driver_udp/share/gl_ros2_driver_udp/environment/path.dsv
[0.538s] -- Installing: /home/robot/robot_ws/install/gl_ros2_driver_udp/share/gl_ros2_driver_udp/local_setup.bash
[0.538s] -- Installing: /home/robot/robot_ws/install/gl_ros2_driver_udp/share/gl_ros2_driver_udp/local_setup.sh
[0.538s] -- Installing: /home/robot/robot_ws/install/gl_ros2_driver_udp/share/gl_ros2_driver_udp/local_setup.zsh
[0.538s] -- Installing: /home/robot/robot_ws/install/gl_ros2_driver_udp/share/gl_ros2_driver_udp/local_setup.dsv
[0.538s] -- Installing: /home/robot/robot_ws/install/gl_ros2_driver_udp/share/gl_ros2_driver_udp/package.dsv
[0.538s] -- Installing: /home/robot/robot_ws/install/gl_ros2_driver_udp/share/ament_index/resource_index/packages/gl_ros2_driver_udp
[0.539s] -- Installing: /home/robot/robot_ws/install/gl_ros2_driver_udp/share/gl_ros2_driver_udp/cmake/gl_ros2_driver_udpConfig.cmake
[0.539s] -- Installing: /home/robot/robot_ws/install/gl_ros2_driver_udp/share/gl_ros2_driver_udp/cmake/gl_ros2_driver_udpConfig-version.cmake
[0.539s] -- Installing: /home/robot/robot_ws/install/gl_ros2_driver_udp/share/gl_ros2_driver_udp/package.xml
[0.590s] Invoked command in '/home/robot/robot_ws/build/gl_ros2_driver_udp' returned '0': CMAKE_PREFIX_PATH=${CMAKE_PREFIX_PATH}:/home/robot/robot_ws/install/urdf_tutorial:/home/robot/turtlebot3_ws/install/turtlebot3_teleop:/home/robot/turtlebot3_ws/install/turtlebot3_example:/opt/ros/humble /usr/bin/cmake --install /home/robot/robot_ws/build/gl_ros2_driver_udp
