[0.292s] Invoking command in '/home/robot/robot_ws/build/pointcloud_to_laserscan': CMAKE_PREFIX_PATH=${CMAKE_PREFIX_PATH}:/home/robot/robot_ws/install/urdf_tutorial:/home/robot/turtlebot3_ws/install/turtlebot3_teleop:/home/robot/turtlebot3_ws/install/turtlebot3_example:/opt/ros/humble /usr/bin/cmake /home/robot/robot_ws/src/pointcloud_to_laserscan -DCMAKE_INSTALL_PREFIX=/home/robot/robot_ws/install/pointcloud_to_laserscan
[0.314s] -- Found ament_cmake_auto: 1.3.7 (/opt/ros/humble/share/ament_cmake_auto/cmake)
[0.617s] -- Override CMake install command with custom implementation using symlinks instead of copying resources
[0.776s] -- Found rosidl_generator_c: 3.1.5 (/opt/ros/humble/share/rosidl_generator_c/cmake)
[0.780s] -- Found rosidl_adapter: 3.1.5 (/opt/ros/humble/share/rosidl_adapter/cmake)
[0.790s] -- Found rosidl_generator_cpp: 3.1.5 (/opt/ros/humble/share/rosidl_generator_cpp/cmake)
[0.806s] -- Using all available rosidl_typesupport_c: rosidl_typesupport_fastrtps_c;rosidl_typesupport_introspection_c
[0.831s] -- Using all available rosidl_typesupport_cpp: rosidl_typesupport_fastrtps_cpp;rosidl_typesupport_introspection_cpp
[0.915s] -- Found rmw_implementation_cmake: 6.1.1 (/opt/ros/humble/share/rmw_implementation_cmake/cmake)
[0.919s] -- Found rmw_fastrtps_cpp: 6.2.6 (/opt/ros/humble/share/rmw_fastrtps_cpp/cmake)
[1.109s] -- Using RMW implementation 'rmw_fastrtps_cpp' as default
[2.648s] -- Found ament_lint_auto: 0.12.10 (/opt/ros/humble/share/ament_lint_auto/cmake)
[2.679s] -- Added test 'cppcheck' to perform static code analysis on C / C++ code
[2.679s] -- Configured cppcheck include dirs: /home/robot/robot_ws/src/pointcloud_to_laserscan/include
[2.679s] -- Configured cppcheck exclude dirs and/or files: 
[2.679s] -- Added test 'cpplint' to check C / C++ code against the Google style
[2.679s] -- Configured cpplint exclude dirs and/or files: 
[2.679s] -- Added test 'flake8' to check Python code syntax and style conventions
[2.679s] -- Added test 'lint_cmake' to check CMake code style
[2.679s] -- Added test 'pep257' to check Python code against some of the docstring style conventions in PEP 257
[2.679s] -- Added test 'uncrustify' to check C / C++ code style
[2.679s] -- Configured uncrustify additional arguments: 
[2.680s] -- Added test 'xmllint' to check XML markup files
[2.680s] -- Configuring done
[2.720s] -- Generating done
[2.721s] -- Build files have been written to: /home/robot/robot_ws/build/pointcloud_to_laserscan
[3.633s] Invoked command in '/home/robot/robot_ws/build/pointcloud_to_laserscan' returned '0': CMAKE_PREFIX_PATH=${CMAKE_PREFIX_PATH}:/home/robot/robot_ws/install/urdf_tutorial:/home/robot/turtlebot3_ws/install/turtlebot3_teleop:/home/robot/turtlebot3_ws/install/turtlebot3_example:/opt/ros/humble /usr/bin/cmake /home/robot/robot_ws/src/pointcloud_to_laserscan -DCMAKE_INSTALL_PREFIX=/home/robot/robot_ws/install/pointcloud_to_laserscan
[3.634s] Invoking command in '/home/robot/robot_ws/build/pointcloud_to_laserscan': CMAKE_PREFIX_PATH=${CMAKE_PREFIX_PATH}:/home/robot/robot_ws/install/urdf_tutorial:/home/robot/turtlebot3_ws/install/turtlebot3_teleop:/home/robot/turtlebot3_ws/install/turtlebot3_example:/opt/ros/humble /usr/bin/cmake --build /home/robot/robot_ws/build/pointcloud_to_laserscan -- -j4 -l4
[3.720s] [35m[1mConsolidate compiler generated dependencies of target laserscan_to_pointcloud[0m
[3.749s] [35m[1mConsolidate compiler generated dependencies of target laserscan_to_pointcloud_node[0m
[3.763s] [35m[1mConsolidate compiler generated dependencies of target pointcloud_to_laserscan_node[0m
[3.844s] [ 20%] Built target laserscan_to_pointcloud_node
[3.849s] [ 40%] Built target laserscan_to_pointcloud
[3.861s] [ 60%] Built target pointcloud_to_laserscan_node
[3.867s] [35m[1mConsolidate compiler generated dependencies of target pointcloud_to_laserscan[0m
[3.936s] [ 80%] Built target pointcloud_to_laserscan
[3.960s] [35m[1mConsolidate compiler generated dependencies of target dummy_pointcloud_publisher[0m
[3.991s] [100%] Built target dummy_pointcloud_publisher
[4.027s] Invoked command in '/home/robot/robot_ws/build/pointcloud_to_laserscan' returned '0': CMAKE_PREFIX_PATH=${CMAKE_PREFIX_PATH}:/home/robot/robot_ws/install/urdf_tutorial:/home/robot/turtlebot3_ws/install/turtlebot3_teleop:/home/robot/turtlebot3_ws/install/turtlebot3_example:/opt/ros/humble /usr/bin/cmake --build /home/robot/robot_ws/build/pointcloud_to_laserscan -- -j4 -l4
[4.307s] Invoking command in '/home/robot/robot_ws/build/pointcloud_to_laserscan': CMAKE_PREFIX_PATH=${CMAKE_PREFIX_PATH}:/home/robot/robot_ws/install/urdf_tutorial:/home/robot/turtlebot3_ws/install/turtlebot3_teleop:/home/robot/turtlebot3_ws/install/turtlebot3_example:/opt/ros/humble /usr/bin/cmake --install /home/robot/robot_ws/build/pointcloud_to_laserscan
[4.316s] -- Install configuration: "Debug"
[4.316s] -- Execute custom install script
[4.317s] -- Up-to-date symlink: /home/robot/robot_ws/install/pointcloud_to_laserscan/lib/pointcloud_to_laserscan/laserscan_to_pointcloud_node
[4.317s] -- Up-to-date symlink: /home/robot/robot_ws/install/pointcloud_to_laserscan/lib/pointcloud_to_laserscan/pointcloud_to_laserscan_node
[4.318s] -- Up-to-date symlink: /home/robot/robot_ws/install/pointcloud_to_laserscan/include/pointcloud_to_laserscan/laserscan_to_pointcloud_node.hpp
[4.318s] -- Up-to-date symlink: /home/robot/robot_ws/install/pointcloud_to_laserscan/include/pointcloud_to_laserscan/pointcloud_to_laserscan_node.hpp
[4.318s] -- Up-to-date symlink: /home/robot/robot_ws/install/pointcloud_to_laserscan/include/pointcloud_to_laserscan/visibility_control.h
[4.318s] -- Up-to-date symlink: /home/robot/robot_ws/install/pointcloud_to_laserscan/share/pointcloud_to_laserscan/environment/library_path.sh
[4.319s] -- Up-to-date symlink: /home/robot/robot_ws/install/pointcloud_to_laserscan/share/pointcloud_to_laserscan/environment/library_path.dsv
[4.319s] -- Up-to-date symlink: /home/robot/robot_ws/install/pointcloud_to_laserscan/lib/liblaserscan_to_pointcloud.so
[4.320s] -- Up-to-date symlink: /home/robot/robot_ws/install/pointcloud_to_laserscan/lib/libpointcloud_to_laserscan.so
[4.320s] -- Up-to-date symlink: /home/robot/robot_ws/install/pointcloud_to_laserscan/lib/pointcloud_to_laserscan/dummy_pointcloud_publisher
[4.320s] -- Up-to-date symlink: /home/robot/robot_ws/install/pointcloud_to_laserscan/share/pointcloud_to_laserscan/launch/sample_laserscan_to_pointcloud_launch.py
[4.321s] -- Up-to-date symlink: /home/robot/robot_ws/install/pointcloud_to_laserscan/share/pointcloud_to_laserscan/launch/sample_pointcloud_to_laserscan_launch.py
[4.321s] -- Up-to-date symlink: /home/robot/robot_ws/install/pointcloud_to_laserscan/share/ament_index/resource_index/package_run_dependencies/pointcloud_to_laserscan
[4.321s] -- Up-to-date symlink: /home/robot/robot_ws/install/pointcloud_to_laserscan/share/ament_index/resource_index/parent_prefix_path/pointcloud_to_laserscan
[4.321s] -- Up-to-date symlink: /home/robot/robot_ws/install/pointcloud_to_laserscan/share/pointcloud_to_laserscan/environment/ament_prefix_path.sh
[4.322s] -- Up-to-date symlink: /home/robot/robot_ws/install/pointcloud_to_laserscan/share/pointcloud_to_laserscan/environment/ament_prefix_path.dsv
[4.322s] -- Up-to-date symlink: /home/robot/robot_ws/install/pointcloud_to_laserscan/share/pointcloud_to_laserscan/environment/path.sh
[4.322s] -- Up-to-date symlink: /home/robot/robot_ws/install/pointcloud_to_laserscan/share/pointcloud_to_laserscan/environment/path.dsv
[4.322s] -- Up-to-date symlink: /home/robot/robot_ws/install/pointcloud_to_laserscan/share/pointcloud_to_laserscan/local_setup.bash
[4.323s] -- Up-to-date symlink: /home/robot/robot_ws/install/pointcloud_to_laserscan/share/pointcloud_to_laserscan/local_setup.sh
[4.323s] -- Up-to-date symlink: /home/robot/robot_ws/install/pointcloud_to_laserscan/share/pointcloud_to_laserscan/local_setup.zsh
[4.323s] -- Up-to-date symlink: /home/robot/robot_ws/install/pointcloud_to_laserscan/share/pointcloud_to_laserscan/local_setup.dsv
[4.323s] -- Symlinking: /home/robot/robot_ws/install/pointcloud_to_laserscan/share/pointcloud_to_laserscan/package.dsv
[4.338s] -- Up-to-date symlink: /home/robot/robot_ws/install/pointcloud_to_laserscan/share/ament_index/resource_index/packages/pointcloud_to_laserscan
[4.338s] -- Up-to-date symlink: /home/robot/robot_ws/install/pointcloud_to_laserscan/share/ament_index/resource_index/rclcpp_components/pointcloud_to_laserscan
[4.338s] -- Up-to-date symlink: /home/robot/robot_ws/install/pointcloud_to_laserscan/share/pointcloud_to_laserscan/cmake/ament_cmake_export_dependencies-extras.cmake
[4.338s] -- Up-to-date symlink: /home/robot/robot_ws/install/pointcloud_to_laserscan/share/pointcloud_to_laserscan/cmake/ament_cmake_export_include_directories-extras.cmake
[4.338s] -- Up-to-date symlink: /home/robot/robot_ws/install/pointcloud_to_laserscan/share/pointcloud_to_laserscan/cmake/ament_cmake_export_libraries-extras.cmake
[4.338s] -- Up-to-date symlink: /home/robot/robot_ws/install/pointcloud_to_laserscan/share/pointcloud_to_laserscan/cmake/pointcloud_to_laserscanConfig.cmake
[4.338s] -- Up-to-date symlink: /home/robot/robot_ws/install/pointcloud_to_laserscan/share/pointcloud_to_laserscan/cmake/pointcloud_to_laserscanConfig-version.cmake
[4.338s] -- Up-to-date symlink: /home/robot/robot_ws/install/pointcloud_to_laserscan/share/pointcloud_to_laserscan/package.xml
[4.347s] Invoked command in '/home/robot/robot_ws/build/pointcloud_to_laserscan' returned '0': CMAKE_PREFIX_PATH=${CMAKE_PREFIX_PATH}:/home/robot/robot_ws/install/urdf_tutorial:/home/robot/turtlebot3_ws/install/turtlebot3_teleop:/home/robot/turtlebot3_ws/install/turtlebot3_example:/opt/ros/humble /usr/bin/cmake --install /home/robot/robot_ws/build/pointcloud_to_laserscan
