[0.702s] Invoking command in '/home/robot/robot_ws/build/message_interface': CMAKE_PREFIX_PATH=${CMAKE_PREFIX_PATH}:/home/robot/robot_ws/install/urdf_tutorial:/home/robot/turtlebot3_ws/install/turtlebot3_teleop:/home/robot/turtlebot3_ws/install/turtlebot3_example:/opt/ros/humble /usr/bin/cmake --build /home/robot/robot_ws/build/message_interface -- -j4 -l4
[0.818s] [  9%] Built target message_interface__rosidl_generator_c
[0.824s] [ 12%] Built target message_interface__cpp
[0.873s] [ 12%] Built target ament_cmake_python_copy_message_interface
[0.888s] [ 22%] Built target message_interface__rosidl_typesupport_introspection_c
[0.892s] [ 32%] Built target message_interface__rosidl_typesupport_fastrtps_c
[0.903s] [ 41%] Built target message_interface__rosidl_typesupport_c
[0.931s] [ 51%] Built target message_interface__rosidl_typesupport_fastrtps_cpp
[0.934s] [ 61%] Built target message_interface__rosidl_typesupport_introspection_cpp
[0.939s] [ 70%] Built target message_interface__rosidl_typesupport_cpp
[0.985s] [ 70%] Built target message_interface
[1.008s] [ 74%] Built target message_interface__py
[1.035s] [ 80%] Built target message_interface__rosidl_generator_py
[1.092s] [ 87%] Built target message_interface__rosidl_typesupport_fastrtps_c__pyext
[1.092s] [ 93%] Built target message_interface__rosidl_typesupport_introspection_c__pyext
[1.092s] [100%] Built target message_interface__rosidl_typesupport_c__pyext
[1.347s] running egg_info
[1.347s] writing message_interface.egg-info/PKG-INFO
[1.348s] writing dependency_links to message_interface.egg-info/dependency_links.txt
[1.348s] writing top-level names to message_interface.egg-info/top_level.txt
[1.360s] reading manifest file 'message_interface.egg-info/SOURCES.txt'
[1.360s] writing manifest file 'message_interface.egg-info/SOURCES.txt'
[1.400s] [100%] Built target ament_cmake_python_build_message_interface_egg
[1.904s] Invoked command in '/home/robot/robot_ws/build/message_interface' returned '0': CMAKE_PREFIX_PATH=${CMAKE_PREFIX_PATH}:/home/robot/robot_ws/install/urdf_tutorial:/home/robot/turtlebot3_ws/install/turtlebot3_teleop:/home/robot/turtlebot3_ws/install/turtlebot3_example:/opt/ros/humble /usr/bin/cmake --build /home/robot/robot_ws/build/message_interface -- -j4 -l4
[2.272s] Invoking command in '/home/robot/robot_ws/build/message_interface': CMAKE_PREFIX_PATH=${CMAKE_PREFIX_PATH}:/home/robot/robot_ws/install/urdf_tutorial:/home/robot/turtlebot3_ws/install/turtlebot3_teleop:/home/robot/turtlebot3_ws/install/turtlebot3_example:/opt/ros/humble /usr/bin/cmake --install /home/robot/robot_ws/build/message_interface
[2.296s] -- Install configuration: "Debug"
[2.297s] -- Up-to-date: /home/robot/robot_ws/install/message_interface/share/ament_index/resource_index/rosidl_interfaces/message_interface
[2.298s] -- Up-to-date: /home/robot/robot_ws/install/message_interface/include/message_interface/message_interface
[2.302s] -- Up-to-date: /home/robot/robot_ws/install/message_interface/include/message_interface/message_interface/msg
[2.302s] -- Up-to-date: /home/robot/robot_ws/install/message_interface/include/message_interface/message_interface/msg/mode.h
[2.303s] -- Up-to-date: /home/robot/robot_ws/install/message_interface/include/message_interface/message_interface/msg/rosidl_generator_c__visibility_control.h
[2.304s] -- Up-to-date: /home/robot/robot_ws/install/message_interface/include/message_interface/message_interface/msg/detail
[2.305s] -- Up-to-date: /home/robot/robot_ws/install/message_interface/include/message_interface/message_interface/msg/detail/mode__type_support.h
[2.306s] -- Up-to-date: /home/robot/robot_ws/install/message_interface/include/message_interface/message_interface/msg/detail/mode__functions.c
[2.307s] -- Up-to-date: /home/robot/robot_ws/install/message_interface/include/message_interface/message_interface/msg/detail/mode__functions.h
[2.308s] -- Up-to-date: /home/robot/robot_ws/install/message_interface/include/message_interface/message_interface/msg/detail/mode__struct.h
[2.309s] -- Up-to-date: /home/robot/robot_ws/install/message_interface/share/message_interface/environment/library_path.sh
[2.310s] -- Up-to-date: /home/robot/robot_ws/install/message_interface/share/message_interface/environment/library_path.dsv
[2.311s] -- Up-to-date: /home/robot/robot_ws/install/message_interface/lib/libmessage_interface__rosidl_generator_c.so
[2.313s] -- Up-to-date: /home/robot/robot_ws/install/message_interface/include/message_interface/message_interface
[2.313s] -- Up-to-date: /home/robot/robot_ws/install/message_interface/include/message_interface/message_interface/msg
[2.314s] -- Up-to-date: /home/robot/robot_ws/install/message_interface/include/message_interface/message_interface/msg/rosidl_typesupport_fastrtps_c__visibility_control.h
[2.315s] -- Up-to-date: /home/robot/robot_ws/install/message_interface/include/message_interface/message_interface/msg/detail
[2.315s] -- Up-to-date: /home/robot/robot_ws/install/message_interface/include/message_interface/message_interface/msg/detail/mode__rosidl_typesupport_fastrtps_c.h
[2.317s] -- Up-to-date: /home/robot/robot_ws/install/message_interface/lib/libmessage_interface__rosidl_typesupport_fastrtps_c.so
[2.318s] -- Up-to-date: /home/robot/robot_ws/install/message_interface/include/message_interface/message_interface
[2.318s] -- Up-to-date: /home/robot/robot_ws/install/message_interface/include/message_interface/message_interface/msg
[2.323s] -- Up-to-date: /home/robot/robot_ws/install/message_interface/include/message_interface/message_interface/msg/detail
[2.323s] -- Up-to-date: /home/robot/robot_ws/install/message_interface/include/message_interface/message_interface/msg/detail/mode__type_support.c
[2.324s] -- Up-to-date: /home/robot/robot_ws/install/message_interface/include/message_interface/message_interface/msg/detail/mode__rosidl_typesupport_introspection_c.h
[2.325s] -- Up-to-date: /home/robot/robot_ws/install/message_interface/include/message_interface/message_interface/msg/rosidl_typesupport_introspection_c__visibility_control.h
[2.327s] -- Up-to-date: /home/robot/robot_ws/install/message_interface/lib/libmessage_interface__rosidl_typesupport_introspection_c.so
[2.327s] -- Up-to-date: /home/robot/robot_ws/install/message_interface/lib/libmessage_interface__rosidl_typesupport_c.so
[2.328s] -- Up-to-date: /home/robot/robot_ws/install/message_interface/include/message_interface/message_interface
[2.328s] -- Up-to-date: /home/robot/robot_ws/install/message_interface/include/message_interface/message_interface/msg
[2.328s] -- Up-to-date: /home/robot/robot_ws/install/message_interface/include/message_interface/message_interface/msg/detail
[2.329s] -- Up-to-date: /home/robot/robot_ws/install/message_interface/include/message_interface/message_interface/msg/detail/mode__traits.hpp
[2.331s] -- Up-to-date: /home/robot/robot_ws/install/message_interface/include/message_interface/message_interface/msg/detail/mode__struct.hpp
[2.331s] -- Up-to-date: /home/robot/robot_ws/install/message_interface/include/message_interface/message_interface/msg/detail/mode__builder.hpp
[2.331s] -- Up-to-date: /home/robot/robot_ws/install/message_interface/include/message_interface/message_interface/msg/mode.hpp
[2.332s] -- Up-to-date: /home/robot/robot_ws/install/message_interface/include/message_interface/message_interface
[2.332s] -- Up-to-date: /home/robot/robot_ws/install/message_interface/include/message_interface/message_interface/msg
[2.333s] -- Up-to-date: /home/robot/robot_ws/install/message_interface/include/message_interface/message_interface/msg/rosidl_typesupport_fastrtps_cpp__visibility_control.h
[2.333s] -- Up-to-date: /home/robot/robot_ws/install/message_interface/include/message_interface/message_interface/msg/detail
[2.336s] -- Up-to-date: /home/robot/robot_ws/install/message_interface/include/message_interface/message_interface/msg/detail/dds_fastrtps
[2.336s] -- Up-to-date: /home/robot/robot_ws/install/message_interface/include/message_interface/message_interface/msg/detail/mode__rosidl_typesupport_fastrtps_cpp.hpp
[2.336s] -- Up-to-date: /home/robot/robot_ws/install/message_interface/lib/libmessage_interface__rosidl_typesupport_fastrtps_cpp.so
[2.337s] -- Up-to-date: /home/robot/robot_ws/install/message_interface/include/message_interface/message_interface
[2.337s] -- Up-to-date: /home/robot/robot_ws/install/message_interface/include/message_interface/message_interface/msg
[2.338s] -- Up-to-date: /home/robot/robot_ws/install/message_interface/include/message_interface/message_interface/msg/detail
[2.338s] -- Up-to-date: /home/robot/robot_ws/install/message_interface/include/message_interface/message_interface/msg/detail/mode__type_support.cpp
[2.340s] -- Up-to-date: /home/robot/robot_ws/install/message_interface/include/message_interface/message_interface/msg/detail/mode__rosidl_typesupport_introspection_cpp.hpp
[2.340s] -- Up-to-date: /home/robot/robot_ws/install/message_interface/lib/libmessage_interface__rosidl_typesupport_introspection_cpp.so
[2.341s] -- Up-to-date: /home/robot/robot_ws/install/message_interface/lib/libmessage_interface__rosidl_typesupport_cpp.so
[2.342s] -- Up-to-date: /home/robot/robot_ws/install/message_interface/share/message_interface/environment/pythonpath.sh
[2.343s] -- Up-to-date: /home/robot/robot_ws/install/message_interface/share/message_interface/environment/pythonpath.dsv
[2.345s] -- Up-to-date: /home/robot/robot_ws/install/message_interface/local/lib/python3.10/dist-packages/message_interface-0.0.0-py3.10.egg-info
[2.353s] -- Installing: /home/robot/robot_ws/install/message_interface/local/lib/python3.10/dist-packages/message_interface-0.0.0-py3.10.egg-info/PKG-INFO
[2.353s] -- Installing: /home/robot/robot_ws/install/message_interface/local/lib/python3.10/dist-packages/message_interface-0.0.0-py3.10.egg-info/top_level.txt
[2.354s] -- Installing: /home/robot/robot_ws/install/message_interface/local/lib/python3.10/dist-packages/message_interface-0.0.0-py3.10.egg-info/dependency_links.txt
[2.354s] -- Installing: /home/robot/robot_ws/install/message_interface/local/lib/python3.10/dist-packages/message_interface-0.0.0-py3.10.egg-info/SOURCES.txt
[2.355s] -- Up-to-date: /home/robot/robot_ws/install/message_interface/local/lib/python3.10/dist-packages/message_interface
[2.355s] -- Up-to-date: /home/robot/robot_ws/install/message_interface/local/lib/python3.10/dist-packages/message_interface/_message_interface_s.ep.rosidl_typesupport_c.c
[2.355s] -- Up-to-date: /home/robot/robot_ws/install/message_interface/local/lib/python3.10/dist-packages/message_interface/message_interface_s__rosidl_typesupport_c.cpython-310-x86_64-linux-gnu.so
[2.355s] -- Up-to-date: /home/robot/robot_ws/install/message_interface/local/lib/python3.10/dist-packages/message_interface/_message_interface_s.ep.rosidl_typesupport_introspection_c.c
[2.356s] -- Up-to-date: /home/robot/robot_ws/install/message_interface/local/lib/python3.10/dist-packages/message_interface/msg
[2.356s] -- Up-to-date: /home/robot/robot_ws/install/message_interface/local/lib/python3.10/dist-packages/message_interface/msg/__init__.py
[2.356s] -- Up-to-date: /home/robot/robot_ws/install/message_interface/local/lib/python3.10/dist-packages/message_interface/msg/_mode.py
[2.356s] -- Up-to-date: /home/robot/robot_ws/install/message_interface/local/lib/python3.10/dist-packages/message_interface/msg/_mode_s.c
[2.356s] -- Up-to-date: /home/robot/robot_ws/install/message_interface/local/lib/python3.10/dist-packages/message_interface/message_interface_s__rosidl_typesupport_fastrtps_c.cpython-310-x86_64-linux-gnu.so
[2.356s] -- Up-to-date: /home/robot/robot_ws/install/message_interface/local/lib/python3.10/dist-packages/message_interface/__init__.py
[2.356s] -- Up-to-date: /home/robot/robot_ws/install/message_interface/local/lib/python3.10/dist-packages/message_interface/libmessage_interface__rosidl_generator_py.so
[2.356s] -- Up-to-date: /home/robot/robot_ws/install/message_interface/local/lib/python3.10/dist-packages/message_interface/message_interface_s__rosidl_typesupport_introspection_c.cpython-310-x86_64-linux-gnu.so
[2.356s] -- Up-to-date: /home/robot/robot_ws/install/message_interface/local/lib/python3.10/dist-packages/message_interface/_message_interface_s.ep.rosidl_typesupport_fastrtps_c.c
[2.469s] Listing '/home/robot/robot_ws/install/message_interface/local/lib/python3.10/dist-packages/message_interface'...
[2.469s] Listing '/home/robot/robot_ws/install/message_interface/local/lib/python3.10/dist-packages/message_interface/msg'...
[2.489s] -- Up-to-date: /home/robot/robot_ws/install/message_interface/local/lib/python3.10/dist-packages/message_interface/message_interface_s__rosidl_typesupport_fastrtps_c.cpython-310-x86_64-linux-gnu.so
[2.489s] -- Up-to-date: /home/robot/robot_ws/install/message_interface/local/lib/python3.10/dist-packages/message_interface/message_interface_s__rosidl_typesupport_introspection_c.cpython-310-x86_64-linux-gnu.so
[2.489s] -- Up-to-date: /home/robot/robot_ws/install/message_interface/local/lib/python3.10/dist-packages/message_interface/message_interface_s__rosidl_typesupport_c.cpython-310-x86_64-linux-gnu.so
[2.491s] -- Up-to-date: /home/robot/robot_ws/install/message_interface/lib/libmessage_interface__rosidl_generator_py.so
[2.491s] -- Up-to-date: /home/robot/robot_ws/install/message_interface/share/message_interface/msg/Mode.idl
[2.491s] -- Up-to-date: /home/robot/robot_ws/install/message_interface/share/message_interface/msg/Mode.msg
[2.492s] -- Up-to-date: /home/robot/robot_ws/install/message_interface/share/ament_index/resource_index/package_run_dependencies/message_interface
[2.492s] -- Up-to-date: /home/robot/robot_ws/install/message_interface/share/ament_index/resource_index/parent_prefix_path/message_interface
[2.492s] -- Up-to-date: /home/robot/robot_ws/install/message_interface/share/message_interface/environment/ament_prefix_path.sh
[2.493s] -- Up-to-date: /home/robot/robot_ws/install/message_interface/share/message_interface/environment/ament_prefix_path.dsv
[2.494s] -- Up-to-date: /home/robot/robot_ws/install/message_interface/share/message_interface/environment/path.sh
[2.494s] -- Up-to-date: /home/robot/robot_ws/install/message_interface/share/message_interface/environment/path.dsv
[2.494s] -- Up-to-date: /home/robot/robot_ws/install/message_interface/share/message_interface/local_setup.bash
[2.494s] -- Up-to-date: /home/robot/robot_ws/install/message_interface/share/message_interface/local_setup.sh
[2.494s] -- Up-to-date: /home/robot/robot_ws/install/message_interface/share/message_interface/local_setup.zsh
[2.494s] -- Up-to-date: /home/robot/robot_ws/install/message_interface/share/message_interface/local_setup.dsv
[2.494s] -- Installing: /home/robot/robot_ws/install/message_interface/share/message_interface/package.dsv
[2.494s] -- Up-to-date: /home/robot/robot_ws/install/message_interface/share/ament_index/resource_index/packages/message_interface
[2.495s] -- Up-to-date: /home/robot/robot_ws/install/message_interface/share/message_interface/cmake/export_message_interface__rosidl_generator_cExport.cmake
[2.501s] -- Up-to-date: /home/robot/robot_ws/install/message_interface/share/message_interface/cmake/export_message_interface__rosidl_generator_cExport-debug.cmake
[2.501s] -- Up-to-date: /home/robot/robot_ws/install/message_interface/share/message_interface/cmake/export_message_interface__rosidl_typesupport_fastrtps_cExport.cmake
[2.501s] -- Up-to-date: /home/robot/robot_ws/install/message_interface/share/message_interface/cmake/export_message_interface__rosidl_typesupport_fastrtps_cExport-debug.cmake
[2.501s] -- Up-to-date: /home/robot/robot_ws/install/message_interface/share/message_interface/cmake/message_interface__rosidl_typesupport_introspection_cExport.cmake
[2.501s] -- Up-to-date: /home/robot/robot_ws/install/message_interface/share/message_interface/cmake/message_interface__rosidl_typesupport_introspection_cExport-debug.cmake
[2.502s] -- Up-to-date: /home/robot/robot_ws/install/message_interface/share/message_interface/cmake/message_interface__rosidl_typesupport_cExport.cmake
[2.502s] -- Up-to-date: /home/robot/robot_ws/install/message_interface/share/message_interface/cmake/message_interface__rosidl_typesupport_cExport-debug.cmake
[2.502s] -- Up-to-date: /home/robot/robot_ws/install/message_interface/share/message_interface/cmake/export_message_interface__rosidl_generator_cppExport.cmake
[2.502s] -- Up-to-date: /home/robot/robot_ws/install/message_interface/share/message_interface/cmake/export_message_interface__rosidl_typesupport_fastrtps_cppExport.cmake
[2.502s] -- Up-to-date: /home/robot/robot_ws/install/message_interface/share/message_interface/cmake/export_message_interface__rosidl_typesupport_fastrtps_cppExport-debug.cmake
[2.502s] -- Up-to-date: /home/robot/robot_ws/install/message_interface/share/message_interface/cmake/message_interface__rosidl_typesupport_introspection_cppExport.cmake
[2.502s] -- Up-to-date: /home/robot/robot_ws/install/message_interface/share/message_interface/cmake/message_interface__rosidl_typesupport_introspection_cppExport-debug.cmake
[2.502s] -- Up-to-date: /home/robot/robot_ws/install/message_interface/share/message_interface/cmake/message_interface__rosidl_typesupport_cppExport.cmake
[2.502s] -- Up-to-date: /home/robot/robot_ws/install/message_interface/share/message_interface/cmake/message_interface__rosidl_typesupport_cppExport-debug.cmake
[2.502s] -- Up-to-date: /home/robot/robot_ws/install/message_interface/share/message_interface/cmake/export_message_interface__rosidl_generator_pyExport.cmake
[2.502s] -- Up-to-date: /home/robot/robot_ws/install/message_interface/share/message_interface/cmake/export_message_interface__rosidl_generator_pyExport-debug.cmake
[2.503s] -- Up-to-date: /home/robot/robot_ws/install/message_interface/share/message_interface/cmake/rosidl_cmake-extras.cmake
[2.503s] -- Up-to-date: /home/robot/robot_ws/install/message_interface/share/message_interface/cmake/ament_cmake_export_include_directories-extras.cmake
[2.503s] -- Up-to-date: /home/robot/robot_ws/install/message_interface/share/message_interface/cmake/ament_cmake_export_libraries-extras.cmake
[2.503s] -- Up-to-date: /home/robot/robot_ws/install/message_interface/share/message_interface/cmake/ament_cmake_export_targets-extras.cmake
[2.503s] -- Up-to-date: /home/robot/robot_ws/install/message_interface/share/message_interface/cmake/rosidl_cmake_export_typesupport_targets-extras.cmake
[2.503s] -- Up-to-date: /home/robot/robot_ws/install/message_interface/share/message_interface/cmake/ament_cmake_export_dependencies-extras.cmake
[2.503s] -- Up-to-date: /home/robot/robot_ws/install/message_interface/share/message_interface/cmake/rosidl_cmake_export_typesupport_libraries-extras.cmake
[2.504s] -- Up-to-date: /home/robot/robot_ws/install/message_interface/share/message_interface/cmake/message_interfaceConfig.cmake
[2.512s] -- Up-to-date: /home/robot/robot_ws/install/message_interface/share/message_interface/cmake/message_interfaceConfig-version.cmake
[2.512s] -- Up-to-date: /home/robot/robot_ws/install/message_interface/share/message_interface/package.xml
[2.512s] Invoked command in '/home/robot/robot_ws/build/message_interface' returned '0': CMAKE_PREFIX_PATH=${CMAKE_PREFIX_PATH}:/home/robot/robot_ws/install/urdf_tutorial:/home/robot/turtlebot3_ws/install/turtlebot3_teleop:/home/robot/turtlebot3_ws/install/turtlebot3_example:/opt/ros/humble /usr/bin/cmake --install /home/robot/robot_ws/build/message_interface
