[0.205s] Invoking command in '/home/robot/robot_ws/build/safeway_robot_controll_packet_RS485': CMAKE_PREFIX_PATH=${CMAKE_PREFIX_PATH}:/home/robot/robot_ws/install/urdf_tutorial:/opt/ros/humble /usr/bin/cmake --build /home/robot/robot_ws/build/safeway_robot_controll_packet_RS485 -- -j4 -l4
[0.394s] [ 37%] Built target packet_RS485_publisher
[0.484s] [100%] Built target packet_RS485_subscriber
[0.865s] Invoked command in '/home/robot/robot_ws/build/safeway_robot_controll_packet_RS485' returned '0': CMAKE_PREFIX_PATH=${CMAKE_PREFIX_PATH}:/home/robot/robot_ws/install/urdf_tutorial:/opt/ros/humble /usr/bin/cmake --build /home/robot/robot_ws/build/safeway_robot_controll_packet_RS485 -- -j4 -l4
[1.156s] Invoking command in '/home/robot/robot_ws/build/safeway_robot_controll_packet_RS485': CMAKE_PREFIX_PATH=${CMAKE_PREFIX_PATH}:/home/robot/robot_ws/install/urdf_tutorial:/opt/ros/humble /usr/bin/cmake --install /home/robot/robot_ws/build/safeway_robot_controll_packet_RS485
[1.185s] -- Install configuration: "Debug"
[1.187s] -- Up-to-date: /home/robot/robot_ws/install/safeway_robot_controll_packet_RS485/lib/safeway_robot_controll_packet_RS485/packet_RS485_publisher
[1.199s] -- Up-to-date: /home/robot/robot_ws/install/safeway_robot_controll_packet_RS485/lib/safeway_robot_controll_packet_RS485/packet_RS485_subscriber
[1.200s] -- Up-to-date: /home/robot/robot_ws/install/safeway_robot_controll_packet_RS485/share/ament_index/resource_index/package_run_dependencies/safeway_robot_controll_packet_RS485
[1.200s] -- Up-to-date: /home/robot/robot_ws/install/safeway_robot_controll_packet_RS485/share/ament_index/resource_index/parent_prefix_path/safeway_robot_controll_packet_RS485
[1.200s] -- Up-to-date: /home/robot/robot_ws/install/safeway_robot_controll_packet_RS485/share/safeway_robot_controll_packet_RS485/environment/ament_prefix_path.sh
[1.200s] -- Up-to-date: /home/robot/robot_ws/install/safeway_robot_controll_packet_RS485/share/safeway_robot_controll_packet_RS485/environment/ament_prefix_path.dsv
[1.200s] -- Up-to-date: /home/robot/robot_ws/install/safeway_robot_controll_packet_RS485/share/safeway_robot_controll_packet_RS485/environment/path.sh
[1.200s] -- Up-to-date: /home/robot/robot_ws/install/safeway_robot_controll_packet_RS485/share/safeway_robot_controll_packet_RS485/environment/path.dsv
[1.200s] -- Up-to-date: /home/robot/robot_ws/install/safeway_robot_controll_packet_RS485/share/safeway_robot_controll_packet_RS485/local_setup.bash
[1.200s] -- Up-to-date: /home/robot/robot_ws/install/safeway_robot_controll_packet_RS485/share/safeway_robot_controll_packet_RS485/local_setup.sh
[1.200s] -- Up-to-date: /home/robot/robot_ws/install/safeway_robot_controll_packet_RS485/share/safeway_robot_controll_packet_RS485/local_setup.zsh
[1.200s] -- Up-to-date: /home/robot/robot_ws/install/safeway_robot_controll_packet_RS485/share/safeway_robot_controll_packet_RS485/local_setup.dsv
[1.201s] -- Up-to-date: /home/robot/robot_ws/install/safeway_robot_controll_packet_RS485/share/safeway_robot_controll_packet_RS485/package.dsv
[1.201s] -- Up-to-date: /home/robot/robot_ws/install/safeway_robot_controll_packet_RS485/share/ament_index/resource_index/packages/safeway_robot_controll_packet_RS485
[1.201s] -- Up-to-date: /home/robot/robot_ws/install/safeway_robot_controll_packet_RS485/share/safeway_robot_controll_packet_RS485/cmake/safeway_robot_controll_packet_RS485Config.cmake
[1.201s] -- Up-to-date: /home/robot/robot_ws/install/safeway_robot_controll_packet_RS485/share/safeway_robot_controll_packet_RS485/cmake/safeway_robot_controll_packet_RS485Config-version.cmake
[1.201s] -- Up-to-date: /home/robot/robot_ws/install/safeway_robot_controll_packet_RS485/share/safeway_robot_controll_packet_RS485/package.xml
[1.216s] Invoked command in '/home/robot/robot_ws/build/safeway_robot_controll_packet_RS485' returned '0': CMAKE_PREFIX_PATH=${CMAKE_PREFIX_PATH}:/home/robot/robot_ws/install/urdf_tutorial:/opt/ros/humble /usr/bin/cmake --install /home/robot/robot_ws/build/safeway_robot_controll_packet_RS485
