[0.509s] Invoking command in '/home/robot/robot_ws/build/car_odom': CMAKE_PREFIX_PATH=${CMAKE_PREFIX_PATH}:/home/robot/robot_ws/install/urdf_tutorial:/home/robot/turtlebot3_ws/install/turtlebot3_teleop:/home/robot/turtlebot3_ws/install/turtlebot3_example:/opt/ros/humble /usr/bin/cmake /home/robot/robot_ws/src/car_odom -DCMAKE_INSTALL_PREFIX=/home/robot/robot_ws/install/car_odom
[0.526s] -- Found ament_cmake: 1.3.7 (/opt/ros/humble/share/ament_cmake/cmake)
[0.823s] -- Found tf2: 0.25.5 (/opt/ros/humble/share/tf2/cmake)
[0.905s] -- Found rosidl_generator_c: 3.1.5 (/opt/ros/humble/share/rosidl_generator_c/cmake)
[0.926s] -- Found rosidl_adapter: 3.1.5 (/opt/ros/humble/share/rosidl_adapter/cmake)
[0.928s] -- Found rosidl_generator_cpp: 3.1.5 (/opt/ros/humble/share/rosidl_generator_cpp/cmake)
[0.945s] -- Using all available rosidl_typesupport_c: rosidl_typesupport_fastrtps_c;rosidl_typesupport_introspection_c
[0.970s] -- Using all available rosidl_typesupport_cpp: rosidl_typesupport_fastrtps_cpp;rosidl_typesupport_introspection_cpp
[1.175s] -- Found tf2_ros: 0.25.5 (/opt/ros/humble/share/tf2_ros/cmake)
[1.347s] -- Found rmw_implementation_cmake: 6.1.1 (/opt/ros/humble/share/rmw_implementation_cmake/cmake)
[1.350s] -- Found rmw_fastrtps_cpp: 6.2.6 (/opt/ros/humble/share/rmw_fastrtps_cpp/cmake)
[1.523s] -- Using RMW implementation 'rmw_fastrtps_cpp' as default
[2.135s] -- Found nav_msgs: 4.2.3 (/opt/ros/humble/share/nav_msgs/cmake)
[2.271s] -- Found ament_lint_auto: 0.12.10 (/opt/ros/humble/share/ament_lint_auto/cmake)
[2.393s] -- Added test 'cppcheck' to perform static code analysis on C / C++ code
[2.393s] -- Configured cppcheck include dirs: 
[2.393s] -- Configured cppcheck exclude dirs and/or files: 
[2.394s] -- Added test 'lint_cmake' to check CMake code style
[2.397s] -- Added test 'uncrustify' to check C / C++ code style
[2.398s] -- Configured uncrustify additional arguments: 
[2.399s] -- Added test 'xmllint' to check XML markup files
[2.399s] -- Configuring done
[2.409s] -- Generating done
[2.411s] -- Build files have been written to: /home/robot/robot_ws/build/car_odom
[2.910s] Invoked command in '/home/robot/robot_ws/build/car_odom' returned '0': CMAKE_PREFIX_PATH=${CMAKE_PREFIX_PATH}:/home/robot/robot_ws/install/urdf_tutorial:/home/robot/turtlebot3_ws/install/turtlebot3_teleop:/home/robot/turtlebot3_ws/install/turtlebot3_example:/opt/ros/humble /usr/bin/cmake /home/robot/robot_ws/src/car_odom -DCMAKE_INSTALL_PREFIX=/home/robot/robot_ws/install/car_odom
[2.911s] Invoking command in '/home/robot/robot_ws/build/car_odom': CMAKE_PREFIX_PATH=${CMAKE_PREFIX_PATH}:/home/robot/robot_ws/install/urdf_tutorial:/home/robot/turtlebot3_ws/install/turtlebot3_teleop:/home/robot/turtlebot3_ws/install/turtlebot3_example:/opt/ros/humble /usr/bin/cmake --build /home/robot/robot_ws/build/car_odom -- -j4 -l4
[3.061s] [35m[1mConsolidate compiler generated dependencies of target car_odom[0m
[3.128s] [100%] Built target car_odom
[3.159s] Invoked command in '/home/robot/robot_ws/build/car_odom' returned '0': CMAKE_PREFIX_PATH=${CMAKE_PREFIX_PATH}:/home/robot/robot_ws/install/urdf_tutorial:/home/robot/turtlebot3_ws/install/turtlebot3_teleop:/home/robot/turtlebot3_ws/install/turtlebot3_example:/opt/ros/humble /usr/bin/cmake --build /home/robot/robot_ws/build/car_odom -- -j4 -l4
[3.295s] Invoking command in '/home/robot/robot_ws/build/car_odom': CMAKE_PREFIX_PATH=${CMAKE_PREFIX_PATH}:/home/robot/robot_ws/install/urdf_tutorial:/home/robot/turtlebot3_ws/install/turtlebot3_teleop:/home/robot/turtlebot3_ws/install/turtlebot3_example:/opt/ros/humble /usr/bin/cmake --install /home/robot/robot_ws/build/car_odom
[3.312s] -- Install configuration: "Debug"
[3.316s] -- Up-to-date: /home/robot/robot_ws/install/car_odom/lib/car_odom/car_odom
[3.319s] -- Up-to-date: /home/robot/robot_ws/install/car_odom/share/ament_index/resource_index/package_run_dependencies/car_odom
[3.319s] -- Up-to-date: /home/robot/robot_ws/install/car_odom/share/ament_index/resource_index/parent_prefix_path/car_odom
[3.319s] -- Up-to-date: /home/robot/robot_ws/install/car_odom/share/car_odom/environment/ament_prefix_path.sh
[3.320s] -- Installing: /home/robot/robot_ws/install/car_odom/share/car_odom/environment/ament_prefix_path.dsv
[3.320s] -- Up-to-date: /home/robot/robot_ws/install/car_odom/share/car_odom/environment/path.sh
[3.320s] -- Installing: /home/robot/robot_ws/install/car_odom/share/car_odom/environment/path.dsv
[3.320s] -- Up-to-date: /home/robot/robot_ws/install/car_odom/share/car_odom/local_setup.bash
[3.320s] -- Up-to-date: /home/robot/robot_ws/install/car_odom/share/car_odom/local_setup.sh
[3.320s] -- Up-to-date: /home/robot/robot_ws/install/car_odom/share/car_odom/local_setup.zsh
[3.320s] -- Installing: /home/robot/robot_ws/install/car_odom/share/car_odom/local_setup.dsv
[3.320s] -- Installing: /home/robot/robot_ws/install/car_odom/share/car_odom/package.dsv
[3.320s] -- Up-to-date: /home/robot/robot_ws/install/car_odom/share/ament_index/resource_index/packages/car_odom
[3.320s] -- Up-to-date: /home/robot/robot_ws/install/car_odom/share/car_odom/cmake/car_odomConfig.cmake
[3.320s] -- Up-to-date: /home/robot/robot_ws/install/car_odom/share/car_odom/cmake/car_odomConfig-version.cmake
[3.321s] -- Up-to-date: /home/robot/robot_ws/install/car_odom/share/car_odom/package.xml
[3.358s] Invoked command in '/home/robot/robot_ws/build/car_odom' returned '0': CMAKE_PREFIX_PATH=${CMAKE_PREFIX_PATH}:/home/robot/robot_ws/install/urdf_tutorial:/home/robot/turtlebot3_ws/install/turtlebot3_teleop:/home/robot/turtlebot3_ws/install/turtlebot3_example:/opt/ros/humble /usr/bin/cmake --install /home/robot/robot_ws/build/car_odom
