[0.000000] (-) TimerEvent: {}
[0.000156] (my_first_ros_rclcpp_pkg) JobQueued: {'identifier': 'my_first_ros_rclcpp_pkg', 'dependencies': OrderedDict()}
[0.000219] (safeway_robot_controll_packet_RS485) JobQueued: {'identifier': 'safeway_robot_controll_packet_RS485', 'dependencies': OrderedDict()}
[0.000324] (my_first_ros_rclcpp_pkg) JobStarted: {'identifier': 'my_first_ros_rclcpp_pkg'}
[0.076990] (safeway_robot_controll_packet_RS485) JobStarted: {'identifier': 'safeway_robot_controll_packet_RS485'}
[0.099139] (-) TimerEvent: {}
[0.153487] (my_first_ros_rclcpp_pkg) JobProgress: {'identifier': 'my_first_ros_rclcpp_pkg', 'progress': 'cmake'}
[0.160571] (my_first_ros_rclcpp_pkg) JobProgress: {'identifier': 'my_first_ros_rclcpp_pkg', 'progress': 'build'}
[0.161551] (my_first_ros_rclcpp_pkg) Command: {'cmd': ['/usr/bin/cmake', '--build', '/home/robot/robot_ws/build/my_first_ros_rclcpp_pkg', '--', '-j4', '-l4'], 'cwd': '/home/robot/robot_ws/build/my_first_ros_rclcpp_pkg', 'env': OrderedDict([('GJS_DEBUG_TOPICS', 'JS ERROR;JS LOG'), ('LESSOPEN', '| /usr/bin/lesspipe %s'), ('USER', 'robot'), ('GIO_MODULE_DIR', '/home/robot/snap/code/common/.cache/gio-modules'), ('XDG_SESSION_TYPE', 'x11'), ('GIT_ASKPASS', '/snap/code/148/usr/share/code/resources/app/extensions/git/dist/askpass.sh'), ('GTK_EXE_PREFIX_VSCODE_SNAP_ORIG', ''), ('GDK_BACKEND_VSCODE_SNAP_ORIG', ''), ('SHLVL', '0'), ('LD_LIBRARY_PATH', '/opt/ros/humble/opt/rviz_ogre_vendor/lib:/opt/ros/humble/lib/x86_64-linux-gnu:/opt/ros/humble/lib'), ('HOME', '/home/robot'), ('CHROME_DESKTOP', 'code-url-handler.desktop'), ('LOCPATH_VSCODE_SNAP_ORIG', ''), ('TERM_PROGRAM_VERSION', '1.85.1'), ('DESKTOP_SESSION', 'ubuntu'), ('GTK_PATH', '/snap/code/148/usr/lib/x86_64-linux-gnu/gtk-3.0'), ('GTK_IM_MODULE_FILE', '/home/robot/snap/code/common/.cache/immodules/immodules.cache'), ('GIO_LAUNCHED_DESKTOP_FILE', '/var/lib/snapd/desktop/applications/code_code.desktop'), ('ROS_PYTHON_VERSION', '3'), ('GNOME_SHELL_SESSION_MODE', 'ubuntu'), ('GTK_MODULES', 'gail:atk-bridge'), ('GSETTINGS_SCHEMA_DIR_VSCODE_SNAP_ORIG', ''), ('VSCODE_GIT_ASKPASS_MAIN', '/snap/code/148/usr/share/code/resources/app/extensions/git/dist/askpass-main.js'), ('VSCODE_GIT_ASKPASS_NODE', '/snap/code/148/usr/share/code/code'), ('MANAGERPID', '1446'), ('SYSTEMD_EXEC_PID', '1790'), ('DBUS_SESSION_BUS_ADDRESS', 'unix:path=/run/user/1000/bus'), ('COLORTERM', 'truecolor'), ('GIO_LAUNCHED_DESKTOP_FILE_PID', '25013'), ('IM_CONFIG_PHASE', '1'), ('COLCON_PREFIX_PATH', '/home/robot/robot_ws/install'), ('ROS_DISTRO', 'humble'), ('GTK_IM_MODULE', 'ibus'), ('LOGNAME', 'robot'), ('_', '/usr/bin/colcon'), ('JOURNAL_STREAM', '8:30565'), ('ROS_VERSION', '2'), ('XDG_CONFIG_DIRS_VSCODE_SNAP_ORIG', '/etc/xdg/xdg-ubuntu:/etc/xdg'), ('XDG_SESSION_CLASS', 'user'), ('XDG_DATA_DIRS_VSCODE_SNAP_ORIG', '/usr/share/ubuntu:/usr/share/gnome:/usr/local/share/:/usr/share/:/var/lib/snapd/desktop'), ('USERNAME', 'robot'), ('TERM', 'xterm-256color'), ('GNOME_DESKTOP_SESSION_ID', 'this-is-deprecated'), ('ROS_LOCALHOST_ONLY', '0'), ('WINDOWPATH', '2'), ('PATH', '/home/robot/.local/bin:/opt/ros/humble/bin:/usr/local/sbin:/usr/local/bin:/usr/sbin:/usr/bin:/sbin:/bin:/usr/games:/usr/local/games:/snap/bin:/snap/bin'), ('SESSION_MANAGER', 'local/robot:@/tmp/.ICE-unix/1767,unix/robot:/tmp/.ICE-unix/1767'), ('GTK_EXE_PREFIX', '/snap/code/148/usr'), ('INVOCATION_ID', '73ec0bf21a6e4da289c7a38ecf5b94b1'), ('XDG_MENU_PREFIX', 'gnome-'), ('BAMF_DESKTOP_FILE_HINT', '/var/lib/snapd/desktop/applications/code_code.desktop'), ('XDG_RUNTIME_DIR', '/run/user/1000'), ('GDK_BACKEND', 'x11'), ('DISPLAY', ':1'), ('LOCPATH', '/snap/code/148/usr/lib/locale'), ('LANG', 'ko_KR.UTF-8'), ('XDG_CURRENT_DESKTOP', 'Unity'), ('GIO_MODULE_DIR_VSCODE_SNAP_ORIG', ''), ('XMODIFIERS', '@im=ibus'), ('XDG_SESSION_DESKTOP', 'ubuntu'), ('XAUTHORITY', '/run/user/1000/gdm/Xauthority'), ('LS_COLORS', ''), ('VSCODE_GIT_IPC_HANDLE', '/run/user/1000/vscode-git-ebe1fd4541.sock'), ('TERM_PROGRAM', 'vscode'), ('SSH_AGENT_LAUNCHER', 'gnome-keyring'), ('SSH_AUTH_SOCK', '/run/user/1000/keyring/ssh'), ('GSETTINGS_SCHEMA_DIR', '/home/robot/snap/code/148/.local/share/glib-2.0/schemas'), ('AMENT_PREFIX_PATH', '/opt/ros/humble'), ('ORIGINAL_XDG_CURRENT_DESKTOP', 'ubuntu:GNOME'), ('SHELL', '/bin/bash'), ('QT_ACCESSIBILITY', '1'), ('GDMSESSION', 'ubuntu'), ('LESSCLOSE', '/usr/bin/lesspipe %s %s'), ('GTK_PATH_VSCODE_SNAP_ORIG', ''), ('GTK_IM_MODULE_FILE_VSCODE_SNAP_ORIG', ''), ('GPG_AGENT_INFO', '/run/user/1000/gnupg/S.gpg-agent:0:1'), ('GJS_DEBUG_OUTPUT', 'stderr'), ('VSCODE_GIT_ASKPASS_EXTRA_ARGS', '--ms-enable-electron-run-as-node'), ('QT_IM_MODULE', 'ibus'), ('PWD', '/home/robot/robot_ws/build/my_first_ros_rclcpp_pkg'), ('XDG_CONFIG_DIRS', '/etc/xdg/xdg-ubuntu:/etc/xdg'), ('XDG_DATA_DIRS', '/home/robot/snap/code/148/.local/share:/home/robot/snap/code/148:/snap/code/148/usr/share:/usr/share/ubuntu:/usr/share/gnome:/usr/local/share/:/usr/share/:/var/lib/snapd/desktop'), ('PYTHONPATH', '/opt/ros/humble/lib/python3.10/site-packages:/opt/ros/humble/local/lib/python3.10/dist-packages'), ('COLCON', '1'), ('CMAKE_PREFIX_PATH', '/opt/ros/humble')]), 'shell': False}
[0.176580] (safeway_robot_controll_packet_RS485) JobProgress: {'identifier': 'safeway_robot_controll_packet_RS485', 'progress': 'cmake'}
[0.176921] (safeway_robot_controll_packet_RS485) Command: {'cmd': ['/usr/bin/cmake', '/home/robot/robot_ws/src/safeway_robot_controll_packet_RS485', '-DCMAKE_BUILD_TYPE=Debug', '-DCMAKE_INSTALL_PREFIX=/home/robot/robot_ws/install/safeway_robot_controll_packet_RS485'], 'cwd': '/home/robot/robot_ws/build/safeway_robot_controll_packet_RS485', 'env': OrderedDict([('GJS_DEBUG_TOPICS', 'JS ERROR;JS LOG'), ('LESSOPEN', '| /usr/bin/lesspipe %s'), ('USER', 'robot'), ('GIO_MODULE_DIR', '/home/robot/snap/code/common/.cache/gio-modules'), ('XDG_SESSION_TYPE', 'x11'), ('GIT_ASKPASS', '/snap/code/148/usr/share/code/resources/app/extensions/git/dist/askpass.sh'), ('GTK_EXE_PREFIX_VSCODE_SNAP_ORIG', ''), ('GDK_BACKEND_VSCODE_SNAP_ORIG', ''), ('SHLVL', '0'), ('LD_LIBRARY_PATH', '/opt/ros/humble/opt/rviz_ogre_vendor/lib:/opt/ros/humble/lib/x86_64-linux-gnu:/opt/ros/humble/lib'), ('HOME', '/home/robot'), ('CHROME_DESKTOP', 'code-url-handler.desktop'), ('LOCPATH_VSCODE_SNAP_ORIG', ''), ('TERM_PROGRAM_VERSION', '1.85.1'), ('DESKTOP_SESSION', 'ubuntu'), ('GTK_PATH', '/snap/code/148/usr/lib/x86_64-linux-gnu/gtk-3.0'), ('GTK_IM_MODULE_FILE', '/home/robot/snap/code/common/.cache/immodules/immodules.cache'), ('GIO_LAUNCHED_DESKTOP_FILE', '/var/lib/snapd/desktop/applications/code_code.desktop'), ('ROS_PYTHON_VERSION', '3'), ('GNOME_SHELL_SESSION_MODE', 'ubuntu'), ('GTK_MODULES', 'gail:atk-bridge'), ('GSETTINGS_SCHEMA_DIR_VSCODE_SNAP_ORIG', ''), ('VSCODE_GIT_ASKPASS_MAIN', '/snap/code/148/usr/share/code/resources/app/extensions/git/dist/askpass-main.js'), ('VSCODE_GIT_ASKPASS_NODE', '/snap/code/148/usr/share/code/code'), ('MANAGERPID', '1446'), ('SYSTEMD_EXEC_PID', '1790'), ('DBUS_SESSION_BUS_ADDRESS', 'unix:path=/run/user/1000/bus'), ('COLORTERM', 'truecolor'), ('GIO_LAUNCHED_DESKTOP_FILE_PID', '25013'), ('IM_CONFIG_PHASE', '1'), ('COLCON_PREFIX_PATH', '/home/robot/robot_ws/install'), ('ROS_DISTRO', 'humble'), ('GTK_IM_MODULE', 'ibus'), ('LOGNAME', 'robot'), ('_', '/usr/bin/colcon'), ('JOURNAL_STREAM', '8:30565'), ('ROS_VERSION', '2'), ('XDG_CONFIG_DIRS_VSCODE_SNAP_ORIG', '/etc/xdg/xdg-ubuntu:/etc/xdg'), ('XDG_SESSION_CLASS', 'user'), ('XDG_DATA_DIRS_VSCODE_SNAP_ORIG', '/usr/share/ubuntu:/usr/share/gnome:/usr/local/share/:/usr/share/:/var/lib/snapd/desktop'), ('USERNAME', 'robot'), ('TERM', 'xterm-256color'), ('GNOME_DESKTOP_SESSION_ID', 'this-is-deprecated'), ('ROS_LOCALHOST_ONLY', '0'), ('WINDOWPATH', '2'), ('PATH', '/home/robot/.local/bin:/opt/ros/humble/bin:/usr/local/sbin:/usr/local/bin:/usr/sbin:/usr/bin:/sbin:/bin:/usr/games:/usr/local/games:/snap/bin:/snap/bin'), ('SESSION_MANAGER', 'local/robot:@/tmp/.ICE-unix/1767,unix/robot:/tmp/.ICE-unix/1767'), ('GTK_EXE_PREFIX', '/snap/code/148/usr'), ('INVOCATION_ID', '73ec0bf21a6e4da289c7a38ecf5b94b1'), ('XDG_MENU_PREFIX', 'gnome-'), ('BAMF_DESKTOP_FILE_HINT', '/var/lib/snapd/desktop/applications/code_code.desktop'), ('XDG_RUNTIME_DIR', '/run/user/1000'), ('GDK_BACKEND', 'x11'), ('DISPLAY', ':1'), ('LOCPATH', '/snap/code/148/usr/lib/locale'), ('LANG', 'ko_KR.UTF-8'), ('XDG_CURRENT_DESKTOP', 'Unity'), ('GIO_MODULE_DIR_VSCODE_SNAP_ORIG', ''), ('XMODIFIERS', '@im=ibus'), ('XDG_SESSION_DESKTOP', 'ubuntu'), ('XAUTHORITY', '/run/user/1000/gdm/Xauthority'), ('LS_COLORS', ''), ('VSCODE_GIT_IPC_HANDLE', '/run/user/1000/vscode-git-ebe1fd4541.sock'), ('TERM_PROGRAM', 'vscode'), ('SSH_AGENT_LAUNCHER', 'gnome-keyring'), ('SSH_AUTH_SOCK', '/run/user/1000/keyring/ssh'), ('GSETTINGS_SCHEMA_DIR', '/home/robot/snap/code/148/.local/share/glib-2.0/schemas'), ('AMENT_PREFIX_PATH', '/opt/ros/humble'), ('ORIGINAL_XDG_CURRENT_DESKTOP', 'ubuntu:GNOME'), ('SHELL', '/bin/bash'), ('QT_ACCESSIBILITY', '1'), ('GDMSESSION', 'ubuntu'), ('LESSCLOSE', '/usr/bin/lesspipe %s %s'), ('GTK_PATH_VSCODE_SNAP_ORIG', ''), ('GTK_IM_MODULE_FILE_VSCODE_SNAP_ORIG', ''), ('GPG_AGENT_INFO', '/run/user/1000/gnupg/S.gpg-agent:0:1'), ('GJS_DEBUG_OUTPUT', 'stderr'), ('VSCODE_GIT_ASKPASS_EXTRA_ARGS', '--ms-enable-electron-run-as-node'), ('QT_IM_MODULE', 'ibus'), ('PWD', '/home/robot/robot_ws/build/safeway_robot_controll_packet_RS485'), ('XDG_CONFIG_DIRS', '/etc/xdg/xdg-ubuntu:/etc/xdg'), ('XDG_DATA_DIRS', '/home/robot/snap/code/148/.local/share:/home/robot/snap/code/148:/snap/code/148/usr/share:/usr/share/ubuntu:/usr/share/gnome:/usr/local/share/:/usr/share/:/var/lib/snapd/desktop'), ('PYTHONPATH', '/opt/ros/humble/lib/python3.10/site-packages:/opt/ros/humble/local/lib/python3.10/dist-packages'), ('COLCON', '1'), ('CMAKE_PREFIX_PATH', '/opt/ros/humble')]), 'shell': False}
[0.194203] (safeway_robot_controll_packet_RS485) StderrLine: {'line': b'\x1b[31mCMake Error at CMakeLists.txt:30:\n'}
[0.194428] (safeway_robot_controll_packet_RS485) StderrLine: {'line': b'  Parse error.  Expected a command name, got unquoted argument with text\n'}
[0.194537] (safeway_robot_controll_packet_RS485) StderrLine: {'line': b'  "//".\n'}
[0.194631] (safeway_robot_controll_packet_RS485) StderrLine: {'line': b'\n'}
[0.194720] (safeway_robot_controll_packet_RS485) StderrLine: {'line': b'\x1b[0m\n'}
[0.194872] (safeway_robot_controll_packet_RS485) StdoutLine: {'line': b'-- Configuring incomplete, errors occurred!\n'}
[0.198402] (safeway_robot_controll_packet_RS485) CommandEnded: {'returncode': 1}
[0.199231] (-) TimerEvent: {}
[0.245988] (my_first_ros_rclcpp_pkg) StdoutLine: {'line': b'\x1b[35m\x1b[1mConsolidate compiler generated dependencies of target helloworld_publisher\x1b[0m\n'}
[0.246262] (my_first_ros_rclcpp_pkg) StdoutLine: {'line': b'\x1b[35m\x1b[1mConsolidate compiler generated dependencies of target helloworld_subscriber\x1b[0m\n'}
[0.257014] (my_first_ros_rclcpp_pkg) StdoutLine: {'line': b'[ 25%] \x1b[32mBuilding CXX object CMakeFiles/helloworld_publisher.dir/src/helloworld_publisher.cpp.o\x1b[0m\n'}
[0.265469] (my_first_ros_rclcpp_pkg) StdoutLine: {'line': b'[ 75%] Built target helloworld_subscriber\n'}
[0.279256] (safeway_robot_controll_packet_RS485) JobEnded: {'identifier': 'safeway_robot_controll_packet_RS485', 'rc': 1}
[0.299372] (-) TimerEvent: {}
[0.400070] (-) TimerEvent: {}
[0.500417] (-) TimerEvent: {}
[0.600744] (-) TimerEvent: {}
[0.701088] (-) TimerEvent: {}
[0.801465] (-) TimerEvent: {}
[0.901843] (-) TimerEvent: {}
[1.002167] (-) TimerEvent: {}
[1.102482] (-) TimerEvent: {}
[1.202844] (-) TimerEvent: {}
[1.303215] (-) TimerEvent: {}
[1.403568] (-) TimerEvent: {}
[1.503894] (-) TimerEvent: {}
[1.604256] (-) TimerEvent: {}
[1.704617] (-) TimerEvent: {}
[1.804941] (-) TimerEvent: {}
[1.905279] (-) TimerEvent: {}
[2.005637] (-) TimerEvent: {}
[2.105958] (-) TimerEvent: {}
[2.206265] (-) TimerEvent: {}
[2.306593] (-) TimerEvent: {}
[2.406981] (-) TimerEvent: {}
[2.507341] (-) TimerEvent: {}
[2.607690] (-) TimerEvent: {}
[2.707994] (-) TimerEvent: {}
[2.808294] (-) TimerEvent: {}
[2.908608] (-) TimerEvent: {}
[3.008964] (-) TimerEvent: {}
[3.109270] (-) TimerEvent: {}
[3.209607] (-) TimerEvent: {}
[3.309946] (-) TimerEvent: {}
[3.410291] (-) TimerEvent: {}
[3.510650] (-) TimerEvent: {}
[3.610977] (-) TimerEvent: {}
[3.711396] (-) TimerEvent: {}
[3.811763] (-) TimerEvent: {}
[3.912132] (-) TimerEvent: {}
[4.012473] (-) TimerEvent: {}
[4.112766] (-) TimerEvent: {}
[4.213070] (-) TimerEvent: {}
[4.313431] (-) TimerEvent: {}
[4.413796] (-) TimerEvent: {}
[4.514088] (-) TimerEvent: {}
[4.614424] (-) TimerEvent: {}
[4.714774] (-) TimerEvent: {}
[4.815114] (-) TimerEvent: {}
[4.915393] (-) TimerEvent: {}
[5.015696] (-) TimerEvent: {}
[5.116027] (-) TimerEvent: {}
[5.216378] (-) TimerEvent: {}
[5.316691] (-) TimerEvent: {}
[5.417028] (-) TimerEvent: {}
[5.517379] (-) TimerEvent: {}
[5.617704] (-) TimerEvent: {}
[5.718014] (-) TimerEvent: {}
[5.817241] (my_first_ros_rclcpp_pkg) StdoutLine: {'line': b'[100%] \x1b[32m\x1b[1mLinking CXX executable helloworld_publisher\x1b[0m\n'}
[5.818101] (-) TimerEvent: {}
[5.918438] (-) TimerEvent: {}
[6.018788] (-) TimerEvent: {}
[6.053810] (my_first_ros_rclcpp_pkg) StdoutLine: {'line': b'[100%] Built target helloworld_publisher\n'}
[6.066812] (my_first_ros_rclcpp_pkg) JobEnded: {'identifier': 'my_first_ros_rclcpp_pkg', 'rc': 'SIGINT'}
[6.077508] (-) EventReactorShutdown: {}
