[0.764s] Invoking command in '/home/robot/robot_ws/build/message_interface': CMAKE_PREFIX_PATH=${CMAKE_PREFIX_PATH}:/home/robot/robot_ws/install/urdf_tutorial:/home/robot/turtlebot3_ws/install/turtlebot3_teleop:/home/robot/turtlebot3_ws/install/turtlebot3_example:/opt/ros/humble /usr/bin/cmake --build /home/robot/robot_ws/build/message_interface -- -j4 -l4
[0.898s] [ 10%] Built target message_interface__rosidl_generator_c
[0.907s] [ 12%] Built target message_interface__cpp
[0.916s] [ 12%] Built target ament_cmake_python_symlink_message_interface
[0.993s] [ 23%] Built target message_interface__rosidl_typesupport_c
[1.008s] [ 33%] Built target message_interface__rosidl_typesupport_fastrtps_c
[1.019s] [ 43%] Built target message_interface__rosidl_typesupport_fastrtps_cpp
[1.055s] [ 53%] Built target message_interface__rosidl_typesupport_introspection_c
[1.100s] [ 64%] Built target message_interface__rosidl_typesupport_introspection_cpp
[1.116s] [ 74%] Built target message_interface__rosidl_typesupport_cpp
[1.246s] [ 74%] Built target message_interface
[1.320s] [ 76%] Built target message_interface__py
[1.418s] [ 84%] Built target message_interface__rosidl_generator_py
[1.535s] [ 89%] Built target message_interface__rosidl_typesupport_c__pyext
[1.564s] [ 94%] Built target message_interface__rosidl_typesupport_introspection_c__pyext
[1.568s] [100%] Built target message_interface__rosidl_typesupport_fastrtps_c__pyext
[1.641s] running egg_info
[1.641s] writing message_interface.egg-info/PKG-INFO
[1.641s] writing dependency_links to message_interface.egg-info/dependency_links.txt
[1.641s] writing top-level names to message_interface.egg-info/top_level.txt
[1.641s] reading manifest file 'message_interface.egg-info/SOURCES.txt'
[1.641s] writing manifest file 'message_interface.egg-info/SOURCES.txt'
[1.711s] [100%] Built target ament_cmake_python_build_message_interface_egg
[2.176s] Invoked command in '/home/robot/robot_ws/build/message_interface' returned '0': CMAKE_PREFIX_PATH=${CMAKE_PREFIX_PATH}:/home/robot/robot_ws/install/urdf_tutorial:/home/robot/turtlebot3_ws/install/turtlebot3_teleop:/home/robot/turtlebot3_ws/install/turtlebot3_example:/opt/ros/humble /usr/bin/cmake --build /home/robot/robot_ws/build/message_interface -- -j4 -l4
[2.877s] Invoking command in '/home/robot/robot_ws/build/message_interface': CMAKE_PREFIX_PATH=${CMAKE_PREFIX_PATH}:/home/robot/robot_ws/install/urdf_tutorial:/home/robot/turtlebot3_ws/install/turtlebot3_teleop:/home/robot/turtlebot3_ws/install/turtlebot3_example:/opt/ros/humble /usr/bin/cmake --install /home/robot/robot_ws/build/message_interface
[3.287s] -- Install configuration: "Debug"
[3.287s] -- Execute custom install script
[3.287s] -- Up-to-date symlink: /home/robot/robot_ws/install/message_interface/share/ament_index/resource_index/rosidl_interfaces/message_interface
[3.287s] -- Up-to-date symlink: /home/robot/robot_ws/install/message_interface/include/message_interface/message_interface/msg/detail/iscoast__functions.h
[3.287s] -- Up-to-date symlink: /home/robot/robot_ws/install/message_interface/include/message_interface/message_interface/msg/detail/iscoast__struct.h
[3.287s] -- Up-to-date symlink: /home/robot/robot_ws/install/message_interface/include/message_interface/message_interface/msg/detail/iscoast__type_support.h
[3.287s] -- Up-to-date symlink: /home/robot/robot_ws/install/message_interface/include/message_interface/message_interface/msg/detail/mode__functions.h
[3.287s] -- Up-to-date symlink: /home/robot/robot_ws/install/message_interface/include/message_interface/message_interface/msg/detail/mode__struct.h
[3.287s] -- Up-to-date symlink: /home/robot/robot_ws/install/message_interface/include/message_interface/message_interface/msg/detail/mode__type_support.h
[3.288s] -- Up-to-date symlink: /home/robot/robot_ws/install/message_interface/include/message_interface/message_interface/msg/iscoast.h
[3.288s] -- Up-to-date symlink: /home/robot/robot_ws/install/message_interface/include/message_interface/message_interface/msg/mode.h
[3.288s] -- Up-to-date symlink: /home/robot/robot_ws/install/message_interface/include/message_interface/message_interface/msg/rosidl_generator_c__visibility_control.h
[3.288s] -- Up-to-date symlink: /home/robot/robot_ws/install/message_interface/share/message_interface/environment/library_path.sh
[3.288s] -- Up-to-date symlink: /home/robot/robot_ws/install/message_interface/share/message_interface/environment/library_path.dsv
[3.288s] -- Up-to-date symlink: /home/robot/robot_ws/install/message_interface/include/message_interface/message_interface/msg/detail/iscoast__rosidl_typesupport_fastrtps_c.h
[3.288s] -- Up-to-date symlink: /home/robot/robot_ws/install/message_interface/include/message_interface/message_interface/msg/detail/mode__rosidl_typesupport_fastrtps_c.h
[3.288s] -- Up-to-date symlink: /home/robot/robot_ws/install/message_interface/include/message_interface/message_interface/msg/rosidl_typesupport_fastrtps_c__visibility_control.h
[3.288s] -- Up-to-date symlink: /home/robot/robot_ws/install/message_interface/include/message_interface/message_interface/msg/detail/iscoast__rosidl_typesupport_introspection_c.h
[3.289s] -- Up-to-date symlink: /home/robot/robot_ws/install/message_interface/include/message_interface/message_interface/msg/detail/mode__rosidl_typesupport_introspection_c.h
[3.289s] -- Up-to-date symlink: /home/robot/robot_ws/install/message_interface/include/message_interface/message_interface/msg/rosidl_typesupport_introspection_c__visibility_control.h
[3.289s] -- Up-to-date symlink: /home/robot/robot_ws/install/message_interface/include/message_interface/message_interface/msg/detail/iscoast__builder.hpp
[3.289s] -- Up-to-date symlink: /home/robot/robot_ws/install/message_interface/include/message_interface/message_interface/msg/detail/iscoast__struct.hpp
[3.289s] -- Up-to-date symlink: /home/robot/robot_ws/install/message_interface/include/message_interface/message_interface/msg/detail/iscoast__traits.hpp
[3.289s] -- Up-to-date symlink: /home/robot/robot_ws/install/message_interface/include/message_interface/message_interface/msg/detail/mode__builder.hpp
[3.289s] -- Up-to-date symlink: /home/robot/robot_ws/install/message_interface/include/message_interface/message_interface/msg/detail/mode__struct.hpp
[3.289s] -- Up-to-date symlink: /home/robot/robot_ws/install/message_interface/include/message_interface/message_interface/msg/detail/mode__traits.hpp
[3.289s] -- Up-to-date symlink: /home/robot/robot_ws/install/message_interface/include/message_interface/message_interface/msg/iscoast.hpp
[3.289s] -- Up-to-date symlink: /home/robot/robot_ws/install/message_interface/include/message_interface/message_interface/msg/mode.hpp
[3.289s] -- Up-to-date symlink: /home/robot/robot_ws/install/message_interface/include/message_interface/message_interface/msg/detail/iscoast__rosidl_typesupport_fastrtps_cpp.hpp
[3.290s] -- Up-to-date symlink: /home/robot/robot_ws/install/message_interface/include/message_interface/message_interface/msg/detail/mode__rosidl_typesupport_fastrtps_cpp.hpp
[3.291s] -- Up-to-date symlink: /home/robot/robot_ws/install/message_interface/include/message_interface/message_interface/msg/rosidl_typesupport_fastrtps_cpp__visibility_control.h
[3.291s] -- Up-to-date symlink: /home/robot/robot_ws/install/message_interface/include/message_interface/message_interface/msg/detail/iscoast__rosidl_typesupport_introspection_cpp.hpp
[3.291s] -- Up-to-date symlink: /home/robot/robot_ws/install/message_interface/include/message_interface/message_interface/msg/detail/mode__rosidl_typesupport_introspection_cpp.hpp
[3.291s] -- Up-to-date symlink: /home/robot/robot_ws/install/message_interface/share/message_interface/environment/pythonpath.sh
[3.291s] -- Up-to-date symlink: /home/robot/robot_ws/install/message_interface/share/message_interface/environment/pythonpath.dsv
[3.291s] -- Up-to-date symlink: /home/robot/robot_ws/install/message_interface/local/lib/python3.10/dist-packages/message_interface-0.0.0-py3.10.egg-info/PKG-INFO
[3.291s] -- Up-to-date symlink: /home/robot/robot_ws/install/message_interface/local/lib/python3.10/dist-packages/message_interface-0.0.0-py3.10.egg-info/SOURCES.txt
[3.291s] -- Up-to-date symlink: /home/robot/robot_ws/install/message_interface/local/lib/python3.10/dist-packages/message_interface-0.0.0-py3.10.egg-info/dependency_links.txt
[3.291s] -- Up-to-date symlink: /home/robot/robot_ws/install/message_interface/local/lib/python3.10/dist-packages/message_interface-0.0.0-py3.10.egg-info/top_level.txt
[3.291s] -- Up-to-date symlink: /home/robot/robot_ws/install/message_interface/local/lib/python3.10/dist-packages/message_interface/__init__.py
[3.291s] -- Up-to-date symlink: /home/robot/robot_ws/install/message_interface/local/lib/python3.10/dist-packages/message_interface/_message_interface_s.ep.rosidl_typesupport_c.c
[3.291s] -- Up-to-date symlink: /home/robot/robot_ws/install/message_interface/local/lib/python3.10/dist-packages/message_interface/_message_interface_s.ep.rosidl_typesupport_fastrtps_c.c
[3.292s] -- Up-to-date symlink: /home/robot/robot_ws/install/message_interface/local/lib/python3.10/dist-packages/message_interface/_message_interface_s.ep.rosidl_typesupport_introspection_c.c
[3.292s] -- Up-to-date symlink: /home/robot/robot_ws/install/message_interface/local/lib/python3.10/dist-packages/message_interface/libmessage_interface__rosidl_generator_py.so
[3.292s] -- Up-to-date symlink: /home/robot/robot_ws/install/message_interface/local/lib/python3.10/dist-packages/message_interface/message_interface_s__rosidl_typesupport_c.cpython-310-x86_64-linux-gnu.so
[3.292s] -- Up-to-date symlink: /home/robot/robot_ws/install/message_interface/local/lib/python3.10/dist-packages/message_interface/message_interface_s__rosidl_typesupport_fastrtps_c.cpython-310-x86_64-linux-gnu.so
[3.292s] -- Up-to-date symlink: /home/robot/robot_ws/install/message_interface/local/lib/python3.10/dist-packages/message_interface/message_interface_s__rosidl_typesupport_introspection_c.cpython-310-x86_64-linux-gnu.so
[3.292s] -- Up-to-date symlink: /home/robot/robot_ws/install/message_interface/local/lib/python3.10/dist-packages/message_interface/msg/__init__.py
[3.292s] -- Up-to-date symlink: /home/robot/robot_ws/install/message_interface/local/lib/python3.10/dist-packages/message_interface/msg/_iscoast.py
[3.292s] -- Up-to-date symlink: /home/robot/robot_ws/install/message_interface/local/lib/python3.10/dist-packages/message_interface/msg/_iscoast_s.c
[3.292s] -- Up-to-date symlink: /home/robot/robot_ws/install/message_interface/local/lib/python3.10/dist-packages/message_interface/msg/_mode.py
[3.292s] -- Up-to-date symlink: /home/robot/robot_ws/install/message_interface/local/lib/python3.10/dist-packages/message_interface/msg/_mode_s.c
[3.292s] -- Up-to-date symlink: /home/robot/robot_ws/install/message_interface/local/lib/python3.10/dist-packages/message_interface/message_interface_s__rosidl_typesupport_fastrtps_c.cpython-310-x86_64-linux-gnu.so
[3.293s] -- Up-to-date symlink: /home/robot/robot_ws/install/message_interface/local/lib/python3.10/dist-packages/message_interface/message_interface_s__rosidl_typesupport_introspection_c.cpython-310-x86_64-linux-gnu.so
[3.293s] -- Up-to-date symlink: /home/robot/robot_ws/install/message_interface/local/lib/python3.10/dist-packages/message_interface/message_interface_s__rosidl_typesupport_c.cpython-310-x86_64-linux-gnu.so
[3.293s] -- Up-to-date symlink: /home/robot/robot_ws/install/message_interface/share/message_interface/msg/Mode.idl
[3.293s] -- Up-to-date symlink: /home/robot/robot_ws/install/message_interface/share/message_interface/msg/Iscoast.idl
[3.293s] -- Up-to-date symlink: /home/robot/robot_ws/install/message_interface/share/message_interface/msg/Mode.msg
[3.293s] -- Up-to-date symlink: /home/robot/robot_ws/install/message_interface/share/message_interface/msg/Iscoast.msg
[3.293s] -- Up-to-date symlink: /home/robot/robot_ws/install/message_interface/share/ament_index/resource_index/package_run_dependencies/message_interface
[3.293s] -- Up-to-date symlink: /home/robot/robot_ws/install/message_interface/share/ament_index/resource_index/parent_prefix_path/message_interface
[3.293s] -- Up-to-date symlink: /home/robot/robot_ws/install/message_interface/share/message_interface/environment/ament_prefix_path.sh
[3.293s] -- Up-to-date symlink: /home/robot/robot_ws/install/message_interface/share/message_interface/environment/ament_prefix_path.dsv
[3.293s] -- Up-to-date symlink: /home/robot/robot_ws/install/message_interface/share/message_interface/environment/path.sh
[3.293s] -- Up-to-date symlink: /home/robot/robot_ws/install/message_interface/share/message_interface/environment/path.dsv
[3.294s] -- Up-to-date symlink: /home/robot/robot_ws/install/message_interface/share/message_interface/local_setup.bash
[3.294s] -- Up-to-date symlink: /home/robot/robot_ws/install/message_interface/share/message_interface/local_setup.sh
[3.294s] -- Up-to-date symlink: /home/robot/robot_ws/install/message_interface/share/message_interface/local_setup.zsh
[3.294s] -- Up-to-date symlink: /home/robot/robot_ws/install/message_interface/share/message_interface/local_setup.dsv
[3.294s] -- Symlinking: /home/robot/robot_ws/install/message_interface/share/message_interface/package.dsv
[3.294s] -- Up-to-date symlink: /home/robot/robot_ws/install/message_interface/share/ament_index/resource_index/packages/message_interface
[3.294s] -- Up-to-date symlink: /home/robot/robot_ws/install/message_interface/share/message_interface/cmake/rosidl_cmake-extras.cmake
[3.294s] -- Up-to-date symlink: /home/robot/robot_ws/install/message_interface/share/message_interface/cmake/ament_cmake_export_include_directories-extras.cmake
[3.294s] -- Up-to-date symlink: /home/robot/robot_ws/install/message_interface/share/message_interface/cmake/ament_cmake_export_libraries-extras.cmake
[3.294s] -- Up-to-date symlink: /home/robot/robot_ws/install/message_interface/share/message_interface/cmake/ament_cmake_export_targets-extras.cmake
[3.294s] -- Up-to-date symlink: /home/robot/robot_ws/install/message_interface/share/message_interface/cmake/rosidl_cmake_export_typesupport_targets-extras.cmake
[3.294s] -- Up-to-date symlink: /home/robot/robot_ws/install/message_interface/share/message_interface/cmake/ament_cmake_export_dependencies-extras.cmake
[3.295s] -- Up-to-date symlink: /home/robot/robot_ws/install/message_interface/share/message_interface/cmake/rosidl_cmake_export_typesupport_libraries-extras.cmake
[3.295s] -- Up-to-date symlink: /home/robot/robot_ws/install/message_interface/share/message_interface/cmake/message_interfaceConfig.cmake
[3.295s] -- Up-to-date symlink: /home/robot/robot_ws/install/message_interface/share/message_interface/cmake/message_interfaceConfig-version.cmake
[3.295s] -- Up-to-date symlink: /home/robot/robot_ws/install/message_interface/share/message_interface/package.xml
[3.295s] -- Up-to-date: /home/robot/robot_ws/install/message_interface/lib/libmessage_interface__rosidl_generator_c.so
[3.295s] -- Up-to-date: /home/robot/robot_ws/install/message_interface/lib/libmessage_interface__rosidl_typesupport_fastrtps_c.so
[3.295s] -- Up-to-date: /home/robot/robot_ws/install/message_interface/lib/libmessage_interface__rosidl_typesupport_introspection_c.so
[3.295s] -- Up-to-date: /home/robot/robot_ws/install/message_interface/lib/libmessage_interface__rosidl_typesupport_c.so
[3.295s] -- Up-to-date: /home/robot/robot_ws/install/message_interface/lib/libmessage_interface__rosidl_typesupport_fastrtps_cpp.so
[3.295s] -- Up-to-date: /home/robot/robot_ws/install/message_interface/lib/libmessage_interface__rosidl_typesupport_introspection_cpp.so
[3.295s] -- Up-to-date: /home/robot/robot_ws/install/message_interface/lib/libmessage_interface__rosidl_typesupport_cpp.so
[3.295s] Listing '/home/robot/robot_ws/install/message_interface/local/lib/python3.10/dist-packages/message_interface'...
[3.295s] Listing '/home/robot/robot_ws/install/message_interface/local/lib/python3.10/dist-packages/message_interface/msg'...
[3.296s] -- Up-to-date: /home/robot/robot_ws/install/message_interface/lib/libmessage_interface__rosidl_generator_py.so
[3.296s] -- Up-to-date: /home/robot/robot_ws/install/message_interface/share/message_interface/cmake/export_message_interface__rosidl_generator_cExport.cmake
[3.296s] -- Up-to-date: /home/robot/robot_ws/install/message_interface/share/message_interface/cmake/export_message_interface__rosidl_generator_cExport-debug.cmake
[3.296s] -- Up-to-date: /home/robot/robot_ws/install/message_interface/share/message_interface/cmake/export_message_interface__rosidl_typesupport_fastrtps_cExport.cmake
[3.296s] -- Up-to-date: /home/robot/robot_ws/install/message_interface/share/message_interface/cmake/export_message_interface__rosidl_typesupport_fastrtps_cExport-debug.cmake
[3.296s] -- Up-to-date: /home/robot/robot_ws/install/message_interface/share/message_interface/cmake/message_interface__rosidl_typesupport_introspection_cExport.cmake
[3.296s] -- Up-to-date: /home/robot/robot_ws/install/message_interface/share/message_interface/cmake/message_interface__rosidl_typesupport_introspection_cExport-debug.cmake
[3.296s] -- Up-to-date: /home/robot/robot_ws/install/message_interface/share/message_interface/cmake/message_interface__rosidl_typesupport_cExport.cmake
[3.296s] -- Up-to-date: /home/robot/robot_ws/install/message_interface/share/message_interface/cmake/message_interface__rosidl_typesupport_cExport-debug.cmake
[3.296s] -- Up-to-date: /home/robot/robot_ws/install/message_interface/share/message_interface/cmake/export_message_interface__rosidl_generator_cppExport.cmake
[3.296s] -- Up-to-date: /home/robot/robot_ws/install/message_interface/share/message_interface/cmake/export_message_interface__rosidl_typesupport_fastrtps_cppExport.cmake
[3.296s] -- Up-to-date: /home/robot/robot_ws/install/message_interface/share/message_interface/cmake/export_message_interface__rosidl_typesupport_fastrtps_cppExport-debug.cmake
[3.297s] -- Up-to-date: /home/robot/robot_ws/install/message_interface/share/message_interface/cmake/message_interface__rosidl_typesupport_introspection_cppExport.cmake
[3.297s] -- Up-to-date: /home/robot/robot_ws/install/message_interface/share/message_interface/cmake/message_interface__rosidl_typesupport_introspection_cppExport-debug.cmake
[3.297s] -- Up-to-date: /home/robot/robot_ws/install/message_interface/share/message_interface/cmake/message_interface__rosidl_typesupport_cppExport.cmake
[3.297s] -- Up-to-date: /home/robot/robot_ws/install/message_interface/share/message_interface/cmake/message_interface__rosidl_typesupport_cppExport-debug.cmake
[3.297s] -- Up-to-date: /home/robot/robot_ws/install/message_interface/share/message_interface/cmake/export_message_interface__rosidl_generator_pyExport.cmake
[3.297s] -- Up-to-date: /home/robot/robot_ws/install/message_interface/share/message_interface/cmake/export_message_interface__rosidl_generator_pyExport-debug.cmake
[3.325s] Invoked command in '/home/robot/robot_ws/build/message_interface' returned '0': CMAKE_PREFIX_PATH=${CMAKE_PREFIX_PATH}:/home/robot/robot_ws/install/urdf_tutorial:/home/robot/turtlebot3_ws/install/turtlebot3_teleop:/home/robot/turtlebot3_ws/install/turtlebot3_example:/opt/ros/humble /usr/bin/cmake --install /home/robot/robot_ws/build/message_interface
