[0.308s] Invoking command in '/home/robot/robot_ws/build/ldlidar_stl_ros2': CMAKE_PREFIX_PATH=${CMAKE_PREFIX_PATH}:/home/robot/robot_ws/install/urdf_tutorial:/home/robot/turtlebot3_ws/install/turtlebot3_teleop:/home/robot/turtlebot3_ws/install/turtlebot3_example:/opt/ros/humble /usr/bin/cmake --build /home/robot/robot_ws/build/ldlidar_stl_ros2 -- -j4 -l4
[0.563s] [100%] Built target ldlidar_stl_ros2_node
[0.590s] Invoked command in '/home/robot/robot_ws/build/ldlidar_stl_ros2' returned '0': CMAKE_PREFIX_PATH=${CMAKE_PREFIX_PATH}:/home/robot/robot_ws/install/urdf_tutorial:/home/robot/turtlebot3_ws/install/turtlebot3_teleop:/home/robot/turtlebot3_ws/install/turtlebot3_example:/opt/ros/humble /usr/bin/cmake --build /home/robot/robot_ws/build/ldlidar_stl_ros2 -- -j4 -l4
[1.098s] Invoking command in '/home/robot/robot_ws/build/ldlidar_stl_ros2': CMAKE_PREFIX_PATH=${CMAKE_PREFIX_PATH}:/home/robot/robot_ws/install/urdf_tutorial:/home/robot/turtlebot3_ws/install/turtlebot3_teleop:/home/robot/turtlebot3_ws/install/turtlebot3_example:/opt/ros/humble /usr/bin/cmake --install /home/robot/robot_ws/build/ldlidar_stl_ros2
[1.141s] -- Install configuration: "Debug"
[1.143s] -- Execute custom install script
[1.144s] -- Up-to-date symlink: /home/robot/robot_ws/install/ldlidar_stl_ros2/lib/ldlidar_stl_ros2/ldlidar_stl_ros2_node
[1.145s] -- Up-to-date symlink: /home/robot/robot_ws/install/ldlidar_stl_ros2/share/ldlidar_stl_ros2//launch/ld06.launch.py
[1.145s] -- Up-to-date symlink: /home/robot/robot_ws/install/ldlidar_stl_ros2/share/ldlidar_stl_ros2//launch/ld19.launch.py
[1.145s] -- Up-to-date symlink: /home/robot/robot_ws/install/ldlidar_stl_ros2/share/ldlidar_stl_ros2//launch/stl27l.launch.py
[1.145s] -- Up-to-date symlink: /home/robot/robot_ws/install/ldlidar_stl_ros2/share/ldlidar_stl_ros2//launch/viewer_ld06.launch.py
[1.145s] -- Up-to-date symlink: /home/robot/robot_ws/install/ldlidar_stl_ros2/share/ldlidar_stl_ros2//launch/viewer_ld19.launch.py
[1.145s] -- Up-to-date symlink: /home/robot/robot_ws/install/ldlidar_stl_ros2/share/ldlidar_stl_ros2//launch/viewer_stl27l.launch.py
[1.145s] -- Up-to-date symlink: /home/robot/robot_ws/install/ldlidar_stl_ros2/share/ldlidar_stl_ros2//rviz2/ldlidar.rviz
[1.145s] -- Up-to-date symlink: /home/robot/robot_ws/install/ldlidar_stl_ros2/share/ament_index/resource_index/package_run_dependencies/ldlidar_stl_ros2
[1.145s] -- Up-to-date symlink: /home/robot/robot_ws/install/ldlidar_stl_ros2/share/ament_index/resource_index/parent_prefix_path/ldlidar_stl_ros2
[1.145s] -- Up-to-date symlink: /home/robot/robot_ws/install/ldlidar_stl_ros2/share/ldlidar_stl_ros2/environment/ament_prefix_path.sh
[1.152s] -- Up-to-date symlink: /home/robot/robot_ws/install/ldlidar_stl_ros2/share/ldlidar_stl_ros2/environment/ament_prefix_path.dsv
[1.161s] -- Up-to-date symlink: /home/robot/robot_ws/install/ldlidar_stl_ros2/share/ldlidar_stl_ros2/environment/path.sh
[1.161s] -- Up-to-date symlink: /home/robot/robot_ws/install/ldlidar_stl_ros2/share/ldlidar_stl_ros2/environment/path.dsv
[1.161s] -- Up-to-date symlink: /home/robot/robot_ws/install/ldlidar_stl_ros2/share/ldlidar_stl_ros2/local_setup.bash
[1.161s] -- Up-to-date symlink: /home/robot/robot_ws/install/ldlidar_stl_ros2/share/ldlidar_stl_ros2/local_setup.sh
[1.161s] -- Up-to-date symlink: /home/robot/robot_ws/install/ldlidar_stl_ros2/share/ldlidar_stl_ros2/local_setup.zsh
[1.161s] -- Up-to-date symlink: /home/robot/robot_ws/install/ldlidar_stl_ros2/share/ldlidar_stl_ros2/local_setup.dsv
[1.161s] -- Symlinking: /home/robot/robot_ws/install/ldlidar_stl_ros2/share/ldlidar_stl_ros2/package.dsv
[1.235s] -- Up-to-date symlink: /home/robot/robot_ws/install/ldlidar_stl_ros2/share/ament_index/resource_index/packages/ldlidar_stl_ros2
[1.235s] -- Up-to-date symlink: /home/robot/robot_ws/install/ldlidar_stl_ros2/share/ldlidar_stl_ros2/cmake/ldlidar_stl_ros2Config.cmake
[1.236s] -- Up-to-date symlink: /home/robot/robot_ws/install/ldlidar_stl_ros2/share/ldlidar_stl_ros2/cmake/ldlidar_stl_ros2Config-version.cmake
[1.236s] -- Up-to-date symlink: /home/robot/robot_ws/install/ldlidar_stl_ros2/share/ldlidar_stl_ros2/package.xml
[1.816s] Invoked command in '/home/robot/robot_ws/build/ldlidar_stl_ros2' returned '0': CMAKE_PREFIX_PATH=${CMAKE_PREFIX_PATH}:/home/robot/robot_ws/install/urdf_tutorial:/home/robot/turtlebot3_ws/install/turtlebot3_teleop:/home/robot/turtlebot3_ws/install/turtlebot3_example:/opt/ros/humble /usr/bin/cmake --install /home/robot/robot_ws/build/ldlidar_stl_ros2
