[0.673s] Invoking command in '/home/robot/robot_ws/build/message_interface': CMAKE_PREFIX_PATH=${CMAKE_PREFIX_PATH}:/home/robot/robot_ws/install/urdf_tutorial:/home/robot/turtlebot3_ws/install/turtlebot3_teleop:/home/robot/turtlebot3_ws/install/turtlebot3_example:/opt/ros/humble /usr/bin/cmake --build /home/robot/robot_ws/build/message_interface -- -j4 -l4
[0.741s] [  9%] Built target message_interface__rosidl_generator_c
[0.751s] [  9%] Built target ament_cmake_python_copy_message_interface
[0.763s] [ 12%] Built target message_interface__cpp
[0.796s] [ 22%] Built target message_interface__rosidl_typesupport_fastrtps_c
[0.822s] [ 32%] Built target message_interface__rosidl_typesupport_c
[0.827s] [ 41%] Built target message_interface__rosidl_typesupport_introspection_c
[0.859s] [ 51%] Built target message_interface__rosidl_typesupport_cpp
[0.867s] [ 61%] Built target message_interface__rosidl_typesupport_fastrtps_cpp
[0.883s] [ 70%] Built target message_interface__rosidl_typesupport_introspection_cpp
[0.932s] [ 70%] Built target message_interface
[0.950s] [ 74%] Built target message_interface__py
[0.978s] [ 80%] Built target message_interface__rosidl_generator_py
[1.022s] [ 87%] Built target message_interface__rosidl_typesupport_fastrtps_c__pyext
[1.035s] [ 93%] Built target message_interface__rosidl_typesupport_introspection_c__pyext
[1.039s] [100%] Built target message_interface__rosidl_typesupport_c__pyext
[1.214s] running egg_info
[1.215s] writing message_interface.egg-info/PKG-INFO
[1.216s] writing dependency_links to message_interface.egg-info/dependency_links.txt
[1.216s] writing top-level names to message_interface.egg-info/top_level.txt
[1.218s] reading manifest file 'message_interface.egg-info/SOURCES.txt'
[1.219s] writing manifest file 'message_interface.egg-info/SOURCES.txt'
[1.259s] [100%] Built target ament_cmake_python_build_message_interface_egg
[1.519s] Invoked command in '/home/robot/robot_ws/build/message_interface' returned '0': CMAKE_PREFIX_PATH=${CMAKE_PREFIX_PATH}:/home/robot/robot_ws/install/urdf_tutorial:/home/robot/turtlebot3_ws/install/turtlebot3_teleop:/home/robot/turtlebot3_ws/install/turtlebot3_example:/opt/ros/humble /usr/bin/cmake --build /home/robot/robot_ws/build/message_interface -- -j4 -l4
[2.017s] Invoking command in '/home/robot/robot_ws/build/message_interface': CMAKE_PREFIX_PATH=${CMAKE_PREFIX_PATH}:/home/robot/robot_ws/install/urdf_tutorial:/home/robot/turtlebot3_ws/install/turtlebot3_teleop:/home/robot/turtlebot3_ws/install/turtlebot3_example:/opt/ros/humble /usr/bin/cmake --install /home/robot/robot_ws/build/message_interface
[2.390s] -- Install configuration: "Debug"
[2.390s] -- Up-to-date: /home/robot/robot_ws/install/message_interface/share/ament_index/resource_index/rosidl_interfaces/message_interface
[2.390s] -- Up-to-date: /home/robot/robot_ws/install/message_interface/include/message_interface/message_interface
[2.390s] -- Up-to-date: /home/robot/robot_ws/install/message_interface/include/message_interface/message_interface/msg
[2.390s] -- Up-to-date: /home/robot/robot_ws/install/message_interface/include/message_interface/message_interface/msg/mode.h
[2.390s] -- Up-to-date: /home/robot/robot_ws/install/message_interface/include/message_interface/message_interface/msg/rosidl_generator_c__visibility_control.h
[2.391s] -- Up-to-date: /home/robot/robot_ws/install/message_interface/include/message_interface/message_interface/msg/detail
[2.391s] -- Up-to-date: /home/robot/robot_ws/install/message_interface/include/message_interface/message_interface/msg/detail/mode__type_support.h
[2.391s] -- Up-to-date: /home/robot/robot_ws/install/message_interface/include/message_interface/message_interface/msg/detail/mode__functions.c
[2.391s] -- Up-to-date: /home/robot/robot_ws/install/message_interface/include/message_interface/message_interface/msg/detail/mode__functions.h
[2.391s] -- Up-to-date: /home/robot/robot_ws/install/message_interface/include/message_interface/message_interface/msg/detail/mode__struct.h
[2.391s] -- Up-to-date: /home/robot/robot_ws/install/message_interface/share/message_interface/environment/library_path.sh
[2.391s] -- Up-to-date: /home/robot/robot_ws/install/message_interface/share/message_interface/environment/library_path.dsv
[2.391s] -- Up-to-date: /home/robot/robot_ws/install/message_interface/lib/libmessage_interface__rosidl_generator_c.so
[2.391s] -- Up-to-date: /home/robot/robot_ws/install/message_interface/include/message_interface/message_interface
[2.391s] -- Up-to-date: /home/robot/robot_ws/install/message_interface/include/message_interface/message_interface/msg
[2.391s] -- Up-to-date: /home/robot/robot_ws/install/message_interface/include/message_interface/message_interface/msg/rosidl_typesupport_fastrtps_c__visibility_control.h
[2.392s] -- Up-to-date: /home/robot/robot_ws/install/message_interface/include/message_interface/message_interface/msg/detail
[2.392s] -- Up-to-date: /home/robot/robot_ws/install/message_interface/include/message_interface/message_interface/msg/detail/mode__rosidl_typesupport_fastrtps_c.h
[2.392s] -- Up-to-date: /home/robot/robot_ws/install/message_interface/lib/libmessage_interface__rosidl_typesupport_fastrtps_c.so
[2.392s] -- Up-to-date: /home/robot/robot_ws/install/message_interface/include/message_interface/message_interface
[2.392s] -- Up-to-date: /home/robot/robot_ws/install/message_interface/include/message_interface/message_interface/msg
[2.392s] -- Up-to-date: /home/robot/robot_ws/install/message_interface/include/message_interface/message_interface/msg/detail
[2.392s] -- Up-to-date: /home/robot/robot_ws/install/message_interface/include/message_interface/message_interface/msg/detail/mode__type_support.c
[2.392s] -- Up-to-date: /home/robot/robot_ws/install/message_interface/include/message_interface/message_interface/msg/detail/mode__rosidl_typesupport_introspection_c.h
[2.392s] -- Up-to-date: /home/robot/robot_ws/install/message_interface/include/message_interface/message_interface/msg/rosidl_typesupport_introspection_c__visibility_control.h
[2.392s] -- Up-to-date: /home/robot/robot_ws/install/message_interface/lib/libmessage_interface__rosidl_typesupport_introspection_c.so
[2.393s] -- Up-to-date: /home/robot/robot_ws/install/message_interface/lib/libmessage_interface__rosidl_typesupport_c.so
[2.393s] -- Up-to-date: /home/robot/robot_ws/install/message_interface/include/message_interface/message_interface
[2.393s] -- Up-to-date: /home/robot/robot_ws/install/message_interface/include/message_interface/message_interface/msg
[2.393s] -- Up-to-date: /home/robot/robot_ws/install/message_interface/include/message_interface/message_interface/msg/detail
[2.393s] -- Up-to-date: /home/robot/robot_ws/install/message_interface/include/message_interface/message_interface/msg/detail/mode__traits.hpp
[2.393s] -- Up-to-date: /home/robot/robot_ws/install/message_interface/include/message_interface/message_interface/msg/detail/mode__struct.hpp
[2.393s] -- Up-to-date: /home/robot/robot_ws/install/message_interface/include/message_interface/message_interface/msg/detail/mode__builder.hpp
[2.393s] -- Up-to-date: /home/robot/robot_ws/install/message_interface/include/message_interface/message_interface/msg/mode.hpp
[2.393s] -- Up-to-date: /home/robot/robot_ws/install/message_interface/include/message_interface/message_interface
[2.393s] -- Up-to-date: /home/robot/robot_ws/install/message_interface/include/message_interface/message_interface/msg
[2.393s] -- Up-to-date: /home/robot/robot_ws/install/message_interface/include/message_interface/message_interface/msg/rosidl_typesupport_fastrtps_cpp__visibility_control.h
[2.394s] -- Up-to-date: /home/robot/robot_ws/install/message_interface/include/message_interface/message_interface/msg/detail
[2.394s] -- Up-to-date: /home/robot/robot_ws/install/message_interface/include/message_interface/message_interface/msg/detail/dds_fastrtps
[2.394s] -- Up-to-date: /home/robot/robot_ws/install/message_interface/include/message_interface/message_interface/msg/detail/mode__rosidl_typesupport_fastrtps_cpp.hpp
[2.394s] -- Up-to-date: /home/robot/robot_ws/install/message_interface/lib/libmessage_interface__rosidl_typesupport_fastrtps_cpp.so
[2.394s] -- Up-to-date: /home/robot/robot_ws/install/message_interface/include/message_interface/message_interface
[2.394s] -- Up-to-date: /home/robot/robot_ws/install/message_interface/include/message_interface/message_interface/msg
[2.394s] -- Up-to-date: /home/robot/robot_ws/install/message_interface/include/message_interface/message_interface/msg/detail
[2.394s] -- Up-to-date: /home/robot/robot_ws/install/message_interface/include/message_interface/message_interface/msg/detail/mode__type_support.cpp
[2.394s] -- Up-to-date: /home/robot/robot_ws/install/message_interface/include/message_interface/message_interface/msg/detail/mode__rosidl_typesupport_introspection_cpp.hpp
[2.394s] -- Up-to-date: /home/robot/robot_ws/install/message_interface/lib/libmessage_interface__rosidl_typesupport_introspection_cpp.so
[2.394s] -- Up-to-date: /home/robot/robot_ws/install/message_interface/lib/libmessage_interface__rosidl_typesupport_cpp.so
[2.395s] -- Up-to-date: /home/robot/robot_ws/install/message_interface/share/message_interface/environment/pythonpath.sh
[2.395s] -- Up-to-date: /home/robot/robot_ws/install/message_interface/share/message_interface/environment/pythonpath.dsv
[2.395s] -- Up-to-date: /home/robot/robot_ws/install/message_interface/local/lib/python3.10/dist-packages/message_interface-0.0.0-py3.10.egg-info
[2.395s] -- Installing: /home/robot/robot_ws/install/message_interface/local/lib/python3.10/dist-packages/message_interface-0.0.0-py3.10.egg-info/PKG-INFO
[2.395s] -- Installing: /home/robot/robot_ws/install/message_interface/local/lib/python3.10/dist-packages/message_interface-0.0.0-py3.10.egg-info/top_level.txt
[2.395s] -- Installing: /home/robot/robot_ws/install/message_interface/local/lib/python3.10/dist-packages/message_interface-0.0.0-py3.10.egg-info/dependency_links.txt
[2.395s] -- Installing: /home/robot/robot_ws/install/message_interface/local/lib/python3.10/dist-packages/message_interface-0.0.0-py3.10.egg-info/SOURCES.txt
[2.395s] -- Up-to-date: /home/robot/robot_ws/install/message_interface/local/lib/python3.10/dist-packages/message_interface
[2.395s] -- Up-to-date: /home/robot/robot_ws/install/message_interface/local/lib/python3.10/dist-packages/message_interface/_message_interface_s.ep.rosidl_typesupport_c.c
[2.395s] -- Up-to-date: /home/robot/robot_ws/install/message_interface/local/lib/python3.10/dist-packages/message_interface/message_interface_s__rosidl_typesupport_c.cpython-310-x86_64-linux-gnu.so
[2.395s] -- Up-to-date: /home/robot/robot_ws/install/message_interface/local/lib/python3.10/dist-packages/message_interface/_message_interface_s.ep.rosidl_typesupport_introspection_c.c
[2.396s] -- Up-to-date: /home/robot/robot_ws/install/message_interface/local/lib/python3.10/dist-packages/message_interface/msg
[2.403s] -- Up-to-date: /home/robot/robot_ws/install/message_interface/local/lib/python3.10/dist-packages/message_interface/msg/__init__.py
[2.403s] -- Up-to-date: /home/robot/robot_ws/install/message_interface/local/lib/python3.10/dist-packages/message_interface/msg/_mode.py
[2.404s] -- Up-to-date: /home/robot/robot_ws/install/message_interface/local/lib/python3.10/dist-packages/message_interface/msg/_mode_s.c
[2.404s] -- Up-to-date: /home/robot/robot_ws/install/message_interface/local/lib/python3.10/dist-packages/message_interface/message_interface_s__rosidl_typesupport_fastrtps_c.cpython-310-x86_64-linux-gnu.so
[2.404s] -- Up-to-date: /home/robot/robot_ws/install/message_interface/local/lib/python3.10/dist-packages/message_interface/__init__.py
[2.404s] -- Up-to-date: /home/robot/robot_ws/install/message_interface/local/lib/python3.10/dist-packages/message_interface/libmessage_interface__rosidl_generator_py.so
[2.404s] -- Up-to-date: /home/robot/robot_ws/install/message_interface/local/lib/python3.10/dist-packages/message_interface/message_interface_s__rosidl_typesupport_introspection_c.cpython-310-x86_64-linux-gnu.so
[2.404s] -- Up-to-date: /home/robot/robot_ws/install/message_interface/local/lib/python3.10/dist-packages/message_interface/_message_interface_s.ep.rosidl_typesupport_fastrtps_c.c
[2.404s] Listing '/home/robot/robot_ws/install/message_interface/local/lib/python3.10/dist-packages/message_interface'...
[2.404s] Listing '/home/robot/robot_ws/install/message_interface/local/lib/python3.10/dist-packages/message_interface/msg'...
[2.404s] -- Up-to-date: /home/robot/robot_ws/install/message_interface/local/lib/python3.10/dist-packages/message_interface/message_interface_s__rosidl_typesupport_fastrtps_c.cpython-310-x86_64-linux-gnu.so
[2.404s] -- Up-to-date: /home/robot/robot_ws/install/message_interface/local/lib/python3.10/dist-packages/message_interface/message_interface_s__rosidl_typesupport_introspection_c.cpython-310-x86_64-linux-gnu.so
[2.404s] -- Up-to-date: /home/robot/robot_ws/install/message_interface/local/lib/python3.10/dist-packages/message_interface/message_interface_s__rosidl_typesupport_c.cpython-310-x86_64-linux-gnu.so
[2.405s] -- Up-to-date: /home/robot/robot_ws/install/message_interface/lib/libmessage_interface__rosidl_generator_py.so
[2.405s] -- Up-to-date: /home/robot/robot_ws/install/message_interface/share/message_interface/msg/Mode.idl
[2.405s] -- Up-to-date: /home/robot/robot_ws/install/message_interface/share/message_interface/msg/Mode.msg
[2.405s] -- Up-to-date: /home/robot/robot_ws/install/message_interface/share/ament_index/resource_index/package_run_dependencies/message_interface
[2.405s] -- Up-to-date: /home/robot/robot_ws/install/message_interface/share/ament_index/resource_index/parent_prefix_path/message_interface
[2.405s] -- Up-to-date: /home/robot/robot_ws/install/message_interface/share/message_interface/environment/ament_prefix_path.sh
[2.405s] -- Up-to-date: /home/robot/robot_ws/install/message_interface/share/message_interface/environment/ament_prefix_path.dsv
[2.405s] -- Up-to-date: /home/robot/robot_ws/install/message_interface/share/message_interface/environment/path.sh
[2.405s] -- Up-to-date: /home/robot/robot_ws/install/message_interface/share/message_interface/environment/path.dsv
[2.405s] -- Up-to-date: /home/robot/robot_ws/install/message_interface/share/message_interface/local_setup.bash
[2.405s] -- Up-to-date: /home/robot/robot_ws/install/message_interface/share/message_interface/local_setup.sh
[2.406s] -- Up-to-date: /home/robot/robot_ws/install/message_interface/share/message_interface/local_setup.zsh
[2.406s] -- Up-to-date: /home/robot/robot_ws/install/message_interface/share/message_interface/local_setup.dsv
[2.406s] -- Installing: /home/robot/robot_ws/install/message_interface/share/message_interface/package.dsv
[2.406s] -- Up-to-date: /home/robot/robot_ws/install/message_interface/share/ament_index/resource_index/packages/message_interface
[2.406s] -- Up-to-date: /home/robot/robot_ws/install/message_interface/share/message_interface/cmake/export_message_interface__rosidl_generator_cExport.cmake
[2.406s] -- Up-to-date: /home/robot/robot_ws/install/message_interface/share/message_interface/cmake/export_message_interface__rosidl_generator_cExport-debug.cmake
[2.406s] -- Up-to-date: /home/robot/robot_ws/install/message_interface/share/message_interface/cmake/export_message_interface__rosidl_typesupport_fastrtps_cExport.cmake
[2.406s] -- Up-to-date: /home/robot/robot_ws/install/message_interface/share/message_interface/cmake/export_message_interface__rosidl_typesupport_fastrtps_cExport-debug.cmake
[2.406s] -- Up-to-date: /home/robot/robot_ws/install/message_interface/share/message_interface/cmake/message_interface__rosidl_typesupport_introspection_cExport.cmake
[2.406s] -- Up-to-date: /home/robot/robot_ws/install/message_interface/share/message_interface/cmake/message_interface__rosidl_typesupport_introspection_cExport-debug.cmake
[2.406s] -- Up-to-date: /home/robot/robot_ws/install/message_interface/share/message_interface/cmake/message_interface__rosidl_typesupport_cExport.cmake
[2.407s] -- Up-to-date: /home/robot/robot_ws/install/message_interface/share/message_interface/cmake/message_interface__rosidl_typesupport_cExport-debug.cmake
[2.407s] -- Up-to-date: /home/robot/robot_ws/install/message_interface/share/message_interface/cmake/export_message_interface__rosidl_generator_cppExport.cmake
[2.407s] -- Up-to-date: /home/robot/robot_ws/install/message_interface/share/message_interface/cmake/export_message_interface__rosidl_typesupport_fastrtps_cppExport.cmake
[2.407s] -- Up-to-date: /home/robot/robot_ws/install/message_interface/share/message_interface/cmake/export_message_interface__rosidl_typesupport_fastrtps_cppExport-debug.cmake
[2.407s] -- Up-to-date: /home/robot/robot_ws/install/message_interface/share/message_interface/cmake/message_interface__rosidl_typesupport_introspection_cppExport.cmake
[2.407s] -- Up-to-date: /home/robot/robot_ws/install/message_interface/share/message_interface/cmake/message_interface__rosidl_typesupport_introspection_cppExport-debug.cmake
[2.407s] -- Up-to-date: /home/robot/robot_ws/install/message_interface/share/message_interface/cmake/message_interface__rosidl_typesupport_cppExport.cmake
[2.407s] -- Up-to-date: /home/robot/robot_ws/install/message_interface/share/message_interface/cmake/message_interface__rosidl_typesupport_cppExport-debug.cmake
[2.408s] -- Up-to-date: /home/robot/robot_ws/install/message_interface/share/message_interface/cmake/export_message_interface__rosidl_generator_pyExport.cmake
[2.408s] -- Up-to-date: /home/robot/robot_ws/install/message_interface/share/message_interface/cmake/export_message_interface__rosidl_generator_pyExport-debug.cmake
[2.408s] -- Up-to-date: /home/robot/robot_ws/install/message_interface/share/message_interface/cmake/rosidl_cmake-extras.cmake
[2.408s] -- Up-to-date: /home/robot/robot_ws/install/message_interface/share/message_interface/cmake/ament_cmake_export_include_directories-extras.cmake
[2.408s] -- Up-to-date: /home/robot/robot_ws/install/message_interface/share/message_interface/cmake/ament_cmake_export_libraries-extras.cmake
[2.408s] -- Up-to-date: /home/robot/robot_ws/install/message_interface/share/message_interface/cmake/ament_cmake_export_targets-extras.cmake
[2.408s] -- Up-to-date: /home/robot/robot_ws/install/message_interface/share/message_interface/cmake/rosidl_cmake_export_typesupport_targets-extras.cmake
[2.408s] -- Up-to-date: /home/robot/robot_ws/install/message_interface/share/message_interface/cmake/ament_cmake_export_dependencies-extras.cmake
[2.408s] -- Up-to-date: /home/robot/robot_ws/install/message_interface/share/message_interface/cmake/rosidl_cmake_export_typesupport_libraries-extras.cmake
[2.408s] -- Up-to-date: /home/robot/robot_ws/install/message_interface/share/message_interface/cmake/message_interfaceConfig.cmake
[2.408s] -- Up-to-date: /home/robot/robot_ws/install/message_interface/share/message_interface/cmake/message_interfaceConfig-version.cmake
[2.409s] -- Up-to-date: /home/robot/robot_ws/install/message_interface/share/message_interface/package.xml
[2.442s] Invoked command in '/home/robot/robot_ws/build/message_interface' returned '0': CMAKE_PREFIX_PATH=${CMAKE_PREFIX_PATH}:/home/robot/robot_ws/install/urdf_tutorial:/home/robot/turtlebot3_ws/install/turtlebot3_teleop:/home/robot/turtlebot3_ws/install/turtlebot3_example:/opt/ros/humble /usr/bin/cmake --install /home/robot/robot_ws/build/message_interface
