[0.728s] Invoking command in '/home/robot/robot_ws/build/message_interface': CMAKE_PREFIX_PATH=${CMAKE_PREFIX_PATH}:/home/robot/robot_ws/install/urdf_tutorial:/home/robot/turtlebot3_ws/install/turtlebot3_teleop:/home/robot/turtlebot3_ws/install/turtlebot3_example:/opt/ros/humble /usr/bin/cmake --build /home/robot/robot_ws/build/message_interface -- -j4 -l4
[0.863s] [ 10%] Built target message_interface__rosidl_generator_c
[0.868s] [ 12%] Built target message_interface__cpp
[0.889s] [ 12%] Built target ament_cmake_python_symlink_message_interface
[1.008s] [ 23%] Built target message_interface__rosidl_typesupport_c
[1.010s] [ 33%] Built target message_interface__rosidl_typesupport_fastrtps_c
[1.014s] [ 43%] Built target message_interface__rosidl_typesupport_introspection_c
[1.025s] [ 53%] Built target message_interface__rosidl_typesupport_fastrtps_cpp
[1.084s] [ 64%] Built target message_interface__rosidl_typesupport_cpp
[1.090s] [ 74%] Built target message_interface__rosidl_typesupport_introspection_cpp
[1.196s] [ 74%] Built target message_interface
[1.227s] [ 76%] Built target message_interface__py
[1.260s] [ 84%] Built target message_interface__rosidl_generator_py
[1.345s] [ 89%] Built target message_interface__rosidl_typesupport_introspection_c__pyext
[1.360s] [ 94%] Built target message_interface__rosidl_typesupport_c__pyext
[1.364s] [100%] Built target message_interface__rosidl_typesupport_fastrtps_c__pyext
[1.599s] running egg_info
[1.599s] writing message_interface.egg-info/PKG-INFO
[1.599s] writing dependency_links to message_interface.egg-info/dependency_links.txt
[1.599s] writing top-level names to message_interface.egg-info/top_level.txt
[1.603s] reading manifest file 'message_interface.egg-info/SOURCES.txt'
[1.605s] writing manifest file 'message_interface.egg-info/SOURCES.txt'
[1.651s] [100%] Built target ament_cmake_python_build_message_interface_egg
[2.415s] Invoked command in '/home/robot/robot_ws/build/message_interface' returned '0': CMAKE_PREFIX_PATH=${CMAKE_PREFIX_PATH}:/home/robot/robot_ws/install/urdf_tutorial:/home/robot/turtlebot3_ws/install/turtlebot3_teleop:/home/robot/turtlebot3_ws/install/turtlebot3_example:/opt/ros/humble /usr/bin/cmake --build /home/robot/robot_ws/build/message_interface -- -j4 -l4
[2.784s] Invoking command in '/home/robot/robot_ws/build/message_interface': CMAKE_PREFIX_PATH=${CMAKE_PREFIX_PATH}:/home/robot/robot_ws/install/urdf_tutorial:/home/robot/turtlebot3_ws/install/turtlebot3_teleop:/home/robot/turtlebot3_ws/install/turtlebot3_example:/opt/ros/humble /usr/bin/cmake --install /home/robot/robot_ws/build/message_interface
[2.812s] -- Install configuration: "Debug"
[2.812s] -- Execute custom install script
[2.812s] -- Up-to-date symlink: /home/robot/robot_ws/install/message_interface/share/ament_index/resource_index/rosidl_interfaces/message_interface
[2.812s] -- Up-to-date symlink: /home/robot/robot_ws/install/message_interface/include/message_interface/message_interface/msg/detail/iscoast__functions.h
[2.812s] -- Up-to-date symlink: /home/robot/robot_ws/install/message_interface/include/message_interface/message_interface/msg/detail/iscoast__struct.h
[2.812s] -- Up-to-date symlink: /home/robot/robot_ws/install/message_interface/include/message_interface/message_interface/msg/detail/iscoast__type_support.h
[2.812s] -- Up-to-date symlink: /home/robot/robot_ws/install/message_interface/include/message_interface/message_interface/msg/detail/mode__functions.h
[2.812s] -- Up-to-date symlink: /home/robot/robot_ws/install/message_interface/include/message_interface/message_interface/msg/detail/mode__struct.h
[2.812s] -- Up-to-date symlink: /home/robot/robot_ws/install/message_interface/include/message_interface/message_interface/msg/detail/mode__type_support.h
[2.813s] -- Up-to-date symlink: /home/robot/robot_ws/install/message_interface/include/message_interface/message_interface/msg/iscoast.h
[2.813s] -- Up-to-date symlink: /home/robot/robot_ws/install/message_interface/include/message_interface/message_interface/msg/mode.h
[2.813s] -- Up-to-date symlink: /home/robot/robot_ws/install/message_interface/include/message_interface/message_interface/msg/rosidl_generator_c__visibility_control.h
[2.813s] -- Up-to-date symlink: /home/robot/robot_ws/install/message_interface/share/message_interface/environment/library_path.sh
[2.813s] -- Up-to-date symlink: /home/robot/robot_ws/install/message_interface/share/message_interface/environment/library_path.dsv
[2.813s] -- Up-to-date symlink: /home/robot/robot_ws/install/message_interface/include/message_interface/message_interface/msg/detail/iscoast__rosidl_typesupport_fastrtps_c.h
[2.813s] -- Up-to-date symlink: /home/robot/robot_ws/install/message_interface/include/message_interface/message_interface/msg/detail/mode__rosidl_typesupport_fastrtps_c.h
[2.813s] -- Up-to-date symlink: /home/robot/robot_ws/install/message_interface/include/message_interface/message_interface/msg/rosidl_typesupport_fastrtps_c__visibility_control.h
[2.813s] -- Up-to-date symlink: /home/robot/robot_ws/install/message_interface/include/message_interface/message_interface/msg/detail/iscoast__rosidl_typesupport_introspection_c.h
[2.813s] -- Up-to-date symlink: /home/robot/robot_ws/install/message_interface/include/message_interface/message_interface/msg/detail/mode__rosidl_typesupport_introspection_c.h
[2.814s] -- Up-to-date symlink: /home/robot/robot_ws/install/message_interface/include/message_interface/message_interface/msg/rosidl_typesupport_introspection_c__visibility_control.h
[2.815s] -- Up-to-date symlink: /home/robot/robot_ws/install/message_interface/include/message_interface/message_interface/msg/detail/iscoast__builder.hpp
[2.816s] -- Up-to-date symlink: /home/robot/robot_ws/install/message_interface/include/message_interface/message_interface/msg/detail/iscoast__struct.hpp
[2.816s] -- Up-to-date symlink: /home/robot/robot_ws/install/message_interface/include/message_interface/message_interface/msg/detail/iscoast__traits.hpp
[2.816s] -- Up-to-date symlink: /home/robot/robot_ws/install/message_interface/include/message_interface/message_interface/msg/detail/mode__builder.hpp
[2.817s] -- Up-to-date symlink: /home/robot/robot_ws/install/message_interface/include/message_interface/message_interface/msg/detail/mode__struct.hpp
[2.817s] -- Up-to-date symlink: /home/robot/robot_ws/install/message_interface/include/message_interface/message_interface/msg/detail/mode__traits.hpp
[2.817s] -- Up-to-date symlink: /home/robot/robot_ws/install/message_interface/include/message_interface/message_interface/msg/iscoast.hpp
[2.818s] -- Up-to-date symlink: /home/robot/robot_ws/install/message_interface/include/message_interface/message_interface/msg/mode.hpp
[2.819s] -- Up-to-date symlink: /home/robot/robot_ws/install/message_interface/include/message_interface/message_interface/msg/detail/iscoast__rosidl_typesupport_fastrtps_cpp.hpp
[2.819s] -- Up-to-date symlink: /home/robot/robot_ws/install/message_interface/include/message_interface/message_interface/msg/detail/mode__rosidl_typesupport_fastrtps_cpp.hpp
[2.819s] -- Up-to-date symlink: /home/robot/robot_ws/install/message_interface/include/message_interface/message_interface/msg/rosidl_typesupport_fastrtps_cpp__visibility_control.h
[2.820s] -- Up-to-date symlink: /home/robot/robot_ws/install/message_interface/include/message_interface/message_interface/msg/detail/iscoast__rosidl_typesupport_introspection_cpp.hpp
[2.820s] -- Up-to-date symlink: /home/robot/robot_ws/install/message_interface/include/message_interface/message_interface/msg/detail/mode__rosidl_typesupport_introspection_cpp.hpp
[2.824s] -- Up-to-date symlink: /home/robot/robot_ws/install/message_interface/share/message_interface/environment/pythonpath.sh
[2.824s] -- Up-to-date symlink: /home/robot/robot_ws/install/message_interface/share/message_interface/environment/pythonpath.dsv
[2.825s] -- Up-to-date symlink: /home/robot/robot_ws/install/message_interface/local/lib/python3.10/dist-packages/message_interface-0.0.0-py3.10.egg-info/PKG-INFO
[2.828s] -- Up-to-date symlink: /home/robot/robot_ws/install/message_interface/local/lib/python3.10/dist-packages/message_interface-0.0.0-py3.10.egg-info/SOURCES.txt
[2.846s] -- Up-to-date symlink: /home/robot/robot_ws/install/message_interface/local/lib/python3.10/dist-packages/message_interface-0.0.0-py3.10.egg-info/dependency_links.txt
[2.846s] -- Up-to-date symlink: /home/robot/robot_ws/install/message_interface/local/lib/python3.10/dist-packages/message_interface-0.0.0-py3.10.egg-info/top_level.txt
[2.847s] -- Up-to-date symlink: /home/robot/robot_ws/install/message_interface/local/lib/python3.10/dist-packages/message_interface/__init__.py
[2.847s] -- Up-to-date symlink: /home/robot/robot_ws/install/message_interface/local/lib/python3.10/dist-packages/message_interface/_message_interface_s.ep.rosidl_typesupport_c.c
[2.847s] -- Up-to-date symlink: /home/robot/robot_ws/install/message_interface/local/lib/python3.10/dist-packages/message_interface/_message_interface_s.ep.rosidl_typesupport_fastrtps_c.c
[2.847s] -- Up-to-date symlink: /home/robot/robot_ws/install/message_interface/local/lib/python3.10/dist-packages/message_interface/_message_interface_s.ep.rosidl_typesupport_introspection_c.c
[2.847s] -- Up-to-date symlink: /home/robot/robot_ws/install/message_interface/local/lib/python3.10/dist-packages/message_interface/libmessage_interface__rosidl_generator_py.so
[2.847s] -- Up-to-date symlink: /home/robot/robot_ws/install/message_interface/local/lib/python3.10/dist-packages/message_interface/message_interface_s__rosidl_typesupport_c.cpython-310-x86_64-linux-gnu.so
[2.847s] -- Up-to-date symlink: /home/robot/robot_ws/install/message_interface/local/lib/python3.10/dist-packages/message_interface/message_interface_s__rosidl_typesupport_fastrtps_c.cpython-310-x86_64-linux-gnu.so
[2.847s] -- Up-to-date symlink: /home/robot/robot_ws/install/message_interface/local/lib/python3.10/dist-packages/message_interface/message_interface_s__rosidl_typesupport_introspection_c.cpython-310-x86_64-linux-gnu.so
[2.847s] -- Up-to-date symlink: /home/robot/robot_ws/install/message_interface/local/lib/python3.10/dist-packages/message_interface/msg/__init__.py
[2.848s] -- Up-to-date symlink: /home/robot/robot_ws/install/message_interface/local/lib/python3.10/dist-packages/message_interface/msg/_iscoast.py
[2.848s] -- Up-to-date symlink: /home/robot/robot_ws/install/message_interface/local/lib/python3.10/dist-packages/message_interface/msg/_iscoast_s.c
[2.848s] -- Up-to-date symlink: /home/robot/robot_ws/install/message_interface/local/lib/python3.10/dist-packages/message_interface/msg/_mode.py
[2.848s] -- Up-to-date symlink: /home/robot/robot_ws/install/message_interface/local/lib/python3.10/dist-packages/message_interface/msg/_mode_s.c
[2.848s] -- Up-to-date symlink: /home/robot/robot_ws/install/message_interface/local/lib/python3.10/dist-packages/message_interface/message_interface_s__rosidl_typesupport_fastrtps_c.cpython-310-x86_64-linux-gnu.so
[2.853s] -- Up-to-date symlink: /home/robot/robot_ws/install/message_interface/local/lib/python3.10/dist-packages/message_interface/message_interface_s__rosidl_typesupport_introspection_c.cpython-310-x86_64-linux-gnu.so
[2.856s] -- Up-to-date symlink: /home/robot/robot_ws/install/message_interface/local/lib/python3.10/dist-packages/message_interface/message_interface_s__rosidl_typesupport_c.cpython-310-x86_64-linux-gnu.so
[2.856s] -- Up-to-date symlink: /home/robot/robot_ws/install/message_interface/share/message_interface/msg/Mode.idl
[2.856s] -- Up-to-date symlink: /home/robot/robot_ws/install/message_interface/share/message_interface/msg/Iscoast.idl
[2.856s] -- Up-to-date symlink: /home/robot/robot_ws/install/message_interface/share/message_interface/msg/Mode.msg
[2.859s] -- Up-to-date symlink: /home/robot/robot_ws/install/message_interface/share/message_interface/msg/Iscoast.msg
[2.859s] -- Up-to-date symlink: /home/robot/robot_ws/install/message_interface/share/ament_index/resource_index/package_run_dependencies/message_interface
[2.859s] -- Up-to-date symlink: /home/robot/robot_ws/install/message_interface/share/ament_index/resource_index/parent_prefix_path/message_interface
[2.859s] -- Up-to-date symlink: /home/robot/robot_ws/install/message_interface/share/message_interface/environment/ament_prefix_path.sh
[2.860s] -- Up-to-date symlink: /home/robot/robot_ws/install/message_interface/share/message_interface/environment/ament_prefix_path.dsv
[2.860s] -- Up-to-date symlink: /home/robot/robot_ws/install/message_interface/share/message_interface/environment/path.sh
[2.861s] -- Up-to-date symlink: /home/robot/robot_ws/install/message_interface/share/message_interface/environment/path.dsv
[2.862s] -- Up-to-date symlink: /home/robot/robot_ws/install/message_interface/share/message_interface/local_setup.bash
[2.866s] -- Up-to-date symlink: /home/robot/robot_ws/install/message_interface/share/message_interface/local_setup.sh
[2.866s] -- Up-to-date symlink: /home/robot/robot_ws/install/message_interface/share/message_interface/local_setup.zsh
[2.866s] -- Up-to-date symlink: /home/robot/robot_ws/install/message_interface/share/message_interface/local_setup.dsv
[2.867s] -- Symlinking: /home/robot/robot_ws/install/message_interface/share/message_interface/package.dsv
[2.894s] -- Up-to-date symlink: /home/robot/robot_ws/install/message_interface/share/ament_index/resource_index/packages/message_interface
[2.894s] -- Up-to-date symlink: /home/robot/robot_ws/install/message_interface/share/message_interface/cmake/rosidl_cmake-extras.cmake
[2.894s] -- Up-to-date symlink: /home/robot/robot_ws/install/message_interface/share/message_interface/cmake/ament_cmake_export_include_directories-extras.cmake
[2.894s] -- Up-to-date symlink: /home/robot/robot_ws/install/message_interface/share/message_interface/cmake/ament_cmake_export_libraries-extras.cmake
[2.894s] -- Up-to-date symlink: /home/robot/robot_ws/install/message_interface/share/message_interface/cmake/ament_cmake_export_targets-extras.cmake
[2.894s] -- Up-to-date symlink: /home/robot/robot_ws/install/message_interface/share/message_interface/cmake/rosidl_cmake_export_typesupport_targets-extras.cmake
[2.894s] -- Up-to-date symlink: /home/robot/robot_ws/install/message_interface/share/message_interface/cmake/ament_cmake_export_dependencies-extras.cmake
[2.894s] -- Up-to-date symlink: /home/robot/robot_ws/install/message_interface/share/message_interface/cmake/rosidl_cmake_export_typesupport_libraries-extras.cmake
[2.894s] -- Up-to-date symlink: /home/robot/robot_ws/install/message_interface/share/message_interface/cmake/message_interfaceConfig.cmake
[2.894s] -- Up-to-date symlink: /home/robot/robot_ws/install/message_interface/share/message_interface/cmake/message_interfaceConfig-version.cmake
[2.895s] -- Up-to-date symlink: /home/robot/robot_ws/install/message_interface/share/message_interface/package.xml
[2.895s] -- Up-to-date: /home/robot/robot_ws/install/message_interface/lib/libmessage_interface__rosidl_generator_c.so
[2.895s] -- Up-to-date: /home/robot/robot_ws/install/message_interface/lib/libmessage_interface__rosidl_typesupport_fastrtps_c.so
[2.895s] -- Up-to-date: /home/robot/robot_ws/install/message_interface/lib/libmessage_interface__rosidl_typesupport_introspection_c.so
[2.895s] -- Up-to-date: /home/robot/robot_ws/install/message_interface/lib/libmessage_interface__rosidl_typesupport_c.so
[2.895s] -- Up-to-date: /home/robot/robot_ws/install/message_interface/lib/libmessage_interface__rosidl_typesupport_fastrtps_cpp.so
[2.895s] -- Up-to-date: /home/robot/robot_ws/install/message_interface/lib/libmessage_interface__rosidl_typesupport_introspection_cpp.so
[2.895s] -- Up-to-date: /home/robot/robot_ws/install/message_interface/lib/libmessage_interface__rosidl_typesupport_cpp.so
[3.031s] Listing '/home/robot/robot_ws/install/message_interface/local/lib/python3.10/dist-packages/message_interface'...
[3.031s] Listing '/home/robot/robot_ws/install/message_interface/local/lib/python3.10/dist-packages/message_interface/msg'...
[3.044s] -- Up-to-date: /home/robot/robot_ws/install/message_interface/lib/libmessage_interface__rosidl_generator_py.so
[3.044s] -- Up-to-date: /home/robot/robot_ws/install/message_interface/share/message_interface/cmake/export_message_interface__rosidl_generator_cExport.cmake
[3.044s] -- Up-to-date: /home/robot/robot_ws/install/message_interface/share/message_interface/cmake/export_message_interface__rosidl_generator_cExport-debug.cmake
[3.045s] -- Up-to-date: /home/robot/robot_ws/install/message_interface/share/message_interface/cmake/export_message_interface__rosidl_typesupport_fastrtps_cExport.cmake
[3.045s] -- Up-to-date: /home/robot/robot_ws/install/message_interface/share/message_interface/cmake/export_message_interface__rosidl_typesupport_fastrtps_cExport-debug.cmake
[3.046s] -- Up-to-date: /home/robot/robot_ws/install/message_interface/share/message_interface/cmake/message_interface__rosidl_typesupport_introspection_cExport.cmake
[3.046s] -- Up-to-date: /home/robot/robot_ws/install/message_interface/share/message_interface/cmake/message_interface__rosidl_typesupport_introspection_cExport-debug.cmake
[3.046s] -- Up-to-date: /home/robot/robot_ws/install/message_interface/share/message_interface/cmake/message_interface__rosidl_typesupport_cExport.cmake
[3.047s] -- Up-to-date: /home/robot/robot_ws/install/message_interface/share/message_interface/cmake/message_interface__rosidl_typesupport_cExport-debug.cmake
[3.047s] -- Up-to-date: /home/robot/robot_ws/install/message_interface/share/message_interface/cmake/export_message_interface__rosidl_generator_cppExport.cmake
[3.047s] -- Up-to-date: /home/robot/robot_ws/install/message_interface/share/message_interface/cmake/export_message_interface__rosidl_typesupport_fastrtps_cppExport.cmake
[3.047s] -- Up-to-date: /home/robot/robot_ws/install/message_interface/share/message_interface/cmake/export_message_interface__rosidl_typesupport_fastrtps_cppExport-debug.cmake
[3.048s] -- Up-to-date: /home/robot/robot_ws/install/message_interface/share/message_interface/cmake/message_interface__rosidl_typesupport_introspection_cppExport.cmake
[3.048s] -- Up-to-date: /home/robot/robot_ws/install/message_interface/share/message_interface/cmake/message_interface__rosidl_typesupport_introspection_cppExport-debug.cmake
[3.048s] -- Up-to-date: /home/robot/robot_ws/install/message_interface/share/message_interface/cmake/message_interface__rosidl_typesupport_cppExport.cmake
[3.049s] -- Up-to-date: /home/robot/robot_ws/install/message_interface/share/message_interface/cmake/message_interface__rosidl_typesupport_cppExport-debug.cmake
[3.049s] -- Up-to-date: /home/robot/robot_ws/install/message_interface/share/message_interface/cmake/export_message_interface__rosidl_generator_pyExport.cmake
[3.049s] -- Up-to-date: /home/robot/robot_ws/install/message_interface/share/message_interface/cmake/export_message_interface__rosidl_generator_pyExport-debug.cmake
[3.080s] Invoked command in '/home/robot/robot_ws/build/message_interface' returned '0': CMAKE_PREFIX_PATH=${CMAKE_PREFIX_PATH}:/home/robot/robot_ws/install/urdf_tutorial:/home/robot/turtlebot3_ws/install/turtlebot3_teleop:/home/robot/turtlebot3_ws/install/turtlebot3_example:/opt/ros/humble /usr/bin/cmake --install /home/robot/robot_ws/build/message_interface
