-- Found ament_cmake: 1.3.7 (/opt/ros/humble/share/ament_cmake/cmake)
-- Found rclcpp: 16.0.8 (/opt/ros/humble/share/rclcpp/cmake)
-- Found rosidl_generator_c: 3.1.5 (/opt/ros/humble/share/rosidl_generator_c/cmake)
-- Found rosidl_adapter: 3.1.5 (/opt/ros/humble/share/rosidl_adapter/cmake)
-- Found rosidl_generator_cpp: 3.1.5 (/opt/ros/humble/share/rosidl_generator_cpp/cmake)
-- Using all available rosidl_typesupport_c: rosidl_typesupport_fastrtps_c;rosidl_typesupport_introspection_c
-- Using all available rosidl_typesupport_cpp: rosidl_typesupport_fastrtps_cpp;rosidl_typesupport_introspection_cpp
-- Found rmw_implementation_cmake: 6.1.1 (/opt/ros/humble/share/rmw_implementation_cmake/cmake)
-- Found rmw_fastrtps_cpp: 6.2.6 (/opt/ros/humble/share/rmw_fastrtps_cpp/cmake)
-- Using RMW implementation 'rmw_fastrtps_cpp' as default
-- Found sensor_msgs: 4.2.3 (/opt/ros/humble/share/sensor_msgs/cmake)
-- Configuring done
-- Generating done
-- Build files have been written to: /home/robot/robot_ws/build/gl_ros2_driver_udp
[35m[1mConsolidate compiler generated dependencies of target gl_driver[0m
[35m[1mConsolidate compiler generated dependencies of target serial[0m
[35m[1mConsolidate compiler generated dependencies of target udp[0m
[ 18%] Built target gl_driver
[ 63%] Built target serial
[ 81%] Built target udp
[35m[1mConsolidate compiler generated dependencies of target gl_ros2_driver_udp_node[0m
[100%] Built target gl_ros2_driver_udp_node
-- Install configuration: "Debug"
-- Up-to-date: /home/robot/robot_ws/install/gl_ros2_driver_udp/lib/gl_ros2_driver_udp/gl_ros2_driver_udp_node
-- Up-to-date: /home/robot/robot_ws/install/gl_ros2_driver_udp/share/gl_ros2_driver_udp/launch
-- Up-to-date: /home/robot/robot_ws/install/gl_ros2_driver_udp/share/gl_ros2_driver_udp/launch/__pycache__
-- Up-to-date: /home/robot/robot_ws/install/gl_ros2_driver_udp/share/gl_ros2_driver_udp/launch/__pycache__/gl_ros2_driver_udp.cpython-310.pyc
-- Up-to-date: /home/robot/robot_ws/install/gl_ros2_driver_udp/share/gl_ros2_driver_udp/launch/gl_ros2_driver_udp.py
-- Up-to-date: /home/robot/robot_ws/install/gl_ros2_driver_udp/share/gl_ros2_driver_udp/launch/view_gl_ros2_driver_udp.py
-- Up-to-date: /home/robot/robot_ws/install/gl_ros2_driver_udp/share/gl_ros2_driver_udp/rviz
-- Up-to-date: /home/robot/robot_ws/install/gl_ros2_driver_udp/share/gl_ros2_driver_udp/rviz/config.rviz
-- Up-to-date: /home/robot/robot_ws/install/gl_ros2_driver_udp/share/ament_index/resource_index/package_run_dependencies/gl_ros2_driver_udp
-- Installing: /home/robot/robot_ws/install/gl_ros2_driver_udp/share/ament_index/resource_index/parent_prefix_path/gl_ros2_driver_udp
-- Up-to-date: /home/robot/robot_ws/install/gl_ros2_driver_udp/share/gl_ros2_driver_udp/environment/ament_prefix_path.sh
-- Installing: /home/robot/robot_ws/install/gl_ros2_driver_udp/share/gl_ros2_driver_udp/environment/ament_prefix_path.dsv
-- Up-to-date: /home/robot/robot_ws/install/gl_ros2_driver_udp/share/gl_ros2_driver_udp/environment/path.sh
-- Installing: /home/robot/robot_ws/install/gl_ros2_driver_udp/share/gl_ros2_driver_udp/environment/path.dsv
-- Up-to-date: /home/robot/robot_ws/install/gl_ros2_driver_udp/share/gl_ros2_driver_udp/local_setup.bash
-- Up-to-date: /home/robot/robot_ws/install/gl_ros2_driver_udp/share/gl_ros2_driver_udp/local_setup.sh
-- Up-to-date: /home/robot/robot_ws/install/gl_ros2_driver_udp/share/gl_ros2_driver_udp/local_setup.zsh
-- Installing: /home/robot/robot_ws/install/gl_ros2_driver_udp/share/gl_ros2_driver_udp/local_setup.dsv
-- Installing: /home/robot/robot_ws/install/gl_ros2_driver_udp/share/gl_ros2_driver_udp/package.dsv
-- Up-to-date: /home/robot/robot_ws/install/gl_ros2_driver_udp/share/ament_index/resource_index/packages/gl_ros2_driver_udp
-- Up-to-date: /home/robot/robot_ws/install/gl_ros2_driver_udp/share/gl_ros2_driver_udp/cmake/gl_ros2_driver_udpConfig.cmake
-- Up-to-date: /home/robot/robot_ws/install/gl_ros2_driver_udp/share/gl_ros2_driver_udp/cmake/gl_ros2_driver_udpConfig-version.cmake
-- Up-to-date: /home/robot/robot_ws/install/gl_ros2_driver_udp/share/gl_ros2_driver_udp/package.xml
