-- Found ament_cmake: 1.3.7 (/opt/ros/humble/share/ament_cmake/cmake)
-- Found rclcpp: 16.0.8 (/opt/ros/humble/share/rclcpp/cmake)
-- Found rosidl_generator_c: 3.1.5 (/opt/ros/humble/share/rosidl_generator_c/cmake)
-- Found rosidl_adapter: 3.1.5 (/opt/ros/humble/share/rosidl_adapter/cmake)
-- Found rosidl_generator_cpp: 3.1.5 (/opt/ros/humble/share/rosidl_generator_cpp/cmake)
-- Using all available rosidl_typesupport_c: rosidl_typesupport_fastrtps_c;rosidl_typesupport_introspection_c
-- Using all available rosidl_typesupport_cpp: rosidl_typesupport_fastrtps_cpp;rosidl_typesupport_introspection_cpp
-- Found rmw_implementation_cmake: 6.1.1 (/opt/ros/humble/share/rmw_implementation_cmake/cmake)
-- Found rmw_fastrtps_cpp: 6.2.6 (/opt/ros/humble/share/rmw_fastrtps_cpp/cmake)
-- Using RMW implementation 'rmw_fastrtps_cpp' as default
-- Found sensor_msgs: 4.2.3 (/opt/ros/humble/share/sensor_msgs/cmake)
-- Found ament_lint_auto: 0.12.10 (/opt/ros/humble/share/ament_lint_auto/cmake)
-- Configuring done
-- Generating done
-- Build files have been written to: /home/robot/robot_ws/build/ld08_driver
[35m[1mConsolidate compiler generated dependencies of target ld08_driver[0m
[ 16%] [32mBuilding CXX object CMakeFiles/ld08_driver.dir/src/lipkg.cpp.o[0m
[ 33%] [32mBuilding CXX object CMakeFiles/ld08_driver.dir/src/transform.cpp.o[0m
[01m[K/home/robot/robot_ws/src/ld08_driver/src/transform.cpp:[m[K In constructor ‘[01m[KSlTransform::SlTransform(LDVersion, bool)[m[K’:
[01m[K/home/robot/robot_ws/src/ld08_driver/src/transform.cpp:30:50:[m[K [01;35m[Kwarning: [m[Kunused parameter ‘[01m[Kto_right_hand[m[K’ [[01;35m[K]8;;https://gcc.gnu.org/onlinedocs/gcc/Warning-Options.html#index-Wunused-parameter-Wunused-parameter]8;;[m[K]
   30 | SlTransform::SlTransform(LDVersion version, [01;35m[Kbool to_right_hand[m[K)
      |                                             [01;35m[K~~~~~^~~~~~~~~~~~~[m[K
[ 50%] [32mBuilding CXX object CMakeFiles/ld08_driver.dir/src/slbf.cpp.o[0m
[ 66%] [32mBuilding CXX object CMakeFiles/ld08_driver.dir/src/main.cpp.o[0m
[ 83%] [32m[1mLinking CXX executable ld08_driver[0m
[100%] Built target ld08_driver
-- Install configuration: "Debug"
-- Up-to-date: /home/robot/robot_ws/install/ld08_driver/share/ld08_driver/launch
-- Up-to-date: /home/robot/robot_ws/install/ld08_driver/share/ld08_driver/launch/ld08.launch.py
-- Installing: /home/robot/robot_ws/install/ld08_driver/lib/ld08_driver/ld08_driver
-- Set runtime path of "/home/robot/robot_ws/install/ld08_driver/lib/ld08_driver/ld08_driver" to ""
-- Up-to-date: /home/robot/robot_ws/install/ld08_driver/share/ament_index/resource_index/package_run_dependencies/ld08_driver
-- Installing: /home/robot/robot_ws/install/ld08_driver/share/ament_index/resource_index/parent_prefix_path/ld08_driver
-- Up-to-date: /home/robot/robot_ws/install/ld08_driver/share/ld08_driver/environment/ament_prefix_path.sh
-- Installing: /home/robot/robot_ws/install/ld08_driver/share/ld08_driver/environment/ament_prefix_path.dsv
-- Up-to-date: /home/robot/robot_ws/install/ld08_driver/share/ld08_driver/environment/path.sh
-- Installing: /home/robot/robot_ws/install/ld08_driver/share/ld08_driver/environment/path.dsv
-- Up-to-date: /home/robot/robot_ws/install/ld08_driver/share/ld08_driver/local_setup.bash
-- Up-to-date: /home/robot/robot_ws/install/ld08_driver/share/ld08_driver/local_setup.sh
-- Up-to-date: /home/robot/robot_ws/install/ld08_driver/share/ld08_driver/local_setup.zsh
-- Installing: /home/robot/robot_ws/install/ld08_driver/share/ld08_driver/local_setup.dsv
-- Installing: /home/robot/robot_ws/install/ld08_driver/share/ld08_driver/package.dsv
-- Up-to-date: /home/robot/robot_ws/install/ld08_driver/share/ament_index/resource_index/packages/ld08_driver
-- Up-to-date: /home/robot/robot_ws/install/ld08_driver/share/ld08_driver/cmake/ament_cmake_export_dependencies-extras.cmake
-- Up-to-date: /home/robot/robot_ws/install/ld08_driver/share/ld08_driver/cmake/ament_cmake_export_include_directories-extras.cmake
-- Up-to-date: /home/robot/robot_ws/install/ld08_driver/share/ld08_driver/cmake/ld08_driverConfig.cmake
-- Up-to-date: /home/robot/robot_ws/install/ld08_driver/share/ld08_driver/cmake/ld08_driverConfig-version.cmake
-- Up-to-date: /home/robot/robot_ws/install/ld08_driver/share/ld08_driver/package.xml
