[0.999s] DEBUG:colcon:Command line arguments: ['/usr/bin/colcon', 'build', '--cmake-args', '-DCMAKE_BUILD_TYPE=Debug']
[0.999s] DEBUG:colcon:Parsed command line arguments: Namespace(log_base=None, log_level=None, verb_name='build', build_base='build', install_base='install', merge_install=False, symlink_install=False, test_result_base=None, continue_on_error=False, executor='parallel', parallel_workers=4, event_handlers=None, ignore_user_meta=False, metas=['./colcon.meta'], base_paths=['.'], packages_ignore=None, packages_ignore_regex=None, paths=None, packages_up_to=None, packages_up_to_regex=None, packages_above=None, packages_above_and_dependencies=None, packages_above_depth=None, packages_select_by_dep=None, packages_skip_by_dep=None, packages_skip_up_to=None, packages_select_build_failed=False, packages_skip_build_finished=False, packages_select_test_failures=False, packages_skip_test_passed=False, packages_select=None, packages_skip=None, packages_select_regex=None, packages_skip_regex=None, packages_start=None, packages_end=None, allow_overriding=[], cmake_args=['-DCMAKE_BUILD_TYPE=Debug'], cmake_target=None, cmake_target_skip_unavailable=False, cmake_clean_cache=False, cmake_clean_first=False, cmake_force_configure=False, ament_cmake_args=None, catkin_cmake_args=None, catkin_skip_building_tests=False, verb_parser=<colcon_defaults.argument_parser.defaults.DefaultArgumentsDecorator object at 0x7fd72125bf40>, verb_extension=<colcon_core.verb.build.BuildVerb object at 0x7fd7216d6dd0>, main=<bound method BuildVerb.main of <colcon_core.verb.build.BuildVerb object at 0x7fd7216d6dd0>>)
[1.047s] Level 1:colcon.colcon_core.package_discovery:discover_packages(colcon_meta) check parameters
[1.047s] Level 1:colcon.colcon_core.package_discovery:discover_packages(recursive) check parameters
[1.047s] Level 1:colcon.colcon_core.package_discovery:discover_packages(ignore) check parameters
[1.047s] Level 1:colcon.colcon_core.package_discovery:discover_packages(path) check parameters
[1.047s] Level 1:colcon.colcon_core.package_discovery:discover_packages(colcon_meta) discover
[1.047s] Level 1:colcon.colcon_core.package_discovery:discover_packages(recursive) discover
[1.047s] INFO:colcon.colcon_core.package_discovery:Crawling recursively for packages in '/home/robot/robot_ws'
[1.047s] Level 1:colcon.colcon_core.package_identification:_identify(.) by extensions ['ignore', 'ignore_ament_install']
[1.047s] Level 1:colcon.colcon_core.package_identification:_identify(.) by extension 'ignore'
[1.047s] Level 1:colcon.colcon_core.package_identification:_identify(.) by extension 'ignore_ament_install'
[1.047s] Level 1:colcon.colcon_core.package_identification:_identify(.) by extensions ['colcon_pkg']
[1.047s] Level 1:colcon.colcon_core.package_identification:_identify(.) by extension 'colcon_pkg'
[1.047s] Level 1:colcon.colcon_core.package_identification:_identify(.) by extensions ['colcon_meta']
[1.048s] Level 1:colcon.colcon_core.package_identification:_identify(.) by extension 'colcon_meta'
[1.048s] Level 1:colcon.colcon_core.package_identification:_identify(.) by extensions ['ros']
[1.048s] Level 1:colcon.colcon_core.package_identification:_identify(.) by extension 'ros'
[1.060s] Level 1:colcon.colcon_core.package_identification:_identify(.) by extensions ['cmake', 'python']
[1.060s] Level 1:colcon.colcon_core.package_identification:_identify(.) by extension 'cmake'
[1.060s] Level 1:colcon.colcon_core.package_identification:_identify(.) by extension 'python'
[1.060s] Level 1:colcon.colcon_core.package_identification:_identify(.) by extensions ['python_setup_py']
[1.060s] Level 1:colcon.colcon_core.package_identification:_identify(.) by extension 'python_setup_py'
[1.060s] Level 1:colcon.colcon_core.package_identification:_identify(build) by extensions ['ignore', 'ignore_ament_install']
[1.060s] Level 1:colcon.colcon_core.package_identification:_identify(build) by extension 'ignore'
[1.060s] Level 1:colcon.colcon_core.package_identification:_identify(build) ignored
[1.060s] Level 1:colcon.colcon_core.package_identification:_identify(install) by extensions ['ignore', 'ignore_ament_install']
[1.061s] Level 1:colcon.colcon_core.package_identification:_identify(install) by extension 'ignore'
[1.061s] Level 1:colcon.colcon_core.package_identification:_identify(install) ignored
[1.061s] Level 1:colcon.colcon_core.package_identification:_identify(log) by extensions ['ignore', 'ignore_ament_install']
[1.061s] Level 1:colcon.colcon_core.package_identification:_identify(log) by extension 'ignore'
[1.061s] Level 1:colcon.colcon_core.package_identification:_identify(log) ignored
[1.061s] Level 1:colcon.colcon_core.package_identification:_identify(src) by extensions ['ignore', 'ignore_ament_install']
[1.061s] Level 1:colcon.colcon_core.package_identification:_identify(src) by extension 'ignore'
[1.061s] Level 1:colcon.colcon_core.package_identification:_identify(src) by extension 'ignore_ament_install'
[1.061s] Level 1:colcon.colcon_core.package_identification:_identify(src) by extensions ['colcon_pkg']
[1.061s] Level 1:colcon.colcon_core.package_identification:_identify(src) by extension 'colcon_pkg'
[1.061s] Level 1:colcon.colcon_core.package_identification:_identify(src) by extensions ['colcon_meta']
[1.061s] Level 1:colcon.colcon_core.package_identification:_identify(src) by extension 'colcon_meta'
[1.061s] Level 1:colcon.colcon_core.package_identification:_identify(src) by extensions ['ros']
[1.062s] Level 1:colcon.colcon_core.package_identification:_identify(src) by extension 'ros'
[1.062s] Level 1:colcon.colcon_core.package_identification:_identify(src) by extensions ['cmake', 'python']
[1.062s] Level 1:colcon.colcon_core.package_identification:_identify(src) by extension 'cmake'
[1.062s] Level 1:colcon.colcon_core.package_identification:_identify(src) by extension 'python'
[1.062s] Level 1:colcon.colcon_core.package_identification:_identify(src) by extensions ['python_setup_py']
[1.062s] Level 1:colcon.colcon_core.package_identification:_identify(src) by extension 'python_setup_py'
[1.062s] Level 1:colcon.colcon_core.package_identification:_identify(src/my_first_ros_rclcpp_pkg) by extensions ['ignore', 'ignore_ament_install']
[1.062s] Level 1:colcon.colcon_core.package_identification:_identify(src/my_first_ros_rclcpp_pkg) by extension 'ignore'
[1.062s] Level 1:colcon.colcon_core.package_identification:_identify(src/my_first_ros_rclcpp_pkg) by extension 'ignore_ament_install'
[1.062s] Level 1:colcon.colcon_core.package_identification:_identify(src/my_first_ros_rclcpp_pkg) by extensions ['colcon_pkg']
[1.062s] Level 1:colcon.colcon_core.package_identification:_identify(src/my_first_ros_rclcpp_pkg) by extension 'colcon_pkg'
[1.062s] Level 1:colcon.colcon_core.package_identification:_identify(src/my_first_ros_rclcpp_pkg) by extensions ['colcon_meta']
[1.062s] Level 1:colcon.colcon_core.package_identification:_identify(src/my_first_ros_rclcpp_pkg) by extension 'colcon_meta'
[1.062s] Level 1:colcon.colcon_core.package_identification:_identify(src/my_first_ros_rclcpp_pkg) by extensions ['ros']
[1.062s] Level 1:colcon.colcon_core.package_identification:_identify(src/my_first_ros_rclcpp_pkg) by extension 'ros'
[1.066s] DEBUG:colcon.colcon_core.package_identification:Package 'src/my_first_ros_rclcpp_pkg' with type 'ros.ament_cmake' and name 'my_first_ros_rclcpp_pkg'
[1.066s] Level 1:colcon.colcon_core.package_identification:_identify(src/safeway_robot_controll_packet_RS485) by extensions ['ignore', 'ignore_ament_install']
[1.066s] Level 1:colcon.colcon_core.package_identification:_identify(src/safeway_robot_controll_packet_RS485) by extension 'ignore'
[1.066s] Level 1:colcon.colcon_core.package_identification:_identify(src/safeway_robot_controll_packet_RS485) by extension 'ignore_ament_install'
[1.066s] Level 1:colcon.colcon_core.package_identification:_identify(src/safeway_robot_controll_packet_RS485) by extensions ['colcon_pkg']
[1.066s] Level 1:colcon.colcon_core.package_identification:_identify(src/safeway_robot_controll_packet_RS485) by extension 'colcon_pkg'
[1.066s] Level 1:colcon.colcon_core.package_identification:_identify(src/safeway_robot_controll_packet_RS485) by extensions ['colcon_meta']
[1.066s] Level 1:colcon.colcon_core.package_identification:_identify(src/safeway_robot_controll_packet_RS485) by extension 'colcon_meta'
[1.066s] Level 1:colcon.colcon_core.package_identification:_identify(src/safeway_robot_controll_packet_RS485) by extensions ['ros']
[1.066s] Level 1:colcon.colcon_core.package_identification:_identify(src/safeway_robot_controll_packet_RS485) by extension 'ros'
[1.067s] DEBUG:colcon.colcon_core.package_identification:Package 'src/safeway_robot_controll_packet_RS485' with type 'ros.ament_cmake' and name 'safeway_robot_controll_packet_RS485'
[1.067s] Level 1:colcon.colcon_core.package_discovery:discover_packages(recursive) using defaults
[1.067s] Level 1:colcon.colcon_core.package_discovery:discover_packages(ignore) discover
[1.067s] Level 1:colcon.colcon_core.package_discovery:discover_packages(ignore) using defaults
[1.067s] Level 1:colcon.colcon_core.package_discovery:discover_packages(path) discover
[1.067s] Level 1:colcon.colcon_core.package_discovery:discover_packages(path) using defaults
[1.166s] Level 1:colcon.colcon_core.package_discovery:discover_packages(prefix_path) check parameters
[1.166s] Level 1:colcon.colcon_core.package_discovery:discover_packages(prefix_path) discover
[1.196s] DEBUG:colcon.colcon_installed_package_information.package_discovery:Found 2 installed packages in /home/robot/robot_ws/install
[1.213s] DEBUG:colcon.colcon_installed_package_information.package_discovery:Found 307 installed packages in /opt/ros/humble
[1.215s] Level 1:colcon.colcon_core.package_discovery:discover_packages(prefix_path) using defaults
[1.311s] Level 5:colcon.colcon_core.verb:set package 'my_first_ros_rclcpp_pkg' build argument 'cmake_args' from command line to '['-DCMAKE_BUILD_TYPE=Debug']'
[1.311s] Level 5:colcon.colcon_core.verb:set package 'my_first_ros_rclcpp_pkg' build argument 'cmake_target' from command line to 'None'
[1.311s] Level 5:colcon.colcon_core.verb:set package 'my_first_ros_rclcpp_pkg' build argument 'cmake_target_skip_unavailable' from command line to 'False'
[1.311s] Level 5:colcon.colcon_core.verb:set package 'my_first_ros_rclcpp_pkg' build argument 'cmake_clean_cache' from command line to 'False'
[1.311s] Level 5:colcon.colcon_core.verb:set package 'my_first_ros_rclcpp_pkg' build argument 'cmake_clean_first' from command line to 'False'
[1.311s] Level 5:colcon.colcon_core.verb:set package 'my_first_ros_rclcpp_pkg' build argument 'cmake_force_configure' from command line to 'False'
[1.311s] Level 5:colcon.colcon_core.verb:set package 'my_first_ros_rclcpp_pkg' build argument 'ament_cmake_args' from command line to 'None'
[1.311s] Level 5:colcon.colcon_core.verb:set package 'my_first_ros_rclcpp_pkg' build argument 'catkin_cmake_args' from command line to 'None'
[1.311s] Level 5:colcon.colcon_core.verb:set package 'my_first_ros_rclcpp_pkg' build argument 'catkin_skip_building_tests' from command line to 'False'
[1.311s] DEBUG:colcon.colcon_core.verb:Building package 'my_first_ros_rclcpp_pkg' with the following arguments: {'ament_cmake_args': None, 'build_base': '/home/robot/robot_ws/build/my_first_ros_rclcpp_pkg', 'catkin_cmake_args': None, 'catkin_skip_building_tests': False, 'cmake_args': ['-DCMAKE_BUILD_TYPE=Debug'], 'cmake_clean_cache': False, 'cmake_clean_first': False, 'cmake_force_configure': False, 'cmake_target': None, 'cmake_target_skip_unavailable': False, 'install_base': '/home/robot/robot_ws/install/my_first_ros_rclcpp_pkg', 'merge_install': False, 'path': '/home/robot/robot_ws/src/my_first_ros_rclcpp_pkg', 'symlink_install': False, 'test_result_base': None}
[1.330s] Level 5:colcon.colcon_core.verb:set package 'safeway_robot_controll_packet_RS485' build argument 'cmake_args' from command line to '['-DCMAKE_BUILD_TYPE=Debug']'
[1.330s] Level 5:colcon.colcon_core.verb:set package 'safeway_robot_controll_packet_RS485' build argument 'cmake_target' from command line to 'None'
[1.330s] Level 5:colcon.colcon_core.verb:set package 'safeway_robot_controll_packet_RS485' build argument 'cmake_target_skip_unavailable' from command line to 'False'
[1.330s] Level 5:colcon.colcon_core.verb:set package 'safeway_robot_controll_packet_RS485' build argument 'cmake_clean_cache' from command line to 'False'
[1.330s] Level 5:colcon.colcon_core.verb:set package 'safeway_robot_controll_packet_RS485' build argument 'cmake_clean_first' from command line to 'False'
[1.330s] Level 5:colcon.colcon_core.verb:set package 'safeway_robot_controll_packet_RS485' build argument 'cmake_force_configure' from command line to 'False'
[1.330s] Level 5:colcon.colcon_core.verb:set package 'safeway_robot_controll_packet_RS485' build argument 'ament_cmake_args' from command line to 'None'
[1.330s] Level 5:colcon.colcon_core.verb:set package 'safeway_robot_controll_packet_RS485' build argument 'catkin_cmake_args' from command line to 'None'
[1.330s] Level 5:colcon.colcon_core.verb:set package 'safeway_robot_controll_packet_RS485' build argument 'catkin_skip_building_tests' from command line to 'False'
[1.330s] DEBUG:colcon.colcon_core.verb:Building package 'safeway_robot_controll_packet_RS485' with the following arguments: {'ament_cmake_args': None, 'build_base': '/home/robot/robot_ws/build/safeway_robot_controll_packet_RS485', 'catkin_cmake_args': None, 'catkin_skip_building_tests': False, 'cmake_args': ['-DCMAKE_BUILD_TYPE=Debug'], 'cmake_clean_cache': False, 'cmake_clean_first': False, 'cmake_force_configure': False, 'cmake_target': None, 'cmake_target_skip_unavailable': False, 'install_base': '/home/robot/robot_ws/install/safeway_robot_controll_packet_RS485', 'merge_install': False, 'path': '/home/robot/robot_ws/src/safeway_robot_controll_packet_RS485', 'symlink_install': False, 'test_result_base': None}
[1.345s] INFO:colcon.colcon_core.executor:Executing jobs using 'parallel' executor
[1.359s] DEBUG:colcon.colcon_parallel_executor.executor.parallel:run_until_complete
[1.359s] INFO:colcon.colcon_ros.task.ament_cmake.build:Building ROS package in '/home/robot/robot_ws/src/my_first_ros_rclcpp_pkg' with build type 'ament_cmake'
[1.359s] INFO:colcon.colcon_cmake.task.cmake.build:Building CMake package in '/home/robot/robot_ws/src/my_first_ros_rclcpp_pkg'
[1.379s] INFO:colcon.colcon_core.plugin_system:Skipping extension 'colcon_core.shell.bat': Not used on non-Windows systems
[1.379s] INFO:colcon.colcon_core.shell:Skip shell extension 'powershell' for command environment: Not usable outside of PowerShell
[1.379s] DEBUG:colcon.colcon_core.shell:Skip shell extension 'dsv' for command environment
[1.436s] INFO:colcon.colcon_ros.task.ament_cmake.build:Building ROS package in '/home/robot/robot_ws/src/safeway_robot_controll_packet_RS485' with build type 'ament_cmake'
[1.437s] INFO:colcon.colcon_cmake.task.cmake.build:Building CMake package in '/home/robot/robot_ws/src/safeway_robot_controll_packet_RS485'
[1.455s] INFO:colcon.colcon_core.shell:Skip shell extension 'powershell' for command environment: Not usable outside of PowerShell
[1.456s] DEBUG:colcon.colcon_core.shell:Skip shell extension 'dsv' for command environment
[1.536s] DEBUG:colcon.colcon_core.event_handler.log_command:Invoking command in '/home/robot/robot_ws/build/my_first_ros_rclcpp_pkg': CMAKE_PREFIX_PATH=/opt/ros/humble /usr/bin/cmake --build /home/robot/robot_ws/build/my_first_ros_rclcpp_pkg -- -j4 -l4
[1.548s] DEBUG:colcon.colcon_core.event_handler.log_command:Invoking command in '/home/robot/robot_ws/build/safeway_robot_controll_packet_RS485': CMAKE_PREFIX_PATH=/opt/ros/humble /usr/bin/cmake --build /home/robot/robot_ws/build/safeway_robot_controll_packet_RS485 -- -j4 -l4
[1.635s] DEBUG:colcon.colcon_core.event_handler.log_command:Invoked command in '/home/robot/robot_ws/build/my_first_ros_rclcpp_pkg' returned '0': CMAKE_PREFIX_PATH=/opt/ros/humble /usr/bin/cmake --build /home/robot/robot_ws/build/my_first_ros_rclcpp_pkg -- -j4 -l4
[1.656s] DEBUG:colcon.colcon_core.event_handler.log_command:Invoked command in '/home/robot/robot_ws/build/safeway_robot_controll_packet_RS485' returned '0': CMAKE_PREFIX_PATH=/opt/ros/humble /usr/bin/cmake --build /home/robot/robot_ws/build/safeway_robot_controll_packet_RS485 -- -j4 -l4
[1.677s] DEBUG:colcon.colcon_core.event_handler.log_command:Invoking command in '/home/robot/robot_ws/build/my_first_ros_rclcpp_pkg': CMAKE_PREFIX_PATH=/opt/ros/humble /usr/bin/cmake --install /home/robot/robot_ws/build/my_first_ros_rclcpp_pkg
[1.688s] DEBUG:colcon.colcon_core.event_handler.log_command:Invoking command in '/home/robot/robot_ws/build/safeway_robot_controll_packet_RS485': CMAKE_PREFIX_PATH=/opt/ros/humble /usr/bin/cmake --install /home/robot/robot_ws/build/safeway_robot_controll_packet_RS485
[1.693s] Level 1:colcon.colcon_core.environment:create_environment_scripts_only(my_first_ros_rclcpp_pkg)
[1.694s] DEBUG:colcon.colcon_core.event_handler.log_command:Invoked command in '/home/robot/robot_ws/build/my_first_ros_rclcpp_pkg' returned '0': CMAKE_PREFIX_PATH=/opt/ros/humble /usr/bin/cmake --install /home/robot/robot_ws/build/my_first_ros_rclcpp_pkg
[1.715s] Level 1:colcon.colcon_core.environment:checking '/home/robot/robot_ws/install/my_first_ros_rclcpp_pkg' for CMake module files
[1.716s] Level 1:colcon.colcon_core.environment:checking '/home/robot/robot_ws/install/my_first_ros_rclcpp_pkg' for CMake config files
[1.716s] Level 1:colcon.colcon_core.shell:create_environment_hook('my_first_ros_rclcpp_pkg', 'cmake_prefix_path')
[1.731s] INFO:colcon.colcon_core.shell:Creating environment hook '/home/robot/robot_ws/install/my_first_ros_rclcpp_pkg/share/my_first_ros_rclcpp_pkg/hook/cmake_prefix_path.ps1'
[1.732s] INFO:colcon.colcon_core.shell:Creating environment descriptor '/home/robot/robot_ws/install/my_first_ros_rclcpp_pkg/share/my_first_ros_rclcpp_pkg/hook/cmake_prefix_path.dsv'
[1.732s] INFO:colcon.colcon_core.shell:Creating environment hook '/home/robot/robot_ws/install/my_first_ros_rclcpp_pkg/share/my_first_ros_rclcpp_pkg/hook/cmake_prefix_path.sh'
[1.733s] Level 1:colcon.colcon_core.environment:checking '/home/robot/robot_ws/install/my_first_ros_rclcpp_pkg/lib'
[1.733s] Level 1:colcon.colcon_core.environment:checking '/home/robot/robot_ws/install/my_first_ros_rclcpp_pkg/bin'
[1.733s] Level 1:colcon.colcon_core.environment:checking '/home/robot/robot_ws/install/my_first_ros_rclcpp_pkg/lib/pkgconfig/my_first_ros_rclcpp_pkg.pc'
[1.734s] Level 1:colcon.colcon_core.environment:checking '/home/robot/robot_ws/install/my_first_ros_rclcpp_pkg/lib/python3.10/site-packages'
[1.734s] Level 1:colcon.colcon_core.environment:checking '/home/robot/robot_ws/install/my_first_ros_rclcpp_pkg/bin'
[1.750s] INFO:colcon.colcon_core.shell:Creating package script '/home/robot/robot_ws/install/my_first_ros_rclcpp_pkg/share/my_first_ros_rclcpp_pkg/package.ps1'
[1.750s] INFO:colcon.colcon_core.shell:Creating package descriptor '/home/robot/robot_ws/install/my_first_ros_rclcpp_pkg/share/my_first_ros_rclcpp_pkg/package.dsv'
[1.751s] INFO:colcon.colcon_core.shell:Creating package script '/home/robot/robot_ws/install/my_first_ros_rclcpp_pkg/share/my_first_ros_rclcpp_pkg/package.sh'
[1.752s] INFO:colcon.colcon_core.shell:Creating package script '/home/robot/robot_ws/install/my_first_ros_rclcpp_pkg/share/my_first_ros_rclcpp_pkg/package.bash'
[1.752s] INFO:colcon.colcon_core.shell:Creating package script '/home/robot/robot_ws/install/my_first_ros_rclcpp_pkg/share/my_first_ros_rclcpp_pkg/package.zsh'
[1.753s] Level 1:colcon.colcon_core.environment:create_file_with_runtime_dependencies(/home/robot/robot_ws/install/my_first_ros_rclcpp_pkg/share/colcon-core/packages/my_first_ros_rclcpp_pkg)
[1.755s] Level 1:colcon.colcon_core.environment:create_environment_scripts_only(safeway_robot_controll_packet_RS485)
[1.756s] DEBUG:colcon.colcon_core.event_handler.log_command:Invoked command in '/home/robot/robot_ws/build/safeway_robot_controll_packet_RS485' returned '0': CMAKE_PREFIX_PATH=/opt/ros/humble /usr/bin/cmake --install /home/robot/robot_ws/build/safeway_robot_controll_packet_RS485
[1.775s] Level 1:colcon.colcon_core.environment:checking '/home/robot/robot_ws/install/safeway_robot_controll_packet_RS485' for CMake module files
[1.776s] Level 1:colcon.colcon_core.environment:checking '/home/robot/robot_ws/install/safeway_robot_controll_packet_RS485' for CMake config files
[1.777s] Level 1:colcon.colcon_core.shell:create_environment_hook('safeway_robot_controll_packet_RS485', 'cmake_prefix_path')
[1.796s] INFO:colcon.colcon_core.shell:Creating environment hook '/home/robot/robot_ws/install/safeway_robot_controll_packet_RS485/share/safeway_robot_controll_packet_RS485/hook/cmake_prefix_path.ps1'
[1.796s] INFO:colcon.colcon_core.shell:Creating environment descriptor '/home/robot/robot_ws/install/safeway_robot_controll_packet_RS485/share/safeway_robot_controll_packet_RS485/hook/cmake_prefix_path.dsv'
[1.797s] INFO:colcon.colcon_core.shell:Creating environment hook '/home/robot/robot_ws/install/safeway_robot_controll_packet_RS485/share/safeway_robot_controll_packet_RS485/hook/cmake_prefix_path.sh'
[1.798s] Level 1:colcon.colcon_core.environment:checking '/home/robot/robot_ws/install/safeway_robot_controll_packet_RS485/lib'
[1.798s] Level 1:colcon.colcon_core.environment:checking '/home/robot/robot_ws/install/safeway_robot_controll_packet_RS485/bin'
[1.798s] Level 1:colcon.colcon_core.environment:checking '/home/robot/robot_ws/install/safeway_robot_controll_packet_RS485/lib/pkgconfig/safeway_robot_controll_packet_RS485.pc'
[1.798s] Level 1:colcon.colcon_core.environment:checking '/home/robot/robot_ws/install/safeway_robot_controll_packet_RS485/lib/python3.10/site-packages'
[1.799s] Level 1:colcon.colcon_core.environment:checking '/home/robot/robot_ws/install/safeway_robot_controll_packet_RS485/bin'
[1.816s] INFO:colcon.colcon_core.shell:Creating package script '/home/robot/robot_ws/install/safeway_robot_controll_packet_RS485/share/safeway_robot_controll_packet_RS485/package.ps1'
[1.817s] INFO:colcon.colcon_core.shell:Creating package descriptor '/home/robot/robot_ws/install/safeway_robot_controll_packet_RS485/share/safeway_robot_controll_packet_RS485/package.dsv'
[1.818s] INFO:colcon.colcon_core.shell:Creating package script '/home/robot/robot_ws/install/safeway_robot_controll_packet_RS485/share/safeway_robot_controll_packet_RS485/package.sh'
[1.818s] INFO:colcon.colcon_core.shell:Creating package script '/home/robot/robot_ws/install/safeway_robot_controll_packet_RS485/share/safeway_robot_controll_packet_RS485/package.bash'
[1.819s] INFO:colcon.colcon_core.shell:Creating package script '/home/robot/robot_ws/install/safeway_robot_controll_packet_RS485/share/safeway_robot_controll_packet_RS485/package.zsh'
[1.819s] Level 1:colcon.colcon_core.environment:create_file_with_runtime_dependencies(/home/robot/robot_ws/install/safeway_robot_controll_packet_RS485/share/colcon-core/packages/safeway_robot_controll_packet_RS485)
[1.840s] Level 1:colcon.colcon_core.environment:create_environment_scripts_only(my_first_ros_rclcpp_pkg)
[1.858s] Level 1:colcon.colcon_core.environment:checking '/home/robot/robot_ws/install/my_first_ros_rclcpp_pkg' for CMake module files
[1.859s] Level 1:colcon.colcon_core.environment:checking '/home/robot/robot_ws/install/my_first_ros_rclcpp_pkg' for CMake config files
[1.859s] Level 1:colcon.colcon_core.shell:create_environment_hook('my_first_ros_rclcpp_pkg', 'cmake_prefix_path')
[1.878s] INFO:colcon.colcon_core.shell:Creating environment hook '/home/robot/robot_ws/install/my_first_ros_rclcpp_pkg/share/my_first_ros_rclcpp_pkg/hook/cmake_prefix_path.ps1'
[1.878s] INFO:colcon.colcon_core.shell:Creating environment descriptor '/home/robot/robot_ws/install/my_first_ros_rclcpp_pkg/share/my_first_ros_rclcpp_pkg/hook/cmake_prefix_path.dsv'
[1.879s] INFO:colcon.colcon_core.shell:Creating environment hook '/home/robot/robot_ws/install/my_first_ros_rclcpp_pkg/share/my_first_ros_rclcpp_pkg/hook/cmake_prefix_path.sh'
[1.879s] Level 1:colcon.colcon_core.environment:checking '/home/robot/robot_ws/install/my_first_ros_rclcpp_pkg/lib'
[1.879s] Level 1:colcon.colcon_core.environment:checking '/home/robot/robot_ws/install/my_first_ros_rclcpp_pkg/bin'
[1.880s] Level 1:colcon.colcon_core.environment:checking '/home/robot/robot_ws/install/my_first_ros_rclcpp_pkg/lib/pkgconfig/my_first_ros_rclcpp_pkg.pc'
[1.880s] Level 1:colcon.colcon_core.environment:checking '/home/robot/robot_ws/install/my_first_ros_rclcpp_pkg/lib/python3.10/site-packages'
[1.880s] Level 1:colcon.colcon_core.environment:checking '/home/robot/robot_ws/install/my_first_ros_rclcpp_pkg/bin'
[1.898s] INFO:colcon.colcon_core.shell:Creating package script '/home/robot/robot_ws/install/my_first_ros_rclcpp_pkg/share/my_first_ros_rclcpp_pkg/package.ps1'
[1.899s] INFO:colcon.colcon_core.shell:Creating package descriptor '/home/robot/robot_ws/install/my_first_ros_rclcpp_pkg/share/my_first_ros_rclcpp_pkg/package.dsv'
[1.899s] INFO:colcon.colcon_core.shell:Creating package script '/home/robot/robot_ws/install/my_first_ros_rclcpp_pkg/share/my_first_ros_rclcpp_pkg/package.sh'
[1.900s] INFO:colcon.colcon_core.shell:Creating package script '/home/robot/robot_ws/install/my_first_ros_rclcpp_pkg/share/my_first_ros_rclcpp_pkg/package.bash'
[1.900s] INFO:colcon.colcon_core.shell:Creating package script '/home/robot/robot_ws/install/my_first_ros_rclcpp_pkg/share/my_first_ros_rclcpp_pkg/package.zsh'
[1.900s] Level 1:colcon.colcon_core.environment:create_file_with_runtime_dependencies(/home/robot/robot_ws/install/my_first_ros_rclcpp_pkg/share/colcon-core/packages/my_first_ros_rclcpp_pkg)
[1.918s] Level 1:colcon.colcon_core.environment:create_environment_scripts_only(safeway_robot_controll_packet_RS485)
[1.936s] Level 1:colcon.colcon_core.environment:checking '/home/robot/robot_ws/install/safeway_robot_controll_packet_RS485' for CMake module files
[1.937s] Level 1:colcon.colcon_core.environment:checking '/home/robot/robot_ws/install/safeway_robot_controll_packet_RS485' for CMake config files
[1.937s] Level 1:colcon.colcon_core.shell:create_environment_hook('safeway_robot_controll_packet_RS485', 'cmake_prefix_path')
[1.953s] INFO:colcon.colcon_core.shell:Creating environment hook '/home/robot/robot_ws/install/safeway_robot_controll_packet_RS485/share/safeway_robot_controll_packet_RS485/hook/cmake_prefix_path.ps1'
[1.954s] INFO:colcon.colcon_core.shell:Creating environment descriptor '/home/robot/robot_ws/install/safeway_robot_controll_packet_RS485/share/safeway_robot_controll_packet_RS485/hook/cmake_prefix_path.dsv'
[1.954s] INFO:colcon.colcon_core.shell:Creating environment hook '/home/robot/robot_ws/install/safeway_robot_controll_packet_RS485/share/safeway_robot_controll_packet_RS485/hook/cmake_prefix_path.sh'
[1.955s] Level 1:colcon.colcon_core.environment:checking '/home/robot/robot_ws/install/safeway_robot_controll_packet_RS485/lib'
[1.955s] Level 1:colcon.colcon_core.environment:checking '/home/robot/robot_ws/install/safeway_robot_controll_packet_RS485/bin'
[1.955s] Level 1:colcon.colcon_core.environment:checking '/home/robot/robot_ws/install/safeway_robot_controll_packet_RS485/lib/pkgconfig/safeway_robot_controll_packet_RS485.pc'
[1.955s] Level 1:colcon.colcon_core.environment:checking '/home/robot/robot_ws/install/safeway_robot_controll_packet_RS485/lib/python3.10/site-packages'
[1.956s] Level 1:colcon.colcon_core.environment:checking '/home/robot/robot_ws/install/safeway_robot_controll_packet_RS485/bin'
[1.974s] INFO:colcon.colcon_core.shell:Creating package script '/home/robot/robot_ws/install/safeway_robot_controll_packet_RS485/share/safeway_robot_controll_packet_RS485/package.ps1'
[1.974s] INFO:colcon.colcon_core.shell:Creating package descriptor '/home/robot/robot_ws/install/safeway_robot_controll_packet_RS485/share/safeway_robot_controll_packet_RS485/package.dsv'
[1.975s] INFO:colcon.colcon_core.shell:Creating package script '/home/robot/robot_ws/install/safeway_robot_controll_packet_RS485/share/safeway_robot_controll_packet_RS485/package.sh'
[1.976s] INFO:colcon.colcon_core.shell:Creating package script '/home/robot/robot_ws/install/safeway_robot_controll_packet_RS485/share/safeway_robot_controll_packet_RS485/package.bash'
[1.976s] INFO:colcon.colcon_core.shell:Creating package script '/home/robot/robot_ws/install/safeway_robot_controll_packet_RS485/share/safeway_robot_controll_packet_RS485/package.zsh'
[1.976s] Level 1:colcon.colcon_core.environment:create_file_with_runtime_dependencies(/home/robot/robot_ws/install/safeway_robot_controll_packet_RS485/share/colcon-core/packages/safeway_robot_controll_packet_RS485)
[1.977s] DEBUG:colcon.colcon_parallel_executor.executor.parallel:closing loop
[1.977s] DEBUG:colcon.colcon_parallel_executor.executor.parallel:loop closed
[1.977s] DEBUG:colcon.colcon_parallel_executor.executor.parallel:run_until_complete finished with '0'
[1.977s] DEBUG:colcon.colcon_core.event_reactor:joining thread
[2.000s] INFO:colcon.colcon_core.plugin_system:Skipping extension 'colcon_notification.desktop_notification.terminal_notifier': Not used on non-Darwin systems
[2.000s] INFO:colcon.colcon_core.plugin_system:Skipping extension 'colcon_notification.desktop_notification.win32': Not used on non-Windows systems
[2.000s] INFO:colcon.colcon_notification.desktop_notification:Sending desktop notification using 'notify2'
[2.015s] DEBUG:colcon.colcon_core.event_reactor:joined thread
[2.034s] INFO:colcon.colcon_core.shell:Creating prefix script '/home/robot/robot_ws/install/local_setup.ps1'
[2.035s] INFO:colcon.colcon_core.shell:Creating prefix util module '/home/robot/robot_ws/install/_local_setup_util_ps1.py'
[2.036s] INFO:colcon.colcon_core.shell:Creating prefix chain script '/home/robot/robot_ws/install/setup.ps1'
[2.051s] INFO:colcon.colcon_core.shell:Creating prefix script '/home/robot/robot_ws/install/local_setup.sh'
[2.052s] INFO:colcon.colcon_core.shell:Creating prefix util module '/home/robot/robot_ws/install/_local_setup_util_sh.py'
[2.052s] INFO:colcon.colcon_core.shell:Creating prefix chain script '/home/robot/robot_ws/install/setup.sh'
[2.068s] INFO:colcon.colcon_core.shell:Creating prefix script '/home/robot/robot_ws/install/local_setup.bash'
[2.068s] INFO:colcon.colcon_core.shell:Creating prefix chain script '/home/robot/robot_ws/install/setup.bash'
[2.087s] INFO:colcon.colcon_core.shell:Creating prefix script '/home/robot/robot_ws/install/local_setup.zsh'
[2.088s] INFO:colcon.colcon_core.shell:Creating prefix chain script '/home/robot/robot_ws/install/setup.zsh'
