[1.028s] DEBUG:colcon:Command line arguments: ['/usr/bin/colcon', 'build', '--cmake-args', '-DCMAKE_BUILD_TYPE=Debug']
[1.028s] DEBUG:colcon:Parsed command line arguments: Namespace(log_base=None, log_level=None, verb_name='build', build_base='build', install_base='install', merge_install=False, symlink_install=False, test_result_base=None, continue_on_error=False, executor='parallel', parallel_workers=4, event_handlers=None, ignore_user_meta=False, metas=['./colcon.meta'], base_paths=['.'], packages_ignore=None, packages_ignore_regex=None, paths=None, packages_up_to=None, packages_up_to_regex=None, packages_above=None, packages_above_and_dependencies=None, packages_above_depth=None, packages_select_by_dep=None, packages_skip_by_dep=None, packages_skip_up_to=None, packages_select_build_failed=False, packages_skip_build_finished=False, packages_select_test_failures=False, packages_skip_test_passed=False, packages_select=None, packages_skip=None, packages_select_regex=None, packages_skip_regex=None, packages_start=None, packages_end=None, allow_overriding=[], cmake_args=['-DCMAKE_BUILD_TYPE=Debug'], cmake_target=None, cmake_target_skip_unavailable=False, cmake_clean_cache=False, cmake_clean_first=False, cmake_force_configure=False, ament_cmake_args=None, catkin_cmake_args=None, catkin_skip_building_tests=False, verb_parser=<colcon_defaults.argument_parser.defaults.DefaultArgumentsDecorator object at 0x7fe146e3d750>, verb_extension=<colcon_core.verb.build.BuildVerb object at 0x7fe147cbb010>, main=<bound method BuildVerb.main of <colcon_core.verb.build.BuildVerb object at 0x7fe147cbb010>>)
[1.075s] Level 1:colcon.colcon_core.package_discovery:discover_packages(colcon_meta) check parameters
[1.075s] Level 1:colcon.colcon_core.package_discovery:discover_packages(recursive) check parameters
[1.075s] Level 1:colcon.colcon_core.package_discovery:discover_packages(ignore) check parameters
[1.075s] Level 1:colcon.colcon_core.package_discovery:discover_packages(path) check parameters
[1.075s] Level 1:colcon.colcon_core.package_discovery:discover_packages(colcon_meta) discover
[1.075s] Level 1:colcon.colcon_core.package_discovery:discover_packages(recursive) discover
[1.075s] INFO:colcon.colcon_core.package_discovery:Crawling recursively for packages in '/home/robot/robot_ws'
[1.075s] Level 1:colcon.colcon_core.package_identification:_identify(.) by extensions ['ignore', 'ignore_ament_install']
[1.075s] Level 1:colcon.colcon_core.package_identification:_identify(.) by extension 'ignore'
[1.076s] Level 1:colcon.colcon_core.package_identification:_identify(.) by extension 'ignore_ament_install'
[1.076s] Level 1:colcon.colcon_core.package_identification:_identify(.) by extensions ['colcon_pkg']
[1.076s] Level 1:colcon.colcon_core.package_identification:_identify(.) by extension 'colcon_pkg'
[1.076s] Level 1:colcon.colcon_core.package_identification:_identify(.) by extensions ['colcon_meta']
[1.076s] Level 1:colcon.colcon_core.package_identification:_identify(.) by extension 'colcon_meta'
[1.076s] Level 1:colcon.colcon_core.package_identification:_identify(.) by extensions ['ros']
[1.076s] Level 1:colcon.colcon_core.package_identification:_identify(.) by extension 'ros'
[1.088s] Level 1:colcon.colcon_core.package_identification:_identify(.) by extensions ['cmake', 'python']
[1.088s] Level 1:colcon.colcon_core.package_identification:_identify(.) by extension 'cmake'
[1.088s] Level 1:colcon.colcon_core.package_identification:_identify(.) by extension 'python'
[1.088s] Level 1:colcon.colcon_core.package_identification:_identify(.) by extensions ['python_setup_py']
[1.088s] Level 1:colcon.colcon_core.package_identification:_identify(.) by extension 'python_setup_py'
[1.088s] Level 1:colcon.colcon_core.package_identification:_identify(build) by extensions ['ignore', 'ignore_ament_install']
[1.088s] Level 1:colcon.colcon_core.package_identification:_identify(build) by extension 'ignore'
[1.088s] Level 1:colcon.colcon_core.package_identification:_identify(build) ignored
[1.089s] Level 1:colcon.colcon_core.package_identification:_identify(install) by extensions ['ignore', 'ignore_ament_install']
[1.089s] Level 1:colcon.colcon_core.package_identification:_identify(install) by extension 'ignore'
[1.089s] Level 1:colcon.colcon_core.package_identification:_identify(install) ignored
[1.089s] Level 1:colcon.colcon_core.package_identification:_identify(log) by extensions ['ignore', 'ignore_ament_install']
[1.089s] Level 1:colcon.colcon_core.package_identification:_identify(log) by extension 'ignore'
[1.089s] Level 1:colcon.colcon_core.package_identification:_identify(log) ignored
[1.089s] Level 1:colcon.colcon_core.package_identification:_identify(src) by extensions ['ignore', 'ignore_ament_install']
[1.089s] Level 1:colcon.colcon_core.package_identification:_identify(src) by extension 'ignore'
[1.089s] Level 1:colcon.colcon_core.package_identification:_identify(src) by extension 'ignore_ament_install'
[1.090s] Level 1:colcon.colcon_core.package_identification:_identify(src) by extensions ['colcon_pkg']
[1.090s] Level 1:colcon.colcon_core.package_identification:_identify(src) by extension 'colcon_pkg'
[1.090s] Level 1:colcon.colcon_core.package_identification:_identify(src) by extensions ['colcon_meta']
[1.090s] Level 1:colcon.colcon_core.package_identification:_identify(src) by extension 'colcon_meta'
[1.090s] Level 1:colcon.colcon_core.package_identification:_identify(src) by extensions ['ros']
[1.090s] Level 1:colcon.colcon_core.package_identification:_identify(src) by extension 'ros'
[1.090s] Level 1:colcon.colcon_core.package_identification:_identify(src) by extensions ['cmake', 'python']
[1.090s] Level 1:colcon.colcon_core.package_identification:_identify(src) by extension 'cmake'
[1.090s] Level 1:colcon.colcon_core.package_identification:_identify(src) by extension 'python'
[1.090s] Level 1:colcon.colcon_core.package_identification:_identify(src) by extensions ['python_setup_py']
[1.090s] Level 1:colcon.colcon_core.package_identification:_identify(src) by extension 'python_setup_py'
[1.090s] Level 1:colcon.colcon_core.package_identification:_identify(src/my_first_ros_rclcpp_pkg) by extensions ['ignore', 'ignore_ament_install']
[1.090s] Level 1:colcon.colcon_core.package_identification:_identify(src/my_first_ros_rclcpp_pkg) by extension 'ignore'
[1.090s] Level 1:colcon.colcon_core.package_identification:_identify(src/my_first_ros_rclcpp_pkg) by extension 'ignore_ament_install'
[1.090s] Level 1:colcon.colcon_core.package_identification:_identify(src/my_first_ros_rclcpp_pkg) by extensions ['colcon_pkg']
[1.090s] Level 1:colcon.colcon_core.package_identification:_identify(src/my_first_ros_rclcpp_pkg) by extension 'colcon_pkg'
[1.091s] Level 1:colcon.colcon_core.package_identification:_identify(src/my_first_ros_rclcpp_pkg) by extensions ['colcon_meta']
[1.091s] Level 1:colcon.colcon_core.package_identification:_identify(src/my_first_ros_rclcpp_pkg) by extension 'colcon_meta'
[1.091s] Level 1:colcon.colcon_core.package_identification:_identify(src/my_first_ros_rclcpp_pkg) by extensions ['ros']
[1.091s] Level 1:colcon.colcon_core.package_identification:_identify(src/my_first_ros_rclcpp_pkg) by extension 'ros'
[1.093s] DEBUG:colcon.colcon_core.package_identification:Package 'src/my_first_ros_rclcpp_pkg' with type 'ros.ament_cmake' and name 'my_first_ros_rclcpp_pkg'
[1.093s] Level 1:colcon.colcon_core.package_identification:_identify(src/safeway_robot_controll_packet_RS485) by extensions ['ignore', 'ignore_ament_install']
[1.093s] Level 1:colcon.colcon_core.package_identification:_identify(src/safeway_robot_controll_packet_RS485) by extension 'ignore'
[1.094s] Level 1:colcon.colcon_core.package_identification:_identify(src/safeway_robot_controll_packet_RS485) by extension 'ignore_ament_install'
[1.094s] Level 1:colcon.colcon_core.package_identification:_identify(src/safeway_robot_controll_packet_RS485) by extensions ['colcon_pkg']
[1.094s] Level 1:colcon.colcon_core.package_identification:_identify(src/safeway_robot_controll_packet_RS485) by extension 'colcon_pkg'
[1.094s] Level 1:colcon.colcon_core.package_identification:_identify(src/safeway_robot_controll_packet_RS485) by extensions ['colcon_meta']
[1.094s] Level 1:colcon.colcon_core.package_identification:_identify(src/safeway_robot_controll_packet_RS485) by extension 'colcon_meta'
[1.094s] Level 1:colcon.colcon_core.package_identification:_identify(src/safeway_robot_controll_packet_RS485) by extensions ['ros']
[1.094s] Level 1:colcon.colcon_core.package_identification:_identify(src/safeway_robot_controll_packet_RS485) by extension 'ros'
[1.095s] DEBUG:colcon.colcon_core.package_identification:Package 'src/safeway_robot_controll_packet_RS485' with type 'ros.ament_cmake' and name 'safeway_robot_controll_packet_RS485'
[1.095s] Level 1:colcon.colcon_core.package_identification:_identify(src/urdf_tutorial) by extensions ['ignore', 'ignore_ament_install']
[1.095s] Level 1:colcon.colcon_core.package_identification:_identify(src/urdf_tutorial) by extension 'ignore'
[1.095s] Level 1:colcon.colcon_core.package_identification:_identify(src/urdf_tutorial) by extension 'ignore_ament_install'
[1.095s] Level 1:colcon.colcon_core.package_identification:_identify(src/urdf_tutorial) by extensions ['colcon_pkg']
[1.095s] Level 1:colcon.colcon_core.package_identification:_identify(src/urdf_tutorial) by extension 'colcon_pkg'
[1.095s] Level 1:colcon.colcon_core.package_identification:_identify(src/urdf_tutorial) by extensions ['colcon_meta']
[1.095s] Level 1:colcon.colcon_core.package_identification:_identify(src/urdf_tutorial) by extension 'colcon_meta'
[1.095s] Level 1:colcon.colcon_core.package_identification:_identify(src/urdf_tutorial) by extensions ['ros']
[1.095s] Level 1:colcon.colcon_core.package_identification:_identify(src/urdf_tutorial) by extension 'ros'
[1.096s] DEBUG:colcon.colcon_core.package_identification:Package 'src/urdf_tutorial' with type 'ros.ament_python' and name 'urdf_tutorial'
[1.096s] Level 1:colcon.colcon_core.package_discovery:discover_packages(recursive) using defaults
[1.096s] Level 1:colcon.colcon_core.package_discovery:discover_packages(ignore) discover
[1.096s] Level 1:colcon.colcon_core.package_discovery:discover_packages(ignore) using defaults
[1.096s] Level 1:colcon.colcon_core.package_discovery:discover_packages(path) discover
[1.096s] Level 1:colcon.colcon_core.package_discovery:discover_packages(path) using defaults
[1.196s] Level 1:colcon.colcon_core.package_discovery:discover_packages(prefix_path) check parameters
[1.196s] Level 1:colcon.colcon_core.package_discovery:discover_packages(prefix_path) discover
[1.228s] DEBUG:colcon.colcon_installed_package_information.package_discovery:Found 6 installed packages in /home/robot/robot_ws/install
[1.243s] DEBUG:colcon.colcon_installed_package_information.package_discovery:Found 328 installed packages in /opt/ros/humble
[1.246s] Level 1:colcon.colcon_core.package_discovery:discover_packages(prefix_path) using defaults
[1.357s] Level 5:colcon.colcon_core.verb:set package 'my_first_ros_rclcpp_pkg' build argument 'cmake_args' from command line to '['-DCMAKE_BUILD_TYPE=Debug']'
[1.357s] Level 5:colcon.colcon_core.verb:set package 'my_first_ros_rclcpp_pkg' build argument 'cmake_target' from command line to 'None'
[1.357s] Level 5:colcon.colcon_core.verb:set package 'my_first_ros_rclcpp_pkg' build argument 'cmake_target_skip_unavailable' from command line to 'False'
[1.357s] Level 5:colcon.colcon_core.verb:set package 'my_first_ros_rclcpp_pkg' build argument 'cmake_clean_cache' from command line to 'False'
[1.357s] Level 5:colcon.colcon_core.verb:set package 'my_first_ros_rclcpp_pkg' build argument 'cmake_clean_first' from command line to 'False'
[1.358s] Level 5:colcon.colcon_core.verb:set package 'my_first_ros_rclcpp_pkg' build argument 'cmake_force_configure' from command line to 'False'
[1.358s] Level 5:colcon.colcon_core.verb:set package 'my_first_ros_rclcpp_pkg' build argument 'ament_cmake_args' from command line to 'None'
[1.358s] Level 5:colcon.colcon_core.verb:set package 'my_first_ros_rclcpp_pkg' build argument 'catkin_cmake_args' from command line to 'None'
[1.358s] Level 5:colcon.colcon_core.verb:set package 'my_first_ros_rclcpp_pkg' build argument 'catkin_skip_building_tests' from command line to 'False'
[1.358s] DEBUG:colcon.colcon_core.verb:Building package 'my_first_ros_rclcpp_pkg' with the following arguments: {'ament_cmake_args': None, 'build_base': '/home/robot/robot_ws/build/my_first_ros_rclcpp_pkg', 'catkin_cmake_args': None, 'catkin_skip_building_tests': False, 'cmake_args': ['-DCMAKE_BUILD_TYPE=Debug'], 'cmake_clean_cache': False, 'cmake_clean_first': False, 'cmake_force_configure': False, 'cmake_target': None, 'cmake_target_skip_unavailable': False, 'install_base': '/home/robot/robot_ws/install/my_first_ros_rclcpp_pkg', 'merge_install': False, 'path': '/home/robot/robot_ws/src/my_first_ros_rclcpp_pkg', 'symlink_install': False, 'test_result_base': None}
[1.373s] Level 5:colcon.colcon_core.verb:set package 'safeway_robot_controll_packet_RS485' build argument 'cmake_args' from command line to '['-DCMAKE_BUILD_TYPE=Debug']'
[1.373s] Level 5:colcon.colcon_core.verb:set package 'safeway_robot_controll_packet_RS485' build argument 'cmake_target' from command line to 'None'
[1.373s] Level 5:colcon.colcon_core.verb:set package 'safeway_robot_controll_packet_RS485' build argument 'cmake_target_skip_unavailable' from command line to 'False'
[1.373s] Level 5:colcon.colcon_core.verb:set package 'safeway_robot_controll_packet_RS485' build argument 'cmake_clean_cache' from command line to 'False'
[1.373s] Level 5:colcon.colcon_core.verb:set package 'safeway_robot_controll_packet_RS485' build argument 'cmake_clean_first' from command line to 'False'
[1.373s] Level 5:colcon.colcon_core.verb:set package 'safeway_robot_controll_packet_RS485' build argument 'cmake_force_configure' from command line to 'False'
[1.373s] Level 5:colcon.colcon_core.verb:set package 'safeway_robot_controll_packet_RS485' build argument 'ament_cmake_args' from command line to 'None'
[1.373s] Level 5:colcon.colcon_core.verb:set package 'safeway_robot_controll_packet_RS485' build argument 'catkin_cmake_args' from command line to 'None'
[1.373s] Level 5:colcon.colcon_core.verb:set package 'safeway_robot_controll_packet_RS485' build argument 'catkin_skip_building_tests' from command line to 'False'
[1.373s] DEBUG:colcon.colcon_core.verb:Building package 'safeway_robot_controll_packet_RS485' with the following arguments: {'ament_cmake_args': None, 'build_base': '/home/robot/robot_ws/build/safeway_robot_controll_packet_RS485', 'catkin_cmake_args': None, 'catkin_skip_building_tests': False, 'cmake_args': ['-DCMAKE_BUILD_TYPE=Debug'], 'cmake_clean_cache': False, 'cmake_clean_first': False, 'cmake_force_configure': False, 'cmake_target': None, 'cmake_target_skip_unavailable': False, 'install_base': '/home/robot/robot_ws/install/safeway_robot_controll_packet_RS485', 'merge_install': False, 'path': '/home/robot/robot_ws/src/safeway_robot_controll_packet_RS485', 'symlink_install': False, 'test_result_base': None}
[1.388s] Level 5:colcon.colcon_core.verb:set package 'urdf_tutorial' build argument 'cmake_args' from command line to '['-DCMAKE_BUILD_TYPE=Debug']'
[1.389s] Level 5:colcon.colcon_core.verb:set package 'urdf_tutorial' build argument 'cmake_target' from command line to 'None'
[1.389s] Level 5:colcon.colcon_core.verb:set package 'urdf_tutorial' build argument 'cmake_target_skip_unavailable' from command line to 'False'
[1.389s] Level 5:colcon.colcon_core.verb:set package 'urdf_tutorial' build argument 'cmake_clean_cache' from command line to 'False'
[1.389s] Level 5:colcon.colcon_core.verb:set package 'urdf_tutorial' build argument 'cmake_clean_first' from command line to 'False'
[1.389s] Level 5:colcon.colcon_core.verb:set package 'urdf_tutorial' build argument 'cmake_force_configure' from command line to 'False'
[1.389s] Level 5:colcon.colcon_core.verb:set package 'urdf_tutorial' build argument 'ament_cmake_args' from command line to 'None'
[1.389s] Level 5:colcon.colcon_core.verb:set package 'urdf_tutorial' build argument 'catkin_cmake_args' from command line to 'None'
[1.389s] Level 5:colcon.colcon_core.verb:set package 'urdf_tutorial' build argument 'catkin_skip_building_tests' from command line to 'False'
[1.389s] DEBUG:colcon.colcon_core.verb:Building package 'urdf_tutorial' with the following arguments: {'ament_cmake_args': None, 'build_base': '/home/robot/robot_ws/build/urdf_tutorial', 'catkin_cmake_args': None, 'catkin_skip_building_tests': False, 'cmake_args': ['-DCMAKE_BUILD_TYPE=Debug'], 'cmake_clean_cache': False, 'cmake_clean_first': False, 'cmake_force_configure': False, 'cmake_target': None, 'cmake_target_skip_unavailable': False, 'install_base': '/home/robot/robot_ws/install/urdf_tutorial', 'merge_install': False, 'path': '/home/robot/robot_ws/src/urdf_tutorial', 'symlink_install': False, 'test_result_base': None}
[1.403s] INFO:colcon.colcon_core.executor:Executing jobs using 'parallel' executor
[1.418s] DEBUG:colcon.colcon_parallel_executor.executor.parallel:run_until_complete
[1.419s] INFO:colcon.colcon_ros.task.ament_cmake.build:Building ROS package in '/home/robot/robot_ws/src/my_first_ros_rclcpp_pkg' with build type 'ament_cmake'
[1.419s] INFO:colcon.colcon_cmake.task.cmake.build:Building CMake package in '/home/robot/robot_ws/src/my_first_ros_rclcpp_pkg'
[1.438s] INFO:colcon.colcon_core.plugin_system:Skipping extension 'colcon_core.shell.bat': Not used on non-Windows systems
[1.438s] INFO:colcon.colcon_core.shell:Skip shell extension 'powershell' for command environment: Not usable outside of PowerShell
[1.438s] DEBUG:colcon.colcon_core.shell:Skip shell extension 'dsv' for command environment
[1.489s] INFO:colcon.colcon_ros.task.ament_cmake.build:Building ROS package in '/home/robot/robot_ws/src/safeway_robot_controll_packet_RS485' with build type 'ament_cmake'
[1.489s] INFO:colcon.colcon_cmake.task.cmake.build:Building CMake package in '/home/robot/robot_ws/src/safeway_robot_controll_packet_RS485'
[1.508s] INFO:colcon.colcon_core.shell:Skip shell extension 'powershell' for command environment: Not usable outside of PowerShell
[1.508s] DEBUG:colcon.colcon_core.shell:Skip shell extension 'dsv' for command environment
[1.561s] INFO:colcon.colcon_ros.task.ament_python.build:Building ROS package in '/home/robot/robot_ws/src/urdf_tutorial' with build type 'ament_python'
[1.561s] Level 1:colcon.colcon_core.shell:create_environment_hook('urdf_tutorial', 'ament_prefix_path')
[1.581s] INFO:colcon.colcon_core.shell:Creating environment hook '/home/robot/robot_ws/install/urdf_tutorial/share/urdf_tutorial/hook/ament_prefix_path.ps1'
[1.582s] INFO:colcon.colcon_core.shell:Creating environment descriptor '/home/robot/robot_ws/install/urdf_tutorial/share/urdf_tutorial/hook/ament_prefix_path.dsv'
[1.582s] INFO:colcon.colcon_core.shell:Creating environment hook '/home/robot/robot_ws/install/urdf_tutorial/share/urdf_tutorial/hook/ament_prefix_path.sh'
[1.599s] INFO:colcon.colcon_core.shell:Skip shell extension 'powershell' for command environment: Not usable outside of PowerShell
[1.599s] DEBUG:colcon.colcon_core.shell:Skip shell extension 'dsv' for command environment
[1.661s] DEBUG:colcon.colcon_core.event_handler.log_command:Invoking command in '/home/robot/robot_ws/build/my_first_ros_rclcpp_pkg': CMAKE_PREFIX_PATH=${CMAKE_PREFIX_PATH}:/opt/ros/humble /usr/bin/cmake --build /home/robot/robot_ws/build/my_first_ros_rclcpp_pkg -- -j4 -l4
[1.666s] DEBUG:colcon.colcon_core.event_handler.log_command:Invoking command in '/home/robot/robot_ws/build/safeway_robot_controll_packet_RS485': CMAKE_PREFIX_PATH=${CMAKE_PREFIX_PATH}:/opt/ros/humble /usr/bin/cmake --build /home/robot/robot_ws/build/safeway_robot_controll_packet_RS485 -- -j4 -l4
[1.960s] INFO:colcon.colcon_core.task.python.build:Building Python package in '/home/robot/robot_ws/src/urdf_tutorial'
[1.977s] INFO:colcon.colcon_core.shell:Skip shell extension 'powershell' for command environment: Not usable outside of PowerShell
[1.977s] DEBUG:colcon.colcon_core.shell:Skip shell extension 'dsv' for command environment
[2.027s] DEBUG:colcon.colcon_core.event_handler.log_command:Invoked command in '/home/robot/robot_ws/build/my_first_ros_rclcpp_pkg' returned '0': CMAKE_PREFIX_PATH=${CMAKE_PREFIX_PATH}:/opt/ros/humble /usr/bin/cmake --build /home/robot/robot_ws/build/my_first_ros_rclcpp_pkg -- -j4 -l4
[2.029s] DEBUG:colcon.colcon_core.event_handler.log_command:Invoked command in '/home/robot/robot_ws/build/safeway_robot_controll_packet_RS485' returned '0': CMAKE_PREFIX_PATH=${CMAKE_PREFIX_PATH}:/opt/ros/humble /usr/bin/cmake --build /home/robot/robot_ws/build/safeway_robot_controll_packet_RS485 -- -j4 -l4
[2.074s] DEBUG:colcon.colcon_core.event_handler.log_command:Invoking command in '/home/robot/robot_ws/build/my_first_ros_rclcpp_pkg': CMAKE_PREFIX_PATH=${CMAKE_PREFIX_PATH}:/opt/ros/humble /usr/bin/cmake --install /home/robot/robot_ws/build/my_first_ros_rclcpp_pkg
[2.077s] DEBUG:colcon.colcon_core.event_handler.log_command:Invoking command in '/home/robot/robot_ws/build/safeway_robot_controll_packet_RS485': CMAKE_PREFIX_PATH=${CMAKE_PREFIX_PATH}:/opt/ros/humble /usr/bin/cmake --install /home/robot/robot_ws/build/safeway_robot_controll_packet_RS485
[2.093s] Level 1:colcon.colcon_core.environment:create_environment_scripts_only(safeway_robot_controll_packet_RS485)
[2.103s] DEBUG:colcon.colcon_core.event_handler.log_command:Invoked command in '/home/robot/robot_ws/build/safeway_robot_controll_packet_RS485' returned '0': CMAKE_PREFIX_PATH=${CMAKE_PREFIX_PATH}:/opt/ros/humble /usr/bin/cmake --install /home/robot/robot_ws/build/safeway_robot_controll_packet_RS485
[2.124s] Level 1:colcon.colcon_core.environment:checking '/home/robot/robot_ws/install/safeway_robot_controll_packet_RS485' for CMake module files
[2.125s] Level 1:colcon.colcon_core.environment:checking '/home/robot/robot_ws/install/safeway_robot_controll_packet_RS485' for CMake config files
[2.126s] Level 1:colcon.colcon_core.shell:create_environment_hook('safeway_robot_controll_packet_RS485', 'cmake_prefix_path')
[2.147s] INFO:colcon.colcon_core.shell:Creating environment hook '/home/robot/robot_ws/install/safeway_robot_controll_packet_RS485/share/safeway_robot_controll_packet_RS485/hook/cmake_prefix_path.ps1'
[2.148s] INFO:colcon.colcon_core.shell:Creating environment descriptor '/home/robot/robot_ws/install/safeway_robot_controll_packet_RS485/share/safeway_robot_controll_packet_RS485/hook/cmake_prefix_path.dsv'
[2.148s] INFO:colcon.colcon_core.shell:Creating environment hook '/home/robot/robot_ws/install/safeway_robot_controll_packet_RS485/share/safeway_robot_controll_packet_RS485/hook/cmake_prefix_path.sh'
[2.149s] Level 1:colcon.colcon_core.environment:checking '/home/robot/robot_ws/install/safeway_robot_controll_packet_RS485/lib'
[2.150s] Level 1:colcon.colcon_core.environment:checking '/home/robot/robot_ws/install/safeway_robot_controll_packet_RS485/bin'
[2.150s] Level 1:colcon.colcon_core.environment:checking '/home/robot/robot_ws/install/safeway_robot_controll_packet_RS485/lib/pkgconfig/safeway_robot_controll_packet_RS485.pc'
[2.150s] Level 1:colcon.colcon_core.environment:checking '/home/robot/robot_ws/install/safeway_robot_controll_packet_RS485/lib/python3.10/site-packages'
[2.150s] Level 1:colcon.colcon_core.environment:checking '/home/robot/robot_ws/install/safeway_robot_controll_packet_RS485/bin'
[2.170s] INFO:colcon.colcon_core.shell:Creating package script '/home/robot/robot_ws/install/safeway_robot_controll_packet_RS485/share/safeway_robot_controll_packet_RS485/package.ps1'
[2.171s] INFO:colcon.colcon_core.shell:Creating package descriptor '/home/robot/robot_ws/install/safeway_robot_controll_packet_RS485/share/safeway_robot_controll_packet_RS485/package.dsv'
[2.172s] INFO:colcon.colcon_core.shell:Creating package script '/home/robot/robot_ws/install/safeway_robot_controll_packet_RS485/share/safeway_robot_controll_packet_RS485/package.sh'
[2.173s] INFO:colcon.colcon_core.shell:Creating package script '/home/robot/robot_ws/install/safeway_robot_controll_packet_RS485/share/safeway_robot_controll_packet_RS485/package.bash'
[2.174s] INFO:colcon.colcon_core.shell:Creating package script '/home/robot/robot_ws/install/safeway_robot_controll_packet_RS485/share/safeway_robot_controll_packet_RS485/package.zsh'
[2.174s] Level 1:colcon.colcon_core.environment:create_file_with_runtime_dependencies(/home/robot/robot_ws/install/safeway_robot_controll_packet_RS485/share/colcon-core/packages/safeway_robot_controll_packet_RS485)
[2.179s] Level 1:colcon.colcon_core.environment:create_environment_scripts_only(my_first_ros_rclcpp_pkg)
[2.180s] DEBUG:colcon.colcon_core.event_handler.log_command:Invoked command in '/home/robot/robot_ws/build/my_first_ros_rclcpp_pkg' returned '0': CMAKE_PREFIX_PATH=${CMAKE_PREFIX_PATH}:/opt/ros/humble /usr/bin/cmake --install /home/robot/robot_ws/build/my_first_ros_rclcpp_pkg
[2.199s] Level 1:colcon.colcon_core.environment:checking '/home/robot/robot_ws/install/my_first_ros_rclcpp_pkg' for CMake module files
[2.200s] Level 1:colcon.colcon_core.environment:checking '/home/robot/robot_ws/install/my_first_ros_rclcpp_pkg' for CMake config files
[2.200s] Level 1:colcon.colcon_core.shell:create_environment_hook('my_first_ros_rclcpp_pkg', 'cmake_prefix_path')
[2.222s] INFO:colcon.colcon_core.shell:Creating environment hook '/home/robot/robot_ws/install/my_first_ros_rclcpp_pkg/share/my_first_ros_rclcpp_pkg/hook/cmake_prefix_path.ps1'
[2.222s] INFO:colcon.colcon_core.shell:Creating environment descriptor '/home/robot/robot_ws/install/my_first_ros_rclcpp_pkg/share/my_first_ros_rclcpp_pkg/hook/cmake_prefix_path.dsv'
[2.223s] INFO:colcon.colcon_core.shell:Creating environment hook '/home/robot/robot_ws/install/my_first_ros_rclcpp_pkg/share/my_first_ros_rclcpp_pkg/hook/cmake_prefix_path.sh'
[2.223s] Level 1:colcon.colcon_core.environment:checking '/home/robot/robot_ws/install/my_first_ros_rclcpp_pkg/lib'
[2.223s] Level 1:colcon.colcon_core.environment:checking '/home/robot/robot_ws/install/my_first_ros_rclcpp_pkg/bin'
[2.223s] Level 1:colcon.colcon_core.environment:checking '/home/robot/robot_ws/install/my_first_ros_rclcpp_pkg/lib/pkgconfig/my_first_ros_rclcpp_pkg.pc'
[2.224s] Level 1:colcon.colcon_core.environment:checking '/home/robot/robot_ws/install/my_first_ros_rclcpp_pkg/lib/python3.10/site-packages'
[2.224s] Level 1:colcon.colcon_core.environment:checking '/home/robot/robot_ws/install/my_first_ros_rclcpp_pkg/bin'
[2.245s] INFO:colcon.colcon_core.shell:Creating package script '/home/robot/robot_ws/install/my_first_ros_rclcpp_pkg/share/my_first_ros_rclcpp_pkg/package.ps1'
[2.246s] INFO:colcon.colcon_core.shell:Creating package descriptor '/home/robot/robot_ws/install/my_first_ros_rclcpp_pkg/share/my_first_ros_rclcpp_pkg/package.dsv'
[2.246s] INFO:colcon.colcon_core.shell:Creating package script '/home/robot/robot_ws/install/my_first_ros_rclcpp_pkg/share/my_first_ros_rclcpp_pkg/package.sh'
[2.246s] INFO:colcon.colcon_core.shell:Creating package script '/home/robot/robot_ws/install/my_first_ros_rclcpp_pkg/share/my_first_ros_rclcpp_pkg/package.bash'
[2.247s] INFO:colcon.colcon_core.shell:Creating package script '/home/robot/robot_ws/install/my_first_ros_rclcpp_pkg/share/my_first_ros_rclcpp_pkg/package.zsh'
[2.247s] Level 1:colcon.colcon_core.environment:create_file_with_runtime_dependencies(/home/robot/robot_ws/install/my_first_ros_rclcpp_pkg/share/colcon-core/packages/my_first_ros_rclcpp_pkg)
[2.271s] Level 1:colcon.colcon_core.environment:create_environment_scripts_only(safeway_robot_controll_packet_RS485)
[2.290s] Level 1:colcon.colcon_core.environment:checking '/home/robot/robot_ws/install/safeway_robot_controll_packet_RS485' for CMake module files
[2.291s] Level 1:colcon.colcon_core.environment:checking '/home/robot/robot_ws/install/safeway_robot_controll_packet_RS485' for CMake config files
[2.291s] Level 1:colcon.colcon_core.shell:create_environment_hook('safeway_robot_controll_packet_RS485', 'cmake_prefix_path')
[2.307s] INFO:colcon.colcon_core.shell:Creating environment hook '/home/robot/robot_ws/install/safeway_robot_controll_packet_RS485/share/safeway_robot_controll_packet_RS485/hook/cmake_prefix_path.ps1'
[2.308s] INFO:colcon.colcon_core.shell:Creating environment descriptor '/home/robot/robot_ws/install/safeway_robot_controll_packet_RS485/share/safeway_robot_controll_packet_RS485/hook/cmake_prefix_path.dsv'
[2.308s] INFO:colcon.colcon_core.shell:Creating environment hook '/home/robot/robot_ws/install/safeway_robot_controll_packet_RS485/share/safeway_robot_controll_packet_RS485/hook/cmake_prefix_path.sh'
[2.309s] Level 1:colcon.colcon_core.environment:checking '/home/robot/robot_ws/install/safeway_robot_controll_packet_RS485/lib'
[2.309s] Level 1:colcon.colcon_core.environment:checking '/home/robot/robot_ws/install/safeway_robot_controll_packet_RS485/bin'
[2.309s] Level 1:colcon.colcon_core.environment:checking '/home/robot/robot_ws/install/safeway_robot_controll_packet_RS485/lib/pkgconfig/safeway_robot_controll_packet_RS485.pc'
[2.309s] Level 1:colcon.colcon_core.environment:checking '/home/robot/robot_ws/install/safeway_robot_controll_packet_RS485/lib/python3.10/site-packages'
[2.309s] Level 1:colcon.colcon_core.environment:checking '/home/robot/robot_ws/install/safeway_robot_controll_packet_RS485/bin'
[2.326s] INFO:colcon.colcon_core.shell:Creating package script '/home/robot/robot_ws/install/safeway_robot_controll_packet_RS485/share/safeway_robot_controll_packet_RS485/package.ps1'
[2.327s] INFO:colcon.colcon_core.shell:Creating package descriptor '/home/robot/robot_ws/install/safeway_robot_controll_packet_RS485/share/safeway_robot_controll_packet_RS485/package.dsv'
[2.327s] INFO:colcon.colcon_core.shell:Creating package script '/home/robot/robot_ws/install/safeway_robot_controll_packet_RS485/share/safeway_robot_controll_packet_RS485/package.sh'
[2.328s] INFO:colcon.colcon_core.shell:Creating package script '/home/robot/robot_ws/install/safeway_robot_controll_packet_RS485/share/safeway_robot_controll_packet_RS485/package.bash'
[2.328s] INFO:colcon.colcon_core.shell:Creating package script '/home/robot/robot_ws/install/safeway_robot_controll_packet_RS485/share/safeway_robot_controll_packet_RS485/package.zsh'
[2.329s] Level 1:colcon.colcon_core.environment:create_file_with_runtime_dependencies(/home/robot/robot_ws/install/safeway_robot_controll_packet_RS485/share/colcon-core/packages/safeway_robot_controll_packet_RS485)
[2.351s] Level 1:colcon.colcon_core.environment:create_environment_scripts_only(my_first_ros_rclcpp_pkg)
[2.371s] Level 1:colcon.colcon_core.environment:checking '/home/robot/robot_ws/install/my_first_ros_rclcpp_pkg' for CMake module files
[2.371s] Level 1:colcon.colcon_core.environment:checking '/home/robot/robot_ws/install/my_first_ros_rclcpp_pkg' for CMake config files
[2.372s] Level 1:colcon.colcon_core.shell:create_environment_hook('my_first_ros_rclcpp_pkg', 'cmake_prefix_path')
[2.389s] INFO:colcon.colcon_core.shell:Creating environment hook '/home/robot/robot_ws/install/my_first_ros_rclcpp_pkg/share/my_first_ros_rclcpp_pkg/hook/cmake_prefix_path.ps1'
[2.390s] INFO:colcon.colcon_core.shell:Creating environment descriptor '/home/robot/robot_ws/install/my_first_ros_rclcpp_pkg/share/my_first_ros_rclcpp_pkg/hook/cmake_prefix_path.dsv'
[2.390s] INFO:colcon.colcon_core.shell:Creating environment hook '/home/robot/robot_ws/install/my_first_ros_rclcpp_pkg/share/my_first_ros_rclcpp_pkg/hook/cmake_prefix_path.sh'
[2.391s] Level 1:colcon.colcon_core.environment:checking '/home/robot/robot_ws/install/my_first_ros_rclcpp_pkg/lib'
[2.391s] Level 1:colcon.colcon_core.environment:checking '/home/robot/robot_ws/install/my_first_ros_rclcpp_pkg/bin'
[2.391s] Level 1:colcon.colcon_core.environment:checking '/home/robot/robot_ws/install/my_first_ros_rclcpp_pkg/lib/pkgconfig/my_first_ros_rclcpp_pkg.pc'
[2.391s] Level 1:colcon.colcon_core.environment:checking '/home/robot/robot_ws/install/my_first_ros_rclcpp_pkg/lib/python3.10/site-packages'
[2.392s] Level 1:colcon.colcon_core.environment:checking '/home/robot/robot_ws/install/my_first_ros_rclcpp_pkg/bin'
[2.412s] INFO:colcon.colcon_core.shell:Creating package script '/home/robot/robot_ws/install/my_first_ros_rclcpp_pkg/share/my_first_ros_rclcpp_pkg/package.ps1'
[2.413s] INFO:colcon.colcon_core.shell:Creating package descriptor '/home/robot/robot_ws/install/my_first_ros_rclcpp_pkg/share/my_first_ros_rclcpp_pkg/package.dsv'
[2.413s] INFO:colcon.colcon_core.shell:Creating package script '/home/robot/robot_ws/install/my_first_ros_rclcpp_pkg/share/my_first_ros_rclcpp_pkg/package.sh'
[2.414s] INFO:colcon.colcon_core.shell:Creating package script '/home/robot/robot_ws/install/my_first_ros_rclcpp_pkg/share/my_first_ros_rclcpp_pkg/package.bash'
[2.415s] INFO:colcon.colcon_core.shell:Creating package script '/home/robot/robot_ws/install/my_first_ros_rclcpp_pkg/share/my_first_ros_rclcpp_pkg/package.zsh'
[2.416s] Level 1:colcon.colcon_core.environment:create_file_with_runtime_dependencies(/home/robot/robot_ws/install/my_first_ros_rclcpp_pkg/share/colcon-core/packages/my_first_ros_rclcpp_pkg)
[2.442s] DEBUG:colcon.colcon_core.event_handler.log_command:Invoking command in '/home/robot/robot_ws/src/urdf_tutorial': PYTHONPATH=/home/robot/robot_ws/build/urdf_tutorial/prefix_override:/home/robot/robot_ws/install/urdf_tutorial/lib/python3.10/site-packages:${PYTHONPATH} /usr/bin/python3 setup.py egg_info --egg-base ../../build/urdf_tutorial build --build-base /home/robot/robot_ws/build/urdf_tutorial/build install --record /home/robot/robot_ws/build/urdf_tutorial/install.log --single-version-externally-managed
[2.755s] DEBUG:colcon.colcon_core.event_handler.log_command:Invoked command in '/home/robot/robot_ws/src/urdf_tutorial' returned '0': PYTHONPATH=/home/robot/robot_ws/build/urdf_tutorial/prefix_override:/home/robot/robot_ws/install/urdf_tutorial/lib/python3.10/site-packages:${PYTHONPATH} /usr/bin/python3 setup.py egg_info --egg-base ../../build/urdf_tutorial build --build-base /home/robot/robot_ws/build/urdf_tutorial/build install --record /home/robot/robot_ws/build/urdf_tutorial/install.log --single-version-externally-managed
[2.772s] Level 1:colcon.colcon_core.environment:checking '/home/robot/robot_ws/install/urdf_tutorial' for CMake module files
[2.773s] Level 1:colcon.colcon_core.environment:checking '/home/robot/robot_ws/install/urdf_tutorial' for CMake config files
[2.773s] Level 1:colcon.colcon_core.environment:checking '/home/robot/robot_ws/install/urdf_tutorial/lib'
[2.773s] Level 1:colcon.colcon_core.environment:checking '/home/robot/robot_ws/install/urdf_tutorial/bin'
[2.773s] Level 1:colcon.colcon_core.environment:checking '/home/robot/robot_ws/install/urdf_tutorial/lib/pkgconfig/urdf_tutorial.pc'
[2.774s] Level 1:colcon.colcon_core.environment:checking '/home/robot/robot_ws/install/urdf_tutorial/lib/python3.10/site-packages'
[2.774s] Level 1:colcon.colcon_core.shell:create_environment_hook('urdf_tutorial', 'pythonpath')
[2.790s] INFO:colcon.colcon_core.shell:Creating environment hook '/home/robot/robot_ws/install/urdf_tutorial/share/urdf_tutorial/hook/pythonpath.ps1'
[2.791s] INFO:colcon.colcon_core.shell:Creating environment descriptor '/home/robot/robot_ws/install/urdf_tutorial/share/urdf_tutorial/hook/pythonpath.dsv'
[2.791s] INFO:colcon.colcon_core.shell:Creating environment hook '/home/robot/robot_ws/install/urdf_tutorial/share/urdf_tutorial/hook/pythonpath.sh'
[2.791s] Level 1:colcon.colcon_core.environment:checking '/home/robot/robot_ws/install/urdf_tutorial/bin'
[2.792s] Level 1:colcon.colcon_core.environment:create_environment_scripts_only(urdf_tutorial)
[2.807s] INFO:colcon.colcon_core.shell:Creating package script '/home/robot/robot_ws/install/urdf_tutorial/share/urdf_tutorial/package.ps1'
[2.807s] INFO:colcon.colcon_core.shell:Creating package descriptor '/home/robot/robot_ws/install/urdf_tutorial/share/urdf_tutorial/package.dsv'
[2.808s] INFO:colcon.colcon_core.shell:Creating package script '/home/robot/robot_ws/install/urdf_tutorial/share/urdf_tutorial/package.sh'
[2.808s] INFO:colcon.colcon_core.shell:Creating package script '/home/robot/robot_ws/install/urdf_tutorial/share/urdf_tutorial/package.bash'
[2.808s] INFO:colcon.colcon_core.shell:Creating package script '/home/robot/robot_ws/install/urdf_tutorial/share/urdf_tutorial/package.zsh'
[2.809s] Level 1:colcon.colcon_core.environment:create_file_with_runtime_dependencies(/home/robot/robot_ws/install/urdf_tutorial/share/colcon-core/packages/urdf_tutorial)
[2.809s] DEBUG:colcon.colcon_parallel_executor.executor.parallel:closing loop
[2.809s] DEBUG:colcon.colcon_parallel_executor.executor.parallel:loop closed
[2.809s] DEBUG:colcon.colcon_parallel_executor.executor.parallel:run_until_complete finished with '0'
[2.809s] DEBUG:colcon.colcon_core.event_reactor:joining thread
[2.840s] INFO:colcon.colcon_core.plugin_system:Skipping extension 'colcon_notification.desktop_notification.terminal_notifier': Not used on non-Darwin systems
[2.840s] INFO:colcon.colcon_core.plugin_system:Skipping extension 'colcon_notification.desktop_notification.win32': Not used on non-Windows systems
[2.840s] INFO:colcon.colcon_notification.desktop_notification:Sending desktop notification using 'notify2'
[2.860s] DEBUG:colcon.colcon_core.event_reactor:joined thread
[2.881s] INFO:colcon.colcon_core.shell:Creating prefix script '/home/robot/robot_ws/install/local_setup.ps1'
[2.882s] INFO:colcon.colcon_core.shell:Creating prefix util module '/home/robot/robot_ws/install/_local_setup_util_ps1.py'
[2.884s] INFO:colcon.colcon_core.shell:Creating prefix chain script '/home/robot/robot_ws/install/setup.ps1'
[2.905s] INFO:colcon.colcon_core.shell:Creating prefix script '/home/robot/robot_ws/install/local_setup.sh'
[2.906s] INFO:colcon.colcon_core.shell:Creating prefix util module '/home/robot/robot_ws/install/_local_setup_util_sh.py'
[2.906s] INFO:colcon.colcon_core.shell:Creating prefix chain script '/home/robot/robot_ws/install/setup.sh'
[2.928s] INFO:colcon.colcon_core.shell:Creating prefix script '/home/robot/robot_ws/install/local_setup.bash'
[2.929s] INFO:colcon.colcon_core.shell:Creating prefix chain script '/home/robot/robot_ws/install/setup.bash'
[2.945s] INFO:colcon.colcon_core.shell:Creating prefix script '/home/robot/robot_ws/install/local_setup.zsh'
[2.946s] INFO:colcon.colcon_core.shell:Creating prefix chain script '/home/robot/robot_ws/install/setup.zsh'
