[0.079s] Invoking command in '/home/robot/robot_ws/build/safeway_robot_controll_packet_RS485': CMAKE_PREFIX_PATH=/opt/ros/humble /usr/bin/cmake --build /home/robot/robot_ws/build/safeway_robot_controll_packet_RS485 -- -j4 -l4
[0.131s] -- Found ament_cmake: 1.3.6 (/opt/ros/humble/share/ament_cmake/cmake)
[0.343s] -- Found rclcpp: 16.0.7 (/opt/ros/humble/share/rclcpp/cmake)
[0.399s] -- Found rosidl_generator_c: 3.1.5 (/opt/ros/humble/share/rosidl_generator_c/cmake)
[0.404s] -- Found rosidl_adapter: 3.1.5 (/opt/ros/humble/share/rosidl_adapter/cmake)
[0.416s] -- Found rosidl_generator_cpp: 3.1.5 (/opt/ros/humble/share/rosidl_generator_cpp/cmake)
[0.439s] -- Using all available rosidl_typesupport_c: rosidl_typesupport_fastrtps_c;rosidl_typesupport_introspection_c
[0.461s] -- Using all available rosidl_typesupport_cpp: rosidl_typesupport_fastrtps_cpp;rosidl_typesupport_introspection_cpp
[0.575s] -- Found rmw_implementation_cmake: 6.1.1 (/opt/ros/humble/share/rmw_implementation_cmake/cmake)
[0.578s] -- Found rmw_fastrtps_cpp: 6.2.5 (/opt/ros/humble/share/rmw_fastrtps_cpp/cmake)
[0.731s] -- Using RMW implementation 'rmw_fastrtps_cpp' as default
[0.906s] -- Found geometry_msgs: 4.2.3 (/opt/ros/humble/share/geometry_msgs/cmake)
[0.956s] [31mCMake Error at CMakeLists.txt:22 (target_link_libraries):
[0.957s]   The plain signature for target_link_libraries has already been used with
[0.957s]   the target "packet_RS485_publisher".  All uses of target_link_libraries
[0.957s]   with a target must be either all-keyword or all-plain.
[0.957s] 
[0.957s]   The uses of the plain signature are here:
[0.957s] 
[0.957s]    * /opt/ros/humble/share/ament_cmake_target_dependencies/cmake/ament_target_dependencies.cmake:145 (target_link_libraries)
[0.957s] 
[0.957s] 
[0.957s] [0m
[0.958s] -- Found ament_lint_auto: 0.12.9 (/opt/ros/humble/share/ament_lint_auto/cmake)
[1.015s] WARNING: Package name "safeway_robot_controll_packet_RS485" does not follow the naming conventions. It should start with a lower case letter and only contain lower case letters, digits, underscores, and dashes.
[1.039s] -- Added test 'copyright' to check source files copyright and LICENSE
[1.039s] -- Added test 'cppcheck' to perform static code analysis on C / C++ code
[1.040s] -- Configured cppcheck include dirs: /home/robot/robot_ws/src/safeway_robot_controll_packet_RS485/include
[1.040s] -- Configured cppcheck exclude dirs and/or files: 
[1.041s] -- Added test 'cpplint' to check C / C++ code against the Google style
[1.041s] -- Configured cpplint exclude dirs and/or files: 
[1.042s] -- Added test 'lint_cmake' to check CMake code style
[1.043s] -- Added test 'uncrustify' to check C / C++ code style
[1.043s] -- Configured uncrustify additional arguments: 
[1.043s] -- Added test 'xmllint' to check XML markup files
[1.045s] -- Configuring incomplete, errors occurred!
[1.045s] See also "/home/robot/robot_ws/build/safeway_robot_controll_packet_RS485/CMakeFiles/CMakeOutput.log".
[1.054s] gmake: *** [Makefile:267: cmake_check_build_system] 오류 1
[1.056s] Invoked command in '/home/robot/robot_ws/build/safeway_robot_controll_packet_RS485' returned '2': CMAKE_PREFIX_PATH=/opt/ros/humble /usr/bin/cmake --build /home/robot/robot_ws/build/safeway_robot_controll_packet_RS485 -- -j4 -l4
