[0.242s] Invoking command in '/home/robot/robot_ws/build/gl_ros2_driver': CMAKE_PREFIX_PATH=${CMAKE_PREFIX_PATH}:/home/robot/robot_ws/install/urdf_tutorial:/home/robot/turtlebot3_ws/install/turtlebot3_teleop:/home/robot/turtlebot3_ws/install/turtlebot3_example:/opt/ros/humble /usr/bin/cmake --build /home/robot/robot_ws/build/gl_ros2_driver -- -j4 -l4
[0.317s] [ 45%] Built target serial
[0.341s] [ 63%] Built target udp
[0.342s] [ 81%] Built target gl_driver
[0.377s] [100%] Built target gl_ros2_driver_node
[0.396s] Invoked command in '/home/robot/robot_ws/build/gl_ros2_driver' returned '0': CMAKE_PREFIX_PATH=${CMAKE_PREFIX_PATH}:/home/robot/robot_ws/install/urdf_tutorial:/home/robot/turtlebot3_ws/install/turtlebot3_teleop:/home/robot/turtlebot3_ws/install/turtlebot3_example:/opt/ros/humble /usr/bin/cmake --build /home/robot/robot_ws/build/gl_ros2_driver -- -j4 -l4
[0.514s] Invoking command in '/home/robot/robot_ws/build/gl_ros2_driver': CMAKE_PREFIX_PATH=${CMAKE_PREFIX_PATH}:/home/robot/robot_ws/install/urdf_tutorial:/home/robot/turtlebot3_ws/install/turtlebot3_teleop:/home/robot/turtlebot3_ws/install/turtlebot3_example:/opt/ros/humble /usr/bin/cmake --install /home/robot/robot_ws/build/gl_ros2_driver
[0.524s] -- Install configuration: "Debug"
[0.524s] -- Up-to-date: /home/robot/robot_ws/install/gl_ros2_driver/lib/gl_ros2_driver/gl_ros2_driver_node
[0.525s] -- Up-to-date: /home/robot/robot_ws/install/gl_ros2_driver/share/gl_ros2_driver/launch
[0.526s] -- Up-to-date: /home/robot/robot_ws/install/gl_ros2_driver/share/gl_ros2_driver/launch/__pycache__
[0.526s] -- Up-to-date: /home/robot/robot_ws/install/gl_ros2_driver/share/gl_ros2_driver/launch/__pycache__/gl_ros2_driver.cpython-310.pyc
[0.527s] -- Up-to-date: /home/robot/robot_ws/install/gl_ros2_driver/share/gl_ros2_driver/launch/gl_ros2_driver.py
[0.527s] -- Up-to-date: /home/robot/robot_ws/install/gl_ros2_driver/share/gl_ros2_driver/launch/view_gl_ros2_driver.py
[0.527s] -- Up-to-date: /home/robot/robot_ws/install/gl_ros2_driver/share/gl_ros2_driver/rviz
[0.531s] -- Up-to-date: /home/robot/robot_ws/install/gl_ros2_driver/share/gl_ros2_driver/rviz/config.rviz
[0.531s] -- Up-to-date: /home/robot/robot_ws/install/gl_ros2_driver/share/ament_index/resource_index/package_run_dependencies/gl_ros2_driver
[0.531s] -- Up-to-date: /home/robot/robot_ws/install/gl_ros2_driver/share/ament_index/resource_index/parent_prefix_path/gl_ros2_driver
[0.531s] -- Up-to-date: /home/robot/robot_ws/install/gl_ros2_driver/share/gl_ros2_driver/environment/ament_prefix_path.sh
[0.532s] -- Up-to-date: /home/robot/robot_ws/install/gl_ros2_driver/share/gl_ros2_driver/environment/ament_prefix_path.dsv
[0.532s] -- Up-to-date: /home/robot/robot_ws/install/gl_ros2_driver/share/gl_ros2_driver/environment/path.sh
[0.532s] -- Up-to-date: /home/robot/robot_ws/install/gl_ros2_driver/share/gl_ros2_driver/environment/path.dsv
[0.532s] -- Up-to-date: /home/robot/robot_ws/install/gl_ros2_driver/share/gl_ros2_driver/local_setup.bash
[0.532s] -- Up-to-date: /home/robot/robot_ws/install/gl_ros2_driver/share/gl_ros2_driver/local_setup.sh
[0.532s] -- Up-to-date: /home/robot/robot_ws/install/gl_ros2_driver/share/gl_ros2_driver/local_setup.zsh
[0.532s] -- Up-to-date: /home/robot/robot_ws/install/gl_ros2_driver/share/gl_ros2_driver/local_setup.dsv
[0.532s] -- Installing: /home/robot/robot_ws/install/gl_ros2_driver/share/gl_ros2_driver/package.dsv
[0.532s] -- Up-to-date: /home/robot/robot_ws/install/gl_ros2_driver/share/ament_index/resource_index/packages/gl_ros2_driver
[0.532s] -- Up-to-date: /home/robot/robot_ws/install/gl_ros2_driver/share/gl_ros2_driver/cmake/gl_ros2_driverConfig.cmake
[0.532s] -- Up-to-date: /home/robot/robot_ws/install/gl_ros2_driver/share/gl_ros2_driver/cmake/gl_ros2_driverConfig-version.cmake
[0.533s] -- Up-to-date: /home/robot/robot_ws/install/gl_ros2_driver/share/gl_ros2_driver/package.xml
[0.543s] Invoked command in '/home/robot/robot_ws/build/gl_ros2_driver' returned '0': CMAKE_PREFIX_PATH=${CMAKE_PREFIX_PATH}:/home/robot/robot_ws/install/urdf_tutorial:/home/robot/turtlebot3_ws/install/turtlebot3_teleop:/home/robot/turtlebot3_ws/install/turtlebot3_example:/opt/ros/humble /usr/bin/cmake --install /home/robot/robot_ws/build/gl_ros2_driver
