[0.207s] Invoking command in '/home/robot/robot_ws/build/gl_ros2_driver_udp': CMAKE_PREFIX_PATH=${CMAKE_PREFIX_PATH}:/home/robot/robot_ws/install/urdf_tutorial:/home/robot/turtlebot3_ws/install/turtlebot3_teleop:/home/robot/turtlebot3_ws/install/turtlebot3_example:/opt/ros/humble /usr/bin/cmake --build /home/robot/robot_ws/build/gl_ros2_driver_udp -- -j4 -l4
[0.297s] [ 18%] Built target udp
[0.304s] [ 63%] Built target serial
[0.307s] [ 81%] Built target gl_driver
[0.345s] [100%] Built target gl_ros2_driver_udp_node
[0.370s] Invoked command in '/home/robot/robot_ws/build/gl_ros2_driver_udp' returned '0': CMAKE_PREFIX_PATH=${CMAKE_PREFIX_PATH}:/home/robot/robot_ws/install/urdf_tutorial:/home/robot/turtlebot3_ws/install/turtlebot3_teleop:/home/robot/turtlebot3_ws/install/turtlebot3_example:/opt/ros/humble /usr/bin/cmake --build /home/robot/robot_ws/build/gl_ros2_driver_udp -- -j4 -l4
[0.445s] Invoking command in '/home/robot/robot_ws/build/gl_ros2_driver_udp': CMAKE_PREFIX_PATH=${CMAKE_PREFIX_PATH}:/home/robot/robot_ws/install/urdf_tutorial:/home/robot/turtlebot3_ws/install/turtlebot3_teleop:/home/robot/turtlebot3_ws/install/turtlebot3_example:/opt/ros/humble /usr/bin/cmake --install /home/robot/robot_ws/build/gl_ros2_driver_udp
[0.459s] -- Install configuration: "Debug"
[0.459s] -- Up-to-date: /home/robot/robot_ws/install/gl_ros2_driver_udp/lib/gl_ros2_driver_udp/gl_ros2_driver_udp_node
[0.459s] -- Up-to-date: /home/robot/robot_ws/install/gl_ros2_driver_udp/share/gl_ros2_driver_udp/launch
[0.459s] -- Up-to-date: /home/robot/robot_ws/install/gl_ros2_driver_udp/share/gl_ros2_driver_udp/launch/__pycache__
[0.460s] -- Up-to-date: /home/robot/robot_ws/install/gl_ros2_driver_udp/share/gl_ros2_driver_udp/launch/__pycache__/gl_ros2_driver_udp.cpython-310.pyc
[0.460s] -- Up-to-date: /home/robot/robot_ws/install/gl_ros2_driver_udp/share/gl_ros2_driver_udp/launch/gl_ros2_driver_udp.py
[0.460s] -- Up-to-date: /home/robot/robot_ws/install/gl_ros2_driver_udp/share/gl_ros2_driver_udp/launch/view_gl_ros2_driver_udp.py
[0.461s] -- Up-to-date: /home/robot/robot_ws/install/gl_ros2_driver_udp/share/gl_ros2_driver_udp/rviz
[0.461s] -- Up-to-date: /home/robot/robot_ws/install/gl_ros2_driver_udp/share/gl_ros2_driver_udp/rviz/config.rviz
[0.461s] -- Up-to-date: /home/robot/robot_ws/install/gl_ros2_driver_udp/share/ament_index/resource_index/package_run_dependencies/gl_ros2_driver_udp
[0.461s] -- Up-to-date: /home/robot/robot_ws/install/gl_ros2_driver_udp/share/ament_index/resource_index/parent_prefix_path/gl_ros2_driver_udp
[0.461s] -- Up-to-date: /home/robot/robot_ws/install/gl_ros2_driver_udp/share/gl_ros2_driver_udp/environment/ament_prefix_path.sh
[0.461s] -- Up-to-date: /home/robot/robot_ws/install/gl_ros2_driver_udp/share/gl_ros2_driver_udp/environment/ament_prefix_path.dsv
[0.461s] -- Up-to-date: /home/robot/robot_ws/install/gl_ros2_driver_udp/share/gl_ros2_driver_udp/environment/path.sh
[0.461s] -- Up-to-date: /home/robot/robot_ws/install/gl_ros2_driver_udp/share/gl_ros2_driver_udp/environment/path.dsv
[0.461s] -- Up-to-date: /home/robot/robot_ws/install/gl_ros2_driver_udp/share/gl_ros2_driver_udp/local_setup.bash
[0.462s] -- Up-to-date: /home/robot/robot_ws/install/gl_ros2_driver_udp/share/gl_ros2_driver_udp/local_setup.sh
[0.462s] -- Up-to-date: /home/robot/robot_ws/install/gl_ros2_driver_udp/share/gl_ros2_driver_udp/local_setup.zsh
[0.462s] -- Up-to-date: /home/robot/robot_ws/install/gl_ros2_driver_udp/share/gl_ros2_driver_udp/local_setup.dsv
[0.462s] -- Installing: /home/robot/robot_ws/install/gl_ros2_driver_udp/share/gl_ros2_driver_udp/package.dsv
[0.462s] -- Up-to-date: /home/robot/robot_ws/install/gl_ros2_driver_udp/share/ament_index/resource_index/packages/gl_ros2_driver_udp
[0.462s] -- Up-to-date: /home/robot/robot_ws/install/gl_ros2_driver_udp/share/gl_ros2_driver_udp/cmake/gl_ros2_driver_udpConfig.cmake
[0.463s] -- Up-to-date: /home/robot/robot_ws/install/gl_ros2_driver_udp/share/gl_ros2_driver_udp/cmake/gl_ros2_driver_udpConfig-version.cmake
[0.463s] -- Up-to-date: /home/robot/robot_ws/install/gl_ros2_driver_udp/share/gl_ros2_driver_udp/package.xml
[0.592s] Invoked command in '/home/robot/robot_ws/build/gl_ros2_driver_udp' returned '0': CMAKE_PREFIX_PATH=${CMAKE_PREFIX_PATH}:/home/robot/robot_ws/install/urdf_tutorial:/home/robot/turtlebot3_ws/install/turtlebot3_teleop:/home/robot/turtlebot3_ws/install/turtlebot3_example:/opt/ros/humble /usr/bin/cmake --install /home/robot/robot_ws/build/gl_ros2_driver_udp
