[0.015s] Invoking command in '/home/robot/robot_ws/build/safeway_robot_controll_packet_rs485': CMAKE_PREFIX_PATH=/home/robot/robot_ws/install/message_interface:/home/robot/robot_ws/install/ydlidar_sdk:/home/robot/robot_ws/install/slam_toolbox:/home/robot/robot_ws/install/safeway_robot_controll_packet_rs485:/home/robot/robot_ws/install/pointcloud_to_laserscan:/home/robot/robot_ws/install/onetouch_launch:/home/robot/robot_ws/install/nav2_test_utils:/home/robot/robot_ws/install/nav2_common:/home/robot/robot_ws/install/my_first_ros_rclcpp_pkg:/home/robot/robot_ws/install/clustering_cpp:/home/robot/robot_ws/install/ldlidar_stl_ros2:/home/robot/robot_ws/install/ld08_driver:/home/robot/robot_ws/install/gl_ros2_driver:/home/robot/robot_ws/install/car_odom:/home/robot/ydlidar_ros2_driver/install/ydlidar_ros2_driver:/home/robot/robot_ws/install/urdf_tutorial:/opt/ros/humble LD_LIBRARY_PATH=/home/robot/robot_ws/install/message_interface/lib:/home/robot/robot_ws/install/slam_toolbox/lib:/home/robot/robot_ws/install/pointcloud_to_laserscan/lib:/opt/ros/humble/opt/rviz_ogre_vendor/lib:/opt/ros/humble/lib/x86_64-linux-gnu:/opt/ros/humble/lib /usr/bin/cmake --build /home/robot/robot_ws/build/safeway_robot_controll_packet_rs485 -- -j4 -l4
[0.114s] [ 13%] Built target packet_rs485_publisher
[0.118s] [ 36%] Built target packet_rs485_subscriber
[0.128s] [ 50%] Built target packet_uwb_dwm1001_publisher
[0.132s] [ 59%] Built target packet_tf2_tracing
[0.153s] [ 86%] Built target packet_rs485_subscriber_wagon
[0.161s] [100%] Built target esp32_controller
[0.180s] Invoked command in '/home/robot/robot_ws/build/safeway_robot_controll_packet_rs485' returned '0': CMAKE_PREFIX_PATH=/home/robot/robot_ws/install/message_interface:/home/robot/robot_ws/install/ydlidar_sdk:/home/robot/robot_ws/install/slam_toolbox:/home/robot/robot_ws/install/safeway_robot_controll_packet_rs485:/home/robot/robot_ws/install/pointcloud_to_laserscan:/home/robot/robot_ws/install/onetouch_launch:/home/robot/robot_ws/install/nav2_test_utils:/home/robot/robot_ws/install/nav2_common:/home/robot/robot_ws/install/my_first_ros_rclcpp_pkg:/home/robot/robot_ws/install/clustering_cpp:/home/robot/robot_ws/install/ldlidar_stl_ros2:/home/robot/robot_ws/install/ld08_driver:/home/robot/robot_ws/install/gl_ros2_driver:/home/robot/robot_ws/install/car_odom:/home/robot/ydlidar_ros2_driver/install/ydlidar_ros2_driver:/home/robot/robot_ws/install/urdf_tutorial:/opt/ros/humble LD_LIBRARY_PATH=/home/robot/robot_ws/install/message_interface/lib:/home/robot/robot_ws/install/slam_toolbox/lib:/home/robot/robot_ws/install/pointcloud_to_laserscan/lib:/opt/ros/humble/opt/rviz_ogre_vendor/lib:/opt/ros/humble/lib/x86_64-linux-gnu:/opt/ros/humble/lib /usr/bin/cmake --build /home/robot/robot_ws/build/safeway_robot_controll_packet_rs485 -- -j4 -l4
[0.256s] Invoking command in '/home/robot/robot_ws/build/safeway_robot_controll_packet_rs485': CMAKE_PREFIX_PATH=/home/robot/robot_ws/install/message_interface:/home/robot/robot_ws/install/ydlidar_sdk:/home/robot/robot_ws/install/slam_toolbox:/home/robot/robot_ws/install/safeway_robot_controll_packet_rs485:/home/robot/robot_ws/install/pointcloud_to_laserscan:/home/robot/robot_ws/install/onetouch_launch:/home/robot/robot_ws/install/nav2_test_utils:/home/robot/robot_ws/install/nav2_common:/home/robot/robot_ws/install/my_first_ros_rclcpp_pkg:/home/robot/robot_ws/install/clustering_cpp:/home/robot/robot_ws/install/ldlidar_stl_ros2:/home/robot/robot_ws/install/ld08_driver:/home/robot/robot_ws/install/gl_ros2_driver:/home/robot/robot_ws/install/car_odom:/home/robot/ydlidar_ros2_driver/install/ydlidar_ros2_driver:/home/robot/robot_ws/install/urdf_tutorial:/opt/ros/humble LD_LIBRARY_PATH=/home/robot/robot_ws/install/message_interface/lib:/home/robot/robot_ws/install/slam_toolbox/lib:/home/robot/robot_ws/install/pointcloud_to_laserscan/lib:/opt/ros/humble/opt/rviz_ogre_vendor/lib:/opt/ros/humble/lib/x86_64-linux-gnu:/opt/ros/humble/lib /usr/bin/cmake --install /home/robot/robot_ws/build/safeway_robot_controll_packet_rs485
[0.257s] -- Install configuration: "Debug"
[0.257s] -- Up-to-date: /home/robot/robot_ws/install/safeway_robot_controll_packet_rs485/lib/safeway_robot_controll_packet_rs485/packet_rs485_publisher
[0.257s] -- Up-to-date: /home/robot/robot_ws/install/safeway_robot_controll_packet_rs485/lib/safeway_robot_controll_packet_rs485/packet_rs485_subscriber
[0.259s] -- Up-to-date: /home/robot/robot_ws/install/safeway_robot_controll_packet_rs485/lib/safeway_robot_controll_packet_rs485/packet_uwb_dwm1001_publisher
[0.260s] -- Up-to-date: /home/robot/robot_ws/install/safeway_robot_controll_packet_rs485/lib/safeway_robot_controll_packet_rs485/packet_tf2_tracing
[0.261s] -- Up-to-date: /home/robot/robot_ws/install/safeway_robot_controll_packet_rs485/lib/safeway_robot_controll_packet_rs485/esp32_controller
[0.262s] -- Up-to-date: /home/robot/robot_ws/install/safeway_robot_controll_packet_rs485/lib/safeway_robot_controll_packet_rs485/packet_rs485_subscriber_wagon
[0.263s] -- Up-to-date: /home/robot/robot_ws/install/safeway_robot_controll_packet_rs485/share/ament_index/resource_index/package_run_dependencies/safeway_robot_controll_packet_rs485
[0.264s] -- Up-to-date: /home/robot/robot_ws/install/safeway_robot_controll_packet_rs485/share/ament_index/resource_index/parent_prefix_path/safeway_robot_controll_packet_rs485
[0.265s] -- Up-to-date: /home/robot/robot_ws/install/safeway_robot_controll_packet_rs485/share/safeway_robot_controll_packet_rs485/environment/ament_prefix_path.sh
[0.265s] -- Up-to-date: /home/robot/robot_ws/install/safeway_robot_controll_packet_rs485/share/safeway_robot_controll_packet_rs485/environment/ament_prefix_path.dsv
[0.266s] -- Up-to-date: /home/robot/robot_ws/install/safeway_robot_controll_packet_rs485/share/safeway_robot_controll_packet_rs485/environment/path.sh
[0.267s] -- Up-to-date: /home/robot/robot_ws/install/safeway_robot_controll_packet_rs485/share/safeway_robot_controll_packet_rs485/environment/path.dsv
[0.267s] -- Up-to-date: /home/robot/robot_ws/install/safeway_robot_controll_packet_rs485/share/safeway_robot_controll_packet_rs485/local_setup.bash
[0.268s] -- Up-to-date: /home/robot/robot_ws/install/safeway_robot_controll_packet_rs485/share/safeway_robot_controll_packet_rs485/local_setup.sh
[0.269s] -- Up-to-date: /home/robot/robot_ws/install/safeway_robot_controll_packet_rs485/share/safeway_robot_controll_packet_rs485/local_setup.zsh
[0.269s] -- Up-to-date: /home/robot/robot_ws/install/safeway_robot_controll_packet_rs485/share/safeway_robot_controll_packet_rs485/local_setup.dsv
[0.270s] -- Installing: /home/robot/robot_ws/install/safeway_robot_controll_packet_rs485/share/safeway_robot_controll_packet_rs485/package.dsv
[0.273s] -- Up-to-date: /home/robot/robot_ws/install/safeway_robot_controll_packet_rs485/share/ament_index/resource_index/packages/safeway_robot_controll_packet_rs485
[0.274s] -- Up-to-date: /home/robot/robot_ws/install/safeway_robot_controll_packet_rs485/share/safeway_robot_controll_packet_rs485/cmake/safeway_robot_controll_packet_rs485Config.cmake
[0.274s] -- Up-to-date: /home/robot/robot_ws/install/safeway_robot_controll_packet_rs485/share/safeway_robot_controll_packet_rs485/cmake/safeway_robot_controll_packet_rs485Config-version.cmake
[0.274s] -- Up-to-date: /home/robot/robot_ws/install/safeway_robot_controll_packet_rs485/share/safeway_robot_controll_packet_rs485/package.xml
[0.278s] Invoked command in '/home/robot/robot_ws/build/safeway_robot_controll_packet_rs485' returned '0': CMAKE_PREFIX_PATH=/home/robot/robot_ws/install/message_interface:/home/robot/robot_ws/install/ydlidar_sdk:/home/robot/robot_ws/install/slam_toolbox:/home/robot/robot_ws/install/safeway_robot_controll_packet_rs485:/home/robot/robot_ws/install/pointcloud_to_laserscan:/home/robot/robot_ws/install/onetouch_launch:/home/robot/robot_ws/install/nav2_test_utils:/home/robot/robot_ws/install/nav2_common:/home/robot/robot_ws/install/my_first_ros_rclcpp_pkg:/home/robot/robot_ws/install/clustering_cpp:/home/robot/robot_ws/install/ldlidar_stl_ros2:/home/robot/robot_ws/install/ld08_driver:/home/robot/robot_ws/install/gl_ros2_driver:/home/robot/robot_ws/install/car_odom:/home/robot/ydlidar_ros2_driver/install/ydlidar_ros2_driver:/home/robot/robot_ws/install/urdf_tutorial:/opt/ros/humble LD_LIBRARY_PATH=/home/robot/robot_ws/install/message_interface/lib:/home/robot/robot_ws/install/slam_toolbox/lib:/home/robot/robot_ws/install/pointcloud_to_laserscan/lib:/opt/ros/humble/opt/rviz_ogre_vendor/lib:/opt/ros/humble/lib/x86_64-linux-gnu:/opt/ros/humble/lib /usr/bin/cmake --install /home/robot/robot_ws/build/safeway_robot_controll_packet_rs485
