[0.514s] Invoking command in '/home/robot/robot_ws/build/car_odom': CMAKE_PREFIX_PATH=${CMAKE_PREFIX_PATH}:/home/robot/robot_ws/install/urdf_tutorial:/home/robot/turtlebot3_ws/install/turtlebot3_teleop:/home/robot/turtlebot3_ws/install/turtlebot3_example:/opt/ros/humble /usr/bin/cmake --build /home/robot/robot_ws/build/car_odom -- -j4 -l4
[0.581s] [ 50%] [32mBuilding CXX object CMakeFiles/car_odom.dir/src/car_odom.cpp.o[0m
[17.080s] [100%] [32m[1mLinking CXX executable car_odom[0m
[17.841s] [100%] Built target car_odom
[17.868s] Invoked command in '/home/robot/robot_ws/build/car_odom' returned '0': CMAKE_PREFIX_PATH=${CMAKE_PREFIX_PATH}:/home/robot/robot_ws/install/urdf_tutorial:/home/robot/turtlebot3_ws/install/turtlebot3_teleop:/home/robot/turtlebot3_ws/install/turtlebot3_example:/opt/ros/humble /usr/bin/cmake --build /home/robot/robot_ws/build/car_odom -- -j4 -l4
[17.912s] Invoking command in '/home/robot/robot_ws/build/car_odom': CMAKE_PREFIX_PATH=${CMAKE_PREFIX_PATH}:/home/robot/robot_ws/install/urdf_tutorial:/home/robot/turtlebot3_ws/install/turtlebot3_teleop:/home/robot/turtlebot3_ws/install/turtlebot3_example:/opt/ros/humble /usr/bin/cmake --install /home/robot/robot_ws/build/car_odom
[17.922s] -- Install configuration: "Debug"
[17.923s] -- Installing: /home/robot/robot_ws/install/car_odom/lib/car_odom/car_odom
[17.943s] -- Set runtime path of "/home/robot/robot_ws/install/car_odom/lib/car_odom/car_odom" to ""
[17.950s] -- Up-to-date: /home/robot/robot_ws/install/car_odom/share/ament_index/resource_index/package_run_dependencies/car_odom
[17.951s] -- Up-to-date: /home/robot/robot_ws/install/car_odom/share/ament_index/resource_index/parent_prefix_path/car_odom
[17.951s] -- Up-to-date: /home/robot/robot_ws/install/car_odom/share/car_odom/environment/ament_prefix_path.sh
[17.951s] -- Up-to-date: /home/robot/robot_ws/install/car_odom/share/car_odom/environment/ament_prefix_path.dsv
[17.951s] -- Up-to-date: /home/robot/robot_ws/install/car_odom/share/car_odom/environment/path.sh
[17.951s] -- Up-to-date: /home/robot/robot_ws/install/car_odom/share/car_odom/environment/path.dsv
[17.951s] -- Up-to-date: /home/robot/robot_ws/install/car_odom/share/car_odom/local_setup.bash
[17.951s] -- Up-to-date: /home/robot/robot_ws/install/car_odom/share/car_odom/local_setup.sh
[17.951s] -- Up-to-date: /home/robot/robot_ws/install/car_odom/share/car_odom/local_setup.zsh
[17.951s] -- Up-to-date: /home/robot/robot_ws/install/car_odom/share/car_odom/local_setup.dsv
[17.951s] -- Installing: /home/robot/robot_ws/install/car_odom/share/car_odom/package.dsv
[17.951s] -- Up-to-date: /home/robot/robot_ws/install/car_odom/share/ament_index/resource_index/packages/car_odom
[17.951s] -- Up-to-date: /home/robot/robot_ws/install/car_odom/share/car_odom/cmake/car_odomConfig.cmake
[17.952s] -- Up-to-date: /home/robot/robot_ws/install/car_odom/share/car_odom/cmake/car_odomConfig-version.cmake
[17.952s] -- Up-to-date: /home/robot/robot_ws/install/car_odom/share/car_odom/package.xml
[17.958s] Invoked command in '/home/robot/robot_ws/build/car_odom' returned '0': CMAKE_PREFIX_PATH=${CMAKE_PREFIX_PATH}:/home/robot/robot_ws/install/urdf_tutorial:/home/robot/turtlebot3_ws/install/turtlebot3_teleop:/home/robot/turtlebot3_ws/install/turtlebot3_example:/opt/ros/humble /usr/bin/cmake --install /home/robot/robot_ws/build/car_odom
