[0.738s] Invoking command in '/home/robot/robot_ws/build/car_odom': CMAKE_PREFIX_PATH=${CMAKE_PREFIX_PATH}:/home/robot/robot_ws/install/urdf_tutorial:/home/robot/turtlebot3_ws/install/turtlebot3_teleop:/home/robot/turtlebot3_ws/install/turtlebot3_example:/opt/ros/humble /usr/bin/cmake --build /home/robot/robot_ws/build/car_odom -- -j4 -l4
[0.820s] -- Found ament_cmake: 1.3.7 (/opt/ros/humble/share/ament_cmake/cmake)
[1.293s] -- Override CMake install command with custom implementation using symlinks instead of copying resources
[1.327s] -- Found tf2: 0.25.5 (/opt/ros/humble/share/tf2/cmake)
[1.507s] -- Found rosidl_generator_c: 3.1.5 (/opt/ros/humble/share/rosidl_generator_c/cmake)
[1.520s] -- Found rosidl_adapter: 3.1.5 (/opt/ros/humble/share/rosidl_adapter/cmake)
[1.532s] -- Found rosidl_generator_cpp: 3.1.5 (/opt/ros/humble/share/rosidl_generator_cpp/cmake)
[1.572s] -- Using all available rosidl_typesupport_c: rosidl_typesupport_fastrtps_c;rosidl_typesupport_introspection_c
[1.637s] -- Using all available rosidl_typesupport_cpp: rosidl_typesupport_fastrtps_cpp;rosidl_typesupport_introspection_cpp
[2.398s] -- Found tf2_ros: 0.25.5 (/opt/ros/humble/share/tf2_ros/cmake)
[2.900s] -- Found rmw_implementation_cmake: 6.1.1 (/opt/ros/humble/share/rmw_implementation_cmake/cmake)
[2.918s] -- Found rmw_fastrtps_cpp: 6.2.6 (/opt/ros/humble/share/rmw_fastrtps_cpp/cmake)
[3.344s] -- Using RMW implementation 'rmw_fastrtps_cpp' as default
[5.208s] -- Found nav_msgs: 4.2.3 (/opt/ros/humble/share/nav_msgs/cmake)
[5.480s] -- Found ament_lint_auto: 0.12.10 (/opt/ros/humble/share/ament_lint_auto/cmake)
[5.749s] -- Added test 'cppcheck' to perform static code analysis on C / C++ code
[5.749s] -- Configured cppcheck include dirs: 
[5.749s] -- Configured cppcheck exclude dirs and/or files: 
[5.750s] -- Added test 'lint_cmake' to check CMake code style
[5.751s] -- Added test 'uncrustify' to check C / C++ code style
[5.751s] -- Configured uncrustify additional arguments: 
[5.751s] -- Added test 'xmllint' to check XML markup files
[5.752s] -- Configuring done
[5.790s] -- Generating done
[5.799s] -- Build files have been written to: /home/robot/robot_ws/build/car_odom
[5.887s] [35m[1mConsolidate compiler generated dependencies of target car_odom[0m
[5.958s] [100%] Built target car_odom
[6.323s] Invoked command in '/home/robot/robot_ws/build/car_odom' returned '0': CMAKE_PREFIX_PATH=${CMAKE_PREFIX_PATH}:/home/robot/robot_ws/install/urdf_tutorial:/home/robot/turtlebot3_ws/install/turtlebot3_teleop:/home/robot/turtlebot3_ws/install/turtlebot3_example:/opt/ros/humble /usr/bin/cmake --build /home/robot/robot_ws/build/car_odom -- -j4 -l4
[6.629s] Invoking command in '/home/robot/robot_ws/build/car_odom': CMAKE_PREFIX_PATH=${CMAKE_PREFIX_PATH}:/home/robot/robot_ws/install/urdf_tutorial:/home/robot/turtlebot3_ws/install/turtlebot3_teleop:/home/robot/turtlebot3_ws/install/turtlebot3_example:/opt/ros/humble /usr/bin/cmake --install /home/robot/robot_ws/build/car_odom
[6.721s] -- Install configuration: "Debug"
[6.721s] -- Execute custom install script
[6.721s] -- Up-to-date symlink: /home/robot/robot_ws/install/car_odom/lib/car_odom/car_odom
[6.721s] -- Up-to-date symlink: /home/robot/robot_ws/install/car_odom/share/ament_index/resource_index/package_run_dependencies/car_odom
[6.721s] -- Up-to-date symlink: /home/robot/robot_ws/install/car_odom/share/ament_index/resource_index/parent_prefix_path/car_odom
[6.721s] -- Up-to-date symlink: /home/robot/robot_ws/install/car_odom/share/car_odom/environment/ament_prefix_path.sh
[6.721s] -- Up-to-date symlink: /home/robot/robot_ws/install/car_odom/share/car_odom/environment/ament_prefix_path.dsv
[6.721s] -- Up-to-date symlink: /home/robot/robot_ws/install/car_odom/share/car_odom/environment/path.sh
[6.721s] -- Up-to-date symlink: /home/robot/robot_ws/install/car_odom/share/car_odom/environment/path.dsv
[6.721s] -- Up-to-date symlink: /home/robot/robot_ws/install/car_odom/share/car_odom/local_setup.bash
[6.722s] -- Up-to-date symlink: /home/robot/robot_ws/install/car_odom/share/car_odom/local_setup.sh
[6.722s] -- Up-to-date symlink: /home/robot/robot_ws/install/car_odom/share/car_odom/local_setup.zsh
[6.722s] -- Up-to-date symlink: /home/robot/robot_ws/install/car_odom/share/car_odom/local_setup.dsv
[6.724s] -- Symlinking: /home/robot/robot_ws/install/car_odom/share/car_odom/package.dsv
[6.750s] -- Up-to-date symlink: /home/robot/robot_ws/install/car_odom/share/ament_index/resource_index/packages/car_odom
[6.750s] -- Up-to-date symlink: /home/robot/robot_ws/install/car_odom/share/car_odom/cmake/car_odomConfig.cmake
[6.751s] -- Up-to-date symlink: /home/robot/robot_ws/install/car_odom/share/car_odom/cmake/car_odomConfig-version.cmake
[6.751s] -- Up-to-date symlink: /home/robot/robot_ws/install/car_odom/share/car_odom/package.xml
[6.751s] -- Up-to-date symlink: /home/robot/robot_ws/install/car_odom/lib/car_odom/car_odom
[6.751s] -- Up-to-date symlink: /home/robot/robot_ws/install/car_odom/share/ament_index/resource_index/package_run_dependencies/car_odom
[6.751s] -- Up-to-date symlink: /home/robot/robot_ws/install/car_odom/share/ament_index/resource_index/parent_prefix_path/car_odom
[6.751s] -- Up-to-date symlink: /home/robot/robot_ws/install/car_odom/share/car_odom/environment/ament_prefix_path.sh
[6.756s] -- Up-to-date symlink: /home/robot/robot_ws/install/car_odom/share/car_odom/environment/ament_prefix_path.dsv
[6.756s] -- Up-to-date symlink: /home/robot/robot_ws/install/car_odom/share/car_odom/environment/path.sh
[6.756s] -- Up-to-date symlink: /home/robot/robot_ws/install/car_odom/share/car_odom/environment/path.dsv
[6.757s] -- Up-to-date symlink: /home/robot/robot_ws/install/car_odom/share/car_odom/local_setup.bash
[6.757s] -- Up-to-date symlink: /home/robot/robot_ws/install/car_odom/share/car_odom/local_setup.sh
[6.757s] -- Up-to-date symlink: /home/robot/robot_ws/install/car_odom/share/car_odom/local_setup.zsh
[6.757s] -- Up-to-date symlink: /home/robot/robot_ws/install/car_odom/share/car_odom/local_setup.dsv
[6.757s] -- Up-to-date symlink: /home/robot/robot_ws/install/car_odom/share/car_odom/package.dsv
[6.757s] -- Up-to-date symlink: /home/robot/robot_ws/install/car_odom/share/ament_index/resource_index/packages/car_odom
[6.757s] -- Up-to-date symlink: /home/robot/robot_ws/install/car_odom/share/car_odom/cmake/car_odomConfig.cmake
[6.757s] -- Up-to-date symlink: /home/robot/robot_ws/install/car_odom/share/car_odom/cmake/car_odomConfig-version.cmake
[6.757s] -- Up-to-date symlink: /home/robot/robot_ws/install/car_odom/share/car_odom/package.xml
[6.783s] Invoked command in '/home/robot/robot_ws/build/car_odom' returned '0': CMAKE_PREFIX_PATH=${CMAKE_PREFIX_PATH}:/home/robot/robot_ws/install/urdf_tutorial:/home/robot/turtlebot3_ws/install/turtlebot3_teleop:/home/robot/turtlebot3_ws/install/turtlebot3_example:/opt/ros/humble /usr/bin/cmake --install /home/robot/robot_ws/build/car_odom
