[0.703s] Invoking command in '/home/robot/robot_ws/build/message_interface': CMAKE_PREFIX_PATH=${CMAKE_PREFIX_PATH}:/home/robot/robot_ws/install/urdf_tutorial:/home/robot/turtlebot3_ws/install/turtlebot3_teleop:/home/robot/turtlebot3_ws/install/turtlebot3_example:/opt/ros/humble /usr/bin/cmake --build /home/robot/robot_ws/build/message_interface -- -j4 -l4
[0.810s] [  3%] Built target message_interface__cpp
[0.815s] [ 12%] Built target message_interface__rosidl_generator_c
[0.820s] [ 12%] Built target ament_cmake_python_copy_message_interface
[0.875s] [ 22%] Built target message_interface__rosidl_typesupport_fastrtps_c
[0.877s] [ 32%] Built target message_interface__rosidl_typesupport_fastrtps_cpp
[0.881s] [ 41%] Built target message_interface__rosidl_typesupport_cpp
[0.890s] [ 51%] Built target message_interface__rosidl_typesupport_introspection_cpp
[0.913s] [ 61%] Built target message_interface__rosidl_typesupport_introspection_c
[0.934s] [ 70%] Built target message_interface__rosidl_typesupport_c
[0.986s] [ 70%] Built target message_interface
[1.022s] [ 74%] Built target message_interface__py
[1.060s] [ 80%] Built target message_interface__rosidl_generator_py
[1.144s] [ 87%] Built target message_interface__rosidl_typesupport_c__pyext
[1.169s] [ 93%] Built target message_interface__rosidl_typesupport_fastrtps_c__pyext
[1.169s] [100%] Built target message_interface__rosidl_typesupport_introspection_c__pyext
[1.351s] running egg_info
[1.352s] writing message_interface.egg-info/PKG-INFO
[1.352s] writing dependency_links to message_interface.egg-info/dependency_links.txt
[1.352s] writing top-level names to message_interface.egg-info/top_level.txt
[1.355s] reading manifest file 'message_interface.egg-info/SOURCES.txt'
[1.356s] writing manifest file 'message_interface.egg-info/SOURCES.txt'
[1.399s] [100%] Built target ament_cmake_python_build_message_interface_egg
[1.657s] Invoked command in '/home/robot/robot_ws/build/message_interface' returned '0': CMAKE_PREFIX_PATH=${CMAKE_PREFIX_PATH}:/home/robot/robot_ws/install/urdf_tutorial:/home/robot/turtlebot3_ws/install/turtlebot3_teleop:/home/robot/turtlebot3_ws/install/turtlebot3_example:/opt/ros/humble /usr/bin/cmake --build /home/robot/robot_ws/build/message_interface -- -j4 -l4
[2.194s] Invoking command in '/home/robot/robot_ws/build/message_interface': CMAKE_PREFIX_PATH=${CMAKE_PREFIX_PATH}:/home/robot/robot_ws/install/urdf_tutorial:/home/robot/turtlebot3_ws/install/turtlebot3_teleop:/home/robot/turtlebot3_ws/install/turtlebot3_example:/opt/ros/humble /usr/bin/cmake --install /home/robot/robot_ws/build/message_interface
[2.219s] -- Install configuration: "Debug"
[2.219s] -- Up-to-date: /home/robot/robot_ws/install/message_interface/share/ament_index/resource_index/rosidl_interfaces/message_interface
[2.219s] -- Up-to-date: /home/robot/robot_ws/install/message_interface/include/message_interface/message_interface
[2.219s] -- Up-to-date: /home/robot/robot_ws/install/message_interface/include/message_interface/message_interface/msg
[2.219s] -- Up-to-date: /home/robot/robot_ws/install/message_interface/include/message_interface/message_interface/msg/mode.h
[2.219s] -- Up-to-date: /home/robot/robot_ws/install/message_interface/include/message_interface/message_interface/msg/rosidl_generator_c__visibility_control.h
[2.219s] -- Up-to-date: /home/robot/robot_ws/install/message_interface/include/message_interface/message_interface/msg/detail
[2.219s] -- Up-to-date: /home/robot/robot_ws/install/message_interface/include/message_interface/message_interface/msg/detail/mode__type_support.h
[2.232s] -- Up-to-date: /home/robot/robot_ws/install/message_interface/include/message_interface/message_interface/msg/detail/mode__functions.c
[2.232s] -- Up-to-date: /home/robot/robot_ws/install/message_interface/include/message_interface/message_interface/msg/detail/mode__functions.h
[2.232s] -- Up-to-date: /home/robot/robot_ws/install/message_interface/include/message_interface/message_interface/msg/detail/mode__struct.h
[2.232s] -- Up-to-date: /home/robot/robot_ws/install/message_interface/share/message_interface/environment/library_path.sh
[2.232s] -- Up-to-date: /home/robot/robot_ws/install/message_interface/share/message_interface/environment/library_path.dsv
[2.239s] -- Up-to-date: /home/robot/robot_ws/install/message_interface/lib/libmessage_interface__rosidl_generator_c.so
[2.240s] -- Up-to-date: /home/robot/robot_ws/install/message_interface/include/message_interface/message_interface
[2.240s] -- Up-to-date: /home/robot/robot_ws/install/message_interface/include/message_interface/message_interface/msg
[2.240s] -- Up-to-date: /home/robot/robot_ws/install/message_interface/include/message_interface/message_interface/msg/rosidl_typesupport_fastrtps_c__visibility_control.h
[2.240s] -- Up-to-date: /home/robot/robot_ws/install/message_interface/include/message_interface/message_interface/msg/detail
[2.240s] -- Up-to-date: /home/robot/robot_ws/install/message_interface/include/message_interface/message_interface/msg/detail/mode__rosidl_typesupport_fastrtps_c.h
[2.240s] -- Up-to-date: /home/robot/robot_ws/install/message_interface/lib/libmessage_interface__rosidl_typesupport_fastrtps_c.so
[2.240s] -- Up-to-date: /home/robot/robot_ws/install/message_interface/include/message_interface/message_interface
[2.240s] -- Up-to-date: /home/robot/robot_ws/install/message_interface/include/message_interface/message_interface/msg
[2.240s] -- Up-to-date: /home/robot/robot_ws/install/message_interface/include/message_interface/message_interface/msg/detail
[2.241s] -- Up-to-date: /home/robot/robot_ws/install/message_interface/include/message_interface/message_interface/msg/detail/mode__type_support.c
[2.241s] -- Up-to-date: /home/robot/robot_ws/install/message_interface/include/message_interface/message_interface/msg/detail/mode__rosidl_typesupport_introspection_c.h
[2.241s] -- Up-to-date: /home/robot/robot_ws/install/message_interface/include/message_interface/message_interface/msg/rosidl_typesupport_introspection_c__visibility_control.h
[2.241s] -- Up-to-date: /home/robot/robot_ws/install/message_interface/lib/libmessage_interface__rosidl_typesupport_introspection_c.so
[2.241s] -- Up-to-date: /home/robot/robot_ws/install/message_interface/lib/libmessage_interface__rosidl_typesupport_c.so
[2.241s] -- Up-to-date: /home/robot/robot_ws/install/message_interface/include/message_interface/message_interface
[2.241s] -- Up-to-date: /home/robot/robot_ws/install/message_interface/include/message_interface/message_interface/msg
[2.241s] -- Up-to-date: /home/robot/robot_ws/install/message_interface/include/message_interface/message_interface/msg/detail
[2.241s] -- Up-to-date: /home/robot/robot_ws/install/message_interface/include/message_interface/message_interface/msg/detail/mode__traits.hpp
[2.241s] -- Up-to-date: /home/robot/robot_ws/install/message_interface/include/message_interface/message_interface/msg/detail/mode__struct.hpp
[2.241s] -- Up-to-date: /home/robot/robot_ws/install/message_interface/include/message_interface/message_interface/msg/detail/mode__builder.hpp
[2.242s] -- Up-to-date: /home/robot/robot_ws/install/message_interface/include/message_interface/message_interface/msg/mode.hpp
[2.242s] -- Up-to-date: /home/robot/robot_ws/install/message_interface/include/message_interface/message_interface
[2.242s] -- Up-to-date: /home/robot/robot_ws/install/message_interface/include/message_interface/message_interface/msg
[2.242s] -- Up-to-date: /home/robot/robot_ws/install/message_interface/include/message_interface/message_interface/msg/rosidl_typesupport_fastrtps_cpp__visibility_control.h
[2.242s] -- Up-to-date: /home/robot/robot_ws/install/message_interface/include/message_interface/message_interface/msg/detail
[2.242s] -- Up-to-date: /home/robot/robot_ws/install/message_interface/include/message_interface/message_interface/msg/detail/dds_fastrtps
[2.242s] -- Up-to-date: /home/robot/robot_ws/install/message_interface/include/message_interface/message_interface/msg/detail/mode__rosidl_typesupport_fastrtps_cpp.hpp
[2.242s] -- Up-to-date: /home/robot/robot_ws/install/message_interface/lib/libmessage_interface__rosidl_typesupport_fastrtps_cpp.so
[2.242s] -- Up-to-date: /home/robot/robot_ws/install/message_interface/include/message_interface/message_interface
[2.242s] -- Up-to-date: /home/robot/robot_ws/install/message_interface/include/message_interface/message_interface/msg
[2.242s] -- Up-to-date: /home/robot/robot_ws/install/message_interface/include/message_interface/message_interface/msg/detail
[2.243s] -- Up-to-date: /home/robot/robot_ws/install/message_interface/include/message_interface/message_interface/msg/detail/mode__type_support.cpp
[2.243s] -- Up-to-date: /home/robot/robot_ws/install/message_interface/include/message_interface/message_interface/msg/detail/mode__rosidl_typesupport_introspection_cpp.hpp
[2.243s] -- Up-to-date: /home/robot/robot_ws/install/message_interface/lib/libmessage_interface__rosidl_typesupport_introspection_cpp.so
[2.243s] -- Up-to-date: /home/robot/robot_ws/install/message_interface/lib/libmessage_interface__rosidl_typesupport_cpp.so
[2.243s] -- Up-to-date: /home/robot/robot_ws/install/message_interface/share/message_interface/environment/pythonpath.sh
[2.243s] -- Up-to-date: /home/robot/robot_ws/install/message_interface/share/message_interface/environment/pythonpath.dsv
[2.243s] -- Up-to-date: /home/robot/robot_ws/install/message_interface/local/lib/python3.10/dist-packages/message_interface-0.0.0-py3.10.egg-info
[2.243s] -- Installing: /home/robot/robot_ws/install/message_interface/local/lib/python3.10/dist-packages/message_interface-0.0.0-py3.10.egg-info/PKG-INFO
[2.247s] -- Installing: /home/robot/robot_ws/install/message_interface/local/lib/python3.10/dist-packages/message_interface-0.0.0-py3.10.egg-info/top_level.txt
[2.248s] -- Installing: /home/robot/robot_ws/install/message_interface/local/lib/python3.10/dist-packages/message_interface-0.0.0-py3.10.egg-info/dependency_links.txt
[2.248s] -- Installing: /home/robot/robot_ws/install/message_interface/local/lib/python3.10/dist-packages/message_interface-0.0.0-py3.10.egg-info/SOURCES.txt
[2.248s] -- Up-to-date: /home/robot/robot_ws/install/message_interface/local/lib/python3.10/dist-packages/message_interface
[2.248s] -- Up-to-date: /home/robot/robot_ws/install/message_interface/local/lib/python3.10/dist-packages/message_interface/_message_interface_s.ep.rosidl_typesupport_c.c
[2.248s] -- Up-to-date: /home/robot/robot_ws/install/message_interface/local/lib/python3.10/dist-packages/message_interface/message_interface_s__rosidl_typesupport_c.cpython-310-x86_64-linux-gnu.so
[2.248s] -- Up-to-date: /home/robot/robot_ws/install/message_interface/local/lib/python3.10/dist-packages/message_interface/_message_interface_s.ep.rosidl_typesupport_introspection_c.c
[2.248s] -- Up-to-date: /home/robot/robot_ws/install/message_interface/local/lib/python3.10/dist-packages/message_interface/msg
[2.248s] -- Up-to-date: /home/robot/robot_ws/install/message_interface/local/lib/python3.10/dist-packages/message_interface/msg/__init__.py
[2.248s] -- Up-to-date: /home/robot/robot_ws/install/message_interface/local/lib/python3.10/dist-packages/message_interface/msg/_mode.py
[2.249s] -- Up-to-date: /home/robot/robot_ws/install/message_interface/local/lib/python3.10/dist-packages/message_interface/msg/_mode_s.c
[2.249s] -- Up-to-date: /home/robot/robot_ws/install/message_interface/local/lib/python3.10/dist-packages/message_interface/message_interface_s__rosidl_typesupport_fastrtps_c.cpython-310-x86_64-linux-gnu.so
[2.249s] -- Up-to-date: /home/robot/robot_ws/install/message_interface/local/lib/python3.10/dist-packages/message_interface/__init__.py
[2.249s] -- Up-to-date: /home/robot/robot_ws/install/message_interface/local/lib/python3.10/dist-packages/message_interface/libmessage_interface__rosidl_generator_py.so
[2.249s] -- Up-to-date: /home/robot/robot_ws/install/message_interface/local/lib/python3.10/dist-packages/message_interface/message_interface_s__rosidl_typesupport_introspection_c.cpython-310-x86_64-linux-gnu.so
[2.249s] -- Up-to-date: /home/robot/robot_ws/install/message_interface/local/lib/python3.10/dist-packages/message_interface/_message_interface_s.ep.rosidl_typesupport_fastrtps_c.c
[2.332s] Listing '/home/robot/robot_ws/install/message_interface/local/lib/python3.10/dist-packages/message_interface'...
[2.333s] Listing '/home/robot/robot_ws/install/message_interface/local/lib/python3.10/dist-packages/message_interface/msg'...
[2.346s] -- Up-to-date: /home/robot/robot_ws/install/message_interface/local/lib/python3.10/dist-packages/message_interface/message_interface_s__rosidl_typesupport_fastrtps_c.cpython-310-x86_64-linux-gnu.so
[2.348s] -- Up-to-date: /home/robot/robot_ws/install/message_interface/local/lib/python3.10/dist-packages/message_interface/message_interface_s__rosidl_typesupport_introspection_c.cpython-310-x86_64-linux-gnu.so
[2.350s] -- Up-to-date: /home/robot/robot_ws/install/message_interface/local/lib/python3.10/dist-packages/message_interface/message_interface_s__rosidl_typesupport_c.cpython-310-x86_64-linux-gnu.so
[2.351s] -- Up-to-date: /home/robot/robot_ws/install/message_interface/lib/libmessage_interface__rosidl_generator_py.so
[2.352s] -- Up-to-date: /home/robot/robot_ws/install/message_interface/share/message_interface/msg/Mode.idl
[2.353s] -- Up-to-date: /home/robot/robot_ws/install/message_interface/share/message_interface/msg/Mode.msg
[2.355s] -- Up-to-date: /home/robot/robot_ws/install/message_interface/share/ament_index/resource_index/package_run_dependencies/message_interface
[2.356s] -- Up-to-date: /home/robot/robot_ws/install/message_interface/share/ament_index/resource_index/parent_prefix_path/message_interface
[2.356s] -- Up-to-date: /home/robot/robot_ws/install/message_interface/share/message_interface/environment/ament_prefix_path.sh
[2.357s] -- Up-to-date: /home/robot/robot_ws/install/message_interface/share/message_interface/environment/ament_prefix_path.dsv
[2.357s] -- Up-to-date: /home/robot/robot_ws/install/message_interface/share/message_interface/environment/path.sh
[2.358s] -- Up-to-date: /home/robot/robot_ws/install/message_interface/share/message_interface/environment/path.dsv
[2.359s] -- Up-to-date: /home/robot/robot_ws/install/message_interface/share/message_interface/local_setup.bash
[2.360s] -- Up-to-date: /home/robot/robot_ws/install/message_interface/share/message_interface/local_setup.sh
[2.360s] -- Up-to-date: /home/robot/robot_ws/install/message_interface/share/message_interface/local_setup.zsh
[2.360s] -- Up-to-date: /home/robot/robot_ws/install/message_interface/share/message_interface/local_setup.dsv
[2.361s] -- Installing: /home/robot/robot_ws/install/message_interface/share/message_interface/package.dsv
[2.361s] -- Up-to-date: /home/robot/robot_ws/install/message_interface/share/ament_index/resource_index/packages/message_interface
[2.369s] -- Up-to-date: /home/robot/robot_ws/install/message_interface/share/message_interface/cmake/export_message_interface__rosidl_generator_cExport.cmake
[2.369s] -- Up-to-date: /home/robot/robot_ws/install/message_interface/share/message_interface/cmake/export_message_interface__rosidl_generator_cExport-debug.cmake
[2.370s] -- Up-to-date: /home/robot/robot_ws/install/message_interface/share/message_interface/cmake/export_message_interface__rosidl_typesupport_fastrtps_cExport.cmake
[2.370s] -- Up-to-date: /home/robot/robot_ws/install/message_interface/share/message_interface/cmake/export_message_interface__rosidl_typesupport_fastrtps_cExport-debug.cmake
[2.370s] -- Up-to-date: /home/robot/robot_ws/install/message_interface/share/message_interface/cmake/message_interface__rosidl_typesupport_introspection_cExport.cmake
[2.371s] -- Up-to-date: /home/robot/robot_ws/install/message_interface/share/message_interface/cmake/message_interface__rosidl_typesupport_introspection_cExport-debug.cmake
[2.372s] -- Up-to-date: /home/robot/robot_ws/install/message_interface/share/message_interface/cmake/message_interface__rosidl_typesupport_cExport.cmake
[2.372s] -- Up-to-date: /home/robot/robot_ws/install/message_interface/share/message_interface/cmake/message_interface__rosidl_typesupport_cExport-debug.cmake
[2.373s] -- Up-to-date: /home/robot/robot_ws/install/message_interface/share/message_interface/cmake/export_message_interface__rosidl_generator_cppExport.cmake
[2.373s] -- Up-to-date: /home/robot/robot_ws/install/message_interface/share/message_interface/cmake/export_message_interface__rosidl_typesupport_fastrtps_cppExport.cmake
[2.374s] -- Up-to-date: /home/robot/robot_ws/install/message_interface/share/message_interface/cmake/export_message_interface__rosidl_typesupport_fastrtps_cppExport-debug.cmake
[2.380s] -- Up-to-date: /home/robot/robot_ws/install/message_interface/share/message_interface/cmake/message_interface__rosidl_typesupport_introspection_cppExport.cmake
[2.388s] -- Up-to-date: /home/robot/robot_ws/install/message_interface/share/message_interface/cmake/message_interface__rosidl_typesupport_introspection_cppExport-debug.cmake
[2.388s] -- Up-to-date: /home/robot/robot_ws/install/message_interface/share/message_interface/cmake/message_interface__rosidl_typesupport_cppExport.cmake
[2.388s] -- Up-to-date: /home/robot/robot_ws/install/message_interface/share/message_interface/cmake/message_interface__rosidl_typesupport_cppExport-debug.cmake
[2.388s] -- Up-to-date: /home/robot/robot_ws/install/message_interface/share/message_interface/cmake/export_message_interface__rosidl_generator_pyExport.cmake
[2.388s] -- Up-to-date: /home/robot/robot_ws/install/message_interface/share/message_interface/cmake/export_message_interface__rosidl_generator_pyExport-debug.cmake
[2.388s] -- Up-to-date: /home/robot/robot_ws/install/message_interface/share/message_interface/cmake/rosidl_cmake-extras.cmake
[2.388s] -- Up-to-date: /home/robot/robot_ws/install/message_interface/share/message_interface/cmake/ament_cmake_export_include_directories-extras.cmake
[2.388s] -- Up-to-date: /home/robot/robot_ws/install/message_interface/share/message_interface/cmake/ament_cmake_export_libraries-extras.cmake
[2.388s] -- Up-to-date: /home/robot/robot_ws/install/message_interface/share/message_interface/cmake/ament_cmake_export_targets-extras.cmake
[2.388s] -- Up-to-date: /home/robot/robot_ws/install/message_interface/share/message_interface/cmake/rosidl_cmake_export_typesupport_targets-extras.cmake
[2.388s] -- Up-to-date: /home/robot/robot_ws/install/message_interface/share/message_interface/cmake/ament_cmake_export_dependencies-extras.cmake
[2.389s] -- Up-to-date: /home/robot/robot_ws/install/message_interface/share/message_interface/cmake/rosidl_cmake_export_typesupport_libraries-extras.cmake
[2.389s] -- Up-to-date: /home/robot/robot_ws/install/message_interface/share/message_interface/cmake/message_interfaceConfig.cmake
[2.389s] -- Up-to-date: /home/robot/robot_ws/install/message_interface/share/message_interface/cmake/message_interfaceConfig-version.cmake
[2.389s] -- Up-to-date: /home/robot/robot_ws/install/message_interface/share/message_interface/package.xml
[2.531s] Invoked command in '/home/robot/robot_ws/build/message_interface' returned '0': CMAKE_PREFIX_PATH=${CMAKE_PREFIX_PATH}:/home/robot/robot_ws/install/urdf_tutorial:/home/robot/turtlebot3_ws/install/turtlebot3_teleop:/home/robot/turtlebot3_ws/install/turtlebot3_example:/opt/ros/humble /usr/bin/cmake --install /home/robot/robot_ws/build/message_interface
