[0.393s] Invoking command in '/home/robot/robot_ws/build/car_odom': CMAKE_PREFIX_PATH=${CMAKE_PREFIX_PATH}:/home/robot/robot_ws/install/urdf_tutorial:/home/robot/turtlebot3_ws/install/turtlebot3_teleop:/home/robot/turtlebot3_ws/install/turtlebot3_example:/opt/ros/humble /usr/bin/cmake /home/robot/robot_ws/src/car_odom -DCMAKE_INSTALL_PREFIX=/home/robot/robot_ws/install/car_odom
[0.412s] -- Found ament_cmake: 1.3.7 (/opt/ros/humble/share/ament_cmake/cmake)
[0.642s] -- Found tf2: 0.25.5 (/opt/ros/humble/share/tf2/cmake)
[0.690s] -- Found rosidl_generator_c: 3.1.5 (/opt/ros/humble/share/rosidl_generator_c/cmake)
[0.693s] -- Found rosidl_adapter: 3.1.5 (/opt/ros/humble/share/rosidl_adapter/cmake)
[0.702s] -- Found rosidl_generator_cpp: 3.1.5 (/opt/ros/humble/share/rosidl_generator_cpp/cmake)
[0.717s] -- Using all available rosidl_typesupport_c: rosidl_typesupport_fastrtps_c;rosidl_typesupport_introspection_c
[0.739s] -- Using all available rosidl_typesupport_cpp: rosidl_typesupport_fastrtps_cpp;rosidl_typesupport_introspection_cpp
[0.923s] -- Found tf2_ros: 0.25.5 (/opt/ros/humble/share/tf2_ros/cmake)
[1.063s] -- Found rmw_implementation_cmake: 6.1.1 (/opt/ros/humble/share/rmw_implementation_cmake/cmake)
[1.066s] -- Found rmw_fastrtps_cpp: 6.2.6 (/opt/ros/humble/share/rmw_fastrtps_cpp/cmake)
[1.231s] -- Using RMW implementation 'rmw_fastrtps_cpp' as default
[1.890s] -- Found nav_msgs: 4.2.3 (/opt/ros/humble/share/nav_msgs/cmake)
[2.004s] -- Found ament_lint_auto: 0.12.10 (/opt/ros/humble/share/ament_lint_auto/cmake)
[2.097s] -- Added test 'cppcheck' to perform static code analysis on C / C++ code
[2.098s] -- Configured cppcheck include dirs: 
[2.102s] -- Configured cppcheck exclude dirs and/or files: 
[2.103s] -- Added test 'lint_cmake' to check CMake code style
[2.104s] -- Added test 'uncrustify' to check C / C++ code style
[2.104s] -- Configured uncrustify additional arguments: 
[2.104s] -- Added test 'xmllint' to check XML markup files
[2.104s] -- Configuring done
[2.115s] -- Generating done
[2.115s] -- Build files have been written to: /home/robot/robot_ws/build/car_odom
[2.411s] Invoked command in '/home/robot/robot_ws/build/car_odom' returned '0': CMAKE_PREFIX_PATH=${CMAKE_PREFIX_PATH}:/home/robot/robot_ws/install/urdf_tutorial:/home/robot/turtlebot3_ws/install/turtlebot3_teleop:/home/robot/turtlebot3_ws/install/turtlebot3_example:/opt/ros/humble /usr/bin/cmake /home/robot/robot_ws/src/car_odom -DCMAKE_INSTALL_PREFIX=/home/robot/robot_ws/install/car_odom
[2.412s] Invoking command in '/home/robot/robot_ws/build/car_odom': CMAKE_PREFIX_PATH=${CMAKE_PREFIX_PATH}:/home/robot/robot_ws/install/urdf_tutorial:/home/robot/turtlebot3_ws/install/turtlebot3_teleop:/home/robot/turtlebot3_ws/install/turtlebot3_example:/opt/ros/humble /usr/bin/cmake --build /home/robot/robot_ws/build/car_odom -- -j4 -l4
[2.492s] [35m[1mConsolidate compiler generated dependencies of target car_odom[0m
[2.492s] [100%] Built target car_odom
[2.595s] Invoked command in '/home/robot/robot_ws/build/car_odom' returned '0': CMAKE_PREFIX_PATH=${CMAKE_PREFIX_PATH}:/home/robot/robot_ws/install/urdf_tutorial:/home/robot/turtlebot3_ws/install/turtlebot3_teleop:/home/robot/turtlebot3_ws/install/turtlebot3_example:/opt/ros/humble /usr/bin/cmake --build /home/robot/robot_ws/build/car_odom -- -j4 -l4
[2.628s] Invoking command in '/home/robot/robot_ws/build/car_odom': CMAKE_PREFIX_PATH=${CMAKE_PREFIX_PATH}:/home/robot/robot_ws/install/urdf_tutorial:/home/robot/turtlebot3_ws/install/turtlebot3_teleop:/home/robot/turtlebot3_ws/install/turtlebot3_example:/opt/ros/humble /usr/bin/cmake --install /home/robot/robot_ws/build/car_odom
[2.639s] -- Install configuration: "Debug"
[2.640s] -- Up-to-date: /home/robot/robot_ws/install/car_odom/lib/car_odom/car_odom
[2.641s] -- Up-to-date: /home/robot/robot_ws/install/car_odom/share/ament_index/resource_index/package_run_dependencies/car_odom
[2.643s] -- Installing: /home/robot/robot_ws/install/car_odom/share/ament_index/resource_index/parent_prefix_path/car_odom
[2.646s] -- Up-to-date: /home/robot/robot_ws/install/car_odom/share/car_odom/environment/ament_prefix_path.sh
[2.647s] -- Installing: /home/robot/robot_ws/install/car_odom/share/car_odom/environment/ament_prefix_path.dsv
[2.650s] -- Up-to-date: /home/robot/robot_ws/install/car_odom/share/car_odom/environment/path.sh
[2.651s] -- Installing: /home/robot/robot_ws/install/car_odom/share/car_odom/environment/path.dsv
[2.652s] -- Up-to-date: /home/robot/robot_ws/install/car_odom/share/car_odom/local_setup.bash
[2.652s] -- Up-to-date: /home/robot/robot_ws/install/car_odom/share/car_odom/local_setup.sh
[2.653s] -- Up-to-date: /home/robot/robot_ws/install/car_odom/share/car_odom/local_setup.zsh
[2.654s] -- Installing: /home/robot/robot_ws/install/car_odom/share/car_odom/local_setup.dsv
[2.656s] -- Installing: /home/robot/robot_ws/install/car_odom/share/car_odom/package.dsv
[2.657s] -- Up-to-date: /home/robot/robot_ws/install/car_odom/share/ament_index/resource_index/packages/car_odom
[2.659s] -- Up-to-date: /home/robot/robot_ws/install/car_odom/share/car_odom/cmake/car_odomConfig.cmake
[2.659s] -- Up-to-date: /home/robot/robot_ws/install/car_odom/share/car_odom/cmake/car_odomConfig-version.cmake
[2.660s] -- Up-to-date: /home/robot/robot_ws/install/car_odom/share/car_odom/package.xml
[2.674s] Invoked command in '/home/robot/robot_ws/build/car_odom' returned '0': CMAKE_PREFIX_PATH=${CMAKE_PREFIX_PATH}:/home/robot/robot_ws/install/urdf_tutorial:/home/robot/turtlebot3_ws/install/turtlebot3_teleop:/home/robot/turtlebot3_ws/install/turtlebot3_example:/opt/ros/humble /usr/bin/cmake --install /home/robot/robot_ws/build/car_odom
