[0.450s] Invoking command in '/home/robot/robot_ws/build/car_odom': CMAKE_PREFIX_PATH=${CMAKE_PREFIX_PATH}:/home/robot/robot_ws/install/urdf_tutorial:/home/robot/turtlebot3_ws/install/turtlebot3_teleop:/home/robot/turtlebot3_ws/install/turtlebot3_example:/opt/ros/humble /usr/bin/cmake --build /home/robot/robot_ws/build/car_odom -- -j4 -l4
[0.553s] [ 50%] [32mBuilding CXX object CMakeFiles/car_odom.dir/src/car_odom.cpp.o[0m
[30.282s] [100%] [32m[1mLinking CXX executable car_odom[0m
[32.046s] [100%] Built target car_odom
[32.089s] Invoked command in '/home/robot/robot_ws/build/car_odom' returned '0': CMAKE_PREFIX_PATH=${CMAKE_PREFIX_PATH}:/home/robot/robot_ws/install/urdf_tutorial:/home/robot/turtlebot3_ws/install/turtlebot3_teleop:/home/robot/turtlebot3_ws/install/turtlebot3_example:/opt/ros/humble /usr/bin/cmake --build /home/robot/robot_ws/build/car_odom -- -j4 -l4
[32.141s] Invoking command in '/home/robot/robot_ws/build/car_odom': CMAKE_PREFIX_PATH=${CMAKE_PREFIX_PATH}:/home/robot/robot_ws/install/urdf_tutorial:/home/robot/turtlebot3_ws/install/turtlebot3_teleop:/home/robot/turtlebot3_ws/install/turtlebot3_example:/opt/ros/humble /usr/bin/cmake --install /home/robot/robot_ws/build/car_odom
[32.155s] -- Install configuration: "Debug"
[32.159s] -- Execute custom install script
[32.160s] -- Up-to-date symlink: /home/robot/robot_ws/install/car_odom/lib/car_odom/car_odom
[32.161s] -- Up-to-date symlink: /home/robot/robot_ws/install/car_odom/share/ament_index/resource_index/package_run_dependencies/car_odom
[32.163s] -- Up-to-date symlink: /home/robot/robot_ws/install/car_odom/share/ament_index/resource_index/parent_prefix_path/car_odom
[32.172s] -- Up-to-date symlink: /home/robot/robot_ws/install/car_odom/share/car_odom/environment/ament_prefix_path.sh
[32.172s] -- Up-to-date symlink: /home/robot/robot_ws/install/car_odom/share/car_odom/environment/ament_prefix_path.dsv
[32.172s] -- Up-to-date symlink: /home/robot/robot_ws/install/car_odom/share/car_odom/environment/path.sh
[32.172s] -- Up-to-date symlink: /home/robot/robot_ws/install/car_odom/share/car_odom/environment/path.dsv
[32.172s] -- Up-to-date symlink: /home/robot/robot_ws/install/car_odom/share/car_odom/local_setup.bash
[32.173s] -- Up-to-date symlink: /home/robot/robot_ws/install/car_odom/share/car_odom/local_setup.sh
[32.173s] -- Up-to-date symlink: /home/robot/robot_ws/install/car_odom/share/car_odom/local_setup.zsh
[32.173s] -- Up-to-date symlink: /home/robot/robot_ws/install/car_odom/share/car_odom/local_setup.dsv
[32.173s] -- Symlinking: /home/robot/robot_ws/install/car_odom/share/car_odom/package.dsv
[32.206s] -- Up-to-date symlink: /home/robot/robot_ws/install/car_odom/share/ament_index/resource_index/packages/car_odom
[32.208s] -- Up-to-date symlink: /home/robot/robot_ws/install/car_odom/share/car_odom/cmake/car_odomConfig.cmake
[32.209s] -- Up-to-date symlink: /home/robot/robot_ws/install/car_odom/share/car_odom/cmake/car_odomConfig-version.cmake
[32.212s] -- Up-to-date symlink: /home/robot/robot_ws/install/car_odom/share/car_odom/package.xml
[32.212s] Invoked command in '/home/robot/robot_ws/build/car_odom' returned '0': CMAKE_PREFIX_PATH=${CMAKE_PREFIX_PATH}:/home/robot/robot_ws/install/urdf_tutorial:/home/robot/turtlebot3_ws/install/turtlebot3_teleop:/home/robot/turtlebot3_ws/install/turtlebot3_example:/opt/ros/humble /usr/bin/cmake --install /home/robot/robot_ws/build/car_odom
