[1.168s] DEBUG:colcon:Command line arguments: ['/usr/bin/colcon', 'build', '--cmake-args', '-DCMAKE_BUILD_TYPE=Debug']
[1.168s] DEBUG:colcon:Parsed command line arguments: Namespace(log_base=None, log_level=None, verb_name='build', build_base='build', install_base='install', merge_install=False, symlink_install=False, test_result_base=None, continue_on_error=False, executor='parallel', parallel_workers=4, event_handlers=None, ignore_user_meta=False, metas=['./colcon.meta'], base_paths=['.'], packages_ignore=None, packages_ignore_regex=None, paths=None, packages_up_to=None, packages_up_to_regex=None, packages_above=None, packages_above_and_dependencies=None, packages_above_depth=None, packages_select_by_dep=None, packages_skip_by_dep=None, packages_skip_up_to=None, packages_select_build_failed=False, packages_skip_build_finished=False, packages_select_test_failures=False, packages_skip_test_passed=False, packages_select=None, packages_skip=None, packages_select_regex=None, packages_skip_regex=None, packages_start=None, packages_end=None, allow_overriding=[], cmake_args=['-DCMAKE_BUILD_TYPE=Debug'], cmake_target=None, cmake_target_skip_unavailable=False, cmake_clean_cache=False, cmake_clean_first=False, cmake_force_configure=False, ament_cmake_args=None, catkin_cmake_args=None, catkin_skip_building_tests=False, verb_parser=<colcon_defaults.argument_parser.defaults.DefaultArgumentsDecorator object at 0x7f4969a6e6e0>, verb_extension=<colcon_core.verb.build.BuildVerb object at 0x7f4969ed3df0>, main=<bound method BuildVerb.main of <colcon_core.verb.build.BuildVerb object at 0x7f4969ed3df0>>)
[1.223s] Level 1:colcon.colcon_core.package_discovery:discover_packages(colcon_meta) check parameters
[1.223s] Level 1:colcon.colcon_core.package_discovery:discover_packages(recursive) check parameters
[1.223s] Level 1:colcon.colcon_core.package_discovery:discover_packages(ignore) check parameters
[1.223s] Level 1:colcon.colcon_core.package_discovery:discover_packages(path) check parameters
[1.223s] Level 1:colcon.colcon_core.package_discovery:discover_packages(colcon_meta) discover
[1.223s] Level 1:colcon.colcon_core.package_discovery:discover_packages(recursive) discover
[1.223s] INFO:colcon.colcon_core.package_discovery:Crawling recursively for packages in '/home/robot/robot_ws'
[1.223s] Level 1:colcon.colcon_core.package_identification:_identify(.) by extensions ['ignore', 'ignore_ament_install']
[1.223s] Level 1:colcon.colcon_core.package_identification:_identify(.) by extension 'ignore'
[1.224s] Level 1:colcon.colcon_core.package_identification:_identify(.) by extension 'ignore_ament_install'
[1.224s] Level 1:colcon.colcon_core.package_identification:_identify(.) by extensions ['colcon_pkg']
[1.224s] Level 1:colcon.colcon_core.package_identification:_identify(.) by extension 'colcon_pkg'
[1.224s] Level 1:colcon.colcon_core.package_identification:_identify(.) by extensions ['colcon_meta']
[1.224s] Level 1:colcon.colcon_core.package_identification:_identify(.) by extension 'colcon_meta'
[1.224s] Level 1:colcon.colcon_core.package_identification:_identify(.) by extensions ['ros']
[1.224s] Level 1:colcon.colcon_core.package_identification:_identify(.) by extension 'ros'
[1.242s] Level 1:colcon.colcon_core.package_identification:_identify(.) by extensions ['cmake', 'python']
[1.242s] Level 1:colcon.colcon_core.package_identification:_identify(.) by extension 'cmake'
[1.242s] Level 1:colcon.colcon_core.package_identification:_identify(.) by extension 'python'
[1.242s] Level 1:colcon.colcon_core.package_identification:_identify(.) by extensions ['python_setup_py']
[1.242s] Level 1:colcon.colcon_core.package_identification:_identify(.) by extension 'python_setup_py'
[1.242s] Level 1:colcon.colcon_core.package_identification:_identify(build) by extensions ['ignore', 'ignore_ament_install']
[1.242s] Level 1:colcon.colcon_core.package_identification:_identify(build) by extension 'ignore'
[1.242s] Level 1:colcon.colcon_core.package_identification:_identify(build) ignored
[1.242s] Level 1:colcon.colcon_core.package_identification:_identify(install) by extensions ['ignore', 'ignore_ament_install']
[1.243s] Level 1:colcon.colcon_core.package_identification:_identify(install) by extension 'ignore'
[1.243s] Level 1:colcon.colcon_core.package_identification:_identify(install) ignored
[1.243s] Level 1:colcon.colcon_core.package_identification:_identify(log) by extensions ['ignore', 'ignore_ament_install']
[1.243s] Level 1:colcon.colcon_core.package_identification:_identify(log) by extension 'ignore'
[1.243s] Level 1:colcon.colcon_core.package_identification:_identify(log) ignored
[1.243s] Level 1:colcon.colcon_core.package_identification:_identify(src) by extensions ['ignore', 'ignore_ament_install']
[1.243s] Level 1:colcon.colcon_core.package_identification:_identify(src) by extension 'ignore'
[1.243s] Level 1:colcon.colcon_core.package_identification:_identify(src) by extension 'ignore_ament_install'
[1.243s] Level 1:colcon.colcon_core.package_identification:_identify(src) by extensions ['colcon_pkg']
[1.243s] Level 1:colcon.colcon_core.package_identification:_identify(src) by extension 'colcon_pkg'
[1.244s] Level 1:colcon.colcon_core.package_identification:_identify(src) by extensions ['colcon_meta']
[1.244s] Level 1:colcon.colcon_core.package_identification:_identify(src) by extension 'colcon_meta'
[1.244s] Level 1:colcon.colcon_core.package_identification:_identify(src) by extensions ['ros']
[1.244s] Level 1:colcon.colcon_core.package_identification:_identify(src) by extension 'ros'
[1.244s] Level 1:colcon.colcon_core.package_identification:_identify(src) by extensions ['cmake', 'python']
[1.244s] Level 1:colcon.colcon_core.package_identification:_identify(src) by extension 'cmake'
[1.244s] Level 1:colcon.colcon_core.package_identification:_identify(src) by extension 'python'
[1.244s] Level 1:colcon.colcon_core.package_identification:_identify(src) by extensions ['python_setup_py']
[1.244s] Level 1:colcon.colcon_core.package_identification:_identify(src) by extension 'python_setup_py'
[1.244s] Level 1:colcon.colcon_core.package_identification:_identify(src/gl_ros2_driver) by extensions ['ignore', 'ignore_ament_install']
[1.244s] Level 1:colcon.colcon_core.package_identification:_identify(src/gl_ros2_driver) by extension 'ignore'
[1.244s] Level 1:colcon.colcon_core.package_identification:_identify(src/gl_ros2_driver) by extension 'ignore_ament_install'
[1.244s] Level 1:colcon.colcon_core.package_identification:_identify(src/gl_ros2_driver) by extensions ['colcon_pkg']
[1.244s] Level 1:colcon.colcon_core.package_identification:_identify(src/gl_ros2_driver) by extension 'colcon_pkg'
[1.244s] Level 1:colcon.colcon_core.package_identification:_identify(src/gl_ros2_driver) by extensions ['colcon_meta']
[1.244s] Level 1:colcon.colcon_core.package_identification:_identify(src/gl_ros2_driver) by extension 'colcon_meta'
[1.245s] Level 1:colcon.colcon_core.package_identification:_identify(src/gl_ros2_driver) by extensions ['ros']
[1.245s] Level 1:colcon.colcon_core.package_identification:_identify(src/gl_ros2_driver) by extension 'ros'
[1.249s] DEBUG:colcon.colcon_core.package_identification:Package 'src/gl_ros2_driver' with type 'ros.ament_cmake' and name 'gl_ros2_driver'
[1.249s] Level 1:colcon.colcon_core.package_identification:_identify(src/gl_ros2_driver_udp) by extensions ['ignore', 'ignore_ament_install']
[1.249s] Level 1:colcon.colcon_core.package_identification:_identify(src/gl_ros2_driver_udp) by extension 'ignore'
[1.249s] Level 1:colcon.colcon_core.package_identification:_identify(src/gl_ros2_driver_udp) by extension 'ignore_ament_install'
[1.249s] Level 1:colcon.colcon_core.package_identification:_identify(src/gl_ros2_driver_udp) by extensions ['colcon_pkg']
[1.249s] Level 1:colcon.colcon_core.package_identification:_identify(src/gl_ros2_driver_udp) by extension 'colcon_pkg'
[1.249s] Level 1:colcon.colcon_core.package_identification:_identify(src/gl_ros2_driver_udp) by extensions ['colcon_meta']
[1.249s] Level 1:colcon.colcon_core.package_identification:_identify(src/gl_ros2_driver_udp) by extension 'colcon_meta'
[1.249s] Level 1:colcon.colcon_core.package_identification:_identify(src/gl_ros2_driver_udp) by extensions ['ros']
[1.249s] Level 1:colcon.colcon_core.package_identification:_identify(src/gl_ros2_driver_udp) by extension 'ros'
[1.250s] DEBUG:colcon.colcon_core.package_identification:Package 'src/gl_ros2_driver_udp' with type 'ros.ament_cmake' and name 'gl_ros2_driver_udp'
[1.251s] Level 1:colcon.colcon_core.package_identification:_identify(src/ld08_driver) by extensions ['ignore', 'ignore_ament_install']
[1.251s] Level 1:colcon.colcon_core.package_identification:_identify(src/ld08_driver) by extension 'ignore'
[1.251s] Level 1:colcon.colcon_core.package_identification:_identify(src/ld08_driver) by extension 'ignore_ament_install'
[1.251s] Level 1:colcon.colcon_core.package_identification:_identify(src/ld08_driver) by extensions ['colcon_pkg']
[1.251s] Level 1:colcon.colcon_core.package_identification:_identify(src/ld08_driver) by extension 'colcon_pkg'
[1.251s] Level 1:colcon.colcon_core.package_identification:_identify(src/ld08_driver) by extensions ['colcon_meta']
[1.251s] Level 1:colcon.colcon_core.package_identification:_identify(src/ld08_driver) by extension 'colcon_meta'
[1.251s] Level 1:colcon.colcon_core.package_identification:_identify(src/ld08_driver) by extensions ['ros']
[1.251s] Level 1:colcon.colcon_core.package_identification:_identify(src/ld08_driver) by extension 'ros'
[1.252s] DEBUG:colcon.colcon_core.package_identification:Package 'src/ld08_driver' with type 'ros.ament_cmake' and name 'ld08_driver'
[1.252s] Level 1:colcon.colcon_core.package_identification:_identify(src/my_first_ros_rclcpp_pkg) by extensions ['ignore', 'ignore_ament_install']
[1.252s] Level 1:colcon.colcon_core.package_identification:_identify(src/my_first_ros_rclcpp_pkg) by extension 'ignore'
[1.252s] Level 1:colcon.colcon_core.package_identification:_identify(src/my_first_ros_rclcpp_pkg) by extension 'ignore_ament_install'
[1.253s] Level 1:colcon.colcon_core.package_identification:_identify(src/my_first_ros_rclcpp_pkg) by extensions ['colcon_pkg']
[1.253s] Level 1:colcon.colcon_core.package_identification:_identify(src/my_first_ros_rclcpp_pkg) by extension 'colcon_pkg'
[1.253s] Level 1:colcon.colcon_core.package_identification:_identify(src/my_first_ros_rclcpp_pkg) by extensions ['colcon_meta']
[1.253s] Level 1:colcon.colcon_core.package_identification:_identify(src/my_first_ros_rclcpp_pkg) by extension 'colcon_meta'
[1.253s] Level 1:colcon.colcon_core.package_identification:_identify(src/my_first_ros_rclcpp_pkg) by extensions ['ros']
[1.253s] Level 1:colcon.colcon_core.package_identification:_identify(src/my_first_ros_rclcpp_pkg) by extension 'ros'
[1.254s] DEBUG:colcon.colcon_core.package_identification:Package 'src/my_first_ros_rclcpp_pkg' with type 'ros.ament_cmake' and name 'my_first_ros_rclcpp_pkg'
[1.254s] Level 1:colcon.colcon_core.package_identification:_identify(src/safeway_robot_controll_packet_RS485) by extensions ['ignore', 'ignore_ament_install']
[1.254s] Level 1:colcon.colcon_core.package_identification:_identify(src/safeway_robot_controll_packet_RS485) by extension 'ignore'
[1.254s] Level 1:colcon.colcon_core.package_identification:_identify(src/safeway_robot_controll_packet_RS485) by extension 'ignore_ament_install'
[1.254s] Level 1:colcon.colcon_core.package_identification:_identify(src/safeway_robot_controll_packet_RS485) by extensions ['colcon_pkg']
[1.254s] Level 1:colcon.colcon_core.package_identification:_identify(src/safeway_robot_controll_packet_RS485) by extension 'colcon_pkg'
[1.254s] Level 1:colcon.colcon_core.package_identification:_identify(src/safeway_robot_controll_packet_RS485) by extensions ['colcon_meta']
[1.254s] Level 1:colcon.colcon_core.package_identification:_identify(src/safeway_robot_controll_packet_RS485) by extension 'colcon_meta'
[1.254s] Level 1:colcon.colcon_core.package_identification:_identify(src/safeway_robot_controll_packet_RS485) by extensions ['ros']
[1.255s] Level 1:colcon.colcon_core.package_identification:_identify(src/safeway_robot_controll_packet_RS485) by extension 'ros'
[1.256s] DEBUG:colcon.colcon_core.package_identification:Package 'src/safeway_robot_controll_packet_RS485' with type 'ros.ament_cmake' and name 'safeway_robot_controll_packet_RS485'
[1.256s] Level 1:colcon.colcon_core.package_identification:_identify(src/urdf_tutorial) by extensions ['ignore', 'ignore_ament_install']
[1.256s] Level 1:colcon.colcon_core.package_identification:_identify(src/urdf_tutorial) by extension 'ignore'
[1.257s] Level 1:colcon.colcon_core.package_identification:_identify(src/urdf_tutorial) by extension 'ignore_ament_install'
[1.257s] Level 1:colcon.colcon_core.package_identification:_identify(src/urdf_tutorial) by extensions ['colcon_pkg']
[1.257s] Level 1:colcon.colcon_core.package_identification:_identify(src/urdf_tutorial) by extension 'colcon_pkg'
[1.257s] Level 1:colcon.colcon_core.package_identification:_identify(src/urdf_tutorial) by extensions ['colcon_meta']
[1.257s] Level 1:colcon.colcon_core.package_identification:_identify(src/urdf_tutorial) by extension 'colcon_meta'
[1.257s] Level 1:colcon.colcon_core.package_identification:_identify(src/urdf_tutorial) by extensions ['ros']
[1.257s] Level 1:colcon.colcon_core.package_identification:_identify(src/urdf_tutorial) by extension 'ros'
[1.258s] DEBUG:colcon.colcon_core.package_identification:Package 'src/urdf_tutorial' with type 'ros.ament_python' and name 'urdf_tutorial'
[1.258s] Level 1:colcon.colcon_core.package_discovery:discover_packages(recursive) using defaults
[1.258s] Level 1:colcon.colcon_core.package_discovery:discover_packages(ignore) discover
[1.258s] Level 1:colcon.colcon_core.package_discovery:discover_packages(ignore) using defaults
[1.258s] Level 1:colcon.colcon_core.package_discovery:discover_packages(path) discover
[1.258s] Level 1:colcon.colcon_core.package_discovery:discover_packages(path) using defaults
[1.426s] Level 1:colcon.colcon_core.package_discovery:discover_packages(prefix_path) check parameters
[1.426s] Level 1:colcon.colcon_core.package_discovery:discover_packages(prefix_path) discover
[1.474s] DEBUG:colcon.colcon_installed_package_information.package_discovery:Found 9 installed packages in /home/robot/robot_ws/install
[1.493s] DEBUG:colcon.colcon_installed_package_information.package_discovery:Found 374 installed packages in /opt/ros/humble
[1.496s] Level 1:colcon.colcon_core.package_discovery:discover_packages(prefix_path) using defaults
[1.609s] Level 5:colcon.colcon_core.verb:set package 'gl_ros2_driver' build argument 'cmake_args' from command line to '['-DCMAKE_BUILD_TYPE=Debug']'
[1.609s] Level 5:colcon.colcon_core.verb:set package 'gl_ros2_driver' build argument 'cmake_target' from command line to 'None'
[1.609s] Level 5:colcon.colcon_core.verb:set package 'gl_ros2_driver' build argument 'cmake_target_skip_unavailable' from command line to 'False'
[1.609s] Level 5:colcon.colcon_core.verb:set package 'gl_ros2_driver' build argument 'cmake_clean_cache' from command line to 'False'
[1.609s] Level 5:colcon.colcon_core.verb:set package 'gl_ros2_driver' build argument 'cmake_clean_first' from command line to 'False'
[1.609s] Level 5:colcon.colcon_core.verb:set package 'gl_ros2_driver' build argument 'cmake_force_configure' from command line to 'False'
[1.610s] Level 5:colcon.colcon_core.verb:set package 'gl_ros2_driver' build argument 'ament_cmake_args' from command line to 'None'
[1.610s] Level 5:colcon.colcon_core.verb:set package 'gl_ros2_driver' build argument 'catkin_cmake_args' from command line to 'None'
[1.610s] Level 5:colcon.colcon_core.verb:set package 'gl_ros2_driver' build argument 'catkin_skip_building_tests' from command line to 'False'
[1.610s] DEBUG:colcon.colcon_core.verb:Building package 'gl_ros2_driver' with the following arguments: {'ament_cmake_args': None, 'build_base': '/home/robot/robot_ws/build/gl_ros2_driver', 'catkin_cmake_args': None, 'catkin_skip_building_tests': False, 'cmake_args': ['-DCMAKE_BUILD_TYPE=Debug'], 'cmake_clean_cache': False, 'cmake_clean_first': False, 'cmake_force_configure': False, 'cmake_target': None, 'cmake_target_skip_unavailable': False, 'install_base': '/home/robot/robot_ws/install/gl_ros2_driver', 'merge_install': False, 'path': '/home/robot/robot_ws/src/gl_ros2_driver', 'symlink_install': False, 'test_result_base': None}
[1.626s] Level 5:colcon.colcon_core.verb:set package 'gl_ros2_driver_udp' build argument 'cmake_args' from command line to '['-DCMAKE_BUILD_TYPE=Debug']'
[1.626s] Level 5:colcon.colcon_core.verb:set package 'gl_ros2_driver_udp' build argument 'cmake_target' from command line to 'None'
[1.626s] Level 5:colcon.colcon_core.verb:set package 'gl_ros2_driver_udp' build argument 'cmake_target_skip_unavailable' from command line to 'False'
[1.627s] Level 5:colcon.colcon_core.verb:set package 'gl_ros2_driver_udp' build argument 'cmake_clean_cache' from command line to 'False'
[1.627s] Level 5:colcon.colcon_core.verb:set package 'gl_ros2_driver_udp' build argument 'cmake_clean_first' from command line to 'False'
[1.627s] Level 5:colcon.colcon_core.verb:set package 'gl_ros2_driver_udp' build argument 'cmake_force_configure' from command line to 'False'
[1.627s] Level 5:colcon.colcon_core.verb:set package 'gl_ros2_driver_udp' build argument 'ament_cmake_args' from command line to 'None'
[1.627s] Level 5:colcon.colcon_core.verb:set package 'gl_ros2_driver_udp' build argument 'catkin_cmake_args' from command line to 'None'
[1.627s] Level 5:colcon.colcon_core.verb:set package 'gl_ros2_driver_udp' build argument 'catkin_skip_building_tests' from command line to 'False'
[1.627s] DEBUG:colcon.colcon_core.verb:Building package 'gl_ros2_driver_udp' with the following arguments: {'ament_cmake_args': None, 'build_base': '/home/robot/robot_ws/build/gl_ros2_driver_udp', 'catkin_cmake_args': None, 'catkin_skip_building_tests': False, 'cmake_args': ['-DCMAKE_BUILD_TYPE=Debug'], 'cmake_clean_cache': False, 'cmake_clean_first': False, 'cmake_force_configure': False, 'cmake_target': None, 'cmake_target_skip_unavailable': False, 'install_base': '/home/robot/robot_ws/install/gl_ros2_driver_udp', 'merge_install': False, 'path': '/home/robot/robot_ws/src/gl_ros2_driver_udp', 'symlink_install': False, 'test_result_base': None}
[1.644s] Level 5:colcon.colcon_core.verb:set package 'ld08_driver' build argument 'cmake_args' from command line to '['-DCMAKE_BUILD_TYPE=Debug']'
[1.644s] Level 5:colcon.colcon_core.verb:set package 'ld08_driver' build argument 'cmake_target' from command line to 'None'
[1.644s] Level 5:colcon.colcon_core.verb:set package 'ld08_driver' build argument 'cmake_target_skip_unavailable' from command line to 'False'
[1.644s] Level 5:colcon.colcon_core.verb:set package 'ld08_driver' build argument 'cmake_clean_cache' from command line to 'False'
[1.644s] Level 5:colcon.colcon_core.verb:set package 'ld08_driver' build argument 'cmake_clean_first' from command line to 'False'
[1.644s] Level 5:colcon.colcon_core.verb:set package 'ld08_driver' build argument 'cmake_force_configure' from command line to 'False'
[1.644s] Level 5:colcon.colcon_core.verb:set package 'ld08_driver' build argument 'ament_cmake_args' from command line to 'None'
[1.644s] Level 5:colcon.colcon_core.verb:set package 'ld08_driver' build argument 'catkin_cmake_args' from command line to 'None'
[1.644s] Level 5:colcon.colcon_core.verb:set package 'ld08_driver' build argument 'catkin_skip_building_tests' from command line to 'False'
[1.644s] DEBUG:colcon.colcon_core.verb:Building package 'ld08_driver' with the following arguments: {'ament_cmake_args': None, 'build_base': '/home/robot/robot_ws/build/ld08_driver', 'catkin_cmake_args': None, 'catkin_skip_building_tests': False, 'cmake_args': ['-DCMAKE_BUILD_TYPE=Debug'], 'cmake_clean_cache': False, 'cmake_clean_first': False, 'cmake_force_configure': False, 'cmake_target': None, 'cmake_target_skip_unavailable': False, 'install_base': '/home/robot/robot_ws/install/ld08_driver', 'merge_install': False, 'path': '/home/robot/robot_ws/src/ld08_driver', 'symlink_install': False, 'test_result_base': None}
[1.660s] Level 5:colcon.colcon_core.verb:set package 'my_first_ros_rclcpp_pkg' build argument 'cmake_args' from command line to '['-DCMAKE_BUILD_TYPE=Debug']'
[1.660s] Level 5:colcon.colcon_core.verb:set package 'my_first_ros_rclcpp_pkg' build argument 'cmake_target' from command line to 'None'
[1.660s] Level 5:colcon.colcon_core.verb:set package 'my_first_ros_rclcpp_pkg' build argument 'cmake_target_skip_unavailable' from command line to 'False'
[1.660s] Level 5:colcon.colcon_core.verb:set package 'my_first_ros_rclcpp_pkg' build argument 'cmake_clean_cache' from command line to 'False'
[1.660s] Level 5:colcon.colcon_core.verb:set package 'my_first_ros_rclcpp_pkg' build argument 'cmake_clean_first' from command line to 'False'
[1.660s] Level 5:colcon.colcon_core.verb:set package 'my_first_ros_rclcpp_pkg' build argument 'cmake_force_configure' from command line to 'False'
[1.660s] Level 5:colcon.colcon_core.verb:set package 'my_first_ros_rclcpp_pkg' build argument 'ament_cmake_args' from command line to 'None'
[1.660s] Level 5:colcon.colcon_core.verb:set package 'my_first_ros_rclcpp_pkg' build argument 'catkin_cmake_args' from command line to 'None'
[1.660s] Level 5:colcon.colcon_core.verb:set package 'my_first_ros_rclcpp_pkg' build argument 'catkin_skip_building_tests' from command line to 'False'
[1.660s] DEBUG:colcon.colcon_core.verb:Building package 'my_first_ros_rclcpp_pkg' with the following arguments: {'ament_cmake_args': None, 'build_base': '/home/robot/robot_ws/build/my_first_ros_rclcpp_pkg', 'catkin_cmake_args': None, 'catkin_skip_building_tests': False, 'cmake_args': ['-DCMAKE_BUILD_TYPE=Debug'], 'cmake_clean_cache': False, 'cmake_clean_first': False, 'cmake_force_configure': False, 'cmake_target': None, 'cmake_target_skip_unavailable': False, 'install_base': '/home/robot/robot_ws/install/my_first_ros_rclcpp_pkg', 'merge_install': False, 'path': '/home/robot/robot_ws/src/my_first_ros_rclcpp_pkg', 'symlink_install': False, 'test_result_base': None}
[1.677s] Level 5:colcon.colcon_core.verb:set package 'safeway_robot_controll_packet_RS485' build argument 'cmake_args' from command line to '['-DCMAKE_BUILD_TYPE=Debug']'
[1.677s] Level 5:colcon.colcon_core.verb:set package 'safeway_robot_controll_packet_RS485' build argument 'cmake_target' from command line to 'None'
[1.677s] Level 5:colcon.colcon_core.verb:set package 'safeway_robot_controll_packet_RS485' build argument 'cmake_target_skip_unavailable' from command line to 'False'
[1.677s] Level 5:colcon.colcon_core.verb:set package 'safeway_robot_controll_packet_RS485' build argument 'cmake_clean_cache' from command line to 'False'
[1.677s] Level 5:colcon.colcon_core.verb:set package 'safeway_robot_controll_packet_RS485' build argument 'cmake_clean_first' from command line to 'False'
[1.677s] Level 5:colcon.colcon_core.verb:set package 'safeway_robot_controll_packet_RS485' build argument 'cmake_force_configure' from command line to 'False'
[1.677s] Level 5:colcon.colcon_core.verb:set package 'safeway_robot_controll_packet_RS485' build argument 'ament_cmake_args' from command line to 'None'
[1.677s] Level 5:colcon.colcon_core.verb:set package 'safeway_robot_controll_packet_RS485' build argument 'catkin_cmake_args' from command line to 'None'
[1.677s] Level 5:colcon.colcon_core.verb:set package 'safeway_robot_controll_packet_RS485' build argument 'catkin_skip_building_tests' from command line to 'False'
[1.677s] DEBUG:colcon.colcon_core.verb:Building package 'safeway_robot_controll_packet_RS485' with the following arguments: {'ament_cmake_args': None, 'build_base': '/home/robot/robot_ws/build/safeway_robot_controll_packet_RS485', 'catkin_cmake_args': None, 'catkin_skip_building_tests': False, 'cmake_args': ['-DCMAKE_BUILD_TYPE=Debug'], 'cmake_clean_cache': False, 'cmake_clean_first': False, 'cmake_force_configure': False, 'cmake_target': None, 'cmake_target_skip_unavailable': False, 'install_base': '/home/robot/robot_ws/install/safeway_robot_controll_packet_RS485', 'merge_install': False, 'path': '/home/robot/robot_ws/src/safeway_robot_controll_packet_RS485', 'symlink_install': False, 'test_result_base': None}
[1.695s] Level 5:colcon.colcon_core.verb:set package 'urdf_tutorial' build argument 'cmake_args' from command line to '['-DCMAKE_BUILD_TYPE=Debug']'
[1.695s] Level 5:colcon.colcon_core.verb:set package 'urdf_tutorial' build argument 'cmake_target' from command line to 'None'
[1.695s] Level 5:colcon.colcon_core.verb:set package 'urdf_tutorial' build argument 'cmake_target_skip_unavailable' from command line to 'False'
[1.695s] Level 5:colcon.colcon_core.verb:set package 'urdf_tutorial' build argument 'cmake_clean_cache' from command line to 'False'
[1.695s] Level 5:colcon.colcon_core.verb:set package 'urdf_tutorial' build argument 'cmake_clean_first' from command line to 'False'
[1.695s] Level 5:colcon.colcon_core.verb:set package 'urdf_tutorial' build argument 'cmake_force_configure' from command line to 'False'
[1.695s] Level 5:colcon.colcon_core.verb:set package 'urdf_tutorial' build argument 'ament_cmake_args' from command line to 'None'
[1.695s] Level 5:colcon.colcon_core.verb:set package 'urdf_tutorial' build argument 'catkin_cmake_args' from command line to 'None'
[1.695s] Level 5:colcon.colcon_core.verb:set package 'urdf_tutorial' build argument 'catkin_skip_building_tests' from command line to 'False'
[1.695s] DEBUG:colcon.colcon_core.verb:Building package 'urdf_tutorial' with the following arguments: {'ament_cmake_args': None, 'build_base': '/home/robot/robot_ws/build/urdf_tutorial', 'catkin_cmake_args': None, 'catkin_skip_building_tests': False, 'cmake_args': ['-DCMAKE_BUILD_TYPE=Debug'], 'cmake_clean_cache': False, 'cmake_clean_first': False, 'cmake_force_configure': False, 'cmake_target': None, 'cmake_target_skip_unavailable': False, 'install_base': '/home/robot/robot_ws/install/urdf_tutorial', 'merge_install': False, 'path': '/home/robot/robot_ws/src/urdf_tutorial', 'symlink_install': False, 'test_result_base': None}
[1.711s] INFO:colcon.colcon_core.executor:Executing jobs using 'parallel' executor
[1.729s] DEBUG:colcon.colcon_parallel_executor.executor.parallel:run_until_complete
[1.730s] INFO:colcon.colcon_ros.task.ament_cmake.build:Building ROS package in '/home/robot/robot_ws/src/gl_ros2_driver' with build type 'ament_cmake'
[1.730s] INFO:colcon.colcon_cmake.task.cmake.build:Building CMake package in '/home/robot/robot_ws/src/gl_ros2_driver'
[1.753s] INFO:colcon.colcon_core.plugin_system:Skipping extension 'colcon_core.shell.bat': Not used on non-Windows systems
[1.754s] INFO:colcon.colcon_core.shell:Skip shell extension 'powershell' for command environment: Not usable outside of PowerShell
[1.754s] DEBUG:colcon.colcon_core.shell:Skip shell extension 'dsv' for command environment
[1.819s] INFO:colcon.colcon_ros.task.ament_cmake.build:Building ROS package in '/home/robot/robot_ws/src/gl_ros2_driver_udp' with build type 'ament_cmake'
[1.820s] INFO:colcon.colcon_cmake.task.cmake.build:Building CMake package in '/home/robot/robot_ws/src/gl_ros2_driver_udp'
[1.842s] INFO:colcon.colcon_core.shell:Skip shell extension 'powershell' for command environment: Not usable outside of PowerShell
[1.843s] DEBUG:colcon.colcon_core.shell:Skip shell extension 'dsv' for command environment
[1.905s] INFO:colcon.colcon_ros.task.ament_cmake.build:Building ROS package in '/home/robot/robot_ws/src/ld08_driver' with build type 'ament_cmake'
[1.905s] INFO:colcon.colcon_cmake.task.cmake.build:Building CMake package in '/home/robot/robot_ws/src/ld08_driver'
[1.924s] INFO:colcon.colcon_core.shell:Skip shell extension 'powershell' for command environment: Not usable outside of PowerShell
[1.924s] DEBUG:colcon.colcon_core.shell:Skip shell extension 'dsv' for command environment
[1.983s] INFO:colcon.colcon_ros.task.ament_cmake.build:Building ROS package in '/home/robot/robot_ws/src/my_first_ros_rclcpp_pkg' with build type 'ament_cmake'
[1.984s] INFO:colcon.colcon_cmake.task.cmake.build:Building CMake package in '/home/robot/robot_ws/src/my_first_ros_rclcpp_pkg'
[2.003s] INFO:colcon.colcon_core.shell:Skip shell extension 'powershell' for command environment: Not usable outside of PowerShell
[2.003s] DEBUG:colcon.colcon_core.shell:Skip shell extension 'dsv' for command environment
[2.067s] DEBUG:colcon.colcon_core.event_handler.log_command:Invoking command in '/home/robot/robot_ws/build/gl_ros2_driver': CMAKE_PREFIX_PATH=${CMAKE_PREFIX_PATH}:/home/robot/robot_ws/install/urdf_tutorial:/opt/ros/humble /usr/bin/cmake --build /home/robot/robot_ws/build/gl_ros2_driver -- -j4 -l4
[2.072s] DEBUG:colcon.colcon_core.event_handler.log_command:Invoking command in '/home/robot/robot_ws/build/gl_ros2_driver_udp': CMAKE_PREFIX_PATH=${CMAKE_PREFIX_PATH}:/home/robot/robot_ws/install/urdf_tutorial:/opt/ros/humble /usr/bin/cmake --build /home/robot/robot_ws/build/gl_ros2_driver_udp -- -j4 -l4
[2.086s] DEBUG:colcon.colcon_core.event_handler.log_command:Invoking command in '/home/robot/robot_ws/build/ld08_driver': CMAKE_PREFIX_PATH=${CMAKE_PREFIX_PATH}:/home/robot/robot_ws/install/urdf_tutorial:/opt/ros/humble /usr/bin/cmake --build /home/robot/robot_ws/build/ld08_driver -- -j4 -l4
[2.112s] DEBUG:colcon.colcon_core.event_handler.log_command:Invoking command in '/home/robot/robot_ws/build/my_first_ros_rclcpp_pkg': CMAKE_PREFIX_PATH=${CMAKE_PREFIX_PATH}:/home/robot/robot_ws/install/urdf_tutorial:/opt/ros/humble /usr/bin/cmake --build /home/robot/robot_ws/build/my_first_ros_rclcpp_pkg -- -j4 -l4
[22.717s] DEBUG:colcon.colcon_core.event_handler.log_command:Invoked command in '/home/robot/robot_ws/build/ld08_driver' returned '0': CMAKE_PREFIX_PATH=${CMAKE_PREFIX_PATH}:/home/robot/robot_ws/install/urdf_tutorial:/opt/ros/humble /usr/bin/cmake --build /home/robot/robot_ws/build/ld08_driver -- -j4 -l4
[23.104s] DEBUG:colcon.colcon_core.event_handler.log_command:Invoking command in '/home/robot/robot_ws/build/ld08_driver': CMAKE_PREFIX_PATH=${CMAKE_PREFIX_PATH}:/home/robot/robot_ws/install/urdf_tutorial:/opt/ros/humble /usr/bin/cmake --install /home/robot/robot_ws/build/ld08_driver
[23.159s] Level 1:colcon.colcon_core.environment:create_environment_scripts_only(ld08_driver)
[23.160s] DEBUG:colcon.colcon_core.event_handler.log_command:Invoked command in '/home/robot/robot_ws/build/ld08_driver' returned '0': CMAKE_PREFIX_PATH=${CMAKE_PREFIX_PATH}:/home/robot/robot_ws/install/urdf_tutorial:/opt/ros/humble /usr/bin/cmake --install /home/robot/robot_ws/build/ld08_driver
[23.292s] Level 1:colcon.colcon_core.environment:checking '/home/robot/robot_ws/install/ld08_driver' for CMake module files
[23.293s] Level 1:colcon.colcon_core.environment:checking '/home/robot/robot_ws/install/ld08_driver' for CMake config files
[23.295s] Level 1:colcon.colcon_core.shell:create_environment_hook('ld08_driver', 'cmake_prefix_path')
[23.339s] INFO:colcon.colcon_core.shell:Creating environment hook '/home/robot/robot_ws/install/ld08_driver/share/ld08_driver/hook/cmake_prefix_path.ps1'
[23.348s] INFO:colcon.colcon_core.shell:Creating environment descriptor '/home/robot/robot_ws/install/ld08_driver/share/ld08_driver/hook/cmake_prefix_path.dsv'
[23.349s] INFO:colcon.colcon_core.shell:Creating environment hook '/home/robot/robot_ws/install/ld08_driver/share/ld08_driver/hook/cmake_prefix_path.sh'
[23.351s] Level 1:colcon.colcon_core.environment:checking '/home/robot/robot_ws/install/ld08_driver/lib'
[23.351s] Level 1:colcon.colcon_core.environment:checking '/home/robot/robot_ws/install/ld08_driver/bin'
[23.351s] Level 1:colcon.colcon_core.environment:checking '/home/robot/robot_ws/install/ld08_driver/lib/pkgconfig/ld08_driver.pc'
[23.351s] Level 1:colcon.colcon_core.environment:checking '/home/robot/robot_ws/install/ld08_driver/lib/python3.10/site-packages'
[23.352s] Level 1:colcon.colcon_core.environment:checking '/home/robot/robot_ws/install/ld08_driver/bin'
[23.410s] INFO:colcon.colcon_core.shell:Creating package script '/home/robot/robot_ws/install/ld08_driver/share/ld08_driver/package.ps1'
[23.413s] INFO:colcon.colcon_core.shell:Creating package descriptor '/home/robot/robot_ws/install/ld08_driver/share/ld08_driver/package.dsv'
[23.418s] INFO:colcon.colcon_core.shell:Creating package script '/home/robot/robot_ws/install/ld08_driver/share/ld08_driver/package.sh'
[23.421s] INFO:colcon.colcon_core.shell:Creating package script '/home/robot/robot_ws/install/ld08_driver/share/ld08_driver/package.bash'
[23.424s] INFO:colcon.colcon_core.shell:Creating package script '/home/robot/robot_ws/install/ld08_driver/share/ld08_driver/package.zsh'
[23.426s] Level 1:colcon.colcon_core.environment:create_file_with_runtime_dependencies(/home/robot/robot_ws/install/ld08_driver/share/colcon-core/packages/ld08_driver)
[23.810s] Level 1:colcon.colcon_core.environment:create_environment_scripts_only(ld08_driver)
[23.892s] Level 1:colcon.colcon_core.environment:checking '/home/robot/robot_ws/install/ld08_driver' for CMake module files
[23.894s] Level 1:colcon.colcon_core.environment:checking '/home/robot/robot_ws/install/ld08_driver' for CMake config files
[23.895s] Level 1:colcon.colcon_core.shell:create_environment_hook('ld08_driver', 'cmake_prefix_path')
[23.965s] INFO:colcon.colcon_core.shell:Creating environment hook '/home/robot/robot_ws/install/ld08_driver/share/ld08_driver/hook/cmake_prefix_path.ps1'
[23.967s] INFO:colcon.colcon_core.shell:Creating environment descriptor '/home/robot/robot_ws/install/ld08_driver/share/ld08_driver/hook/cmake_prefix_path.dsv'
[23.975s] INFO:colcon.colcon_core.shell:Creating environment hook '/home/robot/robot_ws/install/ld08_driver/share/ld08_driver/hook/cmake_prefix_path.sh'
[23.976s] Level 1:colcon.colcon_core.environment:checking '/home/robot/robot_ws/install/ld08_driver/lib'
[23.977s] Level 1:colcon.colcon_core.environment:checking '/home/robot/robot_ws/install/ld08_driver/bin'
[23.977s] Level 1:colcon.colcon_core.environment:checking '/home/robot/robot_ws/install/ld08_driver/lib/pkgconfig/ld08_driver.pc'
[23.977s] Level 1:colcon.colcon_core.environment:checking '/home/robot/robot_ws/install/ld08_driver/lib/python3.10/site-packages'
[23.978s] Level 1:colcon.colcon_core.environment:checking '/home/robot/robot_ws/install/ld08_driver/bin'
[24.001s] INFO:colcon.colcon_core.shell:Creating package script '/home/robot/robot_ws/install/ld08_driver/share/ld08_driver/package.ps1'
[24.002s] INFO:colcon.colcon_core.shell:Creating package descriptor '/home/robot/robot_ws/install/ld08_driver/share/ld08_driver/package.dsv'
[24.008s] INFO:colcon.colcon_core.shell:Creating package script '/home/robot/robot_ws/install/ld08_driver/share/ld08_driver/package.sh'
[24.009s] INFO:colcon.colcon_core.shell:Creating package script '/home/robot/robot_ws/install/ld08_driver/share/ld08_driver/package.bash'
[24.009s] INFO:colcon.colcon_core.shell:Creating package script '/home/robot/robot_ws/install/ld08_driver/share/ld08_driver/package.zsh'
[24.010s] Level 1:colcon.colcon_core.environment:create_file_with_runtime_dependencies(/home/robot/robot_ws/install/ld08_driver/share/colcon-core/packages/ld08_driver)
[24.010s] INFO:colcon.colcon_ros.task.ament_cmake.build:Building ROS package in '/home/robot/robot_ws/src/safeway_robot_controll_packet_RS485' with build type 'ament_cmake'
[24.011s] INFO:colcon.colcon_cmake.task.cmake.build:Building CMake package in '/home/robot/robot_ws/src/safeway_robot_controll_packet_RS485'
[24.053s] INFO:colcon.colcon_core.shell:Skip shell extension 'powershell' for command environment: Not usable outside of PowerShell
[24.058s] DEBUG:colcon.colcon_core.shell:Skip shell extension 'dsv' for command environment
[24.263s] DEBUG:colcon.colcon_core.event_handler.log_command:Invoked command in '/home/robot/robot_ws/build/gl_ros2_driver_udp' returned '0': CMAKE_PREFIX_PATH=${CMAKE_PREFIX_PATH}:/home/robot/robot_ws/install/urdf_tutorial:/opt/ros/humble /usr/bin/cmake --build /home/robot/robot_ws/build/gl_ros2_driver_udp -- -j4 -l4
[24.294s] DEBUG:colcon.colcon_core.event_handler.log_command:Invoking command in '/home/robot/robot_ws/build/safeway_robot_controll_packet_RS485': CMAKE_PREFIX_PATH=${CMAKE_PREFIX_PATH}:/home/robot/robot_ws/install/urdf_tutorial:/opt/ros/humble /usr/bin/cmake --build /home/robot/robot_ws/build/safeway_robot_controll_packet_RS485 -- -j4 -l4
[24.596s] DEBUG:colcon.colcon_core.event_handler.log_command:Invoking command in '/home/robot/robot_ws/build/gl_ros2_driver_udp': CMAKE_PREFIX_PATH=${CMAKE_PREFIX_PATH}:/home/robot/robot_ws/install/urdf_tutorial:/opt/ros/humble /usr/bin/cmake --install /home/robot/robot_ws/build/gl_ros2_driver_udp
[24.649s] DEBUG:colcon.colcon_core.event_handler.log_command:Invoked command in '/home/robot/robot_ws/build/gl_ros2_driver' returned '0': CMAKE_PREFIX_PATH=${CMAKE_PREFIX_PATH}:/home/robot/robot_ws/install/urdf_tutorial:/opt/ros/humble /usr/bin/cmake --build /home/robot/robot_ws/build/gl_ros2_driver -- -j4 -l4
[24.677s] Level 1:colcon.colcon_core.environment:create_environment_scripts_only(gl_ros2_driver_udp)
[24.689s] DEBUG:colcon.colcon_core.event_handler.log_command:Invoked command in '/home/robot/robot_ws/build/gl_ros2_driver_udp' returned '0': CMAKE_PREFIX_PATH=${CMAKE_PREFIX_PATH}:/home/robot/robot_ws/install/urdf_tutorial:/opt/ros/humble /usr/bin/cmake --install /home/robot/robot_ws/build/gl_ros2_driver_udp
[24.724s] Level 1:colcon.colcon_core.environment:checking '/home/robot/robot_ws/install/gl_ros2_driver_udp' for CMake module files
[24.725s] Level 1:colcon.colcon_core.environment:checking '/home/robot/robot_ws/install/gl_ros2_driver_udp' for CMake config files
[24.726s] Level 1:colcon.colcon_core.shell:create_environment_hook('gl_ros2_driver_udp', 'cmake_prefix_path')
[24.767s] INFO:colcon.colcon_core.shell:Creating environment hook '/home/robot/robot_ws/install/gl_ros2_driver_udp/share/gl_ros2_driver_udp/hook/cmake_prefix_path.ps1'
[24.768s] INFO:colcon.colcon_core.shell:Creating environment descriptor '/home/robot/robot_ws/install/gl_ros2_driver_udp/share/gl_ros2_driver_udp/hook/cmake_prefix_path.dsv'
[24.769s] INFO:colcon.colcon_core.shell:Creating environment hook '/home/robot/robot_ws/install/gl_ros2_driver_udp/share/gl_ros2_driver_udp/hook/cmake_prefix_path.sh'
[24.770s] Level 1:colcon.colcon_core.environment:checking '/home/robot/robot_ws/install/gl_ros2_driver_udp/lib'
[24.770s] Level 1:colcon.colcon_core.environment:checking '/home/robot/robot_ws/install/gl_ros2_driver_udp/bin'
[24.770s] Level 1:colcon.colcon_core.environment:checking '/home/robot/robot_ws/install/gl_ros2_driver_udp/lib/pkgconfig/gl_ros2_driver_udp.pc'
[24.771s] Level 1:colcon.colcon_core.environment:checking '/home/robot/robot_ws/install/gl_ros2_driver_udp/lib/python3.10/site-packages'
[24.771s] Level 1:colcon.colcon_core.environment:checking '/home/robot/robot_ws/install/gl_ros2_driver_udp/bin'
[24.831s] INFO:colcon.colcon_core.shell:Creating package script '/home/robot/robot_ws/install/gl_ros2_driver_udp/share/gl_ros2_driver_udp/package.ps1'
[24.832s] INFO:colcon.colcon_core.shell:Creating package descriptor '/home/robot/robot_ws/install/gl_ros2_driver_udp/share/gl_ros2_driver_udp/package.dsv'
[24.833s] INFO:colcon.colcon_core.shell:Creating package script '/home/robot/robot_ws/install/gl_ros2_driver_udp/share/gl_ros2_driver_udp/package.sh'
[24.835s] INFO:colcon.colcon_core.shell:Creating package script '/home/robot/robot_ws/install/gl_ros2_driver_udp/share/gl_ros2_driver_udp/package.bash'
[24.836s] INFO:colcon.colcon_core.shell:Creating package script '/home/robot/robot_ws/install/gl_ros2_driver_udp/share/gl_ros2_driver_udp/package.zsh'
[24.836s] Level 1:colcon.colcon_core.environment:create_file_with_runtime_dependencies(/home/robot/robot_ws/install/gl_ros2_driver_udp/share/colcon-core/packages/gl_ros2_driver_udp)
[24.923s] DEBUG:colcon.colcon_core.event_handler.log_command:Invoking command in '/home/robot/robot_ws/build/gl_ros2_driver': CMAKE_PREFIX_PATH=${CMAKE_PREFIX_PATH}:/home/robot/robot_ws/install/urdf_tutorial:/opt/ros/humble /usr/bin/cmake --install /home/robot/robot_ws/build/gl_ros2_driver
[24.948s] Level 1:colcon.colcon_core.environment:create_environment_scripts_only(gl_ros2_driver)
[24.958s] DEBUG:colcon.colcon_core.event_handler.log_command:Invoked command in '/home/robot/robot_ws/build/gl_ros2_driver' returned '0': CMAKE_PREFIX_PATH=${CMAKE_PREFIX_PATH}:/home/robot/robot_ws/install/urdf_tutorial:/opt/ros/humble /usr/bin/cmake --install /home/robot/robot_ws/build/gl_ros2_driver
[25.035s] Level 1:colcon.colcon_core.environment:checking '/home/robot/robot_ws/install/gl_ros2_driver' for CMake module files
[25.035s] Level 1:colcon.colcon_core.environment:checking '/home/robot/robot_ws/install/gl_ros2_driver' for CMake config files
[25.039s] Level 1:colcon.colcon_core.shell:create_environment_hook('gl_ros2_driver', 'cmake_prefix_path')
[25.129s] INFO:colcon.colcon_core.shell:Creating environment hook '/home/robot/robot_ws/install/gl_ros2_driver/share/gl_ros2_driver/hook/cmake_prefix_path.ps1'
[25.132s] INFO:colcon.colcon_core.shell:Creating environment descriptor '/home/robot/robot_ws/install/gl_ros2_driver/share/gl_ros2_driver/hook/cmake_prefix_path.dsv'
[25.134s] INFO:colcon.colcon_core.shell:Creating environment hook '/home/robot/robot_ws/install/gl_ros2_driver/share/gl_ros2_driver/hook/cmake_prefix_path.sh'
[25.135s] Level 1:colcon.colcon_core.environment:checking '/home/robot/robot_ws/install/gl_ros2_driver/lib'
[25.135s] Level 1:colcon.colcon_core.environment:checking '/home/robot/robot_ws/install/gl_ros2_driver/bin'
[25.135s] Level 1:colcon.colcon_core.environment:checking '/home/robot/robot_ws/install/gl_ros2_driver/lib/pkgconfig/gl_ros2_driver.pc'
[25.135s] Level 1:colcon.colcon_core.environment:checking '/home/robot/robot_ws/install/gl_ros2_driver/lib/python3.10/site-packages'
[25.136s] Level 1:colcon.colcon_core.environment:checking '/home/robot/robot_ws/install/gl_ros2_driver/bin'
[25.183s] INFO:colcon.colcon_core.shell:Creating package script '/home/robot/robot_ws/install/gl_ros2_driver/share/gl_ros2_driver/package.ps1'
[25.183s] INFO:colcon.colcon_core.shell:Creating package descriptor '/home/robot/robot_ws/install/gl_ros2_driver/share/gl_ros2_driver/package.dsv'
[25.184s] INFO:colcon.colcon_core.shell:Creating package script '/home/robot/robot_ws/install/gl_ros2_driver/share/gl_ros2_driver/package.sh'
[25.184s] INFO:colcon.colcon_core.shell:Creating package script '/home/robot/robot_ws/install/gl_ros2_driver/share/gl_ros2_driver/package.bash'
[25.185s] INFO:colcon.colcon_core.shell:Creating package script '/home/robot/robot_ws/install/gl_ros2_driver/share/gl_ros2_driver/package.zsh'
[25.185s] Level 1:colcon.colcon_core.environment:create_file_with_runtime_dependencies(/home/robot/robot_ws/install/gl_ros2_driver/share/colcon-core/packages/gl_ros2_driver)
[25.229s] Level 1:colcon.colcon_core.environment:create_environment_scripts_only(gl_ros2_driver_udp)
[25.252s] Level 1:colcon.colcon_core.environment:checking '/home/robot/robot_ws/install/gl_ros2_driver_udp' for CMake module files
[25.253s] Level 1:colcon.colcon_core.environment:checking '/home/robot/robot_ws/install/gl_ros2_driver_udp' for CMake config files
[25.254s] Level 1:colcon.colcon_core.shell:create_environment_hook('gl_ros2_driver_udp', 'cmake_prefix_path')
[25.279s] INFO:colcon.colcon_core.shell:Creating environment hook '/home/robot/robot_ws/install/gl_ros2_driver_udp/share/gl_ros2_driver_udp/hook/cmake_prefix_path.ps1'
[25.281s] INFO:colcon.colcon_core.shell:Creating environment descriptor '/home/robot/robot_ws/install/gl_ros2_driver_udp/share/gl_ros2_driver_udp/hook/cmake_prefix_path.dsv'
[25.281s] INFO:colcon.colcon_core.shell:Creating environment hook '/home/robot/robot_ws/install/gl_ros2_driver_udp/share/gl_ros2_driver_udp/hook/cmake_prefix_path.sh'
[25.283s] Level 1:colcon.colcon_core.environment:checking '/home/robot/robot_ws/install/gl_ros2_driver_udp/lib'
[25.283s] Level 1:colcon.colcon_core.environment:checking '/home/robot/robot_ws/install/gl_ros2_driver_udp/bin'
[25.283s] Level 1:colcon.colcon_core.environment:checking '/home/robot/robot_ws/install/gl_ros2_driver_udp/lib/pkgconfig/gl_ros2_driver_udp.pc'
[25.284s] Level 1:colcon.colcon_core.environment:checking '/home/robot/robot_ws/install/gl_ros2_driver_udp/lib/python3.10/site-packages'
[25.284s] Level 1:colcon.colcon_core.environment:checking '/home/robot/robot_ws/install/gl_ros2_driver_udp/bin'
[25.321s] INFO:colcon.colcon_core.shell:Creating package script '/home/robot/robot_ws/install/gl_ros2_driver_udp/share/gl_ros2_driver_udp/package.ps1'
[25.328s] INFO:colcon.colcon_core.shell:Creating package descriptor '/home/robot/robot_ws/install/gl_ros2_driver_udp/share/gl_ros2_driver_udp/package.dsv'
[25.329s] INFO:colcon.colcon_core.shell:Creating package script '/home/robot/robot_ws/install/gl_ros2_driver_udp/share/gl_ros2_driver_udp/package.sh'
[25.330s] INFO:colcon.colcon_core.shell:Creating package script '/home/robot/robot_ws/install/gl_ros2_driver_udp/share/gl_ros2_driver_udp/package.bash'
[25.331s] INFO:colcon.colcon_core.shell:Creating package script '/home/robot/robot_ws/install/gl_ros2_driver_udp/share/gl_ros2_driver_udp/package.zsh'
[25.331s] Level 1:colcon.colcon_core.environment:create_file_with_runtime_dependencies(/home/robot/robot_ws/install/gl_ros2_driver_udp/share/colcon-core/packages/gl_ros2_driver_udp)
[25.334s] INFO:colcon.colcon_ros.task.ament_python.build:Building ROS package in '/home/robot/robot_ws/src/urdf_tutorial' with build type 'ament_python'
[25.335s] Level 1:colcon.colcon_core.shell:create_environment_hook('urdf_tutorial', 'ament_prefix_path')
[25.383s] INFO:colcon.colcon_core.shell:Creating environment hook '/home/robot/robot_ws/install/urdf_tutorial/share/urdf_tutorial/hook/ament_prefix_path.ps1'
[25.385s] INFO:colcon.colcon_core.shell:Creating environment descriptor '/home/robot/robot_ws/install/urdf_tutorial/share/urdf_tutorial/hook/ament_prefix_path.dsv'
[25.385s] INFO:colcon.colcon_core.shell:Creating environment hook '/home/robot/robot_ws/install/urdf_tutorial/share/urdf_tutorial/hook/ament_prefix_path.sh'
[25.421s] INFO:colcon.colcon_core.shell:Skip shell extension 'powershell' for command environment: Not usable outside of PowerShell
[25.422s] DEBUG:colcon.colcon_core.shell:Skip shell extension 'dsv' for command environment
[25.767s] Level 1:colcon.colcon_core.environment:create_environment_scripts_only(gl_ros2_driver)
[25.834s] Level 1:colcon.colcon_core.environment:checking '/home/robot/robot_ws/install/gl_ros2_driver' for CMake module files
[25.834s] Level 1:colcon.colcon_core.environment:checking '/home/robot/robot_ws/install/gl_ros2_driver' for CMake config files
[25.835s] Level 1:colcon.colcon_core.shell:create_environment_hook('gl_ros2_driver', 'cmake_prefix_path')
[25.864s] INFO:colcon.colcon_core.shell:Creating environment hook '/home/robot/robot_ws/install/gl_ros2_driver/share/gl_ros2_driver/hook/cmake_prefix_path.ps1'
[25.865s] INFO:colcon.colcon_core.shell:Creating environment descriptor '/home/robot/robot_ws/install/gl_ros2_driver/share/gl_ros2_driver/hook/cmake_prefix_path.dsv'
[25.865s] INFO:colcon.colcon_core.shell:Creating environment hook '/home/robot/robot_ws/install/gl_ros2_driver/share/gl_ros2_driver/hook/cmake_prefix_path.sh'
[25.866s] Level 1:colcon.colcon_core.environment:checking '/home/robot/robot_ws/install/gl_ros2_driver/lib'
[25.866s] Level 1:colcon.colcon_core.environment:checking '/home/robot/robot_ws/install/gl_ros2_driver/bin'
[25.867s] Level 1:colcon.colcon_core.environment:checking '/home/robot/robot_ws/install/gl_ros2_driver/lib/pkgconfig/gl_ros2_driver.pc'
[25.867s] Level 1:colcon.colcon_core.environment:checking '/home/robot/robot_ws/install/gl_ros2_driver/lib/python3.10/site-packages'
[25.867s] Level 1:colcon.colcon_core.environment:checking '/home/robot/robot_ws/install/gl_ros2_driver/bin'
[25.894s] INFO:colcon.colcon_core.shell:Creating package script '/home/robot/robot_ws/install/gl_ros2_driver/share/gl_ros2_driver/package.ps1'
[25.895s] INFO:colcon.colcon_core.shell:Creating package descriptor '/home/robot/robot_ws/install/gl_ros2_driver/share/gl_ros2_driver/package.dsv'
[25.896s] INFO:colcon.colcon_core.shell:Creating package script '/home/robot/robot_ws/install/gl_ros2_driver/share/gl_ros2_driver/package.sh'
[25.897s] INFO:colcon.colcon_core.shell:Creating package script '/home/robot/robot_ws/install/gl_ros2_driver/share/gl_ros2_driver/package.bash'
[25.897s] INFO:colcon.colcon_core.shell:Creating package script '/home/robot/robot_ws/install/gl_ros2_driver/share/gl_ros2_driver/package.zsh'
[25.898s] Level 1:colcon.colcon_core.environment:create_file_with_runtime_dependencies(/home/robot/robot_ws/install/gl_ros2_driver/share/colcon-core/packages/gl_ros2_driver)
[27.309s] INFO:colcon.colcon_core.task.python.build:Building Python package in '/home/robot/robot_ws/src/urdf_tutorial'
[27.347s] INFO:colcon.colcon_core.shell:Skip shell extension 'powershell' for command environment: Not usable outside of PowerShell
[27.348s] DEBUG:colcon.colcon_core.shell:Skip shell extension 'dsv' for command environment
[28.164s] DEBUG:colcon.colcon_core.event_handler.log_command:Invoking command in '/home/robot/robot_ws/src/urdf_tutorial': PYTHONPATH=/home/robot/robot_ws/build/urdf_tutorial/prefix_override:/home/robot/robot_ws/install/urdf_tutorial/lib/python3.10/site-packages:${PYTHONPATH} /usr/bin/python3 setup.py egg_info --egg-base ../../build/urdf_tutorial build --build-base /home/robot/robot_ws/build/urdf_tutorial/build install --record /home/robot/robot_ws/build/urdf_tutorial/install.log --single-version-externally-managed
[29.100s] DEBUG:colcon.colcon_core.event_handler.log_command:Invoked command in '/home/robot/robot_ws/src/urdf_tutorial' returned '0': PYTHONPATH=/home/robot/robot_ws/build/urdf_tutorial/prefix_override:/home/robot/robot_ws/install/urdf_tutorial/lib/python3.10/site-packages:${PYTHONPATH} /usr/bin/python3 setup.py egg_info --egg-base ../../build/urdf_tutorial build --build-base /home/robot/robot_ws/build/urdf_tutorial/build install --record /home/robot/robot_ws/build/urdf_tutorial/install.log --single-version-externally-managed
[29.115s] Level 1:colcon.colcon_core.environment:checking '/home/robot/robot_ws/install/urdf_tutorial' for CMake module files
[29.116s] Level 1:colcon.colcon_core.environment:checking '/home/robot/robot_ws/install/urdf_tutorial' for CMake config files
[29.117s] Level 1:colcon.colcon_core.environment:checking '/home/robot/robot_ws/install/urdf_tutorial/lib'
[29.117s] Level 1:colcon.colcon_core.environment:checking '/home/robot/robot_ws/install/urdf_tutorial/bin'
[29.117s] Level 1:colcon.colcon_core.environment:checking '/home/robot/robot_ws/install/urdf_tutorial/lib/pkgconfig/urdf_tutorial.pc'
[29.117s] Level 1:colcon.colcon_core.environment:checking '/home/robot/robot_ws/install/urdf_tutorial/lib/python3.10/site-packages'
[29.117s] Level 1:colcon.colcon_core.shell:create_environment_hook('urdf_tutorial', 'pythonpath')
[29.141s] INFO:colcon.colcon_core.shell:Creating environment hook '/home/robot/robot_ws/install/urdf_tutorial/share/urdf_tutorial/hook/pythonpath.ps1'
[29.142s] INFO:colcon.colcon_core.shell:Creating environment descriptor '/home/robot/robot_ws/install/urdf_tutorial/share/urdf_tutorial/hook/pythonpath.dsv'
[29.142s] INFO:colcon.colcon_core.shell:Creating environment hook '/home/robot/robot_ws/install/urdf_tutorial/share/urdf_tutorial/hook/pythonpath.sh'
[29.143s] Level 1:colcon.colcon_core.environment:checking '/home/robot/robot_ws/install/urdf_tutorial/bin'
[29.143s] Level 1:colcon.colcon_core.environment:create_environment_scripts_only(urdf_tutorial)
[29.166s] INFO:colcon.colcon_core.shell:Creating package script '/home/robot/robot_ws/install/urdf_tutorial/share/urdf_tutorial/package.ps1'
[29.167s] INFO:colcon.colcon_core.shell:Creating package descriptor '/home/robot/robot_ws/install/urdf_tutorial/share/urdf_tutorial/package.dsv'
[29.168s] INFO:colcon.colcon_core.shell:Creating package script '/home/robot/robot_ws/install/urdf_tutorial/share/urdf_tutorial/package.sh'
[29.170s] INFO:colcon.colcon_core.shell:Creating package script '/home/robot/robot_ws/install/urdf_tutorial/share/urdf_tutorial/package.bash'
[29.171s] INFO:colcon.colcon_core.shell:Creating package script '/home/robot/robot_ws/install/urdf_tutorial/share/urdf_tutorial/package.zsh'
[29.171s] Level 1:colcon.colcon_core.environment:create_file_with_runtime_dependencies(/home/robot/robot_ws/install/urdf_tutorial/share/colcon-core/packages/urdf_tutorial)
[32.547s] DEBUG:colcon.colcon_core.event_handler.log_command:Invoked command in '/home/robot/robot_ws/build/my_first_ros_rclcpp_pkg' returned '0': CMAKE_PREFIX_PATH=${CMAKE_PREFIX_PATH}:/home/robot/robot_ws/install/urdf_tutorial:/opt/ros/humble /usr/bin/cmake --build /home/robot/robot_ws/build/my_first_ros_rclcpp_pkg -- -j4 -l4
[32.596s] DEBUG:colcon.colcon_core.event_handler.log_command:Invoking command in '/home/robot/robot_ws/build/my_first_ros_rclcpp_pkg': CMAKE_PREFIX_PATH=${CMAKE_PREFIX_PATH}:/home/robot/robot_ws/install/urdf_tutorial:/opt/ros/humble /usr/bin/cmake --install /home/robot/robot_ws/build/my_first_ros_rclcpp_pkg
[32.631s] Level 1:colcon.colcon_core.environment:create_environment_scripts_only(my_first_ros_rclcpp_pkg)
[32.639s] DEBUG:colcon.colcon_core.event_handler.log_command:Invoked command in '/home/robot/robot_ws/build/my_first_ros_rclcpp_pkg' returned '0': CMAKE_PREFIX_PATH=${CMAKE_PREFIX_PATH}:/home/robot/robot_ws/install/urdf_tutorial:/opt/ros/humble /usr/bin/cmake --install /home/robot/robot_ws/build/my_first_ros_rclcpp_pkg
[32.653s] Level 1:colcon.colcon_core.environment:checking '/home/robot/robot_ws/install/my_first_ros_rclcpp_pkg' for CMake module files
[32.654s] Level 1:colcon.colcon_core.environment:checking '/home/robot/robot_ws/install/my_first_ros_rclcpp_pkg' for CMake config files
[32.654s] Level 1:colcon.colcon_core.shell:create_environment_hook('my_first_ros_rclcpp_pkg', 'cmake_prefix_path')
[32.680s] INFO:colcon.colcon_core.shell:Creating environment hook '/home/robot/robot_ws/install/my_first_ros_rclcpp_pkg/share/my_first_ros_rclcpp_pkg/hook/cmake_prefix_path.ps1'
[32.681s] INFO:colcon.colcon_core.shell:Creating environment descriptor '/home/robot/robot_ws/install/my_first_ros_rclcpp_pkg/share/my_first_ros_rclcpp_pkg/hook/cmake_prefix_path.dsv'
[32.682s] INFO:colcon.colcon_core.shell:Creating environment hook '/home/robot/robot_ws/install/my_first_ros_rclcpp_pkg/share/my_first_ros_rclcpp_pkg/hook/cmake_prefix_path.sh'
[32.683s] Level 1:colcon.colcon_core.environment:checking '/home/robot/robot_ws/install/my_first_ros_rclcpp_pkg/lib'
[32.684s] Level 1:colcon.colcon_core.environment:checking '/home/robot/robot_ws/install/my_first_ros_rclcpp_pkg/bin'
[32.684s] Level 1:colcon.colcon_core.environment:checking '/home/robot/robot_ws/install/my_first_ros_rclcpp_pkg/lib/pkgconfig/my_first_ros_rclcpp_pkg.pc'
[32.684s] Level 1:colcon.colcon_core.environment:checking '/home/robot/robot_ws/install/my_first_ros_rclcpp_pkg/lib/python3.10/site-packages'
[32.685s] Level 1:colcon.colcon_core.environment:checking '/home/robot/robot_ws/install/my_first_ros_rclcpp_pkg/bin'
[32.708s] INFO:colcon.colcon_core.shell:Creating package script '/home/robot/robot_ws/install/my_first_ros_rclcpp_pkg/share/my_first_ros_rclcpp_pkg/package.ps1'
[32.710s] INFO:colcon.colcon_core.shell:Creating package descriptor '/home/robot/robot_ws/install/my_first_ros_rclcpp_pkg/share/my_first_ros_rclcpp_pkg/package.dsv'
[32.711s] INFO:colcon.colcon_core.shell:Creating package script '/home/robot/robot_ws/install/my_first_ros_rclcpp_pkg/share/my_first_ros_rclcpp_pkg/package.sh'
[32.712s] INFO:colcon.colcon_core.shell:Creating package script '/home/robot/robot_ws/install/my_first_ros_rclcpp_pkg/share/my_first_ros_rclcpp_pkg/package.bash'
[32.713s] INFO:colcon.colcon_core.shell:Creating package script '/home/robot/robot_ws/install/my_first_ros_rclcpp_pkg/share/my_first_ros_rclcpp_pkg/package.zsh'
[32.714s] Level 1:colcon.colcon_core.environment:create_file_with_runtime_dependencies(/home/robot/robot_ws/install/my_first_ros_rclcpp_pkg/share/colcon-core/packages/my_first_ros_rclcpp_pkg)
[32.795s] Level 1:colcon.colcon_core.environment:create_environment_scripts_only(my_first_ros_rclcpp_pkg)
[32.823s] Level 1:colcon.colcon_core.environment:checking '/home/robot/robot_ws/install/my_first_ros_rclcpp_pkg' for CMake module files
[32.824s] Level 1:colcon.colcon_core.environment:checking '/home/robot/robot_ws/install/my_first_ros_rclcpp_pkg' for CMake config files
[32.824s] Level 1:colcon.colcon_core.shell:create_environment_hook('my_first_ros_rclcpp_pkg', 'cmake_prefix_path')
[32.858s] INFO:colcon.colcon_core.shell:Creating environment hook '/home/robot/robot_ws/install/my_first_ros_rclcpp_pkg/share/my_first_ros_rclcpp_pkg/hook/cmake_prefix_path.ps1'
[32.859s] INFO:colcon.colcon_core.shell:Creating environment descriptor '/home/robot/robot_ws/install/my_first_ros_rclcpp_pkg/share/my_first_ros_rclcpp_pkg/hook/cmake_prefix_path.dsv'
[32.860s] INFO:colcon.colcon_core.shell:Creating environment hook '/home/robot/robot_ws/install/my_first_ros_rclcpp_pkg/share/my_first_ros_rclcpp_pkg/hook/cmake_prefix_path.sh'
[32.861s] Level 1:colcon.colcon_core.environment:checking '/home/robot/robot_ws/install/my_first_ros_rclcpp_pkg/lib'
[32.861s] Level 1:colcon.colcon_core.environment:checking '/home/robot/robot_ws/install/my_first_ros_rclcpp_pkg/bin'
[32.861s] Level 1:colcon.colcon_core.environment:checking '/home/robot/robot_ws/install/my_first_ros_rclcpp_pkg/lib/pkgconfig/my_first_ros_rclcpp_pkg.pc'
[32.862s] Level 1:colcon.colcon_core.environment:checking '/home/robot/robot_ws/install/my_first_ros_rclcpp_pkg/lib/python3.10/site-packages'
[32.862s] Level 1:colcon.colcon_core.environment:checking '/home/robot/robot_ws/install/my_first_ros_rclcpp_pkg/bin'
[32.883s] INFO:colcon.colcon_core.shell:Creating package script '/home/robot/robot_ws/install/my_first_ros_rclcpp_pkg/share/my_first_ros_rclcpp_pkg/package.ps1'
[32.884s] INFO:colcon.colcon_core.shell:Creating package descriptor '/home/robot/robot_ws/install/my_first_ros_rclcpp_pkg/share/my_first_ros_rclcpp_pkg/package.dsv'
[32.885s] INFO:colcon.colcon_core.shell:Creating package script '/home/robot/robot_ws/install/my_first_ros_rclcpp_pkg/share/my_first_ros_rclcpp_pkg/package.sh'
[32.886s] INFO:colcon.colcon_core.shell:Creating package script '/home/robot/robot_ws/install/my_first_ros_rclcpp_pkg/share/my_first_ros_rclcpp_pkg/package.bash'
[32.887s] INFO:colcon.colcon_core.shell:Creating package script '/home/robot/robot_ws/install/my_first_ros_rclcpp_pkg/share/my_first_ros_rclcpp_pkg/package.zsh'
[32.887s] Level 1:colcon.colcon_core.environment:create_file_with_runtime_dependencies(/home/robot/robot_ws/install/my_first_ros_rclcpp_pkg/share/colcon-core/packages/my_first_ros_rclcpp_pkg)
[45.784s] DEBUG:colcon.colcon_core.event_handler.log_command:Invoked command in '/home/robot/robot_ws/build/safeway_robot_controll_packet_RS485' returned '0': CMAKE_PREFIX_PATH=${CMAKE_PREFIX_PATH}:/home/robot/robot_ws/install/urdf_tutorial:/opt/ros/humble /usr/bin/cmake --build /home/robot/robot_ws/build/safeway_robot_controll_packet_RS485 -- -j4 -l4
[45.823s] DEBUG:colcon.colcon_core.event_handler.log_command:Invoking command in '/home/robot/robot_ws/build/safeway_robot_controll_packet_RS485': CMAKE_PREFIX_PATH=${CMAKE_PREFIX_PATH}:/home/robot/robot_ws/install/urdf_tutorial:/opt/ros/humble /usr/bin/cmake --install /home/robot/robot_ws/build/safeway_robot_controll_packet_RS485
[45.857s] Level 1:colcon.colcon_core.environment:create_environment_scripts_only(safeway_robot_controll_packet_RS485)
[45.857s] DEBUG:colcon.colcon_core.event_handler.log_command:Invoked command in '/home/robot/robot_ws/build/safeway_robot_controll_packet_RS485' returned '0': CMAKE_PREFIX_PATH=${CMAKE_PREFIX_PATH}:/home/robot/robot_ws/install/urdf_tutorial:/opt/ros/humble /usr/bin/cmake --install /home/robot/robot_ws/build/safeway_robot_controll_packet_RS485
[45.876s] Level 1:colcon.colcon_core.environment:checking '/home/robot/robot_ws/install/safeway_robot_controll_packet_RS485' for CMake module files
[45.877s] Level 1:colcon.colcon_core.environment:checking '/home/robot/robot_ws/install/safeway_robot_controll_packet_RS485' for CMake config files
[45.877s] Level 1:colcon.colcon_core.shell:create_environment_hook('safeway_robot_controll_packet_RS485', 'cmake_prefix_path')
[45.894s] INFO:colcon.colcon_core.shell:Creating environment hook '/home/robot/robot_ws/install/safeway_robot_controll_packet_RS485/share/safeway_robot_controll_packet_RS485/hook/cmake_prefix_path.ps1'
[45.894s] INFO:colcon.colcon_core.shell:Creating environment descriptor '/home/robot/robot_ws/install/safeway_robot_controll_packet_RS485/share/safeway_robot_controll_packet_RS485/hook/cmake_prefix_path.dsv'
[45.895s] INFO:colcon.colcon_core.shell:Creating environment hook '/home/robot/robot_ws/install/safeway_robot_controll_packet_RS485/share/safeway_robot_controll_packet_RS485/hook/cmake_prefix_path.sh'
[45.895s] Level 1:colcon.colcon_core.environment:checking '/home/robot/robot_ws/install/safeway_robot_controll_packet_RS485/lib'
[45.895s] Level 1:colcon.colcon_core.environment:checking '/home/robot/robot_ws/install/safeway_robot_controll_packet_RS485/bin'
[45.896s] Level 1:colcon.colcon_core.environment:checking '/home/robot/robot_ws/install/safeway_robot_controll_packet_RS485/lib/pkgconfig/safeway_robot_controll_packet_RS485.pc'
[45.896s] Level 1:colcon.colcon_core.environment:checking '/home/robot/robot_ws/install/safeway_robot_controll_packet_RS485/lib/python3.10/site-packages'
[45.896s] Level 1:colcon.colcon_core.environment:checking '/home/robot/robot_ws/install/safeway_robot_controll_packet_RS485/bin'
[45.914s] INFO:colcon.colcon_core.shell:Creating package script '/home/robot/robot_ws/install/safeway_robot_controll_packet_RS485/share/safeway_robot_controll_packet_RS485/package.ps1'
[45.915s] INFO:colcon.colcon_core.shell:Creating package descriptor '/home/robot/robot_ws/install/safeway_robot_controll_packet_RS485/share/safeway_robot_controll_packet_RS485/package.dsv'
[45.918s] INFO:colcon.colcon_core.shell:Creating package script '/home/robot/robot_ws/install/safeway_robot_controll_packet_RS485/share/safeway_robot_controll_packet_RS485/package.sh'
[45.918s] INFO:colcon.colcon_core.shell:Creating package script '/home/robot/robot_ws/install/safeway_robot_controll_packet_RS485/share/safeway_robot_controll_packet_RS485/package.bash'
[45.919s] INFO:colcon.colcon_core.shell:Creating package script '/home/robot/robot_ws/install/safeway_robot_controll_packet_RS485/share/safeway_robot_controll_packet_RS485/package.zsh'
[45.919s] Level 1:colcon.colcon_core.environment:create_file_with_runtime_dependencies(/home/robot/robot_ws/install/safeway_robot_controll_packet_RS485/share/colcon-core/packages/safeway_robot_controll_packet_RS485)
[45.979s] Level 1:colcon.colcon_core.environment:create_environment_scripts_only(safeway_robot_controll_packet_RS485)
[45.995s] Level 1:colcon.colcon_core.environment:checking '/home/robot/robot_ws/install/safeway_robot_controll_packet_RS485' for CMake module files
[45.996s] Level 1:colcon.colcon_core.environment:checking '/home/robot/robot_ws/install/safeway_robot_controll_packet_RS485' for CMake config files
[45.996s] Level 1:colcon.colcon_core.shell:create_environment_hook('safeway_robot_controll_packet_RS485', 'cmake_prefix_path')
[46.011s] INFO:colcon.colcon_core.shell:Creating environment hook '/home/robot/robot_ws/install/safeway_robot_controll_packet_RS485/share/safeway_robot_controll_packet_RS485/hook/cmake_prefix_path.ps1'
[46.012s] INFO:colcon.colcon_core.shell:Creating environment descriptor '/home/robot/robot_ws/install/safeway_robot_controll_packet_RS485/share/safeway_robot_controll_packet_RS485/hook/cmake_prefix_path.dsv'
[46.012s] INFO:colcon.colcon_core.shell:Creating environment hook '/home/robot/robot_ws/install/safeway_robot_controll_packet_RS485/share/safeway_robot_controll_packet_RS485/hook/cmake_prefix_path.sh'
[46.013s] Level 1:colcon.colcon_core.environment:checking '/home/robot/robot_ws/install/safeway_robot_controll_packet_RS485/lib'
[46.013s] Level 1:colcon.colcon_core.environment:checking '/home/robot/robot_ws/install/safeway_robot_controll_packet_RS485/bin'
[46.013s] Level 1:colcon.colcon_core.environment:checking '/home/robot/robot_ws/install/safeway_robot_controll_packet_RS485/lib/pkgconfig/safeway_robot_controll_packet_RS485.pc'
[46.013s] Level 1:colcon.colcon_core.environment:checking '/home/robot/robot_ws/install/safeway_robot_controll_packet_RS485/lib/python3.10/site-packages'
[46.014s] Level 1:colcon.colcon_core.environment:checking '/home/robot/robot_ws/install/safeway_robot_controll_packet_RS485/bin'
[46.030s] INFO:colcon.colcon_core.shell:Creating package script '/home/robot/robot_ws/install/safeway_robot_controll_packet_RS485/share/safeway_robot_controll_packet_RS485/package.ps1'
[46.031s] INFO:colcon.colcon_core.shell:Creating package descriptor '/home/robot/robot_ws/install/safeway_robot_controll_packet_RS485/share/safeway_robot_controll_packet_RS485/package.dsv'
[46.031s] INFO:colcon.colcon_core.shell:Creating package script '/home/robot/robot_ws/install/safeway_robot_controll_packet_RS485/share/safeway_robot_controll_packet_RS485/package.sh'
[46.032s] INFO:colcon.colcon_core.shell:Creating package script '/home/robot/robot_ws/install/safeway_robot_controll_packet_RS485/share/safeway_robot_controll_packet_RS485/package.bash'
[46.032s] INFO:colcon.colcon_core.shell:Creating package script '/home/robot/robot_ws/install/safeway_robot_controll_packet_RS485/share/safeway_robot_controll_packet_RS485/package.zsh'
[46.032s] Level 1:colcon.colcon_core.environment:create_file_with_runtime_dependencies(/home/robot/robot_ws/install/safeway_robot_controll_packet_RS485/share/colcon-core/packages/safeway_robot_controll_packet_RS485)
[46.033s] DEBUG:colcon.colcon_parallel_executor.executor.parallel:closing loop
[46.034s] DEBUG:colcon.colcon_parallel_executor.executor.parallel:loop closed
[46.034s] DEBUG:colcon.colcon_parallel_executor.executor.parallel:run_until_complete finished with '0'
[46.034s] DEBUG:colcon.colcon_core.event_reactor:joining thread
[46.062s] INFO:colcon.colcon_core.plugin_system:Skipping extension 'colcon_notification.desktop_notification.terminal_notifier': Not used on non-Darwin systems
[46.063s] INFO:colcon.colcon_core.plugin_system:Skipping extension 'colcon_notification.desktop_notification.win32': Not used on non-Windows systems
[46.063s] INFO:colcon.colcon_notification.desktop_notification:Sending desktop notification using 'notify2'
[46.079s] DEBUG:colcon.colcon_core.event_reactor:joined thread
[46.098s] INFO:colcon.colcon_core.shell:Creating prefix script '/home/robot/robot_ws/install/local_setup.ps1'
[46.099s] INFO:colcon.colcon_core.shell:Creating prefix util module '/home/robot/robot_ws/install/_local_setup_util_ps1.py'
[46.101s] INFO:colcon.colcon_core.shell:Creating prefix chain script '/home/robot/robot_ws/install/setup.ps1'
[46.120s] INFO:colcon.colcon_core.shell:Creating prefix script '/home/robot/robot_ws/install/local_setup.sh'
[46.121s] INFO:colcon.colcon_core.shell:Creating prefix util module '/home/robot/robot_ws/install/_local_setup_util_sh.py'
[46.122s] INFO:colcon.colcon_core.shell:Creating prefix chain script '/home/robot/robot_ws/install/setup.sh'
[46.140s] INFO:colcon.colcon_core.shell:Creating prefix script '/home/robot/robot_ws/install/local_setup.bash'
[46.141s] INFO:colcon.colcon_core.shell:Creating prefix chain script '/home/robot/robot_ws/install/setup.bash'
[46.159s] INFO:colcon.colcon_core.shell:Creating prefix script '/home/robot/robot_ws/install/local_setup.zsh'
[46.159s] INFO:colcon.colcon_core.shell:Creating prefix chain script '/home/robot/robot_ws/install/setup.zsh'
