[0.994s] Invoking command in '/home/robot/robot_ws/build/slam_toolbox': CMAKE_PREFIX_PATH=${CMAKE_PREFIX_PATH}:/home/robot/robot_ws/install/urdf_tutorial:/home/robot/turtlebot3_ws/install/turtlebot3_teleop:/home/robot/turtlebot3_ws/install/turtlebot3_example:/opt/ros/humble /usr/bin/cmake --build /home/robot/robot_ws/build/slam_toolbox -- -j4 -l4
[1.139s] [  1%] Built target slam_toolbox__cpp
[1.140s] [ 10%] Built target slam_toolbox__rosidl_generator_c
[1.179s] [ 10%] Built target ament_cmake_python_symlink_slam_toolbox
[1.184s] [ 12%] Built target kartoSlamToolbox
[1.226s] [ 20%] Built target slam_toolbox__rosidl_typesupport_cpp
[1.234s] [ 29%] Built target slam_toolbox__rosidl_typesupport_fastrtps_cpp
[1.258s] [ 37%] Built target slam_toolbox__rosidl_typesupport_c
[1.259s] [ 45%] Built target slam_toolbox__rosidl_typesupport_introspection_c
[1.356s] [ 53%] Built target slam_toolbox__rosidl_typesupport_introspection_cpp
[1.370s] [ 55%] Built target SlamToolboxPlugin
[1.418s] [ 57%] Built target ceres_solver_plugin
[1.481s] [ 66%] Built target slam_toolbox__rosidl_typesupport_fastrtps_c
[1.537s] [ 71%] Built target toolbox_common
[1.571s] [ 71%] Built target slam_toolbox
[1.676s] [ 73%] Built target sync_slam_toolbox
[1.682s] [ 74%] Built target localization_slam_toolbox
[1.700s] [ 76%] Built target async_slam_toolbox
[1.795s] [ 77%] Built target map_and_localization_slam_toolbox
[1.798s] [ 78%] Built target lifelong_slam_toolbox
[1.843s] [ 80%] Built target merge_maps_kinematic
[1.850s] [ 80%] Built target slam_toolbox__py
[1.870s] running egg_info
[1.871s] writing slam_toolbox.egg-info/PKG-INFO
[1.871s] writing dependency_links to slam_toolbox.egg-info/dependency_links.txt
[1.871s] writing top-level names to slam_toolbox.egg-info/top_level.txt
[1.875s] reading manifest file 'slam_toolbox.egg-info/SOURCES.txt'
[1.876s] writing manifest file 'slam_toolbox.egg-info/SOURCES.txt'
[1.916s] [ 81%] Built target async_slam_toolbox_node
[1.958s] [ 81%] Built target ament_cmake_python_build_slam_toolbox_egg
[1.986s] [ 82%] Built target sync_slam_toolbox_node
[2.002s] [ 84%] Built target localization_slam_toolbox_node
[2.046s] [ 92%] Built target slam_toolbox__rosidl_generator_py
[2.060s] [ 94%] Built target lifelong_slam_toolbox_node
[2.091s] [ 95%] Built target map_and_localization_slam_toolbox_node
[2.129s] [ 96%] Built target slam_toolbox__rosidl_typesupport_fastrtps_c__pyext
[2.144s] [ 98%] Built target slam_toolbox__rosidl_typesupport_c__pyext
[2.155s] [100%] Built target slam_toolbox__rosidl_typesupport_introspection_c__pyext
[2.539s] Invoked command in '/home/robot/robot_ws/build/slam_toolbox' returned '0': CMAKE_PREFIX_PATH=${CMAKE_PREFIX_PATH}:/home/robot/robot_ws/install/urdf_tutorial:/home/robot/turtlebot3_ws/install/turtlebot3_teleop:/home/robot/turtlebot3_ws/install/turtlebot3_example:/opt/ros/humble /usr/bin/cmake --build /home/robot/robot_ws/build/slam_toolbox -- -j4 -l4
