[0.977s] Invoking command in '/home/robot/robot_ws/build/slam_toolbox': CMAKE_PREFIX_PATH=${CMAKE_PREFIX_PATH}:/home/robot/robot_ws/install/urdf_tutorial:/home/robot/turtlebot3_ws/install/turtlebot3_teleop:/home/robot/turtlebot3_ws/install/turtlebot3_example:/opt/ros/humble /usr/bin/cmake /home/robot/robot_ws/src/slam_toolbox -DCMAKE_INSTALL_PREFIX=/home/robot/robot_ws/install/slam_toolbox
[1.031s] -- Found ament_cmake: 1.3.7 (/opt/ros/humble/share/ament_cmake/cmake)
[1.504s] -- Override CMake install command with custom implementation using symlinks instead of copying resources
[1.523s] -- Found message_filters: 4.3.3 (/opt/ros/humble/share/message_filters/cmake)
[1.624s] -- Found rosidl_generator_c: 3.1.5 (/opt/ros/humble/share/rosidl_generator_c/cmake)
[1.624s] -- Found rosidl_adapter: 3.1.5 (/opt/ros/humble/share/rosidl_adapter/cmake)
[1.638s] -- Found rosidl_generator_cpp: 3.1.5 (/opt/ros/humble/share/rosidl_generator_cpp/cmake)
[1.679s] -- Using all available rosidl_typesupport_c: rosidl_typesupport_fastrtps_c;rosidl_typesupport_introspection_c
[1.704s] -- Using all available rosidl_typesupport_cpp: rosidl_typesupport_fastrtps_cpp;rosidl_typesupport_introspection_cpp
[1.792s] -- Found rmw_implementation_cmake: 6.1.1 (/opt/ros/humble/share/rmw_implementation_cmake/cmake)
[1.792s] -- Found rmw_fastrtps_cpp: 6.2.6 (/opt/ros/humble/share/rmw_fastrtps_cpp/cmake)
[2.085s] -- Using RMW implementation 'rmw_fastrtps_cpp' as default
[2.464s] -- Found nav_msgs: 4.2.3 (/opt/ros/humble/share/nav_msgs/cmake)
[2.709s] -- Found sensor_msgs: 4.2.3 (/opt/ros/humble/share/sensor_msgs/cmake)
[2.851s] -- Found tf2: 0.25.5 (/opt/ros/humble/share/tf2/cmake)
[2.874s] -- Found tf2_ros: 0.25.5 (/opt/ros/humble/share/tf2_ros/cmake)
[3.584s] -- Found visualization_msgs: 4.2.3 (/opt/ros/humble/share/visualization_msgs/cmake)
[3.910s] -- Found pluginlib: 5.1.0 (/opt/ros/humble/share/pluginlib/cmake)
[3.955s] -- Found tf2_geometry_msgs: 0.25.5 (/opt/ros/humble/share/tf2_geometry_msgs/cmake)
[3.956s] -- Found eigen3_cmake_module: 0.1.1 (/opt/ros/humble/share/eigen3_cmake_module/cmake)
[3.956s] -- Ensuring Eigen3 include directory is part of orocos-kdl CMake target
[3.974s] -- Found tf2_sensor_msgs: 0.25.5 (/opt/ros/humble/share/tf2_sensor_msgs/cmake)
[4.017s] -- Found std_srvs: 4.2.3 (/opt/ros/humble/share/std_srvs/cmake)
[4.068s] -- Found rosidl_default_generators: 1.2.0 (/opt/ros/humble/share/rosidl_default_generators/cmake)
[4.094s] -- Found lifecycle_msgs: 1.2.1 (/opt/ros/humble/share/lifecycle_msgs/cmake)
[4.181s] -- Found bondcpp: 3.0.2 (/opt/ros/humble/share/bondcpp/cmake)
[4.300s] -- Found rviz_common: 11.2.10 (/opt/ros/humble/share/rviz_common/cmake)
[4.336s] -- Setting OGRE_DIR to: '/opt/ros/humble/share/rviz_ogre_vendor/cmake/../../../opt/rviz_ogre_vendor/lib/OGRE/cmake'
[4.336s] -- Found OGRE
[4.336s] --   static     : OFF
[4.336s] --   components : HLMS;MeshLodGenerator;Overlay;Paging;Property;RTShaderSystem;Terrain;Volume
[4.336s] --   plugins    : Plugin_BSPSceneManager;Plugin_OctreeSceneManager;Plugin_PCZSceneManager;Plugin_ParticleFX;RenderSystem_GL;RenderSystem_GL3Plus;Codec_STBI
[4.336s] --   media      : /opt/ros/humble/opt/rviz_ogre_vendor/share/OGRE/Media
[4.336s] -- OGRE_LIBRARIES: OgreHLMS;OgreMeshLodGenerator;OgreOverlay;OgrePaging;OgreProperty;OgreRTShaderSystem;OgreTerrain;OgreVolume;OgreMain
[4.336s] -- OGRE_LIBRARY_DIRS: /opt/ros/humble/opt/rviz_ogre_vendor/lib
[4.336s] -- OGRE_PLUGINS: Plugin_BSPSceneManager;Plugin_OctreeSceneManager;Plugin_PCZSceneManager;Plugin_ParticleFX;RenderSystem_GL;RenderSystem_GL3Plus;Codec_STBI
[4.337s] -- OGRE_PLUGIN_DIR: /opt/ros/humble/opt/rviz_ogre_vendor/lib/OGRE
[4.337s] -- rviz_ogre_vendor::OgreOverlay for IMPORTED_LOCATION_RELEASE: /opt/ros/humble/opt/rviz_ogre_vendor/lib/libOgreOverlay.so
[4.337s] -- rviz_ogre_vendor::OgreOverlay for IMPORTED_LOCATION_DEBUG: /opt/ros/humble/opt/rviz_ogre_vendor/lib/libOgreOverlay.so
[4.337s] -- rviz_ogre_vendor::OgreMain for IMPORTED_LOCATION_RELEASE: /opt/ros/humble/opt/rviz_ogre_vendor/lib/libOgreMain.so
[4.337s] -- rviz_ogre_vendor::OgreMain for IMPORTED_LOCATION_DEBUG: /opt/ros/humble/opt/rviz_ogre_vendor/lib/libOgreMain.so
[4.486s] -- rviz_ogre_vendor::RenderSystem_GL for IMPORTED_LOCATION_RELEASE: _render_system_gl_static_library_abs-NOTFOUND
[4.486s] -- rviz_ogre_vendor::RenderSystem_GL for IMPORTED_LOCATION_DEBUG: _render_system_gl_static_library_abs-NOTFOUND
[4.575s] -- library: /usr/lib/x86_64-linux-gnu/libcurl.so
[4.669s] -- Found rviz_default_plugins: 11.2.10 (/opt/ros/humble/share/rviz_default_plugins/cmake)
[5.340s] -- Found required Ceres dependency: Eigen version 3.4.0 in /usr/include/eigen3
[5.350s] -- Found required Ceres dependency: glog
[5.351s] -- Found required Ceres dependency: gflags
[5.351s] -- Found Ceres version: 2.0.0 installed in: /usr with components: [EigenSparse, SparseLinearAlgebraLibrary, LAPACK, SuiteSparse, CXSparse, SchurSpecializations, Multithreading]
[6.046s] -- Found ament_cmake_ros: 0.10.0 (/opt/ros/humble/share/ament_cmake_ros/cmake)
[7.076s] -- Using all available rosidl_typesupport_c: rosidl_typesupport_fastrtps_c;rosidl_typesupport_introspection_c
[7.451s] -- Using all available rosidl_typesupport_cpp: rosidl_typesupport_fastrtps_cpp;rosidl_typesupport_introspection_cpp
[7.494s] -- Found python_cmake_module: 0.10.0 (/opt/ros/humble/share/python_cmake_module/cmake)
[7.533s] -- Using PYTHON_EXECUTABLE: /usr/bin/python3
[7.534s] -- Using PYTHON_INCLUDE_DIRS: /usr/include/python3.10
[7.535s] -- Using PYTHON_LIBRARIES: /usr/lib/x86_64-linux-gnu/libpython3.10.so
[8.422s] -- Configuring done
[9.184s] -- Generating done
[9.193s] -- Build files have been written to: /home/robot/robot_ws/build/slam_toolbox
[9.224s] Invoked command in '/home/robot/robot_ws/build/slam_toolbox' returned '0': CMAKE_PREFIX_PATH=${CMAKE_PREFIX_PATH}:/home/robot/robot_ws/install/urdf_tutorial:/home/robot/turtlebot3_ws/install/turtlebot3_teleop:/home/robot/turtlebot3_ws/install/turtlebot3_example:/opt/ros/humble /usr/bin/cmake /home/robot/robot_ws/src/slam_toolbox -DCMAKE_INSTALL_PREFIX=/home/robot/robot_ws/install/slam_toolbox
[9.225s] Invoking command in '/home/robot/robot_ws/build/slam_toolbox': CMAKE_PREFIX_PATH=${CMAKE_PREFIX_PATH}:/home/robot/robot_ws/install/urdf_tutorial:/home/robot/turtlebot3_ws/install/turtlebot3_teleop:/home/robot/turtlebot3_ws/install/turtlebot3_example:/opt/ros/humble /usr/bin/cmake --build /home/robot/robot_ws/build/slam_toolbox -- -j4 -l4
[9.315s] [35m[1mConsolidate compiler generated dependencies of target slam_toolbox__rosidl_generator_c[0m
[9.349s] [  1%] Built target slam_toolbox__cpp
[9.359s] [35m[1mConsolidate compiler generated dependencies of target kartoSlamToolbox[0m
[9.365s] [ 10%] Built target slam_toolbox__rosidl_generator_c
[9.392s] [35m[1mConsolidate compiler generated dependencies of target slam_toolbox__rosidl_typesupport_cpp[0m
[9.424s] [ 10%] Built target ament_cmake_python_symlink_slam_toolbox
[9.443s] [35m[1mConsolidate compiler generated dependencies of target slam_toolbox__rosidl_typesupport_fastrtps_cpp[0m
[9.466s] [ 18%] Built target slam_toolbox__rosidl_typesupport_cpp
[9.497s] [35m[1mConsolidate compiler generated dependencies of target slam_toolbox__rosidl_typesupport_introspection_c[0m
[9.512s] [ 20%] Built target kartoSlamToolbox
[9.525s] [ 29%] Built target slam_toolbox__rosidl_typesupport_fastrtps_cpp
[9.532s] [35m[1mConsolidate compiler generated dependencies of target slam_toolbox__rosidl_typesupport_c[0m
[9.546s] [35m[1mConsolidate compiler generated dependencies of target slam_toolbox__rosidl_typesupport_introspection_cpp[0m
[9.561s] [ 37%] Built target slam_toolbox__rosidl_typesupport_introspection_c
[9.597s] [ 45%] Built target slam_toolbox__rosidl_typesupport_introspection_cpp
[9.615s] [ 53%] Built target slam_toolbox__rosidl_typesupport_c
[9.624s] [35m[1mConsolidate compiler generated dependencies of target ceres_solver_plugin[0m
[9.625s] [35m[1mConsolidate compiler generated dependencies of target SlamToolboxPlugin[0m
[9.681s] [35m[1mConsolidate compiler generated dependencies of target toolbox_common[0m
[9.753s] [ 55%] Built target SlamToolboxPlugin
[9.770s] [ 57%] Built target ceres_solver_plugin
[9.806s] [35m[1mConsolidate compiler generated dependencies of target slam_toolbox__rosidl_typesupport_fastrtps_c[0m
[9.816s] [ 62%] Built target toolbox_common
[9.848s] [35m[1mConsolidate compiler generated dependencies of target async_slam_toolbox[0m
[9.869s] [ 71%] Built target slam_toolbox__rosidl_typesupport_fastrtps_c
[9.890s] [35m[1mConsolidate compiler generated dependencies of target sync_slam_toolbox[0m
[9.910s] [35m[1mConsolidate compiler generated dependencies of target localization_slam_toolbox[0m
[9.929s] [ 73%] Built target async_slam_toolbox
[9.952s] [35m[1mConsolidate compiler generated dependencies of target lifelong_slam_toolbox[0m
[10.043s] [ 75%] Built target sync_slam_toolbox
[10.064s] [ 76%] Built target lifelong_slam_toolbox
[10.064s] [ 77%] Built target localization_slam_toolbox
[10.095s] [35m[1mConsolidate compiler generated dependencies of target merge_maps_kinematic[0m
[10.120s] [35m[1mConsolidate compiler generated dependencies of target async_slam_toolbox_node[0m
[10.203s] [ 77%] Built target slam_toolbox
[10.229s] [ 79%] Built target merge_maps_kinematic
[10.245s] running egg_info
[10.245s] writing slam_toolbox.egg-info/PKG-INFO
[10.246s] writing dependency_links to slam_toolbox.egg-info/dependency_links.txt
[10.246s] writing top-level names to slam_toolbox.egg-info/top_level.txt
[10.249s] reading manifest file 'slam_toolbox.egg-info/SOURCES.txt'
[10.251s] writing manifest file 'slam_toolbox.egg-info/SOURCES.txt'
[10.259s] [35m[1mConsolidate compiler generated dependencies of target sync_slam_toolbox_node[0m
[10.260s] [ 80%] Built target async_slam_toolbox_node
[10.297s] [ 80%] Built target ament_cmake_python_build_slam_toolbox_egg
[10.309s] [35m[1mConsolidate compiler generated dependencies of target localization_slam_toolbox_node[0m
[10.355s] [35m[1mConsolidate compiler generated dependencies of target map_and_localization_slam_toolbox[0m
[10.360s] [35m[1mConsolidate compiler generated dependencies of target lifelong_slam_toolbox_node[0m
[10.412s] [ 81%] Built target sync_slam_toolbox_node
[10.453s] [ 83%] Built target localization_slam_toolbox_node
[10.510s] [ 84%] Built target map_and_localization_slam_toolbox
[10.519s] [ 86%] Built target lifelong_slam_toolbox_node
[10.544s] [35m[1mConsolidate compiler generated dependencies of target map_and_localization_slam_toolbox_node[0m
[10.560s] [ 86%] Built target slam_toolbox__py
[10.643s] [35m[1mConsolidate compiler generated dependencies of target slam_toolbox__rosidl_generator_py[0m
[10.649s] [ 87%] Built target map_and_localization_slam_toolbox_node
[10.728s] [ 95%] Built target slam_toolbox__rosidl_generator_py
[10.783s] [35m[1mConsolidate compiler generated dependencies of target slam_toolbox__rosidl_typesupport_fastrtps_c__pyext[0m
[10.787s] [35m[1mConsolidate compiler generated dependencies of target slam_toolbox__rosidl_typesupport_c__pyext[0m
[10.808s] [35m[1mConsolidate compiler generated dependencies of target slam_toolbox__rosidl_typesupport_introspection_c__pyext[0m
[10.836s] [ 96%] Built target slam_toolbox__rosidl_typesupport_fastrtps_c__pyext
[10.842s] [ 98%] Built target slam_toolbox__rosidl_typesupport_c__pyext
[10.857s] [100%] Built target slam_toolbox__rosidl_typesupport_introspection_c__pyext
[10.884s] Invoked command in '/home/robot/robot_ws/build/slam_toolbox' returned '0': CMAKE_PREFIX_PATH=${CMAKE_PREFIX_PATH}:/home/robot/robot_ws/install/urdf_tutorial:/home/robot/turtlebot3_ws/install/turtlebot3_teleop:/home/robot/turtlebot3_ws/install/turtlebot3_example:/opt/ros/humble /usr/bin/cmake --build /home/robot/robot_ws/build/slam_toolbox -- -j4 -l4
[13.616s] Invoking command in '/home/robot/robot_ws/build/slam_toolbox': CMAKE_PREFIX_PATH=${CMAKE_PREFIX_PATH}:/home/robot/robot_ws/install/urdf_tutorial:/home/robot/turtlebot3_ws/install/turtlebot3_teleop:/home/robot/turtlebot3_ws/install/turtlebot3_example:/opt/ros/humble /usr/bin/cmake --install /home/robot/robot_ws/build/slam_toolbox
[13.644s] -- Install configuration: "Release"
[13.648s] -- Execute custom install script
[13.660s] -- Up-to-date symlink: /home/robot/robot_ws/install/slam_toolbox/include//karto_sdk/Karto.h
[13.660s] -- Up-to-date symlink: /home/robot/robot_ws/install/slam_toolbox/include//karto_sdk/Macros.h
[13.660s] -- Up-to-date symlink: /home/robot/robot_ws/install/slam_toolbox/include//karto_sdk/Mapper.h
[13.660s] -- Up-to-date symlink: /home/robot/robot_ws/install/slam_toolbox/include//karto_sdk/Math.h
[13.660s] -- Up-to-date symlink: /home/robot/robot_ws/install/slam_toolbox/include//karto_sdk/Types.h
[13.660s] -- Up-to-date symlink: /home/robot/robot_ws/install/slam_toolbox/include//karto_sdk/nanoflann.hpp
[13.660s] -- Up-to-date symlink: /home/robot/robot_ws/install/slam_toolbox/include//karto_sdk/nanoflann_adaptors.h
[13.660s] -- Up-to-date symlink: /home/robot/robot_ws/install/slam_toolbox/share/ament_index/resource_index/rosidl_interfaces/slam_toolbox
[13.661s] -- Up-to-date symlink: /home/robot/robot_ws/install/slam_toolbox/include/slam_toolbox/slam_toolbox/msg/rosidl_generator_c__visibility_control.h
[13.661s] -- Up-to-date symlink: /home/robot/robot_ws/install/slam_toolbox/include/slam_toolbox/slam_toolbox/srv/add_submap.h
[13.661s] -- Up-to-date symlink: /home/robot/robot_ws/install/slam_toolbox/include/slam_toolbox/slam_toolbox/srv/clear.h
[13.661s] -- Up-to-date symlink: /home/robot/robot_ws/install/slam_toolbox/include/slam_toolbox/slam_toolbox/srv/clear_queue.h
[13.661s] -- Up-to-date symlink: /home/robot/robot_ws/install/slam_toolbox/include/slam_toolbox/slam_toolbox/srv/deserialize_pose_graph.h
[13.661s] -- Up-to-date symlink: /home/robot/robot_ws/install/slam_toolbox/include/slam_toolbox/slam_toolbox/srv/detail/add_submap__functions.h
[13.661s] -- Up-to-date symlink: /home/robot/robot_ws/install/slam_toolbox/include/slam_toolbox/slam_toolbox/srv/detail/add_submap__struct.h
[13.661s] -- Up-to-date symlink: /home/robot/robot_ws/install/slam_toolbox/include/slam_toolbox/slam_toolbox/srv/detail/add_submap__type_support.h
[13.661s] -- Up-to-date symlink: /home/robot/robot_ws/install/slam_toolbox/include/slam_toolbox/slam_toolbox/srv/detail/clear__functions.h
[13.661s] -- Up-to-date symlink: /home/robot/robot_ws/install/slam_toolbox/include/slam_toolbox/slam_toolbox/srv/detail/clear__struct.h
[13.661s] -- Up-to-date symlink: /home/robot/robot_ws/install/slam_toolbox/include/slam_toolbox/slam_toolbox/srv/detail/clear__type_support.h
[13.662s] -- Up-to-date symlink: /home/robot/robot_ws/install/slam_toolbox/include/slam_toolbox/slam_toolbox/srv/detail/clear_queue__functions.h
[13.662s] -- Up-to-date symlink: /home/robot/robot_ws/install/slam_toolbox/include/slam_toolbox/slam_toolbox/srv/detail/clear_queue__struct.h
[13.662s] -- Up-to-date symlink: /home/robot/robot_ws/install/slam_toolbox/include/slam_toolbox/slam_toolbox/srv/detail/clear_queue__type_support.h
[13.662s] -- Up-to-date symlink: /home/robot/robot_ws/install/slam_toolbox/include/slam_toolbox/slam_toolbox/srv/detail/deserialize_pose_graph__functions.h
[13.662s] -- Up-to-date symlink: /home/robot/robot_ws/install/slam_toolbox/include/slam_toolbox/slam_toolbox/srv/detail/deserialize_pose_graph__struct.h
[13.662s] -- Up-to-date symlink: /home/robot/robot_ws/install/slam_toolbox/include/slam_toolbox/slam_toolbox/srv/detail/deserialize_pose_graph__type_support.h
[13.662s] -- Up-to-date symlink: /home/robot/robot_ws/install/slam_toolbox/include/slam_toolbox/slam_toolbox/srv/detail/loop_closure__functions.h
[13.662s] -- Up-to-date symlink: /home/robot/robot_ws/install/slam_toolbox/include/slam_toolbox/slam_toolbox/srv/detail/loop_closure__struct.h
[13.663s] -- Up-to-date symlink: /home/robot/robot_ws/install/slam_toolbox/include/slam_toolbox/slam_toolbox/srv/detail/loop_closure__type_support.h
[13.663s] -- Up-to-date symlink: /home/robot/robot_ws/install/slam_toolbox/include/slam_toolbox/slam_toolbox/srv/detail/merge_maps__functions.h
[13.663s] -- Up-to-date symlink: /home/robot/robot_ws/install/slam_toolbox/include/slam_toolbox/slam_toolbox/srv/detail/merge_maps__struct.h
[13.663s] -- Up-to-date symlink: /home/robot/robot_ws/install/slam_toolbox/include/slam_toolbox/slam_toolbox/srv/detail/merge_maps__type_support.h
[13.672s] -- Up-to-date symlink: /home/robot/robot_ws/install/slam_toolbox/include/slam_toolbox/slam_toolbox/srv/detail/pause__functions.h
[13.672s] -- Up-to-date symlink: /home/robot/robot_ws/install/slam_toolbox/include/slam_toolbox/slam_toolbox/srv/detail/pause__struct.h
[13.672s] -- Up-to-date symlink: /home/robot/robot_ws/install/slam_toolbox/include/slam_toolbox/slam_toolbox/srv/detail/pause__type_support.h
[13.672s] -- Up-to-date symlink: /home/robot/robot_ws/install/slam_toolbox/include/slam_toolbox/slam_toolbox/srv/detail/save_map__functions.h
[13.673s] -- Up-to-date symlink: /home/robot/robot_ws/install/slam_toolbox/include/slam_toolbox/slam_toolbox/srv/detail/save_map__struct.h
[13.673s] -- Up-to-date symlink: /home/robot/robot_ws/install/slam_toolbox/include/slam_toolbox/slam_toolbox/srv/detail/save_map__type_support.h
[13.673s] -- Up-to-date symlink: /home/robot/robot_ws/install/slam_toolbox/include/slam_toolbox/slam_toolbox/srv/detail/serialize_pose_graph__functions.h
[13.673s] -- Up-to-date symlink: /home/robot/robot_ws/install/slam_toolbox/include/slam_toolbox/slam_toolbox/srv/detail/serialize_pose_graph__struct.h
[13.673s] -- Up-to-date symlink: /home/robot/robot_ws/install/slam_toolbox/include/slam_toolbox/slam_toolbox/srv/detail/serialize_pose_graph__type_support.h
[13.673s] -- Up-to-date symlink: /home/robot/robot_ws/install/slam_toolbox/include/slam_toolbox/slam_toolbox/srv/detail/toggle_interactive__functions.h
[13.673s] -- Up-to-date symlink: /home/robot/robot_ws/install/slam_toolbox/include/slam_toolbox/slam_toolbox/srv/detail/toggle_interactive__struct.h
[13.674s] -- Up-to-date symlink: /home/robot/robot_ws/install/slam_toolbox/include/slam_toolbox/slam_toolbox/srv/detail/toggle_interactive__type_support.h
[13.674s] -- Up-to-date symlink: /home/robot/robot_ws/install/slam_toolbox/include/slam_toolbox/slam_toolbox/srv/loop_closure.h
[13.674s] -- Up-to-date symlink: /home/robot/robot_ws/install/slam_toolbox/include/slam_toolbox/slam_toolbox/srv/merge_maps.h
[13.674s] -- Up-to-date symlink: /home/robot/robot_ws/install/slam_toolbox/include/slam_toolbox/slam_toolbox/srv/pause.h
[13.674s] -- Up-to-date symlink: /home/robot/robot_ws/install/slam_toolbox/include/slam_toolbox/slam_toolbox/srv/save_map.h
[13.674s] -- Up-to-date symlink: /home/robot/robot_ws/install/slam_toolbox/include/slam_toolbox/slam_toolbox/srv/serialize_pose_graph.h
[13.674s] -- Up-to-date symlink: /home/robot/robot_ws/install/slam_toolbox/include/slam_toolbox/slam_toolbox/srv/toggle_interactive.h
[13.674s] -- Up-to-date symlink: /home/robot/robot_ws/install/slam_toolbox/share/slam_toolbox/environment/library_path.sh
[13.675s] -- Up-to-date symlink: /home/robot/robot_ws/install/slam_toolbox/share/slam_toolbox/environment/library_path.dsv
[13.675s] -- Up-to-date symlink: /home/robot/robot_ws/install/slam_toolbox/include/slam_toolbox/slam_toolbox/msg/rosidl_typesupport_fastrtps_c__visibility_control.h
[13.676s] -- Up-to-date symlink: /home/robot/robot_ws/install/slam_toolbox/include/slam_toolbox/slam_toolbox/srv/detail/add_submap__rosidl_typesupport_fastrtps_c.h
[13.676s] -- Up-to-date symlink: /home/robot/robot_ws/install/slam_toolbox/include/slam_toolbox/slam_toolbox/srv/detail/clear__rosidl_typesupport_fastrtps_c.h
[13.676s] -- Up-to-date symlink: /home/robot/robot_ws/install/slam_toolbox/include/slam_toolbox/slam_toolbox/srv/detail/clear_queue__rosidl_typesupport_fastrtps_c.h
[13.676s] -- Up-to-date symlink: /home/robot/robot_ws/install/slam_toolbox/include/slam_toolbox/slam_toolbox/srv/detail/deserialize_pose_graph__rosidl_typesupport_fastrtps_c.h
[13.676s] -- Up-to-date symlink: /home/robot/robot_ws/install/slam_toolbox/include/slam_toolbox/slam_toolbox/srv/detail/loop_closure__rosidl_typesupport_fastrtps_c.h
[13.676s] -- Up-to-date symlink: /home/robot/robot_ws/install/slam_toolbox/include/slam_toolbox/slam_toolbox/srv/detail/merge_maps__rosidl_typesupport_fastrtps_c.h
[13.676s] -- Up-to-date symlink: /home/robot/robot_ws/install/slam_toolbox/include/slam_toolbox/slam_toolbox/srv/detail/pause__rosidl_typesupport_fastrtps_c.h
[13.677s] -- Up-to-date symlink: /home/robot/robot_ws/install/slam_toolbox/include/slam_toolbox/slam_toolbox/srv/detail/save_map__rosidl_typesupport_fastrtps_c.h
[13.677s] -- Up-to-date symlink: /home/robot/robot_ws/install/slam_toolbox/include/slam_toolbox/slam_toolbox/srv/detail/serialize_pose_graph__rosidl_typesupport_fastrtps_c.h
[13.677s] -- Up-to-date symlink: /home/robot/robot_ws/install/slam_toolbox/include/slam_toolbox/slam_toolbox/srv/detail/toggle_interactive__rosidl_typesupport_fastrtps_c.h
[13.678s] -- Up-to-date symlink: /home/robot/robot_ws/install/slam_toolbox/include/slam_toolbox/slam_toolbox/srv/add_submap.hpp
[13.678s] -- Up-to-date symlink: /home/robot/robot_ws/install/slam_toolbox/include/slam_toolbox/slam_toolbox/srv/clear.hpp
[13.678s] -- Up-to-date symlink: /home/robot/robot_ws/install/slam_toolbox/include/slam_toolbox/slam_toolbox/srv/clear_queue.hpp
[13.678s] -- Up-to-date symlink: /home/robot/robot_ws/install/slam_toolbox/include/slam_toolbox/slam_toolbox/srv/deserialize_pose_graph.hpp
[13.678s] -- Up-to-date symlink: /home/robot/robot_ws/install/slam_toolbox/include/slam_toolbox/slam_toolbox/srv/detail/add_submap__builder.hpp
[13.678s] -- Up-to-date symlink: /home/robot/robot_ws/install/slam_toolbox/include/slam_toolbox/slam_toolbox/srv/detail/add_submap__struct.hpp
[13.679s] -- Up-to-date symlink: /home/robot/robot_ws/install/slam_toolbox/include/slam_toolbox/slam_toolbox/srv/detail/add_submap__traits.hpp
[13.686s] -- Up-to-date symlink: /home/robot/robot_ws/install/slam_toolbox/include/slam_toolbox/slam_toolbox/srv/detail/clear__builder.hpp
[13.686s] -- Up-to-date symlink: /home/robot/robot_ws/install/slam_toolbox/include/slam_toolbox/slam_toolbox/srv/detail/clear__struct.hpp
[13.686s] -- Up-to-date symlink: /home/robot/robot_ws/install/slam_toolbox/include/slam_toolbox/slam_toolbox/srv/detail/clear__traits.hpp
[13.686s] -- Up-to-date symlink: /home/robot/robot_ws/install/slam_toolbox/include/slam_toolbox/slam_toolbox/srv/detail/clear_queue__builder.hpp
[13.686s] -- Up-to-date symlink: /home/robot/robot_ws/install/slam_toolbox/include/slam_toolbox/slam_toolbox/srv/detail/clear_queue__struct.hpp
[13.686s] -- Up-to-date symlink: /home/robot/robot_ws/install/slam_toolbox/include/slam_toolbox/slam_toolbox/srv/detail/clear_queue__traits.hpp
[13.687s] -- Up-to-date symlink: /home/robot/robot_ws/install/slam_toolbox/include/slam_toolbox/slam_toolbox/srv/detail/deserialize_pose_graph__builder.hpp
[13.687s] -- Up-to-date symlink: /home/robot/robot_ws/install/slam_toolbox/include/slam_toolbox/slam_toolbox/srv/detail/deserialize_pose_graph__struct.hpp
[13.687s] -- Up-to-date symlink: /home/robot/robot_ws/install/slam_toolbox/include/slam_toolbox/slam_toolbox/srv/detail/deserialize_pose_graph__traits.hpp
[13.696s] -- Up-to-date symlink: /home/robot/robot_ws/install/slam_toolbox/include/slam_toolbox/slam_toolbox/srv/detail/loop_closure__builder.hpp
[13.696s] -- Up-to-date symlink: /home/robot/robot_ws/install/slam_toolbox/include/slam_toolbox/slam_toolbox/srv/detail/loop_closure__struct.hpp
[13.696s] -- Up-to-date symlink: /home/robot/robot_ws/install/slam_toolbox/include/slam_toolbox/slam_toolbox/srv/detail/loop_closure__traits.hpp
[13.696s] -- Up-to-date symlink: /home/robot/robot_ws/install/slam_toolbox/include/slam_toolbox/slam_toolbox/srv/detail/merge_maps__builder.hpp
[13.696s] -- Up-to-date symlink: /home/robot/robot_ws/install/slam_toolbox/include/slam_toolbox/slam_toolbox/srv/detail/merge_maps__struct.hpp
[13.696s] -- Up-to-date symlink: /home/robot/robot_ws/install/slam_toolbox/include/slam_toolbox/slam_toolbox/srv/detail/merge_maps__traits.hpp
[13.696s] -- Up-to-date symlink: /home/robot/robot_ws/install/slam_toolbox/include/slam_toolbox/slam_toolbox/srv/detail/pause__builder.hpp
[13.697s] -- Up-to-date symlink: /home/robot/robot_ws/install/slam_toolbox/include/slam_toolbox/slam_toolbox/srv/detail/pause__struct.hpp
[13.697s] -- Up-to-date symlink: /home/robot/robot_ws/install/slam_toolbox/include/slam_toolbox/slam_toolbox/srv/detail/pause__traits.hpp
[13.697s] -- Up-to-date symlink: /home/robot/robot_ws/install/slam_toolbox/include/slam_toolbox/slam_toolbox/srv/detail/save_map__builder.hpp
[13.697s] -- Up-to-date symlink: /home/robot/robot_ws/install/slam_toolbox/include/slam_toolbox/slam_toolbox/srv/detail/save_map__struct.hpp
[13.697s] -- Up-to-date symlink: /home/robot/robot_ws/install/slam_toolbox/include/slam_toolbox/slam_toolbox/srv/detail/save_map__traits.hpp
[13.697s] -- Up-to-date symlink: /home/robot/robot_ws/install/slam_toolbox/include/slam_toolbox/slam_toolbox/srv/detail/serialize_pose_graph__builder.hpp
[13.697s] -- Up-to-date symlink: /home/robot/robot_ws/install/slam_toolbox/include/slam_toolbox/slam_toolbox/srv/detail/serialize_pose_graph__struct.hpp
[13.698s] -- Up-to-date symlink: /home/robot/robot_ws/install/slam_toolbox/include/slam_toolbox/slam_toolbox/srv/detail/serialize_pose_graph__traits.hpp
[13.698s] -- Up-to-date symlink: /home/robot/robot_ws/install/slam_toolbox/include/slam_toolbox/slam_toolbox/srv/detail/toggle_interactive__builder.hpp
[13.698s] -- Up-to-date symlink: /home/robot/robot_ws/install/slam_toolbox/include/slam_toolbox/slam_toolbox/srv/detail/toggle_interactive__struct.hpp
[13.698s] -- Up-to-date symlink: /home/robot/robot_ws/install/slam_toolbox/include/slam_toolbox/slam_toolbox/srv/detail/toggle_interactive__traits.hpp
[13.698s] -- Up-to-date symlink: /home/robot/robot_ws/install/slam_toolbox/include/slam_toolbox/slam_toolbox/srv/loop_closure.hpp
[13.698s] -- Up-to-date symlink: /home/robot/robot_ws/install/slam_toolbox/include/slam_toolbox/slam_toolbox/srv/merge_maps.hpp
[13.698s] -- Up-to-date symlink: /home/robot/robot_ws/install/slam_toolbox/include/slam_toolbox/slam_toolbox/srv/pause.hpp
[13.699s] -- Up-to-date symlink: /home/robot/robot_ws/install/slam_toolbox/include/slam_toolbox/slam_toolbox/srv/save_map.hpp
[13.699s] -- Up-to-date symlink: /home/robot/robot_ws/install/slam_toolbox/include/slam_toolbox/slam_toolbox/srv/serialize_pose_graph.hpp
[13.699s] -- Up-to-date symlink: /home/robot/robot_ws/install/slam_toolbox/include/slam_toolbox/slam_toolbox/srv/toggle_interactive.hpp
[13.708s] -- Up-to-date symlink: /home/robot/robot_ws/install/slam_toolbox/include/slam_toolbox/slam_toolbox/msg/rosidl_typesupport_fastrtps_cpp__visibility_control.h
[13.708s] -- Up-to-date symlink: /home/robot/robot_ws/install/slam_toolbox/include/slam_toolbox/slam_toolbox/srv/detail/add_submap__rosidl_typesupport_fastrtps_cpp.hpp
[13.708s] -- Up-to-date symlink: /home/robot/robot_ws/install/slam_toolbox/include/slam_toolbox/slam_toolbox/srv/detail/clear__rosidl_typesupport_fastrtps_cpp.hpp
[13.708s] -- Up-to-date symlink: /home/robot/robot_ws/install/slam_toolbox/include/slam_toolbox/slam_toolbox/srv/detail/clear_queue__rosidl_typesupport_fastrtps_cpp.hpp
[13.708s] -- Up-to-date symlink: /home/robot/robot_ws/install/slam_toolbox/include/slam_toolbox/slam_toolbox/srv/detail/deserialize_pose_graph__rosidl_typesupport_fastrtps_cpp.hpp
[13.708s] -- Up-to-date symlink: /home/robot/robot_ws/install/slam_toolbox/include/slam_toolbox/slam_toolbox/srv/detail/loop_closure__rosidl_typesupport_fastrtps_cpp.hpp
[13.709s] -- Up-to-date symlink: /home/robot/robot_ws/install/slam_toolbox/include/slam_toolbox/slam_toolbox/srv/detail/merge_maps__rosidl_typesupport_fastrtps_cpp.hpp
[13.709s] -- Up-to-date symlink: /home/robot/robot_ws/install/slam_toolbox/include/slam_toolbox/slam_toolbox/srv/detail/pause__rosidl_typesupport_fastrtps_cpp.hpp
[13.709s] -- Up-to-date symlink: /home/robot/robot_ws/install/slam_toolbox/include/slam_toolbox/slam_toolbox/srv/detail/save_map__rosidl_typesupport_fastrtps_cpp.hpp
[13.709s] -- Up-to-date symlink: /home/robot/robot_ws/install/slam_toolbox/include/slam_toolbox/slam_toolbox/srv/detail/serialize_pose_graph__rosidl_typesupport_fastrtps_cpp.hpp
[13.709s] -- Up-to-date symlink: /home/robot/robot_ws/install/slam_toolbox/include/slam_toolbox/slam_toolbox/srv/detail/toggle_interactive__rosidl_typesupport_fastrtps_cpp.hpp
[13.710s] -- Up-to-date symlink: /home/robot/robot_ws/install/slam_toolbox/include/slam_toolbox/slam_toolbox/msg/rosidl_typesupport_introspection_c__visibility_control.h
[13.710s] -- Up-to-date symlink: /home/robot/robot_ws/install/slam_toolbox/include/slam_toolbox/slam_toolbox/srv/detail/add_submap__rosidl_typesupport_introspection_c.h
[13.710s] -- Up-to-date symlink: /home/robot/robot_ws/install/slam_toolbox/include/slam_toolbox/slam_toolbox/srv/detail/clear__rosidl_typesupport_introspection_c.h
[13.710s] -- Up-to-date symlink: /home/robot/robot_ws/install/slam_toolbox/include/slam_toolbox/slam_toolbox/srv/detail/clear_queue__rosidl_typesupport_introspection_c.h
[13.710s] -- Up-to-date symlink: /home/robot/robot_ws/install/slam_toolbox/include/slam_toolbox/slam_toolbox/srv/detail/deserialize_pose_graph__rosidl_typesupport_introspection_c.h
[13.711s] -- Up-to-date symlink: /home/robot/robot_ws/install/slam_toolbox/include/slam_toolbox/slam_toolbox/srv/detail/loop_closure__rosidl_typesupport_introspection_c.h
[13.711s] -- Up-to-date symlink: /home/robot/robot_ws/install/slam_toolbox/include/slam_toolbox/slam_toolbox/srv/detail/merge_maps__rosidl_typesupport_introspection_c.h
[13.711s] -- Up-to-date symlink: /home/robot/robot_ws/install/slam_toolbox/include/slam_toolbox/slam_toolbox/srv/detail/pause__rosidl_typesupport_introspection_c.h
[13.712s] -- Up-to-date symlink: /home/robot/robot_ws/install/slam_toolbox/include/slam_toolbox/slam_toolbox/srv/detail/save_map__rosidl_typesupport_introspection_c.h
[13.712s] -- Up-to-date symlink: /home/robot/robot_ws/install/slam_toolbox/include/slam_toolbox/slam_toolbox/srv/detail/serialize_pose_graph__rosidl_typesupport_introspection_c.h
[13.720s] -- Up-to-date symlink: /home/robot/robot_ws/install/slam_toolbox/include/slam_toolbox/slam_toolbox/srv/detail/toggle_interactive__rosidl_typesupport_introspection_c.h
[13.720s] -- Up-to-date symlink: /home/robot/robot_ws/install/slam_toolbox/include/slam_toolbox/slam_toolbox/srv/detail/add_submap__rosidl_typesupport_introspection_cpp.hpp
[13.720s] -- Up-to-date symlink: /home/robot/robot_ws/install/slam_toolbox/include/slam_toolbox/slam_toolbox/srv/detail/clear__rosidl_typesupport_introspection_cpp.hpp
[13.721s] -- Up-to-date symlink: /home/robot/robot_ws/install/slam_toolbox/include/slam_toolbox/slam_toolbox/srv/detail/clear_queue__rosidl_typesupport_introspection_cpp.hpp
[13.721s] -- Up-to-date symlink: /home/robot/robot_ws/install/slam_toolbox/include/slam_toolbox/slam_toolbox/srv/detail/deserialize_pose_graph__rosidl_typesupport_introspection_cpp.hpp
[13.721s] -- Up-to-date symlink: /home/robot/robot_ws/install/slam_toolbox/include/slam_toolbox/slam_toolbox/srv/detail/loop_closure__rosidl_typesupport_introspection_cpp.hpp
[13.721s] -- Up-to-date symlink: /home/robot/robot_ws/install/slam_toolbox/include/slam_toolbox/slam_toolbox/srv/detail/merge_maps__rosidl_typesupport_introspection_cpp.hpp
[13.721s] -- Up-to-date symlink: /home/robot/robot_ws/install/slam_toolbox/include/slam_toolbox/slam_toolbox/srv/detail/pause__rosidl_typesupport_introspection_cpp.hpp
[13.721s] -- Up-to-date symlink: /home/robot/robot_ws/install/slam_toolbox/include/slam_toolbox/slam_toolbox/srv/detail/save_map__rosidl_typesupport_introspection_cpp.hpp
[13.722s] -- Up-to-date symlink: /home/robot/robot_ws/install/slam_toolbox/include/slam_toolbox/slam_toolbox/srv/detail/serialize_pose_graph__rosidl_typesupport_introspection_cpp.hpp
[13.722s] -- Up-to-date symlink: /home/robot/robot_ws/install/slam_toolbox/include/slam_toolbox/slam_toolbox/srv/detail/toggle_interactive__rosidl_typesupport_introspection_cpp.hpp
[13.722s] -- Up-to-date symlink: /home/robot/robot_ws/install/slam_toolbox/share/slam_toolbox/environment/pythonpath.sh
[13.723s] -- Up-to-date symlink: /home/robot/robot_ws/install/slam_toolbox/share/slam_toolbox/environment/pythonpath.dsv
[13.723s] -- Up-to-date symlink: /home/robot/robot_ws/install/slam_toolbox/local/lib/python3.10/dist-packages/slam_toolbox-2.7.0-py3.10.egg-info/PKG-INFO
[13.723s] -- Up-to-date symlink: /home/robot/robot_ws/install/slam_toolbox/local/lib/python3.10/dist-packages/slam_toolbox-2.7.0-py3.10.egg-info/SOURCES.txt
[13.723s] -- Up-to-date symlink: /home/robot/robot_ws/install/slam_toolbox/local/lib/python3.10/dist-packages/slam_toolbox-2.7.0-py3.10.egg-info/dependency_links.txt
[13.723s] -- Up-to-date symlink: /home/robot/robot_ws/install/slam_toolbox/local/lib/python3.10/dist-packages/slam_toolbox-2.7.0-py3.10.egg-info/top_level.txt
[13.724s] -- Up-to-date symlink: /home/robot/robot_ws/install/slam_toolbox/local/lib/python3.10/dist-packages/slam_toolbox/__init__.py
[13.724s] -- Up-to-date symlink: /home/robot/robot_ws/install/slam_toolbox/local/lib/python3.10/dist-packages/slam_toolbox/_slam_toolbox_s.ep.rosidl_typesupport_c.c
[13.724s] -- Up-to-date symlink: /home/robot/robot_ws/install/slam_toolbox/local/lib/python3.10/dist-packages/slam_toolbox/_slam_toolbox_s.ep.rosidl_typesupport_fastrtps_c.c
[13.724s] -- Up-to-date symlink: /home/robot/robot_ws/install/slam_toolbox/local/lib/python3.10/dist-packages/slam_toolbox/_slam_toolbox_s.ep.rosidl_typesupport_introspection_c.c
[13.724s] -- Up-to-date symlink: /home/robot/robot_ws/install/slam_toolbox/local/lib/python3.10/dist-packages/slam_toolbox/libslam_toolbox__rosidl_generator_py.so
[13.724s] -- Up-to-date symlink: /home/robot/robot_ws/install/slam_toolbox/local/lib/python3.10/dist-packages/slam_toolbox/slam_toolbox_s__rosidl_typesupport_c.cpython-310-x86_64-linux-gnu.so
[13.725s] -- Up-to-date symlink: /home/robot/robot_ws/install/slam_toolbox/local/lib/python3.10/dist-packages/slam_toolbox/slam_toolbox_s__rosidl_typesupport_fastrtps_c.cpython-310-x86_64-linux-gnu.so
[13.725s] -- Up-to-date symlink: /home/robot/robot_ws/install/slam_toolbox/local/lib/python3.10/dist-packages/slam_toolbox/slam_toolbox_s__rosidl_typesupport_introspection_c.cpython-310-x86_64-linux-gnu.so
[13.725s] -- Up-to-date symlink: /home/robot/robot_ws/install/slam_toolbox/local/lib/python3.10/dist-packages/slam_toolbox/srv/__init__.py
[13.725s] -- Up-to-date symlink: /home/robot/robot_ws/install/slam_toolbox/local/lib/python3.10/dist-packages/slam_toolbox/srv/_add_submap.py
[13.725s] -- Up-to-date symlink: /home/robot/robot_ws/install/slam_toolbox/local/lib/python3.10/dist-packages/slam_toolbox/srv/_add_submap_s.c
[13.725s] -- Up-to-date symlink: /home/robot/robot_ws/install/slam_toolbox/local/lib/python3.10/dist-packages/slam_toolbox/srv/_clear.py
[13.725s] -- Up-to-date symlink: /home/robot/robot_ws/install/slam_toolbox/local/lib/python3.10/dist-packages/slam_toolbox/srv/_clear_queue.py
[13.726s] -- Up-to-date symlink: /home/robot/robot_ws/install/slam_toolbox/local/lib/python3.10/dist-packages/slam_toolbox/srv/_clear_queue_s.c
[13.726s] -- Up-to-date symlink: /home/robot/robot_ws/install/slam_toolbox/local/lib/python3.10/dist-packages/slam_toolbox/srv/_clear_s.c
[13.726s] -- Up-to-date symlink: /home/robot/robot_ws/install/slam_toolbox/local/lib/python3.10/dist-packages/slam_toolbox/srv/_deserialize_pose_graph.py
[13.726s] -- Up-to-date symlink: /home/robot/robot_ws/install/slam_toolbox/local/lib/python3.10/dist-packages/slam_toolbox/srv/_deserialize_pose_graph_s.c
[13.726s] -- Up-to-date symlink: /home/robot/robot_ws/install/slam_toolbox/local/lib/python3.10/dist-packages/slam_toolbox/srv/_loop_closure.py
[13.726s] -- Up-to-date symlink: /home/robot/robot_ws/install/slam_toolbox/local/lib/python3.10/dist-packages/slam_toolbox/srv/_loop_closure_s.c
[13.726s] -- Up-to-date symlink: /home/robot/robot_ws/install/slam_toolbox/local/lib/python3.10/dist-packages/slam_toolbox/srv/_merge_maps.py
[13.726s] -- Up-to-date symlink: /home/robot/robot_ws/install/slam_toolbox/local/lib/python3.10/dist-packages/slam_toolbox/srv/_merge_maps_s.c
[13.727s] -- Up-to-date symlink: /home/robot/robot_ws/install/slam_toolbox/local/lib/python3.10/dist-packages/slam_toolbox/srv/_pause.py
[13.727s] -- Up-to-date symlink: /home/robot/robot_ws/install/slam_toolbox/local/lib/python3.10/dist-packages/slam_toolbox/srv/_pause_s.c
[13.727s] -- Up-to-date symlink: /home/robot/robot_ws/install/slam_toolbox/local/lib/python3.10/dist-packages/slam_toolbox/srv/_save_map.py
[13.727s] -- Up-to-date symlink: /home/robot/robot_ws/install/slam_toolbox/local/lib/python3.10/dist-packages/slam_toolbox/srv/_save_map_s.c
[13.727s] -- Up-to-date symlink: /home/robot/robot_ws/install/slam_toolbox/local/lib/python3.10/dist-packages/slam_toolbox/srv/_serialize_pose_graph.py
[13.727s] -- Up-to-date symlink: /home/robot/robot_ws/install/slam_toolbox/local/lib/python3.10/dist-packages/slam_toolbox/srv/_serialize_pose_graph_s.c
[13.728s] -- Up-to-date symlink: /home/robot/robot_ws/install/slam_toolbox/local/lib/python3.10/dist-packages/slam_toolbox/srv/_toggle_interactive.py
[13.728s] -- Up-to-date symlink: /home/robot/robot_ws/install/slam_toolbox/local/lib/python3.10/dist-packages/slam_toolbox/srv/_toggle_interactive_s.c
[13.741s] -- Up-to-date symlink: /home/robot/robot_ws/install/slam_toolbox/local/lib/python3.10/dist-packages/slam_toolbox/slam_toolbox_s__rosidl_typesupport_fastrtps_c.cpython-310-x86_64-linux-gnu.so
[13.741s] -- Up-to-date symlink: /home/robot/robot_ws/install/slam_toolbox/local/lib/python3.10/dist-packages/slam_toolbox/slam_toolbox_s__rosidl_typesupport_introspection_c.cpython-310-x86_64-linux-gnu.so
[13.741s] -- Up-to-date symlink: /home/robot/robot_ws/install/slam_toolbox/local/lib/python3.10/dist-packages/slam_toolbox/slam_toolbox_s__rosidl_typesupport_c.cpython-310-x86_64-linux-gnu.so
[13.742s] -- Up-to-date symlink: /home/robot/robot_ws/install/slam_toolbox/share/slam_toolbox/srv/Pause.idl
[13.742s] -- Up-to-date symlink: /home/robot/robot_ws/install/slam_toolbox/share/slam_toolbox/srv/ClearQueue.idl
[13.742s] -- Up-to-date symlink: /home/robot/robot_ws/install/slam_toolbox/share/slam_toolbox/srv/ToggleInteractive.idl
[13.742s] -- Up-to-date symlink: /home/robot/robot_ws/install/slam_toolbox/share/slam_toolbox/srv/Clear.idl
[13.742s] -- Up-to-date symlink: /home/robot/robot_ws/install/slam_toolbox/share/slam_toolbox/srv/SaveMap.idl
[13.743s] -- Up-to-date symlink: /home/robot/robot_ws/install/slam_toolbox/share/slam_toolbox/srv/LoopClosure.idl
[13.743s] -- Up-to-date symlink: /home/robot/robot_ws/install/slam_toolbox/share/slam_toolbox/srv/MergeMaps.idl
[13.743s] -- Up-to-date symlink: /home/robot/robot_ws/install/slam_toolbox/share/slam_toolbox/srv/AddSubmap.idl
[13.743s] -- Up-to-date symlink: /home/robot/robot_ws/install/slam_toolbox/share/slam_toolbox/srv/DeserializePoseGraph.idl
[13.743s] -- Up-to-date symlink: /home/robot/robot_ws/install/slam_toolbox/share/slam_toolbox/srv/SerializePoseGraph.idl
[13.744s] -- Up-to-date symlink: /home/robot/robot_ws/install/slam_toolbox/share/slam_toolbox/srvs/Pause.srv
[13.744s] -- Up-to-date symlink: /home/robot/robot_ws/install/slam_toolbox/share/slam_toolbox/srvs/Pause_Request.msg
[13.744s] -- Up-to-date symlink: /home/robot/robot_ws/install/slam_toolbox/share/slam_toolbox/srvs/Pause_Response.msg
[13.744s] -- Up-to-date symlink: /home/robot/robot_ws/install/slam_toolbox/share/slam_toolbox/srvs/ClearQueue.srv
[13.744s] -- Up-to-date symlink: /home/robot/robot_ws/install/slam_toolbox/share/slam_toolbox/srvs/ClearQueue_Request.msg
[13.744s] -- Up-to-date symlink: /home/robot/robot_ws/install/slam_toolbox/share/slam_toolbox/srvs/ClearQueue_Response.msg
[13.745s] -- Up-to-date symlink: /home/robot/robot_ws/install/slam_toolbox/share/slam_toolbox/srvs/ToggleInteractive.srv
[13.745s] -- Up-to-date symlink: /home/robot/robot_ws/install/slam_toolbox/share/slam_toolbox/srvs/ToggleInteractive_Request.msg
[13.745s] -- Up-to-date symlink: /home/robot/robot_ws/install/slam_toolbox/share/slam_toolbox/srvs/ToggleInteractive_Response.msg
[13.745s] -- Up-to-date symlink: /home/robot/robot_ws/install/slam_toolbox/share/slam_toolbox/srvs/Clear.srv
[13.745s] -- Up-to-date symlink: /home/robot/robot_ws/install/slam_toolbox/share/slam_toolbox/srvs/Clear_Request.msg
[13.746s] -- Up-to-date symlink: /home/robot/robot_ws/install/slam_toolbox/share/slam_toolbox/srvs/Clear_Response.msg
[13.746s] -- Up-to-date symlink: /home/robot/robot_ws/install/slam_toolbox/share/slam_toolbox/srvs/SaveMap.srv
[13.746s] -- Up-to-date symlink: /home/robot/robot_ws/install/slam_toolbox/share/slam_toolbox/srvs/SaveMap_Request.msg
[13.746s] -- Up-to-date symlink: /home/robot/robot_ws/install/slam_toolbox/share/slam_toolbox/srvs/SaveMap_Response.msg
[13.746s] -- Up-to-date symlink: /home/robot/robot_ws/install/slam_toolbox/share/slam_toolbox/srvs/LoopClosure.srv
[13.746s] -- Up-to-date symlink: /home/robot/robot_ws/install/slam_toolbox/share/slam_toolbox/srvs/LoopClosure_Request.msg
[13.747s] -- Up-to-date symlink: /home/robot/robot_ws/install/slam_toolbox/share/slam_toolbox/srvs/LoopClosure_Response.msg
[13.747s] -- Up-to-date symlink: /home/robot/robot_ws/install/slam_toolbox/share/slam_toolbox/srvs/MergeMaps.srv
[13.747s] -- Up-to-date symlink: /home/robot/robot_ws/install/slam_toolbox/share/slam_toolbox/srvs/MergeMaps_Request.msg
[13.747s] -- Up-to-date symlink: /home/robot/robot_ws/install/slam_toolbox/share/slam_toolbox/srvs/MergeMaps_Response.msg
[13.747s] -- Up-to-date symlink: /home/robot/robot_ws/install/slam_toolbox/share/slam_toolbox/srvs/AddSubmap.srv
[13.764s] -- Up-to-date symlink: /home/robot/robot_ws/install/slam_toolbox/share/slam_toolbox/srvs/AddSubmap_Request.msg
[13.764s] -- Up-to-date symlink: /home/robot/robot_ws/install/slam_toolbox/share/slam_toolbox/srvs/AddSubmap_Response.msg
[13.764s] -- Up-to-date symlink: /home/robot/robot_ws/install/slam_toolbox/share/slam_toolbox/srvs/DeserializePoseGraph.srv
[13.764s] -- Up-to-date symlink: /home/robot/robot_ws/install/slam_toolbox/share/slam_toolbox/srvs/DeserializePoseGraph_Request.msg
[13.765s] -- Up-to-date symlink: /home/robot/robot_ws/install/slam_toolbox/share/slam_toolbox/srvs/DeserializePoseGraph_Response.msg
[13.765s] -- Up-to-date symlink: /home/robot/robot_ws/install/slam_toolbox/share/slam_toolbox/srvs/SerializePoseGraph.srv
[13.765s] -- Up-to-date symlink: /home/robot/robot_ws/install/slam_toolbox/share/slam_toolbox/srvs/SerializePoseGraph_Request.msg
[13.765s] -- Up-to-date symlink: /home/robot/robot_ws/install/slam_toolbox/share/slam_toolbox/srvs/SerializePoseGraph_Response.msg
[13.765s] -- Up-to-date symlink: /home/robot/robot_ws/install/slam_toolbox/share/slam_toolbox//rviz_plugins.xml
[13.765s] -- Up-to-date symlink: /home/robot/robot_ws/install/slam_toolbox/share/slam_toolbox//solver_plugins.xml
[13.766s] -- Up-to-date symlink: /home/robot/robot_ws/install/slam_toolbox/lib/slam_toolbox/async_slam_toolbox_node
[13.766s] -- Up-to-date symlink: /home/robot/robot_ws/install/slam_toolbox/lib/slam_toolbox/sync_slam_toolbox_node
[13.766s] -- Up-to-date symlink: /home/robot/robot_ws/install/slam_toolbox/lib/slam_toolbox/localization_slam_toolbox_node
[13.766s] -- Up-to-date symlink: /home/robot/robot_ws/install/slam_toolbox/lib/slam_toolbox/map_and_localization_slam_toolbox_node
[13.766s] -- Up-to-date symlink: /home/robot/robot_ws/install/slam_toolbox/lib/slam_toolbox/lifelong_slam_toolbox_node
[13.767s] -- Up-to-date symlink: /home/robot/robot_ws/install/slam_toolbox/lib/slam_toolbox/merge_maps_kinematic
[13.767s] -- Up-to-date symlink: /home/robot/robot_ws/install/slam_toolbox/lib/libtoolbox_common.so
[13.767s] -- Up-to-date symlink: /home/robot/robot_ws/install/slam_toolbox/lib/libSlamToolboxPlugin.so
[13.767s] -- Up-to-date symlink: /home/robot/robot_ws/install/slam_toolbox/lib/libceres_solver_plugin.so
[13.767s] -- Up-to-date symlink: /home/robot/robot_ws/install/slam_toolbox/lib/libasync_slam_toolbox.so
[13.768s] -- Up-to-date symlink: /home/robot/robot_ws/install/slam_toolbox/lib/libsync_slam_toolbox.so
[13.768s] -- Up-to-date symlink: /home/robot/robot_ws/install/slam_toolbox/lib/liblocalization_slam_toolbox.so
[13.768s] -- Up-to-date symlink: /home/robot/robot_ws/install/slam_toolbox/lib/liblifelong_slam_toolbox.so
[13.768s] -- Up-to-date symlink: /home/robot/robot_ws/install/slam_toolbox/lib/libmap_and_localization_slam_toolbox.so
[13.768s] -- Up-to-date symlink: /home/robot/robot_ws/install/slam_toolbox/lib/libkartoSlamToolbox.so
[13.769s] -- Up-to-date symlink: /home/robot/robot_ws/install/slam_toolbox/include/slam_toolbox/experimental/slam_toolbox_lifelong.hpp
[13.769s] -- Up-to-date symlink: /home/robot/robot_ws/install/slam_toolbox/include/slam_toolbox/experimental/slam_toolbox_map_and_localization.hpp
[13.769s] -- Up-to-date symlink: /home/robot/robot_ws/install/slam_toolbox/include/slam_toolbox/get_pose_helper.hpp
[13.769s] -- Up-to-date symlink: /home/robot/robot_ws/install/slam_toolbox/include/slam_toolbox/laser_utils.hpp
[13.770s] -- Up-to-date symlink: /home/robot/robot_ws/install/slam_toolbox/include/slam_toolbox/loop_closure_assistant.hpp
[13.770s] -- Up-to-date symlink: /home/robot/robot_ws/install/slam_toolbox/include/slam_toolbox/map_saver.hpp
[13.770s] -- Up-to-date symlink: /home/robot/robot_ws/install/slam_toolbox/include/slam_toolbox/merge_maps_kinematic.hpp
[13.770s] -- Up-to-date symlink: /home/robot/robot_ws/install/slam_toolbox/include/slam_toolbox/serialization.hpp
[13.770s] -- Up-to-date symlink: /home/robot/robot_ws/install/slam_toolbox/include/slam_toolbox/slam_mapper.hpp
[13.770s] -- Up-to-date symlink: /home/robot/robot_ws/install/slam_toolbox/include/slam_toolbox/slam_toolbox_async.hpp
[13.770s] -- Up-to-date symlink: /home/robot/robot_ws/install/slam_toolbox/include/slam_toolbox/slam_toolbox_common.hpp
[13.770s] -- Up-to-date symlink: /home/robot/robot_ws/install/slam_toolbox/include/slam_toolbox/slam_toolbox_localization.hpp
[13.771s] -- Up-to-date symlink: /home/robot/robot_ws/install/slam_toolbox/include/slam_toolbox/slam_toolbox_sync.hpp
[13.771s] -- Up-to-date symlink: /home/robot/robot_ws/install/slam_toolbox/include/slam_toolbox/snap_utils.hpp
[13.771s] -- Up-to-date symlink: /home/robot/robot_ws/install/slam_toolbox/include/slam_toolbox/toolbox_msgs.hpp
[13.771s] -- Up-to-date symlink: /home/robot/robot_ws/install/slam_toolbox/include/slam_toolbox/toolbox_types.hpp
[13.771s] -- Up-to-date symlink: /home/robot/robot_ws/install/slam_toolbox/include/slam_toolbox/visualization_utils.hpp
[13.772s] -- Up-to-date symlink: /home/robot/robot_ws/install/slam_toolbox/share/slam_toolbox/launch/localization_launch.py
[13.780s] -- Up-to-date symlink: /home/robot/robot_ws/install/slam_toolbox/share/slam_toolbox/launch/merge_maps_kinematic_launch.py
[13.780s] -- Up-to-date symlink: /home/robot/robot_ws/install/slam_toolbox/share/slam_toolbox/launch/offline_launch.py
[13.780s] -- Up-to-date symlink: /home/robot/robot_ws/install/slam_toolbox/share/slam_toolbox/launch/online_async_launch.py
[13.780s] -- Up-to-date symlink: /home/robot/robot_ws/install/slam_toolbox/share/slam_toolbox/launch/online_sync_launch.py
[13.780s] -- Up-to-date symlink: /home/robot/robot_ws/install/slam_toolbox/share/slam_toolbox/config/mapper_params_lifelong.yaml
[13.781s] -- Up-to-date symlink: /home/robot/robot_ws/install/slam_toolbox/share/slam_toolbox/config/mapper_params_localization.yaml
[13.781s] -- Up-to-date symlink: /home/robot/robot_ws/install/slam_toolbox/share/slam_toolbox/config/mapper_params_offline.yaml
[13.781s] -- Up-to-date symlink: /home/robot/robot_ws/install/slam_toolbox/share/slam_toolbox/config/mapper_params_online_async.yaml
[13.781s] -- Up-to-date symlink: /home/robot/robot_ws/install/slam_toolbox/share/slam_toolbox/config/mapper_params_online_sync.yaml
[13.781s] -- Up-to-date symlink: /home/robot/robot_ws/install/slam_toolbox/share/slam_toolbox/config/slam_toolbox_default.rviz
[13.781s] -- Up-to-date symlink: /home/robot/robot_ws/install/slam_toolbox/share/solver_plugins.xml
[13.781s] -- Up-to-date symlink: /home/robot/robot_ws/install/slam_toolbox/share/rviz_plugins.xml
[13.782s] -- Up-to-date symlink: /home/robot/robot_ws/install/slam_toolbox/share/ament_index/resource_index/package_run_dependencies/slam_toolbox
[13.782s] -- Up-to-date symlink: /home/robot/robot_ws/install/slam_toolbox/share/ament_index/resource_index/parent_prefix_path/slam_toolbox
[13.782s] -- Up-to-date symlink: /home/robot/robot_ws/install/slam_toolbox/share/slam_toolbox/environment/ament_prefix_path.sh
[13.782s] -- Up-to-date symlink: /home/robot/robot_ws/install/slam_toolbox/share/slam_toolbox/environment/ament_prefix_path.dsv
[13.782s] -- Up-to-date symlink: /home/robot/robot_ws/install/slam_toolbox/share/slam_toolbox/environment/path.sh
[13.782s] -- Up-to-date symlink: /home/robot/robot_ws/install/slam_toolbox/share/slam_toolbox/environment/path.dsv
[13.783s] -- Up-to-date symlink: /home/robot/robot_ws/install/slam_toolbox/share/slam_toolbox/local_setup.bash
[13.783s] -- Up-to-date symlink: /home/robot/robot_ws/install/slam_toolbox/share/slam_toolbox/local_setup.sh
[13.783s] -- Up-to-date symlink: /home/robot/robot_ws/install/slam_toolbox/share/slam_toolbox/local_setup.zsh
[13.783s] -- Up-to-date symlink: /home/robot/robot_ws/install/slam_toolbox/share/slam_toolbox/local_setup.dsv
[13.783s] -- Symlinking: /home/robot/robot_ws/install/slam_toolbox/share/slam_toolbox/package.dsv
[13.824s] -- Up-to-date symlink: /home/robot/robot_ws/install/slam_toolbox/share/ament_index/resource_index/packages/slam_toolbox
[13.825s] -- Up-to-date symlink: /home/robot/robot_ws/install/slam_toolbox/share/ament_index/resource_index/rviz_common__pluginlib__plugin/slam_toolbox
[13.825s] -- Up-to-date symlink: /home/robot/robot_ws/install/slam_toolbox/share/ament_index/resource_index/slam_toolbox__pluginlib__plugin/slam_toolbox
[13.825s] -- Up-to-date symlink: /home/robot/robot_ws/install/slam_toolbox/share/ament_index/resource_index/rclcpp_components/slam_toolbox
[13.825s] -- Up-to-date symlink: /home/robot/robot_ws/install/slam_toolbox/share/slam_toolbox/cmake/rosidl_cmake-extras.cmake
[13.825s] -- Up-to-date symlink: /home/robot/robot_ws/install/slam_toolbox/share/slam_toolbox/cmake/ament_cmake_export_dependencies-extras.cmake
[13.825s] -- Up-to-date symlink: /home/robot/robot_ws/install/slam_toolbox/share/slam_toolbox/cmake/ament_cmake_export_include_directories-extras.cmake
[13.825s] -- Up-to-date symlink: /home/robot/robot_ws/install/slam_toolbox/share/slam_toolbox/cmake/ament_cmake_export_libraries-extras.cmake
[13.826s] -- Up-to-date symlink: /home/robot/robot_ws/install/slam_toolbox/share/slam_toolbox/cmake/ament_cmake_export_targets-extras.cmake
[13.826s] -- Up-to-date symlink: /home/robot/robot_ws/install/slam_toolbox/share/slam_toolbox/cmake/rosidl_cmake_export_typesupport_targets-extras.cmake
[13.826s] -- Up-to-date symlink: /home/robot/robot_ws/install/slam_toolbox/share/slam_toolbox/cmake/rosidl_cmake_export_typesupport_libraries-extras.cmake
[13.826s] -- Up-to-date symlink: /home/robot/robot_ws/install/slam_toolbox/share/slam_toolbox/cmake/slam_toolboxConfig.cmake
[13.826s] -- Up-to-date symlink: /home/robot/robot_ws/install/slam_toolbox/share/slam_toolbox/cmake/slam_toolboxConfig-version.cmake
[13.833s] -- Up-to-date symlink: /home/robot/robot_ws/install/slam_toolbox/share/slam_toolbox/package.xml
[13.833s] -- Up-to-date: /home/robot/robot_ws/install/slam_toolbox/lib/libslam_toolbox__rosidl_generator_c.so
[13.833s] -- Up-to-date: /home/robot/robot_ws/install/slam_toolbox/lib/libslam_toolbox__rosidl_typesupport_fastrtps_c.so
[13.834s] -- Up-to-date: /home/robot/robot_ws/install/slam_toolbox/lib/libslam_toolbox__rosidl_typesupport_fastrtps_cpp.so
[13.834s] -- Up-to-date: /home/robot/robot_ws/install/slam_toolbox/lib/libslam_toolbox__rosidl_typesupport_introspection_c.so
[13.834s] -- Up-to-date: /home/robot/robot_ws/install/slam_toolbox/lib/libslam_toolbox__rosidl_typesupport_c.so
[13.835s] -- Up-to-date: /home/robot/robot_ws/install/slam_toolbox/lib/libslam_toolbox__rosidl_typesupport_introspection_cpp.so
[13.835s] -- Up-to-date: /home/robot/robot_ws/install/slam_toolbox/lib/libslam_toolbox__rosidl_typesupport_cpp.so
[13.952s] Listing '/home/robot/robot_ws/install/slam_toolbox/local/lib/python3.10/dist-packages/slam_toolbox'...
[13.952s] Compiling '/home/robot/robot_ws/install/slam_toolbox/local/lib/python3.10/dist-packages/slam_toolbox/__init__.py'...
[13.952s] Listing '/home/robot/robot_ws/install/slam_toolbox/local/lib/python3.10/dist-packages/slam_toolbox/srv'...
[13.963s] -- Up-to-date: /home/robot/robot_ws/install/slam_toolbox/lib/libslam_toolbox__rosidl_generator_py.so
[13.964s] -- Up-to-date: /home/robot/robot_ws/install/slam_toolbox/share/slam_toolbox/cmake/export_slam_toolbox__rosidl_generator_cExport.cmake
[13.964s] -- Up-to-date: /home/robot/robot_ws/install/slam_toolbox/share/slam_toolbox/cmake/export_slam_toolbox__rosidl_generator_cExport-release.cmake
[13.964s] -- Up-to-date: /home/robot/robot_ws/install/slam_toolbox/share/slam_toolbox/cmake/export_slam_toolbox__rosidl_typesupport_fastrtps_cExport.cmake
[13.964s] -- Up-to-date: /home/robot/robot_ws/install/slam_toolbox/share/slam_toolbox/cmake/export_slam_toolbox__rosidl_typesupport_fastrtps_cExport-release.cmake
[13.964s] -- Up-to-date: /home/robot/robot_ws/install/slam_toolbox/share/slam_toolbox/cmake/export_slam_toolbox__rosidl_generator_cppExport.cmake
[13.964s] -- Up-to-date: /home/robot/robot_ws/install/slam_toolbox/share/slam_toolbox/cmake/export_slam_toolbox__rosidl_typesupport_fastrtps_cppExport.cmake
[13.964s] -- Up-to-date: /home/robot/robot_ws/install/slam_toolbox/share/slam_toolbox/cmake/export_slam_toolbox__rosidl_typesupport_fastrtps_cppExport-release.cmake
[13.965s] -- Up-to-date: /home/robot/robot_ws/install/slam_toolbox/share/slam_toolbox/cmake/slam_toolbox__rosidl_typesupport_introspection_cExport.cmake
[13.965s] -- Up-to-date: /home/robot/robot_ws/install/slam_toolbox/share/slam_toolbox/cmake/slam_toolbox__rosidl_typesupport_introspection_cExport-release.cmake
[13.965s] -- Up-to-date: /home/robot/robot_ws/install/slam_toolbox/share/slam_toolbox/cmake/slam_toolbox__rosidl_typesupport_cExport.cmake
[13.965s] -- Up-to-date: /home/robot/robot_ws/install/slam_toolbox/share/slam_toolbox/cmake/slam_toolbox__rosidl_typesupport_cExport-release.cmake
[13.965s] -- Up-to-date: /home/robot/robot_ws/install/slam_toolbox/share/slam_toolbox/cmake/slam_toolbox__rosidl_typesupport_introspection_cppExport.cmake
[13.965s] -- Up-to-date: /home/robot/robot_ws/install/slam_toolbox/share/slam_toolbox/cmake/slam_toolbox__rosidl_typesupport_introspection_cppExport-release.cmake
[13.965s] -- Up-to-date: /home/robot/robot_ws/install/slam_toolbox/share/slam_toolbox/cmake/slam_toolbox__rosidl_typesupport_cppExport.cmake
[13.965s] -- Up-to-date: /home/robot/robot_ws/install/slam_toolbox/share/slam_toolbox/cmake/slam_toolbox__rosidl_typesupport_cppExport-release.cmake
[13.965s] -- Up-to-date: /home/robot/robot_ws/install/slam_toolbox/share/slam_toolbox/cmake/export_slam_toolbox__rosidl_generator_pyExport.cmake
[13.965s] -- Up-to-date: /home/robot/robot_ws/install/slam_toolbox/share/slam_toolbox/cmake/export_slam_toolbox__rosidl_generator_pyExport-release.cmake
[13.965s] -- Up-to-date: /home/robot/robot_ws/install/slam_toolbox/share/slam_toolbox/cmake/SlamToolboxPluginExport.cmake
[13.966s] -- Up-to-date: /home/robot/robot_ws/install/slam_toolbox/share/slam_toolbox/cmake/SlamToolboxPluginExport-release.cmake
[13.980s] Invoked command in '/home/robot/robot_ws/build/slam_toolbox' returned '0': CMAKE_PREFIX_PATH=${CMAKE_PREFIX_PATH}:/home/robot/robot_ws/install/urdf_tutorial:/home/robot/turtlebot3_ws/install/turtlebot3_teleop:/home/robot/turtlebot3_ws/install/turtlebot3_example:/opt/ros/humble /usr/bin/cmake --install /home/robot/robot_ws/build/slam_toolbox
