[0.494s] Invoking command in '/home/robot/robot_ws/build/ld08_driver': CMAKE_PREFIX_PATH=${CMAKE_PREFIX_PATH}:/home/robot/robot_ws/install/urdf_tutorial:/home/robot/turtlebot3_ws/install/turtlebot3_teleop:/home/robot/turtlebot3_ws/install/turtlebot3_example:/opt/ros/humble /usr/bin/cmake --build /home/robot/robot_ws/build/ld08_driver -- -j4 -l4
[0.652s] [100%] Built target ld08_driver
[0.688s] Invoked command in '/home/robot/robot_ws/build/ld08_driver' returned '0': CMAKE_PREFIX_PATH=${CMAKE_PREFIX_PATH}:/home/robot/robot_ws/install/urdf_tutorial:/home/robot/turtlebot3_ws/install/turtlebot3_teleop:/home/robot/turtlebot3_ws/install/turtlebot3_example:/opt/ros/humble /usr/bin/cmake --build /home/robot/robot_ws/build/ld08_driver -- -j4 -l4
[0.964s] Invoking command in '/home/robot/robot_ws/build/ld08_driver': CMAKE_PREFIX_PATH=${CMAKE_PREFIX_PATH}:/home/robot/robot_ws/install/urdf_tutorial:/home/robot/turtlebot3_ws/install/turtlebot3_teleop:/home/robot/turtlebot3_ws/install/turtlebot3_example:/opt/ros/humble /usr/bin/cmake --install /home/robot/robot_ws/build/ld08_driver
[0.998s] -- Install configuration: "Debug"
[0.998s] -- Execute custom install script
[0.999s] -- Up-to-date symlink: /home/robot/robot_ws/install/ld08_driver/share/ld08_driver/launch/__pycache__/ld08.launch.cpython-310.pyc
[1.000s] -- Up-to-date symlink: /home/robot/robot_ws/install/ld08_driver/share/ld08_driver/launch/ld08.launch.py
[1.001s] -- Up-to-date symlink: /home/robot/robot_ws/install/ld08_driver/lib/ld08_driver/ld08_driver
[1.002s] -- Up-to-date symlink: /home/robot/robot_ws/install/ld08_driver/share/ament_index/resource_index/package_run_dependencies/ld08_driver
[1.003s] -- Up-to-date symlink: /home/robot/robot_ws/install/ld08_driver/share/ament_index/resource_index/parent_prefix_path/ld08_driver
[1.010s] -- Up-to-date symlink: /home/robot/robot_ws/install/ld08_driver/share/ld08_driver/environment/ament_prefix_path.sh
[1.011s] -- Up-to-date symlink: /home/robot/robot_ws/install/ld08_driver/share/ld08_driver/environment/ament_prefix_path.dsv
[1.012s] -- Up-to-date symlink: /home/robot/robot_ws/install/ld08_driver/share/ld08_driver/environment/path.sh
[1.013s] -- Up-to-date symlink: /home/robot/robot_ws/install/ld08_driver/share/ld08_driver/environment/path.dsv
[1.014s] -- Up-to-date symlink: /home/robot/robot_ws/install/ld08_driver/share/ld08_driver/local_setup.bash
[1.015s] -- Up-to-date symlink: /home/robot/robot_ws/install/ld08_driver/share/ld08_driver/local_setup.sh
[1.016s] -- Up-to-date symlink: /home/robot/robot_ws/install/ld08_driver/share/ld08_driver/local_setup.zsh
[1.017s] -- Up-to-date symlink: /home/robot/robot_ws/install/ld08_driver/share/ld08_driver/local_setup.dsv
[1.018s] -- Symlinking: /home/robot/robot_ws/install/ld08_driver/share/ld08_driver/package.dsv
[1.057s] -- Up-to-date symlink: /home/robot/robot_ws/install/ld08_driver/share/ament_index/resource_index/packages/ld08_driver
[1.058s] -- Up-to-date symlink: /home/robot/robot_ws/install/ld08_driver/share/ld08_driver/cmake/ament_cmake_export_dependencies-extras.cmake
[1.058s] -- Up-to-date symlink: /home/robot/robot_ws/install/ld08_driver/share/ld08_driver/cmake/ament_cmake_export_include_directories-extras.cmake
[1.058s] -- Up-to-date symlink: /home/robot/robot_ws/install/ld08_driver/share/ld08_driver/cmake/ld08_driverConfig.cmake
[1.058s] -- Up-to-date symlink: /home/robot/robot_ws/install/ld08_driver/share/ld08_driver/cmake/ld08_driverConfig-version.cmake
[1.058s] -- Up-to-date symlink: /home/robot/robot_ws/install/ld08_driver/share/ld08_driver/package.xml
[1.328s] Invoked command in '/home/robot/robot_ws/build/ld08_driver' returned '0': CMAKE_PREFIX_PATH=${CMAKE_PREFIX_PATH}:/home/robot/robot_ws/install/urdf_tutorial:/home/robot/turtlebot3_ws/install/turtlebot3_teleop:/home/robot/turtlebot3_ws/install/turtlebot3_example:/opt/ros/humble /usr/bin/cmake --install /home/robot/robot_ws/build/ld08_driver
