[1.106s] DEBUG:colcon:Command line arguments: ['/usr/bin/colcon', 'build', '--cmake-args', '-DCMAKE_BUILD_TYPE=Debug']
[1.106s] DEBUG:colcon:Parsed command line arguments: Namespace(log_base=None, log_level=None, verb_name='build', build_base='build', install_base='install', merge_install=False, symlink_install=False, test_result_base=None, continue_on_error=False, executor='parallel', parallel_workers=4, event_handlers=None, ignore_user_meta=False, metas=['./colcon.meta'], base_paths=['.'], packages_ignore=None, packages_ignore_regex=None, paths=None, packages_up_to=None, packages_up_to_regex=None, packages_above=None, packages_above_and_dependencies=None, packages_above_depth=None, packages_select_by_dep=None, packages_skip_by_dep=None, packages_skip_up_to=None, packages_select_build_failed=False, packages_skip_build_finished=False, packages_select_test_failures=False, packages_skip_test_passed=False, packages_select=None, packages_skip=None, packages_select_regex=None, packages_skip_regex=None, packages_start=None, packages_end=None, allow_overriding=[], cmake_args=['-DCMAKE_BUILD_TYPE=Debug'], cmake_target=None, cmake_target_skip_unavailable=False, cmake_clean_cache=False, cmake_clean_first=False, cmake_force_configure=False, ament_cmake_args=None, catkin_cmake_args=None, catkin_skip_building_tests=False, verb_parser=<colcon_defaults.argument_parser.defaults.DefaultArgumentsDecorator object at 0x7f416d4e9f60>, verb_extension=<colcon_core.verb.build.BuildVerb object at 0x7f416e357010>, main=<bound method BuildVerb.main of <colcon_core.verb.build.BuildVerb object at 0x7f416e357010>>)
[1.158s] Level 1:colcon.colcon_core.package_discovery:discover_packages(colcon_meta) check parameters
[1.158s] Level 1:colcon.colcon_core.package_discovery:discover_packages(recursive) check parameters
[1.158s] Level 1:colcon.colcon_core.package_discovery:discover_packages(ignore) check parameters
[1.158s] Level 1:colcon.colcon_core.package_discovery:discover_packages(path) check parameters
[1.158s] Level 1:colcon.colcon_core.package_discovery:discover_packages(colcon_meta) discover
[1.158s] Level 1:colcon.colcon_core.package_discovery:discover_packages(recursive) discover
[1.158s] INFO:colcon.colcon_core.package_discovery:Crawling recursively for packages in '/home/robot/robot_ws'
[1.158s] Level 1:colcon.colcon_core.package_identification:_identify(.) by extensions ['ignore', 'ignore_ament_install']
[1.158s] Level 1:colcon.colcon_core.package_identification:_identify(.) by extension 'ignore'
[1.158s] Level 1:colcon.colcon_core.package_identification:_identify(.) by extension 'ignore_ament_install'
[1.158s] Level 1:colcon.colcon_core.package_identification:_identify(.) by extensions ['colcon_pkg']
[1.158s] Level 1:colcon.colcon_core.package_identification:_identify(.) by extension 'colcon_pkg'
[1.158s] Level 1:colcon.colcon_core.package_identification:_identify(.) by extensions ['colcon_meta']
[1.158s] Level 1:colcon.colcon_core.package_identification:_identify(.) by extension 'colcon_meta'
[1.158s] Level 1:colcon.colcon_core.package_identification:_identify(.) by extensions ['ros']
[1.159s] Level 1:colcon.colcon_core.package_identification:_identify(.) by extension 'ros'
[1.170s] Level 1:colcon.colcon_core.package_identification:_identify(.) by extensions ['cmake', 'python']
[1.170s] Level 1:colcon.colcon_core.package_identification:_identify(.) by extension 'cmake'
[1.170s] Level 1:colcon.colcon_core.package_identification:_identify(.) by extension 'python'
[1.170s] Level 1:colcon.colcon_core.package_identification:_identify(.) by extensions ['python_setup_py']
[1.170s] Level 1:colcon.colcon_core.package_identification:_identify(.) by extension 'python_setup_py'
[1.170s] Level 1:colcon.colcon_core.package_identification:_identify(build) by extensions ['ignore', 'ignore_ament_install']
[1.170s] Level 1:colcon.colcon_core.package_identification:_identify(build) by extension 'ignore'
[1.170s] Level 1:colcon.colcon_core.package_identification:_identify(build) ignored
[1.170s] Level 1:colcon.colcon_core.package_identification:_identify(install) by extensions ['ignore', 'ignore_ament_install']
[1.171s] Level 1:colcon.colcon_core.package_identification:_identify(install) by extension 'ignore'
[1.171s] Level 1:colcon.colcon_core.package_identification:_identify(install) ignored
[1.171s] Level 1:colcon.colcon_core.package_identification:_identify(log) by extensions ['ignore', 'ignore_ament_install']
[1.171s] Level 1:colcon.colcon_core.package_identification:_identify(log) by extension 'ignore'
[1.171s] Level 1:colcon.colcon_core.package_identification:_identify(log) ignored
[1.171s] Level 1:colcon.colcon_core.package_identification:_identify(src) by extensions ['ignore', 'ignore_ament_install']
[1.171s] Level 1:colcon.colcon_core.package_identification:_identify(src) by extension 'ignore'
[1.171s] Level 1:colcon.colcon_core.package_identification:_identify(src) by extension 'ignore_ament_install'
[1.171s] Level 1:colcon.colcon_core.package_identification:_identify(src) by extensions ['colcon_pkg']
[1.171s] Level 1:colcon.colcon_core.package_identification:_identify(src) by extension 'colcon_pkg'
[1.171s] Level 1:colcon.colcon_core.package_identification:_identify(src) by extensions ['colcon_meta']
[1.171s] Level 1:colcon.colcon_core.package_identification:_identify(src) by extension 'colcon_meta'
[1.172s] Level 1:colcon.colcon_core.package_identification:_identify(src) by extensions ['ros']
[1.172s] Level 1:colcon.colcon_core.package_identification:_identify(src) by extension 'ros'
[1.172s] Level 1:colcon.colcon_core.package_identification:_identify(src) by extensions ['cmake', 'python']
[1.172s] Level 1:colcon.colcon_core.package_identification:_identify(src) by extension 'cmake'
[1.172s] Level 1:colcon.colcon_core.package_identification:_identify(src) by extension 'python'
[1.172s] Level 1:colcon.colcon_core.package_identification:_identify(src) by extensions ['python_setup_py']
[1.172s] Level 1:colcon.colcon_core.package_identification:_identify(src) by extension 'python_setup_py'
[1.172s] Level 1:colcon.colcon_core.package_identification:_identify(src/my_first_ros_rclcpp_pkg) by extensions ['ignore', 'ignore_ament_install']
[1.172s] Level 1:colcon.colcon_core.package_identification:_identify(src/my_first_ros_rclcpp_pkg) by extension 'ignore'
[1.172s] Level 1:colcon.colcon_core.package_identification:_identify(src/my_first_ros_rclcpp_pkg) by extension 'ignore_ament_install'
[1.172s] Level 1:colcon.colcon_core.package_identification:_identify(src/my_first_ros_rclcpp_pkg) by extensions ['colcon_pkg']
[1.172s] Level 1:colcon.colcon_core.package_identification:_identify(src/my_first_ros_rclcpp_pkg) by extension 'colcon_pkg'
[1.172s] Level 1:colcon.colcon_core.package_identification:_identify(src/my_first_ros_rclcpp_pkg) by extensions ['colcon_meta']
[1.172s] Level 1:colcon.colcon_core.package_identification:_identify(src/my_first_ros_rclcpp_pkg) by extension 'colcon_meta'
[1.172s] Level 1:colcon.colcon_core.package_identification:_identify(src/my_first_ros_rclcpp_pkg) by extensions ['ros']
[1.172s] Level 1:colcon.colcon_core.package_identification:_identify(src/my_first_ros_rclcpp_pkg) by extension 'ros'
[1.176s] DEBUG:colcon.colcon_core.package_identification:Package 'src/my_first_ros_rclcpp_pkg' with type 'ros.ament_cmake' and name 'my_first_ros_rclcpp_pkg'
[1.176s] Level 1:colcon.colcon_core.package_identification:_identify(src/safeway_robot_controll_packet_RS485) by extensions ['ignore', 'ignore_ament_install']
[1.176s] Level 1:colcon.colcon_core.package_identification:_identify(src/safeway_robot_controll_packet_RS485) by extension 'ignore'
[1.176s] Level 1:colcon.colcon_core.package_identification:_identify(src/safeway_robot_controll_packet_RS485) by extension 'ignore_ament_install'
[1.176s] Level 1:colcon.colcon_core.package_identification:_identify(src/safeway_robot_controll_packet_RS485) by extensions ['colcon_pkg']
[1.176s] Level 1:colcon.colcon_core.package_identification:_identify(src/safeway_robot_controll_packet_RS485) by extension 'colcon_pkg'
[1.176s] Level 1:colcon.colcon_core.package_identification:_identify(src/safeway_robot_controll_packet_RS485) by extensions ['colcon_meta']
[1.176s] Level 1:colcon.colcon_core.package_identification:_identify(src/safeway_robot_controll_packet_RS485) by extension 'colcon_meta'
[1.176s] Level 1:colcon.colcon_core.package_identification:_identify(src/safeway_robot_controll_packet_RS485) by extensions ['ros']
[1.176s] Level 1:colcon.colcon_core.package_identification:_identify(src/safeway_robot_controll_packet_RS485) by extension 'ros'
[1.177s] DEBUG:colcon.colcon_core.package_identification:Package 'src/safeway_robot_controll_packet_RS485' with type 'ros.ament_cmake' and name 'safeway_robot_controll_packet_RS485'
[1.177s] Level 1:colcon.colcon_core.package_identification:_identify(src/urdf_tutorial) by extensions ['ignore', 'ignore_ament_install']
[1.177s] Level 1:colcon.colcon_core.package_identification:_identify(src/urdf_tutorial) by extension 'ignore'
[1.177s] Level 1:colcon.colcon_core.package_identification:_identify(src/urdf_tutorial) by extension 'ignore_ament_install'
[1.178s] Level 1:colcon.colcon_core.package_identification:_identify(src/urdf_tutorial) by extensions ['colcon_pkg']
[1.178s] Level 1:colcon.colcon_core.package_identification:_identify(src/urdf_tutorial) by extension 'colcon_pkg'
[1.178s] Level 1:colcon.colcon_core.package_identification:_identify(src/urdf_tutorial) by extensions ['colcon_meta']
[1.178s] Level 1:colcon.colcon_core.package_identification:_identify(src/urdf_tutorial) by extension 'colcon_meta'
[1.178s] Level 1:colcon.colcon_core.package_identification:_identify(src/urdf_tutorial) by extensions ['ros']
[1.178s] Level 1:colcon.colcon_core.package_identification:_identify(src/urdf_tutorial) by extension 'ros'
[1.178s] DEBUG:colcon.colcon_core.package_identification:Package 'src/urdf_tutorial' with type 'ros.ament_python' and name 'urdf_tutorial'
[1.178s] Level 1:colcon.colcon_core.package_discovery:discover_packages(recursive) using defaults
[1.178s] Level 1:colcon.colcon_core.package_discovery:discover_packages(ignore) discover
[1.178s] Level 1:colcon.colcon_core.package_discovery:discover_packages(ignore) using defaults
[1.179s] Level 1:colcon.colcon_core.package_discovery:discover_packages(path) discover
[1.179s] Level 1:colcon.colcon_core.package_discovery:discover_packages(path) using defaults
[1.286s] Level 1:colcon.colcon_core.package_discovery:discover_packages(prefix_path) check parameters
[1.286s] Level 1:colcon.colcon_core.package_discovery:discover_packages(prefix_path) discover
[1.318s] DEBUG:colcon.colcon_installed_package_information.package_discovery:Found 6 installed packages in /home/robot/robot_ws/install
[1.334s] DEBUG:colcon.colcon_installed_package_information.package_discovery:Found 326 installed packages in /opt/ros/humble
[1.336s] Level 1:colcon.colcon_core.package_discovery:discover_packages(prefix_path) using defaults
[1.439s] Level 5:colcon.colcon_core.verb:set package 'my_first_ros_rclcpp_pkg' build argument 'cmake_args' from command line to '['-DCMAKE_BUILD_TYPE=Debug']'
[1.439s] Level 5:colcon.colcon_core.verb:set package 'my_first_ros_rclcpp_pkg' build argument 'cmake_target' from command line to 'None'
[1.439s] Level 5:colcon.colcon_core.verb:set package 'my_first_ros_rclcpp_pkg' build argument 'cmake_target_skip_unavailable' from command line to 'False'
[1.439s] Level 5:colcon.colcon_core.verb:set package 'my_first_ros_rclcpp_pkg' build argument 'cmake_clean_cache' from command line to 'False'
[1.439s] Level 5:colcon.colcon_core.verb:set package 'my_first_ros_rclcpp_pkg' build argument 'cmake_clean_first' from command line to 'False'
[1.439s] Level 5:colcon.colcon_core.verb:set package 'my_first_ros_rclcpp_pkg' build argument 'cmake_force_configure' from command line to 'False'
[1.439s] Level 5:colcon.colcon_core.verb:set package 'my_first_ros_rclcpp_pkg' build argument 'ament_cmake_args' from command line to 'None'
[1.439s] Level 5:colcon.colcon_core.verb:set package 'my_first_ros_rclcpp_pkg' build argument 'catkin_cmake_args' from command line to 'None'
[1.439s] Level 5:colcon.colcon_core.verb:set package 'my_first_ros_rclcpp_pkg' build argument 'catkin_skip_building_tests' from command line to 'False'
[1.439s] DEBUG:colcon.colcon_core.verb:Building package 'my_first_ros_rclcpp_pkg' with the following arguments: {'ament_cmake_args': None, 'build_base': '/home/robot/robot_ws/build/my_first_ros_rclcpp_pkg', 'catkin_cmake_args': None, 'catkin_skip_building_tests': False, 'cmake_args': ['-DCMAKE_BUILD_TYPE=Debug'], 'cmake_clean_cache': False, 'cmake_clean_first': False, 'cmake_force_configure': False, 'cmake_target': None, 'cmake_target_skip_unavailable': False, 'install_base': '/home/robot/robot_ws/install/my_first_ros_rclcpp_pkg', 'merge_install': False, 'path': '/home/robot/robot_ws/src/my_first_ros_rclcpp_pkg', 'symlink_install': False, 'test_result_base': None}
[1.454s] Level 5:colcon.colcon_core.verb:set package 'safeway_robot_controll_packet_RS485' build argument 'cmake_args' from command line to '['-DCMAKE_BUILD_TYPE=Debug']'
[1.454s] Level 5:colcon.colcon_core.verb:set package 'safeway_robot_controll_packet_RS485' build argument 'cmake_target' from command line to 'None'
[1.454s] Level 5:colcon.colcon_core.verb:set package 'safeway_robot_controll_packet_RS485' build argument 'cmake_target_skip_unavailable' from command line to 'False'
[1.454s] Level 5:colcon.colcon_core.verb:set package 'safeway_robot_controll_packet_RS485' build argument 'cmake_clean_cache' from command line to 'False'
[1.454s] Level 5:colcon.colcon_core.verb:set package 'safeway_robot_controll_packet_RS485' build argument 'cmake_clean_first' from command line to 'False'
[1.454s] Level 5:colcon.colcon_core.verb:set package 'safeway_robot_controll_packet_RS485' build argument 'cmake_force_configure' from command line to 'False'
[1.454s] Level 5:colcon.colcon_core.verb:set package 'safeway_robot_controll_packet_RS485' build argument 'ament_cmake_args' from command line to 'None'
[1.454s] Level 5:colcon.colcon_core.verb:set package 'safeway_robot_controll_packet_RS485' build argument 'catkin_cmake_args' from command line to 'None'
[1.455s] Level 5:colcon.colcon_core.verb:set package 'safeway_robot_controll_packet_RS485' build argument 'catkin_skip_building_tests' from command line to 'False'
[1.455s] DEBUG:colcon.colcon_core.verb:Building package 'safeway_robot_controll_packet_RS485' with the following arguments: {'ament_cmake_args': None, 'build_base': '/home/robot/robot_ws/build/safeway_robot_controll_packet_RS485', 'catkin_cmake_args': None, 'catkin_skip_building_tests': False, 'cmake_args': ['-DCMAKE_BUILD_TYPE=Debug'], 'cmake_clean_cache': False, 'cmake_clean_first': False, 'cmake_force_configure': False, 'cmake_target': None, 'cmake_target_skip_unavailable': False, 'install_base': '/home/robot/robot_ws/install/safeway_robot_controll_packet_RS485', 'merge_install': False, 'path': '/home/robot/robot_ws/src/safeway_robot_controll_packet_RS485', 'symlink_install': False, 'test_result_base': None}
[1.471s] Level 5:colcon.colcon_core.verb:set package 'urdf_tutorial' build argument 'cmake_args' from command line to '['-DCMAKE_BUILD_TYPE=Debug']'
[1.471s] Level 5:colcon.colcon_core.verb:set package 'urdf_tutorial' build argument 'cmake_target' from command line to 'None'
[1.471s] Level 5:colcon.colcon_core.verb:set package 'urdf_tutorial' build argument 'cmake_target_skip_unavailable' from command line to 'False'
[1.471s] Level 5:colcon.colcon_core.verb:set package 'urdf_tutorial' build argument 'cmake_clean_cache' from command line to 'False'
[1.471s] Level 5:colcon.colcon_core.verb:set package 'urdf_tutorial' build argument 'cmake_clean_first' from command line to 'False'
[1.471s] Level 5:colcon.colcon_core.verb:set package 'urdf_tutorial' build argument 'cmake_force_configure' from command line to 'False'
[1.471s] Level 5:colcon.colcon_core.verb:set package 'urdf_tutorial' build argument 'ament_cmake_args' from command line to 'None'
[1.471s] Level 5:colcon.colcon_core.verb:set package 'urdf_tutorial' build argument 'catkin_cmake_args' from command line to 'None'
[1.471s] Level 5:colcon.colcon_core.verb:set package 'urdf_tutorial' build argument 'catkin_skip_building_tests' from command line to 'False'
[1.471s] DEBUG:colcon.colcon_core.verb:Building package 'urdf_tutorial' with the following arguments: {'ament_cmake_args': None, 'build_base': '/home/robot/robot_ws/build/urdf_tutorial', 'catkin_cmake_args': None, 'catkin_skip_building_tests': False, 'cmake_args': ['-DCMAKE_BUILD_TYPE=Debug'], 'cmake_clean_cache': False, 'cmake_clean_first': False, 'cmake_force_configure': False, 'cmake_target': None, 'cmake_target_skip_unavailable': False, 'install_base': '/home/robot/robot_ws/install/urdf_tutorial', 'merge_install': False, 'path': '/home/robot/robot_ws/src/urdf_tutorial', 'symlink_install': False, 'test_result_base': None}
[1.487s] INFO:colcon.colcon_core.executor:Executing jobs using 'parallel' executor
[1.504s] DEBUG:colcon.colcon_parallel_executor.executor.parallel:run_until_complete
[1.505s] INFO:colcon.colcon_ros.task.ament_cmake.build:Building ROS package in '/home/robot/robot_ws/src/my_first_ros_rclcpp_pkg' with build type 'ament_cmake'
[1.505s] INFO:colcon.colcon_cmake.task.cmake.build:Building CMake package in '/home/robot/robot_ws/src/my_first_ros_rclcpp_pkg'
[1.524s] INFO:colcon.colcon_core.plugin_system:Skipping extension 'colcon_core.shell.bat': Not used on non-Windows systems
[1.525s] INFO:colcon.colcon_core.shell:Skip shell extension 'powershell' for command environment: Not usable outside of PowerShell
[1.525s] DEBUG:colcon.colcon_core.shell:Skip shell extension 'dsv' for command environment
[1.600s] INFO:colcon.colcon_ros.task.ament_cmake.build:Building ROS package in '/home/robot/robot_ws/src/safeway_robot_controll_packet_RS485' with build type 'ament_cmake'
[1.600s] INFO:colcon.colcon_cmake.task.cmake.build:Building CMake package in '/home/robot/robot_ws/src/safeway_robot_controll_packet_RS485'
[1.618s] INFO:colcon.colcon_core.shell:Skip shell extension 'powershell' for command environment: Not usable outside of PowerShell
[1.619s] DEBUG:colcon.colcon_core.shell:Skip shell extension 'dsv' for command environment
[1.676s] INFO:colcon.colcon_ros.task.ament_python.build:Building ROS package in '/home/robot/robot_ws/src/urdf_tutorial' with build type 'ament_python'
[1.676s] Level 1:colcon.colcon_core.shell:create_environment_hook('urdf_tutorial', 'ament_prefix_path')
[1.696s] INFO:colcon.colcon_core.shell:Creating environment hook '/home/robot/robot_ws/install/urdf_tutorial/share/urdf_tutorial/hook/ament_prefix_path.ps1'
[1.697s] INFO:colcon.colcon_core.shell:Creating environment descriptor '/home/robot/robot_ws/install/urdf_tutorial/share/urdf_tutorial/hook/ament_prefix_path.dsv'
[1.698s] INFO:colcon.colcon_core.shell:Creating environment hook '/home/robot/robot_ws/install/urdf_tutorial/share/urdf_tutorial/hook/ament_prefix_path.sh'
[1.719s] INFO:colcon.colcon_core.shell:Skip shell extension 'powershell' for command environment: Not usable outside of PowerShell
[1.719s] DEBUG:colcon.colcon_core.shell:Skip shell extension 'dsv' for command environment
[1.789s] DEBUG:colcon.colcon_core.event_handler.log_command:Invoking command in '/home/robot/robot_ws/build/my_first_ros_rclcpp_pkg': CMAKE_PREFIX_PATH=${CMAKE_PREFIX_PATH}:/opt/ros/humble /usr/bin/cmake --build /home/robot/robot_ws/build/my_first_ros_rclcpp_pkg -- -j4 -l4
[1.793s] DEBUG:colcon.colcon_core.event_handler.log_command:Invoking command in '/home/robot/robot_ws/build/safeway_robot_controll_packet_RS485': CMAKE_PREFIX_PATH=${CMAKE_PREFIX_PATH}:/opt/ros/humble /usr/bin/cmake --build /home/robot/robot_ws/build/safeway_robot_controll_packet_RS485 -- -j4 -l4
[2.135s] INFO:colcon.colcon_core.task.python.build:Building Python package in '/home/robot/robot_ws/src/urdf_tutorial'
[2.152s] INFO:colcon.colcon_core.shell:Skip shell extension 'powershell' for command environment: Not usable outside of PowerShell
[2.152s] DEBUG:colcon.colcon_core.shell:Skip shell extension 'dsv' for command environment
[2.210s] DEBUG:colcon.colcon_core.event_handler.log_command:Invoked command in '/home/robot/robot_ws/build/my_first_ros_rclcpp_pkg' returned '0': CMAKE_PREFIX_PATH=${CMAKE_PREFIX_PATH}:/opt/ros/humble /usr/bin/cmake --build /home/robot/robot_ws/build/my_first_ros_rclcpp_pkg -- -j4 -l4
[2.211s] DEBUG:colcon.colcon_core.event_handler.log_command:Invoked command in '/home/robot/robot_ws/build/safeway_robot_controll_packet_RS485' returned '0': CMAKE_PREFIX_PATH=${CMAKE_PREFIX_PATH}:/opt/ros/humble /usr/bin/cmake --build /home/robot/robot_ws/build/safeway_robot_controll_packet_RS485 -- -j4 -l4
[2.264s] DEBUG:colcon.colcon_core.event_handler.log_command:Invoking command in '/home/robot/robot_ws/build/my_first_ros_rclcpp_pkg': CMAKE_PREFIX_PATH=${CMAKE_PREFIX_PATH}:/opt/ros/humble /usr/bin/cmake --install /home/robot/robot_ws/build/my_first_ros_rclcpp_pkg
[2.274s] DEBUG:colcon.colcon_core.event_handler.log_command:Invoking command in '/home/robot/robot_ws/build/safeway_robot_controll_packet_RS485': CMAKE_PREFIX_PATH=${CMAKE_PREFIX_PATH}:/opt/ros/humble /usr/bin/cmake --install /home/robot/robot_ws/build/safeway_robot_controll_packet_RS485
[2.283s] Level 1:colcon.colcon_core.environment:create_environment_scripts_only(safeway_robot_controll_packet_RS485)
[2.290s] DEBUG:colcon.colcon_core.event_handler.log_command:Invoked command in '/home/robot/robot_ws/build/safeway_robot_controll_packet_RS485' returned '0': CMAKE_PREFIX_PATH=${CMAKE_PREFIX_PATH}:/opt/ros/humble /usr/bin/cmake --install /home/robot/robot_ws/build/safeway_robot_controll_packet_RS485
[2.312s] Level 1:colcon.colcon_core.environment:checking '/home/robot/robot_ws/install/safeway_robot_controll_packet_RS485' for CMake module files
[2.313s] Level 1:colcon.colcon_core.environment:checking '/home/robot/robot_ws/install/safeway_robot_controll_packet_RS485' for CMake config files
[2.313s] Level 1:colcon.colcon_core.shell:create_environment_hook('safeway_robot_controll_packet_RS485', 'cmake_prefix_path')
[2.332s] INFO:colcon.colcon_core.shell:Creating environment hook '/home/robot/robot_ws/install/safeway_robot_controll_packet_RS485/share/safeway_robot_controll_packet_RS485/hook/cmake_prefix_path.ps1'
[2.332s] INFO:colcon.colcon_core.shell:Creating environment descriptor '/home/robot/robot_ws/install/safeway_robot_controll_packet_RS485/share/safeway_robot_controll_packet_RS485/hook/cmake_prefix_path.dsv'
[2.333s] INFO:colcon.colcon_core.shell:Creating environment hook '/home/robot/robot_ws/install/safeway_robot_controll_packet_RS485/share/safeway_robot_controll_packet_RS485/hook/cmake_prefix_path.sh'
[2.334s] Level 1:colcon.colcon_core.environment:checking '/home/robot/robot_ws/install/safeway_robot_controll_packet_RS485/lib'
[2.334s] Level 1:colcon.colcon_core.environment:checking '/home/robot/robot_ws/install/safeway_robot_controll_packet_RS485/bin'
[2.334s] Level 1:colcon.colcon_core.environment:checking '/home/robot/robot_ws/install/safeway_robot_controll_packet_RS485/lib/pkgconfig/safeway_robot_controll_packet_RS485.pc'
[2.335s] Level 1:colcon.colcon_core.environment:checking '/home/robot/robot_ws/install/safeway_robot_controll_packet_RS485/lib/python3.10/site-packages'
[2.335s] Level 1:colcon.colcon_core.environment:checking '/home/robot/robot_ws/install/safeway_robot_controll_packet_RS485/bin'
[2.353s] INFO:colcon.colcon_core.shell:Creating package script '/home/robot/robot_ws/install/safeway_robot_controll_packet_RS485/share/safeway_robot_controll_packet_RS485/package.ps1'
[2.354s] INFO:colcon.colcon_core.shell:Creating package descriptor '/home/robot/robot_ws/install/safeway_robot_controll_packet_RS485/share/safeway_robot_controll_packet_RS485/package.dsv'
[2.355s] INFO:colcon.colcon_core.shell:Creating package script '/home/robot/robot_ws/install/safeway_robot_controll_packet_RS485/share/safeway_robot_controll_packet_RS485/package.sh'
[2.356s] INFO:colcon.colcon_core.shell:Creating package script '/home/robot/robot_ws/install/safeway_robot_controll_packet_RS485/share/safeway_robot_controll_packet_RS485/package.bash'
[2.357s] INFO:colcon.colcon_core.shell:Creating package script '/home/robot/robot_ws/install/safeway_robot_controll_packet_RS485/share/safeway_robot_controll_packet_RS485/package.zsh'
[2.357s] Level 1:colcon.colcon_core.environment:create_file_with_runtime_dependencies(/home/robot/robot_ws/install/safeway_robot_controll_packet_RS485/share/colcon-core/packages/safeway_robot_controll_packet_RS485)
[2.359s] Level 1:colcon.colcon_core.environment:create_environment_scripts_only(my_first_ros_rclcpp_pkg)
[2.360s] DEBUG:colcon.colcon_core.event_handler.log_command:Invoked command in '/home/robot/robot_ws/build/my_first_ros_rclcpp_pkg' returned '0': CMAKE_PREFIX_PATH=${CMAKE_PREFIX_PATH}:/opt/ros/humble /usr/bin/cmake --install /home/robot/robot_ws/build/my_first_ros_rclcpp_pkg
[2.380s] Level 1:colcon.colcon_core.environment:checking '/home/robot/robot_ws/install/my_first_ros_rclcpp_pkg' for CMake module files
[2.381s] Level 1:colcon.colcon_core.environment:checking '/home/robot/robot_ws/install/my_first_ros_rclcpp_pkg' for CMake config files
[2.381s] Level 1:colcon.colcon_core.shell:create_environment_hook('my_first_ros_rclcpp_pkg', 'cmake_prefix_path')
[2.405s] INFO:colcon.colcon_core.shell:Creating environment hook '/home/robot/robot_ws/install/my_first_ros_rclcpp_pkg/share/my_first_ros_rclcpp_pkg/hook/cmake_prefix_path.ps1'
[2.406s] INFO:colcon.colcon_core.shell:Creating environment descriptor '/home/robot/robot_ws/install/my_first_ros_rclcpp_pkg/share/my_first_ros_rclcpp_pkg/hook/cmake_prefix_path.dsv'
[2.406s] INFO:colcon.colcon_core.shell:Creating environment hook '/home/robot/robot_ws/install/my_first_ros_rclcpp_pkg/share/my_first_ros_rclcpp_pkg/hook/cmake_prefix_path.sh'
[2.407s] Level 1:colcon.colcon_core.environment:checking '/home/robot/robot_ws/install/my_first_ros_rclcpp_pkg/lib'
[2.407s] Level 1:colcon.colcon_core.environment:checking '/home/robot/robot_ws/install/my_first_ros_rclcpp_pkg/bin'
[2.407s] Level 1:colcon.colcon_core.environment:checking '/home/robot/robot_ws/install/my_first_ros_rclcpp_pkg/lib/pkgconfig/my_first_ros_rclcpp_pkg.pc'
[2.409s] Level 1:colcon.colcon_core.environment:checking '/home/robot/robot_ws/install/my_first_ros_rclcpp_pkg/lib/python3.10/site-packages'
[2.410s] Level 1:colcon.colcon_core.environment:checking '/home/robot/robot_ws/install/my_first_ros_rclcpp_pkg/bin'
[2.430s] INFO:colcon.colcon_core.shell:Creating package script '/home/robot/robot_ws/install/my_first_ros_rclcpp_pkg/share/my_first_ros_rclcpp_pkg/package.ps1'
[2.431s] INFO:colcon.colcon_core.shell:Creating package descriptor '/home/robot/robot_ws/install/my_first_ros_rclcpp_pkg/share/my_first_ros_rclcpp_pkg/package.dsv'
[2.431s] INFO:colcon.colcon_core.shell:Creating package script '/home/robot/robot_ws/install/my_first_ros_rclcpp_pkg/share/my_first_ros_rclcpp_pkg/package.sh'
[2.432s] INFO:colcon.colcon_core.shell:Creating package script '/home/robot/robot_ws/install/my_first_ros_rclcpp_pkg/share/my_first_ros_rclcpp_pkg/package.bash'
[2.432s] INFO:colcon.colcon_core.shell:Creating package script '/home/robot/robot_ws/install/my_first_ros_rclcpp_pkg/share/my_first_ros_rclcpp_pkg/package.zsh'
[2.433s] Level 1:colcon.colcon_core.environment:create_file_with_runtime_dependencies(/home/robot/robot_ws/install/my_first_ros_rclcpp_pkg/share/colcon-core/packages/my_first_ros_rclcpp_pkg)
[2.455s] Level 1:colcon.colcon_core.environment:create_environment_scripts_only(safeway_robot_controll_packet_RS485)
[2.475s] Level 1:colcon.colcon_core.environment:checking '/home/robot/robot_ws/install/safeway_robot_controll_packet_RS485' for CMake module files
[2.475s] Level 1:colcon.colcon_core.environment:checking '/home/robot/robot_ws/install/safeway_robot_controll_packet_RS485' for CMake config files
[2.475s] Level 1:colcon.colcon_core.shell:create_environment_hook('safeway_robot_controll_packet_RS485', 'cmake_prefix_path')
[2.492s] INFO:colcon.colcon_core.shell:Creating environment hook '/home/robot/robot_ws/install/safeway_robot_controll_packet_RS485/share/safeway_robot_controll_packet_RS485/hook/cmake_prefix_path.ps1'
[2.493s] INFO:colcon.colcon_core.shell:Creating environment descriptor '/home/robot/robot_ws/install/safeway_robot_controll_packet_RS485/share/safeway_robot_controll_packet_RS485/hook/cmake_prefix_path.dsv'
[2.493s] INFO:colcon.colcon_core.shell:Creating environment hook '/home/robot/robot_ws/install/safeway_robot_controll_packet_RS485/share/safeway_robot_controll_packet_RS485/hook/cmake_prefix_path.sh'
[2.494s] Level 1:colcon.colcon_core.environment:checking '/home/robot/robot_ws/install/safeway_robot_controll_packet_RS485/lib'
[2.494s] Level 1:colcon.colcon_core.environment:checking '/home/robot/robot_ws/install/safeway_robot_controll_packet_RS485/bin'
[2.494s] Level 1:colcon.colcon_core.environment:checking '/home/robot/robot_ws/install/safeway_robot_controll_packet_RS485/lib/pkgconfig/safeway_robot_controll_packet_RS485.pc'
[2.494s] Level 1:colcon.colcon_core.environment:checking '/home/robot/robot_ws/install/safeway_robot_controll_packet_RS485/lib/python3.10/site-packages'
[2.495s] Level 1:colcon.colcon_core.environment:checking '/home/robot/robot_ws/install/safeway_robot_controll_packet_RS485/bin'
[2.513s] INFO:colcon.colcon_core.shell:Creating package script '/home/robot/robot_ws/install/safeway_robot_controll_packet_RS485/share/safeway_robot_controll_packet_RS485/package.ps1'
[2.513s] INFO:colcon.colcon_core.shell:Creating package descriptor '/home/robot/robot_ws/install/safeway_robot_controll_packet_RS485/share/safeway_robot_controll_packet_RS485/package.dsv'
[2.514s] INFO:colcon.colcon_core.shell:Creating package script '/home/robot/robot_ws/install/safeway_robot_controll_packet_RS485/share/safeway_robot_controll_packet_RS485/package.sh'
[2.515s] INFO:colcon.colcon_core.shell:Creating package script '/home/robot/robot_ws/install/safeway_robot_controll_packet_RS485/share/safeway_robot_controll_packet_RS485/package.bash'
[2.515s] INFO:colcon.colcon_core.shell:Creating package script '/home/robot/robot_ws/install/safeway_robot_controll_packet_RS485/share/safeway_robot_controll_packet_RS485/package.zsh'
[2.515s] Level 1:colcon.colcon_core.environment:create_file_with_runtime_dependencies(/home/robot/robot_ws/install/safeway_robot_controll_packet_RS485/share/colcon-core/packages/safeway_robot_controll_packet_RS485)
[2.538s] Level 1:colcon.colcon_core.environment:create_environment_scripts_only(my_first_ros_rclcpp_pkg)
[2.557s] Level 1:colcon.colcon_core.environment:checking '/home/robot/robot_ws/install/my_first_ros_rclcpp_pkg' for CMake module files
[2.558s] Level 1:colcon.colcon_core.environment:checking '/home/robot/robot_ws/install/my_first_ros_rclcpp_pkg' for CMake config files
[2.558s] Level 1:colcon.colcon_core.shell:create_environment_hook('my_first_ros_rclcpp_pkg', 'cmake_prefix_path')
[2.577s] INFO:colcon.colcon_core.shell:Creating environment hook '/home/robot/robot_ws/install/my_first_ros_rclcpp_pkg/share/my_first_ros_rclcpp_pkg/hook/cmake_prefix_path.ps1'
[2.578s] INFO:colcon.colcon_core.shell:Creating environment descriptor '/home/robot/robot_ws/install/my_first_ros_rclcpp_pkg/share/my_first_ros_rclcpp_pkg/hook/cmake_prefix_path.dsv'
[2.578s] INFO:colcon.colcon_core.shell:Creating environment hook '/home/robot/robot_ws/install/my_first_ros_rclcpp_pkg/share/my_first_ros_rclcpp_pkg/hook/cmake_prefix_path.sh'
[2.579s] Level 1:colcon.colcon_core.environment:checking '/home/robot/robot_ws/install/my_first_ros_rclcpp_pkg/lib'
[2.579s] Level 1:colcon.colcon_core.environment:checking '/home/robot/robot_ws/install/my_first_ros_rclcpp_pkg/bin'
[2.579s] Level 1:colcon.colcon_core.environment:checking '/home/robot/robot_ws/install/my_first_ros_rclcpp_pkg/lib/pkgconfig/my_first_ros_rclcpp_pkg.pc'
[2.580s] Level 1:colcon.colcon_core.environment:checking '/home/robot/robot_ws/install/my_first_ros_rclcpp_pkg/lib/python3.10/site-packages'
[2.580s] Level 1:colcon.colcon_core.environment:checking '/home/robot/robot_ws/install/my_first_ros_rclcpp_pkg/bin'
[2.598s] INFO:colcon.colcon_core.shell:Creating package script '/home/robot/robot_ws/install/my_first_ros_rclcpp_pkg/share/my_first_ros_rclcpp_pkg/package.ps1'
[2.598s] INFO:colcon.colcon_core.shell:Creating package descriptor '/home/robot/robot_ws/install/my_first_ros_rclcpp_pkg/share/my_first_ros_rclcpp_pkg/package.dsv'
[2.599s] INFO:colcon.colcon_core.shell:Creating package script '/home/robot/robot_ws/install/my_first_ros_rclcpp_pkg/share/my_first_ros_rclcpp_pkg/package.sh'
[2.599s] INFO:colcon.colcon_core.shell:Creating package script '/home/robot/robot_ws/install/my_first_ros_rclcpp_pkg/share/my_first_ros_rclcpp_pkg/package.bash'
[2.600s] INFO:colcon.colcon_core.shell:Creating package script '/home/robot/robot_ws/install/my_first_ros_rclcpp_pkg/share/my_first_ros_rclcpp_pkg/package.zsh'
[2.600s] Level 1:colcon.colcon_core.environment:create_file_with_runtime_dependencies(/home/robot/robot_ws/install/my_first_ros_rclcpp_pkg/share/colcon-core/packages/my_first_ros_rclcpp_pkg)
[2.661s] DEBUG:colcon.colcon_core.event_handler.log_command:Invoking command in '/home/robot/robot_ws/src/urdf_tutorial': PYTHONPATH=/home/robot/robot_ws/build/urdf_tutorial/prefix_override:/home/robot/robot_ws/install/urdf_tutorial/lib/python3.10/site-packages:${PYTHONPATH} /usr/bin/python3 setup.py egg_info --egg-base ../../build/urdf_tutorial build --build-base /home/robot/robot_ws/build/urdf_tutorial/build install --record /home/robot/robot_ws/build/urdf_tutorial/install.log --single-version-externally-managed
[2.982s] DEBUG:colcon.colcon_core.event_handler.log_command:Invoked command in '/home/robot/robot_ws/src/urdf_tutorial' returned '0': PYTHONPATH=/home/robot/robot_ws/build/urdf_tutorial/prefix_override:/home/robot/robot_ws/install/urdf_tutorial/lib/python3.10/site-packages:${PYTHONPATH} /usr/bin/python3 setup.py egg_info --egg-base ../../build/urdf_tutorial build --build-base /home/robot/robot_ws/build/urdf_tutorial/build install --record /home/robot/robot_ws/build/urdf_tutorial/install.log --single-version-externally-managed
[2.998s] Level 1:colcon.colcon_core.environment:checking '/home/robot/robot_ws/install/urdf_tutorial' for CMake module files
[2.998s] Level 1:colcon.colcon_core.environment:checking '/home/robot/robot_ws/install/urdf_tutorial' for CMake config files
[2.999s] Level 1:colcon.colcon_core.environment:checking '/home/robot/robot_ws/install/urdf_tutorial/lib'
[2.999s] Level 1:colcon.colcon_core.environment:checking '/home/robot/robot_ws/install/urdf_tutorial/bin'
[2.999s] Level 1:colcon.colcon_core.environment:checking '/home/robot/robot_ws/install/urdf_tutorial/lib/pkgconfig/urdf_tutorial.pc'
[3.000s] Level 1:colcon.colcon_core.environment:checking '/home/robot/robot_ws/install/urdf_tutorial/lib/python3.10/site-packages'
[3.000s] Level 1:colcon.colcon_core.shell:create_environment_hook('urdf_tutorial', 'pythonpath')
[3.017s] INFO:colcon.colcon_core.shell:Creating environment hook '/home/robot/robot_ws/install/urdf_tutorial/share/urdf_tutorial/hook/pythonpath.ps1'
[3.018s] INFO:colcon.colcon_core.shell:Creating environment descriptor '/home/robot/robot_ws/install/urdf_tutorial/share/urdf_tutorial/hook/pythonpath.dsv'
[3.018s] INFO:colcon.colcon_core.shell:Creating environment hook '/home/robot/robot_ws/install/urdf_tutorial/share/urdf_tutorial/hook/pythonpath.sh'
[3.019s] Level 1:colcon.colcon_core.environment:checking '/home/robot/robot_ws/install/urdf_tutorial/bin'
[3.019s] Level 1:colcon.colcon_core.environment:create_environment_scripts_only(urdf_tutorial)
[3.036s] INFO:colcon.colcon_core.shell:Creating package script '/home/robot/robot_ws/install/urdf_tutorial/share/urdf_tutorial/package.ps1'
[3.036s] INFO:colcon.colcon_core.shell:Creating package descriptor '/home/robot/robot_ws/install/urdf_tutorial/share/urdf_tutorial/package.dsv'
[3.037s] INFO:colcon.colcon_core.shell:Creating package script '/home/robot/robot_ws/install/urdf_tutorial/share/urdf_tutorial/package.sh'
[3.037s] INFO:colcon.colcon_core.shell:Creating package script '/home/robot/robot_ws/install/urdf_tutorial/share/urdf_tutorial/package.bash'
[3.038s] INFO:colcon.colcon_core.shell:Creating package script '/home/robot/robot_ws/install/urdf_tutorial/share/urdf_tutorial/package.zsh'
[3.038s] Level 1:colcon.colcon_core.environment:create_file_with_runtime_dependencies(/home/robot/robot_ws/install/urdf_tutorial/share/colcon-core/packages/urdf_tutorial)
[3.039s] DEBUG:colcon.colcon_parallel_executor.executor.parallel:closing loop
[3.039s] DEBUG:colcon.colcon_parallel_executor.executor.parallel:loop closed
[3.039s] DEBUG:colcon.colcon_parallel_executor.executor.parallel:run_until_complete finished with '0'
[3.040s] DEBUG:colcon.colcon_core.event_reactor:joining thread
[3.070s] INFO:colcon.colcon_core.plugin_system:Skipping extension 'colcon_notification.desktop_notification.terminal_notifier': Not used on non-Darwin systems
[3.070s] INFO:colcon.colcon_core.plugin_system:Skipping extension 'colcon_notification.desktop_notification.win32': Not used on non-Windows systems
[3.070s] INFO:colcon.colcon_notification.desktop_notification:Sending desktop notification using 'notify2'
[3.083s] DEBUG:colcon.colcon_core.event_reactor:joined thread
[3.100s] INFO:colcon.colcon_core.shell:Creating prefix script '/home/robot/robot_ws/install/local_setup.ps1'
[3.101s] INFO:colcon.colcon_core.shell:Creating prefix util module '/home/robot/robot_ws/install/_local_setup_util_ps1.py'
[3.102s] INFO:colcon.colcon_core.shell:Creating prefix chain script '/home/robot/robot_ws/install/setup.ps1'
[3.118s] INFO:colcon.colcon_core.shell:Creating prefix script '/home/robot/robot_ws/install/local_setup.sh'
[3.119s] INFO:colcon.colcon_core.shell:Creating prefix util module '/home/robot/robot_ws/install/_local_setup_util_sh.py'
[3.120s] INFO:colcon.colcon_core.shell:Creating prefix chain script '/home/robot/robot_ws/install/setup.sh'
[3.135s] INFO:colcon.colcon_core.shell:Creating prefix script '/home/robot/robot_ws/install/local_setup.bash'
[3.136s] INFO:colcon.colcon_core.shell:Creating prefix chain script '/home/robot/robot_ws/install/setup.bash'
[3.151s] INFO:colcon.colcon_core.shell:Creating prefix script '/home/robot/robot_ws/install/local_setup.zsh'
[3.152s] INFO:colcon.colcon_core.shell:Creating prefix chain script '/home/robot/robot_ws/install/setup.zsh'
