[0.000000] (-) TimerEvent: {}
[0.000230] (my_first_ros_rclcpp_pkg) JobQueued: {'identifier': 'my_first_ros_rclcpp_pkg', 'dependencies': OrderedDict()}
[0.000694] (my_first_ros_rclcpp_pkg) JobStarted: {'identifier': 'my_first_ros_rclcpp_pkg'}
[0.075355] (my_first_ros_rclcpp_pkg) JobProgress: {'identifier': 'my_first_ros_rclcpp_pkg', 'progress': 'cmake'}
[0.075597] (my_first_ros_rclcpp_pkg) Command: {'cmd': ['/usr/bin/cmake', '/home/robot/robot_ws/src/my_first_ros_rclcpp_pkg', '-DCMAKE_BUILD_TYPE=Debug', '-DCMAKE_INSTALL_PREFIX=/home/robot/robot_ws/install/my_first_ros_rclcpp_pkg'], 'cwd': '/home/robot/robot_ws/build/my_first_ros_rclcpp_pkg', 'env': OrderedDict([('GJS_DEBUG_TOPICS', 'JS ERROR;JS LOG'), ('LESSOPEN', '| /usr/bin/lesspipe %s'), ('USER', 'robot'), ('GIO_MODULE_DIR', '/home/robot/snap/code/common/.cache/gio-modules'), ('XDG_SESSION_TYPE', 'x11'), ('GIT_ASKPASS', '/snap/code/148/usr/share/code/resources/app/extensions/git/dist/askpass.sh'), ('GTK_EXE_PREFIX_VSCODE_SNAP_ORIG', ''), ('GDK_BACKEND_VSCODE_SNAP_ORIG', ''), ('SHLVL', '0'), ('LD_LIBRARY_PATH', '/opt/ros/humble/opt/rviz_ogre_vendor/lib:/opt/ros/humble/lib/x86_64-linux-gnu:/opt/ros/humble/lib'), ('HOME', '/home/robot'), ('CHROME_DESKTOP', 'code-url-handler.desktop'), ('LOCPATH_VSCODE_SNAP_ORIG', ''), ('TERM_PROGRAM_VERSION', '1.85.1'), ('DESKTOP_SESSION', 'ubuntu'), ('GTK_PATH', '/snap/code/148/usr/lib/x86_64-linux-gnu/gtk-3.0'), ('GTK_IM_MODULE_FILE', '/home/robot/snap/code/common/.cache/immodules/immodules.cache'), ('GIO_LAUNCHED_DESKTOP_FILE', '/var/lib/snapd/desktop/applications/code_code.desktop'), ('ROS_PYTHON_VERSION', '3'), ('GNOME_SHELL_SESSION_MODE', 'ubuntu'), ('GTK_MODULES', 'gail:atk-bridge'), ('GSETTINGS_SCHEMA_DIR_VSCODE_SNAP_ORIG', ''), ('VSCODE_GIT_ASKPASS_MAIN', '/snap/code/148/usr/share/code/resources/app/extensions/git/dist/askpass-main.js'), ('VSCODE_GIT_ASKPASS_NODE', '/snap/code/148/usr/share/code/code'), ('MANAGERPID', '1446'), ('SYSTEMD_EXEC_PID', '1790'), ('DBUS_SESSION_BUS_ADDRESS', 'unix:path=/run/user/1000/bus'), ('COLORTERM', 'truecolor'), ('GIO_LAUNCHED_DESKTOP_FILE_PID', '25013'), ('IM_CONFIG_PHASE', '1'), ('COLCON_PREFIX_PATH', '/home/robot/robot_ws/install'), ('ROS_DISTRO', 'humble'), ('GTK_IM_MODULE', 'ibus'), ('LOGNAME', 'robot'), ('_', '/usr/bin/colcon'), ('JOURNAL_STREAM', '8:30565'), ('ROS_VERSION', '2'), ('XDG_CONFIG_DIRS_VSCODE_SNAP_ORIG', '/etc/xdg/xdg-ubuntu:/etc/xdg'), ('XDG_SESSION_CLASS', 'user'), ('XDG_DATA_DIRS_VSCODE_SNAP_ORIG', '/usr/share/ubuntu:/usr/share/gnome:/usr/local/share/:/usr/share/:/var/lib/snapd/desktop'), ('USERNAME', 'robot'), ('TERM', 'xterm-256color'), ('GNOME_DESKTOP_SESSION_ID', 'this-is-deprecated'), ('ROS_LOCALHOST_ONLY', '0'), ('WINDOWPATH', '2'), ('PATH', '/home/robot/.local/bin:/opt/ros/humble/bin:/usr/local/sbin:/usr/local/bin:/usr/sbin:/usr/bin:/sbin:/bin:/usr/games:/usr/local/games:/snap/bin:/snap/bin'), ('SESSION_MANAGER', 'local/robot:@/tmp/.ICE-unix/1767,unix/robot:/tmp/.ICE-unix/1767'), ('GTK_EXE_PREFIX', '/snap/code/148/usr'), ('INVOCATION_ID', '73ec0bf21a6e4da289c7a38ecf5b94b1'), ('XDG_MENU_PREFIX', 'gnome-'), ('BAMF_DESKTOP_FILE_HINT', '/var/lib/snapd/desktop/applications/code_code.desktop'), ('XDG_RUNTIME_DIR', '/run/user/1000'), ('GDK_BACKEND', 'x11'), ('DISPLAY', ':1'), ('LOCPATH', '/snap/code/148/usr/lib/locale'), ('LANG', 'ko_KR.UTF-8'), ('XDG_CURRENT_DESKTOP', 'Unity'), ('GIO_MODULE_DIR_VSCODE_SNAP_ORIG', ''), ('XMODIFIERS', '@im=ibus'), ('XDG_SESSION_DESKTOP', 'ubuntu'), ('XAUTHORITY', '/run/user/1000/gdm/Xauthority'), ('LS_COLORS', ''), ('VSCODE_GIT_IPC_HANDLE', '/run/user/1000/vscode-git-ebe1fd4541.sock'), ('TERM_PROGRAM', 'vscode'), ('SSH_AGENT_LAUNCHER', 'gnome-keyring'), ('SSH_AUTH_SOCK', '/run/user/1000/keyring/ssh'), ('GSETTINGS_SCHEMA_DIR', '/home/robot/snap/code/148/.local/share/glib-2.0/schemas'), ('AMENT_PREFIX_PATH', '/opt/ros/humble'), ('ORIGINAL_XDG_CURRENT_DESKTOP', 'ubuntu:GNOME'), ('SHELL', '/bin/bash'), ('QT_ACCESSIBILITY', '1'), ('GDMSESSION', 'ubuntu'), ('LESSCLOSE', '/usr/bin/lesspipe %s %s'), ('GTK_PATH_VSCODE_SNAP_ORIG', ''), ('GTK_IM_MODULE_FILE_VSCODE_SNAP_ORIG', ''), ('GPG_AGENT_INFO', '/run/user/1000/gnupg/S.gpg-agent:0:1'), ('GJS_DEBUG_OUTPUT', 'stderr'), ('VSCODE_GIT_ASKPASS_EXTRA_ARGS', '--ms-enable-electron-run-as-node'), ('QT_IM_MODULE', 'ibus'), ('PWD', '/home/robot/robot_ws/build/my_first_ros_rclcpp_pkg'), ('XDG_CONFIG_DIRS', '/etc/xdg/xdg-ubuntu:/etc/xdg'), ('XDG_DATA_DIRS', '/home/robot/snap/code/148/.local/share:/home/robot/snap/code/148:/snap/code/148/usr/share:/usr/share/ubuntu:/usr/share/gnome:/usr/local/share/:/usr/share/:/var/lib/snapd/desktop'), ('PYTHONPATH', '/opt/ros/humble/lib/python3.10/site-packages:/opt/ros/humble/local/lib/python3.10/dist-packages'), ('COLCON', '1'), ('CMAKE_PREFIX_PATH', '/opt/ros/humble')]), 'shell': False}
[0.099691] (-) TimerEvent: {}
[0.201053] (-) TimerEvent: {}
[0.203325] (my_first_ros_rclcpp_pkg) StdoutLine: {'line': b'-- The C compiler identification is GNU 11.4.0\n'}
[0.301169] (-) TimerEvent: {}
[0.315900] (my_first_ros_rclcpp_pkg) StdoutLine: {'line': b'-- The CXX compiler identification is GNU 11.4.0\n'}
[0.326932] (my_first_ros_rclcpp_pkg) StdoutLine: {'line': b'-- Detecting C compiler ABI info\n'}
[0.401306] (-) TimerEvent: {}
[0.430098] (my_first_ros_rclcpp_pkg) StdoutLine: {'line': b'-- Detecting C compiler ABI info - done\n'}
[0.439759] (my_first_ros_rclcpp_pkg) StdoutLine: {'line': b'-- Check for working C compiler: /usr/bin/cc - skipped\n'}
[0.440200] (my_first_ros_rclcpp_pkg) StdoutLine: {'line': b'-- Detecting C compile features\n'}
[0.441049] (my_first_ros_rclcpp_pkg) StdoutLine: {'line': b'-- Detecting C compile features - done\n'}
[0.445580] (my_first_ros_rclcpp_pkg) StdoutLine: {'line': b'-- Detecting CXX compiler ABI info\n'}
[0.501396] (-) TimerEvent: {}
[0.530722] (my_first_ros_rclcpp_pkg) StdoutLine: {'line': b'-- Detecting CXX compiler ABI info - done\n'}
[0.540573] (my_first_ros_rclcpp_pkg) StdoutLine: {'line': b'-- Check for working CXX compiler: /usr/bin/c++ - skipped\n'}
[0.540841] (my_first_ros_rclcpp_pkg) StdoutLine: {'line': b'-- Detecting CXX compile features\n'}
[0.541658] (my_first_ros_rclcpp_pkg) StdoutLine: {'line': b'-- Detecting CXX compile features - done\n'}
[0.544412] (my_first_ros_rclcpp_pkg) StdoutLine: {'line': b'-- Found ament_cmake: 1.3.6 (/opt/ros/humble/share/ament_cmake/cmake)\n'}
[0.601519] (-) TimerEvent: {}
[0.702856] (-) TimerEvent: {}
[0.755533] (my_first_ros_rclcpp_pkg) StdoutLine: {'line': b'-- Found Python3: /usr/bin/python3.10 (found version "3.10.12") found components: Interpreter \n'}
[0.802969] (-) TimerEvent: {}
[0.889818] (my_first_ros_rclcpp_pkg) StdoutLine: {'line': b'-- Found rclcpp: 16.0.7 (/opt/ros/humble/share/rclcpp/cmake)\n'}
[0.903115] (-) TimerEvent: {}
[0.952270] (my_first_ros_rclcpp_pkg) StdoutLine: {'line': b'-- Found rosidl_generator_c: 3.1.5 (/opt/ros/humble/share/rosidl_generator_c/cmake)\n'}
[0.957303] (my_first_ros_rclcpp_pkg) StdoutLine: {'line': b'-- Found rosidl_adapter: 3.1.5 (/opt/ros/humble/share/rosidl_adapter/cmake)\n'}
[0.967390] (my_first_ros_rclcpp_pkg) StdoutLine: {'line': b'-- Found rosidl_generator_cpp: 3.1.5 (/opt/ros/humble/share/rosidl_generator_cpp/cmake)\n'}
[0.984721] (my_first_ros_rclcpp_pkg) StdoutLine: {'line': b'-- Using all available rosidl_typesupport_c: rosidl_typesupport_fastrtps_c;rosidl_typesupport_introspection_c\n'}
[1.003222] (-) TimerEvent: {}
[1.010331] (my_first_ros_rclcpp_pkg) StdoutLine: {'line': b'-- Using all available rosidl_typesupport_cpp: rosidl_typesupport_fastrtps_cpp;rosidl_typesupport_introspection_cpp\n'}
[1.103388] (-) TimerEvent: {}
[1.108517] (my_first_ros_rclcpp_pkg) StdoutLine: {'line': b'-- Found rmw_implementation_cmake: 6.1.1 (/opt/ros/humble/share/rmw_implementation_cmake/cmake)\n'}
[1.112345] (my_first_ros_rclcpp_pkg) StdoutLine: {'line': b'-- Found rmw_fastrtps_cpp: 6.2.5 (/opt/ros/humble/share/rmw_fastrtps_cpp/cmake)\n'}
[1.203488] (-) TimerEvent: {}
[1.229634] (my_first_ros_rclcpp_pkg) StdoutLine: {'line': b'-- Found OpenSSL: /usr/lib/x86_64-linux-gnu/libcrypto.so (found version "3.0.2")  \n'}
[1.260544] (my_first_ros_rclcpp_pkg) StdoutLine: {'line': b'-- Found FastRTPS: /opt/ros/humble/include  \n'}
[1.303591] (-) TimerEvent: {}
[1.309548] (my_first_ros_rclcpp_pkg) StdoutLine: {'line': b"-- Using RMW implementation 'rmw_fastrtps_cpp' as default\n"}
[1.323335] (my_first_ros_rclcpp_pkg) StdoutLine: {'line': b'-- Looking for pthread.h\n'}
[1.403709] (-) TimerEvent: {}
[1.436004] (my_first_ros_rclcpp_pkg) StdoutLine: {'line': b'-- Looking for pthread.h - found\n'}
[1.436241] (my_first_ros_rclcpp_pkg) StdoutLine: {'line': b'-- Performing Test CMAKE_HAVE_LIBC_PTHREAD\n'}
[1.503849] (-) TimerEvent: {}
[1.515449] (my_first_ros_rclcpp_pkg) StdoutLine: {'line': b'-- Performing Test CMAKE_HAVE_LIBC_PTHREAD - Success\n'}
[1.517904] (my_first_ros_rclcpp_pkg) StdoutLine: {'line': b'-- Found Threads: TRUE  \n'}
[1.603954] (-) TimerEvent: {}
[1.704266] (-) TimerEvent: {}
[1.712590] (my_first_ros_rclcpp_pkg) StdoutLine: {'line': b'-- Found ament_lint_auto: 0.12.9 (/opt/ros/humble/share/ament_lint_auto/cmake)\n'}
[1.804364] (-) TimerEvent: {}
[1.804575] (my_first_ros_rclcpp_pkg) StdoutLine: {'line': b"-- Added test 'copyright' to check source files copyright and LICENSE\n"}
[1.806040] (my_first_ros_rclcpp_pkg) StdoutLine: {'line': b"-- Added test 'cppcheck' to perform static code analysis on C / C++ code\n"}
[1.806278] (my_first_ros_rclcpp_pkg) StdoutLine: {'line': b'-- Configured cppcheck include dirs: \n'}
[1.806454] (my_first_ros_rclcpp_pkg) StdoutLine: {'line': b'-- Configured cppcheck exclude dirs and/or files: \n'}
[1.807290] (my_first_ros_rclcpp_pkg) StdoutLine: {'line': b"-- Added test 'cpplint' to check C / C++ code against the Google style\n"}
[1.807403] (my_first_ros_rclcpp_pkg) StdoutLine: {'line': b'-- Configured cpplint exclude dirs and/or files: \n'}
[1.808162] (my_first_ros_rclcpp_pkg) StdoutLine: {'line': b"-- Added test 'lint_cmake' to check CMake code style\n"}
[1.809405] (my_first_ros_rclcpp_pkg) StdoutLine: {'line': b"-- Added test 'uncrustify' to check C / C++ code style\n"}
[1.809542] (my_first_ros_rclcpp_pkg) StdoutLine: {'line': b'-- Configured uncrustify additional arguments: \n'}
[1.810054] (my_first_ros_rclcpp_pkg) StdoutLine: {'line': b"-- Added test 'xmllint' to check XML markup files\n"}
[1.812280] (my_first_ros_rclcpp_pkg) StdoutLine: {'line': b'-- Configuring done\n'}
[1.826178] (my_first_ros_rclcpp_pkg) StdoutLine: {'line': b'-- Generating done\n'}
[1.827911] (my_first_ros_rclcpp_pkg) StdoutLine: {'line': b'-- Build files have been written to: /home/robot/robot_ws/build/my_first_ros_rclcpp_pkg\n'}
[1.836672] (my_first_ros_rclcpp_pkg) CommandEnded: {'returncode': 0}
[1.837344] (my_first_ros_rclcpp_pkg) JobProgress: {'identifier': 'my_first_ros_rclcpp_pkg', 'progress': 'build'}
[1.838801] (my_first_ros_rclcpp_pkg) Command: {'cmd': ['/usr/bin/cmake', '--build', '/home/robot/robot_ws/build/my_first_ros_rclcpp_pkg', '--', '-j4', '-l4'], 'cwd': '/home/robot/robot_ws/build/my_first_ros_rclcpp_pkg', 'env': OrderedDict([('GJS_DEBUG_TOPICS', 'JS ERROR;JS LOG'), ('LESSOPEN', '| /usr/bin/lesspipe %s'), ('USER', 'robot'), ('GIO_MODULE_DIR', '/home/robot/snap/code/common/.cache/gio-modules'), ('XDG_SESSION_TYPE', 'x11'), ('GIT_ASKPASS', '/snap/code/148/usr/share/code/resources/app/extensions/git/dist/askpass.sh'), ('GTK_EXE_PREFIX_VSCODE_SNAP_ORIG', ''), ('GDK_BACKEND_VSCODE_SNAP_ORIG', ''), ('SHLVL', '0'), ('LD_LIBRARY_PATH', '/opt/ros/humble/opt/rviz_ogre_vendor/lib:/opt/ros/humble/lib/x86_64-linux-gnu:/opt/ros/humble/lib'), ('HOME', '/home/robot'), ('CHROME_DESKTOP', 'code-url-handler.desktop'), ('LOCPATH_VSCODE_SNAP_ORIG', ''), ('TERM_PROGRAM_VERSION', '1.85.1'), ('DESKTOP_SESSION', 'ubuntu'), ('GTK_PATH', '/snap/code/148/usr/lib/x86_64-linux-gnu/gtk-3.0'), ('GTK_IM_MODULE_FILE', '/home/robot/snap/code/common/.cache/immodules/immodules.cache'), ('GIO_LAUNCHED_DESKTOP_FILE', '/var/lib/snapd/desktop/applications/code_code.desktop'), ('ROS_PYTHON_VERSION', '3'), ('GNOME_SHELL_SESSION_MODE', 'ubuntu'), ('GTK_MODULES', 'gail:atk-bridge'), ('GSETTINGS_SCHEMA_DIR_VSCODE_SNAP_ORIG', ''), ('VSCODE_GIT_ASKPASS_MAIN', '/snap/code/148/usr/share/code/resources/app/extensions/git/dist/askpass-main.js'), ('VSCODE_GIT_ASKPASS_NODE', '/snap/code/148/usr/share/code/code'), ('MANAGERPID', '1446'), ('SYSTEMD_EXEC_PID', '1790'), ('DBUS_SESSION_BUS_ADDRESS', 'unix:path=/run/user/1000/bus'), ('COLORTERM', 'truecolor'), ('GIO_LAUNCHED_DESKTOP_FILE_PID', '25013'), ('IM_CONFIG_PHASE', '1'), ('COLCON_PREFIX_PATH', '/home/robot/robot_ws/install'), ('ROS_DISTRO', 'humble'), ('GTK_IM_MODULE', 'ibus'), ('LOGNAME', 'robot'), ('_', '/usr/bin/colcon'), ('JOURNAL_STREAM', '8:30565'), ('ROS_VERSION', '2'), ('XDG_CONFIG_DIRS_VSCODE_SNAP_ORIG', '/etc/xdg/xdg-ubuntu:/etc/xdg'), ('XDG_SESSION_CLASS', 'user'), ('XDG_DATA_DIRS_VSCODE_SNAP_ORIG', '/usr/share/ubuntu:/usr/share/gnome:/usr/local/share/:/usr/share/:/var/lib/snapd/desktop'), ('USERNAME', 'robot'), ('TERM', 'xterm-256color'), ('GNOME_DESKTOP_SESSION_ID', 'this-is-deprecated'), ('ROS_LOCALHOST_ONLY', '0'), ('WINDOWPATH', '2'), ('PATH', '/home/robot/.local/bin:/opt/ros/humble/bin:/usr/local/sbin:/usr/local/bin:/usr/sbin:/usr/bin:/sbin:/bin:/usr/games:/usr/local/games:/snap/bin:/snap/bin'), ('SESSION_MANAGER', 'local/robot:@/tmp/.ICE-unix/1767,unix/robot:/tmp/.ICE-unix/1767'), ('GTK_EXE_PREFIX', '/snap/code/148/usr'), ('INVOCATION_ID', '73ec0bf21a6e4da289c7a38ecf5b94b1'), ('XDG_MENU_PREFIX', 'gnome-'), ('BAMF_DESKTOP_FILE_HINT', '/var/lib/snapd/desktop/applications/code_code.desktop'), ('XDG_RUNTIME_DIR', '/run/user/1000'), ('GDK_BACKEND', 'x11'), ('DISPLAY', ':1'), ('LOCPATH', '/snap/code/148/usr/lib/locale'), ('LANG', 'ko_KR.UTF-8'), ('XDG_CURRENT_DESKTOP', 'Unity'), ('GIO_MODULE_DIR_VSCODE_SNAP_ORIG', ''), ('XMODIFIERS', '@im=ibus'), ('XDG_SESSION_DESKTOP', 'ubuntu'), ('XAUTHORITY', '/run/user/1000/gdm/Xauthority'), ('LS_COLORS', ''), ('VSCODE_GIT_IPC_HANDLE', '/run/user/1000/vscode-git-ebe1fd4541.sock'), ('TERM_PROGRAM', 'vscode'), ('SSH_AGENT_LAUNCHER', 'gnome-keyring'), ('SSH_AUTH_SOCK', '/run/user/1000/keyring/ssh'), ('GSETTINGS_SCHEMA_DIR', '/home/robot/snap/code/148/.local/share/glib-2.0/schemas'), ('AMENT_PREFIX_PATH', '/opt/ros/humble'), ('ORIGINAL_XDG_CURRENT_DESKTOP', 'ubuntu:GNOME'), ('SHELL', '/bin/bash'), ('QT_ACCESSIBILITY', '1'), ('GDMSESSION', 'ubuntu'), ('LESSCLOSE', '/usr/bin/lesspipe %s %s'), ('GTK_PATH_VSCODE_SNAP_ORIG', ''), ('GTK_IM_MODULE_FILE_VSCODE_SNAP_ORIG', ''), ('GPG_AGENT_INFO', '/run/user/1000/gnupg/S.gpg-agent:0:1'), ('GJS_DEBUG_OUTPUT', 'stderr'), ('VSCODE_GIT_ASKPASS_EXTRA_ARGS', '--ms-enable-electron-run-as-node'), ('QT_IM_MODULE', 'ibus'), ('PWD', '/home/robot/robot_ws/build/my_first_ros_rclcpp_pkg'), ('XDG_CONFIG_DIRS', '/etc/xdg/xdg-ubuntu:/etc/xdg'), ('XDG_DATA_DIRS', '/home/robot/snap/code/148/.local/share:/home/robot/snap/code/148:/snap/code/148/usr/share:/usr/share/ubuntu:/usr/share/gnome:/usr/local/share/:/usr/share/:/var/lib/snapd/desktop'), ('PYTHONPATH', '/opt/ros/humble/lib/python3.10/site-packages:/opt/ros/humble/local/lib/python3.10/dist-packages'), ('COLCON', '1'), ('CMAKE_PREFIX_PATH', '/opt/ros/humble')]), 'shell': False}
[1.890645] (my_first_ros_rclcpp_pkg) StdoutLine: {'line': b'[ 25%] \x1b[32mBuilding CXX object CMakeFiles/helloworld_publisher.dir/src/helloworld_publisher.cpp.o\x1b[0m\n'}
[1.891385] (my_first_ros_rclcpp_pkg) StdoutLine: {'line': b'[ 50%] \x1b[32mBuilding CXX object CMakeFiles/helloworld_subscriber.dir/src/helloworld_subscriber.cpp.o\x1b[0m\n'}
[1.904497] (-) TimerEvent: {}
[2.005285] (-) TimerEvent: {}
[2.105638] (-) TimerEvent: {}
[2.206664] (-) TimerEvent: {}
[2.306984] (-) TimerEvent: {}
[2.407336] (-) TimerEvent: {}
[2.507712] (-) TimerEvent: {}
[2.608077] (-) TimerEvent: {}
[2.708448] (-) TimerEvent: {}
[2.808801] (-) TimerEvent: {}
[2.909167] (-) TimerEvent: {}
[3.009528] (-) TimerEvent: {}
[3.109855] (-) TimerEvent: {}
[3.210173] (-) TimerEvent: {}
[3.310488] (-) TimerEvent: {}
[3.410812] (-) TimerEvent: {}
[3.511210] (-) TimerEvent: {}
[3.611571] (-) TimerEvent: {}
[3.711908] (-) TimerEvent: {}
[3.812243] (-) TimerEvent: {}
[3.912578] (-) TimerEvent: {}
[4.012920] (-) TimerEvent: {}
[4.113335] (-) TimerEvent: {}
[4.213679] (-) TimerEvent: {}
[4.314031] (-) TimerEvent: {}
[4.414368] (-) TimerEvent: {}
[4.514747] (-) TimerEvent: {}
[4.616391] (-) TimerEvent: {}
[4.716850] (-) TimerEvent: {}
[4.817399] (-) TimerEvent: {}
[4.917933] (-) TimerEvent: {}
[5.018265] (-) TimerEvent: {}
[5.118582] (-) TimerEvent: {}
[5.219014] (-) TimerEvent: {}
[5.319896] (-) TimerEvent: {}
[5.420880] (-) TimerEvent: {}
[5.521408] (-) TimerEvent: {}
[5.621745] (-) TimerEvent: {}
[5.722096] (-) TimerEvent: {}
[5.822526] (-) TimerEvent: {}
[5.923027] (-) TimerEvent: {}
[6.023370] (-) TimerEvent: {}
[6.124349] (-) TimerEvent: {}
[6.225407] (-) TimerEvent: {}
[6.328730] (-) TimerEvent: {}
[6.429061] (-) TimerEvent: {}
[6.529534] (-) TimerEvent: {}
[6.631604] (-) TimerEvent: {}
[6.731933] (-) TimerEvent: {}
[6.833420] (-) TimerEvent: {}
[6.933963] (-) TimerEvent: {}
[7.034282] (-) TimerEvent: {}
[7.134613] (-) TimerEvent: {}
[7.234925] (-) TimerEvent: {}
[7.335266] (-) TimerEvent: {}
[7.435581] (-) TimerEvent: {}
[7.535932] (-) TimerEvent: {}
[7.636298] (-) TimerEvent: {}
[7.736656] (-) TimerEvent: {}
[7.837035] (-) TimerEvent: {}
[7.937399] (-) TimerEvent: {}
[8.037714] (-) TimerEvent: {}
[8.138028] (-) TimerEvent: {}
[8.238854] (-) TimerEvent: {}
[8.339747] (-) TimerEvent: {}
[8.440120] (-) TimerEvent: {}
[8.540447] (-) TimerEvent: {}
[8.640785] (-) TimerEvent: {}
[8.654036] (my_first_ros_rclcpp_pkg) StdoutLine: {'line': b'[ 75%] \x1b[32m\x1b[1mLinking CXX executable helloworld_publisher\x1b[0m\n'}
[8.740903] (-) TimerEvent: {}
[8.841786] (-) TimerEvent: {}
[8.942378] (-) TimerEvent: {}
[8.954249] (my_first_ros_rclcpp_pkg) StdoutLine: {'line': b'[ 75%] Built target helloworld_publisher\n'}
[9.042503] (-) TimerEvent: {}
[9.142811] (-) TimerEvent: {}
[9.243113] (-) TimerEvent: {}
[9.343478] (-) TimerEvent: {}
[9.443848] (-) TimerEvent: {}
[9.544201] (-) TimerEvent: {}
[9.644536] (-) TimerEvent: {}
[9.744840] (-) TimerEvent: {}
[9.845155] (-) TimerEvent: {}
[9.945463] (-) TimerEvent: {}
[10.045764] (-) TimerEvent: {}
[10.146051] (-) TimerEvent: {}
[10.246342] (-) TimerEvent: {}
[10.346659] (-) TimerEvent: {}
[10.446963] (-) TimerEvent: {}
[10.547241] (-) TimerEvent: {}
[10.647522] (-) TimerEvent: {}
[10.747811] (-) TimerEvent: {}
[10.848143] (-) TimerEvent: {}
[10.948440] (-) TimerEvent: {}
[11.048764] (-) TimerEvent: {}
[11.149056] (-) TimerEvent: {}
[11.249363] (-) TimerEvent: {}
[11.349657] (-) TimerEvent: {}
[11.449963] (-) TimerEvent: {}
[11.550312] (-) TimerEvent: {}
[11.650647] (-) TimerEvent: {}
[11.751320] (-) TimerEvent: {}
[11.851641] (-) TimerEvent: {}
[11.951927] (-) TimerEvent: {}
[12.052232] (-) TimerEvent: {}
[12.152605] (-) TimerEvent: {}
[12.252915] (-) TimerEvent: {}
[12.353257] (-) TimerEvent: {}
[12.453619] (-) TimerEvent: {}
[12.553945] (-) TimerEvent: {}
[12.654235] (-) TimerEvent: {}
[12.754547] (-) TimerEvent: {}
[12.854828] (-) TimerEvent: {}
[12.955141] (-) TimerEvent: {}
[13.055450] (-) TimerEvent: {}
[13.155759] (-) TimerEvent: {}
[13.256106] (-) TimerEvent: {}
[13.356486] (-) TimerEvent: {}
[13.456824] (-) TimerEvent: {}
[13.508049] (my_first_ros_rclcpp_pkg) StdoutLine: {'line': b'[100%] \x1b[32m\x1b[1mLinking CXX executable helloworld_subscriber\x1b[0m\n'}
[13.556976] (-) TimerEvent: {}
[13.657303] (-) TimerEvent: {}
[13.757636] (-) TimerEvent: {}
[13.857926] (-) TimerEvent: {}
[13.958226] (-) TimerEvent: {}
[14.035182] (my_first_ros_rclcpp_pkg) StdoutLine: {'line': b'[100%] Built target helloworld_subscriber\n'}
[14.044812] (my_first_ros_rclcpp_pkg) CommandEnded: {'returncode': 0}
[14.058303] (-) TimerEvent: {}
[14.079141] (my_first_ros_rclcpp_pkg) JobProgress: {'identifier': 'my_first_ros_rclcpp_pkg', 'progress': 'install'}
[14.089446] (my_first_ros_rclcpp_pkg) Command: {'cmd': ['/usr/bin/cmake', '--install', '/home/robot/robot_ws/build/my_first_ros_rclcpp_pkg'], 'cwd': '/home/robot/robot_ws/build/my_first_ros_rclcpp_pkg', 'env': OrderedDict([('GJS_DEBUG_TOPICS', 'JS ERROR;JS LOG'), ('LESSOPEN', '| /usr/bin/lesspipe %s'), ('USER', 'robot'), ('GIO_MODULE_DIR', '/home/robot/snap/code/common/.cache/gio-modules'), ('XDG_SESSION_TYPE', 'x11'), ('GIT_ASKPASS', '/snap/code/148/usr/share/code/resources/app/extensions/git/dist/askpass.sh'), ('GTK_EXE_PREFIX_VSCODE_SNAP_ORIG', ''), ('GDK_BACKEND_VSCODE_SNAP_ORIG', ''), ('SHLVL', '0'), ('LD_LIBRARY_PATH', '/opt/ros/humble/opt/rviz_ogre_vendor/lib:/opt/ros/humble/lib/x86_64-linux-gnu:/opt/ros/humble/lib'), ('HOME', '/home/robot'), ('CHROME_DESKTOP', 'code-url-handler.desktop'), ('LOCPATH_VSCODE_SNAP_ORIG', ''), ('TERM_PROGRAM_VERSION', '1.85.1'), ('DESKTOP_SESSION', 'ubuntu'), ('GTK_PATH', '/snap/code/148/usr/lib/x86_64-linux-gnu/gtk-3.0'), ('GTK_IM_MODULE_FILE', '/home/robot/snap/code/common/.cache/immodules/immodules.cache'), ('GIO_LAUNCHED_DESKTOP_FILE', '/var/lib/snapd/desktop/applications/code_code.desktop'), ('ROS_PYTHON_VERSION', '3'), ('GNOME_SHELL_SESSION_MODE', 'ubuntu'), ('GTK_MODULES', 'gail:atk-bridge'), ('GSETTINGS_SCHEMA_DIR_VSCODE_SNAP_ORIG', ''), ('VSCODE_GIT_ASKPASS_MAIN', '/snap/code/148/usr/share/code/resources/app/extensions/git/dist/askpass-main.js'), ('VSCODE_GIT_ASKPASS_NODE', '/snap/code/148/usr/share/code/code'), ('MANAGERPID', '1446'), ('SYSTEMD_EXEC_PID', '1790'), ('DBUS_SESSION_BUS_ADDRESS', 'unix:path=/run/user/1000/bus'), ('COLORTERM', 'truecolor'), ('GIO_LAUNCHED_DESKTOP_FILE_PID', '25013'), ('IM_CONFIG_PHASE', '1'), ('COLCON_PREFIX_PATH', '/home/robot/robot_ws/install'), ('ROS_DISTRO', 'humble'), ('GTK_IM_MODULE', 'ibus'), ('LOGNAME', 'robot'), ('_', '/usr/bin/colcon'), ('JOURNAL_STREAM', '8:30565'), ('ROS_VERSION', '2'), ('XDG_CONFIG_DIRS_VSCODE_SNAP_ORIG', '/etc/xdg/xdg-ubuntu:/etc/xdg'), ('XDG_SESSION_CLASS', 'user'), ('XDG_DATA_DIRS_VSCODE_SNAP_ORIG', '/usr/share/ubuntu:/usr/share/gnome:/usr/local/share/:/usr/share/:/var/lib/snapd/desktop'), ('USERNAME', 'robot'), ('TERM', 'xterm-256color'), ('GNOME_DESKTOP_SESSION_ID', 'this-is-deprecated'), ('ROS_LOCALHOST_ONLY', '0'), ('WINDOWPATH', '2'), ('PATH', '/home/robot/.local/bin:/opt/ros/humble/bin:/usr/local/sbin:/usr/local/bin:/usr/sbin:/usr/bin:/sbin:/bin:/usr/games:/usr/local/games:/snap/bin:/snap/bin'), ('SESSION_MANAGER', 'local/robot:@/tmp/.ICE-unix/1767,unix/robot:/tmp/.ICE-unix/1767'), ('GTK_EXE_PREFIX', '/snap/code/148/usr'), ('INVOCATION_ID', '73ec0bf21a6e4da289c7a38ecf5b94b1'), ('XDG_MENU_PREFIX', 'gnome-'), ('BAMF_DESKTOP_FILE_HINT', '/var/lib/snapd/desktop/applications/code_code.desktop'), ('XDG_RUNTIME_DIR', '/run/user/1000'), ('GDK_BACKEND', 'x11'), ('DISPLAY', ':1'), ('LOCPATH', '/snap/code/148/usr/lib/locale'), ('LANG', 'ko_KR.UTF-8'), ('XDG_CURRENT_DESKTOP', 'Unity'), ('GIO_MODULE_DIR_VSCODE_SNAP_ORIG', ''), ('XMODIFIERS', '@im=ibus'), ('XDG_SESSION_DESKTOP', 'ubuntu'), ('XAUTHORITY', '/run/user/1000/gdm/Xauthority'), ('LS_COLORS', ''), ('VSCODE_GIT_IPC_HANDLE', '/run/user/1000/vscode-git-ebe1fd4541.sock'), ('TERM_PROGRAM', 'vscode'), ('SSH_AGENT_LAUNCHER', 'gnome-keyring'), ('SSH_AUTH_SOCK', '/run/user/1000/keyring/ssh'), ('GSETTINGS_SCHEMA_DIR', '/home/robot/snap/code/148/.local/share/glib-2.0/schemas'), ('AMENT_PREFIX_PATH', '/opt/ros/humble'), ('ORIGINAL_XDG_CURRENT_DESKTOP', 'ubuntu:GNOME'), ('SHELL', '/bin/bash'), ('QT_ACCESSIBILITY', '1'), ('GDMSESSION', 'ubuntu'), ('LESSCLOSE', '/usr/bin/lesspipe %s %s'), ('GTK_PATH_VSCODE_SNAP_ORIG', ''), ('GTK_IM_MODULE_FILE_VSCODE_SNAP_ORIG', ''), ('GPG_AGENT_INFO', '/run/user/1000/gnupg/S.gpg-agent:0:1'), ('GJS_DEBUG_OUTPUT', 'stderr'), ('VSCODE_GIT_ASKPASS_EXTRA_ARGS', '--ms-enable-electron-run-as-node'), ('QT_IM_MODULE', 'ibus'), ('PWD', '/home/robot/robot_ws/build/my_first_ros_rclcpp_pkg'), ('XDG_CONFIG_DIRS', '/etc/xdg/xdg-ubuntu:/etc/xdg'), ('XDG_DATA_DIRS', '/home/robot/snap/code/148/.local/share:/home/robot/snap/code/148:/snap/code/148/usr/share:/usr/share/ubuntu:/usr/share/gnome:/usr/local/share/:/usr/share/:/var/lib/snapd/desktop'), ('PYTHONPATH', '/opt/ros/humble/lib/python3.10/site-packages:/opt/ros/humble/local/lib/python3.10/dist-packages'), ('COLCON', '1'), ('CMAKE_PREFIX_PATH', '/opt/ros/humble')]), 'shell': False}
[14.097880] (my_first_ros_rclcpp_pkg) StdoutLine: {'line': b'-- Install configuration: "Debug"\n'}
[14.098150] (my_first_ros_rclcpp_pkg) StdoutLine: {'line': b'-- Installing: /home/robot/robot_ws/install/my_first_ros_rclcpp_pkg/lib/my_first_ros_rclcpp_pkg/helloworld_publisher\n'}
[14.102266] (my_first_ros_rclcpp_pkg) StdoutLine: {'line': b'-- Set runtime path of "/home/robot/robot_ws/install/my_first_ros_rclcpp_pkg/lib/my_first_ros_rclcpp_pkg/helloworld_publisher" to ""\n'}
[14.102500] (my_first_ros_rclcpp_pkg) StdoutLine: {'line': b'-- Installing: /home/robot/robot_ws/install/my_first_ros_rclcpp_pkg/lib/my_first_ros_rclcpp_pkg/helloworld_subscriber\n'}
[14.115264] (my_first_ros_rclcpp_pkg) StdoutLine: {'line': b'-- Set runtime path of "/home/robot/robot_ws/install/my_first_ros_rclcpp_pkg/lib/my_first_ros_rclcpp_pkg/helloworld_subscriber" to ""\n'}
[14.115536] (my_first_ros_rclcpp_pkg) StdoutLine: {'line': b'-- Installing: /home/robot/robot_ws/install/my_first_ros_rclcpp_pkg/share/ament_index/resource_index/package_run_dependencies/my_first_ros_rclcpp_pkg\n'}
[14.115676] (my_first_ros_rclcpp_pkg) StdoutLine: {'line': b'-- Installing: /home/robot/robot_ws/install/my_first_ros_rclcpp_pkg/share/ament_index/resource_index/parent_prefix_path/my_first_ros_rclcpp_pkg\n'}
[14.115907] (my_first_ros_rclcpp_pkg) StdoutLine: {'line': b'-- Installing: /home/robot/robot_ws/install/my_first_ros_rclcpp_pkg/share/my_first_ros_rclcpp_pkg/environment/ament_prefix_path.sh\n'}
[14.116096] (my_first_ros_rclcpp_pkg) StdoutLine: {'line': b'-- Installing: /home/robot/robot_ws/install/my_first_ros_rclcpp_pkg/share/my_first_ros_rclcpp_pkg/environment/ament_prefix_path.dsv\n'}
[14.117006] (my_first_ros_rclcpp_pkg) StdoutLine: {'line': b'-- Installing: /home/robot/robot_ws/install/my_first_ros_rclcpp_pkg/share/my_first_ros_rclcpp_pkg/environment/path.sh\n'}
[14.117285] (my_first_ros_rclcpp_pkg) StdoutLine: {'line': b'-- Installing: /home/robot/robot_ws/install/my_first_ros_rclcpp_pkg/share/my_first_ros_rclcpp_pkg/environment/path.dsv\n'}
[14.117429] (my_first_ros_rclcpp_pkg) StdoutLine: {'line': b'-- Installing: /home/robot/robot_ws/install/my_first_ros_rclcpp_pkg/share/my_first_ros_rclcpp_pkg/local_setup.bash\n'}
[14.117514] (my_first_ros_rclcpp_pkg) StdoutLine: {'line': b'-- Installing: /home/robot/robot_ws/install/my_first_ros_rclcpp_pkg/share/my_first_ros_rclcpp_pkg/local_setup.sh\n'}
[14.117596] (my_first_ros_rclcpp_pkg) StdoutLine: {'line': b'-- Installing: /home/robot/robot_ws/install/my_first_ros_rclcpp_pkg/share/my_first_ros_rclcpp_pkg/local_setup.zsh\n'}
[14.117771] (my_first_ros_rclcpp_pkg) StdoutLine: {'line': b'-- Installing: /home/robot/robot_ws/install/my_first_ros_rclcpp_pkg/share/my_first_ros_rclcpp_pkg/local_setup.dsv\n'}
[14.117920] (my_first_ros_rclcpp_pkg) StdoutLine: {'line': b'-- Installing: /home/robot/robot_ws/install/my_first_ros_rclcpp_pkg/share/my_first_ros_rclcpp_pkg/package.dsv\n'}
[14.118006] (my_first_ros_rclcpp_pkg) StdoutLine: {'line': b'-- Installing: /home/robot/robot_ws/install/my_first_ros_rclcpp_pkg/share/ament_index/resource_index/packages/my_first_ros_rclcpp_pkg\n'}
[14.118107] (my_first_ros_rclcpp_pkg) StdoutLine: {'line': b'-- Installing: /home/robot/robot_ws/install/my_first_ros_rclcpp_pkg/share/my_first_ros_rclcpp_pkg/cmake/my_first_ros_rclcpp_pkgConfig.cmake\n'}
[14.118185] (my_first_ros_rclcpp_pkg) StdoutLine: {'line': b'-- Installing: /home/robot/robot_ws/install/my_first_ros_rclcpp_pkg/share/my_first_ros_rclcpp_pkg/cmake/my_first_ros_rclcpp_pkgConfig-version.cmake\n'}
[14.118263] (my_first_ros_rclcpp_pkg) StdoutLine: {'line': b'-- Installing: /home/robot/robot_ws/install/my_first_ros_rclcpp_pkg/share/my_first_ros_rclcpp_pkg/package.xml\n'}
[14.119778] (my_first_ros_rclcpp_pkg) CommandEnded: {'returncode': 0}
[14.158751] (-) TimerEvent: {}
[14.259247] (-) TimerEvent: {}
[14.296226] (my_first_ros_rclcpp_pkg) JobEnded: {'identifier': 'my_first_ros_rclcpp_pkg', 'rc': 0}
[14.297156] (-) EventReactorShutdown: {}
