[0.325s] Invoking command in '/home/robot/robot_ws/build/clustering_cpp': CMAKE_PREFIX_PATH=${CMAKE_PREFIX_PATH}:/home/robot/robot_ws/install/urdf_tutorial:/home/robot/turtlebot3_ws/install/turtlebot3_teleop:/home/robot/turtlebot3_ws/install/turtlebot3_example:/opt/ros/humble /usr/bin/cmake --build /home/robot/robot_ws/build/clustering_cpp -- -j4 -l4
[0.421s] [35m[1mConsolidate compiler generated dependencies of target clustering[0m
[0.461s] [ 50%] [32mBuilding CXX object CMakeFiles/clustering.dir/src/clustering.cpp.o[0m
[3.049s] In file included from [01m[K/home/robot/robot_ws/src/clustering_cpp/src/clustering.cpp:23[m[K:
[3.050s] [01m[K/opt/ros/humble/include/sensor_msgs/sensor_msgs/point_cloud_conversion.hpp:47:6:[m[K [01;35m[Kwarning: [m[K#warning POINT_CLOUD_DEPRECATION_MESSAGE [[01;35m[K]8;;https://gcc.gnu.org/onlinedocs/gcc/Warning-Options.html#index-Wcpp-Wcpp]8;;[m[K]
[3.050s]    47 | #    [01;35m[Kwarning[m[K POINT_CLOUD_DEPRECATION_MESSAGE
[3.051s]       |      [01;35m[K^~~~~~~[m[K
[18.425s] [100%] [32m[1mLinking CXX executable clustering[0m
[20.273s] [100%] Built target clustering
[20.285s] Invoked command in '/home/robot/robot_ws/build/clustering_cpp' returned '0': CMAKE_PREFIX_PATH=${CMAKE_PREFIX_PATH}:/home/robot/robot_ws/install/urdf_tutorial:/home/robot/turtlebot3_ws/install/turtlebot3_teleop:/home/robot/turtlebot3_ws/install/turtlebot3_example:/opt/ros/humble /usr/bin/cmake --build /home/robot/robot_ws/build/clustering_cpp -- -j4 -l4
[20.316s] Invoking command in '/home/robot/robot_ws/build/clustering_cpp': CMAKE_PREFIX_PATH=${CMAKE_PREFIX_PATH}:/home/robot/robot_ws/install/urdf_tutorial:/home/robot/turtlebot3_ws/install/turtlebot3_teleop:/home/robot/turtlebot3_ws/install/turtlebot3_example:/opt/ros/humble /usr/bin/cmake --install /home/robot/robot_ws/build/clustering_cpp
[20.325s] -- Install configuration: ""
[20.326s] -- Installing: /home/robot/robot_ws/install/clustering_cpp/lib/clustering_cpp/clustering
[20.332s] -- Set runtime path of "/home/robot/robot_ws/install/clustering_cpp/lib/clustering_cpp/clustering" to ""
[20.332s] -- Up-to-date: /home/robot/robot_ws/install/clustering_cpp/share/ament_index/resource_index/package_run_dependencies/clustering_cpp
[20.332s] -- Up-to-date: /home/robot/robot_ws/install/clustering_cpp/share/ament_index/resource_index/parent_prefix_path/clustering_cpp
[20.332s] -- Up-to-date: /home/robot/robot_ws/install/clustering_cpp/share/clustering_cpp/environment/ament_prefix_path.sh
[20.333s] -- Up-to-date: /home/robot/robot_ws/install/clustering_cpp/share/clustering_cpp/environment/ament_prefix_path.dsv
[20.333s] -- Up-to-date: /home/robot/robot_ws/install/clustering_cpp/share/clustering_cpp/environment/path.sh
[20.333s] -- Up-to-date: /home/robot/robot_ws/install/clustering_cpp/share/clustering_cpp/environment/path.dsv
[20.333s] -- Up-to-date: /home/robot/robot_ws/install/clustering_cpp/share/clustering_cpp/local_setup.bash
[20.334s] -- Up-to-date: /home/robot/robot_ws/install/clustering_cpp/share/clustering_cpp/local_setup.sh
[20.334s] -- Up-to-date: /home/robot/robot_ws/install/clustering_cpp/share/clustering_cpp/local_setup.zsh
[20.335s] -- Up-to-date: /home/robot/robot_ws/install/clustering_cpp/share/clustering_cpp/local_setup.dsv
[20.335s] -- Installing: /home/robot/robot_ws/install/clustering_cpp/share/clustering_cpp/package.dsv
[20.335s] -- Up-to-date: /home/robot/robot_ws/install/clustering_cpp/share/ament_index/resource_index/packages/clustering_cpp
[20.335s] -- Up-to-date: /home/robot/robot_ws/install/clustering_cpp/share/clustering_cpp/cmake/clustering_cppConfig.cmake
[20.336s] -- Up-to-date: /home/robot/robot_ws/install/clustering_cpp/share/clustering_cpp/cmake/clustering_cppConfig-version.cmake
[20.336s] -- Up-to-date: /home/robot/robot_ws/install/clustering_cpp/share/clustering_cpp/package.xml
[20.336s] Invoked command in '/home/robot/robot_ws/build/clustering_cpp' returned '0': CMAKE_PREFIX_PATH=${CMAKE_PREFIX_PATH}:/home/robot/robot_ws/install/urdf_tutorial:/home/robot/turtlebot3_ws/install/turtlebot3_teleop:/home/robot/turtlebot3_ws/install/turtlebot3_example:/opt/ros/humble /usr/bin/cmake --install /home/robot/robot_ws/build/clustering_cpp
