[1.277s] DEBUG:colcon:Command line arguments: ['/usr/bin/colcon', 'build']
[1.277s] DEBUG:colcon:Parsed command line arguments: Namespace(log_base=None, log_level=None, verb_name='build', build_base='build', install_base='install', merge_install=False, symlink_install=False, test_result_base=None, continue_on_error=False, executor='parallel', parallel_workers=4, event_handlers=None, ignore_user_meta=False, metas=['./colcon.meta'], base_paths=['.'], packages_ignore=None, packages_ignore_regex=None, paths=None, packages_up_to=None, packages_up_to_regex=None, packages_above=None, packages_above_and_dependencies=None, packages_above_depth=None, packages_select_by_dep=None, packages_skip_by_dep=None, packages_skip_up_to=None, packages_select_build_failed=False, packages_skip_build_finished=False, packages_select_test_failures=False, packages_skip_test_passed=False, packages_select=None, packages_skip=None, packages_select_regex=None, packages_skip_regex=None, packages_start=None, packages_end=None, allow_overriding=[], cmake_args=None, cmake_target=None, cmake_target_skip_unavailable=False, cmake_clean_cache=False, cmake_clean_first=False, cmake_force_configure=False, ament_cmake_args=None, catkin_cmake_args=None, catkin_skip_building_tests=False, verb_parser=<colcon_defaults.argument_parser.defaults.DefaultArgumentsDecorator object at 0x7f17c9ab1ed0>, verb_extension=<colcon_core.verb.build.BuildVerb object at 0x7f17c9ab14e0>, main=<bound method BuildVerb.main of <colcon_core.verb.build.BuildVerb object at 0x7f17c9ab14e0>>)
[1.349s] Level 1:colcon.colcon_core.package_discovery:discover_packages(colcon_meta) check parameters
[1.349s] Level 1:colcon.colcon_core.package_discovery:discover_packages(recursive) check parameters
[1.349s] Level 1:colcon.colcon_core.package_discovery:discover_packages(ignore) check parameters
[1.349s] Level 1:colcon.colcon_core.package_discovery:discover_packages(path) check parameters
[1.349s] Level 1:colcon.colcon_core.package_discovery:discover_packages(colcon_meta) discover
[1.350s] Level 1:colcon.colcon_core.package_discovery:discover_packages(recursive) discover
[1.350s] INFO:colcon.colcon_core.package_discovery:Crawling recursively for packages in '/home/robot/robot_ws'
[1.350s] Level 1:colcon.colcon_core.package_identification:_identify(.) by extensions ['ignore', 'ignore_ament_install']
[1.350s] Level 1:colcon.colcon_core.package_identification:_identify(.) by extension 'ignore'
[1.350s] Level 1:colcon.colcon_core.package_identification:_identify(.) by extension 'ignore_ament_install'
[1.350s] Level 1:colcon.colcon_core.package_identification:_identify(.) by extensions ['colcon_pkg']
[1.350s] Level 1:colcon.colcon_core.package_identification:_identify(.) by extension 'colcon_pkg'
[1.350s] Level 1:colcon.colcon_core.package_identification:_identify(.) by extensions ['colcon_meta']
[1.350s] Level 1:colcon.colcon_core.package_identification:_identify(.) by extension 'colcon_meta'
[1.350s] Level 1:colcon.colcon_core.package_identification:_identify(.) by extensions ['ros']
[1.350s] Level 1:colcon.colcon_core.package_identification:_identify(.) by extension 'ros'
[1.367s] Level 1:colcon.colcon_core.package_identification:_identify(.) by extensions ['cmake', 'python']
[1.367s] Level 1:colcon.colcon_core.package_identification:_identify(.) by extension 'cmake'
[1.367s] Level 1:colcon.colcon_core.package_identification:_identify(.) by extension 'python'
[1.367s] Level 1:colcon.colcon_core.package_identification:_identify(.) by extensions ['python_setup_py']
[1.368s] Level 1:colcon.colcon_core.package_identification:_identify(.) by extension 'python_setup_py'
[1.368s] Level 1:colcon.colcon_core.package_identification:_identify(build) by extensions ['ignore', 'ignore_ament_install']
[1.368s] Level 1:colcon.colcon_core.package_identification:_identify(build) by extension 'ignore'
[1.368s] Level 1:colcon.colcon_core.package_identification:_identify(build) ignored
[1.368s] Level 1:colcon.colcon_core.package_identification:_identify(install) by extensions ['ignore', 'ignore_ament_install']
[1.369s] Level 1:colcon.colcon_core.package_identification:_identify(install) by extension 'ignore'
[1.369s] Level 1:colcon.colcon_core.package_identification:_identify(install) ignored
[1.369s] Level 1:colcon.colcon_core.package_identification:_identify(log) by extensions ['ignore', 'ignore_ament_install']
[1.369s] Level 1:colcon.colcon_core.package_identification:_identify(log) by extension 'ignore'
[1.369s] Level 1:colcon.colcon_core.package_identification:_identify(log) ignored
[1.369s] Level 1:colcon.colcon_core.package_identification:_identify(src) by extensions ['ignore', 'ignore_ament_install']
[1.369s] Level 1:colcon.colcon_core.package_identification:_identify(src) by extension 'ignore'
[1.369s] Level 1:colcon.colcon_core.package_identification:_identify(src) by extension 'ignore_ament_install'
[1.370s] Level 1:colcon.colcon_core.package_identification:_identify(src) by extensions ['colcon_pkg']
[1.370s] Level 1:colcon.colcon_core.package_identification:_identify(src) by extension 'colcon_pkg'
[1.370s] Level 1:colcon.colcon_core.package_identification:_identify(src) by extensions ['colcon_meta']
[1.370s] Level 1:colcon.colcon_core.package_identification:_identify(src) by extension 'colcon_meta'
[1.370s] Level 1:colcon.colcon_core.package_identification:_identify(src) by extensions ['ros']
[1.370s] Level 1:colcon.colcon_core.package_identification:_identify(src) by extension 'ros'
[1.370s] Level 1:colcon.colcon_core.package_identification:_identify(src) by extensions ['cmake', 'python']
[1.370s] Level 1:colcon.colcon_core.package_identification:_identify(src) by extension 'cmake'
[1.370s] Level 1:colcon.colcon_core.package_identification:_identify(src) by extension 'python'
[1.370s] Level 1:colcon.colcon_core.package_identification:_identify(src) by extensions ['python_setup_py']
[1.370s] Level 1:colcon.colcon_core.package_identification:_identify(src) by extension 'python_setup_py'
[1.370s] Level 1:colcon.colcon_core.package_identification:_identify(src/car_odom) by extensions ['ignore', 'ignore_ament_install']
[1.370s] Level 1:colcon.colcon_core.package_identification:_identify(src/car_odom) by extension 'ignore'
[1.370s] Level 1:colcon.colcon_core.package_identification:_identify(src/car_odom) by extension 'ignore_ament_install'
[1.371s] Level 1:colcon.colcon_core.package_identification:_identify(src/car_odom) by extensions ['colcon_pkg']
[1.371s] Level 1:colcon.colcon_core.package_identification:_identify(src/car_odom) by extension 'colcon_pkg'
[1.371s] Level 1:colcon.colcon_core.package_identification:_identify(src/car_odom) by extensions ['colcon_meta']
[1.371s] Level 1:colcon.colcon_core.package_identification:_identify(src/car_odom) by extension 'colcon_meta'
[1.371s] Level 1:colcon.colcon_core.package_identification:_identify(src/car_odom) by extensions ['ros']
[1.371s] Level 1:colcon.colcon_core.package_identification:_identify(src/car_odom) by extension 'ros'
[1.375s] DEBUG:colcon.colcon_core.package_identification:Package 'src/car_odom' with type 'ros.ament_cmake' and name 'car_odom'
[1.376s] Level 1:colcon.colcon_core.package_identification:_identify(src/gl_ros2_driver) by extensions ['ignore', 'ignore_ament_install']
[1.376s] Level 1:colcon.colcon_core.package_identification:_identify(src/gl_ros2_driver) by extension 'ignore'
[1.376s] Level 1:colcon.colcon_core.package_identification:_identify(src/gl_ros2_driver) by extension 'ignore_ament_install'
[1.376s] Level 1:colcon.colcon_core.package_identification:_identify(src/gl_ros2_driver) by extensions ['colcon_pkg']
[1.376s] Level 1:colcon.colcon_core.package_identification:_identify(src/gl_ros2_driver) by extension 'colcon_pkg'
[1.376s] Level 1:colcon.colcon_core.package_identification:_identify(src/gl_ros2_driver) by extensions ['colcon_meta']
[1.376s] Level 1:colcon.colcon_core.package_identification:_identify(src/gl_ros2_driver) by extension 'colcon_meta'
[1.376s] Level 1:colcon.colcon_core.package_identification:_identify(src/gl_ros2_driver) by extensions ['ros']
[1.376s] Level 1:colcon.colcon_core.package_identification:_identify(src/gl_ros2_driver) by extension 'ros'
[1.377s] DEBUG:colcon.colcon_core.package_identification:Package 'src/gl_ros2_driver' with type 'ros.ament_cmake' and name 'gl_ros2_driver'
[1.378s] Level 1:colcon.colcon_core.package_identification:_identify(src/gl_ros2_driver_udp) by extensions ['ignore', 'ignore_ament_install']
[1.378s] Level 1:colcon.colcon_core.package_identification:_identify(src/gl_ros2_driver_udp) by extension 'ignore'
[1.378s] Level 1:colcon.colcon_core.package_identification:_identify(src/gl_ros2_driver_udp) by extension 'ignore_ament_install'
[1.378s] Level 1:colcon.colcon_core.package_identification:_identify(src/gl_ros2_driver_udp) by extensions ['colcon_pkg']
[1.378s] Level 1:colcon.colcon_core.package_identification:_identify(src/gl_ros2_driver_udp) by extension 'colcon_pkg'
[1.378s] Level 1:colcon.colcon_core.package_identification:_identify(src/gl_ros2_driver_udp) by extensions ['colcon_meta']
[1.378s] Level 1:colcon.colcon_core.package_identification:_identify(src/gl_ros2_driver_udp) by extension 'colcon_meta'
[1.378s] Level 1:colcon.colcon_core.package_identification:_identify(src/gl_ros2_driver_udp) by extensions ['ros']
[1.378s] Level 1:colcon.colcon_core.package_identification:_identify(src/gl_ros2_driver_udp) by extension 'ros'
[1.379s] DEBUG:colcon.colcon_core.package_identification:Package 'src/gl_ros2_driver_udp' with type 'ros.ament_cmake' and name 'gl_ros2_driver_udp'
[1.379s] Level 1:colcon.colcon_core.package_identification:_identify(src/ld08_driver) by extensions ['ignore', 'ignore_ament_install']
[1.379s] Level 1:colcon.colcon_core.package_identification:_identify(src/ld08_driver) by extension 'ignore'
[1.379s] Level 1:colcon.colcon_core.package_identification:_identify(src/ld08_driver) by extension 'ignore_ament_install'
[1.379s] Level 1:colcon.colcon_core.package_identification:_identify(src/ld08_driver) by extensions ['colcon_pkg']
[1.379s] Level 1:colcon.colcon_core.package_identification:_identify(src/ld08_driver) by extension 'colcon_pkg'
[1.379s] Level 1:colcon.colcon_core.package_identification:_identify(src/ld08_driver) by extensions ['colcon_meta']
[1.379s] Level 1:colcon.colcon_core.package_identification:_identify(src/ld08_driver) by extension 'colcon_meta'
[1.380s] Level 1:colcon.colcon_core.package_identification:_identify(src/ld08_driver) by extensions ['ros']
[1.380s] Level 1:colcon.colcon_core.package_identification:_identify(src/ld08_driver) by extension 'ros'
[1.380s] DEBUG:colcon.colcon_core.package_identification:Package 'src/ld08_driver' with type 'ros.ament_cmake' and name 'ld08_driver'
[1.381s] Level 1:colcon.colcon_core.package_identification:_identify(src/my_first_ros_rclcpp_pkg) by extensions ['ignore', 'ignore_ament_install']
[1.381s] Level 1:colcon.colcon_core.package_identification:_identify(src/my_first_ros_rclcpp_pkg) by extension 'ignore'
[1.381s] Level 1:colcon.colcon_core.package_identification:_identify(src/my_first_ros_rclcpp_pkg) by extension 'ignore_ament_install'
[1.381s] Level 1:colcon.colcon_core.package_identification:_identify(src/my_first_ros_rclcpp_pkg) by extensions ['colcon_pkg']
[1.381s] Level 1:colcon.colcon_core.package_identification:_identify(src/my_first_ros_rclcpp_pkg) by extension 'colcon_pkg'
[1.381s] Level 1:colcon.colcon_core.package_identification:_identify(src/my_first_ros_rclcpp_pkg) by extensions ['colcon_meta']
[1.381s] Level 1:colcon.colcon_core.package_identification:_identify(src/my_first_ros_rclcpp_pkg) by extension 'colcon_meta'
[1.381s] Level 1:colcon.colcon_core.package_identification:_identify(src/my_first_ros_rclcpp_pkg) by extensions ['ros']
[1.381s] Level 1:colcon.colcon_core.package_identification:_identify(src/my_first_ros_rclcpp_pkg) by extension 'ros'
[1.382s] DEBUG:colcon.colcon_core.package_identification:Package 'src/my_first_ros_rclcpp_pkg' with type 'ros.ament_cmake' and name 'my_first_ros_rclcpp_pkg'
[1.382s] Level 1:colcon.colcon_core.package_identification:_identify(src/nav2_test_utils-master) by extensions ['ignore', 'ignore_ament_install']
[1.382s] Level 1:colcon.colcon_core.package_identification:_identify(src/nav2_test_utils-master) by extension 'ignore'
[1.383s] Level 1:colcon.colcon_core.package_identification:_identify(src/nav2_test_utils-master) by extension 'ignore_ament_install'
[1.383s] Level 1:colcon.colcon_core.package_identification:_identify(src/nav2_test_utils-master) by extensions ['colcon_pkg']
[1.383s] Level 1:colcon.colcon_core.package_identification:_identify(src/nav2_test_utils-master) by extension 'colcon_pkg'
[1.383s] Level 1:colcon.colcon_core.package_identification:_identify(src/nav2_test_utils-master) by extensions ['colcon_meta']
[1.383s] Level 1:colcon.colcon_core.package_identification:_identify(src/nav2_test_utils-master) by extension 'colcon_meta'
[1.383s] Level 1:colcon.colcon_core.package_identification:_identify(src/nav2_test_utils-master) by extensions ['ros']
[1.383s] Level 1:colcon.colcon_core.package_identification:_identify(src/nav2_test_utils-master) by extension 'ros'
[1.384s] DEBUG:colcon.colcon_core.package_identification:Package 'src/nav2_test_utils-master' with type 'ros.ament_cmake' and name 'nav2_test_utils'
[1.384s] Level 1:colcon.colcon_core.package_identification:_identify(src/pointcloud_to_laserscan) by extensions ['ignore', 'ignore_ament_install']
[1.384s] Level 1:colcon.colcon_core.package_identification:_identify(src/pointcloud_to_laserscan) by extension 'ignore'
[1.384s] Level 1:colcon.colcon_core.package_identification:_identify(src/pointcloud_to_laserscan) by extension 'ignore_ament_install'
[1.385s] Level 1:colcon.colcon_core.package_identification:_identify(src/pointcloud_to_laserscan) by extensions ['colcon_pkg']
[1.385s] Level 1:colcon.colcon_core.package_identification:_identify(src/pointcloud_to_laserscan) by extension 'colcon_pkg'
[1.385s] Level 1:colcon.colcon_core.package_identification:_identify(src/pointcloud_to_laserscan) by extensions ['colcon_meta']
[1.385s] Level 1:colcon.colcon_core.package_identification:_identify(src/pointcloud_to_laserscan) by extension 'colcon_meta'
[1.385s] Level 1:colcon.colcon_core.package_identification:_identify(src/pointcloud_to_laserscan) by extensions ['ros']
[1.385s] Level 1:colcon.colcon_core.package_identification:_identify(src/pointcloud_to_laserscan) by extension 'ros'
[1.386s] DEBUG:colcon.colcon_core.package_identification:Package 'src/pointcloud_to_laserscan' with type 'ros.ament_cmake' and name 'pointcloud_to_laserscan'
[1.387s] Level 1:colcon.colcon_core.package_identification:_identify(src/safeway_robot_controll_packet_RS485) by extensions ['ignore', 'ignore_ament_install']
[1.387s] Level 1:colcon.colcon_core.package_identification:_identify(src/safeway_robot_controll_packet_RS485) by extension 'ignore'
[1.387s] Level 1:colcon.colcon_core.package_identification:_identify(src/safeway_robot_controll_packet_RS485) by extension 'ignore_ament_install'
[1.387s] Level 1:colcon.colcon_core.package_identification:_identify(src/safeway_robot_controll_packet_RS485) by extensions ['colcon_pkg']
[1.387s] Level 1:colcon.colcon_core.package_identification:_identify(src/safeway_robot_controll_packet_RS485) by extension 'colcon_pkg'
[1.387s] Level 1:colcon.colcon_core.package_identification:_identify(src/safeway_robot_controll_packet_RS485) by extensions ['colcon_meta']
[1.387s] Level 1:colcon.colcon_core.package_identification:_identify(src/safeway_robot_controll_packet_RS485) by extension 'colcon_meta'
[1.387s] Level 1:colcon.colcon_core.package_identification:_identify(src/safeway_robot_controll_packet_RS485) by extensions ['ros']
[1.387s] Level 1:colcon.colcon_core.package_identification:_identify(src/safeway_robot_controll_packet_RS485) by extension 'ros'
[1.388s] DEBUG:colcon.colcon_core.package_identification:Package 'src/safeway_robot_controll_packet_RS485' with type 'ros.ament_cmake' and name 'safeway_robot_controll_packet_RS485'
[1.388s] Level 1:colcon.colcon_core.package_identification:_identify(src/slam_toolbox) by extensions ['ignore', 'ignore_ament_install']
[1.388s] Level 1:colcon.colcon_core.package_identification:_identify(src/slam_toolbox) by extension 'ignore'
[1.388s] Level 1:colcon.colcon_core.package_identification:_identify(src/slam_toolbox) by extension 'ignore_ament_install'
[1.389s] Level 1:colcon.colcon_core.package_identification:_identify(src/slam_toolbox) by extensions ['colcon_pkg']
[1.389s] Level 1:colcon.colcon_core.package_identification:_identify(src/slam_toolbox) by extension 'colcon_pkg'
[1.389s] Level 1:colcon.colcon_core.package_identification:_identify(src/slam_toolbox) by extensions ['colcon_meta']
[1.389s] Level 1:colcon.colcon_core.package_identification:_identify(src/slam_toolbox) by extension 'colcon_meta'
[1.389s] Level 1:colcon.colcon_core.package_identification:_identify(src/slam_toolbox) by extensions ['ros']
[1.389s] Level 1:colcon.colcon_core.package_identification:_identify(src/slam_toolbox) by extension 'ros'
[1.392s] DEBUG:colcon.colcon_core.package_identification:Package 'src/slam_toolbox' with type 'ros.ament_cmake' and name 'slam_toolbox'
[1.392s] Level 1:colcon.colcon_core.package_identification:_identify(src/urdf_tutorial) by extensions ['ignore', 'ignore_ament_install']
[1.392s] Level 1:colcon.colcon_core.package_identification:_identify(src/urdf_tutorial) by extension 'ignore'
[1.392s] Level 1:colcon.colcon_core.package_identification:_identify(src/urdf_tutorial) by extension 'ignore_ament_install'
[1.392s] Level 1:colcon.colcon_core.package_identification:_identify(src/urdf_tutorial) by extensions ['colcon_pkg']
[1.392s] Level 1:colcon.colcon_core.package_identification:_identify(src/urdf_tutorial) by extension 'colcon_pkg'
[1.392s] Level 1:colcon.colcon_core.package_identification:_identify(src/urdf_tutorial) by extensions ['colcon_meta']
[1.392s] Level 1:colcon.colcon_core.package_identification:_identify(src/urdf_tutorial) by extension 'colcon_meta'
[1.392s] Level 1:colcon.colcon_core.package_identification:_identify(src/urdf_tutorial) by extensions ['ros']
[1.392s] Level 1:colcon.colcon_core.package_identification:_identify(src/urdf_tutorial) by extension 'ros'
[1.393s] DEBUG:colcon.colcon_core.package_identification:Package 'src/urdf_tutorial' with type 'ros.ament_python' and name 'urdf_tutorial'
[1.393s] Level 1:colcon.colcon_core.package_discovery:discover_packages(recursive) using defaults
[1.393s] Level 1:colcon.colcon_core.package_discovery:discover_packages(ignore) discover
[1.393s] Level 1:colcon.colcon_core.package_discovery:discover_packages(ignore) using defaults
[1.393s] Level 1:colcon.colcon_core.package_discovery:discover_packages(path) discover
[1.393s] Level 1:colcon.colcon_core.package_discovery:discover_packages(path) using defaults
[1.505s] Level 1:colcon.colcon_core.package_discovery:discover_packages(prefix_path) check parameters
[1.505s] Level 1:colcon.colcon_core.package_discovery:discover_packages(prefix_path) discover
[1.554s] DEBUG:colcon.colcon_installed_package_information.package_discovery:Found 12 installed packages in /home/robot/robot_ws/install
[1.570s] DEBUG:colcon.colcon_installed_package_information.package_discovery:Found 3 installed packages in /home/robot/ros2_ws/install
[1.586s] DEBUG:colcon.colcon_installed_package_information.package_discovery:Found 13 installed packages in /home/robot/turtlebot3_ws/install
[1.604s] DEBUG:colcon.colcon_installed_package_information.package_discovery:Found 371 installed packages in /opt/ros/humble
[1.606s] Level 1:colcon.colcon_core.package_discovery:discover_packages(prefix_path) using defaults
[1.755s] WARNING:colcon.colcon_core.package_selection:Some selected packages are already built in one or more underlay workspaces:
	'slam_toolbox' is in: /opt/ros/humble
If a package in a merged underlay workspace is overridden and it installs headers, then all packages in the overlay must sort their include directories by workspace order. Failure to do so may result in build failures or undefined behavior at run time.
If the overridden package is used by another package in any underlay, then the overriding package in the overlay must be API and ABI compatible or undefined behavior at run time may occur.

If you understand the risks and want to override a package anyways, add the following to the command line:
	--allow-overriding slam_toolbox

This may be promoted to an error in a future release of colcon-override-check.
[1.771s] Level 5:colcon.colcon_core.verb:set package 'car_odom' build argument 'cmake_args' from command line to 'None'
[1.771s] Level 5:colcon.colcon_core.verb:set package 'car_odom' build argument 'cmake_target' from command line to 'None'
[1.771s] Level 5:colcon.colcon_core.verb:set package 'car_odom' build argument 'cmake_target_skip_unavailable' from command line to 'False'
[1.771s] Level 5:colcon.colcon_core.verb:set package 'car_odom' build argument 'cmake_clean_cache' from command line to 'False'
[1.771s] Level 5:colcon.colcon_core.verb:set package 'car_odom' build argument 'cmake_clean_first' from command line to 'False'
[1.771s] Level 5:colcon.colcon_core.verb:set package 'car_odom' build argument 'cmake_force_configure' from command line to 'False'
[1.771s] Level 5:colcon.colcon_core.verb:set package 'car_odom' build argument 'ament_cmake_args' from command line to 'None'
[1.771s] Level 5:colcon.colcon_core.verb:set package 'car_odom' build argument 'catkin_cmake_args' from command line to 'None'
[1.771s] Level 5:colcon.colcon_core.verb:set package 'car_odom' build argument 'catkin_skip_building_tests' from command line to 'False'
[1.771s] DEBUG:colcon.colcon_core.verb:Building package 'car_odom' with the following arguments: {'ament_cmake_args': None, 'build_base': '/home/robot/robot_ws/build/car_odom', 'catkin_cmake_args': None, 'catkin_skip_building_tests': False, 'cmake_args': None, 'cmake_clean_cache': False, 'cmake_clean_first': False, 'cmake_force_configure': False, 'cmake_target': None, 'cmake_target_skip_unavailable': False, 'install_base': '/home/robot/robot_ws/install/car_odom', 'merge_install': False, 'path': '/home/robot/robot_ws/src/car_odom', 'symlink_install': False, 'test_result_base': None}
[1.787s] Level 5:colcon.colcon_core.verb:set package 'gl_ros2_driver' build argument 'cmake_args' from command line to 'None'
[1.787s] Level 5:colcon.colcon_core.verb:set package 'gl_ros2_driver' build argument 'cmake_target' from command line to 'None'
[1.787s] Level 5:colcon.colcon_core.verb:set package 'gl_ros2_driver' build argument 'cmake_target_skip_unavailable' from command line to 'False'
[1.787s] Level 5:colcon.colcon_core.verb:set package 'gl_ros2_driver' build argument 'cmake_clean_cache' from command line to 'False'
[1.787s] Level 5:colcon.colcon_core.verb:set package 'gl_ros2_driver' build argument 'cmake_clean_first' from command line to 'False'
[1.787s] Level 5:colcon.colcon_core.verb:set package 'gl_ros2_driver' build argument 'cmake_force_configure' from command line to 'False'
[1.787s] Level 5:colcon.colcon_core.verb:set package 'gl_ros2_driver' build argument 'ament_cmake_args' from command line to 'None'
[1.787s] Level 5:colcon.colcon_core.verb:set package 'gl_ros2_driver' build argument 'catkin_cmake_args' from command line to 'None'
[1.787s] Level 5:colcon.colcon_core.verb:set package 'gl_ros2_driver' build argument 'catkin_skip_building_tests' from command line to 'False'
[1.787s] DEBUG:colcon.colcon_core.verb:Building package 'gl_ros2_driver' with the following arguments: {'ament_cmake_args': None, 'build_base': '/home/robot/robot_ws/build/gl_ros2_driver', 'catkin_cmake_args': None, 'catkin_skip_building_tests': False, 'cmake_args': None, 'cmake_clean_cache': False, 'cmake_clean_first': False, 'cmake_force_configure': False, 'cmake_target': None, 'cmake_target_skip_unavailable': False, 'install_base': '/home/robot/robot_ws/install/gl_ros2_driver', 'merge_install': False, 'path': '/home/robot/robot_ws/src/gl_ros2_driver', 'symlink_install': False, 'test_result_base': None}
[1.803s] Level 5:colcon.colcon_core.verb:set package 'gl_ros2_driver_udp' build argument 'cmake_args' from command line to 'None'
[1.803s] Level 5:colcon.colcon_core.verb:set package 'gl_ros2_driver_udp' build argument 'cmake_target' from command line to 'None'
[1.803s] Level 5:colcon.colcon_core.verb:set package 'gl_ros2_driver_udp' build argument 'cmake_target_skip_unavailable' from command line to 'False'
[1.803s] Level 5:colcon.colcon_core.verb:set package 'gl_ros2_driver_udp' build argument 'cmake_clean_cache' from command line to 'False'
[1.803s] Level 5:colcon.colcon_core.verb:set package 'gl_ros2_driver_udp' build argument 'cmake_clean_first' from command line to 'False'
[1.803s] Level 5:colcon.colcon_core.verb:set package 'gl_ros2_driver_udp' build argument 'cmake_force_configure' from command line to 'False'
[1.803s] Level 5:colcon.colcon_core.verb:set package 'gl_ros2_driver_udp' build argument 'ament_cmake_args' from command line to 'None'
[1.803s] Level 5:colcon.colcon_core.verb:set package 'gl_ros2_driver_udp' build argument 'catkin_cmake_args' from command line to 'None'
[1.803s] Level 5:colcon.colcon_core.verb:set package 'gl_ros2_driver_udp' build argument 'catkin_skip_building_tests' from command line to 'False'
[1.803s] DEBUG:colcon.colcon_core.verb:Building package 'gl_ros2_driver_udp' with the following arguments: {'ament_cmake_args': None, 'build_base': '/home/robot/robot_ws/build/gl_ros2_driver_udp', 'catkin_cmake_args': None, 'catkin_skip_building_tests': False, 'cmake_args': None, 'cmake_clean_cache': False, 'cmake_clean_first': False, 'cmake_force_configure': False, 'cmake_target': None, 'cmake_target_skip_unavailable': False, 'install_base': '/home/robot/robot_ws/install/gl_ros2_driver_udp', 'merge_install': False, 'path': '/home/robot/robot_ws/src/gl_ros2_driver_udp', 'symlink_install': False, 'test_result_base': None}
[1.818s] Level 5:colcon.colcon_core.verb:set package 'ld08_driver' build argument 'cmake_args' from command line to 'None'
[1.818s] Level 5:colcon.colcon_core.verb:set package 'ld08_driver' build argument 'cmake_target' from command line to 'None'
[1.818s] Level 5:colcon.colcon_core.verb:set package 'ld08_driver' build argument 'cmake_target_skip_unavailable' from command line to 'False'
[1.818s] Level 5:colcon.colcon_core.verb:set package 'ld08_driver' build argument 'cmake_clean_cache' from command line to 'False'
[1.818s] Level 5:colcon.colcon_core.verb:set package 'ld08_driver' build argument 'cmake_clean_first' from command line to 'False'
[1.818s] Level 5:colcon.colcon_core.verb:set package 'ld08_driver' build argument 'cmake_force_configure' from command line to 'False'
[1.818s] Level 5:colcon.colcon_core.verb:set package 'ld08_driver' build argument 'ament_cmake_args' from command line to 'None'
[1.818s] Level 5:colcon.colcon_core.verb:set package 'ld08_driver' build argument 'catkin_cmake_args' from command line to 'None'
[1.818s] Level 5:colcon.colcon_core.verb:set package 'ld08_driver' build argument 'catkin_skip_building_tests' from command line to 'False'
[1.818s] DEBUG:colcon.colcon_core.verb:Building package 'ld08_driver' with the following arguments: {'ament_cmake_args': None, 'build_base': '/home/robot/robot_ws/build/ld08_driver', 'catkin_cmake_args': None, 'catkin_skip_building_tests': False, 'cmake_args': None, 'cmake_clean_cache': False, 'cmake_clean_first': False, 'cmake_force_configure': False, 'cmake_target': None, 'cmake_target_skip_unavailable': False, 'install_base': '/home/robot/robot_ws/install/ld08_driver', 'merge_install': False, 'path': '/home/robot/robot_ws/src/ld08_driver', 'symlink_install': False, 'test_result_base': None}
[1.833s] Level 5:colcon.colcon_core.verb:set package 'my_first_ros_rclcpp_pkg' build argument 'cmake_args' from command line to 'None'
[1.833s] Level 5:colcon.colcon_core.verb:set package 'my_first_ros_rclcpp_pkg' build argument 'cmake_target' from command line to 'None'
[1.833s] Level 5:colcon.colcon_core.verb:set package 'my_first_ros_rclcpp_pkg' build argument 'cmake_target_skip_unavailable' from command line to 'False'
[1.833s] Level 5:colcon.colcon_core.verb:set package 'my_first_ros_rclcpp_pkg' build argument 'cmake_clean_cache' from command line to 'False'
[1.833s] Level 5:colcon.colcon_core.verb:set package 'my_first_ros_rclcpp_pkg' build argument 'cmake_clean_first' from command line to 'False'
[1.833s] Level 5:colcon.colcon_core.verb:set package 'my_first_ros_rclcpp_pkg' build argument 'cmake_force_configure' from command line to 'False'
[1.833s] Level 5:colcon.colcon_core.verb:set package 'my_first_ros_rclcpp_pkg' build argument 'ament_cmake_args' from command line to 'None'
[1.833s] Level 5:colcon.colcon_core.verb:set package 'my_first_ros_rclcpp_pkg' build argument 'catkin_cmake_args' from command line to 'None'
[1.833s] Level 5:colcon.colcon_core.verb:set package 'my_first_ros_rclcpp_pkg' build argument 'catkin_skip_building_tests' from command line to 'False'
[1.833s] DEBUG:colcon.colcon_core.verb:Building package 'my_first_ros_rclcpp_pkg' with the following arguments: {'ament_cmake_args': None, 'build_base': '/home/robot/robot_ws/build/my_first_ros_rclcpp_pkg', 'catkin_cmake_args': None, 'catkin_skip_building_tests': False, 'cmake_args': None, 'cmake_clean_cache': False, 'cmake_clean_first': False, 'cmake_force_configure': False, 'cmake_target': None, 'cmake_target_skip_unavailable': False, 'install_base': '/home/robot/robot_ws/install/my_first_ros_rclcpp_pkg', 'merge_install': False, 'path': '/home/robot/robot_ws/src/my_first_ros_rclcpp_pkg', 'symlink_install': False, 'test_result_base': None}
[1.848s] Level 5:colcon.colcon_core.verb:set package 'nav2_test_utils' build argument 'cmake_args' from command line to 'None'
[1.848s] Level 5:colcon.colcon_core.verb:set package 'nav2_test_utils' build argument 'cmake_target' from command line to 'None'
[1.848s] Level 5:colcon.colcon_core.verb:set package 'nav2_test_utils' build argument 'cmake_target_skip_unavailable' from command line to 'False'
[1.848s] Level 5:colcon.colcon_core.verb:set package 'nav2_test_utils' build argument 'cmake_clean_cache' from command line to 'False'
[1.848s] Level 5:colcon.colcon_core.verb:set package 'nav2_test_utils' build argument 'cmake_clean_first' from command line to 'False'
[1.848s] Level 5:colcon.colcon_core.verb:set package 'nav2_test_utils' build argument 'cmake_force_configure' from command line to 'False'
[1.848s] Level 5:colcon.colcon_core.verb:set package 'nav2_test_utils' build argument 'ament_cmake_args' from command line to 'None'
[1.848s] Level 5:colcon.colcon_core.verb:set package 'nav2_test_utils' build argument 'catkin_cmake_args' from command line to 'None'
[1.848s] Level 5:colcon.colcon_core.verb:set package 'nav2_test_utils' build argument 'catkin_skip_building_tests' from command line to 'False'
[1.848s] DEBUG:colcon.colcon_core.verb:Building package 'nav2_test_utils' with the following arguments: {'ament_cmake_args': None, 'build_base': '/home/robot/robot_ws/build/nav2_test_utils', 'catkin_cmake_args': None, 'catkin_skip_building_tests': False, 'cmake_args': None, 'cmake_clean_cache': False, 'cmake_clean_first': False, 'cmake_force_configure': False, 'cmake_target': None, 'cmake_target_skip_unavailable': False, 'install_base': '/home/robot/robot_ws/install/nav2_test_utils', 'merge_install': False, 'path': '/home/robot/robot_ws/src/nav2_test_utils-master', 'symlink_install': False, 'test_result_base': None}
[1.863s] Level 5:colcon.colcon_core.verb:set package 'pointcloud_to_laserscan' build argument 'cmake_args' from command line to 'None'
[1.863s] Level 5:colcon.colcon_core.verb:set package 'pointcloud_to_laserscan' build argument 'cmake_target' from command line to 'None'
[1.863s] Level 5:colcon.colcon_core.verb:set package 'pointcloud_to_laserscan' build argument 'cmake_target_skip_unavailable' from command line to 'False'
[1.864s] Level 5:colcon.colcon_core.verb:set package 'pointcloud_to_laserscan' build argument 'cmake_clean_cache' from command line to 'False'
[1.864s] Level 5:colcon.colcon_core.verb:set package 'pointcloud_to_laserscan' build argument 'cmake_clean_first' from command line to 'False'
[1.864s] Level 5:colcon.colcon_core.verb:set package 'pointcloud_to_laserscan' build argument 'cmake_force_configure' from command line to 'False'
[1.864s] Level 5:colcon.colcon_core.verb:set package 'pointcloud_to_laserscan' build argument 'ament_cmake_args' from command line to 'None'
[1.864s] Level 5:colcon.colcon_core.verb:set package 'pointcloud_to_laserscan' build argument 'catkin_cmake_args' from command line to 'None'
[1.864s] Level 5:colcon.colcon_core.verb:set package 'pointcloud_to_laserscan' build argument 'catkin_skip_building_tests' from command line to 'False'
[1.864s] DEBUG:colcon.colcon_core.verb:Building package 'pointcloud_to_laserscan' with the following arguments: {'ament_cmake_args': None, 'build_base': '/home/robot/robot_ws/build/pointcloud_to_laserscan', 'catkin_cmake_args': None, 'catkin_skip_building_tests': False, 'cmake_args': None, 'cmake_clean_cache': False, 'cmake_clean_first': False, 'cmake_force_configure': False, 'cmake_target': None, 'cmake_target_skip_unavailable': False, 'install_base': '/home/robot/robot_ws/install/pointcloud_to_laserscan', 'merge_install': False, 'path': '/home/robot/robot_ws/src/pointcloud_to_laserscan', 'symlink_install': False, 'test_result_base': None}
[1.880s] Level 5:colcon.colcon_core.verb:set package 'safeway_robot_controll_packet_RS485' build argument 'cmake_args' from command line to 'None'
[1.880s] Level 5:colcon.colcon_core.verb:set package 'safeway_robot_controll_packet_RS485' build argument 'cmake_target' from command line to 'None'
[1.880s] Level 5:colcon.colcon_core.verb:set package 'safeway_robot_controll_packet_RS485' build argument 'cmake_target_skip_unavailable' from command line to 'False'
[1.880s] Level 5:colcon.colcon_core.verb:set package 'safeway_robot_controll_packet_RS485' build argument 'cmake_clean_cache' from command line to 'False'
[1.880s] Level 5:colcon.colcon_core.verb:set package 'safeway_robot_controll_packet_RS485' build argument 'cmake_clean_first' from command line to 'False'
[1.880s] Level 5:colcon.colcon_core.verb:set package 'safeway_robot_controll_packet_RS485' build argument 'cmake_force_configure' from command line to 'False'
[1.880s] Level 5:colcon.colcon_core.verb:set package 'safeway_robot_controll_packet_RS485' build argument 'ament_cmake_args' from command line to 'None'
[1.880s] Level 5:colcon.colcon_core.verb:set package 'safeway_robot_controll_packet_RS485' build argument 'catkin_cmake_args' from command line to 'None'
[1.880s] Level 5:colcon.colcon_core.verb:set package 'safeway_robot_controll_packet_RS485' build argument 'catkin_skip_building_tests' from command line to 'False'
[1.880s] DEBUG:colcon.colcon_core.verb:Building package 'safeway_robot_controll_packet_RS485' with the following arguments: {'ament_cmake_args': None, 'build_base': '/home/robot/robot_ws/build/safeway_robot_controll_packet_RS485', 'catkin_cmake_args': None, 'catkin_skip_building_tests': False, 'cmake_args': None, 'cmake_clean_cache': False, 'cmake_clean_first': False, 'cmake_force_configure': False, 'cmake_target': None, 'cmake_target_skip_unavailable': False, 'install_base': '/home/robot/robot_ws/install/safeway_robot_controll_packet_RS485', 'merge_install': False, 'path': '/home/robot/robot_ws/src/safeway_robot_controll_packet_RS485', 'symlink_install': False, 'test_result_base': None}
[1.901s] Level 5:colcon.colcon_core.verb:set package 'slam_toolbox' build argument 'cmake_args' from command line to 'None'
[1.901s] Level 5:colcon.colcon_core.verb:set package 'slam_toolbox' build argument 'cmake_target' from command line to 'None'
[1.901s] Level 5:colcon.colcon_core.verb:set package 'slam_toolbox' build argument 'cmake_target_skip_unavailable' from command line to 'False'
[1.901s] Level 5:colcon.colcon_core.verb:set package 'slam_toolbox' build argument 'cmake_clean_cache' from command line to 'False'
[1.901s] Level 5:colcon.colcon_core.verb:set package 'slam_toolbox' build argument 'cmake_clean_first' from command line to 'False'
[1.901s] Level 5:colcon.colcon_core.verb:set package 'slam_toolbox' build argument 'cmake_force_configure' from command line to 'False'
[1.901s] Level 5:colcon.colcon_core.verb:set package 'slam_toolbox' build argument 'ament_cmake_args' from command line to 'None'
[1.901s] Level 5:colcon.colcon_core.verb:set package 'slam_toolbox' build argument 'catkin_cmake_args' from command line to 'None'
[1.901s] Level 5:colcon.colcon_core.verb:set package 'slam_toolbox' build argument 'catkin_skip_building_tests' from command line to 'False'
[1.901s] DEBUG:colcon.colcon_core.verb:Building package 'slam_toolbox' with the following arguments: {'ament_cmake_args': None, 'build_base': '/home/robot/robot_ws/build/slam_toolbox', 'catkin_cmake_args': None, 'catkin_skip_building_tests': False, 'cmake_args': None, 'cmake_clean_cache': False, 'cmake_clean_first': False, 'cmake_force_configure': False, 'cmake_target': None, 'cmake_target_skip_unavailable': False, 'install_base': '/home/robot/robot_ws/install/slam_toolbox', 'merge_install': False, 'path': '/home/robot/robot_ws/src/slam_toolbox', 'symlink_install': False, 'test_result_base': None}
[1.920s] Level 5:colcon.colcon_core.verb:set package 'urdf_tutorial' build argument 'cmake_args' from command line to 'None'
[1.920s] Level 5:colcon.colcon_core.verb:set package 'urdf_tutorial' build argument 'cmake_target' from command line to 'None'
[1.920s] Level 5:colcon.colcon_core.verb:set package 'urdf_tutorial' build argument 'cmake_target_skip_unavailable' from command line to 'False'
[1.920s] Level 5:colcon.colcon_core.verb:set package 'urdf_tutorial' build argument 'cmake_clean_cache' from command line to 'False'
[1.920s] Level 5:colcon.colcon_core.verb:set package 'urdf_tutorial' build argument 'cmake_clean_first' from command line to 'False'
[1.920s] Level 5:colcon.colcon_core.verb:set package 'urdf_tutorial' build argument 'cmake_force_configure' from command line to 'False'
[1.920s] Level 5:colcon.colcon_core.verb:set package 'urdf_tutorial' build argument 'ament_cmake_args' from command line to 'None'
[1.920s] Level 5:colcon.colcon_core.verb:set package 'urdf_tutorial' build argument 'catkin_cmake_args' from command line to 'None'
[1.920s] Level 5:colcon.colcon_core.verb:set package 'urdf_tutorial' build argument 'catkin_skip_building_tests' from command line to 'False'
[1.920s] DEBUG:colcon.colcon_core.verb:Building package 'urdf_tutorial' with the following arguments: {'ament_cmake_args': None, 'build_base': '/home/robot/robot_ws/build/urdf_tutorial', 'catkin_cmake_args': None, 'catkin_skip_building_tests': False, 'cmake_args': None, 'cmake_clean_cache': False, 'cmake_clean_first': False, 'cmake_force_configure': False, 'cmake_target': None, 'cmake_target_skip_unavailable': False, 'install_base': '/home/robot/robot_ws/install/urdf_tutorial', 'merge_install': False, 'path': '/home/robot/robot_ws/src/urdf_tutorial', 'symlink_install': False, 'test_result_base': None}
[1.937s] INFO:colcon.colcon_core.executor:Executing jobs using 'parallel' executor
[1.954s] DEBUG:colcon.colcon_parallel_executor.executor.parallel:run_until_complete
[1.955s] INFO:colcon.colcon_ros.task.ament_cmake.build:Building ROS package in '/home/robot/robot_ws/src/car_odom' with build type 'ament_cmake'
[1.955s] INFO:colcon.colcon_cmake.task.cmake.build:Building CMake package in '/home/robot/robot_ws/src/car_odom'
[1.980s] INFO:colcon.colcon_core.plugin_system:Skipping extension 'colcon_core.shell.bat': Not used on non-Windows systems
[1.981s] INFO:colcon.colcon_core.shell:Skip shell extension 'powershell' for command environment: Not usable outside of PowerShell
[1.981s] DEBUG:colcon.colcon_core.shell:Skip shell extension 'dsv' for command environment
[2.077s] INFO:colcon.colcon_ros.task.ament_cmake.build:Building ROS package in '/home/robot/robot_ws/src/gl_ros2_driver' with build type 'ament_cmake'
[2.077s] INFO:colcon.colcon_cmake.task.cmake.build:Building CMake package in '/home/robot/robot_ws/src/gl_ros2_driver'
[2.096s] INFO:colcon.colcon_core.shell:Skip shell extension 'powershell' for command environment: Not usable outside of PowerShell
[2.096s] DEBUG:colcon.colcon_core.shell:Skip shell extension 'dsv' for command environment
[2.188s] INFO:colcon.colcon_ros.task.ament_cmake.build:Building ROS package in '/home/robot/robot_ws/src/gl_ros2_driver_udp' with build type 'ament_cmake'
[2.188s] INFO:colcon.colcon_cmake.task.cmake.build:Building CMake package in '/home/robot/robot_ws/src/gl_ros2_driver_udp'
[2.214s] INFO:colcon.colcon_core.shell:Skip shell extension 'powershell' for command environment: Not usable outside of PowerShell
[2.214s] DEBUG:colcon.colcon_core.shell:Skip shell extension 'dsv' for command environment
[2.311s] INFO:colcon.colcon_ros.task.ament_cmake.build:Building ROS package in '/home/robot/robot_ws/src/ld08_driver' with build type 'ament_cmake'
[2.311s] INFO:colcon.colcon_cmake.task.cmake.build:Building CMake package in '/home/robot/robot_ws/src/ld08_driver'
[2.328s] INFO:colcon.colcon_core.shell:Skip shell extension 'powershell' for command environment: Not usable outside of PowerShell
[2.329s] DEBUG:colcon.colcon_core.shell:Skip shell extension 'dsv' for command environment
[2.424s] DEBUG:colcon.colcon_core.event_handler.log_command:Invoking command in '/home/robot/robot_ws/build/car_odom': CMAKE_PREFIX_PATH=${CMAKE_PREFIX_PATH}:/home/robot/robot_ws/install/urdf_tutorial:/home/robot/turtlebot3_ws/install/turtlebot3_teleop:/home/robot/turtlebot3_ws/install/turtlebot3_example:/opt/ros/humble /usr/bin/cmake --build /home/robot/robot_ws/build/car_odom -- -j4 -l4
[2.430s] DEBUG:colcon.colcon_core.event_handler.log_command:Invoking command in '/home/robot/robot_ws/build/gl_ros2_driver': CMAKE_PREFIX_PATH=${CMAKE_PREFIX_PATH}:/home/robot/robot_ws/install/urdf_tutorial:/home/robot/turtlebot3_ws/install/turtlebot3_teleop:/home/robot/turtlebot3_ws/install/turtlebot3_example:/opt/ros/humble /usr/bin/cmake --build /home/robot/robot_ws/build/gl_ros2_driver -- -j4 -l4
[2.435s] DEBUG:colcon.colcon_core.event_handler.log_command:Invoking command in '/home/robot/robot_ws/build/gl_ros2_driver_udp': CMAKE_PREFIX_PATH=${CMAKE_PREFIX_PATH}:/home/robot/robot_ws/install/urdf_tutorial:/home/robot/turtlebot3_ws/install/turtlebot3_teleop:/home/robot/turtlebot3_ws/install/turtlebot3_example:/opt/ros/humble /usr/bin/cmake --build /home/robot/robot_ws/build/gl_ros2_driver_udp -- -j4 -l4
[2.444s] DEBUG:colcon.colcon_core.event_handler.log_command:Invoking command in '/home/robot/robot_ws/build/ld08_driver': CMAKE_PREFIX_PATH=${CMAKE_PREFIX_PATH}:/home/robot/robot_ws/install/urdf_tutorial:/home/robot/turtlebot3_ws/install/turtlebot3_teleop:/home/robot/turtlebot3_ws/install/turtlebot3_example:/opt/ros/humble /usr/bin/cmake --build /home/robot/robot_ws/build/ld08_driver -- -j4 -l4
[2.557s] DEBUG:colcon.colcon_core.event_handler.log_command:Invoked command in '/home/robot/robot_ws/build/car_odom' returned '0': CMAKE_PREFIX_PATH=${CMAKE_PREFIX_PATH}:/home/robot/robot_ws/install/urdf_tutorial:/home/robot/turtlebot3_ws/install/turtlebot3_teleop:/home/robot/turtlebot3_ws/install/turtlebot3_example:/opt/ros/humble /usr/bin/cmake --build /home/robot/robot_ws/build/car_odom -- -j4 -l4
[2.565s] DEBUG:colcon.colcon_core.event_handler.log_command:Invoked command in '/home/robot/robot_ws/build/ld08_driver' returned '0': CMAKE_PREFIX_PATH=${CMAKE_PREFIX_PATH}:/home/robot/robot_ws/install/urdf_tutorial:/home/robot/turtlebot3_ws/install/turtlebot3_teleop:/home/robot/turtlebot3_ws/install/turtlebot3_example:/opt/ros/humble /usr/bin/cmake --build /home/robot/robot_ws/build/ld08_driver -- -j4 -l4
[2.587s] DEBUG:colcon.colcon_core.event_handler.log_command:Invoked command in '/home/robot/robot_ws/build/gl_ros2_driver_udp' returned '0': CMAKE_PREFIX_PATH=${CMAKE_PREFIX_PATH}:/home/robot/robot_ws/install/urdf_tutorial:/home/robot/turtlebot3_ws/install/turtlebot3_teleop:/home/robot/turtlebot3_ws/install/turtlebot3_example:/opt/ros/humble /usr/bin/cmake --build /home/robot/robot_ws/build/gl_ros2_driver_udp -- -j4 -l4
[2.591s] DEBUG:colcon.colcon_core.event_handler.log_command:Invoked command in '/home/robot/robot_ws/build/gl_ros2_driver' returned '0': CMAKE_PREFIX_PATH=${CMAKE_PREFIX_PATH}:/home/robot/robot_ws/install/urdf_tutorial:/home/robot/turtlebot3_ws/install/turtlebot3_teleop:/home/robot/turtlebot3_ws/install/turtlebot3_example:/opt/ros/humble /usr/bin/cmake --build /home/robot/robot_ws/build/gl_ros2_driver -- -j4 -l4
[2.605s] DEBUG:colcon.colcon_core.event_handler.log_command:Invoking command in '/home/robot/robot_ws/build/car_odom': CMAKE_PREFIX_PATH=${CMAKE_PREFIX_PATH}:/home/robot/robot_ws/install/urdf_tutorial:/home/robot/turtlebot3_ws/install/turtlebot3_teleop:/home/robot/turtlebot3_ws/install/turtlebot3_example:/opt/ros/humble /usr/bin/cmake --install /home/robot/robot_ws/build/car_odom
[2.610s] DEBUG:colcon.colcon_core.event_handler.log_command:Invoking command in '/home/robot/robot_ws/build/ld08_driver': CMAKE_PREFIX_PATH=${CMAKE_PREFIX_PATH}:/home/robot/robot_ws/install/urdf_tutorial:/home/robot/turtlebot3_ws/install/turtlebot3_teleop:/home/robot/turtlebot3_ws/install/turtlebot3_example:/opt/ros/humble /usr/bin/cmake --install /home/robot/robot_ws/build/ld08_driver
[2.623s] Level 1:colcon.colcon_core.environment:create_environment_scripts_only(car_odom)
[2.632s] DEBUG:colcon.colcon_core.event_handler.log_command:Invoked command in '/home/robot/robot_ws/build/car_odom' returned '0': CMAKE_PREFIX_PATH=${CMAKE_PREFIX_PATH}:/home/robot/robot_ws/install/urdf_tutorial:/home/robot/turtlebot3_ws/install/turtlebot3_teleop:/home/robot/turtlebot3_ws/install/turtlebot3_example:/opt/ros/humble /usr/bin/cmake --install /home/robot/robot_ws/build/car_odom
[2.653s] Level 1:colcon.colcon_core.environment:checking '/home/robot/robot_ws/install/car_odom' for CMake module files
[2.653s] Level 1:colcon.colcon_core.environment:checking '/home/robot/robot_ws/install/car_odom' for CMake config files
[2.654s] Level 1:colcon.colcon_core.shell:create_environment_hook('car_odom', 'cmake_prefix_path')
[2.670s] INFO:colcon.colcon_core.shell:Creating environment hook '/home/robot/robot_ws/install/car_odom/share/car_odom/hook/cmake_prefix_path.ps1'
[2.671s] INFO:colcon.colcon_core.shell:Creating environment descriptor '/home/robot/robot_ws/install/car_odom/share/car_odom/hook/cmake_prefix_path.dsv'
[2.671s] INFO:colcon.colcon_core.shell:Creating environment hook '/home/robot/robot_ws/install/car_odom/share/car_odom/hook/cmake_prefix_path.sh'
[2.672s] Level 1:colcon.colcon_core.environment:checking '/home/robot/robot_ws/install/car_odom/lib'
[2.672s] Level 1:colcon.colcon_core.environment:checking '/home/robot/robot_ws/install/car_odom/bin'
[2.672s] Level 1:colcon.colcon_core.environment:checking '/home/robot/robot_ws/install/car_odom/lib/pkgconfig/car_odom.pc'
[2.673s] Level 1:colcon.colcon_core.environment:checking '/home/robot/robot_ws/install/car_odom/lib/python3.10/site-packages'
[2.673s] Level 1:colcon.colcon_core.environment:checking '/home/robot/robot_ws/install/car_odom/bin'
[2.688s] INFO:colcon.colcon_core.shell:Creating package script '/home/robot/robot_ws/install/car_odom/share/car_odom/package.ps1'
[2.689s] INFO:colcon.colcon_core.shell:Creating package descriptor '/home/robot/robot_ws/install/car_odom/share/car_odom/package.dsv'
[2.689s] INFO:colcon.colcon_core.shell:Creating package script '/home/robot/robot_ws/install/car_odom/share/car_odom/package.sh'
[2.690s] INFO:colcon.colcon_core.shell:Creating package script '/home/robot/robot_ws/install/car_odom/share/car_odom/package.bash'
[2.691s] INFO:colcon.colcon_core.shell:Creating package script '/home/robot/robot_ws/install/car_odom/share/car_odom/package.zsh'
[2.692s] Level 1:colcon.colcon_core.environment:create_file_with_runtime_dependencies(/home/robot/robot_ws/install/car_odom/share/colcon-core/packages/car_odom)
[2.695s] DEBUG:colcon.colcon_core.event_handler.log_command:Invoking command in '/home/robot/robot_ws/build/gl_ros2_driver_udp': CMAKE_PREFIX_PATH=${CMAKE_PREFIX_PATH}:/home/robot/robot_ws/install/urdf_tutorial:/home/robot/turtlebot3_ws/install/turtlebot3_teleop:/home/robot/turtlebot3_ws/install/turtlebot3_example:/opt/ros/humble /usr/bin/cmake --install /home/robot/robot_ws/build/gl_ros2_driver_udp
[2.697s] DEBUG:colcon.colcon_core.event_handler.log_command:Invoking command in '/home/robot/robot_ws/build/gl_ros2_driver': CMAKE_PREFIX_PATH=${CMAKE_PREFIX_PATH}:/home/robot/robot_ws/install/urdf_tutorial:/home/robot/turtlebot3_ws/install/turtlebot3_teleop:/home/robot/turtlebot3_ws/install/turtlebot3_example:/opt/ros/humble /usr/bin/cmake --install /home/robot/robot_ws/build/gl_ros2_driver
[2.698s] Level 1:colcon.colcon_core.environment:create_environment_scripts_only(ld08_driver)
[2.701s] DEBUG:colcon.colcon_core.event_handler.log_command:Invoked command in '/home/robot/robot_ws/build/ld08_driver' returned '0': CMAKE_PREFIX_PATH=${CMAKE_PREFIX_PATH}:/home/robot/robot_ws/install/urdf_tutorial:/home/robot/turtlebot3_ws/install/turtlebot3_teleop:/home/robot/turtlebot3_ws/install/turtlebot3_example:/opt/ros/humble /usr/bin/cmake --install /home/robot/robot_ws/build/ld08_driver
[2.725s] Level 1:colcon.colcon_core.environment:checking '/home/robot/robot_ws/install/ld08_driver' for CMake module files
[2.726s] Level 1:colcon.colcon_core.environment:checking '/home/robot/robot_ws/install/ld08_driver' for CMake config files
[2.727s] Level 1:colcon.colcon_core.shell:create_environment_hook('ld08_driver', 'cmake_prefix_path')
[2.743s] INFO:colcon.colcon_core.shell:Creating environment hook '/home/robot/robot_ws/install/ld08_driver/share/ld08_driver/hook/cmake_prefix_path.ps1'
[2.743s] INFO:colcon.colcon_core.shell:Creating environment descriptor '/home/robot/robot_ws/install/ld08_driver/share/ld08_driver/hook/cmake_prefix_path.dsv'
[2.744s] INFO:colcon.colcon_core.shell:Creating environment hook '/home/robot/robot_ws/install/ld08_driver/share/ld08_driver/hook/cmake_prefix_path.sh'
[2.744s] Level 1:colcon.colcon_core.environment:checking '/home/robot/robot_ws/install/ld08_driver/lib'
[2.744s] Level 1:colcon.colcon_core.environment:checking '/home/robot/robot_ws/install/ld08_driver/bin'
[2.744s] Level 1:colcon.colcon_core.environment:checking '/home/robot/robot_ws/install/ld08_driver/lib/pkgconfig/ld08_driver.pc'
[2.745s] Level 1:colcon.colcon_core.environment:checking '/home/robot/robot_ws/install/ld08_driver/lib/python3.10/site-packages'
[2.745s] Level 1:colcon.colcon_core.environment:checking '/home/robot/robot_ws/install/ld08_driver/bin'
[2.760s] INFO:colcon.colcon_core.shell:Creating package script '/home/robot/robot_ws/install/ld08_driver/share/ld08_driver/package.ps1'
[2.760s] INFO:colcon.colcon_core.shell:Creating package descriptor '/home/robot/robot_ws/install/ld08_driver/share/ld08_driver/package.dsv'
[2.761s] INFO:colcon.colcon_core.shell:Creating package script '/home/robot/robot_ws/install/ld08_driver/share/ld08_driver/package.sh'
[2.761s] INFO:colcon.colcon_core.shell:Creating package script '/home/robot/robot_ws/install/ld08_driver/share/ld08_driver/package.bash'
[2.761s] INFO:colcon.colcon_core.shell:Creating package script '/home/robot/robot_ws/install/ld08_driver/share/ld08_driver/package.zsh'
[2.762s] Level 1:colcon.colcon_core.environment:create_file_with_runtime_dependencies(/home/robot/robot_ws/install/ld08_driver/share/colcon-core/packages/ld08_driver)
[2.764s] Level 1:colcon.colcon_core.environment:create_environment_scripts_only(gl_ros2_driver)
[2.764s] DEBUG:colcon.colcon_core.event_handler.log_command:Invoked command in '/home/robot/robot_ws/build/gl_ros2_driver' returned '0': CMAKE_PREFIX_PATH=${CMAKE_PREFIX_PATH}:/home/robot/robot_ws/install/urdf_tutorial:/home/robot/turtlebot3_ws/install/turtlebot3_teleop:/home/robot/turtlebot3_ws/install/turtlebot3_example:/opt/ros/humble /usr/bin/cmake --install /home/robot/robot_ws/build/gl_ros2_driver
[2.784s] Level 1:colcon.colcon_core.environment:checking '/home/robot/robot_ws/install/gl_ros2_driver' for CMake module files
[2.785s] Level 1:colcon.colcon_core.environment:checking '/home/robot/robot_ws/install/gl_ros2_driver' for CMake config files
[2.786s] Level 1:colcon.colcon_core.shell:create_environment_hook('gl_ros2_driver', 'cmake_prefix_path')
[2.805s] INFO:colcon.colcon_core.shell:Creating environment hook '/home/robot/robot_ws/install/gl_ros2_driver/share/gl_ros2_driver/hook/cmake_prefix_path.ps1'
[2.805s] INFO:colcon.colcon_core.shell:Creating environment descriptor '/home/robot/robot_ws/install/gl_ros2_driver/share/gl_ros2_driver/hook/cmake_prefix_path.dsv'
[2.806s] INFO:colcon.colcon_core.shell:Creating environment hook '/home/robot/robot_ws/install/gl_ros2_driver/share/gl_ros2_driver/hook/cmake_prefix_path.sh'
[2.806s] Level 1:colcon.colcon_core.environment:checking '/home/robot/robot_ws/install/gl_ros2_driver/lib'
[2.806s] Level 1:colcon.colcon_core.environment:checking '/home/robot/robot_ws/install/gl_ros2_driver/bin'
[2.806s] Level 1:colcon.colcon_core.environment:checking '/home/robot/robot_ws/install/gl_ros2_driver/lib/pkgconfig/gl_ros2_driver.pc'
[2.807s] Level 1:colcon.colcon_core.environment:checking '/home/robot/robot_ws/install/gl_ros2_driver/lib/python3.10/site-packages'
[2.807s] Level 1:colcon.colcon_core.environment:checking '/home/robot/robot_ws/install/gl_ros2_driver/bin'
[2.834s] INFO:colcon.colcon_core.shell:Creating package script '/home/robot/robot_ws/install/gl_ros2_driver/share/gl_ros2_driver/package.ps1'
[2.834s] INFO:colcon.colcon_core.shell:Creating package descriptor '/home/robot/robot_ws/install/gl_ros2_driver/share/gl_ros2_driver/package.dsv'
[2.835s] INFO:colcon.colcon_core.shell:Creating package script '/home/robot/robot_ws/install/gl_ros2_driver/share/gl_ros2_driver/package.sh'
[2.835s] INFO:colcon.colcon_core.shell:Creating package script '/home/robot/robot_ws/install/gl_ros2_driver/share/gl_ros2_driver/package.bash'
[2.836s] INFO:colcon.colcon_core.shell:Creating package script '/home/robot/robot_ws/install/gl_ros2_driver/share/gl_ros2_driver/package.zsh'
[2.836s] Level 1:colcon.colcon_core.environment:create_file_with_runtime_dependencies(/home/robot/robot_ws/install/gl_ros2_driver/share/colcon-core/packages/gl_ros2_driver)
[2.854s] Level 1:colcon.colcon_core.environment:create_environment_scripts_only(car_odom)
[2.874s] Level 1:colcon.colcon_core.environment:checking '/home/robot/robot_ws/install/car_odom' for CMake module files
[2.874s] Level 1:colcon.colcon_core.environment:checking '/home/robot/robot_ws/install/car_odom' for CMake config files
[2.875s] Level 1:colcon.colcon_core.shell:create_environment_hook('car_odom', 'cmake_prefix_path')
[2.890s] INFO:colcon.colcon_core.shell:Creating environment hook '/home/robot/robot_ws/install/car_odom/share/car_odom/hook/cmake_prefix_path.ps1'
[2.891s] INFO:colcon.colcon_core.shell:Creating environment descriptor '/home/robot/robot_ws/install/car_odom/share/car_odom/hook/cmake_prefix_path.dsv'
[2.891s] INFO:colcon.colcon_core.shell:Creating environment hook '/home/robot/robot_ws/install/car_odom/share/car_odom/hook/cmake_prefix_path.sh'
[2.892s] Level 1:colcon.colcon_core.environment:checking '/home/robot/robot_ws/install/car_odom/lib'
[2.892s] Level 1:colcon.colcon_core.environment:checking '/home/robot/robot_ws/install/car_odom/bin'
[2.892s] Level 1:colcon.colcon_core.environment:checking '/home/robot/robot_ws/install/car_odom/lib/pkgconfig/car_odom.pc'
[2.892s] Level 1:colcon.colcon_core.environment:checking '/home/robot/robot_ws/install/car_odom/lib/python3.10/site-packages'
[2.892s] Level 1:colcon.colcon_core.environment:checking '/home/robot/robot_ws/install/car_odom/bin'
[2.908s] INFO:colcon.colcon_core.shell:Creating package script '/home/robot/robot_ws/install/car_odom/share/car_odom/package.ps1'
[2.909s] INFO:colcon.colcon_core.shell:Creating package descriptor '/home/robot/robot_ws/install/car_odom/share/car_odom/package.dsv'
[2.909s] INFO:colcon.colcon_core.shell:Creating package script '/home/robot/robot_ws/install/car_odom/share/car_odom/package.sh'
[2.910s] INFO:colcon.colcon_core.shell:Creating package script '/home/robot/robot_ws/install/car_odom/share/car_odom/package.bash'
[2.910s] INFO:colcon.colcon_core.shell:Creating package script '/home/robot/robot_ws/install/car_odom/share/car_odom/package.zsh'
[2.911s] Level 1:colcon.colcon_core.environment:create_file_with_runtime_dependencies(/home/robot/robot_ws/install/car_odom/share/colcon-core/packages/car_odom)
[2.912s] Level 1:colcon.colcon_core.environment:create_environment_scripts_only(gl_ros2_driver_udp)
[2.912s] DEBUG:colcon.colcon_core.event_handler.log_command:Invoked command in '/home/robot/robot_ws/build/gl_ros2_driver_udp' returned '0': CMAKE_PREFIX_PATH=${CMAKE_PREFIX_PATH}:/home/robot/robot_ws/install/urdf_tutorial:/home/robot/turtlebot3_ws/install/turtlebot3_teleop:/home/robot/turtlebot3_ws/install/turtlebot3_example:/opt/ros/humble /usr/bin/cmake --install /home/robot/robot_ws/build/gl_ros2_driver_udp
[2.929s] Level 1:colcon.colcon_core.environment:checking '/home/robot/robot_ws/install/gl_ros2_driver_udp' for CMake module files
[2.930s] Level 1:colcon.colcon_core.environment:checking '/home/robot/robot_ws/install/gl_ros2_driver_udp' for CMake config files
[2.930s] Level 1:colcon.colcon_core.shell:create_environment_hook('gl_ros2_driver_udp', 'cmake_prefix_path')
[2.946s] INFO:colcon.colcon_core.shell:Creating environment hook '/home/robot/robot_ws/install/gl_ros2_driver_udp/share/gl_ros2_driver_udp/hook/cmake_prefix_path.ps1'
[2.946s] INFO:colcon.colcon_core.shell:Creating environment descriptor '/home/robot/robot_ws/install/gl_ros2_driver_udp/share/gl_ros2_driver_udp/hook/cmake_prefix_path.dsv'
[2.946s] INFO:colcon.colcon_core.shell:Creating environment hook '/home/robot/robot_ws/install/gl_ros2_driver_udp/share/gl_ros2_driver_udp/hook/cmake_prefix_path.sh'
[2.947s] Level 1:colcon.colcon_core.environment:checking '/home/robot/robot_ws/install/gl_ros2_driver_udp/lib'
[2.947s] Level 1:colcon.colcon_core.environment:checking '/home/robot/robot_ws/install/gl_ros2_driver_udp/bin'
[2.947s] Level 1:colcon.colcon_core.environment:checking '/home/robot/robot_ws/install/gl_ros2_driver_udp/lib/pkgconfig/gl_ros2_driver_udp.pc'
[2.947s] Level 1:colcon.colcon_core.environment:checking '/home/robot/robot_ws/install/gl_ros2_driver_udp/lib/python3.10/site-packages'
[2.948s] Level 1:colcon.colcon_core.environment:checking '/home/robot/robot_ws/install/gl_ros2_driver_udp/bin'
[2.964s] INFO:colcon.colcon_core.shell:Creating package script '/home/robot/robot_ws/install/gl_ros2_driver_udp/share/gl_ros2_driver_udp/package.ps1'
[2.964s] INFO:colcon.colcon_core.shell:Creating package descriptor '/home/robot/robot_ws/install/gl_ros2_driver_udp/share/gl_ros2_driver_udp/package.dsv'
[2.965s] INFO:colcon.colcon_core.shell:Creating package script '/home/robot/robot_ws/install/gl_ros2_driver_udp/share/gl_ros2_driver_udp/package.sh'
[2.965s] INFO:colcon.colcon_core.shell:Creating package script '/home/robot/robot_ws/install/gl_ros2_driver_udp/share/gl_ros2_driver_udp/package.bash'
[2.966s] INFO:colcon.colcon_core.shell:Creating package script '/home/robot/robot_ws/install/gl_ros2_driver_udp/share/gl_ros2_driver_udp/package.zsh'
[2.966s] Level 1:colcon.colcon_core.environment:create_file_with_runtime_dependencies(/home/robot/robot_ws/install/gl_ros2_driver_udp/share/colcon-core/packages/gl_ros2_driver_udp)
[2.967s] INFO:colcon.colcon_ros.task.ament_cmake.build:Building ROS package in '/home/robot/robot_ws/src/my_first_ros_rclcpp_pkg' with build type 'ament_cmake'
[2.967s] INFO:colcon.colcon_cmake.task.cmake.build:Building CMake package in '/home/robot/robot_ws/src/my_first_ros_rclcpp_pkg'
[2.986s] INFO:colcon.colcon_core.shell:Skip shell extension 'powershell' for command environment: Not usable outside of PowerShell
[2.986s] DEBUG:colcon.colcon_core.shell:Skip shell extension 'dsv' for command environment
[3.096s] Level 1:colcon.colcon_core.environment:create_environment_scripts_only(ld08_driver)
[3.111s] Level 1:colcon.colcon_core.environment:checking '/home/robot/robot_ws/install/ld08_driver' for CMake module files
[3.112s] Level 1:colcon.colcon_core.environment:checking '/home/robot/robot_ws/install/ld08_driver' for CMake config files
[3.112s] Level 1:colcon.colcon_core.shell:create_environment_hook('ld08_driver', 'cmake_prefix_path')
[3.127s] INFO:colcon.colcon_core.shell:Creating environment hook '/home/robot/robot_ws/install/ld08_driver/share/ld08_driver/hook/cmake_prefix_path.ps1'
[3.128s] INFO:colcon.colcon_core.shell:Creating environment descriptor '/home/robot/robot_ws/install/ld08_driver/share/ld08_driver/hook/cmake_prefix_path.dsv'
[3.128s] INFO:colcon.colcon_core.shell:Creating environment hook '/home/robot/robot_ws/install/ld08_driver/share/ld08_driver/hook/cmake_prefix_path.sh'
[3.128s] Level 1:colcon.colcon_core.environment:checking '/home/robot/robot_ws/install/ld08_driver/lib'
[3.129s] Level 1:colcon.colcon_core.environment:checking '/home/robot/robot_ws/install/ld08_driver/bin'
[3.129s] Level 1:colcon.colcon_core.environment:checking '/home/robot/robot_ws/install/ld08_driver/lib/pkgconfig/ld08_driver.pc'
[3.129s] Level 1:colcon.colcon_core.environment:checking '/home/robot/robot_ws/install/ld08_driver/lib/python3.10/site-packages'
[3.129s] Level 1:colcon.colcon_core.environment:checking '/home/robot/robot_ws/install/ld08_driver/bin'
[3.144s] INFO:colcon.colcon_core.shell:Creating package script '/home/robot/robot_ws/install/ld08_driver/share/ld08_driver/package.ps1'
[3.145s] INFO:colcon.colcon_core.shell:Creating package descriptor '/home/robot/robot_ws/install/ld08_driver/share/ld08_driver/package.dsv'
[3.145s] INFO:colcon.colcon_core.shell:Creating package script '/home/robot/robot_ws/install/ld08_driver/share/ld08_driver/package.sh'
[3.146s] INFO:colcon.colcon_core.shell:Creating package script '/home/robot/robot_ws/install/ld08_driver/share/ld08_driver/package.bash'
[3.146s] INFO:colcon.colcon_core.shell:Creating package script '/home/robot/robot_ws/install/ld08_driver/share/ld08_driver/package.zsh'
[3.147s] Level 1:colcon.colcon_core.environment:create_file_with_runtime_dependencies(/home/robot/robot_ws/install/ld08_driver/share/colcon-core/packages/ld08_driver)
[3.165s] Level 1:colcon.colcon_core.environment:create_environment_scripts_only(gl_ros2_driver)
[3.180s] Level 1:colcon.colcon_core.environment:checking '/home/robot/robot_ws/install/gl_ros2_driver' for CMake module files
[3.180s] Level 1:colcon.colcon_core.environment:checking '/home/robot/robot_ws/install/gl_ros2_driver' for CMake config files
[3.181s] Level 1:colcon.colcon_core.shell:create_environment_hook('gl_ros2_driver', 'cmake_prefix_path')
[3.195s] INFO:colcon.colcon_core.shell:Creating environment hook '/home/robot/robot_ws/install/gl_ros2_driver/share/gl_ros2_driver/hook/cmake_prefix_path.ps1'
[3.196s] INFO:colcon.colcon_core.shell:Creating environment descriptor '/home/robot/robot_ws/install/gl_ros2_driver/share/gl_ros2_driver/hook/cmake_prefix_path.dsv'
[3.196s] INFO:colcon.colcon_core.shell:Creating environment hook '/home/robot/robot_ws/install/gl_ros2_driver/share/gl_ros2_driver/hook/cmake_prefix_path.sh'
[3.197s] Level 1:colcon.colcon_core.environment:checking '/home/robot/robot_ws/install/gl_ros2_driver/lib'
[3.197s] Level 1:colcon.colcon_core.environment:checking '/home/robot/robot_ws/install/gl_ros2_driver/bin'
[3.197s] Level 1:colcon.colcon_core.environment:checking '/home/robot/robot_ws/install/gl_ros2_driver/lib/pkgconfig/gl_ros2_driver.pc'
[3.197s] Level 1:colcon.colcon_core.environment:checking '/home/robot/robot_ws/install/gl_ros2_driver/lib/python3.10/site-packages'
[3.198s] Level 1:colcon.colcon_core.environment:checking '/home/robot/robot_ws/install/gl_ros2_driver/bin'
[3.213s] INFO:colcon.colcon_core.shell:Creating package script '/home/robot/robot_ws/install/gl_ros2_driver/share/gl_ros2_driver/package.ps1'
[3.213s] INFO:colcon.colcon_core.shell:Creating package descriptor '/home/robot/robot_ws/install/gl_ros2_driver/share/gl_ros2_driver/package.dsv'
[3.214s] INFO:colcon.colcon_core.shell:Creating package script '/home/robot/robot_ws/install/gl_ros2_driver/share/gl_ros2_driver/package.sh'
[3.214s] INFO:colcon.colcon_core.shell:Creating package script '/home/robot/robot_ws/install/gl_ros2_driver/share/gl_ros2_driver/package.bash'
[3.214s] INFO:colcon.colcon_core.shell:Creating package script '/home/robot/robot_ws/install/gl_ros2_driver/share/gl_ros2_driver/package.zsh'
[3.215s] Level 1:colcon.colcon_core.environment:create_file_with_runtime_dependencies(/home/robot/robot_ws/install/gl_ros2_driver/share/colcon-core/packages/gl_ros2_driver)
[3.215s] INFO:colcon.colcon_ros.task.ament_cmake.build:Building ROS package in '/home/robot/robot_ws/src/nav2_test_utils-master' with build type 'ament_cmake'
[3.215s] INFO:colcon.colcon_cmake.task.cmake.build:Building CMake package in '/home/robot/robot_ws/src/nav2_test_utils-master'
[3.232s] INFO:colcon.colcon_core.shell:Skip shell extension 'powershell' for command environment: Not usable outside of PowerShell
[3.232s] DEBUG:colcon.colcon_core.shell:Skip shell extension 'dsv' for command environment
[3.314s] INFO:colcon.colcon_ros.task.ament_cmake.build:Building ROS package in '/home/robot/robot_ws/src/pointcloud_to_laserscan' with build type 'ament_cmake'
[3.314s] INFO:colcon.colcon_cmake.task.cmake.build:Building CMake package in '/home/robot/robot_ws/src/pointcloud_to_laserscan'
[3.329s] INFO:colcon.colcon_core.shell:Skip shell extension 'powershell' for command environment: Not usable outside of PowerShell
[3.329s] DEBUG:colcon.colcon_core.shell:Skip shell extension 'dsv' for command environment
[3.429s] Level 1:colcon.colcon_core.environment:create_environment_scripts_only(gl_ros2_driver_udp)
[3.445s] Level 1:colcon.colcon_core.environment:checking '/home/robot/robot_ws/install/gl_ros2_driver_udp' for CMake module files
[3.445s] Level 1:colcon.colcon_core.environment:checking '/home/robot/robot_ws/install/gl_ros2_driver_udp' for CMake config files
[3.446s] Level 1:colcon.colcon_core.shell:create_environment_hook('gl_ros2_driver_udp', 'cmake_prefix_path')
[3.465s] INFO:colcon.colcon_core.shell:Creating environment hook '/home/robot/robot_ws/install/gl_ros2_driver_udp/share/gl_ros2_driver_udp/hook/cmake_prefix_path.ps1'
[3.466s] INFO:colcon.colcon_core.shell:Creating environment descriptor '/home/robot/robot_ws/install/gl_ros2_driver_udp/share/gl_ros2_driver_udp/hook/cmake_prefix_path.dsv'
[3.466s] INFO:colcon.colcon_core.shell:Creating environment hook '/home/robot/robot_ws/install/gl_ros2_driver_udp/share/gl_ros2_driver_udp/hook/cmake_prefix_path.sh'
[3.467s] Level 1:colcon.colcon_core.environment:checking '/home/robot/robot_ws/install/gl_ros2_driver_udp/lib'
[3.467s] Level 1:colcon.colcon_core.environment:checking '/home/robot/robot_ws/install/gl_ros2_driver_udp/bin'
[3.467s] Level 1:colcon.colcon_core.environment:checking '/home/robot/robot_ws/install/gl_ros2_driver_udp/lib/pkgconfig/gl_ros2_driver_udp.pc'
[3.467s] Level 1:colcon.colcon_core.environment:checking '/home/robot/robot_ws/install/gl_ros2_driver_udp/lib/python3.10/site-packages'
[3.468s] Level 1:colcon.colcon_core.environment:checking '/home/robot/robot_ws/install/gl_ros2_driver_udp/bin'
[3.485s] INFO:colcon.colcon_core.shell:Creating package script '/home/robot/robot_ws/install/gl_ros2_driver_udp/share/gl_ros2_driver_udp/package.ps1'
[3.486s] INFO:colcon.colcon_core.shell:Creating package descriptor '/home/robot/robot_ws/install/gl_ros2_driver_udp/share/gl_ros2_driver_udp/package.dsv'
[3.487s] INFO:colcon.colcon_core.shell:Creating package script '/home/robot/robot_ws/install/gl_ros2_driver_udp/share/gl_ros2_driver_udp/package.sh'
[3.487s] INFO:colcon.colcon_core.shell:Creating package script '/home/robot/robot_ws/install/gl_ros2_driver_udp/share/gl_ros2_driver_udp/package.bash'
[3.488s] INFO:colcon.colcon_core.shell:Creating package script '/home/robot/robot_ws/install/gl_ros2_driver_udp/share/gl_ros2_driver_udp/package.zsh'
[3.488s] Level 1:colcon.colcon_core.environment:create_file_with_runtime_dependencies(/home/robot/robot_ws/install/gl_ros2_driver_udp/share/colcon-core/packages/gl_ros2_driver_udp)
[3.494s] DEBUG:colcon.colcon_core.event_handler.log_command:Invoking command in '/home/robot/robot_ws/build/my_first_ros_rclcpp_pkg': CMAKE_PREFIX_PATH=${CMAKE_PREFIX_PATH}:/home/robot/robot_ws/install/urdf_tutorial:/home/robot/turtlebot3_ws/install/turtlebot3_teleop:/home/robot/turtlebot3_ws/install/turtlebot3_example:/opt/ros/humble /usr/bin/cmake --build /home/robot/robot_ws/build/my_first_ros_rclcpp_pkg -- -j4 -l4
[3.495s] INFO:colcon.colcon_ros.task.ament_cmake.build:Building ROS package in '/home/robot/robot_ws/src/safeway_robot_controll_packet_RS485' with build type 'ament_cmake'
[3.495s] INFO:colcon.colcon_cmake.task.cmake.build:Building CMake package in '/home/robot/robot_ws/src/safeway_robot_controll_packet_RS485'
[3.518s] INFO:colcon.colcon_core.shell:Skip shell extension 'powershell' for command environment: Not usable outside of PowerShell
[3.518s] DEBUG:colcon.colcon_core.shell:Skip shell extension 'dsv' for command environment
[3.627s] DEBUG:colcon.colcon_core.event_handler.log_command:Invoking command in '/home/robot/robot_ws/build/nav2_test_utils': CMAKE_PREFIX_PATH=${CMAKE_PREFIX_PATH}:/home/robot/robot_ws/install/urdf_tutorial:/home/robot/turtlebot3_ws/install/turtlebot3_teleop:/home/robot/turtlebot3_ws/install/turtlebot3_example:/opt/ros/humble /usr/bin/cmake --build /home/robot/robot_ws/build/nav2_test_utils -- -j4 -l4
[3.631s] DEBUG:colcon.colcon_core.event_handler.log_command:Invoking command in '/home/robot/robot_ws/build/pointcloud_to_laserscan': CMAKE_PREFIX_PATH=${CMAKE_PREFIX_PATH}:/home/robot/robot_ws/install/urdf_tutorial:/home/robot/turtlebot3_ws/install/turtlebot3_teleop:/home/robot/turtlebot3_ws/install/turtlebot3_example:/opt/ros/humble /usr/bin/cmake /home/robot/robot_ws/src/pointcloud_to_laserscan -DCMAKE_INSTALL_PREFIX=/home/robot/robot_ws/install/pointcloud_to_laserscan
[3.633s] DEBUG:colcon.colcon_core.event_handler.log_command:Invoked command in '/home/robot/robot_ws/build/my_first_ros_rclcpp_pkg' returned '0': CMAKE_PREFIX_PATH=${CMAKE_PREFIX_PATH}:/home/robot/robot_ws/install/urdf_tutorial:/home/robot/turtlebot3_ws/install/turtlebot3_teleop:/home/robot/turtlebot3_ws/install/turtlebot3_example:/opt/ros/humble /usr/bin/cmake --build /home/robot/robot_ws/build/my_first_ros_rclcpp_pkg -- -j4 -l4
[3.649s] DEBUG:colcon.colcon_core.event_handler.log_command:Invoking command in '/home/robot/robot_ws/build/safeway_robot_controll_packet_RS485': CMAKE_PREFIX_PATH=${CMAKE_PREFIX_PATH}:/home/robot/robot_ws/install/urdf_tutorial:/home/robot/turtlebot3_ws/install/turtlebot3_teleop:/home/robot/turtlebot3_ws/install/turtlebot3_example:/opt/ros/humble /usr/bin/cmake --build /home/robot/robot_ws/build/safeway_robot_controll_packet_RS485 -- -j4 -l4
[3.699s] DEBUG:colcon.colcon_core.event_handler.log_command:Invoking command in '/home/robot/robot_ws/build/my_first_ros_rclcpp_pkg': CMAKE_PREFIX_PATH=${CMAKE_PREFIX_PATH}:/home/robot/robot_ws/install/urdf_tutorial:/home/robot/turtlebot3_ws/install/turtlebot3_teleop:/home/robot/turtlebot3_ws/install/turtlebot3_example:/opt/ros/humble /usr/bin/cmake --install /home/robot/robot_ws/build/my_first_ros_rclcpp_pkg
[3.720s] Level 1:colcon.colcon_core.environment:create_environment_scripts_only(my_first_ros_rclcpp_pkg)
[3.728s] DEBUG:colcon.colcon_core.event_handler.log_command:Invoked command in '/home/robot/robot_ws/build/my_first_ros_rclcpp_pkg' returned '0': CMAKE_PREFIX_PATH=${CMAKE_PREFIX_PATH}:/home/robot/robot_ws/install/urdf_tutorial:/home/robot/turtlebot3_ws/install/turtlebot3_teleop:/home/robot/turtlebot3_ws/install/turtlebot3_example:/opt/ros/humble /usr/bin/cmake --install /home/robot/robot_ws/build/my_first_ros_rclcpp_pkg
[3.747s] Level 1:colcon.colcon_core.environment:checking '/home/robot/robot_ws/install/my_first_ros_rclcpp_pkg' for CMake module files
[3.749s] Level 1:colcon.colcon_core.environment:checking '/home/robot/robot_ws/install/my_first_ros_rclcpp_pkg' for CMake config files
[3.749s] Level 1:colcon.colcon_core.shell:create_environment_hook('my_first_ros_rclcpp_pkg', 'cmake_prefix_path')
[3.776s] INFO:colcon.colcon_core.shell:Creating environment hook '/home/robot/robot_ws/install/my_first_ros_rclcpp_pkg/share/my_first_ros_rclcpp_pkg/hook/cmake_prefix_path.ps1'
[3.776s] INFO:colcon.colcon_core.shell:Creating environment descriptor '/home/robot/robot_ws/install/my_first_ros_rclcpp_pkg/share/my_first_ros_rclcpp_pkg/hook/cmake_prefix_path.dsv'
[3.777s] INFO:colcon.colcon_core.shell:Creating environment hook '/home/robot/robot_ws/install/my_first_ros_rclcpp_pkg/share/my_first_ros_rclcpp_pkg/hook/cmake_prefix_path.sh'
[3.778s] Level 1:colcon.colcon_core.environment:checking '/home/robot/robot_ws/install/my_first_ros_rclcpp_pkg/lib'
[3.778s] Level 1:colcon.colcon_core.environment:checking '/home/robot/robot_ws/install/my_first_ros_rclcpp_pkg/bin'
[3.778s] Level 1:colcon.colcon_core.environment:checking '/home/robot/robot_ws/install/my_first_ros_rclcpp_pkg/lib/pkgconfig/my_first_ros_rclcpp_pkg.pc'
[3.778s] Level 1:colcon.colcon_core.environment:checking '/home/robot/robot_ws/install/my_first_ros_rclcpp_pkg/lib/python3.10/site-packages'
[3.779s] Level 1:colcon.colcon_core.environment:checking '/home/robot/robot_ws/install/my_first_ros_rclcpp_pkg/bin'
[3.804s] INFO:colcon.colcon_core.shell:Creating package script '/home/robot/robot_ws/install/my_first_ros_rclcpp_pkg/share/my_first_ros_rclcpp_pkg/package.ps1'
[3.804s] INFO:colcon.colcon_core.shell:Creating package descriptor '/home/robot/robot_ws/install/my_first_ros_rclcpp_pkg/share/my_first_ros_rclcpp_pkg/package.dsv'
[3.805s] INFO:colcon.colcon_core.shell:Creating package script '/home/robot/robot_ws/install/my_first_ros_rclcpp_pkg/share/my_first_ros_rclcpp_pkg/package.sh'
[3.805s] INFO:colcon.colcon_core.shell:Creating package script '/home/robot/robot_ws/install/my_first_ros_rclcpp_pkg/share/my_first_ros_rclcpp_pkg/package.bash'
[3.806s] INFO:colcon.colcon_core.shell:Creating package script '/home/robot/robot_ws/install/my_first_ros_rclcpp_pkg/share/my_first_ros_rclcpp_pkg/package.zsh'
[3.806s] Level 1:colcon.colcon_core.environment:create_file_with_runtime_dependencies(/home/robot/robot_ws/install/my_first_ros_rclcpp_pkg/share/colcon-core/packages/my_first_ros_rclcpp_pkg)
[3.809s] DEBUG:colcon.colcon_core.event_handler.log_command:Invoked command in '/home/robot/robot_ws/build/nav2_test_utils' returned '0': CMAKE_PREFIX_PATH=${CMAKE_PREFIX_PATH}:/home/robot/robot_ws/install/urdf_tutorial:/home/robot/turtlebot3_ws/install/turtlebot3_teleop:/home/robot/turtlebot3_ws/install/turtlebot3_example:/opt/ros/humble /usr/bin/cmake --build /home/robot/robot_ws/build/nav2_test_utils -- -j4 -l4
[3.820s] DEBUG:colcon.colcon_core.event_handler.log_command:Invoked command in '/home/robot/robot_ws/build/safeway_robot_controll_packet_RS485' returned '0': CMAKE_PREFIX_PATH=${CMAKE_PREFIX_PATH}:/home/robot/robot_ws/install/urdf_tutorial:/home/robot/turtlebot3_ws/install/turtlebot3_teleop:/home/robot/turtlebot3_ws/install/turtlebot3_example:/opt/ros/humble /usr/bin/cmake --build /home/robot/robot_ws/build/safeway_robot_controll_packet_RS485 -- -j4 -l4
[3.872s] DEBUG:colcon.colcon_core.event_handler.log_command:Invoking command in '/home/robot/robot_ws/build/safeway_robot_controll_packet_RS485': CMAKE_PREFIX_PATH=${CMAKE_PREFIX_PATH}:/home/robot/robot_ws/install/urdf_tutorial:/home/robot/turtlebot3_ws/install/turtlebot3_teleop:/home/robot/turtlebot3_ws/install/turtlebot3_example:/opt/ros/humble /usr/bin/cmake --install /home/robot/robot_ws/build/safeway_robot_controll_packet_RS485
[3.878s] DEBUG:colcon.colcon_core.event_handler.log_command:Invoking command in '/home/robot/robot_ws/build/nav2_test_utils': CMAKE_PREFIX_PATH=${CMAKE_PREFIX_PATH}:/home/robot/robot_ws/install/urdf_tutorial:/home/robot/turtlebot3_ws/install/turtlebot3_teleop:/home/robot/turtlebot3_ws/install/turtlebot3_example:/opt/ros/humble /usr/bin/cmake --install /home/robot/robot_ws/build/nav2_test_utils
[3.931s] Level 1:colcon.colcon_core.environment:create_environment_scripts_only(my_first_ros_rclcpp_pkg)
[3.956s] Level 1:colcon.colcon_core.environment:checking '/home/robot/robot_ws/install/my_first_ros_rclcpp_pkg' for CMake module files
[3.956s] Level 1:colcon.colcon_core.environment:checking '/home/robot/robot_ws/install/my_first_ros_rclcpp_pkg' for CMake config files
[3.957s] Level 1:colcon.colcon_core.shell:create_environment_hook('my_first_ros_rclcpp_pkg', 'cmake_prefix_path')
[3.977s] INFO:colcon.colcon_core.shell:Creating environment hook '/home/robot/robot_ws/install/my_first_ros_rclcpp_pkg/share/my_first_ros_rclcpp_pkg/hook/cmake_prefix_path.ps1'
[3.978s] INFO:colcon.colcon_core.shell:Creating environment descriptor '/home/robot/robot_ws/install/my_first_ros_rclcpp_pkg/share/my_first_ros_rclcpp_pkg/hook/cmake_prefix_path.dsv'
[3.978s] INFO:colcon.colcon_core.shell:Creating environment hook '/home/robot/robot_ws/install/my_first_ros_rclcpp_pkg/share/my_first_ros_rclcpp_pkg/hook/cmake_prefix_path.sh'
[3.979s] Level 1:colcon.colcon_core.environment:checking '/home/robot/robot_ws/install/my_first_ros_rclcpp_pkg/lib'
[3.979s] Level 1:colcon.colcon_core.environment:checking '/home/robot/robot_ws/install/my_first_ros_rclcpp_pkg/bin'
[3.979s] Level 1:colcon.colcon_core.environment:checking '/home/robot/robot_ws/install/my_first_ros_rclcpp_pkg/lib/pkgconfig/my_first_ros_rclcpp_pkg.pc'
[3.979s] Level 1:colcon.colcon_core.environment:checking '/home/robot/robot_ws/install/my_first_ros_rclcpp_pkg/lib/python3.10/site-packages'
[3.979s] Level 1:colcon.colcon_core.environment:checking '/home/robot/robot_ws/install/my_first_ros_rclcpp_pkg/bin'
[4.000s] INFO:colcon.colcon_core.shell:Creating package script '/home/robot/robot_ws/install/my_first_ros_rclcpp_pkg/share/my_first_ros_rclcpp_pkg/package.ps1'
[4.000s] INFO:colcon.colcon_core.shell:Creating package descriptor '/home/robot/robot_ws/install/my_first_ros_rclcpp_pkg/share/my_first_ros_rclcpp_pkg/package.dsv'
[4.001s] INFO:colcon.colcon_core.shell:Creating package script '/home/robot/robot_ws/install/my_first_ros_rclcpp_pkg/share/my_first_ros_rclcpp_pkg/package.sh'
[4.002s] INFO:colcon.colcon_core.shell:Creating package script '/home/robot/robot_ws/install/my_first_ros_rclcpp_pkg/share/my_first_ros_rclcpp_pkg/package.bash'
[4.002s] INFO:colcon.colcon_core.shell:Creating package script '/home/robot/robot_ws/install/my_first_ros_rclcpp_pkg/share/my_first_ros_rclcpp_pkg/package.zsh'
[4.003s] Level 1:colcon.colcon_core.environment:create_file_with_runtime_dependencies(/home/robot/robot_ws/install/my_first_ros_rclcpp_pkg/share/colcon-core/packages/my_first_ros_rclcpp_pkg)
[4.004s] INFO:colcon.colcon_ros.task.ament_cmake.build:Building ROS package in '/home/robot/robot_ws/src/slam_toolbox' with build type 'ament_cmake'
[4.004s] INFO:colcon.colcon_cmake.task.cmake.build:Building CMake package in '/home/robot/robot_ws/src/slam_toolbox'
[4.028s] INFO:colcon.colcon_core.shell:Skip shell extension 'powershell' for command environment: Not usable outside of PowerShell
[4.028s] DEBUG:colcon.colcon_core.shell:Skip shell extension 'dsv' for command environment
[4.157s] Level 1:colcon.colcon_core.environment:create_environment_scripts_only(safeway_robot_controll_packet_RS485)
[4.164s] DEBUG:colcon.colcon_core.event_handler.log_command:Invoked command in '/home/robot/robot_ws/build/safeway_robot_controll_packet_RS485' returned '0': CMAKE_PREFIX_PATH=${CMAKE_PREFIX_PATH}:/home/robot/robot_ws/install/urdf_tutorial:/home/robot/turtlebot3_ws/install/turtlebot3_teleop:/home/robot/turtlebot3_ws/install/turtlebot3_example:/opt/ros/humble /usr/bin/cmake --install /home/robot/robot_ws/build/safeway_robot_controll_packet_RS485
[4.180s] Level 1:colcon.colcon_core.environment:checking '/home/robot/robot_ws/install/safeway_robot_controll_packet_RS485' for CMake module files
[4.181s] Level 1:colcon.colcon_core.environment:checking '/home/robot/robot_ws/install/safeway_robot_controll_packet_RS485' for CMake config files
[4.181s] Level 1:colcon.colcon_core.shell:create_environment_hook('safeway_robot_controll_packet_RS485', 'cmake_prefix_path')
[4.202s] INFO:colcon.colcon_core.shell:Creating environment hook '/home/robot/robot_ws/install/safeway_robot_controll_packet_RS485/share/safeway_robot_controll_packet_RS485/hook/cmake_prefix_path.ps1'
[4.202s] INFO:colcon.colcon_core.shell:Creating environment descriptor '/home/robot/robot_ws/install/safeway_robot_controll_packet_RS485/share/safeway_robot_controll_packet_RS485/hook/cmake_prefix_path.dsv'
[4.203s] INFO:colcon.colcon_core.shell:Creating environment hook '/home/robot/robot_ws/install/safeway_robot_controll_packet_RS485/share/safeway_robot_controll_packet_RS485/hook/cmake_prefix_path.sh'
[4.204s] Level 1:colcon.colcon_core.environment:checking '/home/robot/robot_ws/install/safeway_robot_controll_packet_RS485/lib'
[4.204s] Level 1:colcon.colcon_core.environment:checking '/home/robot/robot_ws/install/safeway_robot_controll_packet_RS485/bin'
[4.204s] Level 1:colcon.colcon_core.environment:checking '/home/robot/robot_ws/install/safeway_robot_controll_packet_RS485/lib/pkgconfig/safeway_robot_controll_packet_RS485.pc'
[4.204s] Level 1:colcon.colcon_core.environment:checking '/home/robot/robot_ws/install/safeway_robot_controll_packet_RS485/lib/python3.10/site-packages'
[4.205s] Level 1:colcon.colcon_core.environment:checking '/home/robot/robot_ws/install/safeway_robot_controll_packet_RS485/bin'
[4.225s] INFO:colcon.colcon_core.shell:Creating package script '/home/robot/robot_ws/install/safeway_robot_controll_packet_RS485/share/safeway_robot_controll_packet_RS485/package.ps1'
[4.226s] INFO:colcon.colcon_core.shell:Creating package descriptor '/home/robot/robot_ws/install/safeway_robot_controll_packet_RS485/share/safeway_robot_controll_packet_RS485/package.dsv'
[4.226s] INFO:colcon.colcon_core.shell:Creating package script '/home/robot/robot_ws/install/safeway_robot_controll_packet_RS485/share/safeway_robot_controll_packet_RS485/package.sh'
[4.227s] INFO:colcon.colcon_core.shell:Creating package script '/home/robot/robot_ws/install/safeway_robot_controll_packet_RS485/share/safeway_robot_controll_packet_RS485/package.bash'
[4.227s] INFO:colcon.colcon_core.shell:Creating package script '/home/robot/robot_ws/install/safeway_robot_controll_packet_RS485/share/safeway_robot_controll_packet_RS485/package.zsh'
[4.228s] Level 1:colcon.colcon_core.environment:create_file_with_runtime_dependencies(/home/robot/robot_ws/install/safeway_robot_controll_packet_RS485/share/colcon-core/packages/safeway_robot_controll_packet_RS485)
[4.230s] Level 1:colcon.colcon_core.environment:create_environment_scripts_only(nav2_test_utils)
[4.232s] DEBUG:colcon.colcon_core.event_handler.log_command:Invoked command in '/home/robot/robot_ws/build/nav2_test_utils' returned '0': CMAKE_PREFIX_PATH=${CMAKE_PREFIX_PATH}:/home/robot/robot_ws/install/urdf_tutorial:/home/robot/turtlebot3_ws/install/turtlebot3_teleop:/home/robot/turtlebot3_ws/install/turtlebot3_example:/opt/ros/humble /usr/bin/cmake --install /home/robot/robot_ws/build/nav2_test_utils
[4.253s] Level 1:colcon.colcon_core.environment:checking '/home/robot/robot_ws/install/nav2_test_utils' for CMake module files
[4.254s] Level 1:colcon.colcon_core.environment:checking '/home/robot/robot_ws/install/nav2_test_utils' for CMake config files
[4.254s] Level 1:colcon.colcon_core.shell:create_environment_hook('nav2_test_utils', 'cmake_prefix_path')
[4.276s] INFO:colcon.colcon_core.shell:Creating environment hook '/home/robot/robot_ws/install/nav2_test_utils/share/nav2_test_utils/hook/cmake_prefix_path.ps1'
[4.277s] INFO:colcon.colcon_core.shell:Creating environment descriptor '/home/robot/robot_ws/install/nav2_test_utils/share/nav2_test_utils/hook/cmake_prefix_path.dsv'
[4.278s] INFO:colcon.colcon_core.shell:Creating environment hook '/home/robot/robot_ws/install/nav2_test_utils/share/nav2_test_utils/hook/cmake_prefix_path.sh'
[4.278s] Level 1:colcon.colcon_core.environment:checking '/home/robot/robot_ws/install/nav2_test_utils/lib'
[4.278s] Level 1:colcon.colcon_core.environment:checking '/home/robot/robot_ws/install/nav2_test_utils/bin'
[4.278s] Level 1:colcon.colcon_core.environment:checking '/home/robot/robot_ws/install/nav2_test_utils/lib/pkgconfig/nav2_test_utils.pc'
[4.279s] Level 1:colcon.colcon_core.environment:checking '/home/robot/robot_ws/install/nav2_test_utils/lib/python3.10/site-packages'
[4.279s] Level 1:colcon.colcon_core.environment:checking '/home/robot/robot_ws/install/nav2_test_utils/bin'
[4.300s] INFO:colcon.colcon_core.shell:Creating package script '/home/robot/robot_ws/install/nav2_test_utils/share/nav2_test_utils/package.ps1'
[4.300s] INFO:colcon.colcon_core.shell:Creating package descriptor '/home/robot/robot_ws/install/nav2_test_utils/share/nav2_test_utils/package.dsv'
[4.301s] INFO:colcon.colcon_core.shell:Creating package script '/home/robot/robot_ws/install/nav2_test_utils/share/nav2_test_utils/package.sh'
[4.301s] INFO:colcon.colcon_core.shell:Creating package script '/home/robot/robot_ws/install/nav2_test_utils/share/nav2_test_utils/package.bash'
[4.302s] INFO:colcon.colcon_core.shell:Creating package script '/home/robot/robot_ws/install/nav2_test_utils/share/nav2_test_utils/package.zsh'
[4.302s] Level 1:colcon.colcon_core.environment:create_file_with_runtime_dependencies(/home/robot/robot_ws/install/nav2_test_utils/share/colcon-core/packages/nav2_test_utils)
[4.310s] DEBUG:colcon.colcon_core.event_handler.log_command:Invoking command in '/home/robot/robot_ws/build/slam_toolbox': CMAKE_PREFIX_PATH=${CMAKE_PREFIX_PATH}:/home/robot/robot_ws/install/urdf_tutorial:/home/robot/turtlebot3_ws/install/turtlebot3_teleop:/home/robot/turtlebot3_ws/install/turtlebot3_example:/opt/ros/humble /usr/bin/cmake --build /home/robot/robot_ws/build/slam_toolbox -- -j4 -l4
[4.346s] Level 1:colcon.colcon_core.environment:create_environment_scripts_only(safeway_robot_controll_packet_RS485)
[4.373s] Level 1:colcon.colcon_core.environment:checking '/home/robot/robot_ws/install/safeway_robot_controll_packet_RS485' for CMake module files
[4.373s] Level 1:colcon.colcon_core.environment:checking '/home/robot/robot_ws/install/safeway_robot_controll_packet_RS485' for CMake config files
[4.374s] Level 1:colcon.colcon_core.shell:create_environment_hook('safeway_robot_controll_packet_RS485', 'cmake_prefix_path')
[4.413s] INFO:colcon.colcon_core.shell:Creating environment hook '/home/robot/robot_ws/install/safeway_robot_controll_packet_RS485/share/safeway_robot_controll_packet_RS485/hook/cmake_prefix_path.ps1'
[4.414s] INFO:colcon.colcon_core.shell:Creating environment descriptor '/home/robot/robot_ws/install/safeway_robot_controll_packet_RS485/share/safeway_robot_controll_packet_RS485/hook/cmake_prefix_path.dsv'
[4.416s] INFO:colcon.colcon_core.shell:Creating environment hook '/home/robot/robot_ws/install/safeway_robot_controll_packet_RS485/share/safeway_robot_controll_packet_RS485/hook/cmake_prefix_path.sh'
[4.416s] Level 1:colcon.colcon_core.environment:checking '/home/robot/robot_ws/install/safeway_robot_controll_packet_RS485/lib'
[4.416s] Level 1:colcon.colcon_core.environment:checking '/home/robot/robot_ws/install/safeway_robot_controll_packet_RS485/bin'
[4.417s] Level 1:colcon.colcon_core.environment:checking '/home/robot/robot_ws/install/safeway_robot_controll_packet_RS485/lib/pkgconfig/safeway_robot_controll_packet_RS485.pc'
[4.417s] Level 1:colcon.colcon_core.environment:checking '/home/robot/robot_ws/install/safeway_robot_controll_packet_RS485/lib/python3.10/site-packages'
[4.417s] Level 1:colcon.colcon_core.environment:checking '/home/robot/robot_ws/install/safeway_robot_controll_packet_RS485/bin'
[4.439s] INFO:colcon.colcon_core.shell:Creating package script '/home/robot/robot_ws/install/safeway_robot_controll_packet_RS485/share/safeway_robot_controll_packet_RS485/package.ps1'
[4.440s] INFO:colcon.colcon_core.shell:Creating package descriptor '/home/robot/robot_ws/install/safeway_robot_controll_packet_RS485/share/safeway_robot_controll_packet_RS485/package.dsv'
[4.441s] INFO:colcon.colcon_core.shell:Creating package script '/home/robot/robot_ws/install/safeway_robot_controll_packet_RS485/share/safeway_robot_controll_packet_RS485/package.sh'
[4.441s] INFO:colcon.colcon_core.shell:Creating package script '/home/robot/robot_ws/install/safeway_robot_controll_packet_RS485/share/safeway_robot_controll_packet_RS485/package.bash'
[4.442s] INFO:colcon.colcon_core.shell:Creating package script '/home/robot/robot_ws/install/safeway_robot_controll_packet_RS485/share/safeway_robot_controll_packet_RS485/package.zsh'
[4.444s] Level 1:colcon.colcon_core.environment:create_file_with_runtime_dependencies(/home/robot/robot_ws/install/safeway_robot_controll_packet_RS485/share/colcon-core/packages/safeway_robot_controll_packet_RS485)
[4.445s] INFO:colcon.colcon_ros.task.ament_python.build:Building ROS package in '/home/robot/robot_ws/src/urdf_tutorial' with build type 'ament_python'
[4.446s] Level 1:colcon.colcon_core.shell:create_environment_hook('urdf_tutorial', 'ament_prefix_path')
[4.476s] INFO:colcon.colcon_core.shell:Creating environment hook '/home/robot/robot_ws/install/urdf_tutorial/share/urdf_tutorial/hook/ament_prefix_path.ps1'
[4.476s] INFO:colcon.colcon_core.shell:Creating environment descriptor '/home/robot/robot_ws/install/urdf_tutorial/share/urdf_tutorial/hook/ament_prefix_path.dsv'
[4.477s] INFO:colcon.colcon_core.shell:Creating environment hook '/home/robot/robot_ws/install/urdf_tutorial/share/urdf_tutorial/hook/ament_prefix_path.sh'
[4.543s] INFO:colcon.colcon_core.shell:Skip shell extension 'powershell' for command environment: Not usable outside of PowerShell
[4.543s] DEBUG:colcon.colcon_core.shell:Skip shell extension 'dsv' for command environment
[4.713s] Level 1:colcon.colcon_core.environment:create_environment_scripts_only(nav2_test_utils)
[4.738s] Level 1:colcon.colcon_core.environment:checking '/home/robot/robot_ws/install/nav2_test_utils' for CMake module files
[4.739s] Level 1:colcon.colcon_core.environment:checking '/home/robot/robot_ws/install/nav2_test_utils' for CMake config files
[4.739s] Level 1:colcon.colcon_core.shell:create_environment_hook('nav2_test_utils', 'cmake_prefix_path')
[4.763s] INFO:colcon.colcon_core.shell:Creating environment hook '/home/robot/robot_ws/install/nav2_test_utils/share/nav2_test_utils/hook/cmake_prefix_path.ps1'
[4.768s] INFO:colcon.colcon_core.shell:Creating environment descriptor '/home/robot/robot_ws/install/nav2_test_utils/share/nav2_test_utils/hook/cmake_prefix_path.dsv'
[4.769s] INFO:colcon.colcon_core.shell:Creating environment hook '/home/robot/robot_ws/install/nav2_test_utils/share/nav2_test_utils/hook/cmake_prefix_path.sh'
[4.772s] Level 1:colcon.colcon_core.environment:checking '/home/robot/robot_ws/install/nav2_test_utils/lib'
[4.772s] Level 1:colcon.colcon_core.environment:checking '/home/robot/robot_ws/install/nav2_test_utils/bin'
[4.772s] Level 1:colcon.colcon_core.environment:checking '/home/robot/robot_ws/install/nav2_test_utils/lib/pkgconfig/nav2_test_utils.pc'
[4.774s] Level 1:colcon.colcon_core.environment:checking '/home/robot/robot_ws/install/nav2_test_utils/lib/python3.10/site-packages'
[4.774s] Level 1:colcon.colcon_core.environment:checking '/home/robot/robot_ws/install/nav2_test_utils/bin'
[4.808s] INFO:colcon.colcon_core.shell:Creating package script '/home/robot/robot_ws/install/nav2_test_utils/share/nav2_test_utils/package.ps1'
[4.808s] INFO:colcon.colcon_core.shell:Creating package descriptor '/home/robot/robot_ws/install/nav2_test_utils/share/nav2_test_utils/package.dsv'
[4.809s] INFO:colcon.colcon_core.shell:Creating package script '/home/robot/robot_ws/install/nav2_test_utils/share/nav2_test_utils/package.sh'
[4.809s] INFO:colcon.colcon_core.shell:Creating package script '/home/robot/robot_ws/install/nav2_test_utils/share/nav2_test_utils/package.bash'
[4.810s] INFO:colcon.colcon_core.shell:Creating package script '/home/robot/robot_ws/install/nav2_test_utils/share/nav2_test_utils/package.zsh'
[4.810s] Level 1:colcon.colcon_core.environment:create_file_with_runtime_dependencies(/home/robot/robot_ws/install/nav2_test_utils/share/colcon-core/packages/nav2_test_utils)
[5.219s] INFO:colcon.colcon_core.task.python.build:Building Python package in '/home/robot/robot_ws/src/urdf_tutorial'
[5.239s] INFO:colcon.colcon_core.shell:Skip shell extension 'powershell' for command environment: Not usable outside of PowerShell
[5.239s] DEBUG:colcon.colcon_core.shell:Skip shell extension 'dsv' for command environment
[6.167s] DEBUG:colcon.colcon_core.event_handler.log_command:Invoked command in '/home/robot/robot_ws/build/pointcloud_to_laserscan' returned '1': CMAKE_PREFIX_PATH=${CMAKE_PREFIX_PATH}:/home/robot/robot_ws/install/urdf_tutorial:/home/robot/turtlebot3_ws/install/turtlebot3_teleop:/home/robot/turtlebot3_ws/install/turtlebot3_example:/opt/ros/humble /usr/bin/cmake /home/robot/robot_ws/src/pointcloud_to_laserscan -DCMAKE_INSTALL_PREFIX=/home/robot/robot_ws/install/pointcloud_to_laserscan
[6.185s] Level 1:colcon.colcon_core.environment:create_environment_scripts_only(pointcloud_to_laserscan)
[6.211s] Level 1:colcon.colcon_core.environment:checking '/home/robot/robot_ws/install/pointcloud_to_laserscan' for CMake module files
[6.212s] Level 1:colcon.colcon_core.environment:checking '/home/robot/robot_ws/install/pointcloud_to_laserscan' for CMake config files
[6.212s] Level 1:colcon.colcon_core.environment:checking '/home/robot/robot_ws/install/pointcloud_to_laserscan/bin'
[6.212s] Level 1:colcon.colcon_core.environment:checking '/home/robot/robot_ws/install/pointcloud_to_laserscan/lib/pkgconfig/pointcloud_to_laserscan.pc'
[6.213s] Level 1:colcon.colcon_core.environment:checking '/home/robot/robot_ws/install/pointcloud_to_laserscan/lib/python3.10/site-packages'
[6.213s] Level 1:colcon.colcon_core.environment:checking '/home/robot/robot_ws/install/pointcloud_to_laserscan/bin'
[6.235s] INFO:colcon.colcon_core.shell:Creating package script '/home/robot/robot_ws/install/pointcloud_to_laserscan/share/pointcloud_to_laserscan/package.ps1'
[6.235s] INFO:colcon.colcon_core.shell:Creating package descriptor '/home/robot/robot_ws/install/pointcloud_to_laserscan/share/pointcloud_to_laserscan/package.dsv'
[6.236s] INFO:colcon.colcon_core.shell:Creating package script '/home/robot/robot_ws/install/pointcloud_to_laserscan/share/pointcloud_to_laserscan/package.sh'
[6.237s] INFO:colcon.colcon_core.shell:Creating package script '/home/robot/robot_ws/install/pointcloud_to_laserscan/share/pointcloud_to_laserscan/package.bash'
[6.238s] INFO:colcon.colcon_core.shell:Creating package script '/home/robot/robot_ws/install/pointcloud_to_laserscan/share/pointcloud_to_laserscan/package.zsh'
[6.238s] Level 1:colcon.colcon_core.environment:create_file_with_runtime_dependencies(/home/robot/robot_ws/install/pointcloud_to_laserscan/share/colcon-core/packages/pointcloud_to_laserscan)
[203.622s] DEBUG:colcon.colcon_parallel_executor.executor.parallel:closing loop
[203.623s] DEBUG:colcon.colcon_parallel_executor.executor.parallel:loop closed
[203.623s] DEBUG:colcon.colcon_parallel_executor.executor.parallel:run_until_complete finished with '1'
[203.623s] DEBUG:colcon.colcon_core.event_reactor:joining thread
[203.730s] INFO:colcon.colcon_core.plugin_system:Skipping extension 'colcon_notification.desktop_notification.terminal_notifier': Not used on non-Darwin systems
[203.730s] INFO:colcon.colcon_core.plugin_system:Skipping extension 'colcon_notification.desktop_notification.win32': Not used on non-Windows systems
[203.731s] INFO:colcon.colcon_notification.desktop_notification:Sending desktop notification using 'notify2'
[203.751s] DEBUG:colcon.colcon_core.event_reactor:joined thread
[203.770s] INFO:colcon.colcon_core.shell:Creating prefix script '/home/robot/robot_ws/install/local_setup.ps1'
[203.772s] INFO:colcon.colcon_core.shell:Creating prefix util module '/home/robot/robot_ws/install/_local_setup_util_ps1.py'
[203.773s] INFO:colcon.colcon_core.shell:Creating prefix chain script '/home/robot/robot_ws/install/setup.ps1'
[203.793s] INFO:colcon.colcon_core.shell:Creating prefix script '/home/robot/robot_ws/install/local_setup.sh'
[203.794s] INFO:colcon.colcon_core.shell:Creating prefix util module '/home/robot/robot_ws/install/_local_setup_util_sh.py'
[203.794s] INFO:colcon.colcon_core.shell:Creating prefix chain script '/home/robot/robot_ws/install/setup.sh'
[203.812s] INFO:colcon.colcon_core.shell:Creating prefix script '/home/robot/robot_ws/install/local_setup.bash'
[203.813s] INFO:colcon.colcon_core.shell:Creating prefix chain script '/home/robot/robot_ws/install/setup.bash'
[203.829s] INFO:colcon.colcon_core.shell:Creating prefix script '/home/robot/robot_ws/install/local_setup.zsh'
[203.830s] INFO:colcon.colcon_core.shell:Creating prefix chain script '/home/robot/robot_ws/install/setup.zsh'
