[0.000000] (-) TimerEvent: {}
[0.000294] (my_first_ros_rclcpp_pkg) JobQueued: {'identifier': 'my_first_ros_rclcpp_pkg', 'dependencies': OrderedDict()}
[0.000356] (safeway_robot_controll_packet_RS485) JobQueued: {'identifier': 'safeway_robot_controll_packet_RS485', 'dependencies': OrderedDict()}
[0.000453] (my_first_ros_rclcpp_pkg) JobStarted: {'identifier': 'my_first_ros_rclcpp_pkg'}
[0.077697] (safeway_robot_controll_packet_RS485) JobStarted: {'identifier': 'safeway_robot_controll_packet_RS485'}
[0.099466] (-) TimerEvent: {}
[0.144009] (my_first_ros_rclcpp_pkg) JobProgress: {'identifier': 'my_first_ros_rclcpp_pkg', 'progress': 'cmake'}
[0.144687] (my_first_ros_rclcpp_pkg) JobProgress: {'identifier': 'my_first_ros_rclcpp_pkg', 'progress': 'build'}
[0.145489] (my_first_ros_rclcpp_pkg) Command: {'cmd': ['/usr/bin/cmake', '--build', '/home/robot/robot_ws/build/my_first_ros_rclcpp_pkg', '--', '-j4', '-l4'], 'cwd': '/home/robot/robot_ws/build/my_first_ros_rclcpp_pkg', 'env': OrderedDict([('GJS_DEBUG_TOPICS', 'JS ERROR;JS LOG'), ('LESSOPEN', '| /usr/bin/lesspipe %s'), ('USER', 'robot'), ('GIO_MODULE_DIR', '/home/robot/snap/code/common/.cache/gio-modules'), ('XDG_SESSION_TYPE', 'x11'), ('GIT_ASKPASS', '/snap/code/148/usr/share/code/resources/app/extensions/git/dist/askpass.sh'), ('GTK_EXE_PREFIX_VSCODE_SNAP_ORIG', ''), ('GDK_BACKEND_VSCODE_SNAP_ORIG', ''), ('SHLVL', '0'), ('LD_LIBRARY_PATH', '/opt/ros/humble/opt/rviz_ogre_vendor/lib:/opt/ros/humble/lib/x86_64-linux-gnu:/opt/ros/humble/lib'), ('HOME', '/home/robot'), ('CHROME_DESKTOP', 'code-url-handler.desktop'), ('LOCPATH_VSCODE_SNAP_ORIG', ''), ('TERM_PROGRAM_VERSION', '1.85.1'), ('DESKTOP_SESSION', 'ubuntu'), ('GTK_PATH', '/snap/code/148/usr/lib/x86_64-linux-gnu/gtk-3.0'), ('GTK_IM_MODULE_FILE', '/home/robot/snap/code/common/.cache/immodules/immodules.cache'), ('GIO_LAUNCHED_DESKTOP_FILE', '/var/lib/snapd/desktop/applications/code_code.desktop'), ('ROS_PYTHON_VERSION', '3'), ('GNOME_SHELL_SESSION_MODE', 'ubuntu'), ('GTK_MODULES', 'gail:atk-bridge'), ('GSETTINGS_SCHEMA_DIR_VSCODE_SNAP_ORIG', ''), ('VSCODE_GIT_ASKPASS_MAIN', '/snap/code/148/usr/share/code/resources/app/extensions/git/dist/askpass-main.js'), ('VSCODE_GIT_ASKPASS_NODE', '/snap/code/148/usr/share/code/code'), ('MANAGERPID', '1446'), ('SYSTEMD_EXEC_PID', '1790'), ('DBUS_SESSION_BUS_ADDRESS', 'unix:path=/run/user/1000/bus'), ('COLORTERM', 'truecolor'), ('GIO_LAUNCHED_DESKTOP_FILE_PID', '25013'), ('IM_CONFIG_PHASE', '1'), ('COLCON_PREFIX_PATH', '/home/robot/robot_ws/install'), ('ROS_DISTRO', 'humble'), ('GTK_IM_MODULE', 'ibus'), ('LOGNAME', 'robot'), ('_', '/usr/bin/colcon'), ('JOURNAL_STREAM', '8:30565'), ('ROS_VERSION', '2'), ('XDG_CONFIG_DIRS_VSCODE_SNAP_ORIG', '/etc/xdg/xdg-ubuntu:/etc/xdg'), ('XDG_SESSION_CLASS', 'user'), ('XDG_DATA_DIRS_VSCODE_SNAP_ORIG', '/usr/share/ubuntu:/usr/share/gnome:/usr/local/share/:/usr/share/:/var/lib/snapd/desktop'), ('USERNAME', 'robot'), ('TERM', 'xterm-256color'), ('GNOME_DESKTOP_SESSION_ID', 'this-is-deprecated'), ('ROS_LOCALHOST_ONLY', '0'), ('WINDOWPATH', '2'), ('PATH', '/home/robot/.local/bin:/opt/ros/humble/bin:/usr/local/sbin:/usr/local/bin:/usr/sbin:/usr/bin:/sbin:/bin:/usr/games:/usr/local/games:/snap/bin:/snap/bin'), ('SESSION_MANAGER', 'local/robot:@/tmp/.ICE-unix/1767,unix/robot:/tmp/.ICE-unix/1767'), ('GTK_EXE_PREFIX', '/snap/code/148/usr'), ('INVOCATION_ID', '73ec0bf21a6e4da289c7a38ecf5b94b1'), ('XDG_MENU_PREFIX', 'gnome-'), ('BAMF_DESKTOP_FILE_HINT', '/var/lib/snapd/desktop/applications/code_code.desktop'), ('XDG_RUNTIME_DIR', '/run/user/1000'), ('GDK_BACKEND', 'x11'), ('DISPLAY', ':1'), ('LOCPATH', '/snap/code/148/usr/lib/locale'), ('LANG', 'ko_KR.UTF-8'), ('XDG_CURRENT_DESKTOP', 'Unity'), ('GIO_MODULE_DIR_VSCODE_SNAP_ORIG', ''), ('XMODIFIERS', '@im=ibus'), ('XDG_SESSION_DESKTOP', 'ubuntu'), ('XAUTHORITY', '/run/user/1000/gdm/Xauthority'), ('LS_COLORS', ''), ('VSCODE_GIT_IPC_HANDLE', '/run/user/1000/vscode-git-ebe1fd4541.sock'), ('TERM_PROGRAM', 'vscode'), ('SSH_AGENT_LAUNCHER', 'gnome-keyring'), ('SSH_AUTH_SOCK', '/run/user/1000/keyring/ssh'), ('GSETTINGS_SCHEMA_DIR', '/home/robot/snap/code/148/.local/share/glib-2.0/schemas'), ('AMENT_PREFIX_PATH', '/opt/ros/humble'), ('ORIGINAL_XDG_CURRENT_DESKTOP', 'ubuntu:GNOME'), ('SHELL', '/bin/bash'), ('QT_ACCESSIBILITY', '1'), ('GDMSESSION', 'ubuntu'), ('LESSCLOSE', '/usr/bin/lesspipe %s %s'), ('GTK_PATH_VSCODE_SNAP_ORIG', ''), ('GTK_IM_MODULE_FILE_VSCODE_SNAP_ORIG', ''), ('GPG_AGENT_INFO', '/run/user/1000/gnupg/S.gpg-agent:0:1'), ('GJS_DEBUG_OUTPUT', 'stderr'), ('VSCODE_GIT_ASKPASS_EXTRA_ARGS', '--ms-enable-electron-run-as-node'), ('QT_IM_MODULE', 'ibus'), ('PWD', '/home/robot/robot_ws/build/my_first_ros_rclcpp_pkg'), ('XDG_CONFIG_DIRS', '/etc/xdg/xdg-ubuntu:/etc/xdg'), ('XDG_DATA_DIRS', '/home/robot/snap/code/148/.local/share:/home/robot/snap/code/148:/snap/code/148/usr/share:/usr/share/ubuntu:/usr/share/gnome:/usr/local/share/:/usr/share/:/var/lib/snapd/desktop'), ('PYTHONPATH', '/opt/ros/humble/lib/python3.10/site-packages:/opt/ros/humble/local/lib/python3.10/dist-packages'), ('COLCON', '1'), ('CMAKE_PREFIX_PATH', '/opt/ros/humble')]), 'shell': False}
[0.150006] (safeway_robot_controll_packet_RS485) JobProgress: {'identifier': 'safeway_robot_controll_packet_RS485', 'progress': 'cmake'}
[0.150629] (safeway_robot_controll_packet_RS485) Command: {'cmd': ['/usr/bin/cmake', '/home/robot/robot_ws/src/safeway_robot_controll_packet_RS485', '-DCMAKE_BUILD_TYPE=Debug', '-DCMAKE_INSTALL_PREFIX=/home/robot/robot_ws/install/safeway_robot_controll_packet_RS485'], 'cwd': '/home/robot/robot_ws/build/safeway_robot_controll_packet_RS485', 'env': OrderedDict([('GJS_DEBUG_TOPICS', 'JS ERROR;JS LOG'), ('LESSOPEN', '| /usr/bin/lesspipe %s'), ('USER', 'robot'), ('GIO_MODULE_DIR', '/home/robot/snap/code/common/.cache/gio-modules'), ('XDG_SESSION_TYPE', 'x11'), ('GIT_ASKPASS', '/snap/code/148/usr/share/code/resources/app/extensions/git/dist/askpass.sh'), ('GTK_EXE_PREFIX_VSCODE_SNAP_ORIG', ''), ('GDK_BACKEND_VSCODE_SNAP_ORIG', ''), ('SHLVL', '0'), ('LD_LIBRARY_PATH', '/opt/ros/humble/opt/rviz_ogre_vendor/lib:/opt/ros/humble/lib/x86_64-linux-gnu:/opt/ros/humble/lib'), ('HOME', '/home/robot'), ('CHROME_DESKTOP', 'code-url-handler.desktop'), ('LOCPATH_VSCODE_SNAP_ORIG', ''), ('TERM_PROGRAM_VERSION', '1.85.1'), ('DESKTOP_SESSION', 'ubuntu'), ('GTK_PATH', '/snap/code/148/usr/lib/x86_64-linux-gnu/gtk-3.0'), ('GTK_IM_MODULE_FILE', '/home/robot/snap/code/common/.cache/immodules/immodules.cache'), ('GIO_LAUNCHED_DESKTOP_FILE', '/var/lib/snapd/desktop/applications/code_code.desktop'), ('ROS_PYTHON_VERSION', '3'), ('GNOME_SHELL_SESSION_MODE', 'ubuntu'), ('GTK_MODULES', 'gail:atk-bridge'), ('GSETTINGS_SCHEMA_DIR_VSCODE_SNAP_ORIG', ''), ('VSCODE_GIT_ASKPASS_MAIN', '/snap/code/148/usr/share/code/resources/app/extensions/git/dist/askpass-main.js'), ('VSCODE_GIT_ASKPASS_NODE', '/snap/code/148/usr/share/code/code'), ('MANAGERPID', '1446'), ('SYSTEMD_EXEC_PID', '1790'), ('DBUS_SESSION_BUS_ADDRESS', 'unix:path=/run/user/1000/bus'), ('COLORTERM', 'truecolor'), ('GIO_LAUNCHED_DESKTOP_FILE_PID', '25013'), ('IM_CONFIG_PHASE', '1'), ('COLCON_PREFIX_PATH', '/home/robot/robot_ws/install'), ('ROS_DISTRO', 'humble'), ('GTK_IM_MODULE', 'ibus'), ('LOGNAME', 'robot'), ('_', '/usr/bin/colcon'), ('JOURNAL_STREAM', '8:30565'), ('ROS_VERSION', '2'), ('XDG_CONFIG_DIRS_VSCODE_SNAP_ORIG', '/etc/xdg/xdg-ubuntu:/etc/xdg'), ('XDG_SESSION_CLASS', 'user'), ('XDG_DATA_DIRS_VSCODE_SNAP_ORIG', '/usr/share/ubuntu:/usr/share/gnome:/usr/local/share/:/usr/share/:/var/lib/snapd/desktop'), ('USERNAME', 'robot'), ('TERM', 'xterm-256color'), ('GNOME_DESKTOP_SESSION_ID', 'this-is-deprecated'), ('ROS_LOCALHOST_ONLY', '0'), ('WINDOWPATH', '2'), ('PATH', '/home/robot/.local/bin:/opt/ros/humble/bin:/usr/local/sbin:/usr/local/bin:/usr/sbin:/usr/bin:/sbin:/bin:/usr/games:/usr/local/games:/snap/bin:/snap/bin'), ('SESSION_MANAGER', 'local/robot:@/tmp/.ICE-unix/1767,unix/robot:/tmp/.ICE-unix/1767'), ('GTK_EXE_PREFIX', '/snap/code/148/usr'), ('INVOCATION_ID', '73ec0bf21a6e4da289c7a38ecf5b94b1'), ('XDG_MENU_PREFIX', 'gnome-'), ('BAMF_DESKTOP_FILE_HINT', '/var/lib/snapd/desktop/applications/code_code.desktop'), ('XDG_RUNTIME_DIR', '/run/user/1000'), ('GDK_BACKEND', 'x11'), ('DISPLAY', ':1'), ('LOCPATH', '/snap/code/148/usr/lib/locale'), ('LANG', 'ko_KR.UTF-8'), ('XDG_CURRENT_DESKTOP', 'Unity'), ('GIO_MODULE_DIR_VSCODE_SNAP_ORIG', ''), ('XMODIFIERS', '@im=ibus'), ('XDG_SESSION_DESKTOP', 'ubuntu'), ('XAUTHORITY', '/run/user/1000/gdm/Xauthority'), ('LS_COLORS', ''), ('VSCODE_GIT_IPC_HANDLE', '/run/user/1000/vscode-git-ebe1fd4541.sock'), ('TERM_PROGRAM', 'vscode'), ('SSH_AGENT_LAUNCHER', 'gnome-keyring'), ('SSH_AUTH_SOCK', '/run/user/1000/keyring/ssh'), ('GSETTINGS_SCHEMA_DIR', '/home/robot/snap/code/148/.local/share/glib-2.0/schemas'), ('AMENT_PREFIX_PATH', '/opt/ros/humble'), ('ORIGINAL_XDG_CURRENT_DESKTOP', 'ubuntu:GNOME'), ('SHELL', '/bin/bash'), ('QT_ACCESSIBILITY', '1'), ('GDMSESSION', 'ubuntu'), ('LESSCLOSE', '/usr/bin/lesspipe %s %s'), ('GTK_PATH_VSCODE_SNAP_ORIG', ''), ('GTK_IM_MODULE_FILE_VSCODE_SNAP_ORIG', ''), ('GPG_AGENT_INFO', '/run/user/1000/gnupg/S.gpg-agent:0:1'), ('GJS_DEBUG_OUTPUT', 'stderr'), ('VSCODE_GIT_ASKPASS_EXTRA_ARGS', '--ms-enable-electron-run-as-node'), ('QT_IM_MODULE', 'ibus'), ('PWD', '/home/robot/robot_ws/build/safeway_robot_controll_packet_RS485'), ('XDG_CONFIG_DIRS', '/etc/xdg/xdg-ubuntu:/etc/xdg'), ('XDG_DATA_DIRS', '/home/robot/snap/code/148/.local/share:/home/robot/snap/code/148:/snap/code/148/usr/share:/usr/share/ubuntu:/usr/share/gnome:/usr/local/share/:/usr/share/:/var/lib/snapd/desktop'), ('PYTHONPATH', '/opt/ros/humble/lib/python3.10/site-packages:/opt/ros/humble/local/lib/python3.10/dist-packages'), ('COLCON', '1'), ('CMAKE_PREFIX_PATH', '/opt/ros/humble')]), 'shell': False}
[0.198215] (my_first_ros_rclcpp_pkg) StdoutLine: {'line': b'\x1b[35m\x1b[1mConsolidate compiler generated dependencies of target helloworld_publisher\x1b[0m\n'}
[0.199553] (-) TimerEvent: {}
[0.217449] (my_first_ros_rclcpp_pkg) StdoutLine: {'line': b'[ 50%] Built target helloworld_subscriber\n'}
[0.218972] (safeway_robot_controll_packet_RS485) StdoutLine: {'line': b'-- The C compiler identification is GNU 11.4.0\n'}
[0.231200] (my_first_ros_rclcpp_pkg) StdoutLine: {'line': b'[100%] Built target helloworld_publisher\n'}
[0.244452] (my_first_ros_rclcpp_pkg) CommandEnded: {'returncode': 0}
[0.287843] (safeway_robot_controll_packet_RS485) StdoutLine: {'line': b'-- The CXX compiler identification is GNU 11.4.0\n'}
[0.289195] (my_first_ros_rclcpp_pkg) JobProgress: {'identifier': 'my_first_ros_rclcpp_pkg', 'progress': 'install'}
[0.295643] (safeway_robot_controll_packet_RS485) StdoutLine: {'line': b'-- Detecting C compiler ABI info\n'}
[0.297793] (my_first_ros_rclcpp_pkg) Command: {'cmd': ['/usr/bin/cmake', '--install', '/home/robot/robot_ws/build/my_first_ros_rclcpp_pkg'], 'cwd': '/home/robot/robot_ws/build/my_first_ros_rclcpp_pkg', 'env': OrderedDict([('GJS_DEBUG_TOPICS', 'JS ERROR;JS LOG'), ('LESSOPEN', '| /usr/bin/lesspipe %s'), ('USER', 'robot'), ('GIO_MODULE_DIR', '/home/robot/snap/code/common/.cache/gio-modules'), ('XDG_SESSION_TYPE', 'x11'), ('GIT_ASKPASS', '/snap/code/148/usr/share/code/resources/app/extensions/git/dist/askpass.sh'), ('GTK_EXE_PREFIX_VSCODE_SNAP_ORIG', ''), ('GDK_BACKEND_VSCODE_SNAP_ORIG', ''), ('SHLVL', '0'), ('LD_LIBRARY_PATH', '/opt/ros/humble/opt/rviz_ogre_vendor/lib:/opt/ros/humble/lib/x86_64-linux-gnu:/opt/ros/humble/lib'), ('HOME', '/home/robot'), ('CHROME_DESKTOP', 'code-url-handler.desktop'), ('LOCPATH_VSCODE_SNAP_ORIG', ''), ('TERM_PROGRAM_VERSION', '1.85.1'), ('DESKTOP_SESSION', 'ubuntu'), ('GTK_PATH', '/snap/code/148/usr/lib/x86_64-linux-gnu/gtk-3.0'), ('GTK_IM_MODULE_FILE', '/home/robot/snap/code/common/.cache/immodules/immodules.cache'), ('GIO_LAUNCHED_DESKTOP_FILE', '/var/lib/snapd/desktop/applications/code_code.desktop'), ('ROS_PYTHON_VERSION', '3'), ('GNOME_SHELL_SESSION_MODE', 'ubuntu'), ('GTK_MODULES', 'gail:atk-bridge'), ('GSETTINGS_SCHEMA_DIR_VSCODE_SNAP_ORIG', ''), ('VSCODE_GIT_ASKPASS_MAIN', '/snap/code/148/usr/share/code/resources/app/extensions/git/dist/askpass-main.js'), ('VSCODE_GIT_ASKPASS_NODE', '/snap/code/148/usr/share/code/code'), ('MANAGERPID', '1446'), ('SYSTEMD_EXEC_PID', '1790'), ('DBUS_SESSION_BUS_ADDRESS', 'unix:path=/run/user/1000/bus'), ('COLORTERM', 'truecolor'), ('GIO_LAUNCHED_DESKTOP_FILE_PID', '25013'), ('IM_CONFIG_PHASE', '1'), ('COLCON_PREFIX_PATH', '/home/robot/robot_ws/install'), ('ROS_DISTRO', 'humble'), ('GTK_IM_MODULE', 'ibus'), ('LOGNAME', 'robot'), ('_', '/usr/bin/colcon'), ('JOURNAL_STREAM', '8:30565'), ('ROS_VERSION', '2'), ('XDG_CONFIG_DIRS_VSCODE_SNAP_ORIG', '/etc/xdg/xdg-ubuntu:/etc/xdg'), ('XDG_SESSION_CLASS', 'user'), ('XDG_DATA_DIRS_VSCODE_SNAP_ORIG', '/usr/share/ubuntu:/usr/share/gnome:/usr/local/share/:/usr/share/:/var/lib/snapd/desktop'), ('USERNAME', 'robot'), ('TERM', 'xterm-256color'), ('GNOME_DESKTOP_SESSION_ID', 'this-is-deprecated'), ('ROS_LOCALHOST_ONLY', '0'), ('WINDOWPATH', '2'), ('PATH', '/home/robot/.local/bin:/opt/ros/humble/bin:/usr/local/sbin:/usr/local/bin:/usr/sbin:/usr/bin:/sbin:/bin:/usr/games:/usr/local/games:/snap/bin:/snap/bin'), ('SESSION_MANAGER', 'local/robot:@/tmp/.ICE-unix/1767,unix/robot:/tmp/.ICE-unix/1767'), ('GTK_EXE_PREFIX', '/snap/code/148/usr'), ('INVOCATION_ID', '73ec0bf21a6e4da289c7a38ecf5b94b1'), ('XDG_MENU_PREFIX', 'gnome-'), ('BAMF_DESKTOP_FILE_HINT', '/var/lib/snapd/desktop/applications/code_code.desktop'), ('XDG_RUNTIME_DIR', '/run/user/1000'), ('GDK_BACKEND', 'x11'), ('DISPLAY', ':1'), ('LOCPATH', '/snap/code/148/usr/lib/locale'), ('LANG', 'ko_KR.UTF-8'), ('XDG_CURRENT_DESKTOP', 'Unity'), ('GIO_MODULE_DIR_VSCODE_SNAP_ORIG', ''), ('XMODIFIERS', '@im=ibus'), ('XDG_SESSION_DESKTOP', 'ubuntu'), ('XAUTHORITY', '/run/user/1000/gdm/Xauthority'), ('LS_COLORS', ''), ('VSCODE_GIT_IPC_HANDLE', '/run/user/1000/vscode-git-ebe1fd4541.sock'), ('TERM_PROGRAM', 'vscode'), ('SSH_AGENT_LAUNCHER', 'gnome-keyring'), ('SSH_AUTH_SOCK', '/run/user/1000/keyring/ssh'), ('GSETTINGS_SCHEMA_DIR', '/home/robot/snap/code/148/.local/share/glib-2.0/schemas'), ('AMENT_PREFIX_PATH', '/opt/ros/humble'), ('ORIGINAL_XDG_CURRENT_DESKTOP', 'ubuntu:GNOME'), ('SHELL', '/bin/bash'), ('QT_ACCESSIBILITY', '1'), ('GDMSESSION', 'ubuntu'), ('LESSCLOSE', '/usr/bin/lesspipe %s %s'), ('GTK_PATH_VSCODE_SNAP_ORIG', ''), ('GTK_IM_MODULE_FILE_VSCODE_SNAP_ORIG', ''), ('GPG_AGENT_INFO', '/run/user/1000/gnupg/S.gpg-agent:0:1'), ('GJS_DEBUG_OUTPUT', 'stderr'), ('VSCODE_GIT_ASKPASS_EXTRA_ARGS', '--ms-enable-electron-run-as-node'), ('QT_IM_MODULE', 'ibus'), ('PWD', '/home/robot/robot_ws/build/my_first_ros_rclcpp_pkg'), ('XDG_CONFIG_DIRS', '/etc/xdg/xdg-ubuntu:/etc/xdg'), ('XDG_DATA_DIRS', '/home/robot/snap/code/148/.local/share:/home/robot/snap/code/148:/snap/code/148/usr/share:/usr/share/ubuntu:/usr/share/gnome:/usr/local/share/:/usr/share/:/var/lib/snapd/desktop'), ('PYTHONPATH', '/opt/ros/humble/lib/python3.10/site-packages:/opt/ros/humble/local/lib/python3.10/dist-packages'), ('COLCON', '1'), ('CMAKE_PREFIX_PATH', '/opt/ros/humble')]), 'shell': False}
[0.299632] (-) TimerEvent: {}
[0.306974] (my_first_ros_rclcpp_pkg) StdoutLine: {'line': b'-- Install configuration: "Debug"\n'}
[0.307246] (my_first_ros_rclcpp_pkg) StdoutLine: {'line': b'-- Installing: /home/robot/robot_ws/install/my_first_ros_rclcpp_pkg/lib/my_first_ros_rclcpp_pkg/helloworld_publisher\n'}
[0.310890] (my_first_ros_rclcpp_pkg) StdoutLine: {'line': b'-- Set runtime path of "/home/robot/robot_ws/install/my_first_ros_rclcpp_pkg/lib/my_first_ros_rclcpp_pkg/helloworld_publisher" to ""\n'}
[0.311167] (my_first_ros_rclcpp_pkg) StdoutLine: {'line': b'-- Up-to-date: /home/robot/robot_ws/install/my_first_ros_rclcpp_pkg/lib/my_first_ros_rclcpp_pkg/helloworld_subscriber\n'}
[0.316133] (my_first_ros_rclcpp_pkg) StdoutLine: {'line': b'-- Up-to-date: /home/robot/robot_ws/install/my_first_ros_rclcpp_pkg/share/ament_index/resource_index/package_run_dependencies/my_first_ros_rclcpp_pkg\n'}
[0.316559] (my_first_ros_rclcpp_pkg) StdoutLine: {'line': b'-- Up-to-date: /home/robot/robot_ws/install/my_first_ros_rclcpp_pkg/share/ament_index/resource_index/parent_prefix_path/my_first_ros_rclcpp_pkg\n'}
[0.316727] (my_first_ros_rclcpp_pkg) StdoutLine: {'line': b'-- Up-to-date: /home/robot/robot_ws/install/my_first_ros_rclcpp_pkg/share/my_first_ros_rclcpp_pkg/environment/ament_prefix_path.sh\n'}
[0.316920] (my_first_ros_rclcpp_pkg) StdoutLine: {'line': b'-- Up-to-date: /home/robot/robot_ws/install/my_first_ros_rclcpp_pkg/share/my_first_ros_rclcpp_pkg/environment/ament_prefix_path.dsv\n'}
[0.317021] (my_first_ros_rclcpp_pkg) StdoutLine: {'line': b'-- Up-to-date: /home/robot/robot_ws/install/my_first_ros_rclcpp_pkg/share/my_first_ros_rclcpp_pkg/environment/path.sh\n'}
[0.317113] (my_first_ros_rclcpp_pkg) StdoutLine: {'line': b'-- Up-to-date: /home/robot/robot_ws/install/my_first_ros_rclcpp_pkg/share/my_first_ros_rclcpp_pkg/environment/path.dsv\n'}
[0.317201] (my_first_ros_rclcpp_pkg) StdoutLine: {'line': b'-- Up-to-date: /home/robot/robot_ws/install/my_first_ros_rclcpp_pkg/share/my_first_ros_rclcpp_pkg/local_setup.bash\n'}
[0.317287] (my_first_ros_rclcpp_pkg) StdoutLine: {'line': b'-- Up-to-date: /home/robot/robot_ws/install/my_first_ros_rclcpp_pkg/share/my_first_ros_rclcpp_pkg/local_setup.sh\n'}
[0.317369] (my_first_ros_rclcpp_pkg) StdoutLine: {'line': b'-- Up-to-date: /home/robot/robot_ws/install/my_first_ros_rclcpp_pkg/share/my_first_ros_rclcpp_pkg/local_setup.zsh\n'}
[0.317449] (my_first_ros_rclcpp_pkg) StdoutLine: {'line': b'-- Up-to-date: /home/robot/robot_ws/install/my_first_ros_rclcpp_pkg/share/my_first_ros_rclcpp_pkg/local_setup.dsv\n'}
[0.317530] (my_first_ros_rclcpp_pkg) StdoutLine: {'line': b'-- Installing: /home/robot/robot_ws/install/my_first_ros_rclcpp_pkg/share/my_first_ros_rclcpp_pkg/package.dsv\n'}
[0.326432] (my_first_ros_rclcpp_pkg) StdoutLine: {'line': b'-- Up-to-date: /home/robot/robot_ws/install/my_first_ros_rclcpp_pkg/share/ament_index/resource_index/packages/my_first_ros_rclcpp_pkg\n'}
[0.327047] (my_first_ros_rclcpp_pkg) StdoutLine: {'line': b'-- Up-to-date: /home/robot/robot_ws/install/my_first_ros_rclcpp_pkg/share/my_first_ros_rclcpp_pkg/cmake/my_first_ros_rclcpp_pkgConfig.cmake\n'}
[0.327233] (my_first_ros_rclcpp_pkg) StdoutLine: {'line': b'-- Up-to-date: /home/robot/robot_ws/install/my_first_ros_rclcpp_pkg/share/my_first_ros_rclcpp_pkg/cmake/my_first_ros_rclcpp_pkgConfig-version.cmake\n'}
[0.327337] (my_first_ros_rclcpp_pkg) StdoutLine: {'line': b'-- Up-to-date: /home/robot/robot_ws/install/my_first_ros_rclcpp_pkg/share/my_first_ros_rclcpp_pkg/package.xml\n'}
[0.333897] (my_first_ros_rclcpp_pkg) CommandEnded: {'returncode': 0}
[0.399865] (-) TimerEvent: {}
[0.429865] (safeway_robot_controll_packet_RS485) StdoutLine: {'line': b'-- Detecting C compiler ABI info - done\n'}
[0.435075] (safeway_robot_controll_packet_RS485) StdoutLine: {'line': b'-- Check for working C compiler: /usr/bin/cc - skipped\n'}
[0.435818] (safeway_robot_controll_packet_RS485) StdoutLine: {'line': b'-- Detecting C compile features\n'}
[0.436573] (safeway_robot_controll_packet_RS485) StdoutLine: {'line': b'-- Detecting C compile features - done\n'}
[0.440918] (safeway_robot_controll_packet_RS485) StdoutLine: {'line': b'-- Detecting CXX compiler ABI info\n'}
[0.500007] (-) TimerEvent: {}
[0.542753] (my_first_ros_rclcpp_pkg) JobEnded: {'identifier': 'my_first_ros_rclcpp_pkg', 'rc': 0}
[0.543620] (safeway_robot_controll_packet_RS485) StdoutLine: {'line': b'-- Detecting CXX compiler ABI info - done\n'}
[0.551761] (safeway_robot_controll_packet_RS485) StdoutLine: {'line': b'-- Check for working CXX compiler: /usr/bin/c++ - skipped\n'}
[0.552029] (safeway_robot_controll_packet_RS485) StdoutLine: {'line': b'-- Detecting CXX compile features\n'}
[0.552502] (safeway_robot_controll_packet_RS485) StdoutLine: {'line': b'-- Detecting CXX compile features - done\n'}
[0.554975] (safeway_robot_controll_packet_RS485) StdoutLine: {'line': b'-- Found ament_cmake: 1.3.6 (/opt/ros/humble/share/ament_cmake/cmake)\n'}
[0.600137] (-) TimerEvent: {}
[0.700436] (-) TimerEvent: {}
[0.740214] (safeway_robot_controll_packet_RS485) StdoutLine: {'line': b'-- Found Python3: /usr/bin/python3.10 (found version "3.10.12") found components: Interpreter \n'}
[0.800575] (-) TimerEvent: {}
[0.825104] (safeway_robot_controll_packet_RS485) StdoutLine: {'line': b'-- Found rclcpp: 16.0.7 (/opt/ros/humble/share/rclcpp/cmake)\n'}
[0.862489] (safeway_robot_controll_packet_RS485) StdoutLine: {'line': b'-- Found rosidl_generator_c: 3.1.5 (/opt/ros/humble/share/rosidl_generator_c/cmake)\n'}
[0.866555] (safeway_robot_controll_packet_RS485) StdoutLine: {'line': b'-- Found rosidl_adapter: 3.1.5 (/opt/ros/humble/share/rosidl_adapter/cmake)\n'}
[0.874558] (safeway_robot_controll_packet_RS485) StdoutLine: {'line': b'-- Found rosidl_generator_cpp: 3.1.5 (/opt/ros/humble/share/rosidl_generator_cpp/cmake)\n'}
[0.886829] (safeway_robot_controll_packet_RS485) StdoutLine: {'line': b'-- Using all available rosidl_typesupport_c: rosidl_typesupport_fastrtps_c;rosidl_typesupport_introspection_c\n'}
[0.900703] (-) TimerEvent: {}
[0.905188] (safeway_robot_controll_packet_RS485) StdoutLine: {'line': b'-- Using all available rosidl_typesupport_cpp: rosidl_typesupport_fastrtps_cpp;rosidl_typesupport_introspection_cpp\n'}
[0.979256] (safeway_robot_controll_packet_RS485) StdoutLine: {'line': b'-- Found rmw_implementation_cmake: 6.1.1 (/opt/ros/humble/share/rmw_implementation_cmake/cmake)\n'}
[0.981789] (safeway_robot_controll_packet_RS485) StdoutLine: {'line': b'-- Found rmw_fastrtps_cpp: 6.2.5 (/opt/ros/humble/share/rmw_fastrtps_cpp/cmake)\n'}
[1.000854] (-) TimerEvent: {}
[1.083203] (safeway_robot_controll_packet_RS485) StdoutLine: {'line': b'-- Found OpenSSL: /usr/lib/x86_64-linux-gnu/libcrypto.so (found version "3.0.2")  \n'}
[1.100984] (-) TimerEvent: {}
[1.109794] (safeway_robot_controll_packet_RS485) StdoutLine: {'line': b'-- Found FastRTPS: /opt/ros/humble/include  \n'}
[1.156030] (safeway_robot_controll_packet_RS485) StdoutLine: {'line': b"-- Using RMW implementation 'rmw_fastrtps_cpp' as default\n"}
[1.168023] (safeway_robot_controll_packet_RS485) StdoutLine: {'line': b'-- Looking for pthread.h\n'}
[1.201088] (-) TimerEvent: {}
[1.238669] (safeway_robot_controll_packet_RS485) StdoutLine: {'line': b'-- Looking for pthread.h - found\n'}
[1.238958] (safeway_robot_controll_packet_RS485) StdoutLine: {'line': b'-- Performing Test CMAKE_HAVE_LIBC_PTHREAD\n'}
[1.301238] (-) TimerEvent: {}
[1.317819] (safeway_robot_controll_packet_RS485) StdoutLine: {'line': b'-- Performing Test CMAKE_HAVE_LIBC_PTHREAD - Success\n'}
[1.319242] (safeway_robot_controll_packet_RS485) StdoutLine: {'line': b'-- Found Threads: TRUE  \n'}
[1.401364] (-) TimerEvent: {}
[1.490984] (safeway_robot_controll_packet_RS485) StdoutLine: {'line': b'-- Found ament_lint_auto: 0.12.9 (/opt/ros/humble/share/ament_lint_auto/cmake)\n'}
[1.501481] (-) TimerEvent: {}
[1.544892] (safeway_robot_controll_packet_RS485) StderrLine: {'line': b'WARNING: Package name "safeway_robot_controll_packet_RS485" does not follow the naming conventions. It should start with a lower case letter and only contain lower case letters, digits, underscores, and dashes.\n'}
[1.567103] (safeway_robot_controll_packet_RS485) StdoutLine: {'line': b"-- Added test 'copyright' to check source files copyright and LICENSE\n"}
[1.568179] (safeway_robot_controll_packet_RS485) StdoutLine: {'line': b"-- Added test 'cppcheck' to perform static code analysis on C / C++ code\n"}
[1.568395] (safeway_robot_controll_packet_RS485) StdoutLine: {'line': b'-- Configured cppcheck include dirs: \n'}
[1.568516] (safeway_robot_controll_packet_RS485) StdoutLine: {'line': b'-- Configured cppcheck exclude dirs and/or files: \n'}
[1.569258] (safeway_robot_controll_packet_RS485) StdoutLine: {'line': b"-- Added test 'cpplint' to check C / C++ code against the Google style\n"}
[1.569413] (safeway_robot_controll_packet_RS485) StdoutLine: {'line': b'-- Configured cpplint exclude dirs and/or files: \n'}
[1.570218] (safeway_robot_controll_packet_RS485) StdoutLine: {'line': b"-- Added test 'lint_cmake' to check CMake code style\n"}
[1.571232] (safeway_robot_controll_packet_RS485) StdoutLine: {'line': b"-- Added test 'uncrustify' to check C / C++ code style\n"}
[1.571397] (safeway_robot_controll_packet_RS485) StdoutLine: {'line': b'-- Configured uncrustify additional arguments: \n'}
[1.571857] (safeway_robot_controll_packet_RS485) StdoutLine: {'line': b"-- Added test 'xmllint' to check XML markup files\n"}
[1.573127] (safeway_robot_controll_packet_RS485) StdoutLine: {'line': b'-- Configuring done\n'}
[1.581702] (safeway_robot_controll_packet_RS485) StdoutLine: {'line': b'-- Generating done\n'}
[1.583130] (safeway_robot_controll_packet_RS485) StdoutLine: {'line': b'-- Build files have been written to: /home/robot/robot_ws/build/safeway_robot_controll_packet_RS485\n'}
[1.591245] (safeway_robot_controll_packet_RS485) CommandEnded: {'returncode': 0}
[1.591874] (safeway_robot_controll_packet_RS485) JobProgress: {'identifier': 'safeway_robot_controll_packet_RS485', 'progress': 'build'}
[1.592142] (safeway_robot_controll_packet_RS485) Command: {'cmd': ['/usr/bin/cmake', '--build', '/home/robot/robot_ws/build/safeway_robot_controll_packet_RS485', '--', '-j4', '-l4'], 'cwd': '/home/robot/robot_ws/build/safeway_robot_controll_packet_RS485', 'env': OrderedDict([('GJS_DEBUG_TOPICS', 'JS ERROR;JS LOG'), ('LESSOPEN', '| /usr/bin/lesspipe %s'), ('USER', 'robot'), ('GIO_MODULE_DIR', '/home/robot/snap/code/common/.cache/gio-modules'), ('XDG_SESSION_TYPE', 'x11'), ('GIT_ASKPASS', '/snap/code/148/usr/share/code/resources/app/extensions/git/dist/askpass.sh'), ('GTK_EXE_PREFIX_VSCODE_SNAP_ORIG', ''), ('GDK_BACKEND_VSCODE_SNAP_ORIG', ''), ('SHLVL', '0'), ('LD_LIBRARY_PATH', '/opt/ros/humble/opt/rviz_ogre_vendor/lib:/opt/ros/humble/lib/x86_64-linux-gnu:/opt/ros/humble/lib'), ('HOME', '/home/robot'), ('CHROME_DESKTOP', 'code-url-handler.desktop'), ('LOCPATH_VSCODE_SNAP_ORIG', ''), ('TERM_PROGRAM_VERSION', '1.85.1'), ('DESKTOP_SESSION', 'ubuntu'), ('GTK_PATH', '/snap/code/148/usr/lib/x86_64-linux-gnu/gtk-3.0'), ('GTK_IM_MODULE_FILE', '/home/robot/snap/code/common/.cache/immodules/immodules.cache'), ('GIO_LAUNCHED_DESKTOP_FILE', '/var/lib/snapd/desktop/applications/code_code.desktop'), ('ROS_PYTHON_VERSION', '3'), ('GNOME_SHELL_SESSION_MODE', 'ubuntu'), ('GTK_MODULES', 'gail:atk-bridge'), ('GSETTINGS_SCHEMA_DIR_VSCODE_SNAP_ORIG', ''), ('VSCODE_GIT_ASKPASS_MAIN', '/snap/code/148/usr/share/code/resources/app/extensions/git/dist/askpass-main.js'), ('VSCODE_GIT_ASKPASS_NODE', '/snap/code/148/usr/share/code/code'), ('MANAGERPID', '1446'), ('SYSTEMD_EXEC_PID', '1790'), ('DBUS_SESSION_BUS_ADDRESS', 'unix:path=/run/user/1000/bus'), ('COLORTERM', 'truecolor'), ('GIO_LAUNCHED_DESKTOP_FILE_PID', '25013'), ('IM_CONFIG_PHASE', '1'), ('COLCON_PREFIX_PATH', '/home/robot/robot_ws/install'), ('ROS_DISTRO', 'humble'), ('GTK_IM_MODULE', 'ibus'), ('LOGNAME', 'robot'), ('_', '/usr/bin/colcon'), ('JOURNAL_STREAM', '8:30565'), ('ROS_VERSION', '2'), ('XDG_CONFIG_DIRS_VSCODE_SNAP_ORIG', '/etc/xdg/xdg-ubuntu:/etc/xdg'), ('XDG_SESSION_CLASS', 'user'), ('XDG_DATA_DIRS_VSCODE_SNAP_ORIG', '/usr/share/ubuntu:/usr/share/gnome:/usr/local/share/:/usr/share/:/var/lib/snapd/desktop'), ('USERNAME', 'robot'), ('TERM', 'xterm-256color'), ('GNOME_DESKTOP_SESSION_ID', 'this-is-deprecated'), ('ROS_LOCALHOST_ONLY', '0'), ('WINDOWPATH', '2'), ('PATH', '/home/robot/.local/bin:/opt/ros/humble/bin:/usr/local/sbin:/usr/local/bin:/usr/sbin:/usr/bin:/sbin:/bin:/usr/games:/usr/local/games:/snap/bin:/snap/bin'), ('SESSION_MANAGER', 'local/robot:@/tmp/.ICE-unix/1767,unix/robot:/tmp/.ICE-unix/1767'), ('GTK_EXE_PREFIX', '/snap/code/148/usr'), ('INVOCATION_ID', '73ec0bf21a6e4da289c7a38ecf5b94b1'), ('XDG_MENU_PREFIX', 'gnome-'), ('BAMF_DESKTOP_FILE_HINT', '/var/lib/snapd/desktop/applications/code_code.desktop'), ('XDG_RUNTIME_DIR', '/run/user/1000'), ('GDK_BACKEND', 'x11'), ('DISPLAY', ':1'), ('LOCPATH', '/snap/code/148/usr/lib/locale'), ('LANG', 'ko_KR.UTF-8'), ('XDG_CURRENT_DESKTOP', 'Unity'), ('GIO_MODULE_DIR_VSCODE_SNAP_ORIG', ''), ('XMODIFIERS', '@im=ibus'), ('XDG_SESSION_DESKTOP', 'ubuntu'), ('XAUTHORITY', '/run/user/1000/gdm/Xauthority'), ('LS_COLORS', ''), ('VSCODE_GIT_IPC_HANDLE', '/run/user/1000/vscode-git-ebe1fd4541.sock'), ('TERM_PROGRAM', 'vscode'), ('SSH_AGENT_LAUNCHER', 'gnome-keyring'), ('SSH_AUTH_SOCK', '/run/user/1000/keyring/ssh'), ('GSETTINGS_SCHEMA_DIR', '/home/robot/snap/code/148/.local/share/glib-2.0/schemas'), ('AMENT_PREFIX_PATH', '/opt/ros/humble'), ('ORIGINAL_XDG_CURRENT_DESKTOP', 'ubuntu:GNOME'), ('SHELL', '/bin/bash'), ('QT_ACCESSIBILITY', '1'), ('GDMSESSION', 'ubuntu'), ('LESSCLOSE', '/usr/bin/lesspipe %s %s'), ('GTK_PATH_VSCODE_SNAP_ORIG', ''), ('GTK_IM_MODULE_FILE_VSCODE_SNAP_ORIG', ''), ('GPG_AGENT_INFO', '/run/user/1000/gnupg/S.gpg-agent:0:1'), ('GJS_DEBUG_OUTPUT', 'stderr'), ('VSCODE_GIT_ASKPASS_EXTRA_ARGS', '--ms-enable-electron-run-as-node'), ('QT_IM_MODULE', 'ibus'), ('PWD', '/home/robot/robot_ws/build/safeway_robot_controll_packet_RS485'), ('XDG_CONFIG_DIRS', '/etc/xdg/xdg-ubuntu:/etc/xdg'), ('XDG_DATA_DIRS', '/home/robot/snap/code/148/.local/share:/home/robot/snap/code/148:/snap/code/148/usr/share:/usr/share/ubuntu:/usr/share/gnome:/usr/local/share/:/usr/share/:/var/lib/snapd/desktop'), ('PYTHONPATH', '/opt/ros/humble/lib/python3.10/site-packages:/opt/ros/humble/local/lib/python3.10/dist-packages'), ('COLCON', '1'), ('CMAKE_PREFIX_PATH', '/opt/ros/humble')]), 'shell': False}
[1.601577] (-) TimerEvent: {}
[1.651825] (safeway_robot_controll_packet_RS485) StdoutLine: {'line': b'[ 50%] \x1b[32mBuilding CXX object CMakeFiles/packet_RS485_publisher.dir/src/packet_RS485_publisher.cpp.o\x1b[0m\n'}
[1.701684] (-) TimerEvent: {}
[1.735845] (safeway_robot_controll_packet_RS485) StderrLine: {'line': b'\x1b[01m\x1b[K/home/robot/robot_ws/src/safeway_robot_controll_packet_RS485/src/packet_RS485_publisher.cpp:11:10:\x1b[m\x1b[K \x1b[01;31m\x1b[Kfatal error: \x1b[m\x1b[Kgeometry_msgs/msg/twist.hpp: \xea\xb7\xb8\xeb\x9f\xb0 \xed\x8c\x8c\xec\x9d\xbc\xec\x9d\xb4\xeb\x82\x98 \xeb\x94\x94\xeb\xa0\x89\xed\x84\xb0\xeb\xa6\xac\xea\xb0\x80 \xec\x97\x86\xec\x8a\xb5\xeb\x8b\x88\xeb\x8b\xa4\n'}
[1.736032] (safeway_robot_controll_packet_RS485) StderrLine: {'line': b'   11 | #include \x1b[01;31m\x1b[K<geometry_msgs/msg/twist.hpp>\x1b[m\x1b[K\n'}
[1.736121] (safeway_robot_controll_packet_RS485) StderrLine: {'line': b'      |          \x1b[01;31m\x1b[K^~~~~~~~~~~~~~~~~~~~~~~~~~~~~\x1b[m\x1b[K\n'}
[1.736198] (safeway_robot_controll_packet_RS485) StderrLine: {'line': b'compilation terminated.\n'}
[1.739599] (safeway_robot_controll_packet_RS485) StderrLine: {'line': b'gmake[2]: *** [CMakeFiles/packet_RS485_publisher.dir/build.make:76: CMakeFiles/packet_RS485_publisher.dir/src/packet_RS485_publisher.cpp.o] \xec\x98\xa4\xeb\xa5\x98 1\n'}
[1.739845] (safeway_robot_controll_packet_RS485) StderrLine: {'line': b'gmake[1]: *** [CMakeFiles/Makefile2:137: CMakeFiles/packet_RS485_publisher.dir/all] \xec\x98\xa4\xeb\xa5\x98 2\n'}
[1.740000] (safeway_robot_controll_packet_RS485) StderrLine: {'line': b'gmake: *** [Makefile:146: all] \xec\x98\xa4\xeb\xa5\x98 2\n'}
[1.741607] (safeway_robot_controll_packet_RS485) CommandEnded: {'returncode': 2}
[1.801810] (-) TimerEvent: {}
[1.810674] (safeway_robot_controll_packet_RS485) JobEnded: {'identifier': 'safeway_robot_controll_packet_RS485', 'rc': 2}
[1.821242] (-) EventReactorShutdown: {}
