[0.463s] Invoking command in '/home/robot/robot_ws/build/ld08_driver': CMAKE_PREFIX_PATH=${CMAKE_PREFIX_PATH}:/home/robot/robot_ws/install/urdf_tutorial:/home/robot/turtlebot3_ws/install/turtlebot3_teleop:/home/robot/turtlebot3_ws/install/turtlebot3_example:/opt/ros/humble /usr/bin/cmake /home/robot/robot_ws/src/ld08_driver -DCMAKE_BUILD_TYPE=Debug -DCMAKE_INSTALL_PREFIX=/home/robot/robot_ws/install/ld08_driver
[0.486s] -- Found ament_cmake: 1.3.7 (/opt/ros/humble/share/ament_cmake/cmake)
[0.915s] -- Found rclcpp: 16.0.8 (/opt/ros/humble/share/rclcpp/cmake)
[1.047s] -- Found rosidl_generator_c: 3.1.5 (/opt/ros/humble/share/rosidl_generator_c/cmake)
[1.050s] -- Found rosidl_adapter: 3.1.5 (/opt/ros/humble/share/rosidl_adapter/cmake)
[1.077s] -- Found rosidl_generator_cpp: 3.1.5 (/opt/ros/humble/share/rosidl_generator_cpp/cmake)
[1.136s] -- Using all available rosidl_typesupport_c: rosidl_typesupport_fastrtps_c;rosidl_typesupport_introspection_c
[1.212s] -- Using all available rosidl_typesupport_cpp: rosidl_typesupport_fastrtps_cpp;rosidl_typesupport_introspection_cpp
[1.466s] -- Found rmw_implementation_cmake: 6.1.1 (/opt/ros/humble/share/rmw_implementation_cmake/cmake)
[1.476s] -- Found rmw_fastrtps_cpp: 6.2.6 (/opt/ros/humble/share/rmw_fastrtps_cpp/cmake)
[2.001s] -- Using RMW implementation 'rmw_fastrtps_cpp' as default
[2.515s] -- Found sensor_msgs: 4.2.3 (/opt/ros/humble/share/sensor_msgs/cmake)
[2.935s] -- Found ament_lint_auto: 0.12.10 (/opt/ros/humble/share/ament_lint_auto/cmake)
[3.237s] -- Configuring done
[3.305s] -- Generating done
[3.309s] -- Build files have been written to: /home/robot/robot_ws/build/ld08_driver
[3.354s] Invoked command in '/home/robot/robot_ws/build/ld08_driver' returned '0': CMAKE_PREFIX_PATH=${CMAKE_PREFIX_PATH}:/home/robot/robot_ws/install/urdf_tutorial:/home/robot/turtlebot3_ws/install/turtlebot3_teleop:/home/robot/turtlebot3_ws/install/turtlebot3_example:/opt/ros/humble /usr/bin/cmake /home/robot/robot_ws/src/ld08_driver -DCMAKE_BUILD_TYPE=Debug -DCMAKE_INSTALL_PREFIX=/home/robot/robot_ws/install/ld08_driver
[3.355s] Invoking command in '/home/robot/robot_ws/build/ld08_driver': CMAKE_PREFIX_PATH=${CMAKE_PREFIX_PATH}:/home/robot/robot_ws/install/urdf_tutorial:/home/robot/turtlebot3_ws/install/turtlebot3_teleop:/home/robot/turtlebot3_ws/install/turtlebot3_example:/opt/ros/humble /usr/bin/cmake --build /home/robot/robot_ws/build/ld08_driver -- -j4 -l4
[3.584s] [35m[1mConsolidate compiler generated dependencies of target ld08_driver[0m
[3.660s] [100%] Built target ld08_driver
[3.721s] Invoked command in '/home/robot/robot_ws/build/ld08_driver' returned '0': CMAKE_PREFIX_PATH=${CMAKE_PREFIX_PATH}:/home/robot/robot_ws/install/urdf_tutorial:/home/robot/turtlebot3_ws/install/turtlebot3_teleop:/home/robot/turtlebot3_ws/install/turtlebot3_example:/opt/ros/humble /usr/bin/cmake --build /home/robot/robot_ws/build/ld08_driver -- -j4 -l4
[4.035s] Invoking command in '/home/robot/robot_ws/build/ld08_driver': CMAKE_PREFIX_PATH=${CMAKE_PREFIX_PATH}:/home/robot/robot_ws/install/urdf_tutorial:/home/robot/turtlebot3_ws/install/turtlebot3_teleop:/home/robot/turtlebot3_ws/install/turtlebot3_example:/opt/ros/humble /usr/bin/cmake --install /home/robot/robot_ws/build/ld08_driver
[4.061s] -- Install configuration: "Debug"
[4.061s] -- Up-to-date: /home/robot/robot_ws/install/ld08_driver/share/ld08_driver/launch
[4.061s] -- Up-to-date: /home/robot/robot_ws/install/ld08_driver/share/ld08_driver/launch/__pycache__
[4.061s] -- Up-to-date: /home/robot/robot_ws/install/ld08_driver/share/ld08_driver/launch/__pycache__/ld08.launch.cpython-310.pyc
[4.062s] -- Up-to-date: /home/robot/robot_ws/install/ld08_driver/share/ld08_driver/launch/ld08.launch.py
[4.062s] -- Up-to-date: /home/robot/robot_ws/install/ld08_driver/lib/ld08_driver/ld08_driver
[4.062s] -- Up-to-date: /home/robot/robot_ws/install/ld08_driver/share/ament_index/resource_index/package_run_dependencies/ld08_driver
[4.062s] -- Installing: /home/robot/robot_ws/install/ld08_driver/share/ament_index/resource_index/parent_prefix_path/ld08_driver
[4.062s] -- Up-to-date: /home/robot/robot_ws/install/ld08_driver/share/ld08_driver/environment/ament_prefix_path.sh
[4.062s] -- Installing: /home/robot/robot_ws/install/ld08_driver/share/ld08_driver/environment/ament_prefix_path.dsv
[4.062s] -- Up-to-date: /home/robot/robot_ws/install/ld08_driver/share/ld08_driver/environment/path.sh
[4.067s] -- Installing: /home/robot/robot_ws/install/ld08_driver/share/ld08_driver/environment/path.dsv
[4.067s] -- Up-to-date: /home/robot/robot_ws/install/ld08_driver/share/ld08_driver/local_setup.bash
[4.067s] -- Up-to-date: /home/robot/robot_ws/install/ld08_driver/share/ld08_driver/local_setup.sh
[4.067s] -- Up-to-date: /home/robot/robot_ws/install/ld08_driver/share/ld08_driver/local_setup.zsh
[4.067s] -- Installing: /home/robot/robot_ws/install/ld08_driver/share/ld08_driver/local_setup.dsv
[4.067s] -- Installing: /home/robot/robot_ws/install/ld08_driver/share/ld08_driver/package.dsv
[4.067s] -- Up-to-date: /home/robot/robot_ws/install/ld08_driver/share/ament_index/resource_index/packages/ld08_driver
[4.068s] -- Up-to-date: /home/robot/robot_ws/install/ld08_driver/share/ld08_driver/cmake/ament_cmake_export_dependencies-extras.cmake
[4.071s] -- Up-to-date: /home/robot/robot_ws/install/ld08_driver/share/ld08_driver/cmake/ament_cmake_export_include_directories-extras.cmake
[4.078s] -- Up-to-date: /home/robot/robot_ws/install/ld08_driver/share/ld08_driver/cmake/ld08_driverConfig.cmake
[4.078s] -- Up-to-date: /home/robot/robot_ws/install/ld08_driver/share/ld08_driver/cmake/ld08_driverConfig-version.cmake
[4.078s] -- Up-to-date: /home/robot/robot_ws/install/ld08_driver/share/ld08_driver/package.xml
[4.089s] Invoked command in '/home/robot/robot_ws/build/ld08_driver' returned '0': CMAKE_PREFIX_PATH=${CMAKE_PREFIX_PATH}:/home/robot/robot_ws/install/urdf_tutorial:/home/robot/turtlebot3_ws/install/turtlebot3_teleop:/home/robot/turtlebot3_ws/install/turtlebot3_example:/opt/ros/humble /usr/bin/cmake --install /home/robot/robot_ws/build/ld08_driver
