[0.425s] Invoking command in '/home/robot/robot_ws/build/slam_toolbox': CMAKE_PREFIX_PATH=${CMAKE_PREFIX_PATH}:/home/robot/robot_ws/install/urdf_tutorial:/home/robot/turtlebot3_ws/install/turtlebot3_teleop:/home/robot/turtlebot3_ws/install/turtlebot3_example:/opt/ros/humble /usr/bin/cmake --build /home/robot/robot_ws/build/slam_toolbox -- -j4 -l4
[0.567s] [  0%] Built target ament_cmake_python_copy_slam_toolbox
[0.583s] [  2%] Built target kartoSlamToolbox
[0.596s] [ 11%] Built target slam_toolbox__rosidl_generator_c
[0.598s] [ 12%] Built target slam_toolbox__cpp
[0.666s] [ 20%] Built target slam_toolbox__rosidl_typesupport_introspection_c
[0.671s] [ 28%] Built target slam_toolbox__rosidl_typesupport_c
[0.677s] [ 37%] Built target slam_toolbox__rosidl_typesupport_fastrtps_c
[0.757s] [ 45%] Built target slam_toolbox__rosidl_typesupport_introspection_cpp
[0.765s] [ 54%] Built target slam_toolbox__rosidl_typesupport_fastrtps_cpp
[0.770s] [ 62%] Built target slam_toolbox__rosidl_typesupport_cpp
[0.839s] [ 62%] Built target slam_toolbox
[0.887s] [ 64%] Built target SlamToolboxPlugin
[0.953s] [ 66%] Built target ceres_solver_plugin
[0.974s] [ 71%] Built target toolbox_common
[0.983s] [ 71%] Built target slam_toolbox__py
[1.114s] [ 73%] Built target sync_slam_toolbox
[1.117s] [ 75%] Built target async_slam_toolbox
[1.148s] [ 76%] Built target localization_slam_toolbox
[1.261s] [ 84%] Built target slam_toolbox__rosidl_generator_py
[1.305s] [ 86%] Built target lifelong_slam_toolbox
[1.305s] [ 87%] Built target merge_maps_kinematic
[1.325s] running egg_info
[1.330s] writing slam_toolbox.egg-info/PKG-INFO
[1.331s] writing dependency_links to slam_toolbox.egg-info/dependency_links.txt
[1.331s] writing top-level names to slam_toolbox.egg-info/top_level.txt
[1.355s] reading manifest file 'slam_toolbox.egg-info/SOURCES.txt'
[1.355s] writing manifest file 'slam_toolbox.egg-info/SOURCES.txt'
[1.409s] [ 89%] Built target localization_slam_toolbox_node
[1.434s] [ 91%] Built target sync_slam_toolbox_node
[1.434s] [ 91%] Built target async_slam_toolbox_node
[1.465s] [ 91%] Built target ament_cmake_python_build_slam_toolbox_egg
[1.535s] [ 92%] Built target slam_toolbox__rosidl_typesupport_fastrtps_c__pyext
[1.565s] [ 94%] Built target slam_toolbox__rosidl_typesupport_introspection_c__pyext
[1.578s] [ 96%] Built target lifelong_slam_toolbox_node
[1.614s] [ 97%] Built target map_and_localization_slam_toolbox
[1.614s] [ 99%] Built target slam_toolbox__rosidl_typesupport_c__pyext
[1.673s] [100%] Built target map_and_localization_slam_toolbox_node
[1.865s] Invoked command in '/home/robot/robot_ws/build/slam_toolbox' returned '0': CMAKE_PREFIX_PATH=${CMAKE_PREFIX_PATH}:/home/robot/robot_ws/install/urdf_tutorial:/home/robot/turtlebot3_ws/install/turtlebot3_teleop:/home/robot/turtlebot3_ws/install/turtlebot3_example:/opt/ros/humble /usr/bin/cmake --build /home/robot/robot_ws/build/slam_toolbox -- -j4 -l4
[2.402s] Invoking command in '/home/robot/robot_ws/build/slam_toolbox': CMAKE_PREFIX_PATH=${CMAKE_PREFIX_PATH}:/home/robot/robot_ws/install/urdf_tutorial:/home/robot/turtlebot3_ws/install/turtlebot3_teleop:/home/robot/turtlebot3_ws/install/turtlebot3_example:/opt/ros/humble /usr/bin/cmake --install /home/robot/robot_ws/build/slam_toolbox
[2.414s] -- Install configuration: "Release"
[2.414s] -- Up-to-date: /home/robot/robot_ws/install/slam_toolbox/share/ament_index/resource_index/rosidl_interfaces/slam_toolbox
[2.414s] -- Up-to-date: /home/robot/robot_ws/install/slam_toolbox/include/slam_toolbox/slam_toolbox
[2.418s] -- Up-to-date: /home/robot/robot_ws/install/slam_toolbox/include/slam_toolbox/slam_toolbox/msg
[2.418s] -- Up-to-date: /home/robot/robot_ws/install/slam_toolbox/include/slam_toolbox/slam_toolbox/msg/rosidl_generator_c__visibility_control.h
[2.418s] -- Up-to-date: /home/robot/robot_ws/install/slam_toolbox/include/slam_toolbox/slam_toolbox/srv
[2.419s] -- Up-to-date: /home/robot/robot_ws/install/slam_toolbox/include/slam_toolbox/slam_toolbox/srv/save_map.h
[2.420s] -- Up-to-date: /home/robot/robot_ws/install/slam_toolbox/include/slam_toolbox/slam_toolbox/srv/clear_queue.h
[2.420s] -- Up-to-date: /home/robot/robot_ws/install/slam_toolbox/include/slam_toolbox/slam_toolbox/srv/deserialize_pose_graph.h
[2.420s] -- Up-to-date: /home/robot/robot_ws/install/slam_toolbox/include/slam_toolbox/slam_toolbox/srv/clear.h
[2.420s] -- Up-to-date: /home/robot/robot_ws/install/slam_toolbox/include/slam_toolbox/slam_toolbox/srv/loop_closure.h
[2.420s] -- Up-to-date: /home/robot/robot_ws/install/slam_toolbox/include/slam_toolbox/slam_toolbox/srv/add_submap.h
[2.420s] -- Up-to-date: /home/robot/robot_ws/install/slam_toolbox/include/slam_toolbox/slam_toolbox/srv/merge_maps.h
[2.420s] -- Up-to-date: /home/robot/robot_ws/install/slam_toolbox/include/slam_toolbox/slam_toolbox/srv/detail
[2.420s] -- Up-to-date: /home/robot/robot_ws/install/slam_toolbox/include/slam_toolbox/slam_toolbox/srv/detail/clear__type_support.h
[2.421s] -- Up-to-date: /home/robot/robot_ws/install/slam_toolbox/include/slam_toolbox/slam_toolbox/srv/detail/pause__struct.h
[2.421s] -- Up-to-date: /home/robot/robot_ws/install/slam_toolbox/include/slam_toolbox/slam_toolbox/srv/detail/serialize_pose_graph__type_support.h
[2.421s] -- Up-to-date: /home/robot/robot_ws/install/slam_toolbox/include/slam_toolbox/slam_toolbox/srv/detail/loop_closure__type_support.h
[2.421s] -- Up-to-date: /home/robot/robot_ws/install/slam_toolbox/include/slam_toolbox/slam_toolbox/srv/detail/clear__functions.h
[2.422s] -- Up-to-date: /home/robot/robot_ws/install/slam_toolbox/include/slam_toolbox/slam_toolbox/srv/detail/deserialize_pose_graph__functions.h
[2.422s] -- Up-to-date: /home/robot/robot_ws/install/slam_toolbox/include/slam_toolbox/slam_toolbox/srv/detail/save_map__type_support.h
[2.422s] -- Up-to-date: /home/robot/robot_ws/install/slam_toolbox/include/slam_toolbox/slam_toolbox/srv/detail/pause__functions.h
[2.422s] -- Up-to-date: /home/robot/robot_ws/install/slam_toolbox/include/slam_toolbox/slam_toolbox/srv/detail/clear_queue__type_support.h
[2.422s] -- Up-to-date: /home/robot/robot_ws/install/slam_toolbox/include/slam_toolbox/slam_toolbox/srv/detail/clear__functions.c
[2.423s] -- Up-to-date: /home/robot/robot_ws/install/slam_toolbox/include/slam_toolbox/slam_toolbox/srv/detail/toggle_interactive__functions.c
[2.423s] -- Up-to-date: /home/robot/robot_ws/install/slam_toolbox/include/slam_toolbox/slam_toolbox/srv/detail/deserialize_pose_graph__type_support.h
[2.423s] -- Up-to-date: /home/robot/robot_ws/install/slam_toolbox/include/slam_toolbox/slam_toolbox/srv/detail/merge_maps__struct.h
[2.424s] -- Up-to-date: /home/robot/robot_ws/install/slam_toolbox/include/slam_toolbox/slam_toolbox/srv/detail/loop_closure__struct.h
[2.424s] -- Up-to-date: /home/robot/robot_ws/install/slam_toolbox/include/slam_toolbox/slam_toolbox/srv/detail/pause__functions.c
[2.424s] -- Up-to-date: /home/robot/robot_ws/install/slam_toolbox/include/slam_toolbox/slam_toolbox/srv/detail/serialize_pose_graph__functions.c
[2.424s] -- Up-to-date: /home/robot/robot_ws/install/slam_toolbox/include/slam_toolbox/slam_toolbox/srv/detail/add_submap__functions.c
[2.424s] -- Up-to-date: /home/robot/robot_ws/install/slam_toolbox/include/slam_toolbox/slam_toolbox/srv/detail/clear_queue__functions.c
[2.425s] -- Up-to-date: /home/robot/robot_ws/install/slam_toolbox/include/slam_toolbox/slam_toolbox/srv/detail/serialize_pose_graph__struct.h
[2.425s] -- Up-to-date: /home/robot/robot_ws/install/slam_toolbox/include/slam_toolbox/slam_toolbox/srv/detail/loop_closure__functions.c
[2.426s] -- Up-to-date: /home/robot/robot_ws/install/slam_toolbox/include/slam_toolbox/slam_toolbox/srv/detail/pause__type_support.h
[2.426s] -- Up-to-date: /home/robot/robot_ws/install/slam_toolbox/include/slam_toolbox/slam_toolbox/srv/detail/deserialize_pose_graph__functions.c
[2.426s] -- Up-to-date: /home/robot/robot_ws/install/slam_toolbox/include/slam_toolbox/slam_toolbox/srv/detail/merge_maps__functions.h
[2.426s] -- Up-to-date: /home/robot/robot_ws/install/slam_toolbox/include/slam_toolbox/slam_toolbox/srv/detail/toggle_interactive__type_support.h
[2.427s] -- Up-to-date: /home/robot/robot_ws/install/slam_toolbox/include/slam_toolbox/slam_toolbox/srv/detail/toggle_interactive__functions.h
[2.427s] -- Up-to-date: /home/robot/robot_ws/install/slam_toolbox/include/slam_toolbox/slam_toolbox/srv/detail/serialize_pose_graph__functions.h
[2.427s] -- Up-to-date: /home/robot/robot_ws/install/slam_toolbox/include/slam_toolbox/slam_toolbox/srv/detail/clear__struct.h
[2.427s] -- Up-to-date: /home/robot/robot_ws/install/slam_toolbox/include/slam_toolbox/slam_toolbox/srv/detail/add_submap__struct.h
[2.427s] -- Up-to-date: /home/robot/robot_ws/install/slam_toolbox/include/slam_toolbox/slam_toolbox/srv/detail/merge_maps__functions.c
[2.428s] -- Up-to-date: /home/robot/robot_ws/install/slam_toolbox/include/slam_toolbox/slam_toolbox/srv/detail/save_map__functions.c
[2.428s] -- Up-to-date: /home/robot/robot_ws/install/slam_toolbox/include/slam_toolbox/slam_toolbox/srv/detail/clear_queue__functions.h
[2.428s] -- Up-to-date: /home/robot/robot_ws/install/slam_toolbox/include/slam_toolbox/slam_toolbox/srv/detail/add_submap__functions.h
[2.429s] -- Up-to-date: /home/robot/robot_ws/install/slam_toolbox/include/slam_toolbox/slam_toolbox/srv/detail/save_map__functions.h
[2.430s] -- Up-to-date: /home/robot/robot_ws/install/slam_toolbox/include/slam_toolbox/slam_toolbox/srv/detail/deserialize_pose_graph__struct.h
[2.430s] -- Up-to-date: /home/robot/robot_ws/install/slam_toolbox/include/slam_toolbox/slam_toolbox/srv/detail/loop_closure__functions.h
[2.430s] -- Up-to-date: /home/robot/robot_ws/install/slam_toolbox/include/slam_toolbox/slam_toolbox/srv/detail/add_submap__type_support.h
[2.431s] -- Up-to-date: /home/robot/robot_ws/install/slam_toolbox/include/slam_toolbox/slam_toolbox/srv/detail/merge_maps__type_support.h
[2.431s] -- Up-to-date: /home/robot/robot_ws/install/slam_toolbox/include/slam_toolbox/slam_toolbox/srv/detail/toggle_interactive__struct.h
[2.431s] -- Up-to-date: /home/robot/robot_ws/install/slam_toolbox/include/slam_toolbox/slam_toolbox/srv/detail/clear_queue__struct.h
[2.432s] -- Up-to-date: /home/robot/robot_ws/install/slam_toolbox/include/slam_toolbox/slam_toolbox/srv/detail/save_map__struct.h
[2.432s] -- Up-to-date: /home/robot/robot_ws/install/slam_toolbox/include/slam_toolbox/slam_toolbox/srv/pause.h
[2.432s] -- Up-to-date: /home/robot/robot_ws/install/slam_toolbox/include/slam_toolbox/slam_toolbox/srv/toggle_interactive.h
[2.617s] -- Up-to-date: /home/robot/robot_ws/install/slam_toolbox/include/slam_toolbox/slam_toolbox/srv/serialize_pose_graph.h
[2.631s] -- Up-to-date: /home/robot/robot_ws/install/slam_toolbox/share/slam_toolbox/environment/library_path.sh
[2.631s] -- Up-to-date: /home/robot/robot_ws/install/slam_toolbox/share/slam_toolbox/environment/library_path.dsv
[2.631s] -- Up-to-date: /home/robot/robot_ws/install/slam_toolbox/lib/libslam_toolbox__rosidl_generator_c.so
[2.631s] -- Up-to-date: /home/robot/robot_ws/install/slam_toolbox/include/slam_toolbox/slam_toolbox
[2.636s] -- Up-to-date: /home/robot/robot_ws/install/slam_toolbox/include/slam_toolbox/slam_toolbox/msg
[2.636s] -- Up-to-date: /home/robot/robot_ws/install/slam_toolbox/include/slam_toolbox/slam_toolbox/msg/rosidl_typesupport_fastrtps_c__visibility_control.h
[2.636s] -- Up-to-date: /home/robot/robot_ws/install/slam_toolbox/include/slam_toolbox/slam_toolbox/srv
[2.636s] -- Up-to-date: /home/robot/robot_ws/install/slam_toolbox/include/slam_toolbox/slam_toolbox/srv/detail
[2.637s] -- Up-to-date: /home/robot/robot_ws/install/slam_toolbox/include/slam_toolbox/slam_toolbox/srv/detail/toggle_interactive__rosidl_typesupport_fastrtps_c.h
[2.637s] -- Up-to-date: /home/robot/robot_ws/install/slam_toolbox/include/slam_toolbox/slam_toolbox/srv/detail/save_map__rosidl_typesupport_fastrtps_c.h
[2.639s] -- Up-to-date: /home/robot/robot_ws/install/slam_toolbox/include/slam_toolbox/slam_toolbox/srv/detail/serialize_pose_graph__rosidl_typesupport_fastrtps_c.h
[2.639s] -- Up-to-date: /home/robot/robot_ws/install/slam_toolbox/include/slam_toolbox/slam_toolbox/srv/detail/pause__rosidl_typesupport_fastrtps_c.h
[2.639s] -- Up-to-date: /home/robot/robot_ws/install/slam_toolbox/include/slam_toolbox/slam_toolbox/srv/detail/add_submap__rosidl_typesupport_fastrtps_c.h
[2.639s] -- Up-to-date: /home/robot/robot_ws/install/slam_toolbox/include/slam_toolbox/slam_toolbox/srv/detail/merge_maps__rosidl_typesupport_fastrtps_c.h
[2.639s] -- Up-to-date: /home/robot/robot_ws/install/slam_toolbox/include/slam_toolbox/slam_toolbox/srv/detail/clear_queue__rosidl_typesupport_fastrtps_c.h
[2.639s] -- Up-to-date: /home/robot/robot_ws/install/slam_toolbox/include/slam_toolbox/slam_toolbox/srv/detail/clear__rosidl_typesupport_fastrtps_c.h
[2.639s] -- Up-to-date: /home/robot/robot_ws/install/slam_toolbox/include/slam_toolbox/slam_toolbox/srv/detail/loop_closure__rosidl_typesupport_fastrtps_c.h
[2.639s] -- Up-to-date: /home/robot/robot_ws/install/slam_toolbox/include/slam_toolbox/slam_toolbox/srv/detail/deserialize_pose_graph__rosidl_typesupport_fastrtps_c.h
[2.639s] -- Up-to-date: /home/robot/robot_ws/install/slam_toolbox/lib/libslam_toolbox__rosidl_typesupport_fastrtps_c.so
[2.640s] -- Up-to-date: /home/robot/robot_ws/install/slam_toolbox/include/slam_toolbox/slam_toolbox
[2.640s] -- Up-to-date: /home/robot/robot_ws/install/slam_toolbox/include/slam_toolbox/slam_toolbox/srv
[2.641s] -- Up-to-date: /home/robot/robot_ws/install/slam_toolbox/include/slam_toolbox/slam_toolbox/srv/save_map.hpp
[2.641s] -- Up-to-date: /home/robot/robot_ws/install/slam_toolbox/include/slam_toolbox/slam_toolbox/srv/deserialize_pose_graph.hpp
[2.641s] -- Up-to-date: /home/robot/robot_ws/install/slam_toolbox/include/slam_toolbox/slam_toolbox/srv/add_submap.hpp
[2.642s] -- Up-to-date: /home/robot/robot_ws/install/slam_toolbox/include/slam_toolbox/slam_toolbox/srv/serialize_pose_graph.hpp
[2.642s] -- Up-to-date: /home/robot/robot_ws/install/slam_toolbox/include/slam_toolbox/slam_toolbox/srv/merge_maps.hpp
[2.642s] -- Up-to-date: /home/robot/robot_ws/install/slam_toolbox/include/slam_toolbox/slam_toolbox/srv/pause.hpp
[2.642s] -- Up-to-date: /home/robot/robot_ws/install/slam_toolbox/include/slam_toolbox/slam_toolbox/srv/detail
[2.643s] -- Up-to-date: /home/robot/robot_ws/install/slam_toolbox/include/slam_toolbox/slam_toolbox/srv/detail/merge_maps__traits.hpp
[2.644s] -- Up-to-date: /home/robot/robot_ws/install/slam_toolbox/include/slam_toolbox/slam_toolbox/srv/detail/merge_maps__struct.hpp
[2.644s] -- Up-to-date: /home/robot/robot_ws/install/slam_toolbox/include/slam_toolbox/slam_toolbox/srv/detail/serialize_pose_graph__struct.hpp
[2.644s] -- Up-to-date: /home/robot/robot_ws/install/slam_toolbox/include/slam_toolbox/slam_toolbox/srv/detail/serialize_pose_graph__builder.hpp
[2.644s] -- Up-to-date: /home/robot/robot_ws/install/slam_toolbox/include/slam_toolbox/slam_toolbox/srv/detail/clear__traits.hpp
[2.645s] -- Up-to-date: /home/robot/robot_ws/install/slam_toolbox/include/slam_toolbox/slam_toolbox/srv/detail/save_map__struct.hpp
[2.645s] -- Up-to-date: /home/robot/robot_ws/install/slam_toolbox/include/slam_toolbox/slam_toolbox/srv/detail/loop_closure__traits.hpp
[2.645s] -- Up-to-date: /home/robot/robot_ws/install/slam_toolbox/include/slam_toolbox/slam_toolbox/srv/detail/clear_queue__struct.hpp
[2.646s] -- Up-to-date: /home/robot/robot_ws/install/slam_toolbox/include/slam_toolbox/slam_toolbox/srv/detail/serialize_pose_graph__traits.hpp
[2.646s] -- Up-to-date: /home/robot/robot_ws/install/slam_toolbox/include/slam_toolbox/slam_toolbox/srv/detail/pause__builder.hpp
[2.646s] -- Up-to-date: /home/robot/robot_ws/install/slam_toolbox/include/slam_toolbox/slam_toolbox/srv/detail/add_submap__traits.hpp
[2.649s] -- Up-to-date: /home/robot/robot_ws/install/slam_toolbox/include/slam_toolbox/slam_toolbox/srv/detail/add_submap__builder.hpp
[2.649s] -- Up-to-date: /home/robot/robot_ws/install/slam_toolbox/include/slam_toolbox/slam_toolbox/srv/detail/loop_closure__struct.hpp
[2.649s] -- Up-to-date: /home/robot/robot_ws/install/slam_toolbox/include/slam_toolbox/slam_toolbox/srv/detail/clear_queue__traits.hpp
[2.650s] -- Up-to-date: /home/robot/robot_ws/install/slam_toolbox/include/slam_toolbox/slam_toolbox/srv/detail/toggle_interactive__builder.hpp
[2.650s] -- Up-to-date: /home/robot/robot_ws/install/slam_toolbox/include/slam_toolbox/slam_toolbox/srv/detail/add_submap__struct.hpp
[2.650s] -- Up-to-date: /home/robot/robot_ws/install/slam_toolbox/include/slam_toolbox/slam_toolbox/srv/detail/deserialize_pose_graph__struct.hpp
[2.650s] -- Up-to-date: /home/robot/robot_ws/install/slam_toolbox/include/slam_toolbox/slam_toolbox/srv/detail/pause__traits.hpp
[2.650s] -- Up-to-date: /home/robot/robot_ws/install/slam_toolbox/include/slam_toolbox/slam_toolbox/srv/detail/clear__builder.hpp
[2.650s] -- Up-to-date: /home/robot/robot_ws/install/slam_toolbox/include/slam_toolbox/slam_toolbox/srv/detail/deserialize_pose_graph__builder.hpp
[2.650s] -- Up-to-date: /home/robot/robot_ws/install/slam_toolbox/include/slam_toolbox/slam_toolbox/srv/detail/pause__struct.hpp
[2.650s] -- Up-to-date: /home/robot/robot_ws/install/slam_toolbox/include/slam_toolbox/slam_toolbox/srv/detail/toggle_interactive__struct.hpp
[2.651s] -- Up-to-date: /home/robot/robot_ws/install/slam_toolbox/include/slam_toolbox/slam_toolbox/srv/detail/deserialize_pose_graph__traits.hpp
[2.651s] -- Up-to-date: /home/robot/robot_ws/install/slam_toolbox/include/slam_toolbox/slam_toolbox/srv/detail/clear_queue__builder.hpp
[2.651s] -- Up-to-date: /home/robot/robot_ws/install/slam_toolbox/include/slam_toolbox/slam_toolbox/srv/detail/loop_closure__builder.hpp
[2.651s] -- Up-to-date: /home/robot/robot_ws/install/slam_toolbox/include/slam_toolbox/slam_toolbox/srv/detail/clear__struct.hpp
[2.651s] -- Up-to-date: /home/robot/robot_ws/install/slam_toolbox/include/slam_toolbox/slam_toolbox/srv/detail/merge_maps__builder.hpp
[2.651s] -- Up-to-date: /home/robot/robot_ws/install/slam_toolbox/include/slam_toolbox/slam_toolbox/srv/detail/save_map__builder.hpp
[2.651s] -- Up-to-date: /home/robot/robot_ws/install/slam_toolbox/include/slam_toolbox/slam_toolbox/srv/detail/save_map__traits.hpp
[2.651s] -- Up-to-date: /home/robot/robot_ws/install/slam_toolbox/include/slam_toolbox/slam_toolbox/srv/detail/toggle_interactive__traits.hpp
[2.651s] -- Up-to-date: /home/robot/robot_ws/install/slam_toolbox/include/slam_toolbox/slam_toolbox/srv/clear.hpp
[2.652s] -- Up-to-date: /home/robot/robot_ws/install/slam_toolbox/include/slam_toolbox/slam_toolbox/srv/toggle_interactive.hpp
[2.652s] -- Up-to-date: /home/robot/robot_ws/install/slam_toolbox/include/slam_toolbox/slam_toolbox/srv/clear_queue.hpp
[2.652s] -- Up-to-date: /home/robot/robot_ws/install/slam_toolbox/include/slam_toolbox/slam_toolbox/srv/loop_closure.hpp
[2.652s] -- Up-to-date: /home/robot/robot_ws/install/slam_toolbox/include/slam_toolbox/slam_toolbox
[2.652s] -- Up-to-date: /home/robot/robot_ws/install/slam_toolbox/include/slam_toolbox/slam_toolbox/msg
[2.652s] -- Up-to-date: /home/robot/robot_ws/install/slam_toolbox/include/slam_toolbox/slam_toolbox/msg/rosidl_typesupport_fastrtps_cpp__visibility_control.h
[2.652s] -- Up-to-date: /home/robot/robot_ws/install/slam_toolbox/include/slam_toolbox/slam_toolbox/srv
[2.652s] -- Up-to-date: /home/robot/robot_ws/install/slam_toolbox/include/slam_toolbox/slam_toolbox/srv/detail
[2.653s] -- Up-to-date: /home/robot/robot_ws/install/slam_toolbox/include/slam_toolbox/slam_toolbox/srv/detail/serialize_pose_graph__rosidl_typesupport_fastrtps_cpp.hpp
[2.653s] -- Up-to-date: /home/robot/robot_ws/install/slam_toolbox/include/slam_toolbox/slam_toolbox/srv/detail/toggle_interactive__rosidl_typesupport_fastrtps_cpp.hpp
[2.654s] -- Up-to-date: /home/robot/robot_ws/install/slam_toolbox/include/slam_toolbox/slam_toolbox/srv/detail/pause__rosidl_typesupport_fastrtps_cpp.hpp
[2.654s] -- Up-to-date: /home/robot/robot_ws/install/slam_toolbox/include/slam_toolbox/slam_toolbox/srv/detail/clear__rosidl_typesupport_fastrtps_cpp.hpp
[2.656s] -- Up-to-date: /home/robot/robot_ws/install/slam_toolbox/include/slam_toolbox/slam_toolbox/srv/detail/dds_fastrtps
[2.657s] -- Up-to-date: /home/robot/robot_ws/install/slam_toolbox/include/slam_toolbox/slam_toolbox/srv/detail/merge_maps__rosidl_typesupport_fastrtps_cpp.hpp
[2.657s] -- Up-to-date: /home/robot/robot_ws/install/slam_toolbox/include/slam_toolbox/slam_toolbox/srv/detail/clear_queue__rosidl_typesupport_fastrtps_cpp.hpp
[2.657s] -- Up-to-date: /home/robot/robot_ws/install/slam_toolbox/include/slam_toolbox/slam_toolbox/srv/detail/deserialize_pose_graph__rosidl_typesupport_fastrtps_cpp.hpp
[2.657s] -- Up-to-date: /home/robot/robot_ws/install/slam_toolbox/include/slam_toolbox/slam_toolbox/srv/detail/loop_closure__rosidl_typesupport_fastrtps_cpp.hpp
[2.657s] -- Up-to-date: /home/robot/robot_ws/install/slam_toolbox/include/slam_toolbox/slam_toolbox/srv/detail/save_map__rosidl_typesupport_fastrtps_cpp.hpp
[2.657s] -- Up-to-date: /home/robot/robot_ws/install/slam_toolbox/include/slam_toolbox/slam_toolbox/srv/detail/add_submap__rosidl_typesupport_fastrtps_cpp.hpp
[2.657s] -- Up-to-date: /home/robot/robot_ws/install/slam_toolbox/lib/libslam_toolbox__rosidl_typesupport_fastrtps_cpp.so
[2.657s] -- Up-to-date: /home/robot/robot_ws/install/slam_toolbox/include/slam_toolbox/slam_toolbox
[2.657s] -- Up-to-date: /home/robot/robot_ws/install/slam_toolbox/include/slam_toolbox/slam_toolbox/msg
[2.658s] -- Up-to-date: /home/robot/robot_ws/install/slam_toolbox/include/slam_toolbox/slam_toolbox/msg/rosidl_typesupport_introspection_c__visibility_control.h
[2.658s] -- Up-to-date: /home/robot/robot_ws/install/slam_toolbox/include/slam_toolbox/slam_toolbox/srv
[2.659s] -- Up-to-date: /home/robot/robot_ws/install/slam_toolbox/include/slam_toolbox/slam_toolbox/srv/detail
[2.659s] -- Up-to-date: /home/robot/robot_ws/install/slam_toolbox/include/slam_toolbox/slam_toolbox/srv/detail/save_map__rosidl_typesupport_introspection_c.h
[2.659s] -- Up-to-date: /home/robot/robot_ws/install/slam_toolbox/include/slam_toolbox/slam_toolbox/srv/detail/pause__rosidl_typesupport_introspection_c.h
[2.660s] -- Up-to-date: /home/robot/robot_ws/install/slam_toolbox/include/slam_toolbox/slam_toolbox/srv/detail/add_submap__rosidl_typesupport_introspection_c.h
[2.660s] -- Up-to-date: /home/robot/robot_ws/install/slam_toolbox/include/slam_toolbox/slam_toolbox/srv/detail/loop_closure__rosidl_typesupport_introspection_c.h
[2.660s] -- Up-to-date: /home/robot/robot_ws/install/slam_toolbox/include/slam_toolbox/slam_toolbox/srv/detail/save_map__type_support.c
[2.660s] -- Up-to-date: /home/robot/robot_ws/install/slam_toolbox/include/slam_toolbox/slam_toolbox/srv/detail/pause__type_support.c
[2.660s] -- Up-to-date: /home/robot/robot_ws/install/slam_toolbox/include/slam_toolbox/slam_toolbox/srv/detail/serialize_pose_graph__rosidl_typesupport_introspection_c.h
[2.660s] -- Up-to-date: /home/robot/robot_ws/install/slam_toolbox/include/slam_toolbox/slam_toolbox/srv/detail/clear__rosidl_typesupport_introspection_c.h
[2.660s] -- Up-to-date: /home/robot/robot_ws/install/slam_toolbox/include/slam_toolbox/slam_toolbox/srv/detail/loop_closure__type_support.c
[2.660s] -- Up-to-date: /home/robot/robot_ws/install/slam_toolbox/include/slam_toolbox/slam_toolbox/srv/detail/add_submap__type_support.c
[2.660s] -- Up-to-date: /home/robot/robot_ws/install/slam_toolbox/include/slam_toolbox/slam_toolbox/srv/detail/deserialize_pose_graph__rosidl_typesupport_introspection_c.h
[2.660s] -- Up-to-date: /home/robot/robot_ws/install/slam_toolbox/include/slam_toolbox/slam_toolbox/srv/detail/serialize_pose_graph__type_support.c
[2.661s] -- Up-to-date: /home/robot/robot_ws/install/slam_toolbox/include/slam_toolbox/slam_toolbox/srv/detail/deserialize_pose_graph__type_support.c
[2.661s] -- Up-to-date: /home/robot/robot_ws/install/slam_toolbox/include/slam_toolbox/slam_toolbox/srv/detail/toggle_interactive__rosidl_typesupport_introspection_c.h
[2.661s] -- Up-to-date: /home/robot/robot_ws/install/slam_toolbox/include/slam_toolbox/slam_toolbox/srv/detail/merge_maps__rosidl_typesupport_introspection_c.h
[2.661s] -- Up-to-date: /home/robot/robot_ws/install/slam_toolbox/include/slam_toolbox/slam_toolbox/srv/detail/merge_maps__type_support.c
[2.661s] -- Up-to-date: /home/robot/robot_ws/install/slam_toolbox/include/slam_toolbox/slam_toolbox/srv/detail/toggle_interactive__type_support.c
[2.661s] -- Up-to-date: /home/robot/robot_ws/install/slam_toolbox/include/slam_toolbox/slam_toolbox/srv/detail/clear__type_support.c
[2.661s] -- Up-to-date: /home/robot/robot_ws/install/slam_toolbox/include/slam_toolbox/slam_toolbox/srv/detail/clear_queue__type_support.c
[2.661s] -- Up-to-date: /home/robot/robot_ws/install/slam_toolbox/include/slam_toolbox/slam_toolbox/srv/detail/clear_queue__rosidl_typesupport_introspection_c.h
[2.662s] -- Up-to-date: /home/robot/robot_ws/install/slam_toolbox/lib/libslam_toolbox__rosidl_typesupport_introspection_c.so
[2.662s] -- Up-to-date: /home/robot/robot_ws/install/slam_toolbox/lib/libslam_toolbox__rosidl_typesupport_c.so
[2.662s] -- Up-to-date: /home/robot/robot_ws/install/slam_toolbox/include/slam_toolbox/slam_toolbox
[2.663s] -- Up-to-date: /home/robot/robot_ws/install/slam_toolbox/include/slam_toolbox/slam_toolbox/srv
[2.663s] -- Up-to-date: /home/robot/robot_ws/install/slam_toolbox/include/slam_toolbox/slam_toolbox/srv/detail
[2.665s] -- Up-to-date: /home/robot/robot_ws/install/slam_toolbox/include/slam_toolbox/slam_toolbox/srv/detail/merge_maps__rosidl_typesupport_introspection_cpp.hpp
[2.666s] -- Up-to-date: /home/robot/robot_ws/install/slam_toolbox/include/slam_toolbox/slam_toolbox/srv/detail/save_map__rosidl_typesupport_introspection_cpp.hpp
[2.667s] -- Up-to-date: /home/robot/robot_ws/install/slam_toolbox/include/slam_toolbox/slam_toolbox/srv/detail/clear_queue__type_support.cpp
[2.668s] -- Up-to-date: /home/robot/robot_ws/install/slam_toolbox/include/slam_toolbox/slam_toolbox/srv/detail/pause__type_support.cpp
[2.668s] -- Up-to-date: /home/robot/robot_ws/install/slam_toolbox/include/slam_toolbox/slam_toolbox/srv/detail/deserialize_pose_graph__type_support.cpp
[2.668s] -- Up-to-date: /home/robot/robot_ws/install/slam_toolbox/include/slam_toolbox/slam_toolbox/srv/detail/serialize_pose_graph__type_support.cpp
[2.668s] -- Up-to-date: /home/robot/robot_ws/install/slam_toolbox/include/slam_toolbox/slam_toolbox/srv/detail/pause__rosidl_typesupport_introspection_cpp.hpp
[2.668s] -- Up-to-date: /home/robot/robot_ws/install/slam_toolbox/include/slam_toolbox/slam_toolbox/srv/detail/loop_closure__type_support.cpp
[2.669s] -- Up-to-date: /home/robot/robot_ws/install/slam_toolbox/include/slam_toolbox/slam_toolbox/srv/detail/clear__type_support.cpp
[2.669s] -- Up-to-date: /home/robot/robot_ws/install/slam_toolbox/include/slam_toolbox/slam_toolbox/srv/detail/serialize_pose_graph__rosidl_typesupport_introspection_cpp.hpp
[2.669s] -- Up-to-date: /home/robot/robot_ws/install/slam_toolbox/include/slam_toolbox/slam_toolbox/srv/detail/add_submap__rosidl_typesupport_introspection_cpp.hpp
[2.669s] -- Up-to-date: /home/robot/robot_ws/install/slam_toolbox/include/slam_toolbox/slam_toolbox/srv/detail/clear_queue__rosidl_typesupport_introspection_cpp.hpp
[2.669s] -- Up-to-date: /home/robot/robot_ws/install/slam_toolbox/include/slam_toolbox/slam_toolbox/srv/detail/toggle_interactive__rosidl_typesupport_introspection_cpp.hpp
[2.669s] -- Up-to-date: /home/robot/robot_ws/install/slam_toolbox/include/slam_toolbox/slam_toolbox/srv/detail/save_map__type_support.cpp
[2.669s] -- Up-to-date: /home/robot/robot_ws/install/slam_toolbox/include/slam_toolbox/slam_toolbox/srv/detail/deserialize_pose_graph__rosidl_typesupport_introspection_cpp.hpp
[2.669s] -- Up-to-date: /home/robot/robot_ws/install/slam_toolbox/include/slam_toolbox/slam_toolbox/srv/detail/loop_closure__rosidl_typesupport_introspection_cpp.hpp
[2.669s] -- Up-to-date: /home/robot/robot_ws/install/slam_toolbox/include/slam_toolbox/slam_toolbox/srv/detail/merge_maps__type_support.cpp
[2.669s] -- Up-to-date: /home/robot/robot_ws/install/slam_toolbox/include/slam_toolbox/slam_toolbox/srv/detail/add_submap__type_support.cpp
[2.669s] -- Up-to-date: /home/robot/robot_ws/install/slam_toolbox/include/slam_toolbox/slam_toolbox/srv/detail/toggle_interactive__type_support.cpp
[2.670s] -- Up-to-date: /home/robot/robot_ws/install/slam_toolbox/include/slam_toolbox/slam_toolbox/srv/detail/clear__rosidl_typesupport_introspection_cpp.hpp
[2.670s] -- Up-to-date: /home/robot/robot_ws/install/slam_toolbox/lib/libslam_toolbox__rosidl_typesupport_introspection_cpp.so
[2.670s] -- Up-to-date: /home/robot/robot_ws/install/slam_toolbox/lib/libslam_toolbox__rosidl_typesupport_cpp.so
[2.670s] -- Up-to-date: /home/robot/robot_ws/install/slam_toolbox/share/slam_toolbox/environment/pythonpath.sh
[2.670s] -- Up-to-date: /home/robot/robot_ws/install/slam_toolbox/share/slam_toolbox/environment/pythonpath.dsv
[2.670s] -- Up-to-date: /home/robot/robot_ws/install/slam_toolbox/local/lib/python3.10/dist-packages/slam_toolbox-2.7.0-py3.10.egg-info
[2.670s] -- Installing: /home/robot/robot_ws/install/slam_toolbox/local/lib/python3.10/dist-packages/slam_toolbox-2.7.0-py3.10.egg-info/PKG-INFO
[2.670s] -- Installing: /home/robot/robot_ws/install/slam_toolbox/local/lib/python3.10/dist-packages/slam_toolbox-2.7.0-py3.10.egg-info/top_level.txt
[2.672s] -- Installing: /home/robot/robot_ws/install/slam_toolbox/local/lib/python3.10/dist-packages/slam_toolbox-2.7.0-py3.10.egg-info/dependency_links.txt
[2.672s] -- Installing: /home/robot/robot_ws/install/slam_toolbox/local/lib/python3.10/dist-packages/slam_toolbox-2.7.0-py3.10.egg-info/SOURCES.txt
[2.672s] -- Up-to-date: /home/robot/robot_ws/install/slam_toolbox/local/lib/python3.10/dist-packages/slam_toolbox
[2.672s] -- Up-to-date: /home/robot/robot_ws/install/slam_toolbox/local/lib/python3.10/dist-packages/slam_toolbox/_slam_toolbox_s.ep.rosidl_typesupport_introspection_c.c
[2.672s] -- Up-to-date: /home/robot/robot_ws/install/slam_toolbox/local/lib/python3.10/dist-packages/slam_toolbox/_slam_toolbox_s.ep.rosidl_typesupport_fastrtps_c.c
[2.673s] -- Up-to-date: /home/robot/robot_ws/install/slam_toolbox/local/lib/python3.10/dist-packages/slam_toolbox/slam_toolbox_s__rosidl_typesupport_introspection_c.cpython-310-x86_64-linux-gnu.so
[2.673s] -- Up-to-date: /home/robot/robot_ws/install/slam_toolbox/local/lib/python3.10/dist-packages/slam_toolbox/libslam_toolbox__rosidl_generator_py.so
[2.673s] -- Up-to-date: /home/robot/robot_ws/install/slam_toolbox/local/lib/python3.10/dist-packages/slam_toolbox/__init__.py
[2.673s] -- Up-to-date: /home/robot/robot_ws/install/slam_toolbox/local/lib/python3.10/dist-packages/slam_toolbox/srv
[2.676s] -- Up-to-date: /home/robot/robot_ws/install/slam_toolbox/local/lib/python3.10/dist-packages/slam_toolbox/srv/_toggle_interactive_s.c
[2.676s] -- Up-to-date: /home/robot/robot_ws/install/slam_toolbox/local/lib/python3.10/dist-packages/slam_toolbox/srv/_add_submap.py
[2.676s] -- Up-to-date: /home/robot/robot_ws/install/slam_toolbox/local/lib/python3.10/dist-packages/slam_toolbox/srv/_clear_queue_s.c
[2.676s] -- Up-to-date: /home/robot/robot_ws/install/slam_toolbox/local/lib/python3.10/dist-packages/slam_toolbox/srv/_merge_maps_s.c
[2.676s] -- Up-to-date: /home/robot/robot_ws/install/slam_toolbox/local/lib/python3.10/dist-packages/slam_toolbox/srv/_save_map.py
[2.676s] -- Up-to-date: /home/robot/robot_ws/install/slam_toolbox/local/lib/python3.10/dist-packages/slam_toolbox/srv/_deserialize_pose_graph_s.c
[2.676s] -- Up-to-date: /home/robot/robot_ws/install/slam_toolbox/local/lib/python3.10/dist-packages/slam_toolbox/srv/_serialize_pose_graph_s.c
[2.676s] -- Up-to-date: /home/robot/robot_ws/install/slam_toolbox/local/lib/python3.10/dist-packages/slam_toolbox/srv/_save_map_s.c
[2.676s] -- Up-to-date: /home/robot/robot_ws/install/slam_toolbox/local/lib/python3.10/dist-packages/slam_toolbox/srv/_deserialize_pose_graph.py
[2.676s] -- Up-to-date: /home/robot/robot_ws/install/slam_toolbox/local/lib/python3.10/dist-packages/slam_toolbox/srv/_merge_maps.py
[2.677s] -- Up-to-date: /home/robot/robot_ws/install/slam_toolbox/local/lib/python3.10/dist-packages/slam_toolbox/srv/_serialize_pose_graph.py
[2.677s] -- Up-to-date: /home/robot/robot_ws/install/slam_toolbox/local/lib/python3.10/dist-packages/slam_toolbox/srv/__init__.py
[2.677s] -- Up-to-date: /home/robot/robot_ws/install/slam_toolbox/local/lib/python3.10/dist-packages/slam_toolbox/srv/_loop_closure_s.c
[2.677s] -- Up-to-date: /home/robot/robot_ws/install/slam_toolbox/local/lib/python3.10/dist-packages/slam_toolbox/srv/_clear_queue.py
[2.677s] -- Up-to-date: /home/robot/robot_ws/install/slam_toolbox/local/lib/python3.10/dist-packages/slam_toolbox/srv/_pause.py
[2.677s] -- Up-to-date: /home/robot/robot_ws/install/slam_toolbox/local/lib/python3.10/dist-packages/slam_toolbox/srv/_clear_s.c
[2.677s] -- Up-to-date: /home/robot/robot_ws/install/slam_toolbox/local/lib/python3.10/dist-packages/slam_toolbox/srv/_clear.py
[2.677s] -- Up-to-date: /home/robot/robot_ws/install/slam_toolbox/local/lib/python3.10/dist-packages/slam_toolbox/srv/_loop_closure.py
[2.677s] -- Up-to-date: /home/robot/robot_ws/install/slam_toolbox/local/lib/python3.10/dist-packages/slam_toolbox/srv/_add_submap_s.c
[2.677s] -- Up-to-date: /home/robot/robot_ws/install/slam_toolbox/local/lib/python3.10/dist-packages/slam_toolbox/srv/_pause_s.c
[2.677s] -- Up-to-date: /home/robot/robot_ws/install/slam_toolbox/local/lib/python3.10/dist-packages/slam_toolbox/srv/_toggle_interactive.py
[2.678s] -- Up-to-date: /home/robot/robot_ws/install/slam_toolbox/local/lib/python3.10/dist-packages/slam_toolbox/slam_toolbox_s__rosidl_typesupport_fastrtps_c.cpython-310-x86_64-linux-gnu.so
[2.678s] -- Up-to-date: /home/robot/robot_ws/install/slam_toolbox/local/lib/python3.10/dist-packages/slam_toolbox/_slam_toolbox_s.ep.rosidl_typesupport_c.c
[2.678s] -- Up-to-date: /home/robot/robot_ws/install/slam_toolbox/local/lib/python3.10/dist-packages/slam_toolbox/slam_toolbox_s__rosidl_typesupport_c.cpython-310-x86_64-linux-gnu.so
[2.729s] Listing '/home/robot/robot_ws/install/slam_toolbox/local/lib/python3.10/dist-packages/slam_toolbox'...
[2.729s] Listing '/home/robot/robot_ws/install/slam_toolbox/local/lib/python3.10/dist-packages/slam_toolbox/srv'...
[2.732s] -- Up-to-date: /home/robot/robot_ws/install/slam_toolbox/local/lib/python3.10/dist-packages/slam_toolbox/slam_toolbox_s__rosidl_typesupport_fastrtps_c.cpython-310-x86_64-linux-gnu.so
[2.733s] -- Up-to-date: /home/robot/robot_ws/install/slam_toolbox/local/lib/python3.10/dist-packages/slam_toolbox/slam_toolbox_s__rosidl_typesupport_introspection_c.cpython-310-x86_64-linux-gnu.so
[2.734s] -- Up-to-date: /home/robot/robot_ws/install/slam_toolbox/local/lib/python3.10/dist-packages/slam_toolbox/slam_toolbox_s__rosidl_typesupport_c.cpython-310-x86_64-linux-gnu.so
[2.735s] -- Up-to-date: /home/robot/robot_ws/install/slam_toolbox/lib/libslam_toolbox__rosidl_generator_py.so
[2.735s] -- Up-to-date: /home/robot/robot_ws/install/slam_toolbox/share/slam_toolbox/srv/Pause.idl
[2.736s] -- Up-to-date: /home/robot/robot_ws/install/slam_toolbox/share/slam_toolbox/srv/ClearQueue.idl
[2.736s] -- Up-to-date: /home/robot/robot_ws/install/slam_toolbox/share/slam_toolbox/srv/ToggleInteractive.idl
[2.736s] -- Up-to-date: /home/robot/robot_ws/install/slam_toolbox/share/slam_toolbox/srv/Clear.idl
[2.737s] -- Up-to-date: /home/robot/robot_ws/install/slam_toolbox/share/slam_toolbox/srv/SaveMap.idl
[2.737s] -- Up-to-date: /home/robot/robot_ws/install/slam_toolbox/share/slam_toolbox/srv/LoopClosure.idl
[2.738s] -- Up-to-date: /home/robot/robot_ws/install/slam_toolbox/share/slam_toolbox/srv/MergeMaps.idl
[2.738s] -- Up-to-date: /home/robot/robot_ws/install/slam_toolbox/share/slam_toolbox/srv/AddSubmap.idl
[2.739s] -- Up-to-date: /home/robot/robot_ws/install/slam_toolbox/share/slam_toolbox/srv/DeserializePoseGraph.idl
[2.739s] -- Up-to-date: /home/robot/robot_ws/install/slam_toolbox/share/slam_toolbox/srv/SerializePoseGraph.idl
[2.739s] -- Up-to-date: /home/robot/robot_ws/install/slam_toolbox/share/slam_toolbox/srvs/Pause.srv
[2.739s] -- Up-to-date: /home/robot/robot_ws/install/slam_toolbox/share/slam_toolbox/srvs/Pause_Request.msg
[2.739s] -- Up-to-date: /home/robot/robot_ws/install/slam_toolbox/share/slam_toolbox/srvs/Pause_Response.msg
[2.739s] -- Up-to-date: /home/robot/robot_ws/install/slam_toolbox/share/slam_toolbox/srvs/ClearQueue.srv
[2.739s] -- Up-to-date: /home/robot/robot_ws/install/slam_toolbox/share/slam_toolbox/srvs/ClearQueue_Request.msg
[2.739s] -- Up-to-date: /home/robot/robot_ws/install/slam_toolbox/share/slam_toolbox/srvs/ClearQueue_Response.msg
[2.739s] -- Up-to-date: /home/robot/robot_ws/install/slam_toolbox/share/slam_toolbox/srvs/ToggleInteractive.srv
[2.739s] -- Up-to-date: /home/robot/robot_ws/install/slam_toolbox/share/slam_toolbox/srvs/ToggleInteractive_Request.msg
[2.740s] -- Up-to-date: /home/robot/robot_ws/install/slam_toolbox/share/slam_toolbox/srvs/ToggleInteractive_Response.msg
[2.740s] -- Up-to-date: /home/robot/robot_ws/install/slam_toolbox/share/slam_toolbox/srvs/Clear.srv
[2.740s] -- Up-to-date: /home/robot/robot_ws/install/slam_toolbox/share/slam_toolbox/srvs/Clear_Request.msg
[2.740s] -- Up-to-date: /home/robot/robot_ws/install/slam_toolbox/share/slam_toolbox/srvs/Clear_Response.msg
[2.740s] -- Up-to-date: /home/robot/robot_ws/install/slam_toolbox/share/slam_toolbox/srvs/SaveMap.srv
[2.740s] -- Up-to-date: /home/robot/robot_ws/install/slam_toolbox/share/slam_toolbox/srvs/SaveMap_Request.msg
[2.740s] -- Up-to-date: /home/robot/robot_ws/install/slam_toolbox/share/slam_toolbox/srvs/SaveMap_Response.msg
[2.740s] -- Up-to-date: /home/robot/robot_ws/install/slam_toolbox/share/slam_toolbox/srvs/LoopClosure.srv
[2.740s] -- Up-to-date: /home/robot/robot_ws/install/slam_toolbox/share/slam_toolbox/srvs/LoopClosure_Request.msg
[2.740s] -- Up-to-date: /home/robot/robot_ws/install/slam_toolbox/share/slam_toolbox/srvs/LoopClosure_Response.msg
[2.741s] -- Up-to-date: /home/robot/robot_ws/install/slam_toolbox/share/slam_toolbox/srvs/MergeMaps.srv
[2.741s] -- Up-to-date: /home/robot/robot_ws/install/slam_toolbox/share/slam_toolbox/srvs/MergeMaps_Request.msg
[2.741s] -- Up-to-date: /home/robot/robot_ws/install/slam_toolbox/share/slam_toolbox/srvs/MergeMaps_Response.msg
[2.741s] -- Up-to-date: /home/robot/robot_ws/install/slam_toolbox/share/slam_toolbox/srvs/AddSubmap.srv
[2.741s] -- Up-to-date: /home/robot/robot_ws/install/slam_toolbox/share/slam_toolbox/srvs/AddSubmap_Request.msg
[2.741s] -- Up-to-date: /home/robot/robot_ws/install/slam_toolbox/share/slam_toolbox/srvs/AddSubmap_Response.msg
[2.741s] -- Up-to-date: /home/robot/robot_ws/install/slam_toolbox/share/slam_toolbox/srvs/DeserializePoseGraph.srv
[2.741s] -- Up-to-date: /home/robot/robot_ws/install/slam_toolbox/share/slam_toolbox/srvs/DeserializePoseGraph_Request.msg
[2.741s] -- Up-to-date: /home/robot/robot_ws/install/slam_toolbox/share/slam_toolbox/srvs/DeserializePoseGraph_Response.msg
[2.741s] -- Up-to-date: /home/robot/robot_ws/install/slam_toolbox/share/slam_toolbox/srvs/SerializePoseGraph.srv
[2.741s] -- Up-to-date: /home/robot/robot_ws/install/slam_toolbox/share/slam_toolbox/srvs/SerializePoseGraph_Request.msg
[2.742s] -- Up-to-date: /home/robot/robot_ws/install/slam_toolbox/share/slam_toolbox/srvs/SerializePoseGraph_Response.msg
[2.742s] -- Up-to-date: /home/robot/robot_ws/install/slam_toolbox/share/slam_toolbox/rviz_plugins.xml
[2.742s] -- Up-to-date: /home/robot/robot_ws/install/slam_toolbox/share/slam_toolbox/solver_plugins.xml
[2.742s] -- Up-to-date: /home/robot/robot_ws/install/slam_toolbox/lib/slam_toolbox/async_slam_toolbox_node
[2.742s] -- Up-to-date: /home/robot/robot_ws/install/slam_toolbox/lib/slam_toolbox/sync_slam_toolbox_node
[2.742s] -- Up-to-date: /home/robot/robot_ws/install/slam_toolbox/lib/slam_toolbox/localization_slam_toolbox_node
[2.742s] -- Up-to-date: /home/robot/robot_ws/install/slam_toolbox/lib/slam_toolbox/map_and_localization_slam_toolbox_node
[2.742s] -- Up-to-date: /home/robot/robot_ws/install/slam_toolbox/lib/slam_toolbox/lifelong_slam_toolbox_node
[2.742s] -- Up-to-date: /home/robot/robot_ws/install/slam_toolbox/lib/slam_toolbox/merge_maps_kinematic
[2.742s] -- Up-to-date: /home/robot/robot_ws/install/slam_toolbox/lib/libtoolbox_common.so
[2.743s] -- Up-to-date: /home/robot/robot_ws/install/slam_toolbox/lib/libSlamToolboxPlugin.so
[2.743s] -- Up-to-date: /home/robot/robot_ws/install/slam_toolbox/lib/libceres_solver_plugin.so
[2.743s] -- Up-to-date: /home/robot/robot_ws/install/slam_toolbox/lib/libasync_slam_toolbox.so
[2.743s] -- Up-to-date: /home/robot/robot_ws/install/slam_toolbox/lib/libsync_slam_toolbox.so
[2.743s] -- Up-to-date: /home/robot/robot_ws/install/slam_toolbox/lib/liblocalization_slam_toolbox.so
[2.743s] -- Up-to-date: /home/robot/robot_ws/install/slam_toolbox/lib/liblifelong_slam_toolbox.so
[2.743s] -- Up-to-date: /home/robot/robot_ws/install/slam_toolbox/lib/libmap_and_localization_slam_toolbox.so
[2.743s] -- Up-to-date: /home/robot/robot_ws/install/slam_toolbox/lib/libkartoSlamToolbox.so
[2.743s] -- Up-to-date: /home/robot/robot_ws/install/slam_toolbox/lib/libSlamToolboxPlugin.so
[2.743s] -- Up-to-date: /home/robot/robot_ws/install/slam_toolbox/include
[2.748s] -- Up-to-date: /home/robot/robot_ws/install/slam_toolbox/include/slam_toolbox
[2.749s] -- Up-to-date: /home/robot/robot_ws/install/slam_toolbox/include/slam_toolbox/map_saver.hpp
[2.749s] -- Up-to-date: /home/robot/robot_ws/install/slam_toolbox/include/slam_toolbox/slam_toolbox_sync.hpp
[2.749s] -- Up-to-date: /home/robot/robot_ws/install/slam_toolbox/include/slam_toolbox/toolbox_types.hpp
[2.749s] -- Up-to-date: /home/robot/robot_ws/install/slam_toolbox/include/slam_toolbox/slam_mapper.hpp
[2.749s] -- Up-to-date: /home/robot/robot_ws/install/slam_toolbox/include/slam_toolbox/snap_utils.hpp
[2.749s] -- Up-to-date: /home/robot/robot_ws/install/slam_toolbox/include/slam_toolbox/loop_closure_assistant.hpp
[2.749s] -- Up-to-date: /home/robot/robot_ws/install/slam_toolbox/include/slam_toolbox/visualization_utils.hpp
[2.749s] -- Up-to-date: /home/robot/robot_ws/install/slam_toolbox/include/slam_toolbox/slam_toolbox_async.hpp
[2.749s] -- Up-to-date: /home/robot/robot_ws/install/slam_toolbox/include/slam_toolbox/toolbox_msgs.hpp
[2.750s] -- Up-to-date: /home/robot/robot_ws/install/slam_toolbox/include/slam_toolbox/get_pose_helper.hpp
[2.750s] -- Up-to-date: /home/robot/robot_ws/install/slam_toolbox/include/slam_toolbox/merge_maps_kinematic.hpp
[2.750s] -- Up-to-date: /home/robot/robot_ws/install/slam_toolbox/include/slam_toolbox/experimental
[2.751s] -- Up-to-date: /home/robot/robot_ws/install/slam_toolbox/include/slam_toolbox/experimental/slam_toolbox_lifelong.hpp
[2.751s] -- Up-to-date: /home/robot/robot_ws/install/slam_toolbox/include/slam_toolbox/experimental/slam_toolbox_map_and_localization.hpp
[2.751s] -- Up-to-date: /home/robot/robot_ws/install/slam_toolbox/include/slam_toolbox/slam_toolbox_common.hpp
[2.752s] -- Up-to-date: /home/robot/robot_ws/install/slam_toolbox/include/slam_toolbox/slam_toolbox_localization.hpp
[2.752s] -- Up-to-date: /home/robot/robot_ws/install/slam_toolbox/include/slam_toolbox/serialization.hpp
[2.753s] -- Up-to-date: /home/robot/robot_ws/install/slam_toolbox/include/slam_toolbox/laser_utils.hpp
[2.753s] -- Up-to-date: /home/robot/robot_ws/install/slam_toolbox/share/slam_toolbox/launch
[2.753s] -- Up-to-date: /home/robot/robot_ws/install/slam_toolbox/share/slam_toolbox/launch/offline_launch.py
[2.753s] -- Up-to-date: /home/robot/robot_ws/install/slam_toolbox/share/slam_toolbox/launch/merge_maps_kinematic_launch.py
[2.753s] -- Up-to-date: /home/robot/robot_ws/install/slam_toolbox/share/slam_toolbox/launch/localization_launch.py
[2.755s] -- Up-to-date: /home/robot/robot_ws/install/slam_toolbox/share/slam_toolbox/launch/online_sync_launch.py
[2.755s] -- Up-to-date: /home/robot/robot_ws/install/slam_toolbox/share/slam_toolbox/launch/online_async_launch.py
[2.755s] -- Up-to-date: /home/robot/robot_ws/install/slam_toolbox/share/slam_toolbox/config
[2.755s] -- Up-to-date: /home/robot/robot_ws/install/slam_toolbox/share/slam_toolbox/config/mapper_params_offline.yaml
[2.755s] -- Up-to-date: /home/robot/robot_ws/install/slam_toolbox/share/slam_toolbox/config/mapper_params_online_async.yaml
[2.755s] -- Up-to-date: /home/robot/robot_ws/install/slam_toolbox/share/slam_toolbox/config/slam_toolbox_default.rviz
[2.755s] -- Up-to-date: /home/robot/robot_ws/install/slam_toolbox/share/slam_toolbox/config/mapper_params_localization.yaml
[2.755s] -- Up-to-date: /home/robot/robot_ws/install/slam_toolbox/share/slam_toolbox/config/mapper_params_online_sync.yaml
[2.756s] -- Up-to-date: /home/robot/robot_ws/install/slam_toolbox/share/slam_toolbox/config/mapper_params_lifelong.yaml
[2.756s] -- Up-to-date: /home/robot/robot_ws/install/slam_toolbox/share/solver_plugins.xml
[2.756s] -- Up-to-date: /home/robot/robot_ws/install/slam_toolbox/share/rviz_plugins.xml
[2.756s] -- Up-to-date: /home/robot/robot_ws/install/slam_toolbox/share/ament_index/resource_index/package_run_dependencies/slam_toolbox
[2.756s] -- Up-to-date: /home/robot/robot_ws/install/slam_toolbox/share/ament_index/resource_index/parent_prefix_path/slam_toolbox
[2.756s] -- Up-to-date: /home/robot/robot_ws/install/slam_toolbox/share/slam_toolbox/environment/ament_prefix_path.sh
[2.756s] -- Up-to-date: /home/robot/robot_ws/install/slam_toolbox/share/slam_toolbox/environment/ament_prefix_path.dsv
[2.756s] -- Up-to-date: /home/robot/robot_ws/install/slam_toolbox/share/slam_toolbox/environment/path.sh
[2.756s] -- Up-to-date: /home/robot/robot_ws/install/slam_toolbox/share/slam_toolbox/environment/path.dsv
[2.756s] -- Up-to-date: /home/robot/robot_ws/install/slam_toolbox/share/slam_toolbox/local_setup.bash
[2.757s] -- Up-to-date: /home/robot/robot_ws/install/slam_toolbox/share/slam_toolbox/local_setup.sh
[2.757s] -- Up-to-date: /home/robot/robot_ws/install/slam_toolbox/share/slam_toolbox/local_setup.zsh
[2.757s] -- Up-to-date: /home/robot/robot_ws/install/slam_toolbox/share/slam_toolbox/local_setup.dsv
[2.757s] -- Installing: /home/robot/robot_ws/install/slam_toolbox/share/slam_toolbox/package.dsv
[2.757s] -- Up-to-date: /home/robot/robot_ws/install/slam_toolbox/share/ament_index/resource_index/packages/slam_toolbox
[2.757s] -- Up-to-date: /home/robot/robot_ws/install/slam_toolbox/share/ament_index/resource_index/rviz_common__pluginlib__plugin/slam_toolbox
[2.757s] -- Up-to-date: /home/robot/robot_ws/install/slam_toolbox/share/ament_index/resource_index/slam_toolbox__pluginlib__plugin/slam_toolbox
[2.757s] -- Up-to-date: /home/robot/robot_ws/install/slam_toolbox/share/slam_toolbox/cmake/export_slam_toolbox__rosidl_generator_cExport.cmake
[2.757s] -- Up-to-date: /home/robot/robot_ws/install/slam_toolbox/share/slam_toolbox/cmake/export_slam_toolbox__rosidl_generator_cExport-release.cmake
[2.757s] -- Up-to-date: /home/robot/robot_ws/install/slam_toolbox/share/slam_toolbox/cmake/export_slam_toolbox__rosidl_typesupport_fastrtps_cExport.cmake
[2.757s] -- Up-to-date: /home/robot/robot_ws/install/slam_toolbox/share/slam_toolbox/cmake/export_slam_toolbox__rosidl_typesupport_fastrtps_cExport-release.cmake
[2.757s] -- Up-to-date: /home/robot/robot_ws/install/slam_toolbox/share/slam_toolbox/cmake/export_slam_toolbox__rosidl_generator_cppExport.cmake
[2.758s] -- Up-to-date: /home/robot/robot_ws/install/slam_toolbox/share/slam_toolbox/cmake/export_slam_toolbox__rosidl_typesupport_fastrtps_cppExport.cmake
[2.758s] -- Up-to-date: /home/robot/robot_ws/install/slam_toolbox/share/slam_toolbox/cmake/export_slam_toolbox__rosidl_typesupport_fastrtps_cppExport-release.cmake
[2.758s] -- Up-to-date: /home/robot/robot_ws/install/slam_toolbox/share/slam_toolbox/cmake/slam_toolbox__rosidl_typesupport_introspection_cExport.cmake
[2.758s] -- Up-to-date: /home/robot/robot_ws/install/slam_toolbox/share/slam_toolbox/cmake/slam_toolbox__rosidl_typesupport_introspection_cExport-release.cmake
[2.758s] -- Up-to-date: /home/robot/robot_ws/install/slam_toolbox/share/slam_toolbox/cmake/slam_toolbox__rosidl_typesupport_cExport.cmake
[2.758s] -- Up-to-date: /home/robot/robot_ws/install/slam_toolbox/share/slam_toolbox/cmake/slam_toolbox__rosidl_typesupport_cExport-release.cmake
[2.758s] -- Up-to-date: /home/robot/robot_ws/install/slam_toolbox/share/slam_toolbox/cmake/slam_toolbox__rosidl_typesupport_introspection_cppExport.cmake
[2.758s] -- Up-to-date: /home/robot/robot_ws/install/slam_toolbox/share/slam_toolbox/cmake/slam_toolbox__rosidl_typesupport_introspection_cppExport-release.cmake
[2.758s] -- Up-to-date: /home/robot/robot_ws/install/slam_toolbox/share/slam_toolbox/cmake/slam_toolbox__rosidl_typesupport_cppExport.cmake
[2.758s] -- Up-to-date: /home/robot/robot_ws/install/slam_toolbox/share/slam_toolbox/cmake/slam_toolbox__rosidl_typesupport_cppExport-release.cmake
[2.758s] -- Up-to-date: /home/robot/robot_ws/install/slam_toolbox/share/slam_toolbox/cmake/export_slam_toolbox__rosidl_generator_pyExport.cmake
[2.759s] -- Up-to-date: /home/robot/robot_ws/install/slam_toolbox/share/slam_toolbox/cmake/export_slam_toolbox__rosidl_generator_pyExport-release.cmake
[2.759s] -- Up-to-date: /home/robot/robot_ws/install/slam_toolbox/share/slam_toolbox/cmake/SlamToolboxPluginExport.cmake
[2.759s] -- Up-to-date: /home/robot/robot_ws/install/slam_toolbox/share/slam_toolbox/cmake/SlamToolboxPluginExport-release.cmake
[2.773s] -- Up-to-date: /home/robot/robot_ws/install/slam_toolbox/share/ament_index/resource_index/rclcpp_components/slam_toolbox
[2.773s] -- Up-to-date: /home/robot/robot_ws/install/slam_toolbox/share/slam_toolbox/cmake/rosidl_cmake-extras.cmake
[2.773s] -- Up-to-date: /home/robot/robot_ws/install/slam_toolbox/share/slam_toolbox/cmake/ament_cmake_export_dependencies-extras.cmake
[2.773s] -- Up-to-date: /home/robot/robot_ws/install/slam_toolbox/share/slam_toolbox/cmake/ament_cmake_export_include_directories-extras.cmake
[2.773s] -- Up-to-date: /home/robot/robot_ws/install/slam_toolbox/share/slam_toolbox/cmake/ament_cmake_export_libraries-extras.cmake
[2.773s] -- Up-to-date: /home/robot/robot_ws/install/slam_toolbox/share/slam_toolbox/cmake/ament_cmake_export_targets-extras.cmake
[2.773s] -- Up-to-date: /home/robot/robot_ws/install/slam_toolbox/share/slam_toolbox/cmake/rosidl_cmake_export_typesupport_targets-extras.cmake
[2.774s] -- Up-to-date: /home/robot/robot_ws/install/slam_toolbox/share/slam_toolbox/cmake/rosidl_cmake_export_typesupport_libraries-extras.cmake
[2.774s] -- Up-to-date: /home/robot/robot_ws/install/slam_toolbox/share/slam_toolbox/cmake/slam_toolboxConfig.cmake
[2.774s] -- Up-to-date: /home/robot/robot_ws/install/slam_toolbox/share/slam_toolbox/cmake/slam_toolboxConfig-version.cmake
[2.774s] -- Up-to-date: /home/robot/robot_ws/install/slam_toolbox/share/slam_toolbox/package.xml
[2.774s] -- Up-to-date: /home/robot/robot_ws/install/slam_toolbox/include/
[2.774s] -- Up-to-date: /home/robot/robot_ws/install/slam_toolbox/include//karto_sdk
[2.774s] -- Up-to-date: /home/robot/robot_ws/install/slam_toolbox/include//karto_sdk/Math.h
[2.774s] -- Up-to-date: /home/robot/robot_ws/install/slam_toolbox/include//karto_sdk/nanoflann.hpp
[2.774s] -- Up-to-date: /home/robot/robot_ws/install/slam_toolbox/include//karto_sdk/Karto.h
[2.774s] -- Up-to-date: /home/robot/robot_ws/install/slam_toolbox/include//karto_sdk/nanoflann_adaptors.h
[2.774s] -- Up-to-date: /home/robot/robot_ws/install/slam_toolbox/include//karto_sdk/Types.h
[2.775s] -- Up-to-date: /home/robot/robot_ws/install/slam_toolbox/include//karto_sdk/Macros.h
[2.775s] -- Up-to-date: /home/robot/robot_ws/install/slam_toolbox/include//karto_sdk/Mapper.h
[2.775s] Invoked command in '/home/robot/robot_ws/build/slam_toolbox' returned '0': CMAKE_PREFIX_PATH=${CMAKE_PREFIX_PATH}:/home/robot/robot_ws/install/urdf_tutorial:/home/robot/turtlebot3_ws/install/turtlebot3_teleop:/home/robot/turtlebot3_ws/install/turtlebot3_example:/opt/ros/humble /usr/bin/cmake --install /home/robot/robot_ws/build/slam_toolbox
