[0.205s] Invoking command in '/home/robot/robot_ws/build/gl_ros2_driver_udp': CMAKE_PREFIX_PATH=${CMAKE_PREFIX_PATH}:/home/robot/robot_ws/install/urdf_tutorial:/home/robot/turtlebot3_ws/install/turtlebot3_teleop:/home/robot/turtlebot3_ws/install/turtlebot3_example:/opt/ros/humble /usr/bin/cmake --build /home/robot/robot_ws/build/gl_ros2_driver_udp -- -j4 -l4
[0.309s] [ 45%] Built target serial
[0.322s] [ 63%] Built target udp
[0.335s] [ 81%] Built target gl_driver
[0.371s] [ 90%] [32mBuilding CXX object CMakeFiles/gl_ros2_driver_udp_node.dir/src/gl_ros2_driver_udp_node.cpp.o[0m
[6.703s] [100%] [32m[1mLinking CXX executable gl_ros2_driver_udp_node[0m
[6.979s] [100%] Built target gl_ros2_driver_udp_node
[6.995s] Invoked command in '/home/robot/robot_ws/build/gl_ros2_driver_udp' returned '0': CMAKE_PREFIX_PATH=${CMAKE_PREFIX_PATH}:/home/robot/robot_ws/install/urdf_tutorial:/home/robot/turtlebot3_ws/install/turtlebot3_teleop:/home/robot/turtlebot3_ws/install/turtlebot3_example:/opt/ros/humble /usr/bin/cmake --build /home/robot/robot_ws/build/gl_ros2_driver_udp -- -j4 -l4
[7.044s] Invoking command in '/home/robot/robot_ws/build/gl_ros2_driver_udp': CMAKE_PREFIX_PATH=${CMAKE_PREFIX_PATH}:/home/robot/robot_ws/install/urdf_tutorial:/home/robot/turtlebot3_ws/install/turtlebot3_teleop:/home/robot/turtlebot3_ws/install/turtlebot3_example:/opt/ros/humble /usr/bin/cmake --install /home/robot/robot_ws/build/gl_ros2_driver_udp
[7.051s] -- Install configuration: "Debug"
[7.051s] -- Installing: /home/robot/robot_ws/install/gl_ros2_driver_udp/lib/gl_ros2_driver_udp/gl_ros2_driver_udp_node
[7.055s] -- Set runtime path of "/home/robot/robot_ws/install/gl_ros2_driver_udp/lib/gl_ros2_driver_udp/gl_ros2_driver_udp_node" to ""
[7.055s] -- Installing: /home/robot/robot_ws/install/gl_ros2_driver_udp/share/gl_ros2_driver_udp/launch
[7.055s] -- Installing: /home/robot/robot_ws/install/gl_ros2_driver_udp/share/gl_ros2_driver_udp/launch/__pycache__
[7.055s] -- Installing: /home/robot/robot_ws/install/gl_ros2_driver_udp/share/gl_ros2_driver_udp/launch/__pycache__/gl_ros2_driver_udp.cpython-310.pyc
[7.056s] -- Installing: /home/robot/robot_ws/install/gl_ros2_driver_udp/share/gl_ros2_driver_udp/launch/gl_ros2_driver_udp.py
[7.056s] -- Installing: /home/robot/robot_ws/install/gl_ros2_driver_udp/share/gl_ros2_driver_udp/launch/view_gl_ros2_driver_udp.py
[7.056s] -- Installing: /home/robot/robot_ws/install/gl_ros2_driver_udp/share/gl_ros2_driver_udp/rviz
[7.056s] -- Installing: /home/robot/robot_ws/install/gl_ros2_driver_udp/share/gl_ros2_driver_udp/rviz/config.rviz
[7.056s] -- Installing: /home/robot/robot_ws/install/gl_ros2_driver_udp/share/ament_index/resource_index/package_run_dependencies/gl_ros2_driver_udp
[7.056s] -- Installing: /home/robot/robot_ws/install/gl_ros2_driver_udp/share/ament_index/resource_index/parent_prefix_path/gl_ros2_driver_udp
[7.056s] -- Installing: /home/robot/robot_ws/install/gl_ros2_driver_udp/share/gl_ros2_driver_udp/environment/ament_prefix_path.sh
[7.057s] -- Installing: /home/robot/robot_ws/install/gl_ros2_driver_udp/share/gl_ros2_driver_udp/environment/ament_prefix_path.dsv
[7.057s] -- Installing: /home/robot/robot_ws/install/gl_ros2_driver_udp/share/gl_ros2_driver_udp/environment/path.sh
[7.057s] -- Installing: /home/robot/robot_ws/install/gl_ros2_driver_udp/share/gl_ros2_driver_udp/environment/path.dsv
[7.057s] -- Installing: /home/robot/robot_ws/install/gl_ros2_driver_udp/share/gl_ros2_driver_udp/local_setup.bash
[7.057s] -- Installing: /home/robot/robot_ws/install/gl_ros2_driver_udp/share/gl_ros2_driver_udp/local_setup.sh
[7.058s] -- Installing: /home/robot/robot_ws/install/gl_ros2_driver_udp/share/gl_ros2_driver_udp/local_setup.zsh
[7.058s] -- Installing: /home/robot/robot_ws/install/gl_ros2_driver_udp/share/gl_ros2_driver_udp/local_setup.dsv
[7.058s] -- Installing: /home/robot/robot_ws/install/gl_ros2_driver_udp/share/gl_ros2_driver_udp/package.dsv
[7.059s] -- Installing: /home/robot/robot_ws/install/gl_ros2_driver_udp/share/ament_index/resource_index/packages/gl_ros2_driver_udp
[7.059s] -- Installing: /home/robot/robot_ws/install/gl_ros2_driver_udp/share/gl_ros2_driver_udp/cmake/gl_ros2_driver_udpConfig.cmake
[7.059s] -- Installing: /home/robot/robot_ws/install/gl_ros2_driver_udp/share/gl_ros2_driver_udp/cmake/gl_ros2_driver_udpConfig-version.cmake
[7.059s] -- Installing: /home/robot/robot_ws/install/gl_ros2_driver_udp/share/gl_ros2_driver_udp/package.xml
[7.063s] Invoked command in '/home/robot/robot_ws/build/gl_ros2_driver_udp' returned '0': CMAKE_PREFIX_PATH=${CMAKE_PREFIX_PATH}:/home/robot/robot_ws/install/urdf_tutorial:/home/robot/turtlebot3_ws/install/turtlebot3_teleop:/home/robot/turtlebot3_ws/install/turtlebot3_example:/opt/ros/humble /usr/bin/cmake --install /home/robot/robot_ws/build/gl_ros2_driver_udp
