[  1%] Built target slam_toolbox__cpp
[  9%] Built target slam_toolbox__rosidl_typesupport_cpp
[ 18%] Built target slam_toolbox__rosidl_generator_c
[ 18%] Built target ament_cmake_python_copy_slam_toolbox
[ 20%] Built target kartoSlamToolbox
[ 29%] Built target slam_toolbox__rosidl_typesupport_fastrtps_cpp
[ 37%] Built target slam_toolbox__rosidl_typesupport_introspection_cpp
[ 39%] Built target SlamToolboxPlugin
[ 41%] Built target ceres_solver_plugin
[ 50%] Built target slam_toolbox__rosidl_typesupport_fastrtps_c
[ 58%] Built target slam_toolbox__rosidl_typesupport_introspection_c
[ 63%] Built target toolbox_common
[ 71%] Built target slam_toolbox__rosidl_typesupport_c
[ 73%] Built target async_slam_toolbox
[ 75%] Built target sync_slam_toolbox
[ 76%] Built target localization_slam_toolbox
[ 76%] Built target slam_toolbox
[ 77%] Built target lifelong_slam_toolbox
[ 79%] Built target merge_maps_kinematic
[ 80%] Built target async_slam_toolbox_node
[ 82%] Built target localization_slam_toolbox_node
[ 83%] Built target sync_slam_toolbox_node
[ 83%] Built target slam_toolbox__py
[ 85%] Built target lifelong_slam_toolbox_node
[ 86%] Built target map_and_localization_slam_toolbox
running egg_info
writing slam_toolbox.egg-info/PKG-INFO
writing dependency_links to slam_toolbox.egg-info/dependency_links.txt
writing top-level names to slam_toolbox.egg-info/top_level.txt
[ 94%] Built target slam_toolbox__rosidl_generator_py
reading manifest file 'slam_toolbox.egg-info/SOURCES.txt'
writing manifest file 'slam_toolbox.egg-info/SOURCES.txt'
[ 95%] Built target map_and_localization_slam_toolbox_node
[ 96%] Built target slam_toolbox__rosidl_typesupport_fastrtps_c__pyext
[ 96%] Built target ament_cmake_python_build_slam_toolbox_egg
[ 98%] Built target slam_toolbox__rosidl_typesupport_introspection_c__pyext
[100%] Built target slam_toolbox__rosidl_typesupport_c__pyext
