[  1%] Built target slam_toolbox__cpp
[  3%] Built target kartoSlamToolbox
[ 11%] Built target slam_toolbox__rosidl_typesupport_cpp
[ 20%] Built target slam_toolbox__rosidl_typesupport_fastrtps_cpp
[ 28%] Built target slam_toolbox__rosidl_typesupport_introspection_cpp
[ 30%] Built target SlamToolboxPlugin
[ 32%] Built target ceres_solver_plugin
[ 37%] Built target toolbox_common
[ 37%] Built target ament_cmake_python_symlink_slam_toolbox
[ 39%] Built target sync_slam_toolbox
[ 40%] Built target localization_slam_toolbox
[ 41%] Built target lifelong_slam_toolbox
[ 43%] Built target merge_maps_kinematic
running egg_info
writing slam_toolbox.egg-info/PKG-INFO
writing dependency_links to slam_toolbox.egg-info/dependency_links.txt
writing top-level names to slam_toolbox.egg-info/top_level.txt
reading manifest file 'slam_toolbox.egg-info/SOURCES.txt'
writing manifest file 'slam_toolbox.egg-info/SOURCES.txt'
[ 43%] Built target ament_cmake_python_build_slam_toolbox_egg
[ 44%] Built target sync_slam_toolbox_node
[ 46%] Built target localization_slam_toolbox_node
[ 48%] Built target lifelong_slam_toolbox_node
[ 49%] Built target map_and_localization_slam_toolbox
[ 51%] Built target async_slam_toolbox
[ 52%] Built target map_and_localization_slam_toolbox_node
[ 53%] Built target async_slam_toolbox_node
[ 62%] Built target slam_toolbox__rosidl_generator_c
[ 71%] Built target slam_toolbox__rosidl_typesupport_fastrtps_c
[ 79%] Built target slam_toolbox__rosidl_typesupport_c
[ 87%] Built target slam_toolbox__rosidl_typesupport_introspection_c
[ 87%] Built target slam_toolbox
[ 87%] Built target slam_toolbox__py
[ 95%] Built target slam_toolbox__rosidl_generator_py
[ 96%] Built target slam_toolbox__rosidl_typesupport_fastrtps_c__pyext
[ 98%] Built target slam_toolbox__rosidl_typesupport_c__pyext
[100%] Built target slam_toolbox__rosidl_typesupport_introspection_c__pyext
-- Install configuration: "Release"
-- Execute custom install script
-- Up-to-date symlink: /home/robot/robot_ws/install/slam_toolbox/include//karto_sdk/Karto.h
-- Up-to-date symlink: /home/robot/robot_ws/install/slam_toolbox/include//karto_sdk/Macros.h
-- Up-to-date symlink: /home/robot/robot_ws/install/slam_toolbox/include//karto_sdk/Mapper.h
-- Up-to-date symlink: /home/robot/robot_ws/install/slam_toolbox/include//karto_sdk/Math.h
-- Up-to-date symlink: /home/robot/robot_ws/install/slam_toolbox/include//karto_sdk/Types.h
-- Up-to-date symlink: /home/robot/robot_ws/install/slam_toolbox/include//karto_sdk/nanoflann.hpp
-- Up-to-date symlink: /home/robot/robot_ws/install/slam_toolbox/include//karto_sdk/nanoflann_adaptors.h
-- Up-to-date: /home/robot/robot_ws/install/slam_toolbox/lib/libslam_toolbox__rosidl_generator_c.so
-- Up-to-date: /home/robot/robot_ws/install/slam_toolbox/lib/libslam_toolbox__rosidl_typesupport_fastrtps_c.so
-- Up-to-date: /home/robot/robot_ws/install/slam_toolbox/lib/libslam_toolbox__rosidl_typesupport_fastrtps_cpp.so
-- Up-to-date: /home/robot/robot_ws/install/slam_toolbox/lib/libslam_toolbox__rosidl_typesupport_introspection_c.so
-- Up-to-date: /home/robot/robot_ws/install/slam_toolbox/lib/libslam_toolbox__rosidl_typesupport_c.so
-- Up-to-date: /home/robot/robot_ws/install/slam_toolbox/lib/libslam_toolbox__rosidl_typesupport_introspection_cpp.so
-- Up-to-date: /home/robot/robot_ws/install/slam_toolbox/lib/libslam_toolbox__rosidl_typesupport_cpp.so
Listing '/home/robot/robot_ws/install/slam_toolbox/local/lib/python3.10/dist-packages/slam_toolbox'...
Listing '/home/robot/robot_ws/install/slam_toolbox/local/lib/python3.10/dist-packages/slam_toolbox/srv'...
-- Up-to-date: /home/robot/robot_ws/install/slam_toolbox/lib/libslam_toolbox__rosidl_generator_py.so
-- Up-to-date: /home/robot/robot_ws/install/slam_toolbox/share/slam_toolbox/cmake/export_slam_toolbox__rosidl_generator_cExport.cmake
-- Up-to-date: /home/robot/robot_ws/install/slam_toolbox/share/slam_toolbox/cmake/export_slam_toolbox__rosidl_generator_cExport-release.cmake
-- Up-to-date: /home/robot/robot_ws/install/slam_toolbox/share/slam_toolbox/cmake/export_slam_toolbox__rosidl_typesupport_fastrtps_cExport.cmake
-- Up-to-date: /home/robot/robot_ws/install/slam_toolbox/share/slam_toolbox/cmake/export_slam_toolbox__rosidl_typesupport_fastrtps_cExport-release.cmake
-- Up-to-date: /home/robot/robot_ws/install/slam_toolbox/share/slam_toolbox/cmake/export_slam_toolbox__rosidl_generator_cppExport.cmake
-- Up-to-date: /home/robot/robot_ws/install/slam_toolbox/share/slam_toolbox/cmake/export_slam_toolbox__rosidl_typesupport_fastrtps_cppExport.cmake
-- Up-to-date: /home/robot/robot_ws/install/slam_toolbox/share/slam_toolbox/cmake/export_slam_toolbox__rosidl_typesupport_fastrtps_cppExport-release.cmake
-- Up-to-date: /home/robot/robot_ws/install/slam_toolbox/share/slam_toolbox/cmake/slam_toolbox__rosidl_typesupport_introspection_cExport.cmake
-- Up-to-date: /home/robot/robot_ws/install/slam_toolbox/share/slam_toolbox/cmake/slam_toolbox__rosidl_typesupport_introspection_cExport-release.cmake
-- Up-to-date: /home/robot/robot_ws/install/slam_toolbox/share/slam_toolbox/cmake/slam_toolbox__rosidl_typesupport_cExport.cmake
-- Up-to-date: /home/robot/robot_ws/install/slam_toolbox/share/slam_toolbox/cmake/slam_toolbox__rosidl_typesupport_cExport-release.cmake
-- Up-to-date: /home/robot/robot_ws/install/slam_toolbox/share/slam_toolbox/cmake/slam_toolbox__rosidl_typesupport_introspection_cppExport.cmake
-- Up-to-date: /home/robot/robot_ws/install/slam_toolbox/share/slam_toolbox/cmake/slam_toolbox__rosidl_typesupport_introspection_cppExport-release.cmake
-- Up-to-date: /home/robot/robot_ws/install/slam_toolbox/share/slam_toolbox/cmake/slam_toolbox__rosidl_typesupport_cppExport.cmake
-- Up-to-date: /home/robot/robot_ws/install/slam_toolbox/share/slam_toolbox/cmake/slam_toolbox__rosidl_typesupport_cppExport-release.cmake
-- Up-to-date: /home/robot/robot_ws/install/slam_toolbox/share/slam_toolbox/cmake/export_slam_toolbox__rosidl_generator_pyExport.cmake
-- Up-to-date: /home/robot/robot_ws/install/slam_toolbox/share/slam_toolbox/cmake/export_slam_toolbox__rosidl_generator_pyExport-release.cmake
-- Up-to-date: /home/robot/robot_ws/install/slam_toolbox/share/slam_toolbox/cmake/SlamToolboxPluginExport.cmake
-- Up-to-date: /home/robot/robot_ws/install/slam_toolbox/share/slam_toolbox/cmake/SlamToolboxPluginExport-release.cmake
