[0.314s] Invoking command in '/home/robot/robot_ws/build/clustering_cpp': CMAKE_PREFIX_PATH=${CMAKE_PREFIX_PATH}:/home/robot/robot_ws/install/urdf_tutorial:/home/robot/turtlebot3_ws/install/turtlebot3_teleop:/home/robot/turtlebot3_ws/install/turtlebot3_example:/opt/ros/humble /usr/bin/cmake --build /home/robot/robot_ws/build/clustering_cpp -- -j4 -l4
[0.379s] [35m[1mConsolidate compiler generated dependencies of target clustering[0m
[0.417s] [ 50%] [32mBuilding CXX object CMakeFiles/clustering.dir/src/clustering.cpp.o[0m
[2.466s] In file included from [01m[K/home/robot/robot_ws/src/clustering_cpp/src/clustering.cpp:23[m[K:
[2.466s] [01m[K/opt/ros/humble/include/sensor_msgs/sensor_msgs/point_cloud_conversion.hpp:47:6:[m[K [01;35m[Kwarning: [m[K#warning POINT_CLOUD_DEPRECATION_MESSAGE [[01;35m[K]8;;https://gcc.gnu.org/onlinedocs/gcc/Warning-Options.html#index-Wcpp-Wcpp]8;;[m[K]
[2.466s]    47 | #    [01;35m[Kwarning[m[K POINT_CLOUD_DEPRECATION_MESSAGE
[2.467s]       |      [01;35m[K^~~~~~~[m[K
[17.740s] [100%] [32m[1mLinking CXX executable clustering[0m
[19.430s] [100%] Built target clustering
[19.441s] Invoked command in '/home/robot/robot_ws/build/clustering_cpp' returned '0': CMAKE_PREFIX_PATH=${CMAKE_PREFIX_PATH}:/home/robot/robot_ws/install/urdf_tutorial:/home/robot/turtlebot3_ws/install/turtlebot3_teleop:/home/robot/turtlebot3_ws/install/turtlebot3_example:/opt/ros/humble /usr/bin/cmake --build /home/robot/robot_ws/build/clustering_cpp -- -j4 -l4
[19.468s] Invoking command in '/home/robot/robot_ws/build/clustering_cpp': CMAKE_PREFIX_PATH=${CMAKE_PREFIX_PATH}:/home/robot/robot_ws/install/urdf_tutorial:/home/robot/turtlebot3_ws/install/turtlebot3_teleop:/home/robot/turtlebot3_ws/install/turtlebot3_example:/opt/ros/humble /usr/bin/cmake --install /home/robot/robot_ws/build/clustering_cpp
[19.476s] -- Install configuration: ""
[19.476s] -- Installing: /home/robot/robot_ws/install/clustering_cpp/lib/clustering_cpp/clustering
[19.482s] -- Set runtime path of "/home/robot/robot_ws/install/clustering_cpp/lib/clustering_cpp/clustering" to ""
[19.482s] -- Up-to-date: /home/robot/robot_ws/install/clustering_cpp/share/ament_index/resource_index/package_run_dependencies/clustering_cpp
[19.482s] -- Up-to-date: /home/robot/robot_ws/install/clustering_cpp/share/ament_index/resource_index/parent_prefix_path/clustering_cpp
[19.482s] -- Up-to-date: /home/robot/robot_ws/install/clustering_cpp/share/clustering_cpp/environment/ament_prefix_path.sh
[19.482s] -- Up-to-date: /home/robot/robot_ws/install/clustering_cpp/share/clustering_cpp/environment/ament_prefix_path.dsv
[19.482s] -- Up-to-date: /home/robot/robot_ws/install/clustering_cpp/share/clustering_cpp/environment/path.sh
[19.482s] -- Up-to-date: /home/robot/robot_ws/install/clustering_cpp/share/clustering_cpp/environment/path.dsv
[19.482s] -- Up-to-date: /home/robot/robot_ws/install/clustering_cpp/share/clustering_cpp/local_setup.bash
[19.482s] -- Up-to-date: /home/robot/robot_ws/install/clustering_cpp/share/clustering_cpp/local_setup.sh
[19.483s] -- Up-to-date: /home/robot/robot_ws/install/clustering_cpp/share/clustering_cpp/local_setup.zsh
[19.483s] -- Up-to-date: /home/robot/robot_ws/install/clustering_cpp/share/clustering_cpp/local_setup.dsv
[19.483s] -- Installing: /home/robot/robot_ws/install/clustering_cpp/share/clustering_cpp/package.dsv
[19.483s] -- Up-to-date: /home/robot/robot_ws/install/clustering_cpp/share/ament_index/resource_index/packages/clustering_cpp
[19.483s] -- Up-to-date: /home/robot/robot_ws/install/clustering_cpp/share/clustering_cpp/cmake/clustering_cppConfig.cmake
[19.483s] -- Up-to-date: /home/robot/robot_ws/install/clustering_cpp/share/clustering_cpp/cmake/clustering_cppConfig-version.cmake
[19.483s] -- Up-to-date: /home/robot/robot_ws/install/clustering_cpp/share/clustering_cpp/package.xml
[19.484s] Invoked command in '/home/robot/robot_ws/build/clustering_cpp' returned '0': CMAKE_PREFIX_PATH=${CMAKE_PREFIX_PATH}:/home/robot/robot_ws/install/urdf_tutorial:/home/robot/turtlebot3_ws/install/turtlebot3_teleop:/home/robot/turtlebot3_ws/install/turtlebot3_example:/opt/ros/humble /usr/bin/cmake --install /home/robot/robot_ws/build/clustering_cpp
