[0.386s] Invoking command in '/home/robot/robot_ws/build/onetouch_launch': CMAKE_PREFIX_PATH=${CMAKE_PREFIX_PATH}:/home/robot/robot_ws/install/urdf_tutorial:/home/robot/turtlebot3_ws/install/turtlebot3_teleop:/home/robot/turtlebot3_ws/install/turtlebot3_example:/opt/ros/humble /usr/bin/cmake --build /home/robot/robot_ws/build/onetouch_launch -- -j4 -l4
[0.438s] Invoked command in '/home/robot/robot_ws/build/onetouch_launch' returned '0': CMAKE_PREFIX_PATH=${CMAKE_PREFIX_PATH}:/home/robot/robot_ws/install/urdf_tutorial:/home/robot/turtlebot3_ws/install/turtlebot3_teleop:/home/robot/turtlebot3_ws/install/turtlebot3_example:/opt/ros/humble /usr/bin/cmake --build /home/robot/robot_ws/build/onetouch_launch -- -j4 -l4
[0.508s] Invoking command in '/home/robot/robot_ws/build/onetouch_launch': CMAKE_PREFIX_PATH=${CMAKE_PREFIX_PATH}:/home/robot/robot_ws/install/urdf_tutorial:/home/robot/turtlebot3_ws/install/turtlebot3_teleop:/home/robot/turtlebot3_ws/install/turtlebot3_example:/opt/ros/humble /usr/bin/cmake --install /home/robot/robot_ws/build/onetouch_launch
[0.517s] -- Install configuration: ""
[0.521s] -- Up-to-date: /home/robot/robot_ws/install/onetouch_launch/share/ament_index/resource_index/package_run_dependencies/onetouch_launch
[0.521s] -- Up-to-date: /home/robot/robot_ws/install/onetouch_launch/share/ament_index/resource_index/parent_prefix_path/onetouch_launch
[0.521s] -- Up-to-date: /home/robot/robot_ws/install/onetouch_launch/share/onetouch_launch/environment/ament_prefix_path.sh
[0.521s] -- Up-to-date: /home/robot/robot_ws/install/onetouch_launch/share/onetouch_launch/environment/ament_prefix_path.dsv
[0.521s] -- Up-to-date: /home/robot/robot_ws/install/onetouch_launch/share/onetouch_launch/environment/path.sh
[0.521s] -- Up-to-date: /home/robot/robot_ws/install/onetouch_launch/share/onetouch_launch/environment/path.dsv
[0.521s] -- Up-to-date: /home/robot/robot_ws/install/onetouch_launch/share/onetouch_launch/local_setup.bash
[0.522s] -- Up-to-date: /home/robot/robot_ws/install/onetouch_launch/share/onetouch_launch/local_setup.sh
[0.522s] -- Up-to-date: /home/robot/robot_ws/install/onetouch_launch/share/onetouch_launch/local_setup.zsh
[0.522s] -- Up-to-date: /home/robot/robot_ws/install/onetouch_launch/share/onetouch_launch/local_setup.dsv
[0.522s] -- Installing: /home/robot/robot_ws/install/onetouch_launch/share/onetouch_launch/package.dsv
[0.522s] -- Up-to-date: /home/robot/robot_ws/install/onetouch_launch/share/ament_index/resource_index/packages/onetouch_launch
[0.522s] -- Up-to-date: /home/robot/robot_ws/install/onetouch_launch/share/onetouch_launch/cmake/onetouch_launchConfig.cmake
[0.522s] -- Up-to-date: /home/robot/robot_ws/install/onetouch_launch/share/onetouch_launch/cmake/onetouch_launchConfig-version.cmake
[0.522s] -- Up-to-date: /home/robot/robot_ws/install/onetouch_launch/share/onetouch_launch/package.xml
[0.527s] Invoked command in '/home/robot/robot_ws/build/onetouch_launch' returned '0': CMAKE_PREFIX_PATH=${CMAKE_PREFIX_PATH}:/home/robot/robot_ws/install/urdf_tutorial:/home/robot/turtlebot3_ws/install/turtlebot3_teleop:/home/robot/turtlebot3_ws/install/turtlebot3_example:/opt/ros/humble /usr/bin/cmake --install /home/robot/robot_ws/build/onetouch_launch
