[0.399s] Invoking command in '/home/robot/robot_ws/build/pointcloud_to_laserscan': CMAKE_PREFIX_PATH=${CMAKE_PREFIX_PATH}:/home/robot/robot_ws/install/urdf_tutorial:/home/robot/turtlebot3_ws/install/turtlebot3_teleop:/home/robot/turtlebot3_ws/install/turtlebot3_example:/opt/ros/humble /usr/bin/cmake /home/robot/robot_ws/src/pointcloud_to_laserscan -DCMAKE_INSTALL_PREFIX=/home/robot/robot_ws/install/pointcloud_to_laserscan
[0.422s] -- Found ament_cmake_auto: 1.3.7 (/opt/ros/humble/share/ament_cmake_auto/cmake)
[0.916s] -- Override CMake install command with custom implementation using symlinks instead of copying resources
[1.298s] -- Found rosidl_generator_c: 3.1.5 (/opt/ros/humble/share/rosidl_generator_c/cmake)
[1.314s] -- Found rosidl_adapter: 3.1.5 (/opt/ros/humble/share/rosidl_adapter/cmake)
[1.331s] -- Found rosidl_generator_cpp: 3.1.5 (/opt/ros/humble/share/rosidl_generator_cpp/cmake)
[1.362s] -- Using all available rosidl_typesupport_c: rosidl_typesupport_fastrtps_c;rosidl_typesupport_introspection_c
[1.398s] -- Using all available rosidl_typesupport_cpp: rosidl_typesupport_fastrtps_cpp;rosidl_typesupport_introspection_cpp
[1.511s] -- Found rmw_implementation_cmake: 6.1.1 (/opt/ros/humble/share/rmw_implementation_cmake/cmake)
[1.511s] -- Found rmw_fastrtps_cpp: 6.2.6 (/opt/ros/humble/share/rmw_fastrtps_cpp/cmake)
[1.801s] -- Using RMW implementation 'rmw_fastrtps_cpp' as default
[3.151s] -- Found ament_lint_auto: 0.12.10 (/opt/ros/humble/share/ament_lint_auto/cmake)
[3.158s] -- Added test 'cppcheck' to perform static code analysis on C / C++ code
[3.158s] -- Configured cppcheck include dirs: /home/robot/robot_ws/src/pointcloud_to_laserscan/include
[3.158s] -- Configured cppcheck exclude dirs and/or files: 
[3.160s] -- Added test 'cpplint' to check C / C++ code against the Google style
[3.160s] -- Configured cpplint exclude dirs and/or files: 
[3.160s] -- Added test 'flake8' to check Python code syntax and style conventions
[3.160s] -- Added test 'lint_cmake' to check CMake code style
[3.160s] -- Added test 'pep257' to check Python code against some of the docstring style conventions in PEP 257
[3.161s] -- Added test 'uncrustify' to check C / C++ code style
[3.161s] -- Configured uncrustify additional arguments: 
[3.162s] -- Added test 'xmllint' to check XML markup files
[3.167s] -- Configuring done
[3.220s] -- Generating done
[3.220s] -- Build files have been written to: /home/robot/robot_ws/build/pointcloud_to_laserscan
[3.363s] Invoked command in '/home/robot/robot_ws/build/pointcloud_to_laserscan' returned '0': CMAKE_PREFIX_PATH=${CMAKE_PREFIX_PATH}:/home/robot/robot_ws/install/urdf_tutorial:/home/robot/turtlebot3_ws/install/turtlebot3_teleop:/home/robot/turtlebot3_ws/install/turtlebot3_example:/opt/ros/humble /usr/bin/cmake /home/robot/robot_ws/src/pointcloud_to_laserscan -DCMAKE_INSTALL_PREFIX=/home/robot/robot_ws/install/pointcloud_to_laserscan
[3.364s] Invoking command in '/home/robot/robot_ws/build/pointcloud_to_laserscan': CMAKE_PREFIX_PATH=${CMAKE_PREFIX_PATH}:/home/robot/robot_ws/install/urdf_tutorial:/home/robot/turtlebot3_ws/install/turtlebot3_teleop:/home/robot/turtlebot3_ws/install/turtlebot3_example:/opt/ros/humble /usr/bin/cmake --build /home/robot/robot_ws/build/pointcloud_to_laserscan -- -j4 -l4
[3.514s] [35m[1mConsolidate compiler generated dependencies of target laserscan_to_pointcloud[0m
[3.608s] [ 20%] Built target laserscan_to_pointcloud
[3.660s] [35m[1mConsolidate compiler generated dependencies of target pointcloud_to_laserscan_node[0m
[3.710s] [ 40%] Built target pointcloud_to_laserscan_node
[3.764s] [35m[1mConsolidate compiler generated dependencies of target pointcloud_to_laserscan[0m
[3.823s] [ 60%] Built target pointcloud_to_laserscan
[3.882s] [35m[1mConsolidate compiler generated dependencies of target laserscan_to_pointcloud_node[0m
[3.946s] [ 80%] Built target laserscan_to_pointcloud_node
[3.992s] [35m[1mConsolidate compiler generated dependencies of target dummy_pointcloud_publisher[0m
[4.063s] [100%] Built target dummy_pointcloud_publisher
[4.283s] Invoked command in '/home/robot/robot_ws/build/pointcloud_to_laserscan' returned '0': CMAKE_PREFIX_PATH=${CMAKE_PREFIX_PATH}:/home/robot/robot_ws/install/urdf_tutorial:/home/robot/turtlebot3_ws/install/turtlebot3_teleop:/home/robot/turtlebot3_ws/install/turtlebot3_example:/opt/ros/humble /usr/bin/cmake --build /home/robot/robot_ws/build/pointcloud_to_laserscan -- -j4 -l4
[4.459s] Invoking command in '/home/robot/robot_ws/build/pointcloud_to_laserscan': CMAKE_PREFIX_PATH=${CMAKE_PREFIX_PATH}:/home/robot/robot_ws/install/urdf_tutorial:/home/robot/turtlebot3_ws/install/turtlebot3_teleop:/home/robot/turtlebot3_ws/install/turtlebot3_example:/opt/ros/humble /usr/bin/cmake --install /home/robot/robot_ws/build/pointcloud_to_laserscan
[4.487s] -- Install configuration: "Debug"
[4.487s] -- Execute custom install script
[4.487s] -- Up-to-date symlink: /home/robot/robot_ws/install/pointcloud_to_laserscan/lib/pointcloud_to_laserscan/laserscan_to_pointcloud_node
[4.489s] -- Up-to-date symlink: /home/robot/robot_ws/install/pointcloud_to_laserscan/lib/pointcloud_to_laserscan/pointcloud_to_laserscan_node
[4.499s] -- Up-to-date symlink: /home/robot/robot_ws/install/pointcloud_to_laserscan/include/pointcloud_to_laserscan/laserscan_to_pointcloud_node.hpp
[4.499s] -- Up-to-date symlink: /home/robot/robot_ws/install/pointcloud_to_laserscan/include/pointcloud_to_laserscan/pointcloud_to_laserscan_node.hpp
[4.499s] -- Up-to-date symlink: /home/robot/robot_ws/install/pointcloud_to_laserscan/include/pointcloud_to_laserscan/visibility_control.h
[4.499s] -- Up-to-date symlink: /home/robot/robot_ws/install/pointcloud_to_laserscan/share/pointcloud_to_laserscan/environment/library_path.sh
[4.499s] -- Up-to-date symlink: /home/robot/robot_ws/install/pointcloud_to_laserscan/share/pointcloud_to_laserscan/environment/library_path.dsv
[4.499s] -- Up-to-date symlink: /home/robot/robot_ws/install/pointcloud_to_laserscan/lib/liblaserscan_to_pointcloud.so
[4.500s] -- Up-to-date symlink: /home/robot/robot_ws/install/pointcloud_to_laserscan/lib/libpointcloud_to_laserscan.so
[4.500s] -- Up-to-date symlink: /home/robot/robot_ws/install/pointcloud_to_laserscan/lib/pointcloud_to_laserscan/dummy_pointcloud_publisher
[4.501s] -- Up-to-date symlink: /home/robot/robot_ws/install/pointcloud_to_laserscan/share/pointcloud_to_laserscan/launch/sample_laserscan_to_pointcloud_launch.py
[4.501s] -- Up-to-date symlink: /home/robot/robot_ws/install/pointcloud_to_laserscan/share/pointcloud_to_laserscan/launch/sample_pointcloud_to_laserscan_launch.py
[4.501s] -- Up-to-date symlink: /home/robot/robot_ws/install/pointcloud_to_laserscan/share/ament_index/resource_index/package_run_dependencies/pointcloud_to_laserscan
[4.501s] -- Up-to-date symlink: /home/robot/robot_ws/install/pointcloud_to_laserscan/share/ament_index/resource_index/parent_prefix_path/pointcloud_to_laserscan
[4.501s] -- Up-to-date symlink: /home/robot/robot_ws/install/pointcloud_to_laserscan/share/pointcloud_to_laserscan/environment/ament_prefix_path.sh
[4.501s] -- Up-to-date symlink: /home/robot/robot_ws/install/pointcloud_to_laserscan/share/pointcloud_to_laserscan/environment/ament_prefix_path.dsv
[4.502s] -- Up-to-date symlink: /home/robot/robot_ws/install/pointcloud_to_laserscan/share/pointcloud_to_laserscan/environment/path.sh
[4.502s] -- Up-to-date symlink: /home/robot/robot_ws/install/pointcloud_to_laserscan/share/pointcloud_to_laserscan/environment/path.dsv
[4.502s] -- Up-to-date symlink: /home/robot/robot_ws/install/pointcloud_to_laserscan/share/pointcloud_to_laserscan/local_setup.bash
[4.502s] -- Up-to-date symlink: /home/robot/robot_ws/install/pointcloud_to_laserscan/share/pointcloud_to_laserscan/local_setup.sh
[4.502s] -- Up-to-date symlink: /home/robot/robot_ws/install/pointcloud_to_laserscan/share/pointcloud_to_laserscan/local_setup.zsh
[4.502s] -- Up-to-date symlink: /home/robot/robot_ws/install/pointcloud_to_laserscan/share/pointcloud_to_laserscan/local_setup.dsv
[4.503s] -- Symlinking: /home/robot/robot_ws/install/pointcloud_to_laserscan/share/pointcloud_to_laserscan/package.dsv
[4.549s] -- Up-to-date symlink: /home/robot/robot_ws/install/pointcloud_to_laserscan/share/ament_index/resource_index/packages/pointcloud_to_laserscan
[4.549s] -- Up-to-date symlink: /home/robot/robot_ws/install/pointcloud_to_laserscan/share/ament_index/resource_index/rclcpp_components/pointcloud_to_laserscan
[4.549s] -- Up-to-date symlink: /home/robot/robot_ws/install/pointcloud_to_laserscan/share/pointcloud_to_laserscan/cmake/ament_cmake_export_dependencies-extras.cmake
[4.552s] -- Up-to-date symlink: /home/robot/robot_ws/install/pointcloud_to_laserscan/share/pointcloud_to_laserscan/cmake/ament_cmake_export_include_directories-extras.cmake
[4.559s] -- Up-to-date symlink: /home/robot/robot_ws/install/pointcloud_to_laserscan/share/pointcloud_to_laserscan/cmake/ament_cmake_export_libraries-extras.cmake
[4.560s] -- Up-to-date symlink: /home/robot/robot_ws/install/pointcloud_to_laserscan/share/pointcloud_to_laserscan/cmake/pointcloud_to_laserscanConfig.cmake
[4.560s] -- Up-to-date symlink: /home/robot/robot_ws/install/pointcloud_to_laserscan/share/pointcloud_to_laserscan/cmake/pointcloud_to_laserscanConfig-version.cmake
[4.560s] -- Up-to-date symlink: /home/robot/robot_ws/install/pointcloud_to_laserscan/share/pointcloud_to_laserscan/package.xml
[4.748s] Invoked command in '/home/robot/robot_ws/build/pointcloud_to_laserscan' returned '0': CMAKE_PREFIX_PATH=${CMAKE_PREFIX_PATH}:/home/robot/robot_ws/install/urdf_tutorial:/home/robot/turtlebot3_ws/install/turtlebot3_teleop:/home/robot/turtlebot3_ws/install/turtlebot3_example:/opt/ros/humble /usr/bin/cmake --install /home/robot/robot_ws/build/pointcloud_to_laserscan
