[0.639s] Invoking command in '/home/robot/robot_ws/build/message_interface': CMAKE_PREFIX_PATH=${CMAKE_PREFIX_PATH}:/home/robot/robot_ws/install/urdf_tutorial:/home/robot/turtlebot3_ws/install/turtlebot3_teleop:/home/robot/turtlebot3_ws/install/turtlebot3_example:/opt/ros/humble /usr/bin/cmake --build /home/robot/robot_ws/build/message_interface -- -j4 -l4
[0.760s] [35m[1mConsolidate compiler generated dependencies of target message_interface__rosidl_generator_c[0m
[0.762s] [  2%] Built target message_interface__cpp
[0.783s] [  2%] Built target ament_cmake_python_symlink_message_interface
[0.790s] [ 12%] Built target message_interface__rosidl_generator_c
[0.821s] [ 23%] Built target message_interface__rosidl_typesupport_fastrtps_cpp
[0.823s] [ 33%] Built target message_interface__rosidl_typesupport_introspection_cpp
[0.827s] [ 43%] Built target message_interface__rosidl_typesupport_cpp
[0.854s] [35m[1mConsolidate compiler generated dependencies of target message_interface__rosidl_typesupport_introspection_c[0m
[0.857s] [35m[1mConsolidate compiler generated dependencies of target message_interface__rosidl_typesupport_c[0m
[0.865s] [ 53%] Built target message_interface__rosidl_typesupport_fastrtps_c
[0.876s] [ 74%] Built target message_interface__rosidl_typesupport_c
[0.877s] [ 74%] Built target message_interface__rosidl_typesupport_introspection_c
[0.903s] [ 74%] Built target message_interface
[0.961s] [ 76%] Built target message_interface__py
[0.993s] [ 84%] Built target message_interface__rosidl_generator_py
[1.083s] [ 89%] Built target message_interface__rosidl_typesupport_introspection_c__pyext
[1.108s] [ 94%] Built target message_interface__rosidl_typesupport_fastrtps_c__pyext
[1.108s] [100%] Built target message_interface__rosidl_typesupport_c__pyext
[1.289s] running egg_info
[1.291s] writing message_interface.egg-info/PKG-INFO
[1.291s] writing dependency_links to message_interface.egg-info/dependency_links.txt
[1.291s] writing top-level names to message_interface.egg-info/top_level.txt
[1.296s] reading manifest file 'message_interface.egg-info/SOURCES.txt'
[1.297s] writing manifest file 'message_interface.egg-info/SOURCES.txt'
[1.337s] [100%] Built target ament_cmake_python_build_message_interface_egg
[1.899s] Invoked command in '/home/robot/robot_ws/build/message_interface' returned '0': CMAKE_PREFIX_PATH=${CMAKE_PREFIX_PATH}:/home/robot/robot_ws/install/urdf_tutorial:/home/robot/turtlebot3_ws/install/turtlebot3_teleop:/home/robot/turtlebot3_ws/install/turtlebot3_example:/opt/ros/humble /usr/bin/cmake --build /home/robot/robot_ws/build/message_interface -- -j4 -l4
[2.268s] Invoking command in '/home/robot/robot_ws/build/message_interface': CMAKE_PREFIX_PATH=${CMAKE_PREFIX_PATH}:/home/robot/robot_ws/install/urdf_tutorial:/home/robot/turtlebot3_ws/install/turtlebot3_teleop:/home/robot/turtlebot3_ws/install/turtlebot3_example:/opt/ros/humble /usr/bin/cmake --install /home/robot/robot_ws/build/message_interface
[2.282s] -- Install configuration: "Debug"
[2.285s] -- Execute custom install script
[2.290s] -- Up-to-date symlink: /home/robot/robot_ws/install/message_interface/share/ament_index/resource_index/rosidl_interfaces/message_interface
[2.291s] -- Up-to-date symlink: /home/robot/robot_ws/install/message_interface/include/message_interface/message_interface/msg/detail/iscoast__functions.h
[2.291s] -- Up-to-date symlink: /home/robot/robot_ws/install/message_interface/include/message_interface/message_interface/msg/detail/iscoast__struct.h
[2.293s] -- Up-to-date symlink: /home/robot/robot_ws/install/message_interface/include/message_interface/message_interface/msg/detail/iscoast__type_support.h
[2.293s] -- Up-to-date symlink: /home/robot/robot_ws/install/message_interface/include/message_interface/message_interface/msg/detail/mode__functions.h
[2.293s] -- Up-to-date symlink: /home/robot/robot_ws/install/message_interface/include/message_interface/message_interface/msg/detail/mode__struct.h
[2.293s] -- Up-to-date symlink: /home/robot/robot_ws/install/message_interface/include/message_interface/message_interface/msg/detail/mode__type_support.h
[2.295s] -- Up-to-date symlink: /home/robot/robot_ws/install/message_interface/include/message_interface/message_interface/msg/iscoast.h
[2.295s] -- Up-to-date symlink: /home/robot/robot_ws/install/message_interface/include/message_interface/message_interface/msg/mode.h
[2.295s] -- Up-to-date symlink: /home/robot/robot_ws/install/message_interface/include/message_interface/message_interface/msg/rosidl_generator_c__visibility_control.h
[2.295s] -- Up-to-date symlink: /home/robot/robot_ws/install/message_interface/share/message_interface/environment/library_path.sh
[2.297s] -- Up-to-date symlink: /home/robot/robot_ws/install/message_interface/share/message_interface/environment/library_path.dsv
[2.298s] -- Up-to-date symlink: /home/robot/robot_ws/install/message_interface/include/message_interface/message_interface/msg/detail/iscoast__rosidl_typesupport_fastrtps_c.h
[2.299s] -- Up-to-date symlink: /home/robot/robot_ws/install/message_interface/include/message_interface/message_interface/msg/detail/mode__rosidl_typesupport_fastrtps_c.h
[2.300s] -- Up-to-date symlink: /home/robot/robot_ws/install/message_interface/include/message_interface/message_interface/msg/rosidl_typesupport_fastrtps_c__visibility_control.h
[2.303s] -- Up-to-date symlink: /home/robot/robot_ws/install/message_interface/include/message_interface/message_interface/msg/detail/iscoast__rosidl_typesupport_introspection_c.h
[2.307s] -- Up-to-date symlink: /home/robot/robot_ws/install/message_interface/include/message_interface/message_interface/msg/detail/mode__rosidl_typesupport_introspection_c.h
[2.309s] -- Up-to-date symlink: /home/robot/robot_ws/install/message_interface/include/message_interface/message_interface/msg/rosidl_typesupport_introspection_c__visibility_control.h
[2.312s] -- Up-to-date symlink: /home/robot/robot_ws/install/message_interface/include/message_interface/message_interface/msg/detail/iscoast__builder.hpp
[2.312s] -- Up-to-date symlink: /home/robot/robot_ws/install/message_interface/include/message_interface/message_interface/msg/detail/iscoast__struct.hpp
[2.313s] -- Up-to-date symlink: /home/robot/robot_ws/install/message_interface/include/message_interface/message_interface/msg/detail/iscoast__traits.hpp
[2.313s] -- Up-to-date symlink: /home/robot/robot_ws/install/message_interface/include/message_interface/message_interface/msg/detail/mode__builder.hpp
[2.316s] -- Up-to-date symlink: /home/robot/robot_ws/install/message_interface/include/message_interface/message_interface/msg/detail/mode__struct.hpp
[2.316s] -- Up-to-date symlink: /home/robot/robot_ws/install/message_interface/include/message_interface/message_interface/msg/detail/mode__traits.hpp
[2.316s] -- Up-to-date symlink: /home/robot/robot_ws/install/message_interface/include/message_interface/message_interface/msg/iscoast.hpp
[2.316s] -- Up-to-date symlink: /home/robot/robot_ws/install/message_interface/include/message_interface/message_interface/msg/mode.hpp
[2.316s] -- Up-to-date symlink: /home/robot/robot_ws/install/message_interface/include/message_interface/message_interface/msg/detail/iscoast__rosidl_typesupport_fastrtps_cpp.hpp
[2.317s] -- Up-to-date symlink: /home/robot/robot_ws/install/message_interface/include/message_interface/message_interface/msg/detail/mode__rosidl_typesupport_fastrtps_cpp.hpp
[2.317s] -- Up-to-date symlink: /home/robot/robot_ws/install/message_interface/include/message_interface/message_interface/msg/rosidl_typesupport_fastrtps_cpp__visibility_control.h
[2.317s] -- Up-to-date symlink: /home/robot/robot_ws/install/message_interface/include/message_interface/message_interface/msg/detail/iscoast__rosidl_typesupport_introspection_cpp.hpp
[2.319s] -- Up-to-date symlink: /home/robot/robot_ws/install/message_interface/include/message_interface/message_interface/msg/detail/mode__rosidl_typesupport_introspection_cpp.hpp
[2.319s] -- Up-to-date symlink: /home/robot/robot_ws/install/message_interface/share/message_interface/environment/pythonpath.sh
[2.320s] -- Up-to-date symlink: /home/robot/robot_ws/install/message_interface/share/message_interface/environment/pythonpath.dsv
[2.320s] -- Up-to-date symlink: /home/robot/robot_ws/install/message_interface/local/lib/python3.10/dist-packages/message_interface-0.0.0-py3.10.egg-info/PKG-INFO
[2.320s] -- Up-to-date symlink: /home/robot/robot_ws/install/message_interface/local/lib/python3.10/dist-packages/message_interface-0.0.0-py3.10.egg-info/SOURCES.txt
[2.320s] -- Up-to-date symlink: /home/robot/robot_ws/install/message_interface/local/lib/python3.10/dist-packages/message_interface-0.0.0-py3.10.egg-info/dependency_links.txt
[2.320s] -- Up-to-date symlink: /home/robot/robot_ws/install/message_interface/local/lib/python3.10/dist-packages/message_interface-0.0.0-py3.10.egg-info/top_level.txt
[2.322s] -- Up-to-date symlink: /home/robot/robot_ws/install/message_interface/local/lib/python3.10/dist-packages/message_interface/__init__.py
[2.323s] -- Up-to-date symlink: /home/robot/robot_ws/install/message_interface/local/lib/python3.10/dist-packages/message_interface/_message_interface_s.ep.rosidl_typesupport_c.c
[2.323s] -- Up-to-date symlink: /home/robot/robot_ws/install/message_interface/local/lib/python3.10/dist-packages/message_interface/_message_interface_s.ep.rosidl_typesupport_fastrtps_c.c
[2.323s] -- Up-to-date symlink: /home/robot/robot_ws/install/message_interface/local/lib/python3.10/dist-packages/message_interface/_message_interface_s.ep.rosidl_typesupport_introspection_c.c
[2.324s] -- Up-to-date symlink: /home/robot/robot_ws/install/message_interface/local/lib/python3.10/dist-packages/message_interface/libmessage_interface__rosidl_generator_py.so
[2.324s] -- Up-to-date symlink: /home/robot/robot_ws/install/message_interface/local/lib/python3.10/dist-packages/message_interface/message_interface_s__rosidl_typesupport_c.cpython-310-x86_64-linux-gnu.so
[2.325s] -- Up-to-date symlink: /home/robot/robot_ws/install/message_interface/local/lib/python3.10/dist-packages/message_interface/message_interface_s__rosidl_typesupport_fastrtps_c.cpython-310-x86_64-linux-gnu.so
[2.328s] -- Up-to-date symlink: /home/robot/robot_ws/install/message_interface/local/lib/python3.10/dist-packages/message_interface/message_interface_s__rosidl_typesupport_introspection_c.cpython-310-x86_64-linux-gnu.so
[2.328s] -- Up-to-date symlink: /home/robot/robot_ws/install/message_interface/local/lib/python3.10/dist-packages/message_interface/msg/__init__.py
[2.328s] -- Up-to-date symlink: /home/robot/robot_ws/install/message_interface/local/lib/python3.10/dist-packages/message_interface/msg/_iscoast.py
[2.328s] -- Up-to-date symlink: /home/robot/robot_ws/install/message_interface/local/lib/python3.10/dist-packages/message_interface/msg/_iscoast_s.c
[2.328s] -- Up-to-date symlink: /home/robot/robot_ws/install/message_interface/local/lib/python3.10/dist-packages/message_interface/msg/_mode.py
[2.330s] -- Up-to-date symlink: /home/robot/robot_ws/install/message_interface/local/lib/python3.10/dist-packages/message_interface/msg/_mode_s.c
[2.332s] -- Up-to-date symlink: /home/robot/robot_ws/install/message_interface/local/lib/python3.10/dist-packages/message_interface/message_interface_s__rosidl_typesupport_fastrtps_c.cpython-310-x86_64-linux-gnu.so
[2.334s] -- Up-to-date symlink: /home/robot/robot_ws/install/message_interface/local/lib/python3.10/dist-packages/message_interface/message_interface_s__rosidl_typesupport_introspection_c.cpython-310-x86_64-linux-gnu.so
[2.334s] -- Up-to-date symlink: /home/robot/robot_ws/install/message_interface/local/lib/python3.10/dist-packages/message_interface/message_interface_s__rosidl_typesupport_c.cpython-310-x86_64-linux-gnu.so
[2.334s] -- Up-to-date symlink: /home/robot/robot_ws/install/message_interface/share/message_interface/msg/Mode.idl
[2.334s] -- Up-to-date symlink: /home/robot/robot_ws/install/message_interface/share/message_interface/msg/Iscoast.idl
[2.335s] -- Up-to-date symlink: /home/robot/robot_ws/install/message_interface/share/message_interface/msg/Mode.msg
[2.335s] -- Up-to-date symlink: /home/robot/robot_ws/install/message_interface/share/message_interface/msg/Iscoast.msg
[2.335s] -- Up-to-date symlink: /home/robot/robot_ws/install/message_interface/share/ament_index/resource_index/package_run_dependencies/message_interface
[2.337s] -- Up-to-date symlink: /home/robot/robot_ws/install/message_interface/share/ament_index/resource_index/parent_prefix_path/message_interface
[2.337s] -- Up-to-date symlink: /home/robot/robot_ws/install/message_interface/share/message_interface/environment/ament_prefix_path.sh
[2.341s] -- Up-to-date symlink: /home/robot/robot_ws/install/message_interface/share/message_interface/environment/ament_prefix_path.dsv
[2.341s] -- Up-to-date symlink: /home/robot/robot_ws/install/message_interface/share/message_interface/environment/path.sh
[2.341s] -- Up-to-date symlink: /home/robot/robot_ws/install/message_interface/share/message_interface/environment/path.dsv
[2.341s] -- Up-to-date symlink: /home/robot/robot_ws/install/message_interface/share/message_interface/local_setup.bash
[2.341s] -- Up-to-date symlink: /home/robot/robot_ws/install/message_interface/share/message_interface/local_setup.sh
[2.341s] -- Up-to-date symlink: /home/robot/robot_ws/install/message_interface/share/message_interface/local_setup.zsh
[2.342s] -- Up-to-date symlink: /home/robot/robot_ws/install/message_interface/share/message_interface/local_setup.dsv
[2.342s] -- Symlinking: /home/robot/robot_ws/install/message_interface/share/message_interface/package.dsv
[2.354s] -- Up-to-date symlink: /home/robot/robot_ws/install/message_interface/share/ament_index/resource_index/packages/message_interface
[2.355s] -- Up-to-date symlink: /home/robot/robot_ws/install/message_interface/share/message_interface/cmake/rosidl_cmake-extras.cmake
[2.355s] -- Up-to-date symlink: /home/robot/robot_ws/install/message_interface/share/message_interface/cmake/ament_cmake_export_include_directories-extras.cmake
[2.355s] -- Up-to-date symlink: /home/robot/robot_ws/install/message_interface/share/message_interface/cmake/ament_cmake_export_libraries-extras.cmake
[2.355s] -- Up-to-date symlink: /home/robot/robot_ws/install/message_interface/share/message_interface/cmake/ament_cmake_export_targets-extras.cmake
[2.356s] -- Up-to-date symlink: /home/robot/robot_ws/install/message_interface/share/message_interface/cmake/rosidl_cmake_export_typesupport_targets-extras.cmake
[2.356s] -- Up-to-date symlink: /home/robot/robot_ws/install/message_interface/share/message_interface/cmake/ament_cmake_export_dependencies-extras.cmake
[2.356s] -- Up-to-date symlink: /home/robot/robot_ws/install/message_interface/share/message_interface/cmake/rosidl_cmake_export_typesupport_libraries-extras.cmake
[2.357s] -- Up-to-date symlink: /home/robot/robot_ws/install/message_interface/share/message_interface/cmake/message_interfaceConfig.cmake
[2.357s] -- Up-to-date symlink: /home/robot/robot_ws/install/message_interface/share/message_interface/cmake/message_interfaceConfig-version.cmake
[2.357s] -- Up-to-date symlink: /home/robot/robot_ws/install/message_interface/share/message_interface/package.xml
[2.358s] -- Up-to-date: /home/robot/robot_ws/install/message_interface/lib/libmessage_interface__rosidl_generator_c.so
[2.359s] -- Up-to-date: /home/robot/robot_ws/install/message_interface/lib/libmessage_interface__rosidl_typesupport_fastrtps_c.so
[2.359s] -- Up-to-date: /home/robot/robot_ws/install/message_interface/lib/libmessage_interface__rosidl_typesupport_introspection_c.so
[2.360s] -- Up-to-date: /home/robot/robot_ws/install/message_interface/lib/libmessage_interface__rosidl_typesupport_c.so
[2.369s] -- Up-to-date: /home/robot/robot_ws/install/message_interface/lib/libmessage_interface__rosidl_typesupport_fastrtps_cpp.so
[2.381s] -- Up-to-date: /home/robot/robot_ws/install/message_interface/lib/libmessage_interface__rosidl_typesupport_introspection_cpp.so
[2.385s] -- Up-to-date: /home/robot/robot_ws/install/message_interface/lib/libmessage_interface__rosidl_typesupport_cpp.so
[2.497s] Listing '/home/robot/robot_ws/install/message_interface/local/lib/python3.10/dist-packages/message_interface'...
[2.497s] Listing '/home/robot/robot_ws/install/message_interface/local/lib/python3.10/dist-packages/message_interface/msg'...
[2.507s] -- Up-to-date: /home/robot/robot_ws/install/message_interface/lib/libmessage_interface__rosidl_generator_py.so
[2.518s] -- Up-to-date: /home/robot/robot_ws/install/message_interface/share/message_interface/cmake/export_message_interface__rosidl_generator_cExport.cmake
[2.518s] -- Up-to-date: /home/robot/robot_ws/install/message_interface/share/message_interface/cmake/export_message_interface__rosidl_generator_cExport-debug.cmake
[2.518s] -- Up-to-date: /home/robot/robot_ws/install/message_interface/share/message_interface/cmake/export_message_interface__rosidl_typesupport_fastrtps_cExport.cmake
[2.518s] -- Up-to-date: /home/robot/robot_ws/install/message_interface/share/message_interface/cmake/export_message_interface__rosidl_typesupport_fastrtps_cExport-debug.cmake
[2.519s] -- Up-to-date: /home/robot/robot_ws/install/message_interface/share/message_interface/cmake/message_interface__rosidl_typesupport_introspection_cExport.cmake
[2.519s] -- Up-to-date: /home/robot/robot_ws/install/message_interface/share/message_interface/cmake/message_interface__rosidl_typesupport_introspection_cExport-debug.cmake
[2.519s] -- Up-to-date: /home/robot/robot_ws/install/message_interface/share/message_interface/cmake/message_interface__rosidl_typesupport_cExport.cmake
[2.519s] -- Up-to-date: /home/robot/robot_ws/install/message_interface/share/message_interface/cmake/message_interface__rosidl_typesupport_cExport-debug.cmake
[2.519s] -- Up-to-date: /home/robot/robot_ws/install/message_interface/share/message_interface/cmake/export_message_interface__rosidl_generator_cppExport.cmake
[2.519s] -- Up-to-date: /home/robot/robot_ws/install/message_interface/share/message_interface/cmake/export_message_interface__rosidl_typesupport_fastrtps_cppExport.cmake
[2.519s] -- Up-to-date: /home/robot/robot_ws/install/message_interface/share/message_interface/cmake/export_message_interface__rosidl_typesupport_fastrtps_cppExport-debug.cmake
[2.519s] -- Up-to-date: /home/robot/robot_ws/install/message_interface/share/message_interface/cmake/message_interface__rosidl_typesupport_introspection_cppExport.cmake
[2.519s] -- Up-to-date: /home/robot/robot_ws/install/message_interface/share/message_interface/cmake/message_interface__rosidl_typesupport_introspection_cppExport-debug.cmake
[2.519s] -- Up-to-date: /home/robot/robot_ws/install/message_interface/share/message_interface/cmake/message_interface__rosidl_typesupport_cppExport.cmake
[2.519s] -- Up-to-date: /home/robot/robot_ws/install/message_interface/share/message_interface/cmake/message_interface__rosidl_typesupport_cppExport-debug.cmake
[2.520s] -- Up-to-date: /home/robot/robot_ws/install/message_interface/share/message_interface/cmake/export_message_interface__rosidl_generator_pyExport.cmake
[2.520s] -- Up-to-date: /home/robot/robot_ws/install/message_interface/share/message_interface/cmake/export_message_interface__rosidl_generator_pyExport-debug.cmake
[2.542s] Invoked command in '/home/robot/robot_ws/build/message_interface' returned '0': CMAKE_PREFIX_PATH=${CMAKE_PREFIX_PATH}:/home/robot/robot_ws/install/urdf_tutorial:/home/robot/turtlebot3_ws/install/turtlebot3_teleop:/home/robot/turtlebot3_ws/install/turtlebot3_example:/opt/ros/humble /usr/bin/cmake --install /home/robot/robot_ws/build/message_interface
