[0.512s] Invoking command in '/home/robot/robot_ws/build/clustering_cpp': CMAKE_PREFIX_PATH=${CMAKE_PREFIX_PATH}:/home/robot/robot_ws/install/urdf_tutorial:/home/robot/turtlebot3_ws/install/turtlebot3_teleop:/home/robot/turtlebot3_ws/install/turtlebot3_example:/opt/ros/humble /usr/bin/cmake --build /home/robot/robot_ws/build/clustering_cpp -- -j4 -l4
[0.678s] [100%] Built target clustering
[0.744s] Invoked command in '/home/robot/robot_ws/build/clustering_cpp' returned '0': CMAKE_PREFIX_PATH=${CMAKE_PREFIX_PATH}:/home/robot/robot_ws/install/urdf_tutorial:/home/robot/turtlebot3_ws/install/turtlebot3_teleop:/home/robot/turtlebot3_ws/install/turtlebot3_example:/opt/ros/humble /usr/bin/cmake --build /home/robot/robot_ws/build/clustering_cpp -- -j4 -l4
[0.918s] Invoking command in '/home/robot/robot_ws/build/clustering_cpp': CMAKE_PREFIX_PATH=${CMAKE_PREFIX_PATH}:/home/robot/robot_ws/install/urdf_tutorial:/home/robot/turtlebot3_ws/install/turtlebot3_teleop:/home/robot/turtlebot3_ws/install/turtlebot3_example:/opt/ros/humble /usr/bin/cmake --install /home/robot/robot_ws/build/clustering_cpp
[0.928s] -- Install configuration: ""
[0.929s] -- Up-to-date: /home/robot/robot_ws/install/clustering_cpp/lib/clustering_cpp/clustering
[0.931s] -- Up-to-date: /home/robot/robot_ws/install/clustering_cpp/share/ament_index/resource_index/package_run_dependencies/clustering_cpp
[0.932s] -- Up-to-date: /home/robot/robot_ws/install/clustering_cpp/share/ament_index/resource_index/parent_prefix_path/clustering_cpp
[0.933s] -- Up-to-date: /home/robot/robot_ws/install/clustering_cpp/share/clustering_cpp/environment/ament_prefix_path.sh
[0.934s] -- Up-to-date: /home/robot/robot_ws/install/clustering_cpp/share/clustering_cpp/environment/ament_prefix_path.dsv
[0.934s] -- Up-to-date: /home/robot/robot_ws/install/clustering_cpp/share/clustering_cpp/environment/path.sh
[0.935s] -- Up-to-date: /home/robot/robot_ws/install/clustering_cpp/share/clustering_cpp/environment/path.dsv
[0.937s] -- Up-to-date: /home/robot/robot_ws/install/clustering_cpp/share/clustering_cpp/local_setup.bash
[0.939s] -- Up-to-date: /home/robot/robot_ws/install/clustering_cpp/share/clustering_cpp/local_setup.sh
[0.940s] -- Up-to-date: /home/robot/robot_ws/install/clustering_cpp/share/clustering_cpp/local_setup.zsh
[0.941s] -- Up-to-date: /home/robot/robot_ws/install/clustering_cpp/share/clustering_cpp/local_setup.dsv
[0.942s] -- Installing: /home/robot/robot_ws/install/clustering_cpp/share/clustering_cpp/package.dsv
[0.944s] -- Up-to-date: /home/robot/robot_ws/install/clustering_cpp/share/ament_index/resource_index/packages/clustering_cpp
[0.946s] -- Up-to-date: /home/robot/robot_ws/install/clustering_cpp/share/clustering_cpp/cmake/clustering_cppConfig.cmake
[0.947s] -- Up-to-date: /home/robot/robot_ws/install/clustering_cpp/share/clustering_cpp/cmake/clustering_cppConfig-version.cmake
[0.949s] -- Up-to-date: /home/robot/robot_ws/install/clustering_cpp/share/clustering_cpp/package.xml
[0.964s] Invoked command in '/home/robot/robot_ws/build/clustering_cpp' returned '0': CMAKE_PREFIX_PATH=${CMAKE_PREFIX_PATH}:/home/robot/robot_ws/install/urdf_tutorial:/home/robot/turtlebot3_ws/install/turtlebot3_teleop:/home/robot/turtlebot3_ws/install/turtlebot3_example:/opt/ros/humble /usr/bin/cmake --install /home/robot/robot_ws/build/clustering_cpp
