[0.086s] Invoking command in '/home/robot/robot_ws/build/safeway_robot_controll_packet_RS485': CMAKE_PREFIX_PATH=/opt/ros/humble /usr/bin/cmake --build /home/robot/robot_ws/build/safeway_robot_controll_packet_RS485 -- -j4 -l4
[0.151s] [ 12%] [32mBuilding CXX object CMakeFiles/packet_RS485_subscriber.dir/src/packet_RS485_subscriber.cpp.o[0m
[0.154s] [ 25%] [32mBuilding CXX object CMakeFiles/packet_RS485_subscriber.dir/src/rs485_comm.cpp.o[0m
[0.160s] [ 37%] [32mBuilding CXX object CMakeFiles/packet_RS485_subscriber.dir/src/rs485_send.cpp.o[0m
[0.165s] [ 50%] [32mBuilding CXX object CMakeFiles/packet_RS485_publisher.dir/src/packet_RS485_publisher.cpp.o[0m
[0.265s] [01m[K/home/robot/robot_ws/src/safeway_robot_controll_packet_RS485/src/rs485_send.cpp:10:13:[m[K [01;35m[Kwarning: [m[K‘[01m[Ks_szCmdRBuffer[m[K’ defined but not used [[01;35m[K]8;;https://gcc.gnu.org/onlinedocs/gcc/Warning-Options.html#index-Wunused-variable-Wunused-variable]8;;[m[K]
[0.265s]    10 | static char [01;35m[Ks_szCmdRBuffer[m[K[MOTION_CMD_BUFFER_SIZE];
[0.265s]       |             [01;35m[K^~~~~~~~~~~~~~[m[K
[0.286s] [ 62%] [32mBuilding CXX object CMakeFiles/packet_RS485_subscriber.dir/src/rs485_crc16.cpp.o[0m
[3.150s] [01m[K/home/robot/robot_ws/src/safeway_robot_controll_packet_RS485/src/packet_RS485_subscriber.cpp:36:27:[m[K [01;35m[Kwarning: [m[KISO C++ forbids converting a string constant to ‘[01m[Kchar*[m[K’ [[01;35m[K]8;;https://gcc.gnu.org/onlinedocs/gcc/Warning-Options.html#index-Wwrite-strings-Wwrite-strings]8;;[m[K]
[3.151s]    36 | static char *pszDevName = [01;35m[K"/dev/ttyUSB0"[m[K;
[3.151s]       |                           [01;35m[K^~~~~~~~~~~~~~[m[K
[6.751s] [ 75%] [32m[1mLinking CXX executable packet_RS485_publisher[0m
[7.094s] [ 87%] Built target packet_RS485_publisher
[11.270s] [100%] [32m[1mLinking CXX executable packet_RS485_subscriber[0m
[11.763s] [100%] Built target packet_RS485_subscriber
[11.775s] Invoked command in '/home/robot/robot_ws/build/safeway_robot_controll_packet_RS485' returned '0': CMAKE_PREFIX_PATH=/opt/ros/humble /usr/bin/cmake --build /home/robot/robot_ws/build/safeway_robot_controll_packet_RS485 -- -j4 -l4
[11.811s] Invoking command in '/home/robot/robot_ws/build/safeway_robot_controll_packet_RS485': CMAKE_PREFIX_PATH=/opt/ros/humble /usr/bin/cmake --install /home/robot/robot_ws/build/safeway_robot_controll_packet_RS485
[11.819s] -- Install configuration: "Debug"
[11.820s] -- Installing: /home/robot/robot_ws/install/safeway_robot_controll_packet_RS485/lib/safeway_robot_controll_packet_RS485/packet_RS485_publisher
[11.824s] -- Set runtime path of "/home/robot/robot_ws/install/safeway_robot_controll_packet_RS485/lib/safeway_robot_controll_packet_RS485/packet_RS485_publisher" to ""
[11.825s] -- Installing: /home/robot/robot_ws/install/safeway_robot_controll_packet_RS485/lib/safeway_robot_controll_packet_RS485/packet_RS485_subscriber
[11.838s] -- Set runtime path of "/home/robot/robot_ws/install/safeway_robot_controll_packet_RS485/lib/safeway_robot_controll_packet_RS485/packet_RS485_subscriber" to ""
[11.838s] -- Up-to-date: /home/robot/robot_ws/install/safeway_robot_controll_packet_RS485/share/ament_index/resource_index/package_run_dependencies/safeway_robot_controll_packet_RS485
[11.839s] -- Up-to-date: /home/robot/robot_ws/install/safeway_robot_controll_packet_RS485/share/ament_index/resource_index/parent_prefix_path/safeway_robot_controll_packet_RS485
[11.839s] -- Up-to-date: /home/robot/robot_ws/install/safeway_robot_controll_packet_RS485/share/safeway_robot_controll_packet_RS485/environment/ament_prefix_path.sh
[11.839s] -- Up-to-date: /home/robot/robot_ws/install/safeway_robot_controll_packet_RS485/share/safeway_robot_controll_packet_RS485/environment/ament_prefix_path.dsv
[11.839s] -- Up-to-date: /home/robot/robot_ws/install/safeway_robot_controll_packet_RS485/share/safeway_robot_controll_packet_RS485/environment/path.sh
[11.839s] -- Up-to-date: /home/robot/robot_ws/install/safeway_robot_controll_packet_RS485/share/safeway_robot_controll_packet_RS485/environment/path.dsv
[11.839s] -- Up-to-date: /home/robot/robot_ws/install/safeway_robot_controll_packet_RS485/share/safeway_robot_controll_packet_RS485/local_setup.bash
[11.839s] -- Up-to-date: /home/robot/robot_ws/install/safeway_robot_controll_packet_RS485/share/safeway_robot_controll_packet_RS485/local_setup.sh
[11.839s] -- Up-to-date: /home/robot/robot_ws/install/safeway_robot_controll_packet_RS485/share/safeway_robot_controll_packet_RS485/local_setup.zsh
[11.839s] -- Up-to-date: /home/robot/robot_ws/install/safeway_robot_controll_packet_RS485/share/safeway_robot_controll_packet_RS485/local_setup.dsv
[11.840s] -- Installing: /home/robot/robot_ws/install/safeway_robot_controll_packet_RS485/share/safeway_robot_controll_packet_RS485/package.dsv
[11.840s] -- Up-to-date: /home/robot/robot_ws/install/safeway_robot_controll_packet_RS485/share/ament_index/resource_index/packages/safeway_robot_controll_packet_RS485
[11.840s] -- Up-to-date: /home/robot/robot_ws/install/safeway_robot_controll_packet_RS485/share/safeway_robot_controll_packet_RS485/cmake/safeway_robot_controll_packet_RS485Config.cmake
[11.840s] -- Up-to-date: /home/robot/robot_ws/install/safeway_robot_controll_packet_RS485/share/safeway_robot_controll_packet_RS485/cmake/safeway_robot_controll_packet_RS485Config-version.cmake
[11.840s] -- Up-to-date: /home/robot/robot_ws/install/safeway_robot_controll_packet_RS485/share/safeway_robot_controll_packet_RS485/package.xml
[11.842s] Invoked command in '/home/robot/robot_ws/build/safeway_robot_controll_packet_RS485' returned '0': CMAKE_PREFIX_PATH=/opt/ros/humble /usr/bin/cmake --install /home/robot/robot_ws/build/safeway_robot_controll_packet_RS485
