running egg_info
writing ../../build/urdf_tutorial/urdf_tutorial.egg-info/PKG-INFO
writing dependency_links to ../../build/urdf_tutorial/urdf_tutorial.egg-info/dependency_links.txt
writing entry points to ../../build/urdf_tutorial/urdf_tutorial.egg-info/entry_points.txt
writing requirements to ../../build/urdf_tutorial/urdf_tutorial.egg-info/requires.txt
writing top-level names to ../../build/urdf_tutorial/urdf_tutorial.egg-info/top_level.txt
reading manifest file '../../build/urdf_tutorial/urdf_tutorial.egg-info/SOURCES.txt'
writing manifest file '../../build/urdf_tutorial/urdf_tutorial.egg-info/SOURCES.txt'
running build
running build_py
copying urdf_tutorial/fake_driver.py -> /home/robot/robot_ws/build/urdf_tutorial/build/lib/urdf_tutorial
running install
running install_lib
copying /home/robot/robot_ws/build/urdf_tutorial/build/lib/urdf_tutorial/fake_driver.py -> /home/robot/robot_ws/install/urdf_tutorial/lib/python3.10/site-packages/urdf_tutorial
byte-compiling /home/robot/robot_ws/install/urdf_tutorial/lib/python3.10/site-packages/urdf_tutorial/fake_driver.py to fake_driver.cpython-310.pyc
running install_data
copying config/robot_joint.rviz -> /home/robot/robot_ws/install/urdf_tutorial/share/urdf_tutorial/config
running install_egg_info
removing '/home/robot/robot_ws/install/urdf_tutorial/lib/python3.10/site-packages/urdf_tutorial-0.0.0-py3.10.egg-info' (and everything under it)
Copying ../../build/urdf_tutorial/urdf_tutorial.egg-info to /home/robot/robot_ws/install/urdf_tutorial/lib/python3.10/site-packages/urdf_tutorial-0.0.0-py3.10.egg-info
running install_scripts
Installing fake_driver script to /home/robot/robot_ws/install/urdf_tutorial/lib/urdf_tutorial
writing list of installed files to '/home/robot/robot_ws/build/urdf_tutorial/install.log'
