[1.419s] Invoking command in '/home/robot/robot_ws/build/urdf_tutorial': PYTHONPATH=/home/robot/robot_ws/build/urdf_tutorial/prefix_override:/home/robot/robot_ws/install/urdf_tutorial/lib/python3.10/site-packages:${PYTHONPATH} /usr/bin/python3 setup.py develop --uninstall --editable --build-directory /home/robot/robot_ws/build/urdf_tutorial/build
[1.868s] running develop
[2.173s] Removing /home/robot/robot_ws/install/urdf_tutorial/lib/python3.10/site-packages/urdf-tutorial.egg-link (link to .)
[2.229s] Invoked command in '/home/robot/robot_ws/build/urdf_tutorial' returned '0': PYTHONPATH=/home/robot/robot_ws/build/urdf_tutorial/prefix_override:/home/robot/robot_ws/install/urdf_tutorial/lib/python3.10/site-packages:${PYTHONPATH} /usr/bin/python3 setup.py develop --uninstall --editable --build-directory /home/robot/robot_ws/build/urdf_tutorial/build
[2.234s] Invoking command in '/home/robot/robot_ws/src/urdf_tutorial': PYTHONPATH=/home/robot/robot_ws/build/urdf_tutorial/prefix_override:/home/robot/robot_ws/install/urdf_tutorial/lib/python3.10/site-packages:${PYTHONPATH} /usr/bin/python3 setup.py egg_info --egg-base ../../build/urdf_tutorial build --build-base /home/robot/robot_ws/build/urdf_tutorial/build install --record /home/robot/robot_ws/build/urdf_tutorial/install.log --single-version-externally-managed
[2.597s] running egg_info
[2.600s] writing ../../build/urdf_tutorial/urdf_tutorial.egg-info/PKG-INFO
[2.601s] writing dependency_links to ../../build/urdf_tutorial/urdf_tutorial.egg-info/dependency_links.txt
[2.601s] writing entry points to ../../build/urdf_tutorial/urdf_tutorial.egg-info/entry_points.txt
[2.602s] writing requirements to ../../build/urdf_tutorial/urdf_tutorial.egg-info/requires.txt
[2.603s] writing top-level names to ../../build/urdf_tutorial/urdf_tutorial.egg-info/top_level.txt
[2.603s] reading manifest file '../../build/urdf_tutorial/urdf_tutorial.egg-info/SOURCES.txt'
[2.604s] writing manifest file '../../build/urdf_tutorial/urdf_tutorial.egg-info/SOURCES.txt'
[2.605s] running build
[2.606s] running build_py
[2.607s] running install
[2.607s] running install_lib
[2.609s] creating /home/robot/robot_ws/install/urdf_tutorial/lib/python3.10/site-packages/urdf_tutorial
[2.609s] copying /home/robot/robot_ws/build/urdf_tutorial/build/lib/urdf_tutorial/fake_driver.py -> /home/robot/robot_ws/install/urdf_tutorial/lib/python3.10/site-packages/urdf_tutorial
[2.610s] copying /home/robot/robot_ws/build/urdf_tutorial/build/lib/urdf_tutorial/__init__.py -> /home/robot/robot_ws/install/urdf_tutorial/lib/python3.10/site-packages/urdf_tutorial
[2.610s] byte-compiling /home/robot/robot_ws/install/urdf_tutorial/lib/python3.10/site-packages/urdf_tutorial/fake_driver.py to fake_driver.cpython-310.pyc
[2.611s] byte-compiling /home/robot/robot_ws/install/urdf_tutorial/lib/python3.10/site-packages/urdf_tutorial/__init__.py to __init__.cpython-310.pyc
[2.615s] running install_data
[2.615s] running install_egg_info
[2.615s] Copying ../../build/urdf_tutorial/urdf_tutorial.egg-info to /home/robot/robot_ws/install/urdf_tutorial/lib/python3.10/site-packages/urdf_tutorial-0.0.0-py3.10.egg-info
[2.617s] running install_scripts
[2.642s] Installing fake_driver script to /home/robot/robot_ws/install/urdf_tutorial/lib/urdf_tutorial
[2.643s] writing list of installed files to '/home/robot/robot_ws/build/urdf_tutorial/install.log'
[2.690s] Invoked command in '/home/robot/robot_ws/src/urdf_tutorial' returned '0': PYTHONPATH=/home/robot/robot_ws/build/urdf_tutorial/prefix_override:/home/robot/robot_ws/install/urdf_tutorial/lib/python3.10/site-packages:${PYTHONPATH} /usr/bin/python3 setup.py egg_info --egg-base ../../build/urdf_tutorial build --build-base /home/robot/robot_ws/build/urdf_tutorial/build install --record /home/robot/robot_ws/build/urdf_tutorial/install.log --single-version-externally-managed
