[0.287s] Invoking command in '/home/robot/robot_ws/build/gl_ros2_driver_udp': CMAKE_PREFIX_PATH=${CMAKE_PREFIX_PATH}:/home/robot/robot_ws/install/urdf_tutorial:/home/robot/turtlebot3_ws/install/turtlebot3_teleop:/home/robot/turtlebot3_ws/install/turtlebot3_example:/opt/ros/humble /usr/bin/cmake --build /home/robot/robot_ws/build/gl_ros2_driver_udp -- -j4 -l4
[0.405s] [ 18%] Built target udp
[0.424s] [ 36%] Built target gl_driver
[0.431s] [ 81%] Built target serial
[0.504s] [100%] Built target gl_ros2_driver_udp_node
[0.534s] Invoked command in '/home/robot/robot_ws/build/gl_ros2_driver_udp' returned '0': CMAKE_PREFIX_PATH=${CMAKE_PREFIX_PATH}:/home/robot/robot_ws/install/urdf_tutorial:/home/robot/turtlebot3_ws/install/turtlebot3_teleop:/home/robot/turtlebot3_ws/install/turtlebot3_example:/opt/ros/humble /usr/bin/cmake --build /home/robot/robot_ws/build/gl_ros2_driver_udp -- -j4 -l4
[0.700s] Invoking command in '/home/robot/robot_ws/build/gl_ros2_driver_udp': CMAKE_PREFIX_PATH=${CMAKE_PREFIX_PATH}:/home/robot/robot_ws/install/urdf_tutorial:/home/robot/turtlebot3_ws/install/turtlebot3_teleop:/home/robot/turtlebot3_ws/install/turtlebot3_example:/opt/ros/humble /usr/bin/cmake --install /home/robot/robot_ws/build/gl_ros2_driver_udp
[0.746s] -- Install configuration: "Debug"
[0.748s] -- Up-to-date: /home/robot/robot_ws/install/gl_ros2_driver_udp/lib/gl_ros2_driver_udp/gl_ros2_driver_udp_node
[0.748s] -- Up-to-date: /home/robot/robot_ws/install/gl_ros2_driver_udp/share/gl_ros2_driver_udp/launch
[0.748s] -- Up-to-date: /home/robot/robot_ws/install/gl_ros2_driver_udp/share/gl_ros2_driver_udp/launch/__pycache__
[0.749s] -- Up-to-date: /home/robot/robot_ws/install/gl_ros2_driver_udp/share/gl_ros2_driver_udp/launch/__pycache__/gl_ros2_driver_udp.cpython-310.pyc
[0.749s] -- Up-to-date: /home/robot/robot_ws/install/gl_ros2_driver_udp/share/gl_ros2_driver_udp/launch/gl_ros2_driver_udp.py
[0.750s] -- Up-to-date: /home/robot/robot_ws/install/gl_ros2_driver_udp/share/gl_ros2_driver_udp/launch/view_gl_ros2_driver_udp.py
[0.750s] -- Up-to-date: /home/robot/robot_ws/install/gl_ros2_driver_udp/share/gl_ros2_driver_udp/rviz
[0.751s] -- Up-to-date: /home/robot/robot_ws/install/gl_ros2_driver_udp/share/gl_ros2_driver_udp/rviz/config.rviz
[0.751s] -- Up-to-date: /home/robot/robot_ws/install/gl_ros2_driver_udp/share/ament_index/resource_index/package_run_dependencies/gl_ros2_driver_udp
[0.751s] -- Up-to-date: /home/robot/robot_ws/install/gl_ros2_driver_udp/share/ament_index/resource_index/parent_prefix_path/gl_ros2_driver_udp
[0.751s] -- Up-to-date: /home/robot/robot_ws/install/gl_ros2_driver_udp/share/gl_ros2_driver_udp/environment/ament_prefix_path.sh
[0.752s] -- Up-to-date: /home/robot/robot_ws/install/gl_ros2_driver_udp/share/gl_ros2_driver_udp/environment/ament_prefix_path.dsv
[0.752s] -- Up-to-date: /home/robot/robot_ws/install/gl_ros2_driver_udp/share/gl_ros2_driver_udp/environment/path.sh
[0.752s] -- Up-to-date: /home/robot/robot_ws/install/gl_ros2_driver_udp/share/gl_ros2_driver_udp/environment/path.dsv
[0.752s] -- Up-to-date: /home/robot/robot_ws/install/gl_ros2_driver_udp/share/gl_ros2_driver_udp/local_setup.bash
[0.752s] -- Up-to-date: /home/robot/robot_ws/install/gl_ros2_driver_udp/share/gl_ros2_driver_udp/local_setup.sh
[0.752s] -- Up-to-date: /home/robot/robot_ws/install/gl_ros2_driver_udp/share/gl_ros2_driver_udp/local_setup.zsh
[0.752s] -- Up-to-date: /home/robot/robot_ws/install/gl_ros2_driver_udp/share/gl_ros2_driver_udp/local_setup.dsv
[0.753s] -- Installing: /home/robot/robot_ws/install/gl_ros2_driver_udp/share/gl_ros2_driver_udp/package.dsv
[0.753s] -- Up-to-date: /home/robot/robot_ws/install/gl_ros2_driver_udp/share/ament_index/resource_index/packages/gl_ros2_driver_udp
[0.753s] -- Up-to-date: /home/robot/robot_ws/install/gl_ros2_driver_udp/share/gl_ros2_driver_udp/cmake/gl_ros2_driver_udpConfig.cmake
[0.754s] -- Up-to-date: /home/robot/robot_ws/install/gl_ros2_driver_udp/share/gl_ros2_driver_udp/cmake/gl_ros2_driver_udpConfig-version.cmake
[0.754s] -- Up-to-date: /home/robot/robot_ws/install/gl_ros2_driver_udp/share/gl_ros2_driver_udp/package.xml
[0.998s] Invoked command in '/home/robot/robot_ws/build/gl_ros2_driver_udp' returned '0': CMAKE_PREFIX_PATH=${CMAKE_PREFIX_PATH}:/home/robot/robot_ws/install/urdf_tutorial:/home/robot/turtlebot3_ws/install/turtlebot3_teleop:/home/robot/turtlebot3_ws/install/turtlebot3_example:/opt/ros/humble /usr/bin/cmake --install /home/robot/robot_ws/build/gl_ros2_driver_udp
