[0.391s] Invoking command in '/home/robot/robot_ws/build/onetouch_launch': CMAKE_PREFIX_PATH=${CMAKE_PREFIX_PATH}:/home/robot/robot_ws/install/urdf_tutorial:/home/robot/turtlebot3_ws/install/turtlebot3_teleop:/home/robot/turtlebot3_ws/install/turtlebot3_example:/opt/ros/humble /usr/bin/cmake --build /home/robot/robot_ws/build/onetouch_launch -- -j4 -l4
[0.472s] Invoked command in '/home/robot/robot_ws/build/onetouch_launch' returned '0': CMAKE_PREFIX_PATH=${CMAKE_PREFIX_PATH}:/home/robot/robot_ws/install/urdf_tutorial:/home/robot/turtlebot3_ws/install/turtlebot3_teleop:/home/robot/turtlebot3_ws/install/turtlebot3_example:/opt/ros/humble /usr/bin/cmake --build /home/robot/robot_ws/build/onetouch_launch -- -j4 -l4
[0.644s] Invoking command in '/home/robot/robot_ws/build/onetouch_launch': CMAKE_PREFIX_PATH=${CMAKE_PREFIX_PATH}:/home/robot/robot_ws/install/urdf_tutorial:/home/robot/turtlebot3_ws/install/turtlebot3_teleop:/home/robot/turtlebot3_ws/install/turtlebot3_example:/opt/ros/humble /usr/bin/cmake --install /home/robot/robot_ws/build/onetouch_launch
[0.659s] -- Install configuration: ""
[0.660s] -- Up-to-date: /home/robot/robot_ws/install/onetouch_launch/share/ament_index/resource_index/package_run_dependencies/onetouch_launch
[0.661s] -- Up-to-date: /home/robot/robot_ws/install/onetouch_launch/share/ament_index/resource_index/parent_prefix_path/onetouch_launch
[0.662s] -- Up-to-date: /home/robot/robot_ws/install/onetouch_launch/share/onetouch_launch/environment/ament_prefix_path.sh
[0.663s] -- Up-to-date: /home/robot/robot_ws/install/onetouch_launch/share/onetouch_launch/environment/ament_prefix_path.dsv
[0.665s] -- Up-to-date: /home/robot/robot_ws/install/onetouch_launch/share/onetouch_launch/environment/path.sh
[0.666s] -- Up-to-date: /home/robot/robot_ws/install/onetouch_launch/share/onetouch_launch/environment/path.dsv
[0.666s] -- Up-to-date: /home/robot/robot_ws/install/onetouch_launch/share/onetouch_launch/local_setup.bash
[0.667s] -- Up-to-date: /home/robot/robot_ws/install/onetouch_launch/share/onetouch_launch/local_setup.sh
[0.668s] -- Up-to-date: /home/robot/robot_ws/install/onetouch_launch/share/onetouch_launch/local_setup.zsh
[0.669s] -- Up-to-date: /home/robot/robot_ws/install/onetouch_launch/share/onetouch_launch/local_setup.dsv
[0.669s] -- Installing: /home/robot/robot_ws/install/onetouch_launch/share/onetouch_launch/package.dsv
[0.674s] -- Up-to-date: /home/robot/robot_ws/install/onetouch_launch/share/ament_index/resource_index/packages/onetouch_launch
[0.674s] -- Up-to-date: /home/robot/robot_ws/install/onetouch_launch/share/onetouch_launch/cmake/onetouch_launchConfig.cmake
[0.675s] -- Up-to-date: /home/robot/robot_ws/install/onetouch_launch/share/onetouch_launch/cmake/onetouch_launchConfig-version.cmake
[0.676s] -- Up-to-date: /home/robot/robot_ws/install/onetouch_launch/share/onetouch_launch/package.xml
[0.676s] Invoked command in '/home/robot/robot_ws/build/onetouch_launch' returned '0': CMAKE_PREFIX_PATH=${CMAKE_PREFIX_PATH}:/home/robot/robot_ws/install/urdf_tutorial:/home/robot/turtlebot3_ws/install/turtlebot3_teleop:/home/robot/turtlebot3_ws/install/turtlebot3_example:/opt/ros/humble /usr/bin/cmake --install /home/robot/robot_ws/build/onetouch_launch
