[0.034s] Invoking command in '/home/robot/robot_ws/build/message_interface': CMAKE_PREFIX_PATH=${CMAKE_PREFIX_PATH}:/home/robot/robot_ws/install/urdf_tutorial:/opt/ros/humble /usr/bin/cmake --build /home/robot/robot_ws/build/message_interface -- -j4 -l4
[0.107s] [ 10%] Built target message_interface__rosidl_generator_c
[0.115s] [ 12%] Built target message_interface__cpp
[0.123s] [ 12%] Built target ament_cmake_python_symlink_message_interface
[0.154s] [ 23%] Built target message_interface__rosidl_typesupport_fastrtps_c
[0.175s] [ 34%] Built target message_interface__rosidl_typesupport_introspection_c
[0.175s] [ 44%] Built target message_interface__rosidl_typesupport_c
[0.177s] [ 55%] Built target message_interface__rosidl_typesupport_fastrtps_cpp
[0.228s] [ 65%] Built target message_interface__rosidl_typesupport_introspection_cpp
[0.228s] [ 76%] Built target message_interface__rosidl_typesupport_cpp
[0.263s] [ 76%] Built target message_interface
[0.302s] [ 78%] Built target message_interface__py
[0.323s] [ 87%] Built target message_interface__rosidl_generator_py
[0.358s] [ 95%] Built target message_interface__rosidl_typesupport_fastrtps_c__pyext
[0.359s] [ 95%] Built target message_interface__rosidl_typesupport_introspection_c__pyext
[0.373s] [100%] Built target message_interface__rosidl_typesupport_c__pyext
[0.613s] running egg_info
[0.615s] writing message_interface.egg-info/PKG-INFO
[0.616s] writing dependency_links to message_interface.egg-info/dependency_links.txt
[0.616s] writing top-level names to message_interface.egg-info/top_level.txt
[0.619s] reading manifest file 'message_interface.egg-info/SOURCES.txt'
[0.620s] writing manifest file 'message_interface.egg-info/SOURCES.txt'
[0.681s] [100%] Built target ament_cmake_python_build_message_interface_egg
[0.699s] Invoked command in '/home/robot/robot_ws/build/message_interface' returned '0': CMAKE_PREFIX_PATH=${CMAKE_PREFIX_PATH}:/home/robot/robot_ws/install/urdf_tutorial:/opt/ros/humble /usr/bin/cmake --build /home/robot/robot_ws/build/message_interface -- -j4 -l4
[1.088s] Invoking command in '/home/robot/robot_ws/build/message_interface': CMAKE_PREFIX_PATH=${CMAKE_PREFIX_PATH}:/home/robot/robot_ws/install/urdf_tutorial:/opt/ros/humble /usr/bin/cmake --install /home/robot/robot_ws/build/message_interface
[1.112s] -- Install configuration: "Debug"
[1.118s] -- Execute custom install script
[1.119s] -- Up-to-date symlink: /home/robot/robot_ws/install/message_interface/share/ament_index/resource_index/rosidl_interfaces/message_interface
[1.122s] -- Up-to-date symlink: /home/robot/robot_ws/install/message_interface/include/message_interface/message_interface/msg/detail/iscoast__functions.h
[1.123s] -- Up-to-date symlink: /home/robot/robot_ws/install/message_interface/include/message_interface/message_interface/msg/detail/iscoast__struct.h
[1.123s] -- Up-to-date symlink: /home/robot/robot_ws/install/message_interface/include/message_interface/message_interface/msg/detail/iscoast__type_support.h
[1.124s] -- Up-to-date symlink: /home/robot/robot_ws/install/message_interface/include/message_interface/message_interface/msg/detail/mode__functions.h
[1.125s] -- Up-to-date symlink: /home/robot/robot_ws/install/message_interface/include/message_interface/message_interface/msg/detail/mode__struct.h
[1.126s] -- Up-to-date symlink: /home/robot/robot_ws/install/message_interface/include/message_interface/message_interface/msg/detail/mode__type_support.h
[1.126s] -- Up-to-date symlink: /home/robot/robot_ws/install/message_interface/include/message_interface/message_interface/msg/detail/state__functions.h
[1.127s] -- Up-to-date symlink: /home/robot/robot_ws/install/message_interface/include/message_interface/message_interface/msg/detail/state__struct.h
[1.127s] -- Up-to-date symlink: /home/robot/robot_ws/install/message_interface/include/message_interface/message_interface/msg/detail/state__type_support.h
[1.127s] -- Up-to-date symlink: /home/robot/robot_ws/install/message_interface/include/message_interface/message_interface/msg/iscoast.h
[1.127s] -- Up-to-date symlink: /home/robot/robot_ws/install/message_interface/include/message_interface/message_interface/msg/mode.h
[1.127s] -- Up-to-date symlink: /home/robot/robot_ws/install/message_interface/include/message_interface/message_interface/msg/rosidl_generator_c__visibility_control.h
[1.127s] -- Up-to-date symlink: /home/robot/robot_ws/install/message_interface/include/message_interface/message_interface/msg/state.h
[1.127s] -- Up-to-date symlink: /home/robot/robot_ws/install/message_interface/share/message_interface/environment/library_path.sh
[1.127s] -- Up-to-date symlink: /home/robot/robot_ws/install/message_interface/share/message_interface/environment/library_path.dsv
[1.130s] -- Up-to-date symlink: /home/robot/robot_ws/install/message_interface/include/message_interface/message_interface/msg/detail/iscoast__rosidl_typesupport_fastrtps_c.h
[1.130s] -- Up-to-date symlink: /home/robot/robot_ws/install/message_interface/include/message_interface/message_interface/msg/detail/mode__rosidl_typesupport_fastrtps_c.h
[1.130s] -- Up-to-date symlink: /home/robot/robot_ws/install/message_interface/include/message_interface/message_interface/msg/detail/state__rosidl_typesupport_fastrtps_c.h
[1.130s] -- Up-to-date symlink: /home/robot/robot_ws/install/message_interface/include/message_interface/message_interface/msg/rosidl_typesupport_fastrtps_c__visibility_control.h
[1.130s] -- Up-to-date symlink: /home/robot/robot_ws/install/message_interface/include/message_interface/message_interface/msg/detail/iscoast__rosidl_typesupport_introspection_c.h
[1.130s] -- Up-to-date symlink: /home/robot/robot_ws/install/message_interface/include/message_interface/message_interface/msg/detail/mode__rosidl_typesupport_introspection_c.h
[1.130s] -- Up-to-date symlink: /home/robot/robot_ws/install/message_interface/include/message_interface/message_interface/msg/detail/state__rosidl_typesupport_introspection_c.h
[1.130s] -- Up-to-date symlink: /home/robot/robot_ws/install/message_interface/include/message_interface/message_interface/msg/rosidl_typesupport_introspection_c__visibility_control.h
[1.131s] -- Up-to-date symlink: /home/robot/robot_ws/install/message_interface/include/message_interface/message_interface/msg/detail/iscoast__builder.hpp
[1.131s] -- Up-to-date symlink: /home/robot/robot_ws/install/message_interface/include/message_interface/message_interface/msg/detail/iscoast__struct.hpp
[1.131s] -- Up-to-date symlink: /home/robot/robot_ws/install/message_interface/include/message_interface/message_interface/msg/detail/iscoast__traits.hpp
[1.131s] -- Up-to-date symlink: /home/robot/robot_ws/install/message_interface/include/message_interface/message_interface/msg/detail/mode__builder.hpp
[1.131s] -- Up-to-date symlink: /home/robot/robot_ws/install/message_interface/include/message_interface/message_interface/msg/detail/mode__struct.hpp
[1.131s] -- Up-to-date symlink: /home/robot/robot_ws/install/message_interface/include/message_interface/message_interface/msg/detail/mode__traits.hpp
[1.131s] -- Up-to-date symlink: /home/robot/robot_ws/install/message_interface/include/message_interface/message_interface/msg/detail/state__builder.hpp
[1.131s] -- Up-to-date symlink: /home/robot/robot_ws/install/message_interface/include/message_interface/message_interface/msg/detail/state__struct.hpp
[1.131s] -- Up-to-date symlink: /home/robot/robot_ws/install/message_interface/include/message_interface/message_interface/msg/detail/state__traits.hpp
[1.132s] -- Up-to-date symlink: /home/robot/robot_ws/install/message_interface/include/message_interface/message_interface/msg/iscoast.hpp
[1.132s] -- Up-to-date symlink: /home/robot/robot_ws/install/message_interface/include/message_interface/message_interface/msg/mode.hpp
[1.132s] -- Up-to-date symlink: /home/robot/robot_ws/install/message_interface/include/message_interface/message_interface/msg/state.hpp
[1.132s] -- Up-to-date symlink: /home/robot/robot_ws/install/message_interface/include/message_interface/message_interface/msg/detail/iscoast__rosidl_typesupport_fastrtps_cpp.hpp
[1.132s] -- Up-to-date symlink: /home/robot/robot_ws/install/message_interface/include/message_interface/message_interface/msg/detail/mode__rosidl_typesupport_fastrtps_cpp.hpp
[1.132s] -- Up-to-date symlink: /home/robot/robot_ws/install/message_interface/include/message_interface/message_interface/msg/detail/state__rosidl_typesupport_fastrtps_cpp.hpp
[1.132s] -- Up-to-date symlink: /home/robot/robot_ws/install/message_interface/include/message_interface/message_interface/msg/rosidl_typesupport_fastrtps_cpp__visibility_control.h
[1.132s] -- Up-to-date symlink: /home/robot/robot_ws/install/message_interface/include/message_interface/message_interface/msg/detail/iscoast__rosidl_typesupport_introspection_cpp.hpp
[1.132s] -- Up-to-date symlink: /home/robot/robot_ws/install/message_interface/include/message_interface/message_interface/msg/detail/mode__rosidl_typesupport_introspection_cpp.hpp
[1.132s] -- Up-to-date symlink: /home/robot/robot_ws/install/message_interface/include/message_interface/message_interface/msg/detail/state__rosidl_typesupport_introspection_cpp.hpp
[1.133s] -- Up-to-date symlink: /home/robot/robot_ws/install/message_interface/share/message_interface/environment/pythonpath.sh
[1.133s] -- Up-to-date symlink: /home/robot/robot_ws/install/message_interface/share/message_interface/environment/pythonpath.dsv
[1.133s] -- Up-to-date symlink: /home/robot/robot_ws/install/message_interface/local/lib/python3.10/dist-packages/message_interface-0.0.0-py3.10.egg-info/PKG-INFO
[1.133s] -- Up-to-date symlink: /home/robot/robot_ws/install/message_interface/local/lib/python3.10/dist-packages/message_interface-0.0.0-py3.10.egg-info/SOURCES.txt
[1.136s] -- Up-to-date symlink: /home/robot/robot_ws/install/message_interface/local/lib/python3.10/dist-packages/message_interface-0.0.0-py3.10.egg-info/dependency_links.txt
[1.136s] -- Up-to-date symlink: /home/robot/robot_ws/install/message_interface/local/lib/python3.10/dist-packages/message_interface-0.0.0-py3.10.egg-info/top_level.txt
[1.141s] -- Up-to-date symlink: /home/robot/robot_ws/install/message_interface/local/lib/python3.10/dist-packages/message_interface/__init__.py
[1.141s] -- Up-to-date symlink: /home/robot/robot_ws/install/message_interface/local/lib/python3.10/dist-packages/message_interface/_message_interface_s.ep.rosidl_typesupport_c.c
[1.141s] -- Up-to-date symlink: /home/robot/robot_ws/install/message_interface/local/lib/python3.10/dist-packages/message_interface/_message_interface_s.ep.rosidl_typesupport_fastrtps_c.c
[1.142s] -- Up-to-date symlink: /home/robot/robot_ws/install/message_interface/local/lib/python3.10/dist-packages/message_interface/_message_interface_s.ep.rosidl_typesupport_introspection_c.c
[1.142s] -- Up-to-date symlink: /home/robot/robot_ws/install/message_interface/local/lib/python3.10/dist-packages/message_interface/libmessage_interface__rosidl_generator_py.so
[1.142s] -- Up-to-date symlink: /home/robot/robot_ws/install/message_interface/local/lib/python3.10/dist-packages/message_interface/message_interface_s__rosidl_typesupport_c.cpython-310-x86_64-linux-gnu.so
[1.143s] -- Up-to-date symlink: /home/robot/robot_ws/install/message_interface/local/lib/python3.10/dist-packages/message_interface/message_interface_s__rosidl_typesupport_fastrtps_c.cpython-310-x86_64-linux-gnu.so
[1.143s] -- Up-to-date symlink: /home/robot/robot_ws/install/message_interface/local/lib/python3.10/dist-packages/message_interface/message_interface_s__rosidl_typesupport_introspection_c.cpython-310-x86_64-linux-gnu.so
[1.143s] -- Up-to-date symlink: /home/robot/robot_ws/install/message_interface/local/lib/python3.10/dist-packages/message_interface/msg/__init__.py
[1.143s] -- Up-to-date symlink: /home/robot/robot_ws/install/message_interface/local/lib/python3.10/dist-packages/message_interface/msg/_iscoast.py
[1.143s] -- Up-to-date symlink: /home/robot/robot_ws/install/message_interface/local/lib/python3.10/dist-packages/message_interface/msg/_iscoast_s.c
[1.143s] -- Up-to-date symlink: /home/robot/robot_ws/install/message_interface/local/lib/python3.10/dist-packages/message_interface/msg/_mode.py
[1.143s] -- Up-to-date symlink: /home/robot/robot_ws/install/message_interface/local/lib/python3.10/dist-packages/message_interface/msg/_mode_s.c
[1.143s] -- Up-to-date symlink: /home/robot/robot_ws/install/message_interface/local/lib/python3.10/dist-packages/message_interface/msg/_state.py
[1.144s] -- Up-to-date symlink: /home/robot/robot_ws/install/message_interface/local/lib/python3.10/dist-packages/message_interface/msg/_state_s.c
[1.144s] -- Up-to-date symlink: /home/robot/robot_ws/install/message_interface/local/lib/python3.10/dist-packages/message_interface/message_interface_s__rosidl_typesupport_fastrtps_c.cpython-310-x86_64-linux-gnu.so
[1.144s] -- Up-to-date symlink: /home/robot/robot_ws/install/message_interface/local/lib/python3.10/dist-packages/message_interface/message_interface_s__rosidl_typesupport_introspection_c.cpython-310-x86_64-linux-gnu.so
[1.144s] -- Up-to-date symlink: /home/robot/robot_ws/install/message_interface/local/lib/python3.10/dist-packages/message_interface/message_interface_s__rosidl_typesupport_c.cpython-310-x86_64-linux-gnu.so
[1.144s] -- Up-to-date symlink: /home/robot/robot_ws/install/message_interface/share/message_interface/msg/Mode.idl
[1.144s] -- Up-to-date symlink: /home/robot/robot_ws/install/message_interface/share/message_interface/msg/Iscoast.idl
[1.144s] -- Up-to-date symlink: /home/robot/robot_ws/install/message_interface/share/message_interface/msg/State.idl
[1.144s] -- Up-to-date symlink: /home/robot/robot_ws/install/message_interface/share/message_interface/msg/Mode.msg
[1.145s] -- Up-to-date symlink: /home/robot/robot_ws/install/message_interface/share/message_interface/msg/Iscoast.msg
[1.145s] -- Up-to-date symlink: /home/robot/robot_ws/install/message_interface/share/message_interface/msg/State.msg
[1.145s] -- Up-to-date symlink: /home/robot/robot_ws/install/message_interface/share/ament_index/resource_index/package_run_dependencies/message_interface
[1.145s] -- Up-to-date symlink: /home/robot/robot_ws/install/message_interface/share/ament_index/resource_index/parent_prefix_path/message_interface
[1.145s] -- Up-to-date symlink: /home/robot/robot_ws/install/message_interface/share/message_interface/environment/ament_prefix_path.sh
[1.145s] -- Up-to-date symlink: /home/robot/robot_ws/install/message_interface/share/message_interface/environment/ament_prefix_path.dsv
[1.145s] -- Up-to-date symlink: /home/robot/robot_ws/install/message_interface/share/message_interface/environment/path.sh
[1.145s] -- Up-to-date symlink: /home/robot/robot_ws/install/message_interface/share/message_interface/environment/path.dsv
[1.145s] -- Up-to-date symlink: /home/robot/robot_ws/install/message_interface/share/message_interface/local_setup.bash
[1.145s] -- Up-to-date symlink: /home/robot/robot_ws/install/message_interface/share/message_interface/local_setup.sh
[1.146s] -- Up-to-date symlink: /home/robot/robot_ws/install/message_interface/share/message_interface/local_setup.zsh
[1.146s] -- Up-to-date symlink: /home/robot/robot_ws/install/message_interface/share/message_interface/local_setup.dsv
[1.146s] -- Symlinking: /home/robot/robot_ws/install/message_interface/share/message_interface/package.dsv
[1.164s] -- Up-to-date symlink: /home/robot/robot_ws/install/message_interface/share/ament_index/resource_index/packages/message_interface
[1.164s] -- Up-to-date symlink: /home/robot/robot_ws/install/message_interface/share/message_interface/cmake/rosidl_cmake-extras.cmake
[1.164s] -- Up-to-date symlink: /home/robot/robot_ws/install/message_interface/share/message_interface/cmake/ament_cmake_export_include_directories-extras.cmake
[1.164s] -- Up-to-date symlink: /home/robot/robot_ws/install/message_interface/share/message_interface/cmake/ament_cmake_export_libraries-extras.cmake
[1.165s] -- Up-to-date symlink: /home/robot/robot_ws/install/message_interface/share/message_interface/cmake/ament_cmake_export_targets-extras.cmake
[1.165s] -- Up-to-date symlink: /home/robot/robot_ws/install/message_interface/share/message_interface/cmake/rosidl_cmake_export_typesupport_targets-extras.cmake
[1.165s] -- Up-to-date symlink: /home/robot/robot_ws/install/message_interface/share/message_interface/cmake/ament_cmake_export_dependencies-extras.cmake
[1.165s] -- Up-to-date symlink: /home/robot/robot_ws/install/message_interface/share/message_interface/cmake/rosidl_cmake_export_typesupport_libraries-extras.cmake
[1.165s] -- Up-to-date symlink: /home/robot/robot_ws/install/message_interface/share/message_interface/cmake/message_interfaceConfig.cmake
[1.165s] -- Up-to-date symlink: /home/robot/robot_ws/install/message_interface/share/message_interface/cmake/message_interfaceConfig-version.cmake
[1.165s] -- Up-to-date symlink: /home/robot/robot_ws/install/message_interface/share/message_interface/package.xml
[1.165s] -- Up-to-date: /home/robot/robot_ws/install/message_interface/lib/libmessage_interface__rosidl_generator_c.so
[1.165s] -- Up-to-date: /home/robot/robot_ws/install/message_interface/lib/libmessage_interface__rosidl_typesupport_fastrtps_c.so
[1.165s] -- Up-to-date: /home/robot/robot_ws/install/message_interface/lib/libmessage_interface__rosidl_typesupport_introspection_c.so
[1.165s] -- Up-to-date: /home/robot/robot_ws/install/message_interface/lib/libmessage_interface__rosidl_typesupport_c.so
[1.166s] -- Up-to-date: /home/robot/robot_ws/install/message_interface/lib/libmessage_interface__rosidl_typesupport_fastrtps_cpp.so
[1.166s] -- Up-to-date: /home/robot/robot_ws/install/message_interface/lib/libmessage_interface__rosidl_typesupport_introspection_cpp.so
[1.166s] -- Up-to-date: /home/robot/robot_ws/install/message_interface/lib/libmessage_interface__rosidl_typesupport_cpp.so
[1.213s] Listing '/home/robot/robot_ws/install/message_interface/local/lib/python3.10/dist-packages/message_interface'...
[1.213s] Listing '/home/robot/robot_ws/install/message_interface/local/lib/python3.10/dist-packages/message_interface/msg'...
[1.222s] -- Up-to-date: /home/robot/robot_ws/install/message_interface/lib/libmessage_interface__rosidl_generator_py.so
[1.223s] -- Up-to-date: /home/robot/robot_ws/install/message_interface/share/message_interface/cmake/export_message_interface__rosidl_generator_cExport.cmake
[1.224s] -- Up-to-date: /home/robot/robot_ws/install/message_interface/share/message_interface/cmake/export_message_interface__rosidl_generator_cExport-debug.cmake
[1.224s] -- Up-to-date: /home/robot/robot_ws/install/message_interface/share/message_interface/cmake/export_message_interface__rosidl_typesupport_fastrtps_cExport.cmake
[1.224s] -- Up-to-date: /home/robot/robot_ws/install/message_interface/share/message_interface/cmake/export_message_interface__rosidl_typesupport_fastrtps_cExport-debug.cmake
[1.225s] -- Up-to-date: /home/robot/robot_ws/install/message_interface/share/message_interface/cmake/message_interface__rosidl_typesupport_introspection_cExport.cmake
[1.225s] -- Up-to-date: /home/robot/robot_ws/install/message_interface/share/message_interface/cmake/message_interface__rosidl_typesupport_introspection_cExport-debug.cmake
[1.225s] -- Up-to-date: /home/robot/robot_ws/install/message_interface/share/message_interface/cmake/message_interface__rosidl_typesupport_cExport.cmake
[1.225s] -- Up-to-date: /home/robot/robot_ws/install/message_interface/share/message_interface/cmake/message_interface__rosidl_typesupport_cExport-debug.cmake
[1.226s] -- Up-to-date: /home/robot/robot_ws/install/message_interface/share/message_interface/cmake/export_message_interface__rosidl_generator_cppExport.cmake
[1.226s] -- Up-to-date: /home/robot/robot_ws/install/message_interface/share/message_interface/cmake/export_message_interface__rosidl_typesupport_fastrtps_cppExport.cmake
[1.226s] -- Up-to-date: /home/robot/robot_ws/install/message_interface/share/message_interface/cmake/export_message_interface__rosidl_typesupport_fastrtps_cppExport-debug.cmake
[1.227s] -- Up-to-date: /home/robot/robot_ws/install/message_interface/share/message_interface/cmake/message_interface__rosidl_typesupport_introspection_cppExport.cmake
[1.227s] -- Up-to-date: /home/robot/robot_ws/install/message_interface/share/message_interface/cmake/message_interface__rosidl_typesupport_introspection_cppExport-debug.cmake
[1.227s] -- Up-to-date: /home/robot/robot_ws/install/message_interface/share/message_interface/cmake/message_interface__rosidl_typesupport_cppExport.cmake
[1.228s] -- Up-to-date: /home/robot/robot_ws/install/message_interface/share/message_interface/cmake/message_interface__rosidl_typesupport_cppExport-debug.cmake
[1.228s] -- Up-to-date: /home/robot/robot_ws/install/message_interface/share/message_interface/cmake/export_message_interface__rosidl_generator_pyExport.cmake
[1.229s] -- Up-to-date: /home/robot/robot_ws/install/message_interface/share/message_interface/cmake/export_message_interface__rosidl_generator_pyExport-debug.cmake
[1.237s] Invoked command in '/home/robot/robot_ws/build/message_interface' returned '0': CMAKE_PREFIX_PATH=${CMAKE_PREFIX_PATH}:/home/robot/robot_ws/install/urdf_tutorial:/opt/ros/humble /usr/bin/cmake --install /home/robot/robot_ws/build/message_interface
