[0.243s] Invoking command in '/home/robot/robot_ws/build/gl_ros2_driver': CMAKE_PREFIX_PATH=${CMAKE_PREFIX_PATH}:/home/robot/robot_ws/install/urdf_tutorial:/home/robot/turtlebot3_ws/install/turtlebot3_teleop:/home/robot/turtlebot3_ws/install/turtlebot3_example:/opt/ros/humble /usr/bin/cmake --build /home/robot/robot_ws/build/gl_ros2_driver -- -j4 -l4
[0.313s] [ 18%] Built target udp
[0.318s] [ 36%] Built target gl_driver
[0.336s] [ 81%] Built target serial
[0.374s] [100%] Built target gl_ros2_driver_node
[0.403s] Invoked command in '/home/robot/robot_ws/build/gl_ros2_driver' returned '0': CMAKE_PREFIX_PATH=${CMAKE_PREFIX_PATH}:/home/robot/robot_ws/install/urdf_tutorial:/home/robot/turtlebot3_ws/install/turtlebot3_teleop:/home/robot/turtlebot3_ws/install/turtlebot3_example:/opt/ros/humble /usr/bin/cmake --build /home/robot/robot_ws/build/gl_ros2_driver -- -j4 -l4
[0.561s] Invoking command in '/home/robot/robot_ws/build/gl_ros2_driver': CMAKE_PREFIX_PATH=${CMAKE_PREFIX_PATH}:/home/robot/robot_ws/install/urdf_tutorial:/home/robot/turtlebot3_ws/install/turtlebot3_teleop:/home/robot/turtlebot3_ws/install/turtlebot3_example:/opt/ros/humble /usr/bin/cmake --install /home/robot/robot_ws/build/gl_ros2_driver
[0.574s] -- Install configuration: "Debug"
[0.574s] -- Up-to-date: /home/robot/robot_ws/install/gl_ros2_driver/lib/gl_ros2_driver/gl_ros2_driver_node
[0.574s] -- Up-to-date: /home/robot/robot_ws/install/gl_ros2_driver/share/gl_ros2_driver/launch
[0.575s] -- Up-to-date: /home/robot/robot_ws/install/gl_ros2_driver/share/gl_ros2_driver/launch/__pycache__
[0.575s] -- Up-to-date: /home/robot/robot_ws/install/gl_ros2_driver/share/gl_ros2_driver/launch/__pycache__/gl_ros2_driver.cpython-310.pyc
[0.575s] -- Up-to-date: /home/robot/robot_ws/install/gl_ros2_driver/share/gl_ros2_driver/launch/gl_ros2_driver.py
[0.575s] -- Up-to-date: /home/robot/robot_ws/install/gl_ros2_driver/share/gl_ros2_driver/launch/view_gl_ros2_driver.py
[0.575s] -- Up-to-date: /home/robot/robot_ws/install/gl_ros2_driver/share/gl_ros2_driver/rviz
[0.575s] -- Up-to-date: /home/robot/robot_ws/install/gl_ros2_driver/share/gl_ros2_driver/rviz/config.rviz
[0.575s] -- Up-to-date: /home/robot/robot_ws/install/gl_ros2_driver/share/ament_index/resource_index/package_run_dependencies/gl_ros2_driver
[0.575s] -- Up-to-date: /home/robot/robot_ws/install/gl_ros2_driver/share/ament_index/resource_index/parent_prefix_path/gl_ros2_driver
[0.575s] -- Up-to-date: /home/robot/robot_ws/install/gl_ros2_driver/share/gl_ros2_driver/environment/ament_prefix_path.sh
[0.575s] -- Up-to-date: /home/robot/robot_ws/install/gl_ros2_driver/share/gl_ros2_driver/environment/ament_prefix_path.dsv
[0.575s] -- Up-to-date: /home/robot/robot_ws/install/gl_ros2_driver/share/gl_ros2_driver/environment/path.sh
[0.576s] -- Up-to-date: /home/robot/robot_ws/install/gl_ros2_driver/share/gl_ros2_driver/environment/path.dsv
[0.576s] -- Up-to-date: /home/robot/robot_ws/install/gl_ros2_driver/share/gl_ros2_driver/local_setup.bash
[0.576s] -- Up-to-date: /home/robot/robot_ws/install/gl_ros2_driver/share/gl_ros2_driver/local_setup.sh
[0.576s] -- Up-to-date: /home/robot/robot_ws/install/gl_ros2_driver/share/gl_ros2_driver/local_setup.zsh
[0.576s] -- Up-to-date: /home/robot/robot_ws/install/gl_ros2_driver/share/gl_ros2_driver/local_setup.dsv
[0.576s] -- Installing: /home/robot/robot_ws/install/gl_ros2_driver/share/gl_ros2_driver/package.dsv
[0.576s] -- Up-to-date: /home/robot/robot_ws/install/gl_ros2_driver/share/ament_index/resource_index/packages/gl_ros2_driver
[0.576s] -- Up-to-date: /home/robot/robot_ws/install/gl_ros2_driver/share/gl_ros2_driver/cmake/gl_ros2_driverConfig.cmake
[0.576s] -- Up-to-date: /home/robot/robot_ws/install/gl_ros2_driver/share/gl_ros2_driver/cmake/gl_ros2_driverConfig-version.cmake
[0.576s] -- Up-to-date: /home/robot/robot_ws/install/gl_ros2_driver/share/gl_ros2_driver/package.xml
[0.806s] Invoked command in '/home/robot/robot_ws/build/gl_ros2_driver' returned '0': CMAKE_PREFIX_PATH=${CMAKE_PREFIX_PATH}:/home/robot/robot_ws/install/urdf_tutorial:/home/robot/turtlebot3_ws/install/turtlebot3_teleop:/home/robot/turtlebot3_ws/install/turtlebot3_example:/opt/ros/humble /usr/bin/cmake --install /home/robot/robot_ws/build/gl_ros2_driver
