[0.586s] Invoking command in '/home/robot/robot_ws/build/car_odom': CMAKE_PREFIX_PATH=${CMAKE_PREFIX_PATH}:/home/robot/robot_ws/install/urdf_tutorial:/home/robot/turtlebot3_ws/install/turtlebot3_teleop:/home/robot/turtlebot3_ws/install/turtlebot3_example:/opt/ros/humble /usr/bin/cmake --build /home/robot/robot_ws/build/car_odom -- -j4 -l4
[0.729s] [100%] Built target car_odom
[0.773s] Invoked command in '/home/robot/robot_ws/build/car_odom' returned '0': CMAKE_PREFIX_PATH=${CMAKE_PREFIX_PATH}:/home/robot/robot_ws/install/urdf_tutorial:/home/robot/turtlebot3_ws/install/turtlebot3_teleop:/home/robot/turtlebot3_ws/install/turtlebot3_example:/opt/ros/humble /usr/bin/cmake --build /home/robot/robot_ws/build/car_odom -- -j4 -l4
[0.982s] Invoking command in '/home/robot/robot_ws/build/car_odom': CMAKE_PREFIX_PATH=${CMAKE_PREFIX_PATH}:/home/robot/robot_ws/install/urdf_tutorial:/home/robot/turtlebot3_ws/install/turtlebot3_teleop:/home/robot/turtlebot3_ws/install/turtlebot3_example:/opt/ros/humble /usr/bin/cmake --install /home/robot/robot_ws/build/car_odom
[1.011s] -- Install configuration: "Debug"
[1.012s] -- Execute custom install script
[1.013s] -- Up-to-date symlink: /home/robot/robot_ws/install/car_odom/lib/car_odom/car_odom
[1.015s] -- Up-to-date symlink: /home/robot/robot_ws/install/car_odom/share/ament_index/resource_index/package_run_dependencies/car_odom
[1.016s] -- Up-to-date symlink: /home/robot/robot_ws/install/car_odom/share/ament_index/resource_index/parent_prefix_path/car_odom
[1.016s] -- Up-to-date symlink: /home/robot/robot_ws/install/car_odom/share/car_odom/environment/ament_prefix_path.sh
[1.017s] -- Up-to-date symlink: /home/robot/robot_ws/install/car_odom/share/car_odom/environment/ament_prefix_path.dsv
[1.017s] -- Up-to-date symlink: /home/robot/robot_ws/install/car_odom/share/car_odom/environment/path.sh
[1.021s] -- Up-to-date symlink: /home/robot/robot_ws/install/car_odom/share/car_odom/environment/path.dsv
[1.023s] -- Up-to-date symlink: /home/robot/robot_ws/install/car_odom/share/car_odom/local_setup.bash
[1.023s] -- Up-to-date symlink: /home/robot/robot_ws/install/car_odom/share/car_odom/local_setup.sh
[1.024s] -- Up-to-date symlink: /home/robot/robot_ws/install/car_odom/share/car_odom/local_setup.zsh
[1.024s] -- Up-to-date symlink: /home/robot/robot_ws/install/car_odom/share/car_odom/local_setup.dsv
[1.024s] -- Symlinking: /home/robot/robot_ws/install/car_odom/share/car_odom/package.dsv
[1.069s] -- Up-to-date symlink: /home/robot/robot_ws/install/car_odom/share/ament_index/resource_index/packages/car_odom
[1.069s] -- Up-to-date symlink: /home/robot/robot_ws/install/car_odom/share/car_odom/cmake/car_odomConfig.cmake
[1.069s] -- Up-to-date symlink: /home/robot/robot_ws/install/car_odom/share/car_odom/cmake/car_odomConfig-version.cmake
[1.069s] -- Up-to-date symlink: /home/robot/robot_ws/install/car_odom/share/car_odom/package.xml
[1.243s] Invoked command in '/home/robot/robot_ws/build/car_odom' returned '0': CMAKE_PREFIX_PATH=${CMAKE_PREFIX_PATH}:/home/robot/robot_ws/install/urdf_tutorial:/home/robot/turtlebot3_ws/install/turtlebot3_teleop:/home/robot/turtlebot3_ws/install/turtlebot3_example:/opt/ros/humble /usr/bin/cmake --install /home/robot/robot_ws/build/car_odom
