[0.541s] Invoking command in '/home/robot/robot_ws/build/onetouch_launch': CMAKE_PREFIX_PATH=${CMAKE_PREFIX_PATH}:/home/robot/robot_ws/install/urdf_tutorial:/home/robot/turtlebot3_ws/install/turtlebot3_teleop:/home/robot/turtlebot3_ws/install/turtlebot3_example:/opt/ros/humble /usr/bin/cmake --build /home/robot/robot_ws/build/onetouch_launch -- -j4 -l4
[1.141s] Invoked command in '/home/robot/robot_ws/build/onetouch_launch' returned '0': CMAKE_PREFIX_PATH=${CMAKE_PREFIX_PATH}:/home/robot/robot_ws/install/urdf_tutorial:/home/robot/turtlebot3_ws/install/turtlebot3_teleop:/home/robot/turtlebot3_ws/install/turtlebot3_example:/opt/ros/humble /usr/bin/cmake --build /home/robot/robot_ws/build/onetouch_launch -- -j4 -l4
[2.075s] Invoking command in '/home/robot/robot_ws/build/onetouch_launch': CMAKE_PREFIX_PATH=${CMAKE_PREFIX_PATH}:/home/robot/robot_ws/install/urdf_tutorial:/home/robot/turtlebot3_ws/install/turtlebot3_teleop:/home/robot/turtlebot3_ws/install/turtlebot3_example:/opt/ros/humble /usr/bin/cmake --install /home/robot/robot_ws/build/onetouch_launch
[2.103s] -- Install configuration: ""
[2.103s] -- Up-to-date: /home/robot/robot_ws/install/onetouch_launch/share/ament_index/resource_index/package_run_dependencies/onetouch_launch
[2.103s] -- Up-to-date: /home/robot/robot_ws/install/onetouch_launch/share/ament_index/resource_index/parent_prefix_path/onetouch_launch
[2.103s] -- Up-to-date: /home/robot/robot_ws/install/onetouch_launch/share/onetouch_launch/environment/ament_prefix_path.sh
[2.104s] -- Up-to-date: /home/robot/robot_ws/install/onetouch_launch/share/onetouch_launch/environment/ament_prefix_path.dsv
[2.104s] -- Up-to-date: /home/robot/robot_ws/install/onetouch_launch/share/onetouch_launch/environment/path.sh
[2.104s] -- Up-to-date: /home/robot/robot_ws/install/onetouch_launch/share/onetouch_launch/environment/path.dsv
[2.104s] -- Up-to-date: /home/robot/robot_ws/install/onetouch_launch/share/onetouch_launch/local_setup.bash
[2.104s] -- Up-to-date: /home/robot/robot_ws/install/onetouch_launch/share/onetouch_launch/local_setup.sh
[2.104s] -- Up-to-date: /home/robot/robot_ws/install/onetouch_launch/share/onetouch_launch/local_setup.zsh
[2.104s] -- Up-to-date: /home/robot/robot_ws/install/onetouch_launch/share/onetouch_launch/local_setup.dsv
[2.104s] -- Installing: /home/robot/robot_ws/install/onetouch_launch/share/onetouch_launch/package.dsv
[2.107s] -- Up-to-date: /home/robot/robot_ws/install/onetouch_launch/share/ament_index/resource_index/packages/onetouch_launch
[2.107s] -- Up-to-date: /home/robot/robot_ws/install/onetouch_launch/share/onetouch_launch/cmake/onetouch_launchConfig.cmake
[2.107s] -- Up-to-date: /home/robot/robot_ws/install/onetouch_launch/share/onetouch_launch/cmake/onetouch_launchConfig-version.cmake
[2.107s] -- Up-to-date: /home/robot/robot_ws/install/onetouch_launch/share/onetouch_launch/package.xml
[2.130s] Invoked command in '/home/robot/robot_ws/build/onetouch_launch' returned '0': CMAKE_PREFIX_PATH=${CMAKE_PREFIX_PATH}:/home/robot/robot_ws/install/urdf_tutorial:/home/robot/turtlebot3_ws/install/turtlebot3_teleop:/home/robot/turtlebot3_ws/install/turtlebot3_example:/opt/ros/humble /usr/bin/cmake --install /home/robot/robot_ws/build/onetouch_launch
