[0.484s] Invoking command in '/home/robot/robot_ws/build/clustering_cpp': CMAKE_PREFIX_PATH=/home/robot/robot_ws/install/message_interface:/home/robot/robot_ws/install/ydlidar_sdk:/home/robot/robot_ws/install/slam_toolbox:/home/robot/robot_ws/install/safeway_robot_controll_packet_rs485:/home/robot/robot_ws/install/safeway_robot_controll_packet_RS485:/home/robot/robot_ws/install/pointcloud_to_laserscan:/home/robot/robot_ws/install/onetouch_launch:/home/robot/robot_ws/install/nav2_test_utils:/home/robot/robot_ws/install/nav2_common:/home/robot/robot_ws/install/my_first_ros_rclcpp_pkg:/home/robot/robot_ws/install/clustering_cpp:/home/robot/robot_ws/install/ldlidar_stl_ros2:/home/robot/robot_ws/install/ld08_driver:/home/robot/robot_ws/install/gl_ros2_driver:/home/robot/robot_ws/install/car_odom:/home/robot/ydlidar_ros2_driver/install/ydlidar_ros2_driver:/home/robot/ldlidar_ros2_ws/install/ldlidar_stl_ros2:/home/robot/install/safeway_robot_controll_packet_RS485:/home/robot/turtlebot3_ws/install/turtlebot3:/home/robot/turtlebot3_ws/install/turtlebot3_bringup:/home/robot/turtlebot3_ws/install/turtlebot3_node:/home/robot/turtlebot3_ws/install/turtlebot3_navigation2:/home/robot/turtlebot3_ws/install/turtlebot3_msgs:/home/robot/turtlebot3_ws/install/turtlebot3_description:/home/robot/turtlebot3_ws/install/turtlebot3_cartographer:/home/robot/turtlebot3_ws/install/ld08_driver:/home/robot/turtlebot3_ws/install/dynamixel_sdk_examples:/home/robot/turtlebot3_ws/install/dynamixel_sdk_custom_interfaces:/home/robot/turtlebot3_ws/install/dynamixel_sdk:/home/robot/ros2_ws/install/object_detection_ros2:/home/robot/ros2_ws/install/message_interface:/home/robot/ros2_ws/install/gl_ros2_driver_udp:/home/robot/ros2_ws/install/gl_ros2_driver:/home/robot/robot_ws/install/urdf_tutorial:/home/robot/turtlebot3_ws/install/turtlebot3_teleop:/home/robot/turtlebot3_ws/install/turtlebot3_example:/opt/ros/humble LD_LIBRARY_PATH=/home/robot/robot_ws/install/message_interface/lib:/home/robot/robot_ws/install/slam_toolbox/lib:/home/robot/robot_ws/install/pointcloud_to_laserscan/lib:/home/robot/turtlebot3_ws/install/turtlebot3_msgs/lib:/home/robot/turtlebot3_ws/install/dynamixel_sdk_custom_interfaces/lib:/home/robot/turtlebot3_ws/install/dynamixel_sdk/lib:/home/robot/ros2_ws/install/message_interface/lib:/usr/lib/x86_64-linux-gnu/gazebo-11/plugins:/opt/ros/humble/opt/rviz_ogre_vendor/lib:/opt/ros/humble/lib/x86_64-linux-gnu:/opt/ros/humble/lib /usr/bin/cmake /home/robot/robot_ws/src/clustering_cpp -DCMAKE_BUILD_TYPE=Debug -DCMAKE_INSTALL_PREFIX=/home/robot/robot_ws/install/clustering_cpp
[0.516s] -- Found ament_cmake: 1.3.7 (/opt/ros/humble/share/ament_cmake/cmake)
[0.923s] -- Override CMake install command with custom implementation using symlinks instead of copying resources
[0.956s] -- Found rclcpp: 16.0.8 (/opt/ros/humble/share/rclcpp/cmake)
[1.061s] -- Found rosidl_generator_c: 3.1.5 (/opt/ros/humble/share/rosidl_generator_c/cmake)
[1.066s] -- Found rosidl_adapter: 3.1.5 (/opt/ros/humble/share/rosidl_adapter/cmake)
[1.106s] -- Found rosidl_generator_cpp: 3.1.5 (/opt/ros/humble/share/rosidl_generator_cpp/cmake)
[1.117s] -- Using all available rosidl_typesupport_c: rosidl_typesupport_fastrtps_c;rosidl_typesupport_introspection_c
[1.161s] -- Using all available rosidl_typesupport_cpp: rosidl_typesupport_fastrtps_cpp;rosidl_typesupport_introspection_cpp
[1.266s] -- Found rmw_implementation_cmake: 6.1.1 (/opt/ros/humble/share/rmw_implementation_cmake/cmake)
[1.269s] -- Found rmw_fastrtps_cpp: 6.2.6 (/opt/ros/humble/share/rmw_fastrtps_cpp/cmake)
[1.624s] -- Using RMW implementation 'rmw_fastrtps_cpp' as default
[2.112s] -- Found sensor_msgs: 4.2.3 (/opt/ros/humble/share/sensor_msgs/cmake)
[2.475s] -- Found visualization_msgs: 4.2.3 (/opt/ros/humble/share/visualization_msgs/cmake)
[2.643s] -- Found message_interface: 0.0.0 (/home/robot/robot_ws/install/message_interface/share/message_interface/cmake)
[2.686s] -- Eigen found (include: /usr/include/eigen3, version: 3.4.0)
[2.775s] -- FLANN found (include: /usr/include, lib: /usr/lib/x86_64-linux-gnu/libflann_cpp.so)
[3.561s] -- OpenNI found (version: 1.5.4.0, include: /usr/include/ni, lib: /usr/lib/libOpenNI.so;libusb::libusb)
[3.569s] -- OpenNI2 found (version: 2.2.0.33, include: /usr/include/openni2, lib: /usr/lib/x86_64-linux-gnu/libOpenNI2.so;libusb::libusb)
[3.570s] [0m** WARNING ** io features related to pcap will be disabled[0m
[3.852s] -- Eigen found (include: /usr/include/eigen3, version: 3.4.0)
[3.873s] -- OpenNI found (version: 1.5.4.0, include: /usr/include/ni, lib: /usr/lib/libOpenNI.so;libusb::libusb)
[3.884s] -- OpenNI2 found (version: 2.2.0.33, include: /usr/include/openni2, lib: /usr/lib/x86_64-linux-gnu/libOpenNI2.so;libusb::libusb)
[4.163s] -- Found Qhull version 8.0.2
[4.463s] -- OpenNI found (version: 1.5.4.0, include: /usr/include/ni, lib: /usr/lib/libOpenNI.so;libusb::libusb)
[4.726s] -- looking for PCL_COMMON
[4.727s] -- looking for PCL_KDTREE
[4.728s] -- looking for PCL_OCTREE
[4.728s] -- looking for PCL_SEARCH
[4.728s] -- looking for PCL_SAMPLE_CONSENSUS
[4.729s] -- looking for PCL_FILTERS
[4.730s] -- looking for PCL_2D
[4.730s] -- looking for PCL_GEOMETRY
[4.730s] -- looking for PCL_IO
[4.732s] -- looking for PCL_FEATURES
[4.732s] -- looking for PCL_ML
[4.732s] -- looking for PCL_SEGMENTATION
[4.732s] -- looking for PCL_VISUALIZATION
[4.733s] -- looking for PCL_SURFACE
[4.734s] -- looking for PCL_REGISTRATION
[4.734s] -- looking for PCL_KEYPOINTS
[4.736s] -- looking for PCL_TRACKING
[4.736s] -- looking for PCL_RECOGNITION
[4.737s] -- looking for PCL_STEREO
[4.737s] -- looking for PCL_APPS
[4.738s] -- looking for PCL_IN_HAND_SCANNER
[4.738s] -- looking for PCL_MODELER
[4.739s] -- looking for PCL_POINT_CLOUD_EDITOR
[4.739s] -- looking for PCL_OUTOFCORE
[4.740s] -- looking for PCL_PEOPLE
[4.760s] -- Found ament_lint_auto: 0.12.10 (/opt/ros/humble/share/ament_lint_auto/cmake)
[4.959s] -- Added test 'cppcheck' to perform static code analysis on C / C++ code
[4.960s] -- Configured cppcheck include dirs: /home/robot/robot_ws/src/clustering_cpp/include
[4.960s] -- Configured cppcheck exclude dirs and/or files: 
[4.967s] -- Added test 'flake8' to check Python code syntax and style conventions
[4.977s] -- Added test 'lint_cmake' to check CMake code style
[4.979s] -- Added test 'pep257' to check Python code against some of the docstring style conventions in PEP 257
[5.003s] -- Added test 'uncrustify' to check C / C++ code style
[5.004s] -- Configured uncrustify additional arguments: 
[5.007s] -- Added test 'xmllint' to check XML markup files
[5.023s] -- Configuring done
[5.125s] -- Generating done
[5.130s] -- Build files have been written to: /home/robot/robot_ws/build/clustering_cpp
[5.175s] Invoked command in '/home/robot/robot_ws/build/clustering_cpp' returned '0': CMAKE_PREFIX_PATH=/home/robot/robot_ws/install/message_interface:/home/robot/robot_ws/install/ydlidar_sdk:/home/robot/robot_ws/install/slam_toolbox:/home/robot/robot_ws/install/safeway_robot_controll_packet_rs485:/home/robot/robot_ws/install/safeway_robot_controll_packet_RS485:/home/robot/robot_ws/install/pointcloud_to_laserscan:/home/robot/robot_ws/install/onetouch_launch:/home/robot/robot_ws/install/nav2_test_utils:/home/robot/robot_ws/install/nav2_common:/home/robot/robot_ws/install/my_first_ros_rclcpp_pkg:/home/robot/robot_ws/install/clustering_cpp:/home/robot/robot_ws/install/ldlidar_stl_ros2:/home/robot/robot_ws/install/ld08_driver:/home/robot/robot_ws/install/gl_ros2_driver:/home/robot/robot_ws/install/car_odom:/home/robot/ydlidar_ros2_driver/install/ydlidar_ros2_driver:/home/robot/ldlidar_ros2_ws/install/ldlidar_stl_ros2:/home/robot/install/safeway_robot_controll_packet_RS485:/home/robot/turtlebot3_ws/install/turtlebot3:/home/robot/turtlebot3_ws/install/turtlebot3_bringup:/home/robot/turtlebot3_ws/install/turtlebot3_node:/home/robot/turtlebot3_ws/install/turtlebot3_navigation2:/home/robot/turtlebot3_ws/install/turtlebot3_msgs:/home/robot/turtlebot3_ws/install/turtlebot3_description:/home/robot/turtlebot3_ws/install/turtlebot3_cartographer:/home/robot/turtlebot3_ws/install/ld08_driver:/home/robot/turtlebot3_ws/install/dynamixel_sdk_examples:/home/robot/turtlebot3_ws/install/dynamixel_sdk_custom_interfaces:/home/robot/turtlebot3_ws/install/dynamixel_sdk:/home/robot/ros2_ws/install/object_detection_ros2:/home/robot/ros2_ws/install/message_interface:/home/robot/ros2_ws/install/gl_ros2_driver_udp:/home/robot/ros2_ws/install/gl_ros2_driver:/home/robot/robot_ws/install/urdf_tutorial:/home/robot/turtlebot3_ws/install/turtlebot3_teleop:/home/robot/turtlebot3_ws/install/turtlebot3_example:/opt/ros/humble LD_LIBRARY_PATH=/home/robot/robot_ws/install/message_interface/lib:/home/robot/robot_ws/install/slam_toolbox/lib:/home/robot/robot_ws/install/pointcloud_to_laserscan/lib:/home/robot/turtlebot3_ws/install/turtlebot3_msgs/lib:/home/robot/turtlebot3_ws/install/dynamixel_sdk_custom_interfaces/lib:/home/robot/turtlebot3_ws/install/dynamixel_sdk/lib:/home/robot/ros2_ws/install/message_interface/lib:/usr/lib/x86_64-linux-gnu/gazebo-11/plugins:/opt/ros/humble/opt/rviz_ogre_vendor/lib:/opt/ros/humble/lib/x86_64-linux-gnu:/opt/ros/humble/lib /usr/bin/cmake /home/robot/robot_ws/src/clustering_cpp -DCMAKE_BUILD_TYPE=Debug -DCMAKE_INSTALL_PREFIX=/home/robot/robot_ws/install/clustering_cpp
[5.176s] Invoking command in '/home/robot/robot_ws/build/clustering_cpp': CMAKE_PREFIX_PATH=/home/robot/robot_ws/install/message_interface:/home/robot/robot_ws/install/ydlidar_sdk:/home/robot/robot_ws/install/slam_toolbox:/home/robot/robot_ws/install/safeway_robot_controll_packet_rs485:/home/robot/robot_ws/install/safeway_robot_controll_packet_RS485:/home/robot/robot_ws/install/pointcloud_to_laserscan:/home/robot/robot_ws/install/onetouch_launch:/home/robot/robot_ws/install/nav2_test_utils:/home/robot/robot_ws/install/nav2_common:/home/robot/robot_ws/install/my_first_ros_rclcpp_pkg:/home/robot/robot_ws/install/clustering_cpp:/home/robot/robot_ws/install/ldlidar_stl_ros2:/home/robot/robot_ws/install/ld08_driver:/home/robot/robot_ws/install/gl_ros2_driver:/home/robot/robot_ws/install/car_odom:/home/robot/ydlidar_ros2_driver/install/ydlidar_ros2_driver:/home/robot/ldlidar_ros2_ws/install/ldlidar_stl_ros2:/home/robot/install/safeway_robot_controll_packet_RS485:/home/robot/turtlebot3_ws/install/turtlebot3:/home/robot/turtlebot3_ws/install/turtlebot3_bringup:/home/robot/turtlebot3_ws/install/turtlebot3_node:/home/robot/turtlebot3_ws/install/turtlebot3_navigation2:/home/robot/turtlebot3_ws/install/turtlebot3_msgs:/home/robot/turtlebot3_ws/install/turtlebot3_description:/home/robot/turtlebot3_ws/install/turtlebot3_cartographer:/home/robot/turtlebot3_ws/install/ld08_driver:/home/robot/turtlebot3_ws/install/dynamixel_sdk_examples:/home/robot/turtlebot3_ws/install/dynamixel_sdk_custom_interfaces:/home/robot/turtlebot3_ws/install/dynamixel_sdk:/home/robot/ros2_ws/install/object_detection_ros2:/home/robot/ros2_ws/install/message_interface:/home/robot/ros2_ws/install/gl_ros2_driver_udp:/home/robot/ros2_ws/install/gl_ros2_driver:/home/robot/robot_ws/install/urdf_tutorial:/home/robot/turtlebot3_ws/install/turtlebot3_teleop:/home/robot/turtlebot3_ws/install/turtlebot3_example:/opt/ros/humble LD_LIBRARY_PATH=/home/robot/robot_ws/install/message_interface/lib:/home/robot/robot_ws/install/slam_toolbox/lib:/home/robot/robot_ws/install/pointcloud_to_laserscan/lib:/home/robot/turtlebot3_ws/install/turtlebot3_msgs/lib:/home/robot/turtlebot3_ws/install/dynamixel_sdk_custom_interfaces/lib:/home/robot/turtlebot3_ws/install/dynamixel_sdk/lib:/home/robot/ros2_ws/install/message_interface/lib:/usr/lib/x86_64-linux-gnu/gazebo-11/plugins:/opt/ros/humble/opt/rviz_ogre_vendor/lib:/opt/ros/humble/lib/x86_64-linux-gnu:/opt/ros/humble/lib /usr/bin/cmake --build /home/robot/robot_ws/build/clustering_cpp -- -j4 -l4
[5.275s] [35m[1mConsolidate compiler generated dependencies of target clustering_robot[0m
[5.312s] [35m[1mConsolidate compiler generated dependencies of target clustering_wagon[0m
[5.393s] [ 50%] Built target clustering_robot
[5.396s] [100%] Built target clustering_wagon
[5.421s] Invoked command in '/home/robot/robot_ws/build/clustering_cpp' returned '0': CMAKE_PREFIX_PATH=/home/robot/robot_ws/install/message_interface:/home/robot/robot_ws/install/ydlidar_sdk:/home/robot/robot_ws/install/slam_toolbox:/home/robot/robot_ws/install/safeway_robot_controll_packet_rs485:/home/robot/robot_ws/install/safeway_robot_controll_packet_RS485:/home/robot/robot_ws/install/pointcloud_to_laserscan:/home/robot/robot_ws/install/onetouch_launch:/home/robot/robot_ws/install/nav2_test_utils:/home/robot/robot_ws/install/nav2_common:/home/robot/robot_ws/install/my_first_ros_rclcpp_pkg:/home/robot/robot_ws/install/clustering_cpp:/home/robot/robot_ws/install/ldlidar_stl_ros2:/home/robot/robot_ws/install/ld08_driver:/home/robot/robot_ws/install/gl_ros2_driver:/home/robot/robot_ws/install/car_odom:/home/robot/ydlidar_ros2_driver/install/ydlidar_ros2_driver:/home/robot/ldlidar_ros2_ws/install/ldlidar_stl_ros2:/home/robot/install/safeway_robot_controll_packet_RS485:/home/robot/turtlebot3_ws/install/turtlebot3:/home/robot/turtlebot3_ws/install/turtlebot3_bringup:/home/robot/turtlebot3_ws/install/turtlebot3_node:/home/robot/turtlebot3_ws/install/turtlebot3_navigation2:/home/robot/turtlebot3_ws/install/turtlebot3_msgs:/home/robot/turtlebot3_ws/install/turtlebot3_description:/home/robot/turtlebot3_ws/install/turtlebot3_cartographer:/home/robot/turtlebot3_ws/install/ld08_driver:/home/robot/turtlebot3_ws/install/dynamixel_sdk_examples:/home/robot/turtlebot3_ws/install/dynamixel_sdk_custom_interfaces:/home/robot/turtlebot3_ws/install/dynamixel_sdk:/home/robot/ros2_ws/install/object_detection_ros2:/home/robot/ros2_ws/install/message_interface:/home/robot/ros2_ws/install/gl_ros2_driver_udp:/home/robot/ros2_ws/install/gl_ros2_driver:/home/robot/robot_ws/install/urdf_tutorial:/home/robot/turtlebot3_ws/install/turtlebot3_teleop:/home/robot/turtlebot3_ws/install/turtlebot3_example:/opt/ros/humble LD_LIBRARY_PATH=/home/robot/robot_ws/install/message_interface/lib:/home/robot/robot_ws/install/slam_toolbox/lib:/home/robot/robot_ws/install/pointcloud_to_laserscan/lib:/home/robot/turtlebot3_ws/install/turtlebot3_msgs/lib:/home/robot/turtlebot3_ws/install/dynamixel_sdk_custom_interfaces/lib:/home/robot/turtlebot3_ws/install/dynamixel_sdk/lib:/home/robot/ros2_ws/install/message_interface/lib:/usr/lib/x86_64-linux-gnu/gazebo-11/plugins:/opt/ros/humble/opt/rviz_ogre_vendor/lib:/opt/ros/humble/lib/x86_64-linux-gnu:/opt/ros/humble/lib /usr/bin/cmake --build /home/robot/robot_ws/build/clustering_cpp -- -j4 -l4
[5.478s] Invoking command in '/home/robot/robot_ws/build/clustering_cpp': CMAKE_PREFIX_PATH=/home/robot/robot_ws/install/message_interface:/home/robot/robot_ws/install/ydlidar_sdk:/home/robot/robot_ws/install/slam_toolbox:/home/robot/robot_ws/install/safeway_robot_controll_packet_rs485:/home/robot/robot_ws/install/safeway_robot_controll_packet_RS485:/home/robot/robot_ws/install/pointcloud_to_laserscan:/home/robot/robot_ws/install/onetouch_launch:/home/robot/robot_ws/install/nav2_test_utils:/home/robot/robot_ws/install/nav2_common:/home/robot/robot_ws/install/my_first_ros_rclcpp_pkg:/home/robot/robot_ws/install/clustering_cpp:/home/robot/robot_ws/install/ldlidar_stl_ros2:/home/robot/robot_ws/install/ld08_driver:/home/robot/robot_ws/install/gl_ros2_driver:/home/robot/robot_ws/install/car_odom:/home/robot/ydlidar_ros2_driver/install/ydlidar_ros2_driver:/home/robot/ldlidar_ros2_ws/install/ldlidar_stl_ros2:/home/robot/install/safeway_robot_controll_packet_RS485:/home/robot/turtlebot3_ws/install/turtlebot3:/home/robot/turtlebot3_ws/install/turtlebot3_bringup:/home/robot/turtlebot3_ws/install/turtlebot3_node:/home/robot/turtlebot3_ws/install/turtlebot3_navigation2:/home/robot/turtlebot3_ws/install/turtlebot3_msgs:/home/robot/turtlebot3_ws/install/turtlebot3_description:/home/robot/turtlebot3_ws/install/turtlebot3_cartographer:/home/robot/turtlebot3_ws/install/ld08_driver:/home/robot/turtlebot3_ws/install/dynamixel_sdk_examples:/home/robot/turtlebot3_ws/install/dynamixel_sdk_custom_interfaces:/home/robot/turtlebot3_ws/install/dynamixel_sdk:/home/robot/ros2_ws/install/object_detection_ros2:/home/robot/ros2_ws/install/message_interface:/home/robot/ros2_ws/install/gl_ros2_driver_udp:/home/robot/ros2_ws/install/gl_ros2_driver:/home/robot/robot_ws/install/urdf_tutorial:/home/robot/turtlebot3_ws/install/turtlebot3_teleop:/home/robot/turtlebot3_ws/install/turtlebot3_example:/opt/ros/humble LD_LIBRARY_PATH=/home/robot/robot_ws/install/message_interface/lib:/home/robot/robot_ws/install/slam_toolbox/lib:/home/robot/robot_ws/install/pointcloud_to_laserscan/lib:/home/robot/turtlebot3_ws/install/turtlebot3_msgs/lib:/home/robot/turtlebot3_ws/install/dynamixel_sdk_custom_interfaces/lib:/home/robot/turtlebot3_ws/install/dynamixel_sdk/lib:/home/robot/ros2_ws/install/message_interface/lib:/usr/lib/x86_64-linux-gnu/gazebo-11/plugins:/opt/ros/humble/opt/rviz_ogre_vendor/lib:/opt/ros/humble/lib/x86_64-linux-gnu:/opt/ros/humble/lib /usr/bin/cmake --install /home/robot/robot_ws/build/clustering_cpp
[5.488s] -- Install configuration: "Debug"
[5.488s] -- Execute custom install script
[5.489s] -- Up-to-date symlink: /home/robot/robot_ws/install/clustering_cpp/lib/clustering_cpp/clustering_wagon
[5.489s] -- Up-to-date symlink: /home/robot/robot_ws/install/clustering_cpp/lib/clustering_cpp/clustering_robot
[5.489s] -- Up-to-date symlink: /home/robot/robot_ws/install/clustering_cpp/share/ament_index/resource_index/package_run_dependencies/clustering_cpp
[5.490s] -- Up-to-date symlink: /home/robot/robot_ws/install/clustering_cpp/share/ament_index/resource_index/parent_prefix_path/clustering_cpp
[5.490s] -- Up-to-date symlink: /home/robot/robot_ws/install/clustering_cpp/share/clustering_cpp/environment/ament_prefix_path.sh
[5.490s] -- Up-to-date symlink: /home/robot/robot_ws/install/clustering_cpp/share/clustering_cpp/environment/ament_prefix_path.dsv
[5.491s] -- Up-to-date symlink: /home/robot/robot_ws/install/clustering_cpp/share/clustering_cpp/environment/path.sh
[5.491s] -- Up-to-date symlink: /home/robot/robot_ws/install/clustering_cpp/share/clustering_cpp/environment/path.dsv
[5.491s] -- Up-to-date symlink: /home/robot/robot_ws/install/clustering_cpp/share/clustering_cpp/local_setup.bash
[5.491s] -- Up-to-date symlink: /home/robot/robot_ws/install/clustering_cpp/share/clustering_cpp/local_setup.sh
[5.491s] -- Up-to-date symlink: /home/robot/robot_ws/install/clustering_cpp/share/clustering_cpp/local_setup.zsh
[5.492s] -- Up-to-date symlink: /home/robot/robot_ws/install/clustering_cpp/share/clustering_cpp/local_setup.dsv
[5.492s] -- Symlinking: /home/robot/robot_ws/install/clustering_cpp/share/clustering_cpp/package.dsv
[5.507s] -- Up-to-date symlink: /home/robot/robot_ws/install/clustering_cpp/share/ament_index/resource_index/packages/clustering_cpp
[5.507s] -- Up-to-date symlink: /home/robot/robot_ws/install/clustering_cpp/share/clustering_cpp/cmake/clustering_cppConfig.cmake
[5.507s] -- Up-to-date symlink: /home/robot/robot_ws/install/clustering_cpp/share/clustering_cpp/cmake/clustering_cppConfig-version.cmake
[5.507s] -- Up-to-date symlink: /home/robot/robot_ws/install/clustering_cpp/share/clustering_cpp/package.xml
[5.522s] Invoked command in '/home/robot/robot_ws/build/clustering_cpp' returned '0': CMAKE_PREFIX_PATH=/home/robot/robot_ws/install/message_interface:/home/robot/robot_ws/install/ydlidar_sdk:/home/robot/robot_ws/install/slam_toolbox:/home/robot/robot_ws/install/safeway_robot_controll_packet_rs485:/home/robot/robot_ws/install/safeway_robot_controll_packet_RS485:/home/robot/robot_ws/install/pointcloud_to_laserscan:/home/robot/robot_ws/install/onetouch_launch:/home/robot/robot_ws/install/nav2_test_utils:/home/robot/robot_ws/install/nav2_common:/home/robot/robot_ws/install/my_first_ros_rclcpp_pkg:/home/robot/robot_ws/install/clustering_cpp:/home/robot/robot_ws/install/ldlidar_stl_ros2:/home/robot/robot_ws/install/ld08_driver:/home/robot/robot_ws/install/gl_ros2_driver:/home/robot/robot_ws/install/car_odom:/home/robot/ydlidar_ros2_driver/install/ydlidar_ros2_driver:/home/robot/ldlidar_ros2_ws/install/ldlidar_stl_ros2:/home/robot/install/safeway_robot_controll_packet_RS485:/home/robot/turtlebot3_ws/install/turtlebot3:/home/robot/turtlebot3_ws/install/turtlebot3_bringup:/home/robot/turtlebot3_ws/install/turtlebot3_node:/home/robot/turtlebot3_ws/install/turtlebot3_navigation2:/home/robot/turtlebot3_ws/install/turtlebot3_msgs:/home/robot/turtlebot3_ws/install/turtlebot3_description:/home/robot/turtlebot3_ws/install/turtlebot3_cartographer:/home/robot/turtlebot3_ws/install/ld08_driver:/home/robot/turtlebot3_ws/install/dynamixel_sdk_examples:/home/robot/turtlebot3_ws/install/dynamixel_sdk_custom_interfaces:/home/robot/turtlebot3_ws/install/dynamixel_sdk:/home/robot/ros2_ws/install/object_detection_ros2:/home/robot/ros2_ws/install/message_interface:/home/robot/ros2_ws/install/gl_ros2_driver_udp:/home/robot/ros2_ws/install/gl_ros2_driver:/home/robot/robot_ws/install/urdf_tutorial:/home/robot/turtlebot3_ws/install/turtlebot3_teleop:/home/robot/turtlebot3_ws/install/turtlebot3_example:/opt/ros/humble LD_LIBRARY_PATH=/home/robot/robot_ws/install/message_interface/lib:/home/robot/robot_ws/install/slam_toolbox/lib:/home/robot/robot_ws/install/pointcloud_to_laserscan/lib:/home/robot/turtlebot3_ws/install/turtlebot3_msgs/lib:/home/robot/turtlebot3_ws/install/dynamixel_sdk_custom_interfaces/lib:/home/robot/turtlebot3_ws/install/dynamixel_sdk/lib:/home/robot/ros2_ws/install/message_interface/lib:/usr/lib/x86_64-linux-gnu/gazebo-11/plugins:/opt/ros/humble/opt/rviz_ogre_vendor/lib:/opt/ros/humble/lib/x86_64-linux-gnu:/opt/ros/humble/lib /usr/bin/cmake --install /home/robot/robot_ws/build/clustering_cpp
