[0.533s] Invoking command in '/home/robot/robot_ws/build/car_odom': CMAKE_PREFIX_PATH=${CMAKE_PREFIX_PATH}:/home/robot/robot_ws/install/urdf_tutorial:/home/robot/turtlebot3_ws/install/turtlebot3_teleop:/home/robot/turtlebot3_ws/install/turtlebot3_example:/opt/ros/humble /usr/bin/cmake --build /home/robot/robot_ws/build/car_odom -- -j4 -l4
[0.739s] [100%] Built target car_odom
[0.766s] Invoked command in '/home/robot/robot_ws/build/car_odom' returned '0': CMAKE_PREFIX_PATH=${CMAKE_PREFIX_PATH}:/home/robot/robot_ws/install/urdf_tutorial:/home/robot/turtlebot3_ws/install/turtlebot3_teleop:/home/robot/turtlebot3_ws/install/turtlebot3_example:/opt/ros/humble /usr/bin/cmake --build /home/robot/robot_ws/build/car_odom -- -j4 -l4
[0.953s] Invoking command in '/home/robot/robot_ws/build/car_odom': CMAKE_PREFIX_PATH=${CMAKE_PREFIX_PATH}:/home/robot/robot_ws/install/urdf_tutorial:/home/robot/turtlebot3_ws/install/turtlebot3_teleop:/home/robot/turtlebot3_ws/install/turtlebot3_example:/opt/ros/humble /usr/bin/cmake --install /home/robot/robot_ws/build/car_odom
[0.984s] -- Install configuration: "Debug"
[0.984s] -- Up-to-date: /home/robot/robot_ws/install/car_odom/lib/car_odom/car_odom
[0.985s] -- Up-to-date: /home/robot/robot_ws/install/car_odom/share/ament_index/resource_index/package_run_dependencies/car_odom
[0.985s] -- Up-to-date: /home/robot/robot_ws/install/car_odom/share/ament_index/resource_index/parent_prefix_path/car_odom
[0.986s] -- Up-to-date: /home/robot/robot_ws/install/car_odom/share/car_odom/environment/ament_prefix_path.sh
[0.986s] -- Up-to-date: /home/robot/robot_ws/install/car_odom/share/car_odom/environment/ament_prefix_path.dsv
[0.987s] -- Up-to-date: /home/robot/robot_ws/install/car_odom/share/car_odom/environment/path.sh
[0.987s] -- Up-to-date: /home/robot/robot_ws/install/car_odom/share/car_odom/environment/path.dsv
[0.988s] -- Up-to-date: /home/robot/robot_ws/install/car_odom/share/car_odom/local_setup.bash
[0.989s] -- Up-to-date: /home/robot/robot_ws/install/car_odom/share/car_odom/local_setup.sh
[0.989s] -- Up-to-date: /home/robot/robot_ws/install/car_odom/share/car_odom/local_setup.zsh
[0.990s] -- Up-to-date: /home/robot/robot_ws/install/car_odom/share/car_odom/local_setup.dsv
[0.990s] -- Installing: /home/robot/robot_ws/install/car_odom/share/car_odom/package.dsv
[0.991s] -- Up-to-date: /home/robot/robot_ws/install/car_odom/share/ament_index/resource_index/packages/car_odom
[0.991s] -- Up-to-date: /home/robot/robot_ws/install/car_odom/share/car_odom/cmake/car_odomConfig.cmake
[0.992s] -- Up-to-date: /home/robot/robot_ws/install/car_odom/share/car_odom/cmake/car_odomConfig-version.cmake
[0.992s] -- Up-to-date: /home/robot/robot_ws/install/car_odom/share/car_odom/package.xml
[1.380s] Invoked command in '/home/robot/robot_ws/build/car_odom' returned '0': CMAKE_PREFIX_PATH=${CMAKE_PREFIX_PATH}:/home/robot/robot_ws/install/urdf_tutorial:/home/robot/turtlebot3_ws/install/turtlebot3_teleop:/home/robot/turtlebot3_ws/install/turtlebot3_example:/opt/ros/humble /usr/bin/cmake --install /home/robot/robot_ws/build/car_odom
