[  1%] Built target slam_toolbox__cpp
[ 10%] Built target slam_toolbox__rosidl_generator_c
[ 10%] Built target ament_cmake_python_copy_slam_toolbox
[ 12%] Built target kartoSlamToolbox
[ 20%] Built target slam_toolbox__rosidl_typesupport_cpp
[ 29%] Built target slam_toolbox__rosidl_typesupport_fastrtps_cpp
[ 37%] Built target slam_toolbox__rosidl_typesupport_introspection_c
[ 45%] Built target slam_toolbox__rosidl_typesupport_c
[ 53%] Built target slam_toolbox__rosidl_typesupport_introspection_cpp
[ 55%] Built target SlamToolboxPlugin
[ 57%] Built target ceres_solver_plugin
[ 66%] Built target slam_toolbox__rosidl_typesupport_fastrtps_c
[ 71%] Built target toolbox_common
[ 71%] Built target slam_toolbox
[ 73%] Built target async_slam_toolbox
[ 75%] Built target sync_slam_toolbox
[ 76%] Built target localization_slam_toolbox
running egg_info
writing slam_toolbox.egg-info/PKG-INFO
writing dependency_links to slam_toolbox.egg-info/dependency_links.txt
writing top-level names to slam_toolbox.egg-info/top_level.txt
reading manifest file 'slam_toolbox.egg-info/SOURCES.txt'
writing manifest file 'slam_toolbox.egg-info/SOURCES.txt'
[ 78%] Built target merge_maps_kinematic
[ 79%] Built target lifelong_slam_toolbox
[ 79%] Built target slam_toolbox__py
[ 79%] Built target ament_cmake_python_build_slam_toolbox_egg
[ 81%] Built target localization_slam_toolbox_node
[ 82%] Built target async_slam_toolbox_node
[ 83%] Built target sync_slam_toolbox_node
[ 85%] Built target lifelong_slam_toolbox_node
[ 93%] Built target slam_toolbox__rosidl_generator_py
[ 94%] Built target map_and_localization_slam_toolbox
[ 96%] Built target slam_toolbox__rosidl_typesupport_introspection_c__pyext
[ 98%] Built target slam_toolbox__rosidl_typesupport_c__pyext
[ 99%] Built target slam_toolbox__rosidl_typesupport_fastrtps_c__pyext
[100%] Built target map_and_localization_slam_toolbox_node
