[0.341s] Invoking command in '/home/robot/robot_ws/build/clustering_cpp': CMAKE_PREFIX_PATH=${CMAKE_PREFIX_PATH}:/home/robot/robot_ws/install/urdf_tutorial:/home/robot/turtlebot3_ws/install/turtlebot3_teleop:/home/robot/turtlebot3_ws/install/turtlebot3_example:/opt/ros/humble /usr/bin/cmake --build /home/robot/robot_ws/build/clustering_cpp -- -j4 -l4
[0.433s] [35m[1mConsolidate compiler generated dependencies of target clustering[0m
[0.472s] [100%] Built target clustering
[0.500s] Invoked command in '/home/robot/robot_ws/build/clustering_cpp' returned '0': CMAKE_PREFIX_PATH=${CMAKE_PREFIX_PATH}:/home/robot/robot_ws/install/urdf_tutorial:/home/robot/turtlebot3_ws/install/turtlebot3_teleop:/home/robot/turtlebot3_ws/install/turtlebot3_example:/opt/ros/humble /usr/bin/cmake --build /home/robot/robot_ws/build/clustering_cpp -- -j4 -l4
[0.605s] Invoking command in '/home/robot/robot_ws/build/clustering_cpp': CMAKE_PREFIX_PATH=${CMAKE_PREFIX_PATH}:/home/robot/robot_ws/install/urdf_tutorial:/home/robot/turtlebot3_ws/install/turtlebot3_teleop:/home/robot/turtlebot3_ws/install/turtlebot3_example:/opt/ros/humble /usr/bin/cmake --install /home/robot/robot_ws/build/clustering_cpp
[0.615s] -- Install configuration: ""
[0.616s] -- Up-to-date: /home/robot/robot_ws/install/clustering_cpp/lib/clustering_cpp/clustering
[0.617s] -- Up-to-date: /home/robot/robot_ws/install/clustering_cpp/share/ament_index/resource_index/package_run_dependencies/clustering_cpp
[0.617s] -- Up-to-date: /home/robot/robot_ws/install/clustering_cpp/share/ament_index/resource_index/parent_prefix_path/clustering_cpp
[0.617s] -- Up-to-date: /home/robot/robot_ws/install/clustering_cpp/share/clustering_cpp/environment/ament_prefix_path.sh
[0.617s] -- Up-to-date: /home/robot/robot_ws/install/clustering_cpp/share/clustering_cpp/environment/ament_prefix_path.dsv
[0.619s] -- Up-to-date: /home/robot/robot_ws/install/clustering_cpp/share/clustering_cpp/environment/path.sh
[0.619s] -- Up-to-date: /home/robot/robot_ws/install/clustering_cpp/share/clustering_cpp/environment/path.dsv
[0.619s] -- Up-to-date: /home/robot/robot_ws/install/clustering_cpp/share/clustering_cpp/local_setup.bash
[0.619s] -- Up-to-date: /home/robot/robot_ws/install/clustering_cpp/share/clustering_cpp/local_setup.sh
[0.619s] -- Up-to-date: /home/robot/robot_ws/install/clustering_cpp/share/clustering_cpp/local_setup.zsh
[0.619s] -- Up-to-date: /home/robot/robot_ws/install/clustering_cpp/share/clustering_cpp/local_setup.dsv
[0.619s] -- Installing: /home/robot/robot_ws/install/clustering_cpp/share/clustering_cpp/package.dsv
[0.619s] -- Up-to-date: /home/robot/robot_ws/install/clustering_cpp/share/ament_index/resource_index/packages/clustering_cpp
[0.619s] -- Up-to-date: /home/robot/robot_ws/install/clustering_cpp/share/clustering_cpp/cmake/clustering_cppConfig.cmake
[0.619s] -- Up-to-date: /home/robot/robot_ws/install/clustering_cpp/share/clustering_cpp/cmake/clustering_cppConfig-version.cmake
[0.620s] -- Up-to-date: /home/robot/robot_ws/install/clustering_cpp/share/clustering_cpp/package.xml
[0.827s] Invoked command in '/home/robot/robot_ws/build/clustering_cpp' returned '0': CMAKE_PREFIX_PATH=${CMAKE_PREFIX_PATH}:/home/robot/robot_ws/install/urdf_tutorial:/home/robot/turtlebot3_ws/install/turtlebot3_teleop:/home/robot/turtlebot3_ws/install/turtlebot3_example:/opt/ros/humble /usr/bin/cmake --install /home/robot/robot_ws/build/clustering_cpp
