[0.180s] Invoking command in '/home/robot/robot_ws/build/ldlidar_stl_ros2': CMAKE_PREFIX_PATH=${CMAKE_PREFIX_PATH}:/home/robot/robot_ws/install/urdf_tutorial:/home/robot/turtlebot3_ws/install/turtlebot3_teleop:/home/robot/turtlebot3_ws/install/turtlebot3_example:/opt/ros/humble /usr/bin/cmake --build /home/robot/robot_ws/build/ldlidar_stl_ros2 -- -j4 -l4
[0.281s] [100%] Built target ldlidar_stl_ros2_node
[0.303s] Invoked command in '/home/robot/robot_ws/build/ldlidar_stl_ros2' returned '0': CMAKE_PREFIX_PATH=${CMAKE_PREFIX_PATH}:/home/robot/robot_ws/install/urdf_tutorial:/home/robot/turtlebot3_ws/install/turtlebot3_teleop:/home/robot/turtlebot3_ws/install/turtlebot3_example:/opt/ros/humble /usr/bin/cmake --build /home/robot/robot_ws/build/ldlidar_stl_ros2 -- -j4 -l4
[0.396s] Invoking command in '/home/robot/robot_ws/build/ldlidar_stl_ros2': CMAKE_PREFIX_PATH=${CMAKE_PREFIX_PATH}:/home/robot/robot_ws/install/urdf_tutorial:/home/robot/turtlebot3_ws/install/turtlebot3_teleop:/home/robot/turtlebot3_ws/install/turtlebot3_example:/opt/ros/humble /usr/bin/cmake --install /home/robot/robot_ws/build/ldlidar_stl_ros2
[0.408s] -- Install configuration: "Debug"
[0.409s] -- Up-to-date: /home/robot/robot_ws/install/ldlidar_stl_ros2/lib/ldlidar_stl_ros2/ldlidar_stl_ros2_node
[0.411s] -- Up-to-date: /home/robot/robot_ws/install/ldlidar_stl_ros2/share/ldlidar_stl_ros2//launch
[0.412s] -- Up-to-date: /home/robot/robot_ws/install/ldlidar_stl_ros2/share/ldlidar_stl_ros2//launch/viewer_ld19.launch.py
[0.412s] -- Up-to-date: /home/robot/robot_ws/install/ldlidar_stl_ros2/share/ldlidar_stl_ros2//launch/ld19.launch.py
[0.412s] -- Up-to-date: /home/robot/robot_ws/install/ldlidar_stl_ros2/share/ldlidar_stl_ros2//launch/viewer_stl27l.launch.py
[0.412s] -- Up-to-date: /home/robot/robot_ws/install/ldlidar_stl_ros2/share/ldlidar_stl_ros2//launch/ld06.launch.py
[0.412s] -- Up-to-date: /home/robot/robot_ws/install/ldlidar_stl_ros2/share/ldlidar_stl_ros2//launch/stl27l.launch.py
[0.412s] -- Up-to-date: /home/robot/robot_ws/install/ldlidar_stl_ros2/share/ldlidar_stl_ros2//launch/viewer_ld06.launch.py
[0.412s] -- Up-to-date: /home/robot/robot_ws/install/ldlidar_stl_ros2/share/ldlidar_stl_ros2//rviz2
[0.412s] -- Up-to-date: /home/robot/robot_ws/install/ldlidar_stl_ros2/share/ldlidar_stl_ros2//rviz2/ldlidar.rviz
[0.412s] -- Up-to-date: /home/robot/robot_ws/install/ldlidar_stl_ros2/share/ament_index/resource_index/package_run_dependencies/ldlidar_stl_ros2
[0.412s] -- Up-to-date: /home/robot/robot_ws/install/ldlidar_stl_ros2/share/ament_index/resource_index/parent_prefix_path/ldlidar_stl_ros2
[0.412s] -- Up-to-date: /home/robot/robot_ws/install/ldlidar_stl_ros2/share/ldlidar_stl_ros2/environment/ament_prefix_path.sh
[0.412s] -- Up-to-date: /home/robot/robot_ws/install/ldlidar_stl_ros2/share/ldlidar_stl_ros2/environment/ament_prefix_path.dsv
[0.412s] -- Up-to-date: /home/robot/robot_ws/install/ldlidar_stl_ros2/share/ldlidar_stl_ros2/environment/path.sh
[0.413s] -- Up-to-date: /home/robot/robot_ws/install/ldlidar_stl_ros2/share/ldlidar_stl_ros2/environment/path.dsv
[0.413s] -- Up-to-date: /home/robot/robot_ws/install/ldlidar_stl_ros2/share/ldlidar_stl_ros2/local_setup.bash
[0.413s] -- Up-to-date: /home/robot/robot_ws/install/ldlidar_stl_ros2/share/ldlidar_stl_ros2/local_setup.sh
[0.413s] -- Up-to-date: /home/robot/robot_ws/install/ldlidar_stl_ros2/share/ldlidar_stl_ros2/local_setup.zsh
[0.413s] -- Up-to-date: /home/robot/robot_ws/install/ldlidar_stl_ros2/share/ldlidar_stl_ros2/local_setup.dsv
[0.413s] -- Installing: /home/robot/robot_ws/install/ldlidar_stl_ros2/share/ldlidar_stl_ros2/package.dsv
[0.413s] -- Up-to-date: /home/robot/robot_ws/install/ldlidar_stl_ros2/share/ament_index/resource_index/packages/ldlidar_stl_ros2
[0.413s] -- Up-to-date: /home/robot/robot_ws/install/ldlidar_stl_ros2/share/ldlidar_stl_ros2/cmake/ldlidar_stl_ros2Config.cmake
[0.413s] -- Up-to-date: /home/robot/robot_ws/install/ldlidar_stl_ros2/share/ldlidar_stl_ros2/cmake/ldlidar_stl_ros2Config-version.cmake
[0.413s] -- Up-to-date: /home/robot/robot_ws/install/ldlidar_stl_ros2/share/ldlidar_stl_ros2/package.xml
[0.564s] Invoked command in '/home/robot/robot_ws/build/ldlidar_stl_ros2' returned '0': CMAKE_PREFIX_PATH=${CMAKE_PREFIX_PATH}:/home/robot/robot_ws/install/urdf_tutorial:/home/robot/turtlebot3_ws/install/turtlebot3_teleop:/home/robot/turtlebot3_ws/install/turtlebot3_example:/opt/ros/humble /usr/bin/cmake --install /home/robot/robot_ws/build/ldlidar_stl_ros2
