[1.032s] Invoking command in '/home/robot/robot_ws/build/clustering_cpp': CMAKE_PREFIX_PATH=/home/robot/robot_ws/install/message_interface:/home/robot/robot_ws/install/ydlidar_sdk:/home/robot/robot_ws/install/slam_toolbox:/home/robot/robot_ws/install/safeway_robot_controll_packet_rs485:/home/robot/robot_ws/install/safeway_robot_controll_packet_RS485:/home/robot/robot_ws/install/pointcloud_to_laserscan:/home/robot/robot_ws/install/onetouch_launch:/home/robot/robot_ws/install/nav2_test_utils:/home/robot/robot_ws/install/nav2_common:/home/robot/robot_ws/install/my_first_ros_rclcpp_pkg:/home/robot/robot_ws/install/clustering_cpp:/home/robot/robot_ws/install/ldlidar_stl_ros2:/home/robot/robot_ws/install/ld08_driver:/home/robot/robot_ws/install/gl_ros2_driver:/home/robot/robot_ws/install/car_odom:/home/robot/ydlidar_ros2_driver/install/ydlidar_ros2_driver:/home/robot/ldlidar_ros2_ws/install/ldlidar_stl_ros2:/home/robot/install/safeway_robot_controll_packet_RS485:/home/robot/turtlebot3_ws/install/turtlebot3:/home/robot/turtlebot3_ws/install/turtlebot3_bringup:/home/robot/turtlebot3_ws/install/turtlebot3_node:/home/robot/turtlebot3_ws/install/turtlebot3_navigation2:/home/robot/turtlebot3_ws/install/turtlebot3_msgs:/home/robot/turtlebot3_ws/install/turtlebot3_description:/home/robot/turtlebot3_ws/install/turtlebot3_cartographer:/home/robot/turtlebot3_ws/install/ld08_driver:/home/robot/turtlebot3_ws/install/dynamixel_sdk_examples:/home/robot/turtlebot3_ws/install/dynamixel_sdk_custom_interfaces:/home/robot/turtlebot3_ws/install/dynamixel_sdk:/home/robot/ros2_ws/install/object_detection_ros2:/home/robot/ros2_ws/install/message_interface:/home/robot/ros2_ws/install/gl_ros2_driver_udp:/home/robot/ros2_ws/install/gl_ros2_driver:/home/robot/robot_ws/install/urdf_tutorial:/home/robot/turtlebot3_ws/install/turtlebot3_teleop:/home/robot/turtlebot3_ws/install/turtlebot3_example:/opt/ros/humble LD_LIBRARY_PATH=/home/robot/robot_ws/install/message_interface/lib:/home/robot/robot_ws/install/slam_toolbox/lib:/home/robot/robot_ws/install/pointcloud_to_laserscan/lib:/home/robot/turtlebot3_ws/install/turtlebot3_msgs/lib:/home/robot/turtlebot3_ws/install/dynamixel_sdk_custom_interfaces/lib:/home/robot/turtlebot3_ws/install/dynamixel_sdk/lib:/home/robot/ros2_ws/install/message_interface/lib:/usr/lib/x86_64-linux-gnu/gazebo-11/plugins:/opt/ros/humble/opt/rviz_ogre_vendor/lib:/opt/ros/humble/lib/x86_64-linux-gnu:/opt/ros/humble/lib /usr/bin/cmake --build /home/robot/robot_ws/build/clustering_cpp -- -j4 -l4
[1.071s] -- Found ament_cmake: 1.3.7 (/opt/ros/humble/share/ament_cmake/cmake)
[1.346s] -- Override CMake install command with custom implementation using symlinks instead of copying resources
[1.346s] -- Found rclcpp: 16.0.8 (/opt/ros/humble/share/rclcpp/cmake)
[1.384s] -- Found rosidl_generator_c: 3.1.5 (/opt/ros/humble/share/rosidl_generator_c/cmake)
[1.388s] -- Found rosidl_adapter: 3.1.5 (/opt/ros/humble/share/rosidl_adapter/cmake)
[1.397s] -- Found rosidl_generator_cpp: 3.1.5 (/opt/ros/humble/share/rosidl_generator_cpp/cmake)
[1.446s] -- Using all available rosidl_typesupport_c: rosidl_typesupport_fastrtps_c;rosidl_typesupport_introspection_c
[1.500s] -- Using all available rosidl_typesupport_cpp: rosidl_typesupport_fastrtps_cpp;rosidl_typesupport_introspection_cpp
[1.592s] -- Found rmw_implementation_cmake: 6.1.1 (/opt/ros/humble/share/rmw_implementation_cmake/cmake)
[1.593s] -- Found rmw_fastrtps_cpp: 6.2.6 (/opt/ros/humble/share/rmw_fastrtps_cpp/cmake)
[1.927s] -- Using RMW implementation 'rmw_fastrtps_cpp' as default
[2.193s] -- Found sensor_msgs: 4.2.3 (/opt/ros/humble/share/sensor_msgs/cmake)
[2.432s] -- Found visualization_msgs: 4.2.3 (/opt/ros/humble/share/visualization_msgs/cmake)
[2.706s] -- Found message_interface: 0.0.0 (/home/robot/robot_ws/install/message_interface/share/message_interface/cmake)
[2.740s] -- Eigen found (include: /usr/include/eigen3, version: 3.4.0)
[2.788s] -- FLANN found (include: /usr/include, lib: /usr/lib/x86_64-linux-gnu/libflann_cpp.so)
[3.285s] -- OpenNI found (version: 1.5.4.0, include: /usr/include/ni, lib: /usr/lib/libOpenNI.so;libusb::libusb)
[3.292s] -- OpenNI2 found (version: 2.2.0.33, include: /usr/include/openni2, lib: /usr/lib/x86_64-linux-gnu/libOpenNI2.so;libusb::libusb)
[3.293s] [0m** WARNING ** io features related to pcap will be disabled[0m
[3.556s] -- Eigen found (include: /usr/include/eigen3, version: 3.4.0)
[3.577s] -- OpenNI found (version: 1.5.4.0, include: /usr/include/ni, lib: /usr/lib/libOpenNI.so;libusb::libusb)
[3.578s] -- OpenNI2 found (version: 2.2.0.33, include: /usr/include/openni2, lib: /usr/lib/x86_64-linux-gnu/libOpenNI2.so;libusb::libusb)
[3.746s] -- Found Qhull version 8.0.2
[3.905s] -- OpenNI found (version: 1.5.4.0, include: /usr/include/ni, lib: /usr/lib/libOpenNI.so;libusb::libusb)
[4.063s] -- looking for PCL_COMMON
[4.063s] -- looking for PCL_KDTREE
[4.064s] -- looking for PCL_OCTREE
[4.064s] -- looking for PCL_SEARCH
[4.065s] -- looking for PCL_SAMPLE_CONSENSUS
[4.065s] -- looking for PCL_FILTERS
[4.066s] -- looking for PCL_2D
[4.066s] -- looking for PCL_GEOMETRY
[4.066s] -- looking for PCL_IO
[4.067s] -- looking for PCL_FEATURES
[4.067s] -- looking for PCL_ML
[4.068s] -- looking for PCL_SEGMENTATION
[4.068s] -- looking for PCL_VISUALIZATION
[4.069s] -- looking for PCL_SURFACE
[4.069s] -- looking for PCL_REGISTRATION
[4.070s] -- looking for PCL_KEYPOINTS
[4.070s] -- looking for PCL_TRACKING
[4.071s] -- looking for PCL_RECOGNITION
[4.071s] -- looking for PCL_STEREO
[4.072s] -- looking for PCL_APPS
[4.073s] -- looking for PCL_IN_HAND_SCANNER
[4.073s] -- looking for PCL_MODELER
[4.073s] -- looking for PCL_POINT_CLOUD_EDITOR
[4.074s] -- looking for PCL_OUTOFCORE
[4.074s] -- looking for PCL_PEOPLE
[4.076s] [31mCMake Error at /opt/ros/humble/share/ament_cmake_target_dependencies/cmake/ament_target_dependencies.cmake:42 (message):
[4.076s]   ament_target_dependencies() the first argument must be a valid target name
[4.076s] Call Stack (most recent call first):
[4.076s]   CMakeLists.txt:38 (ament_target_dependencies)
[4.076s] 
[4.076s] [0m
[4.076s] -- Configuring incomplete, errors occurred!
[4.077s] See also "/home/robot/robot_ws/build/clustering_cpp/CMakeFiles/CMakeOutput.log".
[4.091s] gmake: *** [Makefile:267: cmake_check_build_system] Error 1
[4.092s] Invoked command in '/home/robot/robot_ws/build/clustering_cpp' returned '2': CMAKE_PREFIX_PATH=/home/robot/robot_ws/install/message_interface:/home/robot/robot_ws/install/ydlidar_sdk:/home/robot/robot_ws/install/slam_toolbox:/home/robot/robot_ws/install/safeway_robot_controll_packet_rs485:/home/robot/robot_ws/install/safeway_robot_controll_packet_RS485:/home/robot/robot_ws/install/pointcloud_to_laserscan:/home/robot/robot_ws/install/onetouch_launch:/home/robot/robot_ws/install/nav2_test_utils:/home/robot/robot_ws/install/nav2_common:/home/robot/robot_ws/install/my_first_ros_rclcpp_pkg:/home/robot/robot_ws/install/clustering_cpp:/home/robot/robot_ws/install/ldlidar_stl_ros2:/home/robot/robot_ws/install/ld08_driver:/home/robot/robot_ws/install/gl_ros2_driver:/home/robot/robot_ws/install/car_odom:/home/robot/ydlidar_ros2_driver/install/ydlidar_ros2_driver:/home/robot/ldlidar_ros2_ws/install/ldlidar_stl_ros2:/home/robot/install/safeway_robot_controll_packet_RS485:/home/robot/turtlebot3_ws/install/turtlebot3:/home/robot/turtlebot3_ws/install/turtlebot3_bringup:/home/robot/turtlebot3_ws/install/turtlebot3_node:/home/robot/turtlebot3_ws/install/turtlebot3_navigation2:/home/robot/turtlebot3_ws/install/turtlebot3_msgs:/home/robot/turtlebot3_ws/install/turtlebot3_description:/home/robot/turtlebot3_ws/install/turtlebot3_cartographer:/home/robot/turtlebot3_ws/install/ld08_driver:/home/robot/turtlebot3_ws/install/dynamixel_sdk_examples:/home/robot/turtlebot3_ws/install/dynamixel_sdk_custom_interfaces:/home/robot/turtlebot3_ws/install/dynamixel_sdk:/home/robot/ros2_ws/install/object_detection_ros2:/home/robot/ros2_ws/install/message_interface:/home/robot/ros2_ws/install/gl_ros2_driver_udp:/home/robot/ros2_ws/install/gl_ros2_driver:/home/robot/robot_ws/install/urdf_tutorial:/home/robot/turtlebot3_ws/install/turtlebot3_teleop:/home/robot/turtlebot3_ws/install/turtlebot3_example:/opt/ros/humble LD_LIBRARY_PATH=/home/robot/robot_ws/install/message_interface/lib:/home/robot/robot_ws/install/slam_toolbox/lib:/home/robot/robot_ws/install/pointcloud_to_laserscan/lib:/home/robot/turtlebot3_ws/install/turtlebot3_msgs/lib:/home/robot/turtlebot3_ws/install/dynamixel_sdk_custom_interfaces/lib:/home/robot/turtlebot3_ws/install/dynamixel_sdk/lib:/home/robot/ros2_ws/install/message_interface/lib:/usr/lib/x86_64-linux-gnu/gazebo-11/plugins:/opt/ros/humble/opt/rviz_ogre_vendor/lib:/opt/ros/humble/lib/x86_64-linux-gnu:/opt/ros/humble/lib /usr/bin/cmake --build /home/robot/robot_ws/build/clustering_cpp -- -j4 -l4
