[0.549s] Invoking command in '/home/robot/robot_ws/build/car_odom': CMAKE_PREFIX_PATH=${CMAKE_PREFIX_PATH}:/home/robot/robot_ws/install/urdf_tutorial:/home/robot/turtlebot3_ws/install/turtlebot3_teleop:/home/robot/turtlebot3_ws/install/turtlebot3_example:/opt/ros/humble /usr/bin/cmake --build /home/robot/robot_ws/build/car_odom -- -j4 -l4
[0.654s] [100%] Built target car_odom
[0.689s] Invoked command in '/home/robot/robot_ws/build/car_odom' returned '0': CMAKE_PREFIX_PATH=${CMAKE_PREFIX_PATH}:/home/robot/robot_ws/install/urdf_tutorial:/home/robot/turtlebot3_ws/install/turtlebot3_teleop:/home/robot/turtlebot3_ws/install/turtlebot3_example:/opt/ros/humble /usr/bin/cmake --build /home/robot/robot_ws/build/car_odom -- -j4 -l4
[0.833s] Invoking command in '/home/robot/robot_ws/build/car_odom': CMAKE_PREFIX_PATH=${CMAKE_PREFIX_PATH}:/home/robot/robot_ws/install/urdf_tutorial:/home/robot/turtlebot3_ws/install/turtlebot3_teleop:/home/robot/turtlebot3_ws/install/turtlebot3_example:/opt/ros/humble /usr/bin/cmake --install /home/robot/robot_ws/build/car_odom
[0.856s] -- Install configuration: "Debug"
[0.860s] -- Execute custom install script
[0.864s] -- Up-to-date symlink: /home/robot/robot_ws/install/car_odom/lib/car_odom/car_odom
[0.865s] -- Up-to-date symlink: /home/robot/robot_ws/install/car_odom/share/ament_index/resource_index/package_run_dependencies/car_odom
[0.866s] -- Up-to-date symlink: /home/robot/robot_ws/install/car_odom/share/ament_index/resource_index/parent_prefix_path/car_odom
[0.869s] -- Up-to-date symlink: /home/robot/robot_ws/install/car_odom/share/car_odom/environment/ament_prefix_path.sh
[0.870s] -- Up-to-date symlink: /home/robot/robot_ws/install/car_odom/share/car_odom/environment/ament_prefix_path.dsv
[0.882s] -- Up-to-date symlink: /home/robot/robot_ws/install/car_odom/share/car_odom/environment/path.sh
[0.882s] -- Up-to-date symlink: /home/robot/robot_ws/install/car_odom/share/car_odom/environment/path.dsv
[0.883s] -- Up-to-date symlink: /home/robot/robot_ws/install/car_odom/share/car_odom/local_setup.bash
[0.883s] -- Up-to-date symlink: /home/robot/robot_ws/install/car_odom/share/car_odom/local_setup.sh
[0.884s] -- Up-to-date symlink: /home/robot/robot_ws/install/car_odom/share/car_odom/local_setup.zsh
[0.885s] -- Up-to-date symlink: /home/robot/robot_ws/install/car_odom/share/car_odom/local_setup.dsv
[0.885s] -- Symlinking: /home/robot/robot_ws/install/car_odom/share/car_odom/package.dsv
[0.914s] -- Up-to-date symlink: /home/robot/robot_ws/install/car_odom/share/ament_index/resource_index/packages/car_odom
[0.917s] -- Up-to-date symlink: /home/robot/robot_ws/install/car_odom/share/car_odom/cmake/car_odomConfig.cmake
[0.918s] -- Up-to-date symlink: /home/robot/robot_ws/install/car_odom/share/car_odom/cmake/car_odomConfig-version.cmake
[0.918s] -- Up-to-date symlink: /home/robot/robot_ws/install/car_odom/share/car_odom/package.xml
[0.919s] Invoked command in '/home/robot/robot_ws/build/car_odom' returned '0': CMAKE_PREFIX_PATH=${CMAKE_PREFIX_PATH}:/home/robot/robot_ws/install/urdf_tutorial:/home/robot/turtlebot3_ws/install/turtlebot3_teleop:/home/robot/turtlebot3_ws/install/turtlebot3_example:/opt/ros/humble /usr/bin/cmake --install /home/robot/robot_ws/build/car_odom
