[0.919s] Invoking command in '/home/robot/robot_ws/build/slam_toolbox': CMAKE_PREFIX_PATH=${CMAKE_PREFIX_PATH}:/home/robot/robot_ws/install/urdf_tutorial:/home/robot/turtlebot3_ws/install/turtlebot3_teleop:/home/robot/turtlebot3_ws/install/turtlebot3_example:/opt/ros/humble /usr/bin/cmake --build /home/robot/robot_ws/build/slam_toolbox -- -j4 -l4
[2.038s] [  1%] Built target slam_toolbox__cpp
[2.038s] [ 10%] Built target slam_toolbox__rosidl_generator_c
[2.039s] [ 10%] Built target ament_cmake_python_symlink_slam_toolbox
[2.039s] [ 12%] Built target kartoSlamToolbox
[2.039s] [ 20%] Built target slam_toolbox__rosidl_typesupport_cpp
[2.039s] [ 29%] Built target slam_toolbox__rosidl_typesupport_fastrtps_cpp
[2.041s] [ 37%] Built target slam_toolbox__rosidl_typesupport_c
[2.049s] [ 45%] Built target slam_toolbox__rosidl_typesupport_introspection_c
[2.049s] [ 53%] Built target slam_toolbox__rosidl_typesupport_introspection_cpp
[2.049s] [ 55%] Built target SlamToolboxPlugin
[2.049s] [ 57%] Built target ceres_solver_plugin
[2.049s] [ 62%] Built target toolbox_common
[2.049s] [ 71%] Built target slam_toolbox__rosidl_typesupport_fastrtps_c
[2.049s] [ 73%] Built target async_slam_toolbox
[2.049s] [ 74%] Built target localization_slam_toolbox
[2.049s] [ 76%] Built target sync_slam_toolbox
[2.049s] [ 77%] Built target lifelong_slam_toolbox
[2.049s] [ 77%] Built target slam_toolbox
[2.050s] [ 79%] Built target merge_maps_kinematic
[2.050s] [ 81%] Built target localization_slam_toolbox_node
[2.050s] [ 82%] Built target sync_slam_toolbox_node
[2.050s] [ 83%] Built target async_slam_toolbox_node
[2.097s] [ 84%] Built target map_and_localization_slam_toolbox
[2.111s] [ 86%] Built target lifelong_slam_toolbox_node
[2.173s] [ 86%] Built target slam_toolbox__py
[2.174s] running egg_info
[2.176s] writing slam_toolbox.egg-info/PKG-INFO
[2.178s] writing dependency_links to slam_toolbox.egg-info/dependency_links.txt
[2.180s] writing top-level names to slam_toolbox.egg-info/top_level.txt
[2.185s] reading manifest file 'slam_toolbox.egg-info/SOURCES.txt'
[2.188s] writing manifest file 'slam_toolbox.egg-info/SOURCES.txt'
[2.248s] [ 87%] Built target map_and_localization_slam_toolbox_node
[2.248s] [ 87%] Built target ament_cmake_python_build_slam_toolbox_egg
[2.268s] [ 95%] Built target slam_toolbox__rosidl_generator_py
[2.324s] [ 97%] Built target slam_toolbox__rosidl_typesupport_c__pyext
[2.324s] [ 98%] Built target slam_toolbox__rosidl_typesupport_fastrtps_c__pyext
[2.337s] [100%] Built target slam_toolbox__rosidl_typesupport_introspection_c__pyext
[2.641s] Invoked command in '/home/robot/robot_ws/build/slam_toolbox' returned '0': CMAKE_PREFIX_PATH=${CMAKE_PREFIX_PATH}:/home/robot/robot_ws/install/urdf_tutorial:/home/robot/turtlebot3_ws/install/turtlebot3_teleop:/home/robot/turtlebot3_ws/install/turtlebot3_example:/opt/ros/humble /usr/bin/cmake --build /home/robot/robot_ws/build/slam_toolbox -- -j4 -l4
[4.562s] Invoking command in '/home/robot/robot_ws/build/slam_toolbox': CMAKE_PREFIX_PATH=${CMAKE_PREFIX_PATH}:/home/robot/robot_ws/install/urdf_tutorial:/home/robot/turtlebot3_ws/install/turtlebot3_teleop:/home/robot/turtlebot3_ws/install/turtlebot3_example:/opt/ros/humble /usr/bin/cmake --install /home/robot/robot_ws/build/slam_toolbox
[4.582s] -- Install configuration: "Release"
[4.582s] -- Execute custom install script
[4.589s] -- Up-to-date symlink: /home/robot/robot_ws/install/slam_toolbox/include//karto_sdk/Karto.h
[4.589s] -- Up-to-date symlink: /home/robot/robot_ws/install/slam_toolbox/include//karto_sdk/Macros.h
[4.589s] -- Up-to-date symlink: /home/robot/robot_ws/install/slam_toolbox/include//karto_sdk/Mapper.h
[4.590s] -- Up-to-date symlink: /home/robot/robot_ws/install/slam_toolbox/include//karto_sdk/Math.h
[4.591s] -- Up-to-date symlink: /home/robot/robot_ws/install/slam_toolbox/include//karto_sdk/Types.h
[4.591s] -- Up-to-date symlink: /home/robot/robot_ws/install/slam_toolbox/include//karto_sdk/nanoflann.hpp
[4.591s] -- Up-to-date symlink: /home/robot/robot_ws/install/slam_toolbox/include//karto_sdk/nanoflann_adaptors.h
[4.591s] -- Up-to-date symlink: /home/robot/robot_ws/install/slam_toolbox/share/ament_index/resource_index/rosidl_interfaces/slam_toolbox
[4.592s] -- Up-to-date symlink: /home/robot/robot_ws/install/slam_toolbox/include/slam_toolbox/slam_toolbox/msg/rosidl_generator_c__visibility_control.h
[4.593s] -- Up-to-date symlink: /home/robot/robot_ws/install/slam_toolbox/include/slam_toolbox/slam_toolbox/srv/add_submap.h
[4.593s] -- Up-to-date symlink: /home/robot/robot_ws/install/slam_toolbox/include/slam_toolbox/slam_toolbox/srv/clear.h
[4.593s] -- Up-to-date symlink: /home/robot/robot_ws/install/slam_toolbox/include/slam_toolbox/slam_toolbox/srv/clear_queue.h
[4.593s] -- Up-to-date symlink: /home/robot/robot_ws/install/slam_toolbox/include/slam_toolbox/slam_toolbox/srv/deserialize_pose_graph.h
[4.593s] -- Up-to-date symlink: /home/robot/robot_ws/install/slam_toolbox/include/slam_toolbox/slam_toolbox/srv/detail/add_submap__functions.h
[4.593s] -- Up-to-date symlink: /home/robot/robot_ws/install/slam_toolbox/include/slam_toolbox/slam_toolbox/srv/detail/add_submap__struct.h
[4.593s] -- Up-to-date symlink: /home/robot/robot_ws/install/slam_toolbox/include/slam_toolbox/slam_toolbox/srv/detail/add_submap__type_support.h
[4.593s] -- Up-to-date symlink: /home/robot/robot_ws/install/slam_toolbox/include/slam_toolbox/slam_toolbox/srv/detail/clear__functions.h
[4.594s] -- Up-to-date symlink: /home/robot/robot_ws/install/slam_toolbox/include/slam_toolbox/slam_toolbox/srv/detail/clear__struct.h
[4.594s] -- Up-to-date symlink: /home/robot/robot_ws/install/slam_toolbox/include/slam_toolbox/slam_toolbox/srv/detail/clear__type_support.h
[4.594s] -- Up-to-date symlink: /home/robot/robot_ws/install/slam_toolbox/include/slam_toolbox/slam_toolbox/srv/detail/clear_queue__functions.h
[4.594s] -- Up-to-date symlink: /home/robot/robot_ws/install/slam_toolbox/include/slam_toolbox/slam_toolbox/srv/detail/clear_queue__struct.h
[4.594s] -- Up-to-date symlink: /home/robot/robot_ws/install/slam_toolbox/include/slam_toolbox/slam_toolbox/srv/detail/clear_queue__type_support.h
[4.594s] -- Up-to-date symlink: /home/robot/robot_ws/install/slam_toolbox/include/slam_toolbox/slam_toolbox/srv/detail/deserialize_pose_graph__functions.h
[4.594s] -- Up-to-date symlink: /home/robot/robot_ws/install/slam_toolbox/include/slam_toolbox/slam_toolbox/srv/detail/deserialize_pose_graph__struct.h
[4.594s] -- Up-to-date symlink: /home/robot/robot_ws/install/slam_toolbox/include/slam_toolbox/slam_toolbox/srv/detail/deserialize_pose_graph__type_support.h
[4.594s] -- Up-to-date symlink: /home/robot/robot_ws/install/slam_toolbox/include/slam_toolbox/slam_toolbox/srv/detail/loop_closure__functions.h
[4.594s] -- Up-to-date symlink: /home/robot/robot_ws/install/slam_toolbox/include/slam_toolbox/slam_toolbox/srv/detail/loop_closure__struct.h
[4.594s] -- Up-to-date symlink: /home/robot/robot_ws/install/slam_toolbox/include/slam_toolbox/slam_toolbox/srv/detail/loop_closure__type_support.h
[4.595s] -- Up-to-date symlink: /home/robot/robot_ws/install/slam_toolbox/include/slam_toolbox/slam_toolbox/srv/detail/merge_maps__functions.h
[4.595s] -- Up-to-date symlink: /home/robot/robot_ws/install/slam_toolbox/include/slam_toolbox/slam_toolbox/srv/detail/merge_maps__struct.h
[4.595s] -- Up-to-date symlink: /home/robot/robot_ws/install/slam_toolbox/include/slam_toolbox/slam_toolbox/srv/detail/merge_maps__type_support.h
[4.599s] -- Up-to-date symlink: /home/robot/robot_ws/install/slam_toolbox/include/slam_toolbox/slam_toolbox/srv/detail/pause__functions.h
[4.600s] -- Up-to-date symlink: /home/robot/robot_ws/install/slam_toolbox/include/slam_toolbox/slam_toolbox/srv/detail/pause__struct.h
[4.600s] -- Up-to-date symlink: /home/robot/robot_ws/install/slam_toolbox/include/slam_toolbox/slam_toolbox/srv/detail/pause__type_support.h
[4.600s] -- Up-to-date symlink: /home/robot/robot_ws/install/slam_toolbox/include/slam_toolbox/slam_toolbox/srv/detail/save_map__functions.h
[4.600s] -- Up-to-date symlink: /home/robot/robot_ws/install/slam_toolbox/include/slam_toolbox/slam_toolbox/srv/detail/save_map__struct.h
[4.600s] -- Up-to-date symlink: /home/robot/robot_ws/install/slam_toolbox/include/slam_toolbox/slam_toolbox/srv/detail/save_map__type_support.h
[4.600s] -- Up-to-date symlink: /home/robot/robot_ws/install/slam_toolbox/include/slam_toolbox/slam_toolbox/srv/detail/serialize_pose_graph__functions.h
[4.600s] -- Up-to-date symlink: /home/robot/robot_ws/install/slam_toolbox/include/slam_toolbox/slam_toolbox/srv/detail/serialize_pose_graph__struct.h
[4.601s] -- Up-to-date symlink: /home/robot/robot_ws/install/slam_toolbox/include/slam_toolbox/slam_toolbox/srv/detail/serialize_pose_graph__type_support.h
[4.601s] -- Up-to-date symlink: /home/robot/robot_ws/install/slam_toolbox/include/slam_toolbox/slam_toolbox/srv/detail/toggle_interactive__functions.h
[4.601s] -- Up-to-date symlink: /home/robot/robot_ws/install/slam_toolbox/include/slam_toolbox/slam_toolbox/srv/detail/toggle_interactive__struct.h
[4.601s] -- Up-to-date symlink: /home/robot/robot_ws/install/slam_toolbox/include/slam_toolbox/slam_toolbox/srv/detail/toggle_interactive__type_support.h
[4.602s] -- Up-to-date symlink: /home/robot/robot_ws/install/slam_toolbox/include/slam_toolbox/slam_toolbox/srv/loop_closure.h
[4.602s] -- Up-to-date symlink: /home/robot/robot_ws/install/slam_toolbox/include/slam_toolbox/slam_toolbox/srv/merge_maps.h
[4.602s] -- Up-to-date symlink: /home/robot/robot_ws/install/slam_toolbox/include/slam_toolbox/slam_toolbox/srv/pause.h
[4.602s] -- Up-to-date symlink: /home/robot/robot_ws/install/slam_toolbox/include/slam_toolbox/slam_toolbox/srv/save_map.h
[4.602s] -- Up-to-date symlink: /home/robot/robot_ws/install/slam_toolbox/include/slam_toolbox/slam_toolbox/srv/serialize_pose_graph.h
[4.602s] -- Up-to-date symlink: /home/robot/robot_ws/install/slam_toolbox/include/slam_toolbox/slam_toolbox/srv/toggle_interactive.h
[4.602s] -- Up-to-date symlink: /home/robot/robot_ws/install/slam_toolbox/share/slam_toolbox/environment/library_path.sh
[4.602s] -- Up-to-date symlink: /home/robot/robot_ws/install/slam_toolbox/share/slam_toolbox/environment/library_path.dsv
[4.602s] -- Up-to-date symlink: /home/robot/robot_ws/install/slam_toolbox/include/slam_toolbox/slam_toolbox/msg/rosidl_typesupport_fastrtps_c__visibility_control.h
[4.602s] -- Up-to-date symlink: /home/robot/robot_ws/install/slam_toolbox/include/slam_toolbox/slam_toolbox/srv/detail/add_submap__rosidl_typesupport_fastrtps_c.h
[4.603s] -- Up-to-date symlink: /home/robot/robot_ws/install/slam_toolbox/include/slam_toolbox/slam_toolbox/srv/detail/clear__rosidl_typesupport_fastrtps_c.h
[4.603s] -- Up-to-date symlink: /home/robot/robot_ws/install/slam_toolbox/include/slam_toolbox/slam_toolbox/srv/detail/clear_queue__rosidl_typesupport_fastrtps_c.h
[4.603s] -- Up-to-date symlink: /home/robot/robot_ws/install/slam_toolbox/include/slam_toolbox/slam_toolbox/srv/detail/deserialize_pose_graph__rosidl_typesupport_fastrtps_c.h
[4.603s] -- Up-to-date symlink: /home/robot/robot_ws/install/slam_toolbox/include/slam_toolbox/slam_toolbox/srv/detail/loop_closure__rosidl_typesupport_fastrtps_c.h
[4.603s] -- Up-to-date symlink: /home/robot/robot_ws/install/slam_toolbox/include/slam_toolbox/slam_toolbox/srv/detail/merge_maps__rosidl_typesupport_fastrtps_c.h
[4.603s] -- Up-to-date symlink: /home/robot/robot_ws/install/slam_toolbox/include/slam_toolbox/slam_toolbox/srv/detail/pause__rosidl_typesupport_fastrtps_c.h
[4.603s] -- Up-to-date symlink: /home/robot/robot_ws/install/slam_toolbox/include/slam_toolbox/slam_toolbox/srv/detail/save_map__rosidl_typesupport_fastrtps_c.h
[4.603s] -- Up-to-date symlink: /home/robot/robot_ws/install/slam_toolbox/include/slam_toolbox/slam_toolbox/srv/detail/serialize_pose_graph__rosidl_typesupport_fastrtps_c.h
[4.604s] -- Up-to-date symlink: /home/robot/robot_ws/install/slam_toolbox/include/slam_toolbox/slam_toolbox/srv/detail/toggle_interactive__rosidl_typesupport_fastrtps_c.h
[4.605s] -- Up-to-date symlink: /home/robot/robot_ws/install/slam_toolbox/include/slam_toolbox/slam_toolbox/srv/add_submap.hpp
[4.606s] -- Up-to-date symlink: /home/robot/robot_ws/install/slam_toolbox/include/slam_toolbox/slam_toolbox/srv/clear.hpp
[4.606s] -- Up-to-date symlink: /home/robot/robot_ws/install/slam_toolbox/include/slam_toolbox/slam_toolbox/srv/clear_queue.hpp
[4.606s] -- Up-to-date symlink: /home/robot/robot_ws/install/slam_toolbox/include/slam_toolbox/slam_toolbox/srv/deserialize_pose_graph.hpp
[4.607s] -- Up-to-date symlink: /home/robot/robot_ws/install/slam_toolbox/include/slam_toolbox/slam_toolbox/srv/detail/add_submap__builder.hpp
[4.607s] -- Up-to-date symlink: /home/robot/robot_ws/install/slam_toolbox/include/slam_toolbox/slam_toolbox/srv/detail/add_submap__struct.hpp
[4.612s] -- Up-to-date symlink: /home/robot/robot_ws/install/slam_toolbox/include/slam_toolbox/slam_toolbox/srv/detail/add_submap__traits.hpp
[4.612s] -- Up-to-date symlink: /home/robot/robot_ws/install/slam_toolbox/include/slam_toolbox/slam_toolbox/srv/detail/clear__builder.hpp
[4.613s] -- Up-to-date symlink: /home/robot/robot_ws/install/slam_toolbox/include/slam_toolbox/slam_toolbox/srv/detail/clear__struct.hpp
[4.613s] -- Up-to-date symlink: /home/robot/robot_ws/install/slam_toolbox/include/slam_toolbox/slam_toolbox/srv/detail/clear__traits.hpp
[4.613s] -- Up-to-date symlink: /home/robot/robot_ws/install/slam_toolbox/include/slam_toolbox/slam_toolbox/srv/detail/clear_queue__builder.hpp
[4.613s] -- Up-to-date symlink: /home/robot/robot_ws/install/slam_toolbox/include/slam_toolbox/slam_toolbox/srv/detail/clear_queue__struct.hpp
[4.613s] -- Up-to-date symlink: /home/robot/robot_ws/install/slam_toolbox/include/slam_toolbox/slam_toolbox/srv/detail/clear_queue__traits.hpp
[4.613s] -- Up-to-date symlink: /home/robot/robot_ws/install/slam_toolbox/include/slam_toolbox/slam_toolbox/srv/detail/deserialize_pose_graph__builder.hpp
[4.613s] -- Up-to-date symlink: /home/robot/robot_ws/install/slam_toolbox/include/slam_toolbox/slam_toolbox/srv/detail/deserialize_pose_graph__struct.hpp
[4.613s] -- Up-to-date symlink: /home/robot/robot_ws/install/slam_toolbox/include/slam_toolbox/slam_toolbox/srv/detail/deserialize_pose_graph__traits.hpp
[4.613s] -- Up-to-date symlink: /home/robot/robot_ws/install/slam_toolbox/include/slam_toolbox/slam_toolbox/srv/detail/loop_closure__builder.hpp
[4.613s] -- Up-to-date symlink: /home/robot/robot_ws/install/slam_toolbox/include/slam_toolbox/slam_toolbox/srv/detail/loop_closure__struct.hpp
[4.613s] -- Up-to-date symlink: /home/robot/robot_ws/install/slam_toolbox/include/slam_toolbox/slam_toolbox/srv/detail/loop_closure__traits.hpp
[4.614s] -- Up-to-date symlink: /home/robot/robot_ws/install/slam_toolbox/include/slam_toolbox/slam_toolbox/srv/detail/merge_maps__builder.hpp
[4.614s] -- Up-to-date symlink: /home/robot/robot_ws/install/slam_toolbox/include/slam_toolbox/slam_toolbox/srv/detail/merge_maps__struct.hpp
[4.614s] -- Up-to-date symlink: /home/robot/robot_ws/install/slam_toolbox/include/slam_toolbox/slam_toolbox/srv/detail/merge_maps__traits.hpp
[4.614s] -- Up-to-date symlink: /home/robot/robot_ws/install/slam_toolbox/include/slam_toolbox/slam_toolbox/srv/detail/pause__builder.hpp
[4.614s] -- Up-to-date symlink: /home/robot/robot_ws/install/slam_toolbox/include/slam_toolbox/slam_toolbox/srv/detail/pause__struct.hpp
[4.614s] -- Up-to-date symlink: /home/robot/robot_ws/install/slam_toolbox/include/slam_toolbox/slam_toolbox/srv/detail/pause__traits.hpp
[4.614s] -- Up-to-date symlink: /home/robot/robot_ws/install/slam_toolbox/include/slam_toolbox/slam_toolbox/srv/detail/save_map__builder.hpp
[4.614s] -- Up-to-date symlink: /home/robot/robot_ws/install/slam_toolbox/include/slam_toolbox/slam_toolbox/srv/detail/save_map__struct.hpp
[4.614s] -- Up-to-date symlink: /home/robot/robot_ws/install/slam_toolbox/include/slam_toolbox/slam_toolbox/srv/detail/save_map__traits.hpp
[4.614s] -- Up-to-date symlink: /home/robot/robot_ws/install/slam_toolbox/include/slam_toolbox/slam_toolbox/srv/detail/serialize_pose_graph__builder.hpp
[4.614s] -- Up-to-date symlink: /home/robot/robot_ws/install/slam_toolbox/include/slam_toolbox/slam_toolbox/srv/detail/serialize_pose_graph__struct.hpp
[4.614s] -- Up-to-date symlink: /home/robot/robot_ws/install/slam_toolbox/include/slam_toolbox/slam_toolbox/srv/detail/serialize_pose_graph__traits.hpp
[4.615s] -- Up-to-date symlink: /home/robot/robot_ws/install/slam_toolbox/include/slam_toolbox/slam_toolbox/srv/detail/toggle_interactive__builder.hpp
[4.615s] -- Up-to-date symlink: /home/robot/robot_ws/install/slam_toolbox/include/slam_toolbox/slam_toolbox/srv/detail/toggle_interactive__struct.hpp
[4.618s] -- Up-to-date symlink: /home/robot/robot_ws/install/slam_toolbox/include/slam_toolbox/slam_toolbox/srv/detail/toggle_interactive__traits.hpp
[4.618s] -- Up-to-date symlink: /home/robot/robot_ws/install/slam_toolbox/include/slam_toolbox/slam_toolbox/srv/loop_closure.hpp
[4.618s] -- Up-to-date symlink: /home/robot/robot_ws/install/slam_toolbox/include/slam_toolbox/slam_toolbox/srv/merge_maps.hpp
[4.618s] -- Up-to-date symlink: /home/robot/robot_ws/install/slam_toolbox/include/slam_toolbox/slam_toolbox/srv/pause.hpp
[4.619s] -- Up-to-date symlink: /home/robot/robot_ws/install/slam_toolbox/include/slam_toolbox/slam_toolbox/srv/save_map.hpp
[4.619s] -- Up-to-date symlink: /home/robot/robot_ws/install/slam_toolbox/include/slam_toolbox/slam_toolbox/srv/serialize_pose_graph.hpp
[4.620s] -- Up-to-date symlink: /home/robot/robot_ws/install/slam_toolbox/include/slam_toolbox/slam_toolbox/srv/toggle_interactive.hpp
[4.621s] -- Up-to-date symlink: /home/robot/robot_ws/install/slam_toolbox/include/slam_toolbox/slam_toolbox/msg/rosidl_typesupport_fastrtps_cpp__visibility_control.h
[4.621s] -- Up-to-date symlink: /home/robot/robot_ws/install/slam_toolbox/include/slam_toolbox/slam_toolbox/srv/detail/add_submap__rosidl_typesupport_fastrtps_cpp.hpp
[4.621s] -- Up-to-date symlink: /home/robot/robot_ws/install/slam_toolbox/include/slam_toolbox/slam_toolbox/srv/detail/clear__rosidl_typesupport_fastrtps_cpp.hpp
[4.621s] -- Up-to-date symlink: /home/robot/robot_ws/install/slam_toolbox/include/slam_toolbox/slam_toolbox/srv/detail/clear_queue__rosidl_typesupport_fastrtps_cpp.hpp
[4.622s] -- Up-to-date symlink: /home/robot/robot_ws/install/slam_toolbox/include/slam_toolbox/slam_toolbox/srv/detail/deserialize_pose_graph__rosidl_typesupport_fastrtps_cpp.hpp
[4.622s] -- Up-to-date symlink: /home/robot/robot_ws/install/slam_toolbox/include/slam_toolbox/slam_toolbox/srv/detail/loop_closure__rosidl_typesupport_fastrtps_cpp.hpp
[4.622s] -- Up-to-date symlink: /home/robot/robot_ws/install/slam_toolbox/include/slam_toolbox/slam_toolbox/srv/detail/merge_maps__rosidl_typesupport_fastrtps_cpp.hpp
[4.622s] -- Up-to-date symlink: /home/robot/robot_ws/install/slam_toolbox/include/slam_toolbox/slam_toolbox/srv/detail/pause__rosidl_typesupport_fastrtps_cpp.hpp
[4.622s] -- Up-to-date symlink: /home/robot/robot_ws/install/slam_toolbox/include/slam_toolbox/slam_toolbox/srv/detail/save_map__rosidl_typesupport_fastrtps_cpp.hpp
[4.622s] -- Up-to-date symlink: /home/robot/robot_ws/install/slam_toolbox/include/slam_toolbox/slam_toolbox/srv/detail/serialize_pose_graph__rosidl_typesupport_fastrtps_cpp.hpp
[4.622s] -- Up-to-date symlink: /home/robot/robot_ws/install/slam_toolbox/include/slam_toolbox/slam_toolbox/srv/detail/toggle_interactive__rosidl_typesupport_fastrtps_cpp.hpp
[4.622s] -- Up-to-date symlink: /home/robot/robot_ws/install/slam_toolbox/include/slam_toolbox/slam_toolbox/msg/rosidl_typesupport_introspection_c__visibility_control.h
[4.622s] -- Up-to-date symlink: /home/robot/robot_ws/install/slam_toolbox/include/slam_toolbox/slam_toolbox/srv/detail/add_submap__rosidl_typesupport_introspection_c.h
[4.624s] -- Up-to-date symlink: /home/robot/robot_ws/install/slam_toolbox/include/slam_toolbox/slam_toolbox/srv/detail/clear__rosidl_typesupport_introspection_c.h
[4.624s] -- Up-to-date symlink: /home/robot/robot_ws/install/slam_toolbox/include/slam_toolbox/slam_toolbox/srv/detail/clear_queue__rosidl_typesupport_introspection_c.h
[4.625s] -- Up-to-date symlink: /home/robot/robot_ws/install/slam_toolbox/include/slam_toolbox/slam_toolbox/srv/detail/deserialize_pose_graph__rosidl_typesupport_introspection_c.h
[4.627s] -- Up-to-date symlink: /home/robot/robot_ws/install/slam_toolbox/include/slam_toolbox/slam_toolbox/srv/detail/loop_closure__rosidl_typesupport_introspection_c.h
[4.628s] -- Up-to-date symlink: /home/robot/robot_ws/install/slam_toolbox/include/slam_toolbox/slam_toolbox/srv/detail/merge_maps__rosidl_typesupport_introspection_c.h
[4.628s] -- Up-to-date symlink: /home/robot/robot_ws/install/slam_toolbox/include/slam_toolbox/slam_toolbox/srv/detail/pause__rosidl_typesupport_introspection_c.h
[4.628s] -- Up-to-date symlink: /home/robot/robot_ws/install/slam_toolbox/include/slam_toolbox/slam_toolbox/srv/detail/save_map__rosidl_typesupport_introspection_c.h
[4.628s] -- Up-to-date symlink: /home/robot/robot_ws/install/slam_toolbox/include/slam_toolbox/slam_toolbox/srv/detail/serialize_pose_graph__rosidl_typesupport_introspection_c.h
[4.628s] -- Up-to-date symlink: /home/robot/robot_ws/install/slam_toolbox/include/slam_toolbox/slam_toolbox/srv/detail/toggle_interactive__rosidl_typesupport_introspection_c.h
[4.628s] -- Up-to-date symlink: /home/robot/robot_ws/install/slam_toolbox/include/slam_toolbox/slam_toolbox/srv/detail/add_submap__rosidl_typesupport_introspection_cpp.hpp
[4.628s] -- Up-to-date symlink: /home/robot/robot_ws/install/slam_toolbox/include/slam_toolbox/slam_toolbox/srv/detail/clear__rosidl_typesupport_introspection_cpp.hpp
[4.628s] -- Up-to-date symlink: /home/robot/robot_ws/install/slam_toolbox/include/slam_toolbox/slam_toolbox/srv/detail/clear_queue__rosidl_typesupport_introspection_cpp.hpp
[4.629s] -- Up-to-date symlink: /home/robot/robot_ws/install/slam_toolbox/include/slam_toolbox/slam_toolbox/srv/detail/deserialize_pose_graph__rosidl_typesupport_introspection_cpp.hpp
[4.629s] -- Up-to-date symlink: /home/robot/robot_ws/install/slam_toolbox/include/slam_toolbox/slam_toolbox/srv/detail/loop_closure__rosidl_typesupport_introspection_cpp.hpp
[4.629s] -- Up-to-date symlink: /home/robot/robot_ws/install/slam_toolbox/include/slam_toolbox/slam_toolbox/srv/detail/merge_maps__rosidl_typesupport_introspection_cpp.hpp
[4.629s] -- Up-to-date symlink: /home/robot/robot_ws/install/slam_toolbox/include/slam_toolbox/slam_toolbox/srv/detail/pause__rosidl_typesupport_introspection_cpp.hpp
[4.629s] -- Up-to-date symlink: /home/robot/robot_ws/install/slam_toolbox/include/slam_toolbox/slam_toolbox/srv/detail/save_map__rosidl_typesupport_introspection_cpp.hpp
[4.629s] -- Up-to-date symlink: /home/robot/robot_ws/install/slam_toolbox/include/slam_toolbox/slam_toolbox/srv/detail/serialize_pose_graph__rosidl_typesupport_introspection_cpp.hpp
[4.629s] -- Up-to-date symlink: /home/robot/robot_ws/install/slam_toolbox/include/slam_toolbox/slam_toolbox/srv/detail/toggle_interactive__rosidl_typesupport_introspection_cpp.hpp
[4.630s] -- Up-to-date symlink: /home/robot/robot_ws/install/slam_toolbox/share/slam_toolbox/environment/pythonpath.sh
[4.630s] -- Up-to-date symlink: /home/robot/robot_ws/install/slam_toolbox/share/slam_toolbox/environment/pythonpath.dsv
[4.630s] -- Up-to-date symlink: /home/robot/robot_ws/install/slam_toolbox/local/lib/python3.10/dist-packages/slam_toolbox-2.7.0-py3.10.egg-info/PKG-INFO
[4.633s] -- Up-to-date symlink: /home/robot/robot_ws/install/slam_toolbox/local/lib/python3.10/dist-packages/slam_toolbox-2.7.0-py3.10.egg-info/SOURCES.txt
[4.633s] -- Up-to-date symlink: /home/robot/robot_ws/install/slam_toolbox/local/lib/python3.10/dist-packages/slam_toolbox-2.7.0-py3.10.egg-info/dependency_links.txt
[4.633s] -- Up-to-date symlink: /home/robot/robot_ws/install/slam_toolbox/local/lib/python3.10/dist-packages/slam_toolbox-2.7.0-py3.10.egg-info/top_level.txt
[4.633s] -- Up-to-date symlink: /home/robot/robot_ws/install/slam_toolbox/local/lib/python3.10/dist-packages/slam_toolbox/__init__.py
[4.633s] -- Up-to-date symlink: /home/robot/robot_ws/install/slam_toolbox/local/lib/python3.10/dist-packages/slam_toolbox/_slam_toolbox_s.ep.rosidl_typesupport_c.c
[4.633s] -- Up-to-date symlink: /home/robot/robot_ws/install/slam_toolbox/local/lib/python3.10/dist-packages/slam_toolbox/_slam_toolbox_s.ep.rosidl_typesupport_fastrtps_c.c
[4.634s] -- Up-to-date symlink: /home/robot/robot_ws/install/slam_toolbox/local/lib/python3.10/dist-packages/slam_toolbox/_slam_toolbox_s.ep.rosidl_typesupport_introspection_c.c
[4.634s] -- Up-to-date symlink: /home/robot/robot_ws/install/slam_toolbox/local/lib/python3.10/dist-packages/slam_toolbox/libslam_toolbox__rosidl_generator_py.so
[4.634s] -- Up-to-date symlink: /home/robot/robot_ws/install/slam_toolbox/local/lib/python3.10/dist-packages/slam_toolbox/slam_toolbox_s__rosidl_typesupport_c.cpython-310-x86_64-linux-gnu.so
[4.634s] -- Up-to-date symlink: /home/robot/robot_ws/install/slam_toolbox/local/lib/python3.10/dist-packages/slam_toolbox/slam_toolbox_s__rosidl_typesupport_fastrtps_c.cpython-310-x86_64-linux-gnu.so
[4.634s] -- Up-to-date symlink: /home/robot/robot_ws/install/slam_toolbox/local/lib/python3.10/dist-packages/slam_toolbox/slam_toolbox_s__rosidl_typesupport_introspection_c.cpython-310-x86_64-linux-gnu.so
[4.634s] -- Up-to-date symlink: /home/robot/robot_ws/install/slam_toolbox/local/lib/python3.10/dist-packages/slam_toolbox/srv/__init__.py
[4.634s] -- Up-to-date symlink: /home/robot/robot_ws/install/slam_toolbox/local/lib/python3.10/dist-packages/slam_toolbox/srv/_add_submap.py
[4.634s] -- Up-to-date symlink: /home/robot/robot_ws/install/slam_toolbox/local/lib/python3.10/dist-packages/slam_toolbox/srv/_add_submap_s.c
[4.634s] -- Up-to-date symlink: /home/robot/robot_ws/install/slam_toolbox/local/lib/python3.10/dist-packages/slam_toolbox/srv/_clear.py
[4.635s] -- Up-to-date symlink: /home/robot/robot_ws/install/slam_toolbox/local/lib/python3.10/dist-packages/slam_toolbox/srv/_clear_queue.py
[4.635s] -- Up-to-date symlink: /home/robot/robot_ws/install/slam_toolbox/local/lib/python3.10/dist-packages/slam_toolbox/srv/_clear_queue_s.c
[4.635s] -- Up-to-date symlink: /home/robot/robot_ws/install/slam_toolbox/local/lib/python3.10/dist-packages/slam_toolbox/srv/_clear_s.c
[4.635s] -- Up-to-date symlink: /home/robot/robot_ws/install/slam_toolbox/local/lib/python3.10/dist-packages/slam_toolbox/srv/_deserialize_pose_graph.py
[4.635s] -- Up-to-date symlink: /home/robot/robot_ws/install/slam_toolbox/local/lib/python3.10/dist-packages/slam_toolbox/srv/_deserialize_pose_graph_s.c
[4.635s] -- Up-to-date symlink: /home/robot/robot_ws/install/slam_toolbox/local/lib/python3.10/dist-packages/slam_toolbox/srv/_loop_closure.py
[4.635s] -- Up-to-date symlink: /home/robot/robot_ws/install/slam_toolbox/local/lib/python3.10/dist-packages/slam_toolbox/srv/_loop_closure_s.c
[4.635s] -- Up-to-date symlink: /home/robot/robot_ws/install/slam_toolbox/local/lib/python3.10/dist-packages/slam_toolbox/srv/_merge_maps.py
[4.635s] -- Up-to-date symlink: /home/robot/robot_ws/install/slam_toolbox/local/lib/python3.10/dist-packages/slam_toolbox/srv/_merge_maps_s.c
[4.635s] -- Up-to-date symlink: /home/robot/robot_ws/install/slam_toolbox/local/lib/python3.10/dist-packages/slam_toolbox/srv/_pause.py
[4.635s] -- Up-to-date symlink: /home/robot/robot_ws/install/slam_toolbox/local/lib/python3.10/dist-packages/slam_toolbox/srv/_pause_s.c
[4.636s] -- Up-to-date symlink: /home/robot/robot_ws/install/slam_toolbox/local/lib/python3.10/dist-packages/slam_toolbox/srv/_save_map.py
[4.636s] -- Up-to-date symlink: /home/robot/robot_ws/install/slam_toolbox/local/lib/python3.10/dist-packages/slam_toolbox/srv/_save_map_s.c
[4.636s] -- Up-to-date symlink: /home/robot/robot_ws/install/slam_toolbox/local/lib/python3.10/dist-packages/slam_toolbox/srv/_serialize_pose_graph.py
[4.641s] -- Up-to-date symlink: /home/robot/robot_ws/install/slam_toolbox/local/lib/python3.10/dist-packages/slam_toolbox/srv/_serialize_pose_graph_s.c
[4.642s] -- Up-to-date symlink: /home/robot/robot_ws/install/slam_toolbox/local/lib/python3.10/dist-packages/slam_toolbox/srv/_toggle_interactive.py
[4.642s] -- Up-to-date symlink: /home/robot/robot_ws/install/slam_toolbox/local/lib/python3.10/dist-packages/slam_toolbox/srv/_toggle_interactive_s.c
[4.642s] -- Up-to-date symlink: /home/robot/robot_ws/install/slam_toolbox/local/lib/python3.10/dist-packages/slam_toolbox/slam_toolbox_s__rosidl_typesupport_fastrtps_c.cpython-310-x86_64-linux-gnu.so
[4.642s] -- Up-to-date symlink: /home/robot/robot_ws/install/slam_toolbox/local/lib/python3.10/dist-packages/slam_toolbox/slam_toolbox_s__rosidl_typesupport_introspection_c.cpython-310-x86_64-linux-gnu.so
[4.642s] -- Up-to-date symlink: /home/robot/robot_ws/install/slam_toolbox/local/lib/python3.10/dist-packages/slam_toolbox/slam_toolbox_s__rosidl_typesupport_c.cpython-310-x86_64-linux-gnu.so
[4.642s] -- Up-to-date symlink: /home/robot/robot_ws/install/slam_toolbox/share/slam_toolbox/srv/Pause.idl
[4.643s] -- Up-to-date symlink: /home/robot/robot_ws/install/slam_toolbox/share/slam_toolbox/srv/ClearQueue.idl
[4.643s] -- Up-to-date symlink: /home/robot/robot_ws/install/slam_toolbox/share/slam_toolbox/srv/ToggleInteractive.idl
[4.643s] -- Up-to-date symlink: /home/robot/robot_ws/install/slam_toolbox/share/slam_toolbox/srv/Clear.idl
[4.644s] -- Up-to-date symlink: /home/robot/robot_ws/install/slam_toolbox/share/slam_toolbox/srv/SaveMap.idl
[4.644s] -- Up-to-date symlink: /home/robot/robot_ws/install/slam_toolbox/share/slam_toolbox/srv/LoopClosure.idl
[4.644s] -- Up-to-date symlink: /home/robot/robot_ws/install/slam_toolbox/share/slam_toolbox/srv/MergeMaps.idl
[4.645s] -- Up-to-date symlink: /home/robot/robot_ws/install/slam_toolbox/share/slam_toolbox/srv/AddSubmap.idl
[4.645s] -- Up-to-date symlink: /home/robot/robot_ws/install/slam_toolbox/share/slam_toolbox/srv/DeserializePoseGraph.idl
[4.645s] -- Up-to-date symlink: /home/robot/robot_ws/install/slam_toolbox/share/slam_toolbox/srv/SerializePoseGraph.idl
[4.645s] -- Up-to-date symlink: /home/robot/robot_ws/install/slam_toolbox/share/slam_toolbox/srvs/Pause.srv
[4.646s] -- Up-to-date symlink: /home/robot/robot_ws/install/slam_toolbox/share/slam_toolbox/srvs/Pause_Request.msg
[4.646s] -- Up-to-date symlink: /home/robot/robot_ws/install/slam_toolbox/share/slam_toolbox/srvs/Pause_Response.msg
[4.649s] -- Up-to-date symlink: /home/robot/robot_ws/install/slam_toolbox/share/slam_toolbox/srvs/ClearQueue.srv
[4.649s] -- Up-to-date symlink: /home/robot/robot_ws/install/slam_toolbox/share/slam_toolbox/srvs/ClearQueue_Request.msg
[4.649s] -- Up-to-date symlink: /home/robot/robot_ws/install/slam_toolbox/share/slam_toolbox/srvs/ClearQueue_Response.msg
[4.649s] -- Up-to-date symlink: /home/robot/robot_ws/install/slam_toolbox/share/slam_toolbox/srvs/ToggleInteractive.srv
[4.649s] -- Up-to-date symlink: /home/robot/robot_ws/install/slam_toolbox/share/slam_toolbox/srvs/ToggleInteractive_Request.msg
[4.649s] -- Up-to-date symlink: /home/robot/robot_ws/install/slam_toolbox/share/slam_toolbox/srvs/ToggleInteractive_Response.msg
[4.649s] -- Up-to-date symlink: /home/robot/robot_ws/install/slam_toolbox/share/slam_toolbox/srvs/Clear.srv
[4.650s] -- Up-to-date symlink: /home/robot/robot_ws/install/slam_toolbox/share/slam_toolbox/srvs/Clear_Request.msg
[4.650s] -- Up-to-date symlink: /home/robot/robot_ws/install/slam_toolbox/share/slam_toolbox/srvs/Clear_Response.msg
[4.650s] -- Up-to-date symlink: /home/robot/robot_ws/install/slam_toolbox/share/slam_toolbox/srvs/SaveMap.srv
[4.650s] -- Up-to-date symlink: /home/robot/robot_ws/install/slam_toolbox/share/slam_toolbox/srvs/SaveMap_Request.msg
[4.650s] -- Up-to-date symlink: /home/robot/robot_ws/install/slam_toolbox/share/slam_toolbox/srvs/SaveMap_Response.msg
[4.650s] -- Up-to-date symlink: /home/robot/robot_ws/install/slam_toolbox/share/slam_toolbox/srvs/LoopClosure.srv
[4.650s] -- Up-to-date symlink: /home/robot/robot_ws/install/slam_toolbox/share/slam_toolbox/srvs/LoopClosure_Request.msg
[4.650s] -- Up-to-date symlink: /home/robot/robot_ws/install/slam_toolbox/share/slam_toolbox/srvs/LoopClosure_Response.msg
[4.650s] -- Up-to-date symlink: /home/robot/robot_ws/install/slam_toolbox/share/slam_toolbox/srvs/MergeMaps.srv
[4.651s] -- Up-to-date symlink: /home/robot/robot_ws/install/slam_toolbox/share/slam_toolbox/srvs/MergeMaps_Request.msg
[4.651s] -- Up-to-date symlink: /home/robot/robot_ws/install/slam_toolbox/share/slam_toolbox/srvs/MergeMaps_Response.msg
[4.651s] -- Up-to-date symlink: /home/robot/robot_ws/install/slam_toolbox/share/slam_toolbox/srvs/AddSubmap.srv
[4.651s] -- Up-to-date symlink: /home/robot/robot_ws/install/slam_toolbox/share/slam_toolbox/srvs/AddSubmap_Request.msg
[4.651s] -- Up-to-date symlink: /home/robot/robot_ws/install/slam_toolbox/share/slam_toolbox/srvs/AddSubmap_Response.msg
[4.651s] -- Up-to-date symlink: /home/robot/robot_ws/install/slam_toolbox/share/slam_toolbox/srvs/DeserializePoseGraph.srv
[4.652s] -- Up-to-date symlink: /home/robot/robot_ws/install/slam_toolbox/share/slam_toolbox/srvs/DeserializePoseGraph_Request.msg
[4.652s] -- Up-to-date symlink: /home/robot/robot_ws/install/slam_toolbox/share/slam_toolbox/srvs/DeserializePoseGraph_Response.msg
[4.652s] -- Up-to-date symlink: /home/robot/robot_ws/install/slam_toolbox/share/slam_toolbox/srvs/SerializePoseGraph.srv
[4.652s] -- Up-to-date symlink: /home/robot/robot_ws/install/slam_toolbox/share/slam_toolbox/srvs/SerializePoseGraph_Request.msg
[4.652s] -- Up-to-date symlink: /home/robot/robot_ws/install/slam_toolbox/share/slam_toolbox/srvs/SerializePoseGraph_Response.msg
[4.652s] -- Up-to-date symlink: /home/robot/robot_ws/install/slam_toolbox/share/slam_toolbox//rviz_plugins.xml
[4.652s] -- Up-to-date symlink: /home/robot/robot_ws/install/slam_toolbox/share/slam_toolbox//solver_plugins.xml
[4.652s] -- Up-to-date symlink: /home/robot/robot_ws/install/slam_toolbox/lib/slam_toolbox/async_slam_toolbox_node
[4.652s] -- Up-to-date symlink: /home/robot/robot_ws/install/slam_toolbox/lib/slam_toolbox/sync_slam_toolbox_node
[4.653s] -- Up-to-date symlink: /home/robot/robot_ws/install/slam_toolbox/lib/slam_toolbox/localization_slam_toolbox_node
[4.654s] -- Up-to-date symlink: /home/robot/robot_ws/install/slam_toolbox/lib/slam_toolbox/map_and_localization_slam_toolbox_node
[4.654s] -- Up-to-date symlink: /home/robot/robot_ws/install/slam_toolbox/lib/slam_toolbox/lifelong_slam_toolbox_node
[4.655s] -- Up-to-date symlink: /home/robot/robot_ws/install/slam_toolbox/lib/slam_toolbox/merge_maps_kinematic
[4.655s] -- Up-to-date symlink: /home/robot/robot_ws/install/slam_toolbox/lib/libtoolbox_common.so
[4.655s] -- Up-to-date symlink: /home/robot/robot_ws/install/slam_toolbox/lib/libSlamToolboxPlugin.so
[4.655s] -- Up-to-date symlink: /home/robot/robot_ws/install/slam_toolbox/lib/libceres_solver_plugin.so
[4.655s] -- Up-to-date symlink: /home/robot/robot_ws/install/slam_toolbox/lib/libasync_slam_toolbox.so
[4.657s] -- Up-to-date symlink: /home/robot/robot_ws/install/slam_toolbox/lib/libsync_slam_toolbox.so
[4.657s] -- Up-to-date symlink: /home/robot/robot_ws/install/slam_toolbox/lib/liblocalization_slam_toolbox.so
[4.658s] -- Up-to-date symlink: /home/robot/robot_ws/install/slam_toolbox/lib/liblifelong_slam_toolbox.so
[4.658s] -- Up-to-date symlink: /home/robot/robot_ws/install/slam_toolbox/lib/libmap_and_localization_slam_toolbox.so
[4.658s] -- Up-to-date symlink: /home/robot/robot_ws/install/slam_toolbox/lib/libkartoSlamToolbox.so
[4.658s] -- Up-to-date symlink: /home/robot/robot_ws/install/slam_toolbox/include/slam_toolbox/experimental/slam_toolbox_lifelong.hpp
[4.658s] -- Up-to-date symlink: /home/robot/robot_ws/install/slam_toolbox/include/slam_toolbox/experimental/slam_toolbox_map_and_localization.hpp
[4.658s] -- Up-to-date symlink: /home/robot/robot_ws/install/slam_toolbox/include/slam_toolbox/get_pose_helper.hpp
[4.658s] -- Up-to-date symlink: /home/robot/robot_ws/install/slam_toolbox/include/slam_toolbox/laser_utils.hpp
[4.658s] -- Up-to-date symlink: /home/robot/robot_ws/install/slam_toolbox/include/slam_toolbox/loop_closure_assistant.hpp
[4.658s] -- Up-to-date symlink: /home/robot/robot_ws/install/slam_toolbox/include/slam_toolbox/map_saver.hpp
[4.658s] -- Up-to-date symlink: /home/robot/robot_ws/install/slam_toolbox/include/slam_toolbox/merge_maps_kinematic.hpp
[4.658s] -- Up-to-date symlink: /home/robot/robot_ws/install/slam_toolbox/include/slam_toolbox/serialization.hpp
[4.658s] -- Up-to-date symlink: /home/robot/robot_ws/install/slam_toolbox/include/slam_toolbox/slam_mapper.hpp
[4.659s] -- Up-to-date symlink: /home/robot/robot_ws/install/slam_toolbox/include/slam_toolbox/slam_toolbox_async.hpp
[4.659s] -- Up-to-date symlink: /home/robot/robot_ws/install/slam_toolbox/include/slam_toolbox/slam_toolbox_common.hpp
[4.659s] -- Up-to-date symlink: /home/robot/robot_ws/install/slam_toolbox/include/slam_toolbox/slam_toolbox_localization.hpp
[4.660s] -- Up-to-date symlink: /home/robot/robot_ws/install/slam_toolbox/include/slam_toolbox/slam_toolbox_sync.hpp
[4.660s] -- Up-to-date symlink: /home/robot/robot_ws/install/slam_toolbox/include/slam_toolbox/snap_utils.hpp
[4.660s] -- Up-to-date symlink: /home/robot/robot_ws/install/slam_toolbox/include/slam_toolbox/toolbox_msgs.hpp
[4.660s] -- Up-to-date symlink: /home/robot/robot_ws/install/slam_toolbox/include/slam_toolbox/toolbox_types.hpp
[4.660s] -- Up-to-date symlink: /home/robot/robot_ws/install/slam_toolbox/include/slam_toolbox/visualization_utils.hpp
[4.660s] -- Up-to-date symlink: /home/robot/robot_ws/install/slam_toolbox/share/slam_toolbox/launch/localization_launch.py
[4.660s] -- Up-to-date symlink: /home/robot/robot_ws/install/slam_toolbox/share/slam_toolbox/launch/merge_maps_kinematic_launch.py
[4.660s] -- Up-to-date symlink: /home/robot/robot_ws/install/slam_toolbox/share/slam_toolbox/launch/offline_launch.py
[4.660s] -- Up-to-date symlink: /home/robot/robot_ws/install/slam_toolbox/share/slam_toolbox/launch/online_async_launch.py
[4.662s] -- Up-to-date symlink: /home/robot/robot_ws/install/slam_toolbox/share/slam_toolbox/launch/online_sync_launch.py
[4.662s] -- Up-to-date symlink: /home/robot/robot_ws/install/slam_toolbox/share/slam_toolbox/config/mapper_params_lifelong.yaml
[4.662s] -- Up-to-date symlink: /home/robot/robot_ws/install/slam_toolbox/share/slam_toolbox/config/mapper_params_localization.yaml
[4.663s] -- Up-to-date symlink: /home/robot/robot_ws/install/slam_toolbox/share/slam_toolbox/config/mapper_params_offline.yaml
[4.663s] -- Up-to-date symlink: /home/robot/robot_ws/install/slam_toolbox/share/slam_toolbox/config/mapper_params_online_async.yaml
[4.663s] -- Up-to-date symlink: /home/robot/robot_ws/install/slam_toolbox/share/slam_toolbox/config/mapper_params_online_sync.yaml
[4.664s] -- Up-to-date symlink: /home/robot/robot_ws/install/slam_toolbox/share/slam_toolbox/config/slam_toolbox_default.rviz
[4.664s] -- Up-to-date symlink: /home/robot/robot_ws/install/slam_toolbox/share/solver_plugins.xml
[4.664s] -- Up-to-date symlink: /home/robot/robot_ws/install/slam_toolbox/share/rviz_plugins.xml
[4.664s] -- Up-to-date symlink: /home/robot/robot_ws/install/slam_toolbox/share/ament_index/resource_index/package_run_dependencies/slam_toolbox
[4.664s] -- Up-to-date symlink: /home/robot/robot_ws/install/slam_toolbox/share/ament_index/resource_index/parent_prefix_path/slam_toolbox
[4.664s] -- Up-to-date symlink: /home/robot/robot_ws/install/slam_toolbox/share/slam_toolbox/environment/ament_prefix_path.sh
[4.664s] -- Up-to-date symlink: /home/robot/robot_ws/install/slam_toolbox/share/slam_toolbox/environment/ament_prefix_path.dsv
[4.664s] -- Up-to-date symlink: /home/robot/robot_ws/install/slam_toolbox/share/slam_toolbox/environment/path.sh
[4.664s] -- Up-to-date symlink: /home/robot/robot_ws/install/slam_toolbox/share/slam_toolbox/environment/path.dsv
[4.664s] -- Up-to-date symlink: /home/robot/robot_ws/install/slam_toolbox/share/slam_toolbox/local_setup.bash
[4.665s] -- Up-to-date symlink: /home/robot/robot_ws/install/slam_toolbox/share/slam_toolbox/local_setup.sh
[4.665s] -- Up-to-date symlink: /home/robot/robot_ws/install/slam_toolbox/share/slam_toolbox/local_setup.zsh
[4.665s] -- Up-to-date symlink: /home/robot/robot_ws/install/slam_toolbox/share/slam_toolbox/local_setup.dsv
[4.665s] -- Symlinking: /home/robot/robot_ws/install/slam_toolbox/share/slam_toolbox/package.dsv
[4.692s] -- Up-to-date symlink: /home/robot/robot_ws/install/slam_toolbox/share/ament_index/resource_index/packages/slam_toolbox
[4.692s] -- Up-to-date symlink: /home/robot/robot_ws/install/slam_toolbox/share/ament_index/resource_index/rviz_common__pluginlib__plugin/slam_toolbox
[4.692s] -- Up-to-date symlink: /home/robot/robot_ws/install/slam_toolbox/share/ament_index/resource_index/slam_toolbox__pluginlib__plugin/slam_toolbox
[4.694s] -- Up-to-date symlink: /home/robot/robot_ws/install/slam_toolbox/share/ament_index/resource_index/rclcpp_components/slam_toolbox
[4.694s] -- Up-to-date symlink: /home/robot/robot_ws/install/slam_toolbox/share/slam_toolbox/cmake/rosidl_cmake-extras.cmake
[4.694s] -- Up-to-date symlink: /home/robot/robot_ws/install/slam_toolbox/share/slam_toolbox/cmake/ament_cmake_export_dependencies-extras.cmake
[4.694s] -- Up-to-date symlink: /home/robot/robot_ws/install/slam_toolbox/share/slam_toolbox/cmake/ament_cmake_export_include_directories-extras.cmake
[4.694s] -- Up-to-date symlink: /home/robot/robot_ws/install/slam_toolbox/share/slam_toolbox/cmake/ament_cmake_export_libraries-extras.cmake
[4.694s] -- Up-to-date symlink: /home/robot/robot_ws/install/slam_toolbox/share/slam_toolbox/cmake/ament_cmake_export_targets-extras.cmake
[4.695s] -- Up-to-date symlink: /home/robot/robot_ws/install/slam_toolbox/share/slam_toolbox/cmake/rosidl_cmake_export_typesupport_targets-extras.cmake
[4.695s] -- Up-to-date symlink: /home/robot/robot_ws/install/slam_toolbox/share/slam_toolbox/cmake/rosidl_cmake_export_typesupport_libraries-extras.cmake
[4.695s] -- Up-to-date symlink: /home/robot/robot_ws/install/slam_toolbox/share/slam_toolbox/cmake/slam_toolboxConfig.cmake
[4.695s] -- Up-to-date symlink: /home/robot/robot_ws/install/slam_toolbox/share/slam_toolbox/cmake/slam_toolboxConfig-version.cmake
[4.695s] -- Up-to-date symlink: /home/robot/robot_ws/install/slam_toolbox/share/slam_toolbox/package.xml
[4.695s] -- Up-to-date: /home/robot/robot_ws/install/slam_toolbox/lib/libslam_toolbox__rosidl_generator_c.so
[4.695s] -- Up-to-date: /home/robot/robot_ws/install/slam_toolbox/lib/libslam_toolbox__rosidl_typesupport_fastrtps_c.so
[4.695s] -- Up-to-date: /home/robot/robot_ws/install/slam_toolbox/lib/libslam_toolbox__rosidl_typesupport_fastrtps_cpp.so
[4.695s] -- Up-to-date: /home/robot/robot_ws/install/slam_toolbox/lib/libslam_toolbox__rosidl_typesupport_introspection_c.so
[4.696s] -- Up-to-date: /home/robot/robot_ws/install/slam_toolbox/lib/libslam_toolbox__rosidl_typesupport_c.so
[4.696s] -- Up-to-date: /home/robot/robot_ws/install/slam_toolbox/lib/libslam_toolbox__rosidl_typesupport_introspection_cpp.so
[4.696s] -- Up-to-date: /home/robot/robot_ws/install/slam_toolbox/lib/libslam_toolbox__rosidl_typesupport_cpp.so
[4.798s] Listing '/home/robot/robot_ws/install/slam_toolbox/local/lib/python3.10/dist-packages/slam_toolbox'...
[4.798s] Listing '/home/robot/robot_ws/install/slam_toolbox/local/lib/python3.10/dist-packages/slam_toolbox/srv'...
[4.817s] -- Up-to-date: /home/robot/robot_ws/install/slam_toolbox/lib/libslam_toolbox__rosidl_generator_py.so
[4.817s] -- Up-to-date: /home/robot/robot_ws/install/slam_toolbox/share/slam_toolbox/cmake/export_slam_toolbox__rosidl_generator_cExport.cmake
[4.817s] -- Up-to-date: /home/robot/robot_ws/install/slam_toolbox/share/slam_toolbox/cmake/export_slam_toolbox__rosidl_generator_cExport-release.cmake
[4.817s] -- Up-to-date: /home/robot/robot_ws/install/slam_toolbox/share/slam_toolbox/cmake/export_slam_toolbox__rosidl_typesupport_fastrtps_cExport.cmake
[4.817s] -- Up-to-date: /home/robot/robot_ws/install/slam_toolbox/share/slam_toolbox/cmake/export_slam_toolbox__rosidl_typesupport_fastrtps_cExport-release.cmake
[4.817s] -- Up-to-date: /home/robot/robot_ws/install/slam_toolbox/share/slam_toolbox/cmake/export_slam_toolbox__rosidl_generator_cppExport.cmake
[4.818s] -- Up-to-date: /home/robot/robot_ws/install/slam_toolbox/share/slam_toolbox/cmake/export_slam_toolbox__rosidl_typesupport_fastrtps_cppExport.cmake
[4.818s] -- Up-to-date: /home/robot/robot_ws/install/slam_toolbox/share/slam_toolbox/cmake/export_slam_toolbox__rosidl_typesupport_fastrtps_cppExport-release.cmake
[4.818s] -- Up-to-date: /home/robot/robot_ws/install/slam_toolbox/share/slam_toolbox/cmake/slam_toolbox__rosidl_typesupport_introspection_cExport.cmake
[4.818s] -- Up-to-date: /home/robot/robot_ws/install/slam_toolbox/share/slam_toolbox/cmake/slam_toolbox__rosidl_typesupport_introspection_cExport-release.cmake
[4.818s] -- Up-to-date: /home/robot/robot_ws/install/slam_toolbox/share/slam_toolbox/cmake/slam_toolbox__rosidl_typesupport_cExport.cmake
[4.818s] -- Up-to-date: /home/robot/robot_ws/install/slam_toolbox/share/slam_toolbox/cmake/slam_toolbox__rosidl_typesupport_cExport-release.cmake
[4.818s] -- Up-to-date: /home/robot/robot_ws/install/slam_toolbox/share/slam_toolbox/cmake/slam_toolbox__rosidl_typesupport_introspection_cppExport.cmake
[4.818s] -- Up-to-date: /home/robot/robot_ws/install/slam_toolbox/share/slam_toolbox/cmake/slam_toolbox__rosidl_typesupport_introspection_cppExport-release.cmake
[4.818s] -- Up-to-date: /home/robot/robot_ws/install/slam_toolbox/share/slam_toolbox/cmake/slam_toolbox__rosidl_typesupport_cppExport.cmake
[4.818s] -- Up-to-date: /home/robot/robot_ws/install/slam_toolbox/share/slam_toolbox/cmake/slam_toolbox__rosidl_typesupport_cppExport-release.cmake
[4.818s] -- Up-to-date: /home/robot/robot_ws/install/slam_toolbox/share/slam_toolbox/cmake/export_slam_toolbox__rosidl_generator_pyExport.cmake
[4.819s] -- Up-to-date: /home/robot/robot_ws/install/slam_toolbox/share/slam_toolbox/cmake/export_slam_toolbox__rosidl_generator_pyExport-release.cmake
[4.819s] -- Up-to-date: /home/robot/robot_ws/install/slam_toolbox/share/slam_toolbox/cmake/SlamToolboxPluginExport.cmake
[4.819s] -- Up-to-date: /home/robot/robot_ws/install/slam_toolbox/share/slam_toolbox/cmake/SlamToolboxPluginExport-release.cmake
[4.918s] Invoked command in '/home/robot/robot_ws/build/slam_toolbox' returned '0': CMAKE_PREFIX_PATH=${CMAKE_PREFIX_PATH}:/home/robot/robot_ws/install/urdf_tutorial:/home/robot/turtlebot3_ws/install/turtlebot3_teleop:/home/robot/turtlebot3_ws/install/turtlebot3_example:/opt/ros/humble /usr/bin/cmake --install /home/robot/robot_ws/build/slam_toolbox
