[  9%] Built target slam_toolbox__rosidl_generator_c
[  9%] Built target ament_cmake_python_copy_slam_toolbox
[ 10%] Built target slam_toolbox__cpp
[ 12%] Built target kartoSlamToolbox
[ 21%] Built target slam_toolbox__rosidl_typesupport_fastrtps_c
[ 29%] Built target slam_toolbox__rosidl_typesupport_c
[ 37%] Built target slam_toolbox__rosidl_typesupport_introspection_c
[ 45%] Built target slam_toolbox__rosidl_typesupport_introspection_cpp
[ 54%] Built target slam_toolbox__rosidl_typesupport_fastrtps_cpp
[ 62%] Built target slam_toolbox__rosidl_typesupport_cpp
[ 62%] Built target slam_toolbox
[ 64%] Built target ceres_solver_plugin
[ 66%] Built target SlamToolboxPlugin
[ 71%] Built target toolbox_common
[ 71%] Built target slam_toolbox__py
[ 72%] Built target localization_slam_toolbox
[ 74%] Built target async_slam_toolbox
[ 76%] Built target sync_slam_toolbox
[ 77%] Built target lifelong_slam_toolbox
[ 78%] Built target map_and_localization_slam_toolbox
[ 80%] Built target merge_maps_kinematic
running egg_info
writing slam_toolbox.egg-info/PKG-INFO
writing dependency_links to slam_toolbox.egg-info/dependency_links.txt
writing top-level names to slam_toolbox.egg-info/top_level.txt
reading manifest file 'slam_toolbox.egg-info/SOURCES.txt'
writing manifest file 'slam_toolbox.egg-info/SOURCES.txt'
[ 88%] Built target slam_toolbox__rosidl_generator_py
[ 89%] Built target async_slam_toolbox_node
[ 89%] Built target ament_cmake_python_build_slam_toolbox_egg
[ 90%] Built target sync_slam_toolbox_node
[ 92%] Built target localization_slam_toolbox_node
[ 94%] Built target lifelong_slam_toolbox_node
[ 95%] Built target map_and_localization_slam_toolbox_node
[ 96%] Built target slam_toolbox__rosidl_typesupport_fastrtps_c__pyext
[ 98%] Built target slam_toolbox__rosidl_typesupport_introspection_c__pyext
[100%] Built target slam_toolbox__rosidl_typesupport_c__pyext
