[0.152s] Invoking command in '/home/robot/robot_ws/build/slam_toolbox': CMAKE_PREFIX_PATH=${CMAKE_PREFIX_PATH}:/home/robot/robot_ws/install/urdf_tutorial:/home/robot/turtlebot3_ws/install/turtlebot3_teleop:/home/robot/turtlebot3_ws/install/turtlebot3_example:/opt/ros/humble /usr/bin/cmake --build /home/robot/robot_ws/build/slam_toolbox -- -j4 -l4
[0.328s] [  9%] Built target slam_toolbox__rosidl_generator_c
[0.341s] [  9%] Built target ament_cmake_python_copy_slam_toolbox
[0.344s] [ 10%] Built target slam_toolbox__cpp
[0.358s] [ 12%] Built target kartoSlamToolbox
[0.410s] [ 21%] Built target slam_toolbox__rosidl_typesupport_fastrtps_c
[0.420s] [ 29%] Built target slam_toolbox__rosidl_typesupport_c
[0.421s] [ 37%] Built target slam_toolbox__rosidl_typesupport_introspection_c
[0.433s] [ 45%] Built target slam_toolbox__rosidl_typesupport_introspection_cpp
[0.514s] [ 54%] Built target slam_toolbox__rosidl_typesupport_fastrtps_cpp
[0.523s] [ 62%] Built target slam_toolbox__rosidl_typesupport_cpp
[0.618s] [ 62%] Built target slam_toolbox
[0.720s] [ 64%] Built target ceres_solver_plugin
[0.772s] [ 66%] Built target SlamToolboxPlugin
[0.795s] [ 71%] Built target toolbox_common
[0.821s] [ 71%] Built target slam_toolbox__py
[0.992s] [ 72%] Built target localization_slam_toolbox
[1.049s] [ 74%] Built target async_slam_toolbox
[1.093s] [ 76%] Built target sync_slam_toolbox
[1.176s] [ 77%] Built target lifelong_slam_toolbox
[1.270s] [ 78%] Built target map_and_localization_slam_toolbox
[1.305s] [ 80%] Built target merge_maps_kinematic
[1.338s] running egg_info
[1.338s] writing slam_toolbox.egg-info/PKG-INFO
[1.338s] writing dependency_links to slam_toolbox.egg-info/dependency_links.txt
[1.338s] writing top-level names to slam_toolbox.egg-info/top_level.txt
[1.367s] reading manifest file 'slam_toolbox.egg-info/SOURCES.txt'
[1.368s] writing manifest file 'slam_toolbox.egg-info/SOURCES.txt'
[1.382s] [ 88%] Built target slam_toolbox__rosidl_generator_py
[1.458s] [ 89%] Built target async_slam_toolbox_node
[1.477s] [ 89%] Built target ament_cmake_python_build_slam_toolbox_egg
[1.505s] [ 90%] Built target sync_slam_toolbox_node
[1.567s] [ 92%] Built target localization_slam_toolbox_node
[1.659s] [ 94%] Built target lifelong_slam_toolbox_node
[1.676s] [ 95%] Built target map_and_localization_slam_toolbox_node
[1.678s] [ 96%] Built target slam_toolbox__rosidl_typesupport_fastrtps_c__pyext
[1.709s] [ 98%] Built target slam_toolbox__rosidl_typesupport_introspection_c__pyext
[1.771s] [100%] Built target slam_toolbox__rosidl_typesupport_c__pyext
[2.199s] Invoked command in '/home/robot/robot_ws/build/slam_toolbox' returned '0': CMAKE_PREFIX_PATH=${CMAKE_PREFIX_PATH}:/home/robot/robot_ws/install/urdf_tutorial:/home/robot/turtlebot3_ws/install/turtlebot3_teleop:/home/robot/turtlebot3_ws/install/turtlebot3_example:/opt/ros/humble /usr/bin/cmake --build /home/robot/robot_ws/build/slam_toolbox -- -j4 -l4
