[2.599s] Invoking command in '/home/robot/robot_ws/src/urdf_tutorial': PYTHONPATH=/home/robot/robot_ws/build/urdf_tutorial/prefix_override:/home/robot/robot_ws/install/urdf_tutorial/lib/python3.10/site-packages:${PYTHONPATH} /usr/bin/python3 setup.py egg_info --egg-base ../../build/urdf_tutorial build --build-base /home/robot/robot_ws/build/urdf_tutorial/build install --record /home/robot/robot_ws/build/urdf_tutorial/install.log --single-version-externally-managed
[3.319s] running egg_info
[3.320s] writing ../../build/urdf_tutorial/urdf_tutorial.egg-info/PKG-INFO
[3.320s] writing dependency_links to ../../build/urdf_tutorial/urdf_tutorial.egg-info/dependency_links.txt
[3.320s] writing entry points to ../../build/urdf_tutorial/urdf_tutorial.egg-info/entry_points.txt
[3.320s] writing requirements to ../../build/urdf_tutorial/urdf_tutorial.egg-info/requires.txt
[3.320s] writing top-level names to ../../build/urdf_tutorial/urdf_tutorial.egg-info/top_level.txt
[3.323s] reading manifest file '../../build/urdf_tutorial/urdf_tutorial.egg-info/SOURCES.txt'
[3.331s] writing manifest file '../../build/urdf_tutorial/urdf_tutorial.egg-info/SOURCES.txt'
[3.332s] running build
[3.332s] running build_py
[3.332s] running install
[3.332s] running install_lib
[3.333s] running install_data
[3.346s] running install_egg_info
[3.358s] removing '/home/robot/robot_ws/install/urdf_tutorial/lib/python3.10/site-packages/urdf_tutorial-0.0.0-py3.10.egg-info' (and everything under it)
[3.364s] Copying ../../build/urdf_tutorial/urdf_tutorial.egg-info to /home/robot/robot_ws/install/urdf_tutorial/lib/python3.10/site-packages/urdf_tutorial-0.0.0-py3.10.egg-info
[3.365s] running install_scripts
[3.442s] Installing fake_driver script to /home/robot/robot_ws/install/urdf_tutorial/lib/urdf_tutorial
[3.443s] writing list of installed files to '/home/robot/robot_ws/build/urdf_tutorial/install.log'
[3.498s] Invoked command in '/home/robot/robot_ws/src/urdf_tutorial' returned '0': PYTHONPATH=/home/robot/robot_ws/build/urdf_tutorial/prefix_override:/home/robot/robot_ws/install/urdf_tutorial/lib/python3.10/site-packages:${PYTHONPATH} /usr/bin/python3 setup.py egg_info --egg-base ../../build/urdf_tutorial build --build-base /home/robot/robot_ws/build/urdf_tutorial/build install --record /home/robot/robot_ws/build/urdf_tutorial/install.log --single-version-externally-managed
