running egg_info
writing ../../build/urdf_tutorial/urdf_tutorial.egg-info/PKG-INFO
writing dependency_links to ../../build/urdf_tutorial/urdf_tutorial.egg-info/dependency_links.txt
writing entry points to ../../build/urdf_tutorial/urdf_tutorial.egg-info/entry_points.txt
writing requirements to ../../build/urdf_tutorial/urdf_tutorial.egg-info/requires.txt
writing top-level names to ../../build/urdf_tutorial/urdf_tutorial.egg-info/top_level.txt
reading manifest file '../../build/urdf_tutorial/urdf_tutorial.egg-info/SOURCES.txt'
writing manifest file '../../build/urdf_tutorial/urdf_tutorial.egg-info/SOURCES.txt'
running build
running build_py
running install
/usr/lib/python3/dist-packages/setuptools/command/install.py:34: SetuptoolsDeprecationWarning: setup.py install is deprecated. Use build and pip and other standards-based tools.
  warnings.warn(
running install_lib
running install_data
copying launch/sim.launch.py -> /home/robot/robot_ws/install/urdf_tutorial/share/urdf_tutorial/launch
running install_egg_info
removing '/home/robot/robot_ws/install/urdf_tutorial/lib/python3.10/site-packages/urdf_tutorial-0.0.0-py3.10.egg-info' (and everything under it)
Copying ../../build/urdf_tutorial/urdf_tutorial.egg-info to /home/robot/robot_ws/install/urdf_tutorial/lib/python3.10/site-packages/urdf_tutorial-0.0.0-py3.10.egg-info
running install_scripts
writing list of installed files to '/home/robot/robot_ws/build/urdf_tutorial/install.log'
