[0.355s] Invoking command in '/home/robot/robot_ws/build/pointcloud_to_laserscan': CMAKE_PREFIX_PATH=${CMAKE_PREFIX_PATH}:/home/robot/robot_ws/install/urdf_tutorial:/home/robot/turtlebot3_ws/install/turtlebot3_teleop:/home/robot/turtlebot3_ws/install/turtlebot3_example:/opt/ros/humble /usr/bin/cmake --build /home/robot/robot_ws/build/pointcloud_to_laserscan -- -j4 -l4
[0.474s] [35m[1mConsolidate compiler generated dependencies of target laserscan_to_pointcloud_node[0m
[0.477s] [35m[1mConsolidate compiler generated dependencies of target pointcloud_to_laserscan_node[0m
[0.486s] [35m[1mConsolidate compiler generated dependencies of target laserscan_to_pointcloud[0m
[0.517s] [ 20%] Built target laserscan_to_pointcloud_node
[0.534s] [ 40%] Built target laserscan_to_pointcloud
[0.547s] [ 60%] Built target pointcloud_to_laserscan_node
[0.600s] [35m[1mConsolidate compiler generated dependencies of target pointcloud_to_laserscan[0m
[0.625s] [ 80%] Built target pointcloud_to_laserscan
[0.656s] [35m[1mConsolidate compiler generated dependencies of target dummy_pointcloud_publisher[0m
[0.699s] [100%] Built target dummy_pointcloud_publisher
[0.919s] Invoked command in '/home/robot/robot_ws/build/pointcloud_to_laserscan' returned '0': CMAKE_PREFIX_PATH=${CMAKE_PREFIX_PATH}:/home/robot/robot_ws/install/urdf_tutorial:/home/robot/turtlebot3_ws/install/turtlebot3_teleop:/home/robot/turtlebot3_ws/install/turtlebot3_example:/opt/ros/humble /usr/bin/cmake --build /home/robot/robot_ws/build/pointcloud_to_laserscan -- -j4 -l4
[1.196s] Invoking command in '/home/robot/robot_ws/build/pointcloud_to_laserscan': CMAKE_PREFIX_PATH=${CMAKE_PREFIX_PATH}:/home/robot/robot_ws/install/urdf_tutorial:/home/robot/turtlebot3_ws/install/turtlebot3_teleop:/home/robot/turtlebot3_ws/install/turtlebot3_example:/opt/ros/humble /usr/bin/cmake --install /home/robot/robot_ws/build/pointcloud_to_laserscan
[1.285s] -- Install configuration: "Debug"
[1.285s] -- Up-to-date: /home/robot/robot_ws/install/pointcloud_to_laserscan/lib/pointcloud_to_laserscan/laserscan_to_pointcloud_node
[1.285s] -- Up-to-date: /home/robot/robot_ws/install/pointcloud_to_laserscan/lib/pointcloud_to_laserscan/pointcloud_to_laserscan_node
[1.285s] -- Up-to-date: /home/robot/robot_ws/install/pointcloud_to_laserscan/include
[1.285s] -- Up-to-date: /home/robot/robot_ws/install/pointcloud_to_laserscan/include/pointcloud_to_laserscan
[1.285s] -- Up-to-date: /home/robot/robot_ws/install/pointcloud_to_laserscan/include/pointcloud_to_laserscan/laserscan_to_pointcloud_node.hpp
[1.285s] -- Up-to-date: /home/robot/robot_ws/install/pointcloud_to_laserscan/include/pointcloud_to_laserscan/pointcloud_to_laserscan_node.hpp
[1.285s] -- Up-to-date: /home/robot/robot_ws/install/pointcloud_to_laserscan/include/pointcloud_to_laserscan/visibility_control.h
[1.285s] -- Up-to-date: /home/robot/robot_ws/install/pointcloud_to_laserscan/share/pointcloud_to_laserscan/environment/library_path.sh
[1.285s] -- Up-to-date: /home/robot/robot_ws/install/pointcloud_to_laserscan/share/pointcloud_to_laserscan/environment/library_path.dsv
[1.285s] -- Up-to-date: /home/robot/robot_ws/install/pointcloud_to_laserscan/lib/liblaserscan_to_pointcloud.so
[1.286s] -- Up-to-date: /home/robot/robot_ws/install/pointcloud_to_laserscan/lib/libpointcloud_to_laserscan.so
[1.286s] -- Up-to-date: /home/robot/robot_ws/install/pointcloud_to_laserscan/lib/pointcloud_to_laserscan/dummy_pointcloud_publisher
[1.286s] -- Up-to-date: /home/robot/robot_ws/install/pointcloud_to_laserscan/share/pointcloud_to_laserscan/launch
[1.286s] -- Up-to-date: /home/robot/robot_ws/install/pointcloud_to_laserscan/share/pointcloud_to_laserscan/launch/sample_laserscan_to_pointcloud_launch.py
[1.286s] -- Up-to-date: /home/robot/robot_ws/install/pointcloud_to_laserscan/share/pointcloud_to_laserscan/launch/sample_pointcloud_to_laserscan_launch.py
[1.286s] -- Up-to-date: /home/robot/robot_ws/install/pointcloud_to_laserscan/share/ament_index/resource_index/package_run_dependencies/pointcloud_to_laserscan
[1.286s] -- Up-to-date: /home/robot/robot_ws/install/pointcloud_to_laserscan/share/ament_index/resource_index/parent_prefix_path/pointcloud_to_laserscan
[1.286s] -- Up-to-date: /home/robot/robot_ws/install/pointcloud_to_laserscan/share/pointcloud_to_laserscan/environment/ament_prefix_path.sh
[1.286s] -- Up-to-date: /home/robot/robot_ws/install/pointcloud_to_laserscan/share/pointcloud_to_laserscan/environment/ament_prefix_path.dsv
[1.286s] -- Up-to-date: /home/robot/robot_ws/install/pointcloud_to_laserscan/share/pointcloud_to_laserscan/environment/path.sh
[1.286s] -- Up-to-date: /home/robot/robot_ws/install/pointcloud_to_laserscan/share/pointcloud_to_laserscan/environment/path.dsv
[1.286s] -- Up-to-date: /home/robot/robot_ws/install/pointcloud_to_laserscan/share/pointcloud_to_laserscan/local_setup.bash
[1.287s] -- Up-to-date: /home/robot/robot_ws/install/pointcloud_to_laserscan/share/pointcloud_to_laserscan/local_setup.sh
[1.287s] -- Up-to-date: /home/robot/robot_ws/install/pointcloud_to_laserscan/share/pointcloud_to_laserscan/local_setup.zsh
[1.287s] -- Up-to-date: /home/robot/robot_ws/install/pointcloud_to_laserscan/share/pointcloud_to_laserscan/local_setup.dsv
[1.287s] -- Installing: /home/robot/robot_ws/install/pointcloud_to_laserscan/share/pointcloud_to_laserscan/package.dsv
[1.287s] -- Up-to-date: /home/robot/robot_ws/install/pointcloud_to_laserscan/share/ament_index/resource_index/packages/pointcloud_to_laserscan
[1.287s] -- Up-to-date: /home/robot/robot_ws/install/pointcloud_to_laserscan/share/ament_index/resource_index/rclcpp_components/pointcloud_to_laserscan
[1.287s] -- Up-to-date: /home/robot/robot_ws/install/pointcloud_to_laserscan/share/pointcloud_to_laserscan/cmake/ament_cmake_export_dependencies-extras.cmake
[1.287s] -- Up-to-date: /home/robot/robot_ws/install/pointcloud_to_laserscan/share/pointcloud_to_laserscan/cmake/ament_cmake_export_include_directories-extras.cmake
[1.287s] -- Up-to-date: /home/robot/robot_ws/install/pointcloud_to_laserscan/share/pointcloud_to_laserscan/cmake/ament_cmake_export_libraries-extras.cmake
[1.287s] -- Up-to-date: /home/robot/robot_ws/install/pointcloud_to_laserscan/share/pointcloud_to_laserscan/cmake/pointcloud_to_laserscanConfig.cmake
[1.287s] -- Up-to-date: /home/robot/robot_ws/install/pointcloud_to_laserscan/share/pointcloud_to_laserscan/cmake/pointcloud_to_laserscanConfig-version.cmake
[1.287s] -- Up-to-date: /home/robot/robot_ws/install/pointcloud_to_laserscan/share/pointcloud_to_laserscan/package.xml
[1.919s] Invoked command in '/home/robot/robot_ws/build/pointcloud_to_laserscan' returned '0': CMAKE_PREFIX_PATH=${CMAKE_PREFIX_PATH}:/home/robot/robot_ws/install/urdf_tutorial:/home/robot/turtlebot3_ws/install/turtlebot3_teleop:/home/robot/turtlebot3_ws/install/turtlebot3_example:/opt/ros/humble /usr/bin/cmake --install /home/robot/robot_ws/build/pointcloud_to_laserscan
