[0.433s] Invoking command in '/home/robot/robot_ws/build/slam_toolbox': CMAKE_PREFIX_PATH=${CMAKE_PREFIX_PATH}:/home/robot/robot_ws/install/urdf_tutorial:/home/robot/turtlebot3_ws/install/turtlebot3_teleop:/home/robot/turtlebot3_ws/install/turtlebot3_example:/opt/ros/humble /usr/bin/cmake --build /home/robot/robot_ws/build/slam_toolbox -- -j4 -l4
[0.611s] [  1%] Built target slam_toolbox__cpp
[0.613s] [ 10%] Built target slam_toolbox__rosidl_generator_c
[0.635s] [ 12%] Built target kartoSlamToolbox
[0.656s] [ 12%] Built target ament_cmake_python_copy_slam_toolbox
[0.676s] [ 20%] Built target slam_toolbox__rosidl_typesupport_introspection_c
[0.710s] [ 29%] Built target slam_toolbox__rosidl_typesupport_fastrtps_c
[0.725s] [ 37%] Built target slam_toolbox__rosidl_typesupport_c
[0.794s] [ 45%] Built target slam_toolbox__rosidl_typesupport_introspection_cpp
[0.826s] [ 53%] Built target slam_toolbox__rosidl_typesupport_cpp
[0.843s] [ 62%] Built target slam_toolbox__rosidl_typesupport_fastrtps_cpp
[0.983s] [ 64%] Built target SlamToolboxPlugin
[0.987s] [ 66%] Built target ceres_solver_plugin
[1.016s] [ 71%] Built target toolbox_common
[1.072s] [ 71%] Built target slam_toolbox
[1.144s] [ 73%] Built target async_slam_toolbox
[1.168s] [ 75%] Built target sync_slam_toolbox
[1.192s] [ 76%] Built target localization_slam_toolbox
[1.279s] [ 77%] Built target lifelong_slam_toolbox
[1.285s] [ 79%] Built target merge_maps_kinematic
[1.353s] [ 79%] Built target slam_toolbox__py
[1.411s] running egg_info
[1.412s] [ 80%] Built target async_slam_toolbox_node
[1.412s] writing slam_toolbox.egg-info/PKG-INFO
[1.412s] writing dependency_links to slam_toolbox.egg-info/dependency_links.txt
[1.412s] writing top-level names to slam_toolbox.egg-info/top_level.txt
[1.414s] [ 81%] Built target sync_slam_toolbox_node
[1.416s] reading manifest file 'slam_toolbox.egg-info/SOURCES.txt'
[1.424s] writing manifest file 'slam_toolbox.egg-info/SOURCES.txt'
[1.461s] [ 83%] Built target localization_slam_toolbox_node
[1.495s] [ 83%] Built target ament_cmake_python_build_slam_toolbox_egg
[1.513s] [ 85%] Built target lifelong_slam_toolbox_node
[1.513s] [ 93%] Built target slam_toolbox__rosidl_generator_py
[1.518s] [ 94%] Built target map_and_localization_slam_toolbox
[1.588s] [ 95%] Built target slam_toolbox__rosidl_typesupport_fastrtps_c__pyext
[1.601s] [ 97%] Built target slam_toolbox__rosidl_typesupport_introspection_c__pyext
[1.610s] [ 99%] Built target slam_toolbox__rosidl_typesupport_c__pyext
[1.626s] [100%] Built target map_and_localization_slam_toolbox_node
[1.749s] Invoked command in '/home/robot/robot_ws/build/slam_toolbox' returned '0': CMAKE_PREFIX_PATH=${CMAKE_PREFIX_PATH}:/home/robot/robot_ws/install/urdf_tutorial:/home/robot/turtlebot3_ws/install/turtlebot3_teleop:/home/robot/turtlebot3_ws/install/turtlebot3_example:/opt/ros/humble /usr/bin/cmake --build /home/robot/robot_ws/build/slam_toolbox -- -j4 -l4
[2.694s] Invoking command in '/home/robot/robot_ws/build/slam_toolbox': CMAKE_PREFIX_PATH=${CMAKE_PREFIX_PATH}:/home/robot/robot_ws/install/urdf_tutorial:/home/robot/turtlebot3_ws/install/turtlebot3_teleop:/home/robot/turtlebot3_ws/install/turtlebot3_example:/opt/ros/humble /usr/bin/cmake --install /home/robot/robot_ws/build/slam_toolbox
[2.708s] -- Install configuration: "Release"
[2.708s] -- Up-to-date: /home/robot/robot_ws/install/slam_toolbox/share/ament_index/resource_index/rosidl_interfaces/slam_toolbox
[2.709s] -- Up-to-date: /home/robot/robot_ws/install/slam_toolbox/include/slam_toolbox/slam_toolbox
[2.709s] -- Up-to-date: /home/robot/robot_ws/install/slam_toolbox/include/slam_toolbox/slam_toolbox/msg
[2.709s] -- Up-to-date: /home/robot/robot_ws/install/slam_toolbox/include/slam_toolbox/slam_toolbox/msg/rosidl_generator_c__visibility_control.h
[2.709s] -- Up-to-date: /home/robot/robot_ws/install/slam_toolbox/include/slam_toolbox/slam_toolbox/srv
[2.709s] -- Up-to-date: /home/robot/robot_ws/install/slam_toolbox/include/slam_toolbox/slam_toolbox/srv/save_map.h
[2.710s] -- Up-to-date: /home/robot/robot_ws/install/slam_toolbox/include/slam_toolbox/slam_toolbox/srv/clear_queue.h
[2.710s] -- Up-to-date: /home/robot/robot_ws/install/slam_toolbox/include/slam_toolbox/slam_toolbox/srv/deserialize_pose_graph.h
[2.710s] -- Up-to-date: /home/robot/robot_ws/install/slam_toolbox/include/slam_toolbox/slam_toolbox/srv/clear.h
[2.710s] -- Up-to-date: /home/robot/robot_ws/install/slam_toolbox/include/slam_toolbox/slam_toolbox/srv/loop_closure.h
[2.710s] -- Up-to-date: /home/robot/robot_ws/install/slam_toolbox/include/slam_toolbox/slam_toolbox/srv/add_submap.h
[2.710s] -- Up-to-date: /home/robot/robot_ws/install/slam_toolbox/include/slam_toolbox/slam_toolbox/srv/merge_maps.h
[2.711s] -- Up-to-date: /home/robot/robot_ws/install/slam_toolbox/include/slam_toolbox/slam_toolbox/srv/detail
[2.711s] -- Up-to-date: /home/robot/robot_ws/install/slam_toolbox/include/slam_toolbox/slam_toolbox/srv/detail/clear__type_support.h
[2.711s] -- Up-to-date: /home/robot/robot_ws/install/slam_toolbox/include/slam_toolbox/slam_toolbox/srv/detail/pause__struct.h
[2.711s] -- Up-to-date: /home/robot/robot_ws/install/slam_toolbox/include/slam_toolbox/slam_toolbox/srv/detail/serialize_pose_graph__type_support.h
[2.711s] -- Up-to-date: /home/robot/robot_ws/install/slam_toolbox/include/slam_toolbox/slam_toolbox/srv/detail/loop_closure__type_support.h
[2.711s] -- Up-to-date: /home/robot/robot_ws/install/slam_toolbox/include/slam_toolbox/slam_toolbox/srv/detail/clear__functions.h
[2.711s] -- Up-to-date: /home/robot/robot_ws/install/slam_toolbox/include/slam_toolbox/slam_toolbox/srv/detail/deserialize_pose_graph__functions.h
[2.711s] -- Up-to-date: /home/robot/robot_ws/install/slam_toolbox/include/slam_toolbox/slam_toolbox/srv/detail/save_map__type_support.h
[2.711s] -- Up-to-date: /home/robot/robot_ws/install/slam_toolbox/include/slam_toolbox/slam_toolbox/srv/detail/pause__functions.h
[2.711s] -- Up-to-date: /home/robot/robot_ws/install/slam_toolbox/include/slam_toolbox/slam_toolbox/srv/detail/clear_queue__type_support.h
[2.712s] -- Up-to-date: /home/robot/robot_ws/install/slam_toolbox/include/slam_toolbox/slam_toolbox/srv/detail/clear__functions.c
[2.712s] -- Up-to-date: /home/robot/robot_ws/install/slam_toolbox/include/slam_toolbox/slam_toolbox/srv/detail/toggle_interactive__functions.c
[2.712s] -- Up-to-date: /home/robot/robot_ws/install/slam_toolbox/include/slam_toolbox/slam_toolbox/srv/detail/deserialize_pose_graph__type_support.h
[2.712s] -- Up-to-date: /home/robot/robot_ws/install/slam_toolbox/include/slam_toolbox/slam_toolbox/srv/detail/merge_maps__struct.h
[2.712s] -- Up-to-date: /home/robot/robot_ws/install/slam_toolbox/include/slam_toolbox/slam_toolbox/srv/detail/loop_closure__struct.h
[2.712s] -- Up-to-date: /home/robot/robot_ws/install/slam_toolbox/include/slam_toolbox/slam_toolbox/srv/detail/pause__functions.c
[2.712s] -- Up-to-date: /home/robot/robot_ws/install/slam_toolbox/include/slam_toolbox/slam_toolbox/srv/detail/serialize_pose_graph__functions.c
[2.712s] -- Up-to-date: /home/robot/robot_ws/install/slam_toolbox/include/slam_toolbox/slam_toolbox/srv/detail/add_submap__functions.c
[2.712s] -- Up-to-date: /home/robot/robot_ws/install/slam_toolbox/include/slam_toolbox/slam_toolbox/srv/detail/clear_queue__functions.c
[2.712s] -- Up-to-date: /home/robot/robot_ws/install/slam_toolbox/include/slam_toolbox/slam_toolbox/srv/detail/serialize_pose_graph__struct.h
[2.712s] -- Up-to-date: /home/robot/robot_ws/install/slam_toolbox/include/slam_toolbox/slam_toolbox/srv/detail/loop_closure__functions.c
[2.712s] -- Up-to-date: /home/robot/robot_ws/install/slam_toolbox/include/slam_toolbox/slam_toolbox/srv/detail/pause__type_support.h
[2.713s] -- Up-to-date: /home/robot/robot_ws/install/slam_toolbox/include/slam_toolbox/slam_toolbox/srv/detail/deserialize_pose_graph__functions.c
[2.713s] -- Up-to-date: /home/robot/robot_ws/install/slam_toolbox/include/slam_toolbox/slam_toolbox/srv/detail/merge_maps__functions.h
[2.713s] -- Up-to-date: /home/robot/robot_ws/install/slam_toolbox/include/slam_toolbox/slam_toolbox/srv/detail/toggle_interactive__type_support.h
[2.713s] -- Up-to-date: /home/robot/robot_ws/install/slam_toolbox/include/slam_toolbox/slam_toolbox/srv/detail/toggle_interactive__functions.h
[2.713s] -- Up-to-date: /home/robot/robot_ws/install/slam_toolbox/include/slam_toolbox/slam_toolbox/srv/detail/serialize_pose_graph__functions.h
[2.713s] -- Up-to-date: /home/robot/robot_ws/install/slam_toolbox/include/slam_toolbox/slam_toolbox/srv/detail/clear__struct.h
[2.713s] -- Up-to-date: /home/robot/robot_ws/install/slam_toolbox/include/slam_toolbox/slam_toolbox/srv/detail/add_submap__struct.h
[2.713s] -- Up-to-date: /home/robot/robot_ws/install/slam_toolbox/include/slam_toolbox/slam_toolbox/srv/detail/merge_maps__functions.c
[2.713s] -- Up-to-date: /home/robot/robot_ws/install/slam_toolbox/include/slam_toolbox/slam_toolbox/srv/detail/save_map__functions.c
[2.713s] -- Up-to-date: /home/robot/robot_ws/install/slam_toolbox/include/slam_toolbox/slam_toolbox/srv/detail/clear_queue__functions.h
[2.713s] -- Up-to-date: /home/robot/robot_ws/install/slam_toolbox/include/slam_toolbox/slam_toolbox/srv/detail/add_submap__functions.h
[2.713s] -- Up-to-date: /home/robot/robot_ws/install/slam_toolbox/include/slam_toolbox/slam_toolbox/srv/detail/save_map__functions.h
[2.714s] -- Up-to-date: /home/robot/robot_ws/install/slam_toolbox/include/slam_toolbox/slam_toolbox/srv/detail/deserialize_pose_graph__struct.h
[2.714s] -- Up-to-date: /home/robot/robot_ws/install/slam_toolbox/include/slam_toolbox/slam_toolbox/srv/detail/loop_closure__functions.h
[2.714s] -- Up-to-date: /home/robot/robot_ws/install/slam_toolbox/include/slam_toolbox/slam_toolbox/srv/detail/add_submap__type_support.h
[2.714s] -- Up-to-date: /home/robot/robot_ws/install/slam_toolbox/include/slam_toolbox/slam_toolbox/srv/detail/merge_maps__type_support.h
[2.714s] -- Up-to-date: /home/robot/robot_ws/install/slam_toolbox/include/slam_toolbox/slam_toolbox/srv/detail/toggle_interactive__struct.h
[2.714s] -- Up-to-date: /home/robot/robot_ws/install/slam_toolbox/include/slam_toolbox/slam_toolbox/srv/detail/clear_queue__struct.h
[2.714s] -- Up-to-date: /home/robot/robot_ws/install/slam_toolbox/include/slam_toolbox/slam_toolbox/srv/detail/save_map__struct.h
[2.714s] -- Up-to-date: /home/robot/robot_ws/install/slam_toolbox/include/slam_toolbox/slam_toolbox/srv/pause.h
[2.714s] -- Up-to-date: /home/robot/robot_ws/install/slam_toolbox/include/slam_toolbox/slam_toolbox/srv/toggle_interactive.h
[2.714s] -- Up-to-date: /home/robot/robot_ws/install/slam_toolbox/include/slam_toolbox/slam_toolbox/srv/serialize_pose_graph.h
[2.714s] -- Up-to-date: /home/robot/robot_ws/install/slam_toolbox/share/slam_toolbox/environment/library_path.sh
[2.714s] -- Up-to-date: /home/robot/robot_ws/install/slam_toolbox/share/slam_toolbox/environment/library_path.dsv
[2.718s] -- Up-to-date: /home/robot/robot_ws/install/slam_toolbox/lib/libslam_toolbox__rosidl_generator_c.so
[2.718s] -- Up-to-date: /home/robot/robot_ws/install/slam_toolbox/include/slam_toolbox/slam_toolbox
[2.718s] -- Up-to-date: /home/robot/robot_ws/install/slam_toolbox/include/slam_toolbox/slam_toolbox/msg
[2.719s] -- Up-to-date: /home/robot/robot_ws/install/slam_toolbox/include/slam_toolbox/slam_toolbox/msg/rosidl_typesupport_fastrtps_c__visibility_control.h
[2.719s] -- Up-to-date: /home/robot/robot_ws/install/slam_toolbox/include/slam_toolbox/slam_toolbox/srv
[2.719s] -- Up-to-date: /home/robot/robot_ws/install/slam_toolbox/include/slam_toolbox/slam_toolbox/srv/detail
[2.719s] -- Up-to-date: /home/robot/robot_ws/install/slam_toolbox/include/slam_toolbox/slam_toolbox/srv/detail/toggle_interactive__rosidl_typesupport_fastrtps_c.h
[2.719s] -- Up-to-date: /home/robot/robot_ws/install/slam_toolbox/include/slam_toolbox/slam_toolbox/srv/detail/save_map__rosidl_typesupport_fastrtps_c.h
[2.719s] -- Up-to-date: /home/robot/robot_ws/install/slam_toolbox/include/slam_toolbox/slam_toolbox/srv/detail/serialize_pose_graph__rosidl_typesupport_fastrtps_c.h
[2.719s] -- Up-to-date: /home/robot/robot_ws/install/slam_toolbox/include/slam_toolbox/slam_toolbox/srv/detail/pause__rosidl_typesupport_fastrtps_c.h
[2.719s] -- Up-to-date: /home/robot/robot_ws/install/slam_toolbox/include/slam_toolbox/slam_toolbox/srv/detail/add_submap__rosidl_typesupport_fastrtps_c.h
[2.719s] -- Up-to-date: /home/robot/robot_ws/install/slam_toolbox/include/slam_toolbox/slam_toolbox/srv/detail/merge_maps__rosidl_typesupport_fastrtps_c.h
[2.719s] -- Up-to-date: /home/robot/robot_ws/install/slam_toolbox/include/slam_toolbox/slam_toolbox/srv/detail/clear_queue__rosidl_typesupport_fastrtps_c.h
[2.719s] -- Up-to-date: /home/robot/robot_ws/install/slam_toolbox/include/slam_toolbox/slam_toolbox/srv/detail/clear__rosidl_typesupport_fastrtps_c.h
[2.719s] -- Up-to-date: /home/robot/robot_ws/install/slam_toolbox/include/slam_toolbox/slam_toolbox/srv/detail/loop_closure__rosidl_typesupport_fastrtps_c.h
[2.720s] -- Up-to-date: /home/robot/robot_ws/install/slam_toolbox/include/slam_toolbox/slam_toolbox/srv/detail/deserialize_pose_graph__rosidl_typesupport_fastrtps_c.h
[2.720s] -- Up-to-date: /home/robot/robot_ws/install/slam_toolbox/lib/libslam_toolbox__rosidl_typesupport_fastrtps_c.so
[2.721s] -- Up-to-date: /home/robot/robot_ws/install/slam_toolbox/include/slam_toolbox/slam_toolbox
[2.721s] -- Up-to-date: /home/robot/robot_ws/install/slam_toolbox/include/slam_toolbox/slam_toolbox/srv
[2.722s] -- Up-to-date: /home/robot/robot_ws/install/slam_toolbox/include/slam_toolbox/slam_toolbox/srv/save_map.hpp
[2.722s] -- Up-to-date: /home/robot/robot_ws/install/slam_toolbox/include/slam_toolbox/slam_toolbox/srv/deserialize_pose_graph.hpp
[2.722s] -- Up-to-date: /home/robot/robot_ws/install/slam_toolbox/include/slam_toolbox/slam_toolbox/srv/add_submap.hpp
[2.723s] -- Up-to-date: /home/robot/robot_ws/install/slam_toolbox/include/slam_toolbox/slam_toolbox/srv/serialize_pose_graph.hpp
[2.723s] -- Up-to-date: /home/robot/robot_ws/install/slam_toolbox/include/slam_toolbox/slam_toolbox/srv/merge_maps.hpp
[2.724s] -- Up-to-date: /home/robot/robot_ws/install/slam_toolbox/include/slam_toolbox/slam_toolbox/srv/pause.hpp
[2.725s] -- Up-to-date: /home/robot/robot_ws/install/slam_toolbox/include/slam_toolbox/slam_toolbox/srv/detail
[2.727s] -- Up-to-date: /home/robot/robot_ws/install/slam_toolbox/include/slam_toolbox/slam_toolbox/srv/detail/merge_maps__traits.hpp
[2.727s] -- Up-to-date: /home/robot/robot_ws/install/slam_toolbox/include/slam_toolbox/slam_toolbox/srv/detail/merge_maps__struct.hpp
[2.728s] -- Up-to-date: /home/robot/robot_ws/install/slam_toolbox/include/slam_toolbox/slam_toolbox/srv/detail/serialize_pose_graph__struct.hpp
[2.728s] -- Up-to-date: /home/robot/robot_ws/install/slam_toolbox/include/slam_toolbox/slam_toolbox/srv/detail/serialize_pose_graph__builder.hpp
[2.729s] -- Up-to-date: /home/robot/robot_ws/install/slam_toolbox/include/slam_toolbox/slam_toolbox/srv/detail/clear__traits.hpp
[2.729s] -- Up-to-date: /home/robot/robot_ws/install/slam_toolbox/include/slam_toolbox/slam_toolbox/srv/detail/save_map__struct.hpp
[2.730s] -- Up-to-date: /home/robot/robot_ws/install/slam_toolbox/include/slam_toolbox/slam_toolbox/srv/detail/loop_closure__traits.hpp
[2.731s] -- Up-to-date: /home/robot/robot_ws/install/slam_toolbox/include/slam_toolbox/slam_toolbox/srv/detail/clear_queue__struct.hpp
[2.731s] -- Up-to-date: /home/robot/robot_ws/install/slam_toolbox/include/slam_toolbox/slam_toolbox/srv/detail/serialize_pose_graph__traits.hpp
[2.731s] -- Up-to-date: /home/robot/robot_ws/install/slam_toolbox/include/slam_toolbox/slam_toolbox/srv/detail/pause__builder.hpp
[2.732s] -- Up-to-date: /home/robot/robot_ws/install/slam_toolbox/include/slam_toolbox/slam_toolbox/srv/detail/add_submap__traits.hpp
[2.732s] -- Up-to-date: /home/robot/robot_ws/install/slam_toolbox/include/slam_toolbox/slam_toolbox/srv/detail/add_submap__builder.hpp
[2.733s] -- Up-to-date: /home/robot/robot_ws/install/slam_toolbox/include/slam_toolbox/slam_toolbox/srv/detail/loop_closure__struct.hpp
[2.733s] -- Up-to-date: /home/robot/robot_ws/install/slam_toolbox/include/slam_toolbox/slam_toolbox/srv/detail/clear_queue__traits.hpp
[2.733s] -- Up-to-date: /home/robot/robot_ws/install/slam_toolbox/include/slam_toolbox/slam_toolbox/srv/detail/toggle_interactive__builder.hpp
[2.735s] -- Up-to-date: /home/robot/robot_ws/install/slam_toolbox/include/slam_toolbox/slam_toolbox/srv/detail/add_submap__struct.hpp
[2.735s] -- Up-to-date: /home/robot/robot_ws/install/slam_toolbox/include/slam_toolbox/slam_toolbox/srv/detail/deserialize_pose_graph__struct.hpp
[2.735s] -- Up-to-date: /home/robot/robot_ws/install/slam_toolbox/include/slam_toolbox/slam_toolbox/srv/detail/pause__traits.hpp
[2.735s] -- Up-to-date: /home/robot/robot_ws/install/slam_toolbox/include/slam_toolbox/slam_toolbox/srv/detail/clear__builder.hpp
[2.735s] -- Up-to-date: /home/robot/robot_ws/install/slam_toolbox/include/slam_toolbox/slam_toolbox/srv/detail/deserialize_pose_graph__builder.hpp
[2.736s] -- Up-to-date: /home/robot/robot_ws/install/slam_toolbox/include/slam_toolbox/slam_toolbox/srv/detail/pause__struct.hpp
[2.736s] -- Up-to-date: /home/robot/robot_ws/install/slam_toolbox/include/slam_toolbox/slam_toolbox/srv/detail/toggle_interactive__struct.hpp
[2.736s] -- Up-to-date: /home/robot/robot_ws/install/slam_toolbox/include/slam_toolbox/slam_toolbox/srv/detail/deserialize_pose_graph__traits.hpp
[2.736s] -- Up-to-date: /home/robot/robot_ws/install/slam_toolbox/include/slam_toolbox/slam_toolbox/srv/detail/clear_queue__builder.hpp
[2.736s] -- Up-to-date: /home/robot/robot_ws/install/slam_toolbox/include/slam_toolbox/slam_toolbox/srv/detail/loop_closure__builder.hpp
[2.736s] -- Up-to-date: /home/robot/robot_ws/install/slam_toolbox/include/slam_toolbox/slam_toolbox/srv/detail/clear__struct.hpp
[2.737s] -- Up-to-date: /home/robot/robot_ws/install/slam_toolbox/include/slam_toolbox/slam_toolbox/srv/detail/merge_maps__builder.hpp
[2.737s] -- Up-to-date: /home/robot/robot_ws/install/slam_toolbox/include/slam_toolbox/slam_toolbox/srv/detail/save_map__builder.hpp
[2.738s] -- Up-to-date: /home/robot/robot_ws/install/slam_toolbox/include/slam_toolbox/slam_toolbox/srv/detail/save_map__traits.hpp
[2.738s] -- Up-to-date: /home/robot/robot_ws/install/slam_toolbox/include/slam_toolbox/slam_toolbox/srv/detail/toggle_interactive__traits.hpp
[2.738s] -- Up-to-date: /home/robot/robot_ws/install/slam_toolbox/include/slam_toolbox/slam_toolbox/srv/clear.hpp
[2.739s] -- Up-to-date: /home/robot/robot_ws/install/slam_toolbox/include/slam_toolbox/slam_toolbox/srv/toggle_interactive.hpp
[2.739s] -- Up-to-date: /home/robot/robot_ws/install/slam_toolbox/include/slam_toolbox/slam_toolbox/srv/clear_queue.hpp
[2.739s] -- Up-to-date: /home/robot/robot_ws/install/slam_toolbox/include/slam_toolbox/slam_toolbox/srv/loop_closure.hpp
[2.740s] -- Up-to-date: /home/robot/robot_ws/install/slam_toolbox/include/slam_toolbox/slam_toolbox
[2.740s] -- Up-to-date: /home/robot/robot_ws/install/slam_toolbox/include/slam_toolbox/slam_toolbox/msg
[2.740s] -- Up-to-date: /home/robot/robot_ws/install/slam_toolbox/include/slam_toolbox/slam_toolbox/msg/rosidl_typesupport_fastrtps_cpp__visibility_control.h
[2.740s] -- Up-to-date: /home/robot/robot_ws/install/slam_toolbox/include/slam_toolbox/slam_toolbox/srv
[2.742s] -- Up-to-date: /home/robot/robot_ws/install/slam_toolbox/include/slam_toolbox/slam_toolbox/srv/detail
[2.743s] -- Up-to-date: /home/robot/robot_ws/install/slam_toolbox/include/slam_toolbox/slam_toolbox/srv/detail/serialize_pose_graph__rosidl_typesupport_fastrtps_cpp.hpp
[2.743s] -- Up-to-date: /home/robot/robot_ws/install/slam_toolbox/include/slam_toolbox/slam_toolbox/srv/detail/toggle_interactive__rosidl_typesupport_fastrtps_cpp.hpp
[2.743s] -- Up-to-date: /home/robot/robot_ws/install/slam_toolbox/include/slam_toolbox/slam_toolbox/srv/detail/pause__rosidl_typesupport_fastrtps_cpp.hpp
[2.743s] -- Up-to-date: /home/robot/robot_ws/install/slam_toolbox/include/slam_toolbox/slam_toolbox/srv/detail/clear__rosidl_typesupport_fastrtps_cpp.hpp
[2.743s] -- Up-to-date: /home/robot/robot_ws/install/slam_toolbox/include/slam_toolbox/slam_toolbox/srv/detail/dds_fastrtps
[2.743s] -- Up-to-date: /home/robot/robot_ws/install/slam_toolbox/include/slam_toolbox/slam_toolbox/srv/detail/merge_maps__rosidl_typesupport_fastrtps_cpp.hpp
[2.743s] -- Up-to-date: /home/robot/robot_ws/install/slam_toolbox/include/slam_toolbox/slam_toolbox/srv/detail/clear_queue__rosidl_typesupport_fastrtps_cpp.hpp
[2.743s] -- Up-to-date: /home/robot/robot_ws/install/slam_toolbox/include/slam_toolbox/slam_toolbox/srv/detail/deserialize_pose_graph__rosidl_typesupport_fastrtps_cpp.hpp
[2.743s] -- Up-to-date: /home/robot/robot_ws/install/slam_toolbox/include/slam_toolbox/slam_toolbox/srv/detail/loop_closure__rosidl_typesupport_fastrtps_cpp.hpp
[2.744s] -- Up-to-date: /home/robot/robot_ws/install/slam_toolbox/include/slam_toolbox/slam_toolbox/srv/detail/save_map__rosidl_typesupport_fastrtps_cpp.hpp
[2.744s] -- Up-to-date: /home/robot/robot_ws/install/slam_toolbox/include/slam_toolbox/slam_toolbox/srv/detail/add_submap__rosidl_typesupport_fastrtps_cpp.hpp
[2.747s] -- Up-to-date: /home/robot/robot_ws/install/slam_toolbox/lib/libslam_toolbox__rosidl_typesupport_fastrtps_cpp.so
[2.747s] -- Up-to-date: /home/robot/robot_ws/install/slam_toolbox/include/slam_toolbox/slam_toolbox
[2.747s] -- Up-to-date: /home/robot/robot_ws/install/slam_toolbox/include/slam_toolbox/slam_toolbox/msg
[2.747s] -- Up-to-date: /home/robot/robot_ws/install/slam_toolbox/include/slam_toolbox/slam_toolbox/msg/rosidl_typesupport_introspection_c__visibility_control.h
[2.747s] -- Up-to-date: /home/robot/robot_ws/install/slam_toolbox/include/slam_toolbox/slam_toolbox/srv
[2.747s] -- Up-to-date: /home/robot/robot_ws/install/slam_toolbox/include/slam_toolbox/slam_toolbox/srv/detail
[2.748s] -- Up-to-date: /home/robot/robot_ws/install/slam_toolbox/include/slam_toolbox/slam_toolbox/srv/detail/save_map__rosidl_typesupport_introspection_c.h
[2.748s] -- Up-to-date: /home/robot/robot_ws/install/slam_toolbox/include/slam_toolbox/slam_toolbox/srv/detail/pause__rosidl_typesupport_introspection_c.h
[2.748s] -- Up-to-date: /home/robot/robot_ws/install/slam_toolbox/include/slam_toolbox/slam_toolbox/srv/detail/add_submap__rosidl_typesupport_introspection_c.h
[2.748s] -- Up-to-date: /home/robot/robot_ws/install/slam_toolbox/include/slam_toolbox/slam_toolbox/srv/detail/loop_closure__rosidl_typesupport_introspection_c.h
[2.748s] -- Up-to-date: /home/robot/robot_ws/install/slam_toolbox/include/slam_toolbox/slam_toolbox/srv/detail/save_map__type_support.c
[2.748s] -- Up-to-date: /home/robot/robot_ws/install/slam_toolbox/include/slam_toolbox/slam_toolbox/srv/detail/pause__type_support.c
[2.748s] -- Up-to-date: /home/robot/robot_ws/install/slam_toolbox/include/slam_toolbox/slam_toolbox/srv/detail/serialize_pose_graph__rosidl_typesupport_introspection_c.h
[2.748s] -- Up-to-date: /home/robot/robot_ws/install/slam_toolbox/include/slam_toolbox/slam_toolbox/srv/detail/clear__rosidl_typesupport_introspection_c.h
[2.748s] -- Up-to-date: /home/robot/robot_ws/install/slam_toolbox/include/slam_toolbox/slam_toolbox/srv/detail/loop_closure__type_support.c
[2.748s] -- Up-to-date: /home/robot/robot_ws/install/slam_toolbox/include/slam_toolbox/slam_toolbox/srv/detail/add_submap__type_support.c
[2.748s] -- Up-to-date: /home/robot/robot_ws/install/slam_toolbox/include/slam_toolbox/slam_toolbox/srv/detail/deserialize_pose_graph__rosidl_typesupport_introspection_c.h
[2.748s] -- Up-to-date: /home/robot/robot_ws/install/slam_toolbox/include/slam_toolbox/slam_toolbox/srv/detail/serialize_pose_graph__type_support.c
[2.749s] -- Up-to-date: /home/robot/robot_ws/install/slam_toolbox/include/slam_toolbox/slam_toolbox/srv/detail/deserialize_pose_graph__type_support.c
[2.749s] -- Up-to-date: /home/robot/robot_ws/install/slam_toolbox/include/slam_toolbox/slam_toolbox/srv/detail/toggle_interactive__rosidl_typesupport_introspection_c.h
[2.749s] -- Up-to-date: /home/robot/robot_ws/install/slam_toolbox/include/slam_toolbox/slam_toolbox/srv/detail/merge_maps__rosidl_typesupport_introspection_c.h
[2.749s] -- Up-to-date: /home/robot/robot_ws/install/slam_toolbox/include/slam_toolbox/slam_toolbox/srv/detail/merge_maps__type_support.c
[2.749s] -- Up-to-date: /home/robot/robot_ws/install/slam_toolbox/include/slam_toolbox/slam_toolbox/srv/detail/toggle_interactive__type_support.c
[2.749s] -- Up-to-date: /home/robot/robot_ws/install/slam_toolbox/include/slam_toolbox/slam_toolbox/srv/detail/clear__type_support.c
[2.749s] -- Up-to-date: /home/robot/robot_ws/install/slam_toolbox/include/slam_toolbox/slam_toolbox/srv/detail/clear_queue__type_support.c
[2.749s] -- Up-to-date: /home/robot/robot_ws/install/slam_toolbox/include/slam_toolbox/slam_toolbox/srv/detail/clear_queue__rosidl_typesupport_introspection_c.h
[2.755s] -- Up-to-date: /home/robot/robot_ws/install/slam_toolbox/lib/libslam_toolbox__rosidl_typesupport_introspection_c.so
[2.766s] -- Up-to-date: /home/robot/robot_ws/install/slam_toolbox/lib/libslam_toolbox__rosidl_typesupport_c.so
[2.766s] -- Up-to-date: /home/robot/robot_ws/install/slam_toolbox/include/slam_toolbox/slam_toolbox
[2.766s] -- Up-to-date: /home/robot/robot_ws/install/slam_toolbox/include/slam_toolbox/slam_toolbox/srv
[2.766s] -- Up-to-date: /home/robot/robot_ws/install/slam_toolbox/include/slam_toolbox/slam_toolbox/srv/detail
[2.766s] -- Up-to-date: /home/robot/robot_ws/install/slam_toolbox/include/slam_toolbox/slam_toolbox/srv/detail/merge_maps__rosidl_typesupport_introspection_cpp.hpp
[2.767s] -- Up-to-date: /home/robot/robot_ws/install/slam_toolbox/include/slam_toolbox/slam_toolbox/srv/detail/save_map__rosidl_typesupport_introspection_cpp.hpp
[2.767s] -- Up-to-date: /home/robot/robot_ws/install/slam_toolbox/include/slam_toolbox/slam_toolbox/srv/detail/clear_queue__type_support.cpp
[2.767s] -- Up-to-date: /home/robot/robot_ws/install/slam_toolbox/include/slam_toolbox/slam_toolbox/srv/detail/pause__type_support.cpp
[2.767s] -- Up-to-date: /home/robot/robot_ws/install/slam_toolbox/include/slam_toolbox/slam_toolbox/srv/detail/deserialize_pose_graph__type_support.cpp
[2.767s] -- Up-to-date: /home/robot/robot_ws/install/slam_toolbox/include/slam_toolbox/slam_toolbox/srv/detail/serialize_pose_graph__type_support.cpp
[2.767s] -- Up-to-date: /home/robot/robot_ws/install/slam_toolbox/include/slam_toolbox/slam_toolbox/srv/detail/pause__rosidl_typesupport_introspection_cpp.hpp
[2.767s] -- Up-to-date: /home/robot/robot_ws/install/slam_toolbox/include/slam_toolbox/slam_toolbox/srv/detail/loop_closure__type_support.cpp
[2.767s] -- Up-to-date: /home/robot/robot_ws/install/slam_toolbox/include/slam_toolbox/slam_toolbox/srv/detail/clear__type_support.cpp
[2.767s] -- Up-to-date: /home/robot/robot_ws/install/slam_toolbox/include/slam_toolbox/slam_toolbox/srv/detail/serialize_pose_graph__rosidl_typesupport_introspection_cpp.hpp
[2.767s] -- Up-to-date: /home/robot/robot_ws/install/slam_toolbox/include/slam_toolbox/slam_toolbox/srv/detail/add_submap__rosidl_typesupport_introspection_cpp.hpp
[2.768s] -- Up-to-date: /home/robot/robot_ws/install/slam_toolbox/include/slam_toolbox/slam_toolbox/srv/detail/clear_queue__rosidl_typesupport_introspection_cpp.hpp
[2.768s] -- Up-to-date: /home/robot/robot_ws/install/slam_toolbox/include/slam_toolbox/slam_toolbox/srv/detail/toggle_interactive__rosidl_typesupport_introspection_cpp.hpp
[2.768s] -- Up-to-date: /home/robot/robot_ws/install/slam_toolbox/include/slam_toolbox/slam_toolbox/srv/detail/save_map__type_support.cpp
[2.768s] -- Up-to-date: /home/robot/robot_ws/install/slam_toolbox/include/slam_toolbox/slam_toolbox/srv/detail/deserialize_pose_graph__rosidl_typesupport_introspection_cpp.hpp
[2.768s] -- Up-to-date: /home/robot/robot_ws/install/slam_toolbox/include/slam_toolbox/slam_toolbox/srv/detail/loop_closure__rosidl_typesupport_introspection_cpp.hpp
[2.768s] -- Up-to-date: /home/robot/robot_ws/install/slam_toolbox/include/slam_toolbox/slam_toolbox/srv/detail/merge_maps__type_support.cpp
[2.768s] -- Up-to-date: /home/robot/robot_ws/install/slam_toolbox/include/slam_toolbox/slam_toolbox/srv/detail/add_submap__type_support.cpp
[2.768s] -- Up-to-date: /home/robot/robot_ws/install/slam_toolbox/include/slam_toolbox/slam_toolbox/srv/detail/toggle_interactive__type_support.cpp
[2.768s] -- Up-to-date: /home/robot/robot_ws/install/slam_toolbox/include/slam_toolbox/slam_toolbox/srv/detail/clear__rosidl_typesupport_introspection_cpp.hpp
[2.774s] -- Up-to-date: /home/robot/robot_ws/install/slam_toolbox/lib/libslam_toolbox__rosidl_typesupport_introspection_cpp.so
[2.776s] -- Up-to-date: /home/robot/robot_ws/install/slam_toolbox/lib/libslam_toolbox__rosidl_typesupport_cpp.so
[2.777s] -- Up-to-date: /home/robot/robot_ws/install/slam_toolbox/share/slam_toolbox/environment/pythonpath.sh
[2.778s] -- Up-to-date: /home/robot/robot_ws/install/slam_toolbox/share/slam_toolbox/environment/pythonpath.dsv
[2.778s] -- Up-to-date: /home/robot/robot_ws/install/slam_toolbox/local/lib/python3.10/dist-packages/slam_toolbox-2.7.0-py3.10.egg-info
[2.779s] -- Installing: /home/robot/robot_ws/install/slam_toolbox/local/lib/python3.10/dist-packages/slam_toolbox-2.7.0-py3.10.egg-info/PKG-INFO
[2.780s] -- Installing: /home/robot/robot_ws/install/slam_toolbox/local/lib/python3.10/dist-packages/slam_toolbox-2.7.0-py3.10.egg-info/top_level.txt
[2.781s] -- Installing: /home/robot/robot_ws/install/slam_toolbox/local/lib/python3.10/dist-packages/slam_toolbox-2.7.0-py3.10.egg-info/dependency_links.txt
[2.782s] -- Installing: /home/robot/robot_ws/install/slam_toolbox/local/lib/python3.10/dist-packages/slam_toolbox-2.7.0-py3.10.egg-info/SOURCES.txt
[2.783s] -- Up-to-date: /home/robot/robot_ws/install/slam_toolbox/local/lib/python3.10/dist-packages/slam_toolbox
[2.784s] -- Up-to-date: /home/robot/robot_ws/install/slam_toolbox/local/lib/python3.10/dist-packages/slam_toolbox/_slam_toolbox_s.ep.rosidl_typesupport_introspection_c.c
[2.784s] -- Up-to-date: /home/robot/robot_ws/install/slam_toolbox/local/lib/python3.10/dist-packages/slam_toolbox/_slam_toolbox_s.ep.rosidl_typesupport_fastrtps_c.c
[2.784s] -- Up-to-date: /home/robot/robot_ws/install/slam_toolbox/local/lib/python3.10/dist-packages/slam_toolbox/slam_toolbox_s__rosidl_typesupport_introspection_c.cpython-310-x86_64-linux-gnu.so
[2.785s] -- Up-to-date: /home/robot/robot_ws/install/slam_toolbox/local/lib/python3.10/dist-packages/slam_toolbox/libslam_toolbox__rosidl_generator_py.so
[2.785s] -- Up-to-date: /home/robot/robot_ws/install/slam_toolbox/local/lib/python3.10/dist-packages/slam_toolbox/__init__.py
[2.785s] -- Up-to-date: /home/robot/robot_ws/install/slam_toolbox/local/lib/python3.10/dist-packages/slam_toolbox/srv
[2.786s] -- Up-to-date: /home/robot/robot_ws/install/slam_toolbox/local/lib/python3.10/dist-packages/slam_toolbox/srv/_toggle_interactive_s.c
[2.786s] -- Up-to-date: /home/robot/robot_ws/install/slam_toolbox/local/lib/python3.10/dist-packages/slam_toolbox/srv/_add_submap.py
[2.786s] -- Up-to-date: /home/robot/robot_ws/install/slam_toolbox/local/lib/python3.10/dist-packages/slam_toolbox/srv/_clear_queue_s.c
[2.787s] -- Up-to-date: /home/robot/robot_ws/install/slam_toolbox/local/lib/python3.10/dist-packages/slam_toolbox/srv/_merge_maps_s.c
[2.787s] -- Up-to-date: /home/robot/robot_ws/install/slam_toolbox/local/lib/python3.10/dist-packages/slam_toolbox/srv/_save_map.py
[2.787s] -- Up-to-date: /home/robot/robot_ws/install/slam_toolbox/local/lib/python3.10/dist-packages/slam_toolbox/srv/_deserialize_pose_graph_s.c
[2.788s] -- Up-to-date: /home/robot/robot_ws/install/slam_toolbox/local/lib/python3.10/dist-packages/slam_toolbox/srv/_serialize_pose_graph_s.c
[2.788s] -- Up-to-date: /home/robot/robot_ws/install/slam_toolbox/local/lib/python3.10/dist-packages/slam_toolbox/srv/_save_map_s.c
[2.788s] -- Up-to-date: /home/robot/robot_ws/install/slam_toolbox/local/lib/python3.10/dist-packages/slam_toolbox/srv/_deserialize_pose_graph.py
[2.789s] -- Up-to-date: /home/robot/robot_ws/install/slam_toolbox/local/lib/python3.10/dist-packages/slam_toolbox/srv/_merge_maps.py
[2.789s] -- Up-to-date: /home/robot/robot_ws/install/slam_toolbox/local/lib/python3.10/dist-packages/slam_toolbox/srv/_serialize_pose_graph.py
[2.790s] -- Up-to-date: /home/robot/robot_ws/install/slam_toolbox/local/lib/python3.10/dist-packages/slam_toolbox/srv/__init__.py
[2.790s] -- Up-to-date: /home/robot/robot_ws/install/slam_toolbox/local/lib/python3.10/dist-packages/slam_toolbox/srv/_loop_closure_s.c
[2.791s] -- Up-to-date: /home/robot/robot_ws/install/slam_toolbox/local/lib/python3.10/dist-packages/slam_toolbox/srv/_clear_queue.py
[2.791s] -- Up-to-date: /home/robot/robot_ws/install/slam_toolbox/local/lib/python3.10/dist-packages/slam_toolbox/srv/_pause.py
[2.791s] -- Up-to-date: /home/robot/robot_ws/install/slam_toolbox/local/lib/python3.10/dist-packages/slam_toolbox/srv/_clear_s.c
[2.792s] -- Up-to-date: /home/robot/robot_ws/install/slam_toolbox/local/lib/python3.10/dist-packages/slam_toolbox/srv/_clear.py
[2.792s] -- Up-to-date: /home/robot/robot_ws/install/slam_toolbox/local/lib/python3.10/dist-packages/slam_toolbox/srv/_loop_closure.py
[2.792s] -- Up-to-date: /home/robot/robot_ws/install/slam_toolbox/local/lib/python3.10/dist-packages/slam_toolbox/srv/_add_submap_s.c
[2.793s] -- Up-to-date: /home/robot/robot_ws/install/slam_toolbox/local/lib/python3.10/dist-packages/slam_toolbox/srv/_pause_s.c
[2.793s] -- Up-to-date: /home/robot/robot_ws/install/slam_toolbox/local/lib/python3.10/dist-packages/slam_toolbox/srv/_toggle_interactive.py
[2.793s] -- Up-to-date: /home/robot/robot_ws/install/slam_toolbox/local/lib/python3.10/dist-packages/slam_toolbox/slam_toolbox_s__rosidl_typesupport_fastrtps_c.cpython-310-x86_64-linux-gnu.so
[2.794s] -- Up-to-date: /home/robot/robot_ws/install/slam_toolbox/local/lib/python3.10/dist-packages/slam_toolbox/_slam_toolbox_s.ep.rosidl_typesupport_c.c
[2.794s] -- Up-to-date: /home/robot/robot_ws/install/slam_toolbox/local/lib/python3.10/dist-packages/slam_toolbox/slam_toolbox_s__rosidl_typesupport_c.cpython-310-x86_64-linux-gnu.so
[2.894s] Listing '/home/robot/robot_ws/install/slam_toolbox/local/lib/python3.10/dist-packages/slam_toolbox'...
[2.894s] Listing '/home/robot/robot_ws/install/slam_toolbox/local/lib/python3.10/dist-packages/slam_toolbox/srv'...
[2.914s] -- Up-to-date: /home/robot/robot_ws/install/slam_toolbox/local/lib/python3.10/dist-packages/slam_toolbox/slam_toolbox_s__rosidl_typesupport_fastrtps_c.cpython-310-x86_64-linux-gnu.so
[2.924s] -- Up-to-date: /home/robot/robot_ws/install/slam_toolbox/local/lib/python3.10/dist-packages/slam_toolbox/slam_toolbox_s__rosidl_typesupport_introspection_c.cpython-310-x86_64-linux-gnu.so
[2.930s] -- Up-to-date: /home/robot/robot_ws/install/slam_toolbox/local/lib/python3.10/dist-packages/slam_toolbox/slam_toolbox_s__rosidl_typesupport_c.cpython-310-x86_64-linux-gnu.so
[2.938s] -- Up-to-date: /home/robot/robot_ws/install/slam_toolbox/lib/libslam_toolbox__rosidl_generator_py.so
[2.938s] -- Up-to-date: /home/robot/robot_ws/install/slam_toolbox/share/slam_toolbox/srv/Pause.idl
[2.938s] -- Up-to-date: /home/robot/robot_ws/install/slam_toolbox/share/slam_toolbox/srv/ClearQueue.idl
[2.938s] -- Up-to-date: /home/robot/robot_ws/install/slam_toolbox/share/slam_toolbox/srv/ToggleInteractive.idl
[2.938s] -- Up-to-date: /home/robot/robot_ws/install/slam_toolbox/share/slam_toolbox/srv/Clear.idl
[2.938s] -- Up-to-date: /home/robot/robot_ws/install/slam_toolbox/share/slam_toolbox/srv/SaveMap.idl
[2.939s] -- Up-to-date: /home/robot/robot_ws/install/slam_toolbox/share/slam_toolbox/srv/LoopClosure.idl
[2.939s] -- Up-to-date: /home/robot/robot_ws/install/slam_toolbox/share/slam_toolbox/srv/MergeMaps.idl
[2.939s] -- Up-to-date: /home/robot/robot_ws/install/slam_toolbox/share/slam_toolbox/srv/AddSubmap.idl
[2.939s] -- Up-to-date: /home/robot/robot_ws/install/slam_toolbox/share/slam_toolbox/srv/DeserializePoseGraph.idl
[2.939s] -- Up-to-date: /home/robot/robot_ws/install/slam_toolbox/share/slam_toolbox/srv/SerializePoseGraph.idl
[2.940s] -- Up-to-date: /home/robot/robot_ws/install/slam_toolbox/share/slam_toolbox/srvs/Pause.srv
[2.940s] -- Up-to-date: /home/robot/robot_ws/install/slam_toolbox/share/slam_toolbox/srvs/Pause_Request.msg
[2.940s] -- Up-to-date: /home/robot/robot_ws/install/slam_toolbox/share/slam_toolbox/srvs/Pause_Response.msg
[2.940s] -- Up-to-date: /home/robot/robot_ws/install/slam_toolbox/share/slam_toolbox/srvs/ClearQueue.srv
[2.940s] -- Up-to-date: /home/robot/robot_ws/install/slam_toolbox/share/slam_toolbox/srvs/ClearQueue_Request.msg
[2.940s] -- Up-to-date: /home/robot/robot_ws/install/slam_toolbox/share/slam_toolbox/srvs/ClearQueue_Response.msg
[2.940s] -- Up-to-date: /home/robot/robot_ws/install/slam_toolbox/share/slam_toolbox/srvs/ToggleInteractive.srv
[2.941s] -- Up-to-date: /home/robot/robot_ws/install/slam_toolbox/share/slam_toolbox/srvs/ToggleInteractive_Request.msg
[2.941s] -- Up-to-date: /home/robot/robot_ws/install/slam_toolbox/share/slam_toolbox/srvs/ToggleInteractive_Response.msg
[2.941s] -- Up-to-date: /home/robot/robot_ws/install/slam_toolbox/share/slam_toolbox/srvs/Clear.srv
[2.941s] -- Up-to-date: /home/robot/robot_ws/install/slam_toolbox/share/slam_toolbox/srvs/Clear_Request.msg
[2.941s] -- Up-to-date: /home/robot/robot_ws/install/slam_toolbox/share/slam_toolbox/srvs/Clear_Response.msg
[2.941s] -- Up-to-date: /home/robot/robot_ws/install/slam_toolbox/share/slam_toolbox/srvs/SaveMap.srv
[2.941s] -- Up-to-date: /home/robot/robot_ws/install/slam_toolbox/share/slam_toolbox/srvs/SaveMap_Request.msg
[2.941s] -- Up-to-date: /home/robot/robot_ws/install/slam_toolbox/share/slam_toolbox/srvs/SaveMap_Response.msg
[2.941s] -- Up-to-date: /home/robot/robot_ws/install/slam_toolbox/share/slam_toolbox/srvs/LoopClosure.srv
[2.942s] -- Up-to-date: /home/robot/robot_ws/install/slam_toolbox/share/slam_toolbox/srvs/LoopClosure_Request.msg
[2.942s] -- Up-to-date: /home/robot/robot_ws/install/slam_toolbox/share/slam_toolbox/srvs/LoopClosure_Response.msg
[2.942s] -- Up-to-date: /home/robot/robot_ws/install/slam_toolbox/share/slam_toolbox/srvs/MergeMaps.srv
[2.942s] -- Up-to-date: /home/robot/robot_ws/install/slam_toolbox/share/slam_toolbox/srvs/MergeMaps_Request.msg
[2.942s] -- Up-to-date: /home/robot/robot_ws/install/slam_toolbox/share/slam_toolbox/srvs/MergeMaps_Response.msg
[2.942s] -- Up-to-date: /home/robot/robot_ws/install/slam_toolbox/share/slam_toolbox/srvs/AddSubmap.srv
[2.942s] -- Up-to-date: /home/robot/robot_ws/install/slam_toolbox/share/slam_toolbox/srvs/AddSubmap_Request.msg
[2.942s] -- Up-to-date: /home/robot/robot_ws/install/slam_toolbox/share/slam_toolbox/srvs/AddSubmap_Response.msg
[2.942s] -- Up-to-date: /home/robot/robot_ws/install/slam_toolbox/share/slam_toolbox/srvs/DeserializePoseGraph.srv
[2.942s] -- Up-to-date: /home/robot/robot_ws/install/slam_toolbox/share/slam_toolbox/srvs/DeserializePoseGraph_Request.msg
[2.942s] -- Up-to-date: /home/robot/robot_ws/install/slam_toolbox/share/slam_toolbox/srvs/DeserializePoseGraph_Response.msg
[2.943s] -- Up-to-date: /home/robot/robot_ws/install/slam_toolbox/share/slam_toolbox/srvs/SerializePoseGraph.srv
[2.943s] -- Up-to-date: /home/robot/robot_ws/install/slam_toolbox/share/slam_toolbox/srvs/SerializePoseGraph_Request.msg
[2.950s] -- Up-to-date: /home/robot/robot_ws/install/slam_toolbox/share/slam_toolbox/srvs/SerializePoseGraph_Response.msg
[2.950s] -- Up-to-date: /home/robot/robot_ws/install/slam_toolbox/share/slam_toolbox/rviz_plugins.xml
[2.950s] -- Up-to-date: /home/robot/robot_ws/install/slam_toolbox/share/slam_toolbox/solver_plugins.xml
[2.950s] -- Up-to-date: /home/robot/robot_ws/install/slam_toolbox/lib/slam_toolbox/async_slam_toolbox_node
[2.956s] -- Up-to-date: /home/robot/robot_ws/install/slam_toolbox/lib/slam_toolbox/sync_slam_toolbox_node
[2.967s] -- Up-to-date: /home/robot/robot_ws/install/slam_toolbox/lib/slam_toolbox/localization_slam_toolbox_node
[2.971s] -- Up-to-date: /home/robot/robot_ws/install/slam_toolbox/lib/slam_toolbox/map_and_localization_slam_toolbox_node
[2.972s] -- Up-to-date: /home/robot/robot_ws/install/slam_toolbox/lib/slam_toolbox/lifelong_slam_toolbox_node
[2.973s] -- Up-to-date: /home/robot/robot_ws/install/slam_toolbox/lib/slam_toolbox/merge_maps_kinematic
[2.974s] -- Up-to-date: /home/robot/robot_ws/install/slam_toolbox/lib/libtoolbox_common.so
[2.975s] -- Up-to-date: /home/robot/robot_ws/install/slam_toolbox/lib/libSlamToolboxPlugin.so
[2.976s] -- Up-to-date: /home/robot/robot_ws/install/slam_toolbox/lib/libceres_solver_plugin.so
[2.976s] -- Up-to-date: /home/robot/robot_ws/install/slam_toolbox/lib/libasync_slam_toolbox.so
[2.982s] -- Up-to-date: /home/robot/robot_ws/install/slam_toolbox/lib/libsync_slam_toolbox.so
[2.983s] -- Up-to-date: /home/robot/robot_ws/install/slam_toolbox/lib/liblocalization_slam_toolbox.so
[2.984s] -- Up-to-date: /home/robot/robot_ws/install/slam_toolbox/lib/liblifelong_slam_toolbox.so
[2.984s] -- Up-to-date: /home/robot/robot_ws/install/slam_toolbox/lib/libmap_and_localization_slam_toolbox.so
[2.985s] -- Up-to-date: /home/robot/robot_ws/install/slam_toolbox/lib/libkartoSlamToolbox.so
[2.986s] -- Up-to-date: /home/robot/robot_ws/install/slam_toolbox/lib/libSlamToolboxPlugin.so
[2.986s] -- Up-to-date: /home/robot/robot_ws/install/slam_toolbox/include
[2.986s] -- Up-to-date: /home/robot/robot_ws/install/slam_toolbox/include/slam_toolbox
[2.986s] -- Up-to-date: /home/robot/robot_ws/install/slam_toolbox/include/slam_toolbox/map_saver.hpp
[2.986s] -- Up-to-date: /home/robot/robot_ws/install/slam_toolbox/include/slam_toolbox/slam_toolbox_sync.hpp
[2.986s] -- Up-to-date: /home/robot/robot_ws/install/slam_toolbox/include/slam_toolbox/toolbox_types.hpp
[2.986s] -- Up-to-date: /home/robot/robot_ws/install/slam_toolbox/include/slam_toolbox/slam_mapper.hpp
[2.987s] -- Up-to-date: /home/robot/robot_ws/install/slam_toolbox/include/slam_toolbox/snap_utils.hpp
[2.987s] -- Up-to-date: /home/robot/robot_ws/install/slam_toolbox/include/slam_toolbox/loop_closure_assistant.hpp
[2.987s] -- Up-to-date: /home/robot/robot_ws/install/slam_toolbox/include/slam_toolbox/visualization_utils.hpp
[2.987s] -- Up-to-date: /home/robot/robot_ws/install/slam_toolbox/include/slam_toolbox/slam_toolbox_async.hpp
[2.987s] -- Up-to-date: /home/robot/robot_ws/install/slam_toolbox/include/slam_toolbox/toolbox_msgs.hpp
[2.987s] -- Up-to-date: /home/robot/robot_ws/install/slam_toolbox/include/slam_toolbox/get_pose_helper.hpp
[2.987s] -- Up-to-date: /home/robot/robot_ws/install/slam_toolbox/include/slam_toolbox/merge_maps_kinematic.hpp
[2.987s] -- Up-to-date: /home/robot/robot_ws/install/slam_toolbox/include/slam_toolbox/experimental
[2.987s] -- Up-to-date: /home/robot/robot_ws/install/slam_toolbox/include/slam_toolbox/experimental/slam_toolbox_lifelong.hpp
[2.987s] -- Up-to-date: /home/robot/robot_ws/install/slam_toolbox/include/slam_toolbox/experimental/slam_toolbox_map_and_localization.hpp
[2.988s] -- Up-to-date: /home/robot/robot_ws/install/slam_toolbox/include/slam_toolbox/slam_toolbox_common.hpp
[2.988s] -- Up-to-date: /home/robot/robot_ws/install/slam_toolbox/include/slam_toolbox/slam_toolbox_localization.hpp
[2.988s] -- Up-to-date: /home/robot/robot_ws/install/slam_toolbox/include/slam_toolbox/serialization.hpp
[2.988s] -- Up-to-date: /home/robot/robot_ws/install/slam_toolbox/include/slam_toolbox/laser_utils.hpp
[2.988s] -- Up-to-date: /home/robot/robot_ws/install/slam_toolbox/share/slam_toolbox/launch
[2.988s] -- Up-to-date: /home/robot/robot_ws/install/slam_toolbox/share/slam_toolbox/launch/offline_launch.py
[2.988s] -- Up-to-date: /home/robot/robot_ws/install/slam_toolbox/share/slam_toolbox/launch/merge_maps_kinematic_launch.py
[2.988s] -- Up-to-date: /home/robot/robot_ws/install/slam_toolbox/share/slam_toolbox/launch/localization_launch.py
[2.988s] -- Up-to-date: /home/robot/robot_ws/install/slam_toolbox/share/slam_toolbox/launch/online_sync_launch.py
[2.988s] -- Up-to-date: /home/robot/robot_ws/install/slam_toolbox/share/slam_toolbox/launch/online_async_launch.py
[2.998s] -- Up-to-date: /home/robot/robot_ws/install/slam_toolbox/share/slam_toolbox/config
[2.998s] -- Up-to-date: /home/robot/robot_ws/install/slam_toolbox/share/slam_toolbox/config/mapper_params_offline.yaml
[2.998s] -- Up-to-date: /home/robot/robot_ws/install/slam_toolbox/share/slam_toolbox/config/mapper_params_online_async.yaml
[2.999s] -- Up-to-date: /home/robot/robot_ws/install/slam_toolbox/share/slam_toolbox/config/slam_toolbox_default.rviz
[2.999s] -- Up-to-date: /home/robot/robot_ws/install/slam_toolbox/share/slam_toolbox/config/mapper_params_localization.yaml
[2.999s] -- Up-to-date: /home/robot/robot_ws/install/slam_toolbox/share/slam_toolbox/config/mapper_params_online_sync.yaml
[2.999s] -- Up-to-date: /home/robot/robot_ws/install/slam_toolbox/share/slam_toolbox/config/mapper_params_lifelong.yaml
[2.999s] -- Up-to-date: /home/robot/robot_ws/install/slam_toolbox/share/solver_plugins.xml
[2.999s] -- Up-to-date: /home/robot/robot_ws/install/slam_toolbox/share/rviz_plugins.xml
[2.999s] -- Up-to-date: /home/robot/robot_ws/install/slam_toolbox/share/ament_index/resource_index/package_run_dependencies/slam_toolbox
[2.999s] -- Up-to-date: /home/robot/robot_ws/install/slam_toolbox/share/ament_index/resource_index/parent_prefix_path/slam_toolbox
[2.999s] -- Up-to-date: /home/robot/robot_ws/install/slam_toolbox/share/slam_toolbox/environment/ament_prefix_path.sh
[2.999s] -- Up-to-date: /home/robot/robot_ws/install/slam_toolbox/share/slam_toolbox/environment/ament_prefix_path.dsv
[2.999s] -- Up-to-date: /home/robot/robot_ws/install/slam_toolbox/share/slam_toolbox/environment/path.sh
[3.000s] -- Up-to-date: /home/robot/robot_ws/install/slam_toolbox/share/slam_toolbox/environment/path.dsv
[3.000s] -- Up-to-date: /home/robot/robot_ws/install/slam_toolbox/share/slam_toolbox/local_setup.bash
[3.000s] -- Up-to-date: /home/robot/robot_ws/install/slam_toolbox/share/slam_toolbox/local_setup.sh
[3.000s] -- Up-to-date: /home/robot/robot_ws/install/slam_toolbox/share/slam_toolbox/local_setup.zsh
[3.000s] -- Up-to-date: /home/robot/robot_ws/install/slam_toolbox/share/slam_toolbox/local_setup.dsv
[3.000s] -- Installing: /home/robot/robot_ws/install/slam_toolbox/share/slam_toolbox/package.dsv
[3.000s] -- Up-to-date: /home/robot/robot_ws/install/slam_toolbox/share/ament_index/resource_index/packages/slam_toolbox
[3.000s] -- Up-to-date: /home/robot/robot_ws/install/slam_toolbox/share/ament_index/resource_index/rviz_common__pluginlib__plugin/slam_toolbox
[3.000s] -- Up-to-date: /home/robot/robot_ws/install/slam_toolbox/share/ament_index/resource_index/slam_toolbox__pluginlib__plugin/slam_toolbox
[3.002s] -- Up-to-date: /home/robot/robot_ws/install/slam_toolbox/share/slam_toolbox/cmake/export_slam_toolbox__rosidl_generator_cExport.cmake
[3.002s] -- Up-to-date: /home/robot/robot_ws/install/slam_toolbox/share/slam_toolbox/cmake/export_slam_toolbox__rosidl_generator_cExport-release.cmake
[3.002s] -- Up-to-date: /home/robot/robot_ws/install/slam_toolbox/share/slam_toolbox/cmake/export_slam_toolbox__rosidl_typesupport_fastrtps_cExport.cmake
[3.002s] -- Up-to-date: /home/robot/robot_ws/install/slam_toolbox/share/slam_toolbox/cmake/export_slam_toolbox__rosidl_typesupport_fastrtps_cExport-release.cmake
[3.003s] -- Up-to-date: /home/robot/robot_ws/install/slam_toolbox/share/slam_toolbox/cmake/export_slam_toolbox__rosidl_generator_cppExport.cmake
[3.003s] -- Up-to-date: /home/robot/robot_ws/install/slam_toolbox/share/slam_toolbox/cmake/export_slam_toolbox__rosidl_typesupport_fastrtps_cppExport.cmake
[3.004s] -- Up-to-date: /home/robot/robot_ws/install/slam_toolbox/share/slam_toolbox/cmake/export_slam_toolbox__rosidl_typesupport_fastrtps_cppExport-release.cmake
[3.004s] -- Up-to-date: /home/robot/robot_ws/install/slam_toolbox/share/slam_toolbox/cmake/slam_toolbox__rosidl_typesupport_introspection_cExport.cmake
[3.004s] -- Up-to-date: /home/robot/robot_ws/install/slam_toolbox/share/slam_toolbox/cmake/slam_toolbox__rosidl_typesupport_introspection_cExport-release.cmake
[3.004s] -- Up-to-date: /home/robot/robot_ws/install/slam_toolbox/share/slam_toolbox/cmake/slam_toolbox__rosidl_typesupport_cExport.cmake
[3.005s] -- Up-to-date: /home/robot/robot_ws/install/slam_toolbox/share/slam_toolbox/cmake/slam_toolbox__rosidl_typesupport_cExport-release.cmake
[3.005s] -- Up-to-date: /home/robot/robot_ws/install/slam_toolbox/share/slam_toolbox/cmake/slam_toolbox__rosidl_typesupport_introspection_cppExport.cmake
[3.005s] -- Up-to-date: /home/robot/robot_ws/install/slam_toolbox/share/slam_toolbox/cmake/slam_toolbox__rosidl_typesupport_introspection_cppExport-release.cmake
[3.006s] -- Up-to-date: /home/robot/robot_ws/install/slam_toolbox/share/slam_toolbox/cmake/slam_toolbox__rosidl_typesupport_cppExport.cmake
[3.006s] -- Up-to-date: /home/robot/robot_ws/install/slam_toolbox/share/slam_toolbox/cmake/slam_toolbox__rosidl_typesupport_cppExport-release.cmake
[3.006s] -- Up-to-date: /home/robot/robot_ws/install/slam_toolbox/share/slam_toolbox/cmake/export_slam_toolbox__rosidl_generator_pyExport.cmake
[3.006s] -- Up-to-date: /home/robot/robot_ws/install/slam_toolbox/share/slam_toolbox/cmake/export_slam_toolbox__rosidl_generator_pyExport-release.cmake
[3.007s] -- Up-to-date: /home/robot/robot_ws/install/slam_toolbox/share/slam_toolbox/cmake/SlamToolboxPluginExport.cmake
[3.008s] -- Up-to-date: /home/robot/robot_ws/install/slam_toolbox/share/slam_toolbox/cmake/SlamToolboxPluginExport-release.cmake
[3.008s] -- Up-to-date: /home/robot/robot_ws/install/slam_toolbox/share/ament_index/resource_index/rclcpp_components/slam_toolbox
[3.008s] -- Up-to-date: /home/robot/robot_ws/install/slam_toolbox/share/slam_toolbox/cmake/rosidl_cmake-extras.cmake
[3.008s] -- Up-to-date: /home/robot/robot_ws/install/slam_toolbox/share/slam_toolbox/cmake/ament_cmake_export_dependencies-extras.cmake
[3.011s] -- Up-to-date: /home/robot/robot_ws/install/slam_toolbox/share/slam_toolbox/cmake/ament_cmake_export_include_directories-extras.cmake
[3.013s] -- Up-to-date: /home/robot/robot_ws/install/slam_toolbox/share/slam_toolbox/cmake/ament_cmake_export_libraries-extras.cmake
[3.013s] -- Up-to-date: /home/robot/robot_ws/install/slam_toolbox/share/slam_toolbox/cmake/ament_cmake_export_targets-extras.cmake
[3.013s] -- Up-to-date: /home/robot/robot_ws/install/slam_toolbox/share/slam_toolbox/cmake/rosidl_cmake_export_typesupport_targets-extras.cmake
[3.013s] -- Up-to-date: /home/robot/robot_ws/install/slam_toolbox/share/slam_toolbox/cmake/rosidl_cmake_export_typesupport_libraries-extras.cmake
[3.014s] -- Up-to-date: /home/robot/robot_ws/install/slam_toolbox/share/slam_toolbox/cmake/slam_toolboxConfig.cmake
[3.014s] -- Up-to-date: /home/robot/robot_ws/install/slam_toolbox/share/slam_toolbox/cmake/slam_toolboxConfig-version.cmake
[3.014s] -- Up-to-date: /home/robot/robot_ws/install/slam_toolbox/share/slam_toolbox/package.xml
[3.014s] -- Up-to-date: /home/robot/robot_ws/install/slam_toolbox/include/
[3.014s] -- Up-to-date: /home/robot/robot_ws/install/slam_toolbox/include//karto_sdk
[3.014s] -- Up-to-date: /home/robot/robot_ws/install/slam_toolbox/include//karto_sdk/Math.h
[3.014s] -- Up-to-date: /home/robot/robot_ws/install/slam_toolbox/include//karto_sdk/nanoflann.hpp
[3.014s] -- Up-to-date: /home/robot/robot_ws/install/slam_toolbox/include//karto_sdk/Karto.h
[3.014s] -- Up-to-date: /home/robot/robot_ws/install/slam_toolbox/include//karto_sdk/nanoflann_adaptors.h
[3.014s] -- Up-to-date: /home/robot/robot_ws/install/slam_toolbox/include//karto_sdk/Types.h
[3.014s] -- Up-to-date: /home/robot/robot_ws/install/slam_toolbox/include//karto_sdk/Macros.h
[3.014s] -- Up-to-date: /home/robot/robot_ws/install/slam_toolbox/include//karto_sdk/Mapper.h
[3.054s] Invoked command in '/home/robot/robot_ws/build/slam_toolbox' returned '0': CMAKE_PREFIX_PATH=${CMAKE_PREFIX_PATH}:/home/robot/robot_ws/install/urdf_tutorial:/home/robot/turtlebot3_ws/install/turtlebot3_teleop:/home/robot/turtlebot3_ws/install/turtlebot3_example:/opt/ros/humble /usr/bin/cmake --install /home/robot/robot_ws/build/slam_toolbox
