[0.385s] Invoking command in '/home/robot/robot_ws/build/pointcloud_to_laserscan': CMAKE_PREFIX_PATH=${CMAKE_PREFIX_PATH}:/home/robot/robot_ws/install/urdf_tutorial:/home/robot/turtlebot3_ws/install/turtlebot3_teleop:/home/robot/turtlebot3_ws/install/turtlebot3_example:/opt/ros/humble /usr/bin/cmake --build /home/robot/robot_ws/build/pointcloud_to_laserscan -- -j4 -l4
[0.573s] [ 20%] Built target laserscan_to_pointcloud_node
[0.673s] [ 40%] Built target laserscan_to_pointcloud
[0.673s] [ 60%] Built target pointcloud_to_laserscan_node
[0.732s] [ 80%] Built target pointcloud_to_laserscan
[0.828s] [100%] Built target dummy_pointcloud_publisher
[1.701s] Invoked command in '/home/robot/robot_ws/build/pointcloud_to_laserscan' returned '0': CMAKE_PREFIX_PATH=${CMAKE_PREFIX_PATH}:/home/robot/robot_ws/install/urdf_tutorial:/home/robot/turtlebot3_ws/install/turtlebot3_teleop:/home/robot/turtlebot3_ws/install/turtlebot3_example:/opt/ros/humble /usr/bin/cmake --build /home/robot/robot_ws/build/pointcloud_to_laserscan -- -j4 -l4
[2.509s] Invoking command in '/home/robot/robot_ws/build/pointcloud_to_laserscan': CMAKE_PREFIX_PATH=${CMAKE_PREFIX_PATH}:/home/robot/robot_ws/install/urdf_tutorial:/home/robot/turtlebot3_ws/install/turtlebot3_teleop:/home/robot/turtlebot3_ws/install/turtlebot3_example:/opt/ros/humble /usr/bin/cmake --install /home/robot/robot_ws/build/pointcloud_to_laserscan
[4.073s] -- Install configuration: "Debug"
[4.073s] -- Execute custom install script
[4.073s] -- Up-to-date symlink: /home/robot/robot_ws/install/pointcloud_to_laserscan/lib/pointcloud_to_laserscan/laserscan_to_pointcloud_node
[4.073s] -- Up-to-date symlink: /home/robot/robot_ws/install/pointcloud_to_laserscan/lib/pointcloud_to_laserscan/pointcloud_to_laserscan_node
[4.073s] -- Up-to-date symlink: /home/robot/robot_ws/install/pointcloud_to_laserscan/include/pointcloud_to_laserscan/laserscan_to_pointcloud_node.hpp
[4.073s] -- Up-to-date symlink: /home/robot/robot_ws/install/pointcloud_to_laserscan/include/pointcloud_to_laserscan/pointcloud_to_laserscan_node.hpp
[4.073s] -- Up-to-date symlink: /home/robot/robot_ws/install/pointcloud_to_laserscan/include/pointcloud_to_laserscan/visibility_control.h
[4.074s] -- Up-to-date symlink: /home/robot/robot_ws/install/pointcloud_to_laserscan/share/pointcloud_to_laserscan/environment/library_path.sh
[4.074s] -- Up-to-date symlink: /home/robot/robot_ws/install/pointcloud_to_laserscan/share/pointcloud_to_laserscan/environment/library_path.dsv
[4.074s] -- Up-to-date symlink: /home/robot/robot_ws/install/pointcloud_to_laserscan/lib/liblaserscan_to_pointcloud.so
[4.074s] -- Up-to-date symlink: /home/robot/robot_ws/install/pointcloud_to_laserscan/lib/libpointcloud_to_laserscan.so
[4.074s] -- Up-to-date symlink: /home/robot/robot_ws/install/pointcloud_to_laserscan/lib/pointcloud_to_laserscan/dummy_pointcloud_publisher
[4.074s] -- Up-to-date symlink: /home/robot/robot_ws/install/pointcloud_to_laserscan/share/pointcloud_to_laserscan/launch/sample_laserscan_to_pointcloud_launch.py
[4.074s] -- Up-to-date symlink: /home/robot/robot_ws/install/pointcloud_to_laserscan/share/pointcloud_to_laserscan/launch/sample_pointcloud_to_laserscan_launch.py
[4.075s] -- Up-to-date symlink: /home/robot/robot_ws/install/pointcloud_to_laserscan/share/ament_index/resource_index/package_run_dependencies/pointcloud_to_laserscan
[4.075s] -- Up-to-date symlink: /home/robot/robot_ws/install/pointcloud_to_laserscan/share/ament_index/resource_index/parent_prefix_path/pointcloud_to_laserscan
[4.075s] -- Up-to-date symlink: /home/robot/robot_ws/install/pointcloud_to_laserscan/share/pointcloud_to_laserscan/environment/ament_prefix_path.sh
[4.075s] -- Up-to-date symlink: /home/robot/robot_ws/install/pointcloud_to_laserscan/share/pointcloud_to_laserscan/environment/ament_prefix_path.dsv
[4.075s] -- Up-to-date symlink: /home/robot/robot_ws/install/pointcloud_to_laserscan/share/pointcloud_to_laserscan/environment/path.sh
[4.075s] -- Up-to-date symlink: /home/robot/robot_ws/install/pointcloud_to_laserscan/share/pointcloud_to_laserscan/environment/path.dsv
[4.075s] -- Up-to-date symlink: /home/robot/robot_ws/install/pointcloud_to_laserscan/share/pointcloud_to_laserscan/local_setup.bash
[4.075s] -- Up-to-date symlink: /home/robot/robot_ws/install/pointcloud_to_laserscan/share/pointcloud_to_laserscan/local_setup.sh
[4.075s] -- Up-to-date symlink: /home/robot/robot_ws/install/pointcloud_to_laserscan/share/pointcloud_to_laserscan/local_setup.zsh
[4.075s] -- Up-to-date symlink: /home/robot/robot_ws/install/pointcloud_to_laserscan/share/pointcloud_to_laserscan/local_setup.dsv
[4.075s] -- Symlinking: /home/robot/robot_ws/install/pointcloud_to_laserscan/share/pointcloud_to_laserscan/package.dsv
[4.075s] -- Up-to-date symlink: /home/robot/robot_ws/install/pointcloud_to_laserscan/share/ament_index/resource_index/packages/pointcloud_to_laserscan
[4.076s] -- Up-to-date symlink: /home/robot/robot_ws/install/pointcloud_to_laserscan/share/ament_index/resource_index/rclcpp_components/pointcloud_to_laserscan
[4.076s] -- Up-to-date symlink: /home/robot/robot_ws/install/pointcloud_to_laserscan/share/pointcloud_to_laserscan/cmake/ament_cmake_export_dependencies-extras.cmake
[4.076s] -- Up-to-date symlink: /home/robot/robot_ws/install/pointcloud_to_laserscan/share/pointcloud_to_laserscan/cmake/ament_cmake_export_include_directories-extras.cmake
[4.076s] -- Up-to-date symlink: /home/robot/robot_ws/install/pointcloud_to_laserscan/share/pointcloud_to_laserscan/cmake/ament_cmake_export_libraries-extras.cmake
[4.076s] -- Up-to-date symlink: /home/robot/robot_ws/install/pointcloud_to_laserscan/share/pointcloud_to_laserscan/cmake/pointcloud_to_laserscanConfig.cmake
[4.076s] -- Up-to-date symlink: /home/robot/robot_ws/install/pointcloud_to_laserscan/share/pointcloud_to_laserscan/cmake/pointcloud_to_laserscanConfig-version.cmake
[4.076s] -- Up-to-date symlink: /home/robot/robot_ws/install/pointcloud_to_laserscan/share/pointcloud_to_laserscan/package.xml
[4.082s] Invoked command in '/home/robot/robot_ws/build/pointcloud_to_laserscan' returned '0': CMAKE_PREFIX_PATH=${CMAKE_PREFIX_PATH}:/home/robot/robot_ws/install/urdf_tutorial:/home/robot/turtlebot3_ws/install/turtlebot3_teleop:/home/robot/turtlebot3_ws/install/turtlebot3_example:/opt/ros/humble /usr/bin/cmake --install /home/robot/robot_ws/build/pointcloud_to_laserscan
