[0.982s] Invoking command in '/home/robot/robot_ws/build/ldlidar_stl_ros2': CMAKE_PREFIX_PATH=${CMAKE_PREFIX_PATH}:/home/robot/robot_ws/install/urdf_tutorial:/home/robot/turtlebot3_ws/install/turtlebot3_teleop:/home/robot/turtlebot3_ws/install/turtlebot3_example:/opt/ros/humble /usr/bin/cmake --build /home/robot/robot_ws/build/ldlidar_stl_ros2 -- -j4 -l4
[1.232s] [100%] Built target ldlidar_stl_ros2_node
[1.776s] Invoked command in '/home/robot/robot_ws/build/ldlidar_stl_ros2' returned '0': CMAKE_PREFIX_PATH=${CMAKE_PREFIX_PATH}:/home/robot/robot_ws/install/urdf_tutorial:/home/robot/turtlebot3_ws/install/turtlebot3_teleop:/home/robot/turtlebot3_ws/install/turtlebot3_example:/opt/ros/humble /usr/bin/cmake --build /home/robot/robot_ws/build/ldlidar_stl_ros2 -- -j4 -l4
[2.186s] Invoking command in '/home/robot/robot_ws/build/ldlidar_stl_ros2': CMAKE_PREFIX_PATH=${CMAKE_PREFIX_PATH}:/home/robot/robot_ws/install/urdf_tutorial:/home/robot/turtlebot3_ws/install/turtlebot3_teleop:/home/robot/turtlebot3_ws/install/turtlebot3_example:/opt/ros/humble /usr/bin/cmake --install /home/robot/robot_ws/build/ldlidar_stl_ros2
[2.203s] -- Install configuration: ""
[2.206s] -- Up-to-date: /home/robot/robot_ws/install/ldlidar_stl_ros2/lib/ldlidar_stl_ros2/ldlidar_stl_ros2_node
[2.207s] -- Up-to-date: /home/robot/robot_ws/install/ldlidar_stl_ros2/share/ldlidar_stl_ros2//launch
[2.207s] -- Up-to-date: /home/robot/robot_ws/install/ldlidar_stl_ros2/share/ldlidar_stl_ros2//launch/viewer_ld19.launch.py
[2.207s] -- Up-to-date: /home/robot/robot_ws/install/ldlidar_stl_ros2/share/ldlidar_stl_ros2//launch/ld19.launch.py
[2.207s] -- Up-to-date: /home/robot/robot_ws/install/ldlidar_stl_ros2/share/ldlidar_stl_ros2//launch/viewer_stl27l.launch.py
[2.207s] -- Up-to-date: /home/robot/robot_ws/install/ldlidar_stl_ros2/share/ldlidar_stl_ros2//launch/ld06.launch.py
[2.210s] -- Up-to-date: /home/robot/robot_ws/install/ldlidar_stl_ros2/share/ldlidar_stl_ros2//launch/stl27l.launch.py
[2.211s] -- Up-to-date: /home/robot/robot_ws/install/ldlidar_stl_ros2/share/ldlidar_stl_ros2//launch/viewer_ld06.launch.py
[2.213s] -- Up-to-date: /home/robot/robot_ws/install/ldlidar_stl_ros2/share/ldlidar_stl_ros2//rviz2
[2.213s] -- Up-to-date: /home/robot/robot_ws/install/ldlidar_stl_ros2/share/ldlidar_stl_ros2//rviz2/ldlidar.rviz
[2.215s] -- Up-to-date: /home/robot/robot_ws/install/ldlidar_stl_ros2/share/ament_index/resource_index/package_run_dependencies/ldlidar_stl_ros2
[2.215s] -- Up-to-date: /home/robot/robot_ws/install/ldlidar_stl_ros2/share/ament_index/resource_index/parent_prefix_path/ldlidar_stl_ros2
[2.216s] -- Up-to-date: /home/robot/robot_ws/install/ldlidar_stl_ros2/share/ldlidar_stl_ros2/environment/ament_prefix_path.sh
[2.218s] -- Up-to-date: /home/robot/robot_ws/install/ldlidar_stl_ros2/share/ldlidar_stl_ros2/environment/ament_prefix_path.dsv
[2.218s] -- Up-to-date: /home/robot/robot_ws/install/ldlidar_stl_ros2/share/ldlidar_stl_ros2/environment/path.sh
[2.219s] -- Up-to-date: /home/robot/robot_ws/install/ldlidar_stl_ros2/share/ldlidar_stl_ros2/environment/path.dsv
[2.220s] -- Up-to-date: /home/robot/robot_ws/install/ldlidar_stl_ros2/share/ldlidar_stl_ros2/local_setup.bash
[2.220s] -- Up-to-date: /home/robot/robot_ws/install/ldlidar_stl_ros2/share/ldlidar_stl_ros2/local_setup.sh
[2.220s] -- Up-to-date: /home/robot/robot_ws/install/ldlidar_stl_ros2/share/ldlidar_stl_ros2/local_setup.zsh
[2.221s] -- Up-to-date: /home/robot/robot_ws/install/ldlidar_stl_ros2/share/ldlidar_stl_ros2/local_setup.dsv
[2.221s] -- Installing: /home/robot/robot_ws/install/ldlidar_stl_ros2/share/ldlidar_stl_ros2/package.dsv
[2.224s] -- Up-to-date: /home/robot/robot_ws/install/ldlidar_stl_ros2/share/ament_index/resource_index/packages/ldlidar_stl_ros2
[2.224s] -- Up-to-date: /home/robot/robot_ws/install/ldlidar_stl_ros2/share/ldlidar_stl_ros2/cmake/ldlidar_stl_ros2Config.cmake
[2.224s] -- Up-to-date: /home/robot/robot_ws/install/ldlidar_stl_ros2/share/ldlidar_stl_ros2/cmake/ldlidar_stl_ros2Config-version.cmake
[2.225s] -- Up-to-date: /home/robot/robot_ws/install/ldlidar_stl_ros2/share/ldlidar_stl_ros2/package.xml
[2.236s] Invoked command in '/home/robot/robot_ws/build/ldlidar_stl_ros2' returned '0': CMAKE_PREFIX_PATH=${CMAKE_PREFIX_PATH}:/home/robot/robot_ws/install/urdf_tutorial:/home/robot/turtlebot3_ws/install/turtlebot3_teleop:/home/robot/turtlebot3_ws/install/turtlebot3_example:/opt/ros/humble /usr/bin/cmake --install /home/robot/robot_ws/build/ldlidar_stl_ros2
