[0.137s] Invoking command in '/home/robot/robot_ws/build/ld08_driver': CMAKE_PREFIX_PATH=${CMAKE_PREFIX_PATH}:/home/robot/robot_ws/install/urdf_tutorial:/home/robot/turtlebot3_ws/install/turtlebot3_teleop:/home/robot/turtlebot3_ws/install/turtlebot3_example:/opt/ros/humble /usr/bin/cmake --build /home/robot/robot_ws/build/ld08_driver -- -j4 -l4
[0.238s] [100%] Built target ld08_driver
[0.257s] Invoked command in '/home/robot/robot_ws/build/ld08_driver' returned '0': CMAKE_PREFIX_PATH=${CMAKE_PREFIX_PATH}:/home/robot/robot_ws/install/urdf_tutorial:/home/robot/turtlebot3_ws/install/turtlebot3_teleop:/home/robot/turtlebot3_ws/install/turtlebot3_example:/opt/ros/humble /usr/bin/cmake --build /home/robot/robot_ws/build/ld08_driver -- -j4 -l4
[0.376s] Invoking command in '/home/robot/robot_ws/build/ld08_driver': CMAKE_PREFIX_PATH=${CMAKE_PREFIX_PATH}:/home/robot/robot_ws/install/urdf_tutorial:/home/robot/turtlebot3_ws/install/turtlebot3_teleop:/home/robot/turtlebot3_ws/install/turtlebot3_example:/opt/ros/humble /usr/bin/cmake --install /home/robot/robot_ws/build/ld08_driver
[0.387s] -- Install configuration: "Debug"
[0.387s] -- Up-to-date: /home/robot/robot_ws/install/ld08_driver/share/ld08_driver/launch
[0.387s] -- Up-to-date: /home/robot/robot_ws/install/ld08_driver/share/ld08_driver/launch/ld08.launch.py
[0.387s] -- Up-to-date: /home/robot/robot_ws/install/ld08_driver/lib/ld08_driver/ld08_driver
[0.387s] -- Up-to-date: /home/robot/robot_ws/install/ld08_driver/share/ament_index/resource_index/package_run_dependencies/ld08_driver
[0.387s] -- Up-to-date: /home/robot/robot_ws/install/ld08_driver/share/ament_index/resource_index/parent_prefix_path/ld08_driver
[0.387s] -- Up-to-date: /home/robot/robot_ws/install/ld08_driver/share/ld08_driver/environment/ament_prefix_path.sh
[0.388s] -- Up-to-date: /home/robot/robot_ws/install/ld08_driver/share/ld08_driver/environment/ament_prefix_path.dsv
[0.388s] -- Up-to-date: /home/robot/robot_ws/install/ld08_driver/share/ld08_driver/environment/path.sh
[0.388s] -- Up-to-date: /home/robot/robot_ws/install/ld08_driver/share/ld08_driver/environment/path.dsv
[0.388s] -- Up-to-date: /home/robot/robot_ws/install/ld08_driver/share/ld08_driver/local_setup.bash
[0.388s] -- Up-to-date: /home/robot/robot_ws/install/ld08_driver/share/ld08_driver/local_setup.sh
[0.388s] -- Up-to-date: /home/robot/robot_ws/install/ld08_driver/share/ld08_driver/local_setup.zsh
[0.388s] -- Up-to-date: /home/robot/robot_ws/install/ld08_driver/share/ld08_driver/local_setup.dsv
[0.388s] -- Installing: /home/robot/robot_ws/install/ld08_driver/share/ld08_driver/package.dsv
[0.388s] -- Up-to-date: /home/robot/robot_ws/install/ld08_driver/share/ament_index/resource_index/packages/ld08_driver
[0.389s] -- Up-to-date: /home/robot/robot_ws/install/ld08_driver/share/ld08_driver/cmake/ament_cmake_export_dependencies-extras.cmake
[0.389s] -- Up-to-date: /home/robot/robot_ws/install/ld08_driver/share/ld08_driver/cmake/ament_cmake_export_include_directories-extras.cmake
[0.389s] -- Up-to-date: /home/robot/robot_ws/install/ld08_driver/share/ld08_driver/cmake/ld08_driverConfig.cmake
[0.389s] -- Up-to-date: /home/robot/robot_ws/install/ld08_driver/share/ld08_driver/cmake/ld08_driverConfig-version.cmake
[0.389s] -- Up-to-date: /home/robot/robot_ws/install/ld08_driver/share/ld08_driver/package.xml
[0.395s] Invoked command in '/home/robot/robot_ws/build/ld08_driver' returned '0': CMAKE_PREFIX_PATH=${CMAKE_PREFIX_PATH}:/home/robot/robot_ws/install/urdf_tutorial:/home/robot/turtlebot3_ws/install/turtlebot3_teleop:/home/robot/turtlebot3_ws/install/turtlebot3_example:/opt/ros/humble /usr/bin/cmake --install /home/robot/robot_ws/build/ld08_driver
